[2025-12-13T10:16:03.489+0000] {processor.py:186} INFO - Started process (PID=83) to work on /home/airflow/.local/lib/python3.12/site-packages/airflow/example_dags/example_trigger_target_dag.py
[2025-12-13T10:16:03.491+0000] {processor.py:914} INFO - Processing file /home/airflow/.local/lib/python3.12/site-packages/airflow/example_dags/example_trigger_target_dag.py for tasks to queue
[2025-12-13T10:16:03.501+0000] {logging_mixin.py:190} INFO - [2025-12-13T10:16:03.500+0000] {dagbag.py:588} INFO - Filling up the DagBag from /home/airflow/.local/lib/python3.12/site-packages/airflow/example_dags/example_trigger_target_dag.py
[2025-12-13T10:16:03.545+0000] {processor.py:925} INFO - DAG(s) 'example_trigger_target_dag' retrieved from /home/airflow/.local/lib/python3.12/site-packages/airflow/example_dags/example_trigger_target_dag.py
[2025-12-13T10:16:03.915+0000] {logging_mixin.py:190} INFO - [2025-12-13T10:16:03.913+0000] {override.py:1911} INFO - Created Permission View: can edit on DAG:example_trigger_target_dag
[2025-12-13T10:16:03.963+0000] {logging_mixin.py:190} INFO - [2025-12-13T10:16:03.962+0000] {override.py:1911} INFO - Created Permission View: can delete on DAG:example_trigger_target_dag
[2025-12-13T10:16:03.997+0000] {logging_mixin.py:190} INFO - [2025-12-13T10:16:03.997+0000] {override.py:1911} INFO - Created Permission View: can read on DAG:example_trigger_target_dag
[2025-12-13T10:16:04.017+0000] {logging_mixin.py:190} INFO - [2025-12-13T10:16:04.017+0000] {override.py:1911} INFO - Created Permission View: can create on DAG Run:example_trigger_target_dag
[2025-12-13T10:16:04.050+0000] {logging_mixin.py:190} INFO - [2025-12-13T10:16:04.049+0000] {override.py:1911} INFO - Created Permission View: can delete on DAG Run:example_trigger_target_dag
[2025-12-13T10:16:04.094+0000] {logging_mixin.py:190} INFO - [2025-12-13T10:16:04.093+0000] {override.py:1911} INFO - Created Permission View: menu access on DAG Run:example_trigger_target_dag
[2025-12-13T10:16:04.139+0000] {logging_mixin.py:190} INFO - [2025-12-13T10:16:04.138+0000] {override.py:1911} INFO - Created Permission View: can read on DAG Run:example_trigger_target_dag
[2025-12-13T10:16:04.144+0000] {logging_mixin.py:190} INFO - [2025-12-13T10:16:04.142+0000] {dag.py:3239} INFO - Sync 1 DAGs
[2025-12-13T10:16:04.225+0000] {logging_mixin.py:190} INFO - [2025-12-13T10:16:04.224+0000] {dag.py:3262} INFO - Creating ORM DAG for example_trigger_target_dag
[2025-12-13T10:16:04.232+0000] {logging_mixin.py:190} INFO - [2025-12-13T10:16:04.229+0000] {dag.py:4180} INFO - Setting next_dagrun for example_trigger_target_dag to None, run_after=None
[2025-12-13T10:16:04.300+0000] {processor.py:208} INFO - Processing /home/airflow/.local/lib/python3.12/site-packages/airflow/example_dags/example_trigger_target_dag.py took 0.826 seconds
[2025-12-13T10:16:35.156+0000] {processor.py:186} INFO - Started process (PID=145) to work on /home/airflow/.local/lib/python3.12/site-packages/airflow/example_dags/example_trigger_target_dag.py
[2025-12-13T10:16:35.157+0000] {processor.py:914} INFO - Processing file /home/airflow/.local/lib/python3.12/site-packages/airflow/example_dags/example_trigger_target_dag.py for tasks to queue
[2025-12-13T10:16:35.164+0000] {logging_mixin.py:190} INFO - [2025-12-13T10:16:35.163+0000] {dagbag.py:588} INFO - Filling up the DagBag from /home/airflow/.local/lib/python3.12/site-packages/airflow/example_dags/example_trigger_target_dag.py
[2025-12-13T10:16:35.179+0000] {processor.py:925} INFO - DAG(s) 'example_trigger_target_dag' retrieved from /home/airflow/.local/lib/python3.12/site-packages/airflow/example_dags/example_trigger_target_dag.py
[2025-12-13T10:16:35.217+0000] {logging_mixin.py:190} INFO - [2025-12-13T10:16:35.216+0000] {dag.py:3239} INFO - Sync 1 DAGs
[2025-12-13T10:16:35.249+0000] {logging_mixin.py:190} INFO - [2025-12-13T10:16:35.248+0000] {dag.py:4180} INFO - Setting next_dagrun for example_trigger_target_dag to None, run_after=None
[2025-12-13T10:16:35.280+0000] {processor.py:208} INFO - Processing /home/airflow/.local/lib/python3.12/site-packages/airflow/example_dags/example_trigger_target_dag.py took 0.137 seconds
[2025-12-13T10:17:05.707+0000] {processor.py:186} INFO - Started process (PID=208) to work on /home/airflow/.local/lib/python3.12/site-packages/airflow/example_dags/example_trigger_target_dag.py
[2025-12-13T10:17:05.709+0000] {processor.py:914} INFO - Processing file /home/airflow/.local/lib/python3.12/site-packages/airflow/example_dags/example_trigger_target_dag.py for tasks to queue
[2025-12-13T10:17:05.714+0000] {logging_mixin.py:190} INFO - [2025-12-13T10:17:05.713+0000] {dagbag.py:588} INFO - Filling up the DagBag from /home/airflow/.local/lib/python3.12/site-packages/airflow/example_dags/example_trigger_target_dag.py
[2025-12-13T10:17:05.744+0000] {processor.py:925} INFO - DAG(s) 'example_trigger_target_dag' retrieved from /home/airflow/.local/lib/python3.12/site-packages/airflow/example_dags/example_trigger_target_dag.py
[2025-12-13T10:17:05.799+0000] {logging_mixin.py:190} INFO - [2025-12-13T10:17:05.798+0000] {dag.py:3239} INFO - Sync 1 DAGs
[2025-12-13T10:17:05.836+0000] {logging_mixin.py:190} INFO - [2025-12-13T10:17:05.835+0000] {dag.py:4180} INFO - Setting next_dagrun for example_trigger_target_dag to None, run_after=None
[2025-12-13T10:17:05.875+0000] {processor.py:208} INFO - Processing /home/airflow/.local/lib/python3.12/site-packages/airflow/example_dags/example_trigger_target_dag.py took 0.199 seconds
[2025-12-13T10:17:36.321+0000] {processor.py:186} INFO - Started process (PID=270) to work on /home/airflow/.local/lib/python3.12/site-packages/airflow/example_dags/example_trigger_target_dag.py
[2025-12-13T10:17:36.324+0000] {processor.py:914} INFO - Processing file /home/airflow/.local/lib/python3.12/site-packages/airflow/example_dags/example_trigger_target_dag.py for tasks to queue
[2025-12-13T10:17:36.327+0000] {logging_mixin.py:190} INFO - [2025-12-13T10:17:36.327+0000] {dagbag.py:588} INFO - Filling up the DagBag from /home/airflow/.local/lib/python3.12/site-packages/airflow/example_dags/example_trigger_target_dag.py
[2025-12-13T10:17:36.342+0000] {processor.py:925} INFO - DAG(s) 'example_trigger_target_dag' retrieved from /home/airflow/.local/lib/python3.12/site-packages/airflow/example_dags/example_trigger_target_dag.py
[2025-12-13T10:17:36.382+0000] {logging_mixin.py:190} INFO - [2025-12-13T10:17:36.382+0000] {dag.py:3239} INFO - Sync 1 DAGs
[2025-12-13T10:17:36.406+0000] {logging_mixin.py:190} INFO - [2025-12-13T10:17:36.406+0000] {dag.py:4180} INFO - Setting next_dagrun for example_trigger_target_dag to None, run_after=None
[2025-12-13T10:17:36.438+0000] {processor.py:208} INFO - Processing /home/airflow/.local/lib/python3.12/site-packages/airflow/example_dags/example_trigger_target_dag.py took 0.130 seconds
[2025-12-13T10:18:06.579+0000] {processor.py:186} INFO - Started process (PID=333) to work on /home/airflow/.local/lib/python3.12/site-packages/airflow/example_dags/example_trigger_target_dag.py
[2025-12-13T10:18:06.580+0000] {processor.py:914} INFO - Processing file /home/airflow/.local/lib/python3.12/site-packages/airflow/example_dags/example_trigger_target_dag.py for tasks to queue
[2025-12-13T10:18:06.584+0000] {logging_mixin.py:190} INFO - [2025-12-13T10:18:06.584+0000] {dagbag.py:588} INFO - Filling up the DagBag from /home/airflow/.local/lib/python3.12/site-packages/airflow/example_dags/example_trigger_target_dag.py
[2025-12-13T10:18:06.594+0000] {processor.py:925} INFO - DAG(s) 'example_trigger_target_dag' retrieved from /home/airflow/.local/lib/python3.12/site-packages/airflow/example_dags/example_trigger_target_dag.py
[2025-12-13T10:18:06.627+0000] {logging_mixin.py:190} INFO - [2025-12-13T10:18:06.626+0000] {dag.py:3239} INFO - Sync 1 DAGs
[2025-12-13T10:18:06.653+0000] {logging_mixin.py:190} INFO - [2025-12-13T10:18:06.653+0000] {dag.py:4180} INFO - Setting next_dagrun for example_trigger_target_dag to None, run_after=None
[2025-12-13T10:18:06.681+0000] {processor.py:208} INFO - Processing /home/airflow/.local/lib/python3.12/site-packages/airflow/example_dags/example_trigger_target_dag.py took 0.115 seconds
[2025-12-13T10:18:37.072+0000] {processor.py:186} INFO - Started process (PID=396) to work on /home/airflow/.local/lib/python3.12/site-packages/airflow/example_dags/example_trigger_target_dag.py
[2025-12-13T10:18:37.073+0000] {processor.py:914} INFO - Processing file /home/airflow/.local/lib/python3.12/site-packages/airflow/example_dags/example_trigger_target_dag.py for tasks to queue
[2025-12-13T10:18:37.077+0000] {logging_mixin.py:190} INFO - [2025-12-13T10:18:37.076+0000] {dagbag.py:588} INFO - Filling up the DagBag from /home/airflow/.local/lib/python3.12/site-packages/airflow/example_dags/example_trigger_target_dag.py
[2025-12-13T10:18:37.092+0000] {processor.py:925} INFO - DAG(s) 'example_trigger_target_dag' retrieved from /home/airflow/.local/lib/python3.12/site-packages/airflow/example_dags/example_trigger_target_dag.py
[2025-12-13T10:18:37.131+0000] {logging_mixin.py:190} INFO - [2025-12-13T10:18:37.130+0000] {dag.py:3239} INFO - Sync 1 DAGs
[2025-12-13T10:18:37.157+0000] {logging_mixin.py:190} INFO - [2025-12-13T10:18:37.155+0000] {dag.py:4180} INFO - Setting next_dagrun for example_trigger_target_dag to None, run_after=None
[2025-12-13T10:18:37.196+0000] {processor.py:208} INFO - Processing /home/airflow/.local/lib/python3.12/site-packages/airflow/example_dags/example_trigger_target_dag.py took 0.139 seconds
[2025-12-13T10:19:08.111+0000] {processor.py:186} INFO - Started process (PID=459) to work on /home/airflow/.local/lib/python3.12/site-packages/airflow/example_dags/example_trigger_target_dag.py
[2025-12-13T10:19:08.112+0000] {processor.py:914} INFO - Processing file /home/airflow/.local/lib/python3.12/site-packages/airflow/example_dags/example_trigger_target_dag.py for tasks to queue
[2025-12-13T10:19:08.117+0000] {logging_mixin.py:190} INFO - [2025-12-13T10:19:08.116+0000] {dagbag.py:588} INFO - Filling up the DagBag from /home/airflow/.local/lib/python3.12/site-packages/airflow/example_dags/example_trigger_target_dag.py
[2025-12-13T10:19:08.129+0000] {processor.py:925} INFO - DAG(s) 'example_trigger_target_dag' retrieved from /home/airflow/.local/lib/python3.12/site-packages/airflow/example_dags/example_trigger_target_dag.py
[2025-12-13T10:19:08.176+0000] {logging_mixin.py:190} INFO - [2025-12-13T10:19:08.175+0000] {dag.py:3239} INFO - Sync 1 DAGs
[2025-12-13T10:19:08.205+0000] {logging_mixin.py:190} INFO - [2025-12-13T10:19:08.205+0000] {dag.py:4180} INFO - Setting next_dagrun for example_trigger_target_dag to None, run_after=None
[2025-12-13T10:19:08.236+0000] {processor.py:208} INFO - Processing /home/airflow/.local/lib/python3.12/site-packages/airflow/example_dags/example_trigger_target_dag.py took 0.138 seconds
[2025-12-13T10:19:38.411+0000] {processor.py:186} INFO - Started process (PID=522) to work on /home/airflow/.local/lib/python3.12/site-packages/airflow/example_dags/example_trigger_target_dag.py
[2025-12-13T10:19:38.428+0000] {processor.py:914} INFO - Processing file /home/airflow/.local/lib/python3.12/site-packages/airflow/example_dags/example_trigger_target_dag.py for tasks to queue
[2025-12-13T10:19:38.443+0000] {logging_mixin.py:190} INFO - [2025-12-13T10:19:38.443+0000] {dagbag.py:588} INFO - Filling up the DagBag from /home/airflow/.local/lib/python3.12/site-packages/airflow/example_dags/example_trigger_target_dag.py
[2025-12-13T10:19:38.507+0000] {processor.py:925} INFO - DAG(s) 'example_trigger_target_dag' retrieved from /home/airflow/.local/lib/python3.12/site-packages/airflow/example_dags/example_trigger_target_dag.py
[2025-12-13T10:19:38.601+0000] {logging_mixin.py:190} INFO - [2025-12-13T10:19:38.600+0000] {dag.py:3239} INFO - Sync 1 DAGs
[2025-12-13T10:19:38.641+0000] {logging_mixin.py:190} INFO - [2025-12-13T10:19:38.640+0000] {dag.py:4180} INFO - Setting next_dagrun for example_trigger_target_dag to None, run_after=None
[2025-12-13T10:19:38.704+0000] {processor.py:208} INFO - Processing /home/airflow/.local/lib/python3.12/site-packages/airflow/example_dags/example_trigger_target_dag.py took 0.344 seconds
[2025-12-13T10:20:09.505+0000] {processor.py:186} INFO - Started process (PID=584) to work on /home/airflow/.local/lib/python3.12/site-packages/airflow/example_dags/example_trigger_target_dag.py
[2025-12-13T10:20:09.506+0000] {processor.py:914} INFO - Processing file /home/airflow/.local/lib/python3.12/site-packages/airflow/example_dags/example_trigger_target_dag.py for tasks to queue
[2025-12-13T10:20:09.511+0000] {logging_mixin.py:190} INFO - [2025-12-13T10:20:09.510+0000] {dagbag.py:588} INFO - Filling up the DagBag from /home/airflow/.local/lib/python3.12/site-packages/airflow/example_dags/example_trigger_target_dag.py
[2025-12-13T10:20:09.527+0000] {processor.py:925} INFO - DAG(s) 'example_trigger_target_dag' retrieved from /home/airflow/.local/lib/python3.12/site-packages/airflow/example_dags/example_trigger_target_dag.py
[2025-12-13T10:20:09.572+0000] {logging_mixin.py:190} INFO - [2025-12-13T10:20:09.571+0000] {dag.py:3239} INFO - Sync 1 DAGs
[2025-12-13T10:20:09.608+0000] {logging_mixin.py:190} INFO - [2025-12-13T10:20:09.607+0000] {dag.py:4180} INFO - Setting next_dagrun for example_trigger_target_dag to None, run_after=None
[2025-12-13T10:20:09.647+0000] {processor.py:208} INFO - Processing /home/airflow/.local/lib/python3.12/site-packages/airflow/example_dags/example_trigger_target_dag.py took 0.157 seconds
[2025-12-13T10:20:39.784+0000] {processor.py:186} INFO - Started process (PID=647) to work on /home/airflow/.local/lib/python3.12/site-packages/airflow/example_dags/example_trigger_target_dag.py
[2025-12-13T10:20:39.787+0000] {processor.py:914} INFO - Processing file /home/airflow/.local/lib/python3.12/site-packages/airflow/example_dags/example_trigger_target_dag.py for tasks to queue
[2025-12-13T10:20:39.791+0000] {logging_mixin.py:190} INFO - [2025-12-13T10:20:39.790+0000] {dagbag.py:588} INFO - Filling up the DagBag from /home/airflow/.local/lib/python3.12/site-packages/airflow/example_dags/example_trigger_target_dag.py
[2025-12-13T10:20:39.806+0000] {processor.py:925} INFO - DAG(s) 'example_trigger_target_dag' retrieved from /home/airflow/.local/lib/python3.12/site-packages/airflow/example_dags/example_trigger_target_dag.py
[2025-12-13T10:20:39.843+0000] {logging_mixin.py:190} INFO - [2025-12-13T10:20:39.843+0000] {dag.py:3239} INFO - Sync 1 DAGs
[2025-12-13T10:20:39.876+0000] {logging_mixin.py:190} INFO - [2025-12-13T10:20:39.875+0000] {dag.py:4180} INFO - Setting next_dagrun for example_trigger_target_dag to None, run_after=None
[2025-12-13T10:20:39.904+0000] {processor.py:208} INFO - Processing /home/airflow/.local/lib/python3.12/site-packages/airflow/example_dags/example_trigger_target_dag.py took 0.133 seconds
[2025-12-13T10:21:09.972+0000] {processor.py:186} INFO - Started process (PID=710) to work on /home/airflow/.local/lib/python3.12/site-packages/airflow/example_dags/example_trigger_target_dag.py
[2025-12-13T10:21:09.973+0000] {processor.py:914} INFO - Processing file /home/airflow/.local/lib/python3.12/site-packages/airflow/example_dags/example_trigger_target_dag.py for tasks to queue
[2025-12-13T10:21:09.978+0000] {logging_mixin.py:190} INFO - [2025-12-13T10:21:09.977+0000] {dagbag.py:588} INFO - Filling up the DagBag from /home/airflow/.local/lib/python3.12/site-packages/airflow/example_dags/example_trigger_target_dag.py
[2025-12-13T10:21:09.998+0000] {processor.py:925} INFO - DAG(s) 'example_trigger_target_dag' retrieved from /home/airflow/.local/lib/python3.12/site-packages/airflow/example_dags/example_trigger_target_dag.py
[2025-12-13T10:21:10.045+0000] {logging_mixin.py:190} INFO - [2025-12-13T10:21:10.044+0000] {dag.py:3239} INFO - Sync 1 DAGs
[2025-12-13T10:21:10.093+0000] {logging_mixin.py:190} INFO - [2025-12-13T10:21:10.093+0000] {dag.py:4180} INFO - Setting next_dagrun for example_trigger_target_dag to None, run_after=None
[2025-12-13T10:21:10.170+0000] {processor.py:208} INFO - Processing /home/airflow/.local/lib/python3.12/site-packages/airflow/example_dags/example_trigger_target_dag.py took 0.210 seconds
[2025-12-13T10:21:40.239+0000] {processor.py:186} INFO - Started process (PID=773) to work on /home/airflow/.local/lib/python3.12/site-packages/airflow/example_dags/example_trigger_target_dag.py
[2025-12-13T10:21:40.241+0000] {processor.py:914} INFO - Processing file /home/airflow/.local/lib/python3.12/site-packages/airflow/example_dags/example_trigger_target_dag.py for tasks to queue
[2025-12-13T10:21:40.244+0000] {logging_mixin.py:190} INFO - [2025-12-13T10:21:40.244+0000] {dagbag.py:588} INFO - Filling up the DagBag from /home/airflow/.local/lib/python3.12/site-packages/airflow/example_dags/example_trigger_target_dag.py
[2025-12-13T10:21:40.260+0000] {processor.py:925} INFO - DAG(s) 'example_trigger_target_dag' retrieved from /home/airflow/.local/lib/python3.12/site-packages/airflow/example_dags/example_trigger_target_dag.py
[2025-12-13T10:21:40.295+0000] {logging_mixin.py:190} INFO - [2025-12-13T10:21:40.295+0000] {dag.py:3239} INFO - Sync 1 DAGs
[2025-12-13T10:21:40.325+0000] {logging_mixin.py:190} INFO - [2025-12-13T10:21:40.324+0000] {dag.py:4180} INFO - Setting next_dagrun for example_trigger_target_dag to None, run_after=None
[2025-12-13T10:21:40.362+0000] {processor.py:208} INFO - Processing /home/airflow/.local/lib/python3.12/site-packages/airflow/example_dags/example_trigger_target_dag.py took 0.135 seconds
[2025-12-13T10:22:11.514+0000] {processor.py:186} INFO - Started process (PID=834) to work on /home/airflow/.local/lib/python3.12/site-packages/airflow/example_dags/example_trigger_target_dag.py
[2025-12-13T10:22:11.521+0000] {processor.py:914} INFO - Processing file /home/airflow/.local/lib/python3.12/site-packages/airflow/example_dags/example_trigger_target_dag.py for tasks to queue
[2025-12-13T10:22:11.532+0000] {logging_mixin.py:190} INFO - [2025-12-13T10:22:11.531+0000] {dagbag.py:588} INFO - Filling up the DagBag from /home/airflow/.local/lib/python3.12/site-packages/airflow/example_dags/example_trigger_target_dag.py
[2025-12-13T10:22:11.559+0000] {processor.py:925} INFO - DAG(s) 'example_trigger_target_dag' retrieved from /home/airflow/.local/lib/python3.12/site-packages/airflow/example_dags/example_trigger_target_dag.py
[2025-12-13T10:22:11.636+0000] {logging_mixin.py:190} INFO - [2025-12-13T10:22:11.635+0000] {dag.py:3239} INFO - Sync 1 DAGs
[2025-12-13T10:22:11.668+0000] {logging_mixin.py:190} INFO - [2025-12-13T10:22:11.668+0000] {dag.py:4180} INFO - Setting next_dagrun for example_trigger_target_dag to None, run_after=None
[2025-12-13T10:22:11.704+0000] {processor.py:208} INFO - Processing /home/airflow/.local/lib/python3.12/site-packages/airflow/example_dags/example_trigger_target_dag.py took 0.204 seconds
[2025-12-13T10:22:45.621+0000] {processor.py:186} INFO - Started process (PID=903) to work on /home/airflow/.local/lib/python3.12/site-packages/airflow/example_dags/example_trigger_target_dag.py
[2025-12-13T10:22:45.627+0000] {processor.py:914} INFO - Processing file /home/airflow/.local/lib/python3.12/site-packages/airflow/example_dags/example_trigger_target_dag.py for tasks to queue
[2025-12-13T10:22:45.643+0000] {logging_mixin.py:190} INFO - [2025-12-13T10:22:45.633+0000] {dagbag.py:588} INFO - Filling up the DagBag from /home/airflow/.local/lib/python3.12/site-packages/airflow/example_dags/example_trigger_target_dag.py
[2025-12-13T10:22:45.689+0000] {processor.py:925} INFO - DAG(s) 'example_trigger_target_dag' retrieved from /home/airflow/.local/lib/python3.12/site-packages/airflow/example_dags/example_trigger_target_dag.py
[2025-12-13T10:22:45.764+0000] {logging_mixin.py:190} INFO - [2025-12-13T10:22:45.763+0000] {dag.py:3239} INFO - Sync 1 DAGs
[2025-12-13T10:22:45.798+0000] {logging_mixin.py:190} INFO - [2025-12-13T10:22:45.797+0000] {dag.py:4180} INFO - Setting next_dagrun for example_trigger_target_dag to None, run_after=None
[2025-12-13T10:22:45.847+0000] {processor.py:208} INFO - Processing /home/airflow/.local/lib/python3.12/site-packages/airflow/example_dags/example_trigger_target_dag.py took 0.282 seconds
[2025-12-13T10:23:16.710+0000] {processor.py:186} INFO - Started process (PID=966) to work on /home/airflow/.local/lib/python3.12/site-packages/airflow/example_dags/example_trigger_target_dag.py
[2025-12-13T10:23:16.711+0000] {processor.py:914} INFO - Processing file /home/airflow/.local/lib/python3.12/site-packages/airflow/example_dags/example_trigger_target_dag.py for tasks to queue
[2025-12-13T10:23:16.714+0000] {logging_mixin.py:190} INFO - [2025-12-13T10:23:16.714+0000] {dagbag.py:588} INFO - Filling up the DagBag from /home/airflow/.local/lib/python3.12/site-packages/airflow/example_dags/example_trigger_target_dag.py
[2025-12-13T10:23:16.726+0000] {processor.py:925} INFO - DAG(s) 'example_trigger_target_dag' retrieved from /home/airflow/.local/lib/python3.12/site-packages/airflow/example_dags/example_trigger_target_dag.py
[2025-12-13T10:23:16.759+0000] {logging_mixin.py:190} INFO - [2025-12-13T10:23:16.759+0000] {dag.py:3239} INFO - Sync 1 DAGs
[2025-12-13T10:23:16.786+0000] {logging_mixin.py:190} INFO - [2025-12-13T10:23:16.786+0000] {dag.py:4180} INFO - Setting next_dagrun for example_trigger_target_dag to None, run_after=None
[2025-12-13T10:23:16.815+0000] {processor.py:208} INFO - Processing /home/airflow/.local/lib/python3.12/site-packages/airflow/example_dags/example_trigger_target_dag.py took 0.117 seconds
[2025-12-13T10:23:47.471+0000] {processor.py:186} INFO - Started process (PID=1029) to work on /home/airflow/.local/lib/python3.12/site-packages/airflow/example_dags/example_trigger_target_dag.py
[2025-12-13T10:23:47.473+0000] {processor.py:914} INFO - Processing file /home/airflow/.local/lib/python3.12/site-packages/airflow/example_dags/example_trigger_target_dag.py for tasks to queue
[2025-12-13T10:23:47.476+0000] {logging_mixin.py:190} INFO - [2025-12-13T10:23:47.475+0000] {dagbag.py:588} INFO - Filling up the DagBag from /home/airflow/.local/lib/python3.12/site-packages/airflow/example_dags/example_trigger_target_dag.py
[2025-12-13T10:23:47.489+0000] {processor.py:925} INFO - DAG(s) 'example_trigger_target_dag' retrieved from /home/airflow/.local/lib/python3.12/site-packages/airflow/example_dags/example_trigger_target_dag.py
[2025-12-13T10:23:47.521+0000] {logging_mixin.py:190} INFO - [2025-12-13T10:23:47.521+0000] {dag.py:3239} INFO - Sync 1 DAGs
[2025-12-13T10:23:47.543+0000] {logging_mixin.py:190} INFO - [2025-12-13T10:23:47.543+0000] {dag.py:4180} INFO - Setting next_dagrun for example_trigger_target_dag to None, run_after=None
[2025-12-13T10:23:47.574+0000] {processor.py:208} INFO - Processing /home/airflow/.local/lib/python3.12/site-packages/airflow/example_dags/example_trigger_target_dag.py took 0.116 seconds
[2025-12-13T10:24:18.347+0000] {processor.py:186} INFO - Started process (PID=1092) to work on /home/airflow/.local/lib/python3.12/site-packages/airflow/example_dags/example_trigger_target_dag.py
[2025-12-13T10:24:18.348+0000] {processor.py:914} INFO - Processing file /home/airflow/.local/lib/python3.12/site-packages/airflow/example_dags/example_trigger_target_dag.py for tasks to queue
[2025-12-13T10:24:18.352+0000] {logging_mixin.py:190} INFO - [2025-12-13T10:24:18.352+0000] {dagbag.py:588} INFO - Filling up the DagBag from /home/airflow/.local/lib/python3.12/site-packages/airflow/example_dags/example_trigger_target_dag.py
[2025-12-13T10:24:18.364+0000] {processor.py:925} INFO - DAG(s) 'example_trigger_target_dag' retrieved from /home/airflow/.local/lib/python3.12/site-packages/airflow/example_dags/example_trigger_target_dag.py
[2025-12-13T10:24:18.402+0000] {logging_mixin.py:190} INFO - [2025-12-13T10:24:18.402+0000] {dag.py:3239} INFO - Sync 1 DAGs
[2025-12-13T10:24:18.436+0000] {logging_mixin.py:190} INFO - [2025-12-13T10:24:18.436+0000] {dag.py:4180} INFO - Setting next_dagrun for example_trigger_target_dag to None, run_after=None
[2025-12-13T10:24:18.475+0000] {processor.py:208} INFO - Processing /home/airflow/.local/lib/python3.12/site-packages/airflow/example_dags/example_trigger_target_dag.py took 0.142 seconds
[2025-12-13T10:24:48.765+0000] {processor.py:186} INFO - Started process (PID=1154) to work on /home/airflow/.local/lib/python3.12/site-packages/airflow/example_dags/example_trigger_target_dag.py
[2025-12-13T10:24:48.768+0000] {processor.py:914} INFO - Processing file /home/airflow/.local/lib/python3.12/site-packages/airflow/example_dags/example_trigger_target_dag.py for tasks to queue
[2025-12-13T10:24:48.771+0000] {logging_mixin.py:190} INFO - [2025-12-13T10:24:48.770+0000] {dagbag.py:588} INFO - Filling up the DagBag from /home/airflow/.local/lib/python3.12/site-packages/airflow/example_dags/example_trigger_target_dag.py
[2025-12-13T10:24:48.786+0000] {processor.py:925} INFO - DAG(s) 'example_trigger_target_dag' retrieved from /home/airflow/.local/lib/python3.12/site-packages/airflow/example_dags/example_trigger_target_dag.py
[2025-12-13T10:24:48.819+0000] {logging_mixin.py:190} INFO - [2025-12-13T10:24:48.818+0000] {dag.py:3239} INFO - Sync 1 DAGs
[2025-12-13T10:24:48.846+0000] {logging_mixin.py:190} INFO - [2025-12-13T10:24:48.845+0000] {dag.py:4180} INFO - Setting next_dagrun for example_trigger_target_dag to None, run_after=None
[2025-12-13T10:24:48.876+0000] {processor.py:208} INFO - Processing /home/airflow/.local/lib/python3.12/site-packages/airflow/example_dags/example_trigger_target_dag.py took 0.120 seconds
[2025-12-13T10:25:19.245+0000] {processor.py:186} INFO - Started process (PID=1208) to work on /home/airflow/.local/lib/python3.12/site-packages/airflow/example_dags/example_trigger_target_dag.py
[2025-12-13T10:25:19.246+0000] {processor.py:914} INFO - Processing file /home/airflow/.local/lib/python3.12/site-packages/airflow/example_dags/example_trigger_target_dag.py for tasks to queue
[2025-12-13T10:25:19.248+0000] {logging_mixin.py:190} INFO - [2025-12-13T10:25:19.248+0000] {dagbag.py:588} INFO - Filling up the DagBag from /home/airflow/.local/lib/python3.12/site-packages/airflow/example_dags/example_trigger_target_dag.py
[2025-12-13T10:25:19.260+0000] {processor.py:925} INFO - DAG(s) 'example_trigger_target_dag' retrieved from /home/airflow/.local/lib/python3.12/site-packages/airflow/example_dags/example_trigger_target_dag.py
[2025-12-13T10:25:19.291+0000] {logging_mixin.py:190} INFO - [2025-12-13T10:25:19.291+0000] {dag.py:3239} INFO - Sync 1 DAGs
[2025-12-13T10:25:19.320+0000] {logging_mixin.py:190} INFO - [2025-12-13T10:25:19.319+0000] {dag.py:4180} INFO - Setting next_dagrun for example_trigger_target_dag to None, run_after=None
[2025-12-13T10:25:19.345+0000] {processor.py:208} INFO - Processing /home/airflow/.local/lib/python3.12/site-packages/airflow/example_dags/example_trigger_target_dag.py took 0.109 seconds
[2025-12-13T10:25:50.275+0000] {processor.py:186} INFO - Started process (PID=1262) to work on /home/airflow/.local/lib/python3.12/site-packages/airflow/example_dags/example_trigger_target_dag.py
[2025-12-13T10:25:50.277+0000] {processor.py:914} INFO - Processing file /home/airflow/.local/lib/python3.12/site-packages/airflow/example_dags/example_trigger_target_dag.py for tasks to queue
[2025-12-13T10:25:50.281+0000] {logging_mixin.py:190} INFO - [2025-12-13T10:25:50.281+0000] {dagbag.py:588} INFO - Filling up the DagBag from /home/airflow/.local/lib/python3.12/site-packages/airflow/example_dags/example_trigger_target_dag.py
[2025-12-13T10:25:50.309+0000] {processor.py:925} INFO - DAG(s) 'example_trigger_target_dag' retrieved from /home/airflow/.local/lib/python3.12/site-packages/airflow/example_dags/example_trigger_target_dag.py
[2025-12-13T10:25:50.365+0000] {logging_mixin.py:190} INFO - [2025-12-13T10:25:50.365+0000] {dag.py:3239} INFO - Sync 1 DAGs
[2025-12-13T10:25:50.406+0000] {logging_mixin.py:190} INFO - [2025-12-13T10:25:50.406+0000] {dag.py:4180} INFO - Setting next_dagrun for example_trigger_target_dag to None, run_after=None
[2025-12-13T10:25:50.446+0000] {processor.py:208} INFO - Processing /home/airflow/.local/lib/python3.12/site-packages/airflow/example_dags/example_trigger_target_dag.py took 0.186 seconds
[2025-12-13T10:26:21.466+0000] {processor.py:186} INFO - Started process (PID=1323) to work on /home/airflow/.local/lib/python3.12/site-packages/airflow/example_dags/example_trigger_target_dag.py
[2025-12-13T10:26:21.471+0000] {processor.py:914} INFO - Processing file /home/airflow/.local/lib/python3.12/site-packages/airflow/example_dags/example_trigger_target_dag.py for tasks to queue
[2025-12-13T10:26:21.478+0000] {logging_mixin.py:190} INFO - [2025-12-13T10:26:21.477+0000] {dagbag.py:588} INFO - Filling up the DagBag from /home/airflow/.local/lib/python3.12/site-packages/airflow/example_dags/example_trigger_target_dag.py
[2025-12-13T10:26:21.514+0000] {processor.py:925} INFO - DAG(s) 'example_trigger_target_dag' retrieved from /home/airflow/.local/lib/python3.12/site-packages/airflow/example_dags/example_trigger_target_dag.py
[2025-12-13T10:26:21.605+0000] {logging_mixin.py:190} INFO - [2025-12-13T10:26:21.605+0000] {dag.py:3239} INFO - Sync 1 DAGs
[2025-12-13T10:26:21.686+0000] {logging_mixin.py:190} INFO - [2025-12-13T10:26:21.686+0000] {dag.py:4180} INFO - Setting next_dagrun for example_trigger_target_dag to None, run_after=None
[2025-12-13T10:26:21.770+0000] {processor.py:208} INFO - Processing /home/airflow/.local/lib/python3.12/site-packages/airflow/example_dags/example_trigger_target_dag.py took 0.328 seconds
[2025-12-13T10:26:52.321+0000] {processor.py:186} INFO - Started process (PID=1384) to work on /home/airflow/.local/lib/python3.12/site-packages/airflow/example_dags/example_trigger_target_dag.py
[2025-12-13T10:26:52.324+0000] {processor.py:914} INFO - Processing file /home/airflow/.local/lib/python3.12/site-packages/airflow/example_dags/example_trigger_target_dag.py for tasks to queue
[2025-12-13T10:26:52.330+0000] {logging_mixin.py:190} INFO - [2025-12-13T10:26:52.330+0000] {dagbag.py:588} INFO - Filling up the DagBag from /home/airflow/.local/lib/python3.12/site-packages/airflow/example_dags/example_trigger_target_dag.py
[2025-12-13T10:26:52.350+0000] {processor.py:925} INFO - DAG(s) 'example_trigger_target_dag' retrieved from /home/airflow/.local/lib/python3.12/site-packages/airflow/example_dags/example_trigger_target_dag.py
[2025-12-13T10:26:52.393+0000] {logging_mixin.py:190} INFO - [2025-12-13T10:26:52.393+0000] {dag.py:3239} INFO - Sync 1 DAGs
[2025-12-13T10:26:52.432+0000] {logging_mixin.py:190} INFO - [2025-12-13T10:26:52.431+0000] {dag.py:4180} INFO - Setting next_dagrun for example_trigger_target_dag to None, run_after=None
[2025-12-13T10:26:52.478+0000] {processor.py:208} INFO - Processing /home/airflow/.local/lib/python3.12/site-packages/airflow/example_dags/example_trigger_target_dag.py took 0.169 seconds
[2025-12-13T10:27:22.587+0000] {processor.py:186} INFO - Started process (PID=1446) to work on /home/airflow/.local/lib/python3.12/site-packages/airflow/example_dags/example_trigger_target_dag.py
[2025-12-13T10:27:22.589+0000] {processor.py:914} INFO - Processing file /home/airflow/.local/lib/python3.12/site-packages/airflow/example_dags/example_trigger_target_dag.py for tasks to queue
[2025-12-13T10:27:22.594+0000] {logging_mixin.py:190} INFO - [2025-12-13T10:27:22.593+0000] {dagbag.py:588} INFO - Filling up the DagBag from /home/airflow/.local/lib/python3.12/site-packages/airflow/example_dags/example_trigger_target_dag.py
[2025-12-13T10:27:22.607+0000] {processor.py:925} INFO - DAG(s) 'example_trigger_target_dag' retrieved from /home/airflow/.local/lib/python3.12/site-packages/airflow/example_dags/example_trigger_target_dag.py
[2025-12-13T10:27:22.639+0000] {logging_mixin.py:190} INFO - [2025-12-13T10:27:22.638+0000] {dag.py:3239} INFO - Sync 1 DAGs
[2025-12-13T10:27:22.678+0000] {logging_mixin.py:190} INFO - [2025-12-13T10:27:22.677+0000] {dag.py:4180} INFO - Setting next_dagrun for example_trigger_target_dag to None, run_after=None
[2025-12-13T10:27:22.730+0000] {processor.py:208} INFO - Processing /home/airflow/.local/lib/python3.12/site-packages/airflow/example_dags/example_trigger_target_dag.py took 0.155 seconds
[2025-12-13T10:27:53.034+0000] {processor.py:186} INFO - Started process (PID=1508) to work on /home/airflow/.local/lib/python3.12/site-packages/airflow/example_dags/example_trigger_target_dag.py
[2025-12-13T10:27:53.039+0000] {processor.py:914} INFO - Processing file /home/airflow/.local/lib/python3.12/site-packages/airflow/example_dags/example_trigger_target_dag.py for tasks to queue
[2025-12-13T10:27:53.043+0000] {logging_mixin.py:190} INFO - [2025-12-13T10:27:53.042+0000] {dagbag.py:588} INFO - Filling up the DagBag from /home/airflow/.local/lib/python3.12/site-packages/airflow/example_dags/example_trigger_target_dag.py
[2025-12-13T10:27:53.065+0000] {processor.py:925} INFO - DAG(s) 'example_trigger_target_dag' retrieved from /home/airflow/.local/lib/python3.12/site-packages/airflow/example_dags/example_trigger_target_dag.py
[2025-12-13T10:27:53.108+0000] {logging_mixin.py:190} INFO - [2025-12-13T10:27:53.107+0000] {dag.py:3239} INFO - Sync 1 DAGs
[2025-12-13T10:27:53.143+0000] {logging_mixin.py:190} INFO - [2025-12-13T10:27:53.141+0000] {dag.py:4180} INFO - Setting next_dagrun for example_trigger_target_dag to None, run_after=None
[2025-12-13T10:27:53.176+0000] {processor.py:208} INFO - Processing /home/airflow/.local/lib/python3.12/site-packages/airflow/example_dags/example_trigger_target_dag.py took 0.153 seconds
[2025-12-13T10:28:24.805+0000] {processor.py:186} INFO - Started process (PID=1576) to work on /home/airflow/.local/lib/python3.12/site-packages/airflow/example_dags/example_trigger_target_dag.py
[2025-12-13T10:28:24.809+0000] {processor.py:914} INFO - Processing file /home/airflow/.local/lib/python3.12/site-packages/airflow/example_dags/example_trigger_target_dag.py for tasks to queue
[2025-12-13T10:28:24.813+0000] {logging_mixin.py:190} INFO - [2025-12-13T10:28:24.812+0000] {dagbag.py:588} INFO - Filling up the DagBag from /home/airflow/.local/lib/python3.12/site-packages/airflow/example_dags/example_trigger_target_dag.py
[2025-12-13T10:28:24.839+0000] {processor.py:925} INFO - DAG(s) 'example_trigger_target_dag' retrieved from /home/airflow/.local/lib/python3.12/site-packages/airflow/example_dags/example_trigger_target_dag.py
[2025-12-13T10:28:24.909+0000] {logging_mixin.py:190} INFO - [2025-12-13T10:28:24.908+0000] {dag.py:3239} INFO - Sync 1 DAGs
[2025-12-13T10:28:24.958+0000] {logging_mixin.py:190} INFO - [2025-12-13T10:28:24.957+0000] {dag.py:4180} INFO - Setting next_dagrun for example_trigger_target_dag to None, run_after=None
[2025-12-13T10:28:25.010+0000] {processor.py:208} INFO - Processing /home/airflow/.local/lib/python3.12/site-packages/airflow/example_dags/example_trigger_target_dag.py took 0.218 seconds
[2025-12-13T10:28:55.765+0000] {processor.py:186} INFO - Started process (PID=1639) to work on /home/airflow/.local/lib/python3.12/site-packages/airflow/example_dags/example_trigger_target_dag.py
[2025-12-13T10:28:55.767+0000] {processor.py:914} INFO - Processing file /home/airflow/.local/lib/python3.12/site-packages/airflow/example_dags/example_trigger_target_dag.py for tasks to queue
[2025-12-13T10:28:55.770+0000] {logging_mixin.py:190} INFO - [2025-12-13T10:28:55.770+0000] {dagbag.py:588} INFO - Filling up the DagBag from /home/airflow/.local/lib/python3.12/site-packages/airflow/example_dags/example_trigger_target_dag.py
[2025-12-13T10:28:55.787+0000] {processor.py:925} INFO - DAG(s) 'example_trigger_target_dag' retrieved from /home/airflow/.local/lib/python3.12/site-packages/airflow/example_dags/example_trigger_target_dag.py
[2025-12-13T10:28:55.871+0000] {logging_mixin.py:190} INFO - [2025-12-13T10:28:55.870+0000] {dag.py:3239} INFO - Sync 1 DAGs
[2025-12-13T10:28:55.933+0000] {logging_mixin.py:190} INFO - [2025-12-13T10:28:55.933+0000] {dag.py:4180} INFO - Setting next_dagrun for example_trigger_target_dag to None, run_after=None
[2025-12-13T10:28:55.983+0000] {processor.py:208} INFO - Processing /home/airflow/.local/lib/python3.12/site-packages/airflow/example_dags/example_trigger_target_dag.py took 0.231 seconds
[2025-12-13T10:29:26.571+0000] {processor.py:186} INFO - Started process (PID=1701) to work on /home/airflow/.local/lib/python3.12/site-packages/airflow/example_dags/example_trigger_target_dag.py
[2025-12-13T10:29:26.572+0000] {processor.py:914} INFO - Processing file /home/airflow/.local/lib/python3.12/site-packages/airflow/example_dags/example_trigger_target_dag.py for tasks to queue
[2025-12-13T10:29:26.576+0000] {logging_mixin.py:190} INFO - [2025-12-13T10:29:26.576+0000] {dagbag.py:588} INFO - Filling up the DagBag from /home/airflow/.local/lib/python3.12/site-packages/airflow/example_dags/example_trigger_target_dag.py
[2025-12-13T10:29:26.594+0000] {processor.py:925} INFO - DAG(s) 'example_trigger_target_dag' retrieved from /home/airflow/.local/lib/python3.12/site-packages/airflow/example_dags/example_trigger_target_dag.py
[2025-12-13T10:29:26.632+0000] {logging_mixin.py:190} INFO - [2025-12-13T10:29:26.631+0000] {dag.py:3239} INFO - Sync 1 DAGs
[2025-12-13T10:29:26.666+0000] {logging_mixin.py:190} INFO - [2025-12-13T10:29:26.666+0000] {dag.py:4180} INFO - Setting next_dagrun for example_trigger_target_dag to None, run_after=None
[2025-12-13T10:29:26.703+0000] {processor.py:208} INFO - Processing /home/airflow/.local/lib/python3.12/site-packages/airflow/example_dags/example_trigger_target_dag.py took 0.145 seconds
[2025-12-13T10:29:57.172+0000] {processor.py:186} INFO - Started process (PID=1764) to work on /home/airflow/.local/lib/python3.12/site-packages/airflow/example_dags/example_trigger_target_dag.py
[2025-12-13T10:29:57.176+0000] {processor.py:914} INFO - Processing file /home/airflow/.local/lib/python3.12/site-packages/airflow/example_dags/example_trigger_target_dag.py for tasks to queue
[2025-12-13T10:29:57.184+0000] {logging_mixin.py:190} INFO - [2025-12-13T10:29:57.183+0000] {dagbag.py:588} INFO - Filling up the DagBag from /home/airflow/.local/lib/python3.12/site-packages/airflow/example_dags/example_trigger_target_dag.py
[2025-12-13T10:29:57.208+0000] {processor.py:925} INFO - DAG(s) 'example_trigger_target_dag' retrieved from /home/airflow/.local/lib/python3.12/site-packages/airflow/example_dags/example_trigger_target_dag.py
[2025-12-13T10:29:57.281+0000] {logging_mixin.py:190} INFO - [2025-12-13T10:29:57.281+0000] {dag.py:3239} INFO - Sync 1 DAGs
[2025-12-13T10:29:57.333+0000] {logging_mixin.py:190} INFO - [2025-12-13T10:29:57.332+0000] {dag.py:4180} INFO - Setting next_dagrun for example_trigger_target_dag to None, run_after=None
[2025-12-13T10:29:57.380+0000] {processor.py:208} INFO - Processing /home/airflow/.local/lib/python3.12/site-packages/airflow/example_dags/example_trigger_target_dag.py took 0.228 seconds
[2025-12-13T10:30:27.660+0000] {processor.py:186} INFO - Started process (PID=1827) to work on /home/airflow/.local/lib/python3.12/site-packages/airflow/example_dags/example_trigger_target_dag.py
[2025-12-13T10:30:27.661+0000] {processor.py:914} INFO - Processing file /home/airflow/.local/lib/python3.12/site-packages/airflow/example_dags/example_trigger_target_dag.py for tasks to queue
[2025-12-13T10:30:27.666+0000] {logging_mixin.py:190} INFO - [2025-12-13T10:30:27.665+0000] {dagbag.py:588} INFO - Filling up the DagBag from /home/airflow/.local/lib/python3.12/site-packages/airflow/example_dags/example_trigger_target_dag.py
[2025-12-13T10:30:27.682+0000] {processor.py:925} INFO - DAG(s) 'example_trigger_target_dag' retrieved from /home/airflow/.local/lib/python3.12/site-packages/airflow/example_dags/example_trigger_target_dag.py
[2025-12-13T10:30:27.716+0000] {logging_mixin.py:190} INFO - [2025-12-13T10:30:27.715+0000] {dag.py:3239} INFO - Sync 1 DAGs
[2025-12-13T10:30:27.741+0000] {logging_mixin.py:190} INFO - [2025-12-13T10:30:27.741+0000] {dag.py:4180} INFO - Setting next_dagrun for example_trigger_target_dag to None, run_after=None
[2025-12-13T10:30:27.772+0000] {processor.py:208} INFO - Processing /home/airflow/.local/lib/python3.12/site-packages/airflow/example_dags/example_trigger_target_dag.py took 0.124 seconds
[2025-12-13T10:30:58.028+0000] {processor.py:186} INFO - Started process (PID=1890) to work on /home/airflow/.local/lib/python3.12/site-packages/airflow/example_dags/example_trigger_target_dag.py
[2025-12-13T10:30:58.037+0000] {processor.py:914} INFO - Processing file /home/airflow/.local/lib/python3.12/site-packages/airflow/example_dags/example_trigger_target_dag.py for tasks to queue
[2025-12-13T10:30:58.055+0000] {logging_mixin.py:190} INFO - [2025-12-13T10:30:58.049+0000] {dagbag.py:588} INFO - Filling up the DagBag from /home/airflow/.local/lib/python3.12/site-packages/airflow/example_dags/example_trigger_target_dag.py
[2025-12-13T10:30:58.122+0000] {processor.py:925} INFO - DAG(s) 'example_trigger_target_dag' retrieved from /home/airflow/.local/lib/python3.12/site-packages/airflow/example_dags/example_trigger_target_dag.py
[2025-12-13T10:30:58.214+0000] {logging_mixin.py:190} INFO - [2025-12-13T10:30:58.214+0000] {dag.py:3239} INFO - Sync 1 DAGs
[2025-12-13T10:30:58.271+0000] {logging_mixin.py:190} INFO - [2025-12-13T10:30:58.270+0000] {dag.py:4180} INFO - Setting next_dagrun for example_trigger_target_dag to None, run_after=None
[2025-12-13T10:30:58.328+0000] {processor.py:208} INFO - Processing /home/airflow/.local/lib/python3.12/site-packages/airflow/example_dags/example_trigger_target_dag.py took 0.347 seconds
[2025-12-13T10:31:28.913+0000] {processor.py:186} INFO - Started process (PID=1953) to work on /home/airflow/.local/lib/python3.12/site-packages/airflow/example_dags/example_trigger_target_dag.py
[2025-12-13T10:31:28.914+0000] {processor.py:914} INFO - Processing file /home/airflow/.local/lib/python3.12/site-packages/airflow/example_dags/example_trigger_target_dag.py for tasks to queue
[2025-12-13T10:31:28.918+0000] {logging_mixin.py:190} INFO - [2025-12-13T10:31:28.917+0000] {dagbag.py:588} INFO - Filling up the DagBag from /home/airflow/.local/lib/python3.12/site-packages/airflow/example_dags/example_trigger_target_dag.py
[2025-12-13T10:31:28.935+0000] {processor.py:925} INFO - DAG(s) 'example_trigger_target_dag' retrieved from /home/airflow/.local/lib/python3.12/site-packages/airflow/example_dags/example_trigger_target_dag.py
[2025-12-13T10:31:28.971+0000] {logging_mixin.py:190} INFO - [2025-12-13T10:31:28.970+0000] {dag.py:3239} INFO - Sync 1 DAGs
[2025-12-13T10:31:29.003+0000] {logging_mixin.py:190} INFO - [2025-12-13T10:31:29.002+0000] {dag.py:4180} INFO - Setting next_dagrun for example_trigger_target_dag to None, run_after=None
[2025-12-13T10:31:29.037+0000] {processor.py:208} INFO - Processing /home/airflow/.local/lib/python3.12/site-packages/airflow/example_dags/example_trigger_target_dag.py took 0.138 seconds
[2025-12-13T10:32:00.516+0000] {processor.py:186} INFO - Started process (PID=2013) to work on /home/airflow/.local/lib/python3.12/site-packages/airflow/example_dags/example_trigger_target_dag.py
[2025-12-13T10:32:00.518+0000] {processor.py:914} INFO - Processing file /home/airflow/.local/lib/python3.12/site-packages/airflow/example_dags/example_trigger_target_dag.py for tasks to queue
[2025-12-13T10:32:00.522+0000] {logging_mixin.py:190} INFO - [2025-12-13T10:32:00.521+0000] {dagbag.py:588} INFO - Filling up the DagBag from /home/airflow/.local/lib/python3.12/site-packages/airflow/example_dags/example_trigger_target_dag.py
[2025-12-13T10:32:00.543+0000] {processor.py:925} INFO - DAG(s) 'example_trigger_target_dag' retrieved from /home/airflow/.local/lib/python3.12/site-packages/airflow/example_dags/example_trigger_target_dag.py
[2025-12-13T10:32:00.585+0000] {logging_mixin.py:190} INFO - [2025-12-13T10:32:00.585+0000] {dag.py:3239} INFO - Sync 1 DAGs
[2025-12-13T10:32:00.627+0000] {logging_mixin.py:190} INFO - [2025-12-13T10:32:00.627+0000] {dag.py:4180} INFO - Setting next_dagrun for example_trigger_target_dag to None, run_after=None
[2025-12-13T10:32:00.659+0000] {processor.py:208} INFO - Processing /home/airflow/.local/lib/python3.12/site-packages/airflow/example_dags/example_trigger_target_dag.py took 0.160 seconds
[2025-12-13T10:32:32.038+0000] {processor.py:186} INFO - Started process (PID=2076) to work on /home/airflow/.local/lib/python3.12/site-packages/airflow/example_dags/example_trigger_target_dag.py
[2025-12-13T10:32:32.040+0000] {processor.py:914} INFO - Processing file /home/airflow/.local/lib/python3.12/site-packages/airflow/example_dags/example_trigger_target_dag.py for tasks to queue
[2025-12-13T10:32:32.043+0000] {logging_mixin.py:190} INFO - [2025-12-13T10:32:32.043+0000] {dagbag.py:588} INFO - Filling up the DagBag from /home/airflow/.local/lib/python3.12/site-packages/airflow/example_dags/example_trigger_target_dag.py
[2025-12-13T10:32:32.062+0000] {processor.py:925} INFO - DAG(s) 'example_trigger_target_dag' retrieved from /home/airflow/.local/lib/python3.12/site-packages/airflow/example_dags/example_trigger_target_dag.py
[2025-12-13T10:32:32.108+0000] {logging_mixin.py:190} INFO - [2025-12-13T10:32:32.107+0000] {dag.py:3239} INFO - Sync 1 DAGs
[2025-12-13T10:32:32.145+0000] {logging_mixin.py:190} INFO - [2025-12-13T10:32:32.145+0000] {dag.py:4180} INFO - Setting next_dagrun for example_trigger_target_dag to None, run_after=None
[2025-12-13T10:32:32.187+0000] {processor.py:208} INFO - Processing /home/airflow/.local/lib/python3.12/site-packages/airflow/example_dags/example_trigger_target_dag.py took 0.163 seconds
[2025-12-13T10:33:04.298+0000] {processor.py:186} INFO - Started process (PID=2139) to work on /home/airflow/.local/lib/python3.12/site-packages/airflow/example_dags/example_trigger_target_dag.py
[2025-12-13T10:33:04.299+0000] {processor.py:914} INFO - Processing file /home/airflow/.local/lib/python3.12/site-packages/airflow/example_dags/example_trigger_target_dag.py for tasks to queue
[2025-12-13T10:33:04.303+0000] {logging_mixin.py:190} INFO - [2025-12-13T10:33:04.303+0000] {dagbag.py:588} INFO - Filling up the DagBag from /home/airflow/.local/lib/python3.12/site-packages/airflow/example_dags/example_trigger_target_dag.py
[2025-12-13T10:33:04.321+0000] {processor.py:925} INFO - DAG(s) 'example_trigger_target_dag' retrieved from /home/airflow/.local/lib/python3.12/site-packages/airflow/example_dags/example_trigger_target_dag.py
[2025-12-13T10:33:04.359+0000] {logging_mixin.py:190} INFO - [2025-12-13T10:33:04.359+0000] {dag.py:3239} INFO - Sync 1 DAGs
[2025-12-13T10:33:04.391+0000] {logging_mixin.py:190} INFO - [2025-12-13T10:33:04.390+0000] {dag.py:4180} INFO - Setting next_dagrun for example_trigger_target_dag to None, run_after=None
[2025-12-13T10:33:04.425+0000] {processor.py:208} INFO - Processing /home/airflow/.local/lib/python3.12/site-packages/airflow/example_dags/example_trigger_target_dag.py took 0.139 seconds
[2025-12-13T10:33:35.032+0000] {processor.py:186} INFO - Started process (PID=2201) to work on /home/airflow/.local/lib/python3.12/site-packages/airflow/example_dags/example_trigger_target_dag.py
[2025-12-13T10:33:35.033+0000] {processor.py:914} INFO - Processing file /home/airflow/.local/lib/python3.12/site-packages/airflow/example_dags/example_trigger_target_dag.py for tasks to queue
[2025-12-13T10:33:35.036+0000] {logging_mixin.py:190} INFO - [2025-12-13T10:33:35.036+0000] {dagbag.py:588} INFO - Filling up the DagBag from /home/airflow/.local/lib/python3.12/site-packages/airflow/example_dags/example_trigger_target_dag.py
[2025-12-13T10:33:35.048+0000] {processor.py:925} INFO - DAG(s) 'example_trigger_target_dag' retrieved from /home/airflow/.local/lib/python3.12/site-packages/airflow/example_dags/example_trigger_target_dag.py
[2025-12-13T10:33:35.081+0000] {logging_mixin.py:190} INFO - [2025-12-13T10:33:35.081+0000] {dag.py:3239} INFO - Sync 1 DAGs
[2025-12-13T10:33:35.103+0000] {logging_mixin.py:190} INFO - [2025-12-13T10:33:35.103+0000] {dag.py:4180} INFO - Setting next_dagrun for example_trigger_target_dag to None, run_after=None
[2025-12-13T10:33:35.132+0000] {processor.py:208} INFO - Processing /home/airflow/.local/lib/python3.12/site-packages/airflow/example_dags/example_trigger_target_dag.py took 0.111 seconds
[2025-12-13T10:34:05.888+0000] {processor.py:186} INFO - Started process (PID=2264) to work on /home/airflow/.local/lib/python3.12/site-packages/airflow/example_dags/example_trigger_target_dag.py
[2025-12-13T10:34:05.890+0000] {processor.py:914} INFO - Processing file /home/airflow/.local/lib/python3.12/site-packages/airflow/example_dags/example_trigger_target_dag.py for tasks to queue
[2025-12-13T10:34:05.895+0000] {logging_mixin.py:190} INFO - [2025-12-13T10:34:05.894+0000] {dagbag.py:588} INFO - Filling up the DagBag from /home/airflow/.local/lib/python3.12/site-packages/airflow/example_dags/example_trigger_target_dag.py
[2025-12-13T10:34:05.911+0000] {processor.py:925} INFO - DAG(s) 'example_trigger_target_dag' retrieved from /home/airflow/.local/lib/python3.12/site-packages/airflow/example_dags/example_trigger_target_dag.py
[2025-12-13T10:34:05.957+0000] {logging_mixin.py:190} INFO - [2025-12-13T10:34:05.956+0000] {dag.py:3239} INFO - Sync 1 DAGs
[2025-12-13T10:34:05.995+0000] {logging_mixin.py:190} INFO - [2025-12-13T10:34:05.995+0000] {dag.py:4180} INFO - Setting next_dagrun for example_trigger_target_dag to None, run_after=None
[2025-12-13T10:34:06.029+0000] {processor.py:208} INFO - Processing /home/airflow/.local/lib/python3.12/site-packages/airflow/example_dags/example_trigger_target_dag.py took 0.154 seconds
[2025-12-13T10:34:36.718+0000] {processor.py:186} INFO - Started process (PID=2326) to work on /home/airflow/.local/lib/python3.12/site-packages/airflow/example_dags/example_trigger_target_dag.py
[2025-12-13T10:34:36.719+0000] {processor.py:914} INFO - Processing file /home/airflow/.local/lib/python3.12/site-packages/airflow/example_dags/example_trigger_target_dag.py for tasks to queue
[2025-12-13T10:34:36.723+0000] {logging_mixin.py:190} INFO - [2025-12-13T10:34:36.722+0000] {dagbag.py:588} INFO - Filling up the DagBag from /home/airflow/.local/lib/python3.12/site-packages/airflow/example_dags/example_trigger_target_dag.py
[2025-12-13T10:34:36.738+0000] {processor.py:925} INFO - DAG(s) 'example_trigger_target_dag' retrieved from /home/airflow/.local/lib/python3.12/site-packages/airflow/example_dags/example_trigger_target_dag.py
[2025-12-13T10:34:36.788+0000] {logging_mixin.py:190} INFO - [2025-12-13T10:34:36.788+0000] {dag.py:3239} INFO - Sync 1 DAGs
[2025-12-13T10:34:36.816+0000] {logging_mixin.py:190} INFO - [2025-12-13T10:34:36.816+0000] {dag.py:4180} INFO - Setting next_dagrun for example_trigger_target_dag to None, run_after=None
[2025-12-13T10:34:36.849+0000] {processor.py:208} INFO - Processing /home/airflow/.local/lib/python3.12/site-packages/airflow/example_dags/example_trigger_target_dag.py took 0.147 seconds
[2025-12-13T10:35:07.405+0000] {processor.py:186} INFO - Started process (PID=2389) to work on /home/airflow/.local/lib/python3.12/site-packages/airflow/example_dags/example_trigger_target_dag.py
[2025-12-13T10:35:07.406+0000] {processor.py:914} INFO - Processing file /home/airflow/.local/lib/python3.12/site-packages/airflow/example_dags/example_trigger_target_dag.py for tasks to queue
[2025-12-13T10:35:07.410+0000] {logging_mixin.py:190} INFO - [2025-12-13T10:35:07.410+0000] {dagbag.py:588} INFO - Filling up the DagBag from /home/airflow/.local/lib/python3.12/site-packages/airflow/example_dags/example_trigger_target_dag.py
[2025-12-13T10:35:07.422+0000] {processor.py:925} INFO - DAG(s) 'example_trigger_target_dag' retrieved from /home/airflow/.local/lib/python3.12/site-packages/airflow/example_dags/example_trigger_target_dag.py
[2025-12-13T10:35:07.452+0000] {logging_mixin.py:190} INFO - [2025-12-13T10:35:07.452+0000] {dag.py:3239} INFO - Sync 1 DAGs
[2025-12-13T10:35:07.477+0000] {logging_mixin.py:190} INFO - [2025-12-13T10:35:07.476+0000] {dag.py:4180} INFO - Setting next_dagrun for example_trigger_target_dag to None, run_after=None
[2025-12-13T10:35:07.508+0000] {processor.py:208} INFO - Processing /home/airflow/.local/lib/python3.12/site-packages/airflow/example_dags/example_trigger_target_dag.py took 0.113 seconds
[2025-12-13T10:35:37.618+0000] {processor.py:186} INFO - Started process (PID=2452) to work on /home/airflow/.local/lib/python3.12/site-packages/airflow/example_dags/example_trigger_target_dag.py
[2025-12-13T10:35:37.619+0000] {processor.py:914} INFO - Processing file /home/airflow/.local/lib/python3.12/site-packages/airflow/example_dags/example_trigger_target_dag.py for tasks to queue
[2025-12-13T10:35:37.623+0000] {logging_mixin.py:190} INFO - [2025-12-13T10:35:37.622+0000] {dagbag.py:588} INFO - Filling up the DagBag from /home/airflow/.local/lib/python3.12/site-packages/airflow/example_dags/example_trigger_target_dag.py
[2025-12-13T10:35:37.635+0000] {processor.py:925} INFO - DAG(s) 'example_trigger_target_dag' retrieved from /home/airflow/.local/lib/python3.12/site-packages/airflow/example_dags/example_trigger_target_dag.py
[2025-12-13T10:35:37.663+0000] {logging_mixin.py:190} INFO - [2025-12-13T10:35:37.663+0000] {dag.py:3239} INFO - Sync 1 DAGs
[2025-12-13T10:35:37.684+0000] {logging_mixin.py:190} INFO - [2025-12-13T10:35:37.683+0000] {dag.py:4180} INFO - Setting next_dagrun for example_trigger_target_dag to None, run_after=None
[2025-12-13T10:35:37.708+0000] {processor.py:208} INFO - Processing /home/airflow/.local/lib/python3.12/site-packages/airflow/example_dags/example_trigger_target_dag.py took 0.101 seconds
[2025-12-13T10:36:09.627+0000] {processor.py:186} INFO - Started process (PID=2515) to work on /home/airflow/.local/lib/python3.12/site-packages/airflow/example_dags/example_trigger_target_dag.py
[2025-12-13T10:36:09.630+0000] {processor.py:914} INFO - Processing file /home/airflow/.local/lib/python3.12/site-packages/airflow/example_dags/example_trigger_target_dag.py for tasks to queue
[2025-12-13T10:36:09.644+0000] {logging_mixin.py:190} INFO - [2025-12-13T10:36:09.643+0000] {dagbag.py:588} INFO - Filling up the DagBag from /home/airflow/.local/lib/python3.12/site-packages/airflow/example_dags/example_trigger_target_dag.py
[2025-12-13T10:36:09.674+0000] {processor.py:925} INFO - DAG(s) 'example_trigger_target_dag' retrieved from /home/airflow/.local/lib/python3.12/site-packages/airflow/example_dags/example_trigger_target_dag.py
[2025-12-13T10:36:09.754+0000] {logging_mixin.py:190} INFO - [2025-12-13T10:36:09.754+0000] {dag.py:3239} INFO - Sync 1 DAGs
[2025-12-13T10:36:09.797+0000] {logging_mixin.py:190} INFO - [2025-12-13T10:36:09.797+0000] {dag.py:4180} INFO - Setting next_dagrun for example_trigger_target_dag to None, run_after=None
[2025-12-13T10:36:09.839+0000] {processor.py:208} INFO - Processing /home/airflow/.local/lib/python3.12/site-packages/airflow/example_dags/example_trigger_target_dag.py took 0.237 seconds
[2025-12-13T10:36:40.291+0000] {processor.py:186} INFO - Started process (PID=2578) to work on /home/airflow/.local/lib/python3.12/site-packages/airflow/example_dags/example_trigger_target_dag.py
[2025-12-13T10:36:40.292+0000] {processor.py:914} INFO - Processing file /home/airflow/.local/lib/python3.12/site-packages/airflow/example_dags/example_trigger_target_dag.py for tasks to queue
[2025-12-13T10:36:40.296+0000] {logging_mixin.py:190} INFO - [2025-12-13T10:36:40.295+0000] {dagbag.py:588} INFO - Filling up the DagBag from /home/airflow/.local/lib/python3.12/site-packages/airflow/example_dags/example_trigger_target_dag.py
[2025-12-13T10:36:40.311+0000] {processor.py:925} INFO - DAG(s) 'example_trigger_target_dag' retrieved from /home/airflow/.local/lib/python3.12/site-packages/airflow/example_dags/example_trigger_target_dag.py
[2025-12-13T10:36:40.361+0000] {logging_mixin.py:190} INFO - [2025-12-13T10:36:40.361+0000] {dag.py:3239} INFO - Sync 1 DAGs
[2025-12-13T10:36:40.413+0000] {logging_mixin.py:190} INFO - [2025-12-13T10:36:40.412+0000] {dag.py:4180} INFO - Setting next_dagrun for example_trigger_target_dag to None, run_after=None
[2025-12-13T10:36:40.440+0000] {processor.py:208} INFO - Processing /home/airflow/.local/lib/python3.12/site-packages/airflow/example_dags/example_trigger_target_dag.py took 0.161 seconds
[2025-12-13T10:37:10.618+0000] {processor.py:186} INFO - Started process (PID=2640) to work on /home/airflow/.local/lib/python3.12/site-packages/airflow/example_dags/example_trigger_target_dag.py
[2025-12-13T10:37:10.620+0000] {processor.py:914} INFO - Processing file /home/airflow/.local/lib/python3.12/site-packages/airflow/example_dags/example_trigger_target_dag.py for tasks to queue
[2025-12-13T10:37:10.624+0000] {logging_mixin.py:190} INFO - [2025-12-13T10:37:10.623+0000] {dagbag.py:588} INFO - Filling up the DagBag from /home/airflow/.local/lib/python3.12/site-packages/airflow/example_dags/example_trigger_target_dag.py
[2025-12-13T10:37:10.635+0000] {processor.py:925} INFO - DAG(s) 'example_trigger_target_dag' retrieved from /home/airflow/.local/lib/python3.12/site-packages/airflow/example_dags/example_trigger_target_dag.py
[2025-12-13T10:37:10.671+0000] {logging_mixin.py:190} INFO - [2025-12-13T10:37:10.670+0000] {dag.py:3239} INFO - Sync 1 DAGs
[2025-12-13T10:37:10.703+0000] {logging_mixin.py:190} INFO - [2025-12-13T10:37:10.702+0000] {dag.py:4180} INFO - Setting next_dagrun for example_trigger_target_dag to None, run_after=None
[2025-12-13T10:37:10.734+0000] {processor.py:208} INFO - Processing /home/airflow/.local/lib/python3.12/site-packages/airflow/example_dags/example_trigger_target_dag.py took 0.126 seconds
[2025-12-13T10:37:41.233+0000] {processor.py:186} INFO - Started process (PID=2703) to work on /home/airflow/.local/lib/python3.12/site-packages/airflow/example_dags/example_trigger_target_dag.py
[2025-12-13T10:37:41.234+0000] {processor.py:914} INFO - Processing file /home/airflow/.local/lib/python3.12/site-packages/airflow/example_dags/example_trigger_target_dag.py for tasks to queue
[2025-12-13T10:37:41.239+0000] {logging_mixin.py:190} INFO - [2025-12-13T10:37:41.238+0000] {dagbag.py:588} INFO - Filling up the DagBag from /home/airflow/.local/lib/python3.12/site-packages/airflow/example_dags/example_trigger_target_dag.py
[2025-12-13T10:37:41.256+0000] {processor.py:925} INFO - DAG(s) 'example_trigger_target_dag' retrieved from /home/airflow/.local/lib/python3.12/site-packages/airflow/example_dags/example_trigger_target_dag.py
[2025-12-13T10:37:41.321+0000] {logging_mixin.py:190} INFO - [2025-12-13T10:37:41.320+0000] {dag.py:3239} INFO - Sync 1 DAGs
[2025-12-13T10:37:41.360+0000] {logging_mixin.py:190} INFO - [2025-12-13T10:37:41.360+0000] {dag.py:4180} INFO - Setting next_dagrun for example_trigger_target_dag to None, run_after=None
[2025-12-13T10:37:41.406+0000] {processor.py:208} INFO - Processing /home/airflow/.local/lib/python3.12/site-packages/airflow/example_dags/example_trigger_target_dag.py took 0.188 seconds
[2025-12-13T10:38:12.035+0000] {processor.py:186} INFO - Started process (PID=2766) to work on /home/airflow/.local/lib/python3.12/site-packages/airflow/example_dags/example_trigger_target_dag.py
[2025-12-13T10:38:12.037+0000] {processor.py:914} INFO - Processing file /home/airflow/.local/lib/python3.12/site-packages/airflow/example_dags/example_trigger_target_dag.py for tasks to queue
[2025-12-13T10:38:12.043+0000] {logging_mixin.py:190} INFO - [2025-12-13T10:38:12.042+0000] {dagbag.py:588} INFO - Filling up the DagBag from /home/airflow/.local/lib/python3.12/site-packages/airflow/example_dags/example_trigger_target_dag.py
[2025-12-13T10:38:12.059+0000] {processor.py:925} INFO - DAG(s) 'example_trigger_target_dag' retrieved from /home/airflow/.local/lib/python3.12/site-packages/airflow/example_dags/example_trigger_target_dag.py
[2025-12-13T10:38:12.100+0000] {logging_mixin.py:190} INFO - [2025-12-13T10:38:12.100+0000] {dag.py:3239} INFO - Sync 1 DAGs
[2025-12-13T10:38:12.133+0000] {logging_mixin.py:190} INFO - [2025-12-13T10:38:12.133+0000] {dag.py:4180} INFO - Setting next_dagrun for example_trigger_target_dag to None, run_after=None
[2025-12-13T10:38:12.171+0000] {processor.py:208} INFO - Processing /home/airflow/.local/lib/python3.12/site-packages/airflow/example_dags/example_trigger_target_dag.py took 0.150 seconds
[2025-12-13T10:38:43.286+0000] {processor.py:186} INFO - Started process (PID=2830) to work on /home/airflow/.local/lib/python3.12/site-packages/airflow/example_dags/example_trigger_target_dag.py
[2025-12-13T10:38:43.288+0000] {processor.py:914} INFO - Processing file /home/airflow/.local/lib/python3.12/site-packages/airflow/example_dags/example_trigger_target_dag.py for tasks to queue
[2025-12-13T10:38:43.296+0000] {logging_mixin.py:190} INFO - [2025-12-13T10:38:43.296+0000] {dagbag.py:588} INFO - Filling up the DagBag from /home/airflow/.local/lib/python3.12/site-packages/airflow/example_dags/example_trigger_target_dag.py
[2025-12-13T10:38:43.315+0000] {processor.py:925} INFO - DAG(s) 'example_trigger_target_dag' retrieved from /home/airflow/.local/lib/python3.12/site-packages/airflow/example_dags/example_trigger_target_dag.py
[2025-12-13T10:38:43.361+0000] {logging_mixin.py:190} INFO - [2025-12-13T10:38:43.361+0000] {dag.py:3239} INFO - Sync 1 DAGs
[2025-12-13T10:38:43.395+0000] {logging_mixin.py:190} INFO - [2025-12-13T10:38:43.395+0000] {dag.py:4180} INFO - Setting next_dagrun for example_trigger_target_dag to None, run_after=None
[2025-12-13T10:38:43.770+0000] {processor.py:208} INFO - Processing /home/airflow/.local/lib/python3.12/site-packages/airflow/example_dags/example_trigger_target_dag.py took 0.499 seconds
[2025-12-13T10:39:14.308+0000] {processor.py:186} INFO - Started process (PID=2893) to work on /home/airflow/.local/lib/python3.12/site-packages/airflow/example_dags/example_trigger_target_dag.py
[2025-12-13T10:39:14.311+0000] {processor.py:914} INFO - Processing file /home/airflow/.local/lib/python3.12/site-packages/airflow/example_dags/example_trigger_target_dag.py for tasks to queue
[2025-12-13T10:39:14.315+0000] {logging_mixin.py:190} INFO - [2025-12-13T10:39:14.315+0000] {dagbag.py:588} INFO - Filling up the DagBag from /home/airflow/.local/lib/python3.12/site-packages/airflow/example_dags/example_trigger_target_dag.py
[2025-12-13T10:39:14.331+0000] {processor.py:925} INFO - DAG(s) 'example_trigger_target_dag' retrieved from /home/airflow/.local/lib/python3.12/site-packages/airflow/example_dags/example_trigger_target_dag.py
[2025-12-13T10:39:14.367+0000] {logging_mixin.py:190} INFO - [2025-12-13T10:39:14.367+0000] {dag.py:3239} INFO - Sync 1 DAGs
[2025-12-13T10:39:14.399+0000] {logging_mixin.py:190} INFO - [2025-12-13T10:39:14.399+0000] {dag.py:4180} INFO - Setting next_dagrun for example_trigger_target_dag to None, run_after=None
[2025-12-13T10:39:14.433+0000] {processor.py:208} INFO - Processing /home/airflow/.local/lib/python3.12/site-packages/airflow/example_dags/example_trigger_target_dag.py took 0.137 seconds
[2025-12-13T10:39:45.122+0000] {processor.py:186} INFO - Started process (PID=2956) to work on /home/airflow/.local/lib/python3.12/site-packages/airflow/example_dags/example_trigger_target_dag.py
[2025-12-13T10:39:45.123+0000] {processor.py:914} INFO - Processing file /home/airflow/.local/lib/python3.12/site-packages/airflow/example_dags/example_trigger_target_dag.py for tasks to queue
[2025-12-13T10:39:45.129+0000] {logging_mixin.py:190} INFO - [2025-12-13T10:39:45.128+0000] {dagbag.py:588} INFO - Filling up the DagBag from /home/airflow/.local/lib/python3.12/site-packages/airflow/example_dags/example_trigger_target_dag.py
[2025-12-13T10:39:45.144+0000] {processor.py:925} INFO - DAG(s) 'example_trigger_target_dag' retrieved from /home/airflow/.local/lib/python3.12/site-packages/airflow/example_dags/example_trigger_target_dag.py
[2025-12-13T10:39:45.191+0000] {logging_mixin.py:190} INFO - [2025-12-13T10:39:45.190+0000] {dag.py:3239} INFO - Sync 1 DAGs
[2025-12-13T10:39:45.236+0000] {logging_mixin.py:190} INFO - [2025-12-13T10:39:45.236+0000] {dag.py:4180} INFO - Setting next_dagrun for example_trigger_target_dag to None, run_after=None
[2025-12-13T10:39:45.301+0000] {processor.py:208} INFO - Processing /home/airflow/.local/lib/python3.12/site-packages/airflow/example_dags/example_trigger_target_dag.py took 0.194 seconds
[2025-12-13T10:40:15.409+0000] {processor.py:186} INFO - Started process (PID=3018) to work on /home/airflow/.local/lib/python3.12/site-packages/airflow/example_dags/example_trigger_target_dag.py
[2025-12-13T10:40:15.411+0000] {processor.py:914} INFO - Processing file /home/airflow/.local/lib/python3.12/site-packages/airflow/example_dags/example_trigger_target_dag.py for tasks to queue
[2025-12-13T10:40:15.415+0000] {logging_mixin.py:190} INFO - [2025-12-13T10:40:15.414+0000] {dagbag.py:588} INFO - Filling up the DagBag from /home/airflow/.local/lib/python3.12/site-packages/airflow/example_dags/example_trigger_target_dag.py
[2025-12-13T10:40:15.431+0000] {processor.py:925} INFO - DAG(s) 'example_trigger_target_dag' retrieved from /home/airflow/.local/lib/python3.12/site-packages/airflow/example_dags/example_trigger_target_dag.py
[2025-12-13T10:40:15.462+0000] {logging_mixin.py:190} INFO - [2025-12-13T10:40:15.461+0000] {dag.py:3239} INFO - Sync 1 DAGs
[2025-12-13T10:40:15.490+0000] {logging_mixin.py:190} INFO - [2025-12-13T10:40:15.489+0000] {dag.py:4180} INFO - Setting next_dagrun for example_trigger_target_dag to None, run_after=None
[2025-12-13T10:40:15.524+0000] {processor.py:208} INFO - Processing /home/airflow/.local/lib/python3.12/site-packages/airflow/example_dags/example_trigger_target_dag.py took 0.128 seconds
[2025-12-13T10:40:46.195+0000] {processor.py:186} INFO - Started process (PID=3082) to work on /home/airflow/.local/lib/python3.12/site-packages/airflow/example_dags/example_trigger_target_dag.py
[2025-12-13T10:40:46.197+0000] {processor.py:914} INFO - Processing file /home/airflow/.local/lib/python3.12/site-packages/airflow/example_dags/example_trigger_target_dag.py for tasks to queue
[2025-12-13T10:40:46.203+0000] {logging_mixin.py:190} INFO - [2025-12-13T10:40:46.203+0000] {dagbag.py:588} INFO - Filling up the DagBag from /home/airflow/.local/lib/python3.12/site-packages/airflow/example_dags/example_trigger_target_dag.py
[2025-12-13T10:40:46.529+0000] {processor.py:925} INFO - DAG(s) 'example_trigger_target_dag' retrieved from /home/airflow/.local/lib/python3.12/site-packages/airflow/example_dags/example_trigger_target_dag.py
[2025-12-13T10:40:46.560+0000] {logging_mixin.py:190} INFO - [2025-12-13T10:40:46.559+0000] {dag.py:3239} INFO - Sync 1 DAGs
[2025-12-13T10:40:46.586+0000] {logging_mixin.py:190} INFO - [2025-12-13T10:40:46.586+0000] {dag.py:4180} INFO - Setting next_dagrun for example_trigger_target_dag to None, run_after=None
[2025-12-13T10:40:46.627+0000] {processor.py:208} INFO - Processing /home/airflow/.local/lib/python3.12/site-packages/airflow/example_dags/example_trigger_target_dag.py took 0.445 seconds
[2025-12-13T10:41:17.529+0000] {processor.py:186} INFO - Started process (PID=3145) to work on /home/airflow/.local/lib/python3.12/site-packages/airflow/example_dags/example_trigger_target_dag.py
[2025-12-13T10:41:17.531+0000] {processor.py:914} INFO - Processing file /home/airflow/.local/lib/python3.12/site-packages/airflow/example_dags/example_trigger_target_dag.py for tasks to queue
[2025-12-13T10:41:17.538+0000] {logging_mixin.py:190} INFO - [2025-12-13T10:41:17.537+0000] {dagbag.py:588} INFO - Filling up the DagBag from /home/airflow/.local/lib/python3.12/site-packages/airflow/example_dags/example_trigger_target_dag.py
[2025-12-13T10:41:17.553+0000] {processor.py:925} INFO - DAG(s) 'example_trigger_target_dag' retrieved from /home/airflow/.local/lib/python3.12/site-packages/airflow/example_dags/example_trigger_target_dag.py
[2025-12-13T10:41:17.581+0000] {logging_mixin.py:190} INFO - [2025-12-13T10:41:17.580+0000] {dag.py:3239} INFO - Sync 1 DAGs
[2025-12-13T10:41:17.606+0000] {logging_mixin.py:190} INFO - [2025-12-13T10:41:17.605+0000] {dag.py:4180} INFO - Setting next_dagrun for example_trigger_target_dag to None, run_after=None
[2025-12-13T10:41:17.634+0000] {processor.py:208} INFO - Processing /home/airflow/.local/lib/python3.12/site-packages/airflow/example_dags/example_trigger_target_dag.py took 0.118 seconds
[2025-12-13T10:41:48.120+0000] {processor.py:186} INFO - Started process (PID=3208) to work on /home/airflow/.local/lib/python3.12/site-packages/airflow/example_dags/example_trigger_target_dag.py
[2025-12-13T10:41:48.123+0000] {processor.py:914} INFO - Processing file /home/airflow/.local/lib/python3.12/site-packages/airflow/example_dags/example_trigger_target_dag.py for tasks to queue
[2025-12-13T10:41:48.129+0000] {logging_mixin.py:190} INFO - [2025-12-13T10:41:48.128+0000] {dagbag.py:588} INFO - Filling up the DagBag from /home/airflow/.local/lib/python3.12/site-packages/airflow/example_dags/example_trigger_target_dag.py
[2025-12-13T10:41:48.145+0000] {processor.py:925} INFO - DAG(s) 'example_trigger_target_dag' retrieved from /home/airflow/.local/lib/python3.12/site-packages/airflow/example_dags/example_trigger_target_dag.py
[2025-12-13T10:41:48.191+0000] {logging_mixin.py:190} INFO - [2025-12-13T10:41:48.190+0000] {dag.py:3239} INFO - Sync 1 DAGs
[2025-12-13T10:41:48.225+0000] {logging_mixin.py:190} INFO - [2025-12-13T10:41:48.225+0000] {dag.py:4180} INFO - Setting next_dagrun for example_trigger_target_dag to None, run_after=None
[2025-12-13T10:41:48.266+0000] {processor.py:208} INFO - Processing /home/airflow/.local/lib/python3.12/site-packages/airflow/example_dags/example_trigger_target_dag.py took 0.163 seconds
[2025-12-13T10:42:19.158+0000] {processor.py:186} INFO - Started process (PID=3271) to work on /home/airflow/.local/lib/python3.12/site-packages/airflow/example_dags/example_trigger_target_dag.py
[2025-12-13T10:42:19.159+0000] {processor.py:914} INFO - Processing file /home/airflow/.local/lib/python3.12/site-packages/airflow/example_dags/example_trigger_target_dag.py for tasks to queue
[2025-12-13T10:42:19.163+0000] {logging_mixin.py:190} INFO - [2025-12-13T10:42:19.163+0000] {dagbag.py:588} INFO - Filling up the DagBag from /home/airflow/.local/lib/python3.12/site-packages/airflow/example_dags/example_trigger_target_dag.py
[2025-12-13T10:42:19.187+0000] {processor.py:925} INFO - DAG(s) 'example_trigger_target_dag' retrieved from /home/airflow/.local/lib/python3.12/site-packages/airflow/example_dags/example_trigger_target_dag.py
[2025-12-13T10:42:19.228+0000] {logging_mixin.py:190} INFO - [2025-12-13T10:42:19.228+0000] {dag.py:3239} INFO - Sync 1 DAGs
[2025-12-13T10:42:19.260+0000] {logging_mixin.py:190} INFO - [2025-12-13T10:42:19.259+0000] {dag.py:4180} INFO - Setting next_dagrun for example_trigger_target_dag to None, run_after=None
[2025-12-13T10:42:19.309+0000] {processor.py:208} INFO - Processing /home/airflow/.local/lib/python3.12/site-packages/airflow/example_dags/example_trigger_target_dag.py took 0.165 seconds
[2025-12-13T10:42:49.415+0000] {processor.py:186} INFO - Started process (PID=3334) to work on /home/airflow/.local/lib/python3.12/site-packages/airflow/example_dags/example_trigger_target_dag.py
[2025-12-13T10:42:49.418+0000] {processor.py:914} INFO - Processing file /home/airflow/.local/lib/python3.12/site-packages/airflow/example_dags/example_trigger_target_dag.py for tasks to queue
[2025-12-13T10:42:49.430+0000] {logging_mixin.py:190} INFO - [2025-12-13T10:42:49.427+0000] {dagbag.py:588} INFO - Filling up the DagBag from /home/airflow/.local/lib/python3.12/site-packages/airflow/example_dags/example_trigger_target_dag.py
[2025-12-13T10:42:49.464+0000] {processor.py:925} INFO - DAG(s) 'example_trigger_target_dag' retrieved from /home/airflow/.local/lib/python3.12/site-packages/airflow/example_dags/example_trigger_target_dag.py
[2025-12-13T10:42:49.545+0000] {logging_mixin.py:190} INFO - [2025-12-13T10:42:49.544+0000] {dag.py:3239} INFO - Sync 1 DAGs
[2025-12-13T10:42:49.668+0000] {logging_mixin.py:190} INFO - [2025-12-13T10:42:49.668+0000] {dag.py:4180} INFO - Setting next_dagrun for example_trigger_target_dag to None, run_after=None
[2025-12-13T10:42:49.792+0000] {processor.py:208} INFO - Processing /home/airflow/.local/lib/python3.12/site-packages/airflow/example_dags/example_trigger_target_dag.py took 0.397 seconds
[2025-12-13T10:43:20.186+0000] {processor.py:186} INFO - Started process (PID=3397) to work on /home/airflow/.local/lib/python3.12/site-packages/airflow/example_dags/example_trigger_target_dag.py
[2025-12-13T10:43:20.189+0000] {processor.py:914} INFO - Processing file /home/airflow/.local/lib/python3.12/site-packages/airflow/example_dags/example_trigger_target_dag.py for tasks to queue
[2025-12-13T10:43:20.209+0000] {logging_mixin.py:190} INFO - [2025-12-13T10:43:20.208+0000] {dagbag.py:588} INFO - Filling up the DagBag from /home/airflow/.local/lib/python3.12/site-packages/airflow/example_dags/example_trigger_target_dag.py
[2025-12-13T10:43:20.273+0000] {processor.py:925} INFO - DAG(s) 'example_trigger_target_dag' retrieved from /home/airflow/.local/lib/python3.12/site-packages/airflow/example_dags/example_trigger_target_dag.py
[2025-12-13T10:43:20.360+0000] {logging_mixin.py:190} INFO - [2025-12-13T10:43:20.359+0000] {dag.py:3239} INFO - Sync 1 DAGs
[2025-12-13T10:43:20.432+0000] {logging_mixin.py:190} INFO - [2025-12-13T10:43:20.430+0000] {dag.py:4180} INFO - Setting next_dagrun for example_trigger_target_dag to None, run_after=None
[2025-12-13T10:43:20.507+0000] {processor.py:208} INFO - Processing /home/airflow/.local/lib/python3.12/site-packages/airflow/example_dags/example_trigger_target_dag.py took 0.365 seconds
[2025-12-13T10:43:51.438+0000] {processor.py:186} INFO - Started process (PID=3466) to work on /home/airflow/.local/lib/python3.12/site-packages/airflow/example_dags/example_trigger_target_dag.py
[2025-12-13T10:43:51.439+0000] {processor.py:914} INFO - Processing file /home/airflow/.local/lib/python3.12/site-packages/airflow/example_dags/example_trigger_target_dag.py for tasks to queue
[2025-12-13T10:43:51.451+0000] {logging_mixin.py:190} INFO - [2025-12-13T10:43:51.450+0000] {dagbag.py:588} INFO - Filling up the DagBag from /home/airflow/.local/lib/python3.12/site-packages/airflow/example_dags/example_trigger_target_dag.py
[2025-12-13T10:43:51.477+0000] {processor.py:925} INFO - DAG(s) 'example_trigger_target_dag' retrieved from /home/airflow/.local/lib/python3.12/site-packages/airflow/example_dags/example_trigger_target_dag.py
[2025-12-13T10:43:51.538+0000] {logging_mixin.py:190} INFO - [2025-12-13T10:43:51.538+0000] {dag.py:3239} INFO - Sync 1 DAGs
[2025-12-13T10:43:51.590+0000] {logging_mixin.py:190} INFO - [2025-12-13T10:43:51.589+0000] {dag.py:4180} INFO - Setting next_dagrun for example_trigger_target_dag to None, run_after=None
[2025-12-13T10:43:51.650+0000] {processor.py:208} INFO - Processing /home/airflow/.local/lib/python3.12/site-packages/airflow/example_dags/example_trigger_target_dag.py took 0.234 seconds
[2025-12-13T10:44:22.910+0000] {processor.py:186} INFO - Started process (PID=3529) to work on /home/airflow/.local/lib/python3.12/site-packages/airflow/example_dags/example_trigger_target_dag.py
[2025-12-13T10:44:22.913+0000] {processor.py:914} INFO - Processing file /home/airflow/.local/lib/python3.12/site-packages/airflow/example_dags/example_trigger_target_dag.py for tasks to queue
[2025-12-13T10:44:22.926+0000] {logging_mixin.py:190} INFO - [2025-12-13T10:44:22.924+0000] {dagbag.py:588} INFO - Filling up the DagBag from /home/airflow/.local/lib/python3.12/site-packages/airflow/example_dags/example_trigger_target_dag.py
[2025-12-13T10:44:22.960+0000] {processor.py:925} INFO - DAG(s) 'example_trigger_target_dag' retrieved from /home/airflow/.local/lib/python3.12/site-packages/airflow/example_dags/example_trigger_target_dag.py
[2025-12-13T10:44:23.042+0000] {logging_mixin.py:190} INFO - [2025-12-13T10:44:23.041+0000] {dag.py:3239} INFO - Sync 1 DAGs
[2025-12-13T10:44:23.119+0000] {logging_mixin.py:190} INFO - [2025-12-13T10:44:23.118+0000] {dag.py:4180} INFO - Setting next_dagrun for example_trigger_target_dag to None, run_after=None
[2025-12-13T10:44:23.192+0000] {processor.py:208} INFO - Processing /home/airflow/.local/lib/python3.12/site-packages/airflow/example_dags/example_trigger_target_dag.py took 0.331 seconds
[2025-12-13T10:44:54.150+0000] {processor.py:186} INFO - Started process (PID=3591) to work on /home/airflow/.local/lib/python3.12/site-packages/airflow/example_dags/example_trigger_target_dag.py
[2025-12-13T10:44:54.151+0000] {processor.py:914} INFO - Processing file /home/airflow/.local/lib/python3.12/site-packages/airflow/example_dags/example_trigger_target_dag.py for tasks to queue
[2025-12-13T10:44:54.157+0000] {logging_mixin.py:190} INFO - [2025-12-13T10:44:54.156+0000] {dagbag.py:588} INFO - Filling up the DagBag from /home/airflow/.local/lib/python3.12/site-packages/airflow/example_dags/example_trigger_target_dag.py
[2025-12-13T10:44:54.172+0000] {processor.py:925} INFO - DAG(s) 'example_trigger_target_dag' retrieved from /home/airflow/.local/lib/python3.12/site-packages/airflow/example_dags/example_trigger_target_dag.py
[2025-12-13T10:44:54.209+0000] {logging_mixin.py:190} INFO - [2025-12-13T10:44:54.208+0000] {dag.py:3239} INFO - Sync 1 DAGs
[2025-12-13T10:44:54.257+0000] {logging_mixin.py:190} INFO - [2025-12-13T10:44:54.257+0000] {dag.py:4180} INFO - Setting next_dagrun for example_trigger_target_dag to None, run_after=None
[2025-12-13T10:44:54.316+0000] {processor.py:208} INFO - Processing /home/airflow/.local/lib/python3.12/site-packages/airflow/example_dags/example_trigger_target_dag.py took 0.181 seconds
[2025-12-13T10:45:24.658+0000] {processor.py:186} INFO - Started process (PID=3654) to work on /home/airflow/.local/lib/python3.12/site-packages/airflow/example_dags/example_trigger_target_dag.py
[2025-12-13T10:45:24.661+0000] {processor.py:914} INFO - Processing file /home/airflow/.local/lib/python3.12/site-packages/airflow/example_dags/example_trigger_target_dag.py for tasks to queue
[2025-12-13T10:45:24.666+0000] {logging_mixin.py:190} INFO - [2025-12-13T10:45:24.665+0000] {dagbag.py:588} INFO - Filling up the DagBag from /home/airflow/.local/lib/python3.12/site-packages/airflow/example_dags/example_trigger_target_dag.py
[2025-12-13T10:45:24.679+0000] {processor.py:925} INFO - DAG(s) 'example_trigger_target_dag' retrieved from /home/airflow/.local/lib/python3.12/site-packages/airflow/example_dags/example_trigger_target_dag.py
[2025-12-13T10:45:24.715+0000] {logging_mixin.py:190} INFO - [2025-12-13T10:45:24.714+0000] {dag.py:3239} INFO - Sync 1 DAGs
[2025-12-13T10:45:24.742+0000] {logging_mixin.py:190} INFO - [2025-12-13T10:45:24.742+0000] {dag.py:4180} INFO - Setting next_dagrun for example_trigger_target_dag to None, run_after=None
[2025-12-13T10:45:24.771+0000] {processor.py:208} INFO - Processing /home/airflow/.local/lib/python3.12/site-packages/airflow/example_dags/example_trigger_target_dag.py took 0.126 seconds
[2025-12-13T10:45:54.965+0000] {processor.py:186} INFO - Started process (PID=3716) to work on /home/airflow/.local/lib/python3.12/site-packages/airflow/example_dags/example_trigger_target_dag.py
[2025-12-13T10:45:54.966+0000] {processor.py:914} INFO - Processing file /home/airflow/.local/lib/python3.12/site-packages/airflow/example_dags/example_trigger_target_dag.py for tasks to queue
[2025-12-13T10:45:54.971+0000] {logging_mixin.py:190} INFO - [2025-12-13T10:45:54.970+0000] {dagbag.py:588} INFO - Filling up the DagBag from /home/airflow/.local/lib/python3.12/site-packages/airflow/example_dags/example_trigger_target_dag.py
[2025-12-13T10:45:54.986+0000] {processor.py:925} INFO - DAG(s) 'example_trigger_target_dag' retrieved from /home/airflow/.local/lib/python3.12/site-packages/airflow/example_dags/example_trigger_target_dag.py
[2025-12-13T10:45:55.029+0000] {logging_mixin.py:190} INFO - [2025-12-13T10:45:55.028+0000] {dag.py:3239} INFO - Sync 1 DAGs
[2025-12-13T10:45:55.060+0000] {logging_mixin.py:190} INFO - [2025-12-13T10:45:55.059+0000] {dag.py:4180} INFO - Setting next_dagrun for example_trigger_target_dag to None, run_after=None
[2025-12-13T10:45:55.095+0000] {processor.py:208} INFO - Processing /home/airflow/.local/lib/python3.12/site-packages/airflow/example_dags/example_trigger_target_dag.py took 0.141 seconds
[2025-12-13T10:46:25.752+0000] {processor.py:186} INFO - Started process (PID=3779) to work on /home/airflow/.local/lib/python3.12/site-packages/airflow/example_dags/example_trigger_target_dag.py
[2025-12-13T10:46:25.754+0000] {processor.py:914} INFO - Processing file /home/airflow/.local/lib/python3.12/site-packages/airflow/example_dags/example_trigger_target_dag.py for tasks to queue
[2025-12-13T10:46:25.764+0000] {logging_mixin.py:190} INFO - [2025-12-13T10:46:25.760+0000] {dagbag.py:588} INFO - Filling up the DagBag from /home/airflow/.local/lib/python3.12/site-packages/airflow/example_dags/example_trigger_target_dag.py
[2025-12-13T10:46:25.786+0000] {processor.py:925} INFO - DAG(s) 'example_trigger_target_dag' retrieved from /home/airflow/.local/lib/python3.12/site-packages/airflow/example_dags/example_trigger_target_dag.py
[2025-12-13T10:46:25.855+0000] {logging_mixin.py:190} INFO - [2025-12-13T10:46:25.855+0000] {dag.py:3239} INFO - Sync 1 DAGs
[2025-12-13T10:46:25.883+0000] {logging_mixin.py:190} INFO - [2025-12-13T10:46:25.883+0000] {dag.py:4180} INFO - Setting next_dagrun for example_trigger_target_dag to None, run_after=None
[2025-12-13T10:46:25.917+0000] {processor.py:208} INFO - Processing /home/airflow/.local/lib/python3.12/site-packages/airflow/example_dags/example_trigger_target_dag.py took 0.188 seconds
[2025-12-13T10:46:56.446+0000] {processor.py:186} INFO - Started process (PID=3841) to work on /home/airflow/.local/lib/python3.12/site-packages/airflow/example_dags/example_trigger_target_dag.py
[2025-12-13T10:46:56.454+0000] {processor.py:914} INFO - Processing file /home/airflow/.local/lib/python3.12/site-packages/airflow/example_dags/example_trigger_target_dag.py for tasks to queue
[2025-12-13T10:46:56.480+0000] {logging_mixin.py:190} INFO - [2025-12-13T10:46:56.477+0000] {dagbag.py:588} INFO - Filling up the DagBag from /home/airflow/.local/lib/python3.12/site-packages/airflow/example_dags/example_trigger_target_dag.py
[2025-12-13T10:46:56.523+0000] {processor.py:925} INFO - DAG(s) 'example_trigger_target_dag' retrieved from /home/airflow/.local/lib/python3.12/site-packages/airflow/example_dags/example_trigger_target_dag.py
[2025-12-13T10:46:56.614+0000] {logging_mixin.py:190} INFO - [2025-12-13T10:46:56.614+0000] {dag.py:3239} INFO - Sync 1 DAGs
[2025-12-13T10:46:56.646+0000] {logging_mixin.py:190} INFO - [2025-12-13T10:46:56.646+0000] {dag.py:4180} INFO - Setting next_dagrun for example_trigger_target_dag to None, run_after=None
[2025-12-13T10:46:56.702+0000] {processor.py:208} INFO - Processing /home/airflow/.local/lib/python3.12/site-packages/airflow/example_dags/example_trigger_target_dag.py took 0.309 seconds
