[2025-12-13T10:16:00.369+0000] {processor.py:186} INFO - Started process (PID=78) to work on /home/airflow/.local/lib/python3.12/site-packages/airflow/example_dags/example_kubernetes_executor.py
[2025-12-13T10:16:00.370+0000] {processor.py:914} INFO - Processing file /home/airflow/.local/lib/python3.12/site-packages/airflow/example_dags/example_kubernetes_executor.py for tasks to queue
[2025-12-13T10:16:00.374+0000] {logging_mixin.py:190} INFO - [2025-12-13T10:16:00.374+0000] {dagbag.py:588} INFO - Filling up the DagBag from /home/airflow/.local/lib/python3.12/site-packages/airflow/example_dags/example_kubernetes_executor.py
[2025-12-13T10:16:00.413+0000] {processor.py:925} INFO - DAG(s) 'example_kubernetes_executor' retrieved from /home/airflow/.local/lib/python3.12/site-packages/airflow/example_dags/example_kubernetes_executor.py
[2025-12-13T10:16:00.739+0000] {logging_mixin.py:190} INFO - [2025-12-13T10:16:00.738+0000] {override.py:1911} INFO - Created Permission View: can edit on DAG:example_kubernetes_executor
[2025-12-13T10:16:00.760+0000] {logging_mixin.py:190} INFO - [2025-12-13T10:16:00.760+0000] {override.py:1911} INFO - Created Permission View: can delete on DAG:example_kubernetes_executor
[2025-12-13T10:16:00.782+0000] {logging_mixin.py:190} INFO - [2025-12-13T10:16:00.781+0000] {override.py:1911} INFO - Created Permission View: can read on DAG:example_kubernetes_executor
[2025-12-13T10:16:00.801+0000] {logging_mixin.py:190} INFO - [2025-12-13T10:16:00.800+0000] {override.py:1911} INFO - Created Permission View: can create on DAG Run:example_kubernetes_executor
[2025-12-13T10:16:00.824+0000] {logging_mixin.py:190} INFO - [2025-12-13T10:16:00.824+0000] {override.py:1911} INFO - Created Permission View: can delete on DAG Run:example_kubernetes_executor
[2025-12-13T10:16:00.844+0000] {logging_mixin.py:190} INFO - [2025-12-13T10:16:00.844+0000] {override.py:1911} INFO - Created Permission View: menu access on DAG Run:example_kubernetes_executor
[2025-12-13T10:16:00.868+0000] {logging_mixin.py:190} INFO - [2025-12-13T10:16:00.868+0000] {override.py:1911} INFO - Created Permission View: can read on DAG Run:example_kubernetes_executor
[2025-12-13T10:16:00.869+0000] {logging_mixin.py:190} INFO - [2025-12-13T10:16:00.869+0000] {dag.py:3239} INFO - Sync 1 DAGs
[2025-12-13T10:16:00.895+0000] {logging_mixin.py:190} INFO - [2025-12-13T10:16:00.894+0000] {dag.py:3262} INFO - Creating ORM DAG for example_kubernetes_executor
[2025-12-13T10:16:00.896+0000] {logging_mixin.py:190} INFO - [2025-12-13T10:16:00.896+0000] {dag.py:4180} INFO - Setting next_dagrun for example_kubernetes_executor to None, run_after=None
[2025-12-13T10:16:00.931+0000] {processor.py:208} INFO - Processing /home/airflow/.local/lib/python3.12/site-packages/airflow/example_dags/example_kubernetes_executor.py took 0.574 seconds
[2025-12-13T10:16:31.600+0000] {processor.py:186} INFO - Started process (PID=140) to work on /home/airflow/.local/lib/python3.12/site-packages/airflow/example_dags/example_kubernetes_executor.py
[2025-12-13T10:16:31.601+0000] {processor.py:914} INFO - Processing file /home/airflow/.local/lib/python3.12/site-packages/airflow/example_dags/example_kubernetes_executor.py for tasks to queue
[2025-12-13T10:16:31.606+0000] {logging_mixin.py:190} INFO - [2025-12-13T10:16:31.605+0000] {dagbag.py:588} INFO - Filling up the DagBag from /home/airflow/.local/lib/python3.12/site-packages/airflow/example_dags/example_kubernetes_executor.py
[2025-12-13T10:16:31.631+0000] {processor.py:925} INFO - DAG(s) 'example_kubernetes_executor' retrieved from /home/airflow/.local/lib/python3.12/site-packages/airflow/example_dags/example_kubernetes_executor.py
[2025-12-13T10:16:31.696+0000] {logging_mixin.py:190} INFO - [2025-12-13T10:16:31.696+0000] {dag.py:3239} INFO - Sync 1 DAGs
[2025-12-13T10:16:31.720+0000] {logging_mixin.py:190} INFO - [2025-12-13T10:16:31.719+0000] {dag.py:4180} INFO - Setting next_dagrun for example_kubernetes_executor to None, run_after=None
[2025-12-13T10:16:31.756+0000] {processor.py:208} INFO - Processing /home/airflow/.local/lib/python3.12/site-packages/airflow/example_dags/example_kubernetes_executor.py took 0.164 seconds
[2025-12-13T10:17:02.197+0000] {processor.py:186} INFO - Started process (PID=203) to work on /home/airflow/.local/lib/python3.12/site-packages/airflow/example_dags/example_kubernetes_executor.py
[2025-12-13T10:17:02.198+0000] {processor.py:914} INFO - Processing file /home/airflow/.local/lib/python3.12/site-packages/airflow/example_dags/example_kubernetes_executor.py for tasks to queue
[2025-12-13T10:17:02.203+0000] {logging_mixin.py:190} INFO - [2025-12-13T10:17:02.202+0000] {dagbag.py:588} INFO - Filling up the DagBag from /home/airflow/.local/lib/python3.12/site-packages/airflow/example_dags/example_kubernetes_executor.py
[2025-12-13T10:17:02.234+0000] {processor.py:925} INFO - DAG(s) 'example_kubernetes_executor' retrieved from /home/airflow/.local/lib/python3.12/site-packages/airflow/example_dags/example_kubernetes_executor.py
[2025-12-13T10:17:02.319+0000] {logging_mixin.py:190} INFO - [2025-12-13T10:17:02.318+0000] {dag.py:3239} INFO - Sync 1 DAGs
[2025-12-13T10:17:02.402+0000] {logging_mixin.py:190} INFO - [2025-12-13T10:17:02.402+0000] {dag.py:4180} INFO - Setting next_dagrun for example_kubernetes_executor to None, run_after=None
[2025-12-13T10:17:02.475+0000] {processor.py:208} INFO - Processing /home/airflow/.local/lib/python3.12/site-packages/airflow/example_dags/example_kubernetes_executor.py took 0.302 seconds
[2025-12-13T10:17:32.741+0000] {processor.py:186} INFO - Started process (PID=265) to work on /home/airflow/.local/lib/python3.12/site-packages/airflow/example_dags/example_kubernetes_executor.py
[2025-12-13T10:17:32.743+0000] {processor.py:914} INFO - Processing file /home/airflow/.local/lib/python3.12/site-packages/airflow/example_dags/example_kubernetes_executor.py for tasks to queue
[2025-12-13T10:17:32.748+0000] {logging_mixin.py:190} INFO - [2025-12-13T10:17:32.747+0000] {dagbag.py:588} INFO - Filling up the DagBag from /home/airflow/.local/lib/python3.12/site-packages/airflow/example_dags/example_kubernetes_executor.py
[2025-12-13T10:17:32.779+0000] {processor.py:925} INFO - DAG(s) 'example_kubernetes_executor' retrieved from /home/airflow/.local/lib/python3.12/site-packages/airflow/example_dags/example_kubernetes_executor.py
[2025-12-13T10:17:32.851+0000] {logging_mixin.py:190} INFO - [2025-12-13T10:17:32.850+0000] {dag.py:3239} INFO - Sync 1 DAGs
[2025-12-13T10:17:32.882+0000] {logging_mixin.py:190} INFO - [2025-12-13T10:17:32.882+0000] {dag.py:4180} INFO - Setting next_dagrun for example_kubernetes_executor to None, run_after=None
[2025-12-13T10:17:32.929+0000] {processor.py:208} INFO - Processing /home/airflow/.local/lib/python3.12/site-packages/airflow/example_dags/example_kubernetes_executor.py took 0.199 seconds
[2025-12-13T10:18:03.046+0000] {processor.py:186} INFO - Started process (PID=328) to work on /home/airflow/.local/lib/python3.12/site-packages/airflow/example_dags/example_kubernetes_executor.py
[2025-12-13T10:18:03.047+0000] {processor.py:914} INFO - Processing file /home/airflow/.local/lib/python3.12/site-packages/airflow/example_dags/example_kubernetes_executor.py for tasks to queue
[2025-12-13T10:18:03.052+0000] {logging_mixin.py:190} INFO - [2025-12-13T10:18:03.051+0000] {dagbag.py:588} INFO - Filling up the DagBag from /home/airflow/.local/lib/python3.12/site-packages/airflow/example_dags/example_kubernetes_executor.py
[2025-12-13T10:18:03.085+0000] {processor.py:925} INFO - DAG(s) 'example_kubernetes_executor' retrieved from /home/airflow/.local/lib/python3.12/site-packages/airflow/example_dags/example_kubernetes_executor.py
[2025-12-13T10:18:03.160+0000] {logging_mixin.py:190} INFO - [2025-12-13T10:18:03.160+0000] {dag.py:3239} INFO - Sync 1 DAGs
[2025-12-13T10:18:03.189+0000] {logging_mixin.py:190} INFO - [2025-12-13T10:18:03.188+0000] {dag.py:4180} INFO - Setting next_dagrun for example_kubernetes_executor to None, run_after=None
[2025-12-13T10:18:03.224+0000] {processor.py:208} INFO - Processing /home/airflow/.local/lib/python3.12/site-packages/airflow/example_dags/example_kubernetes_executor.py took 0.191 seconds
[2025-12-13T10:18:33.622+0000] {processor.py:186} INFO - Started process (PID=391) to work on /home/airflow/.local/lib/python3.12/site-packages/airflow/example_dags/example_kubernetes_executor.py
[2025-12-13T10:18:33.624+0000] {processor.py:914} INFO - Processing file /home/airflow/.local/lib/python3.12/site-packages/airflow/example_dags/example_kubernetes_executor.py for tasks to queue
[2025-12-13T10:18:33.627+0000] {logging_mixin.py:190} INFO - [2025-12-13T10:18:33.627+0000] {dagbag.py:588} INFO - Filling up the DagBag from /home/airflow/.local/lib/python3.12/site-packages/airflow/example_dags/example_kubernetes_executor.py
[2025-12-13T10:18:33.649+0000] {processor.py:925} INFO - DAG(s) 'example_kubernetes_executor' retrieved from /home/airflow/.local/lib/python3.12/site-packages/airflow/example_dags/example_kubernetes_executor.py
[2025-12-13T10:18:33.718+0000] {logging_mixin.py:190} INFO - [2025-12-13T10:18:33.717+0000] {dag.py:3239} INFO - Sync 1 DAGs
[2025-12-13T10:18:33.742+0000] {logging_mixin.py:190} INFO - [2025-12-13T10:18:33.742+0000] {dag.py:4180} INFO - Setting next_dagrun for example_kubernetes_executor to None, run_after=None
[2025-12-13T10:18:33.775+0000] {processor.py:208} INFO - Processing /home/airflow/.local/lib/python3.12/site-packages/airflow/example_dags/example_kubernetes_executor.py took 0.164 seconds
[2025-12-13T10:19:04.593+0000] {processor.py:186} INFO - Started process (PID=453) to work on /home/airflow/.local/lib/python3.12/site-packages/airflow/example_dags/example_kubernetes_executor.py
[2025-12-13T10:19:04.594+0000] {processor.py:914} INFO - Processing file /home/airflow/.local/lib/python3.12/site-packages/airflow/example_dags/example_kubernetes_executor.py for tasks to queue
[2025-12-13T10:19:04.598+0000] {logging_mixin.py:190} INFO - [2025-12-13T10:19:04.597+0000] {dagbag.py:588} INFO - Filling up the DagBag from /home/airflow/.local/lib/python3.12/site-packages/airflow/example_dags/example_kubernetes_executor.py
[2025-12-13T10:19:04.625+0000] {processor.py:925} INFO - DAG(s) 'example_kubernetes_executor' retrieved from /home/airflow/.local/lib/python3.12/site-packages/airflow/example_dags/example_kubernetes_executor.py
[2025-12-13T10:19:04.698+0000] {logging_mixin.py:190} INFO - [2025-12-13T10:19:04.697+0000] {dag.py:3239} INFO - Sync 1 DAGs
[2025-12-13T10:19:04.727+0000] {logging_mixin.py:190} INFO - [2025-12-13T10:19:04.727+0000] {dag.py:4180} INFO - Setting next_dagrun for example_kubernetes_executor to None, run_after=None
[2025-12-13T10:19:04.756+0000] {processor.py:208} INFO - Processing /home/airflow/.local/lib/python3.12/site-packages/airflow/example_dags/example_kubernetes_executor.py took 0.176 seconds
[2025-12-13T10:19:35.499+0000] {processor.py:186} INFO - Started process (PID=516) to work on /home/airflow/.local/lib/python3.12/site-packages/airflow/example_dags/example_kubernetes_executor.py
[2025-12-13T10:19:35.501+0000] {processor.py:914} INFO - Processing file /home/airflow/.local/lib/python3.12/site-packages/airflow/example_dags/example_kubernetes_executor.py for tasks to queue
[2025-12-13T10:19:35.505+0000] {logging_mixin.py:190} INFO - [2025-12-13T10:19:35.505+0000] {dagbag.py:588} INFO - Filling up the DagBag from /home/airflow/.local/lib/python3.12/site-packages/airflow/example_dags/example_kubernetes_executor.py
[2025-12-13T10:19:35.539+0000] {processor.py:925} INFO - DAG(s) 'example_kubernetes_executor' retrieved from /home/airflow/.local/lib/python3.12/site-packages/airflow/example_dags/example_kubernetes_executor.py
[2025-12-13T10:19:35.655+0000] {logging_mixin.py:190} INFO - [2025-12-13T10:19:35.655+0000] {dag.py:3239} INFO - Sync 1 DAGs
[2025-12-13T10:19:35.688+0000] {logging_mixin.py:190} INFO - [2025-12-13T10:19:35.687+0000] {dag.py:4180} INFO - Setting next_dagrun for example_kubernetes_executor to None, run_after=None
[2025-12-13T10:19:35.731+0000] {processor.py:208} INFO - Processing /home/airflow/.local/lib/python3.12/site-packages/airflow/example_dags/example_kubernetes_executor.py took 0.245 seconds
[2025-12-13T10:20:06.662+0000] {processor.py:186} INFO - Started process (PID=578) to work on /home/airflow/.local/lib/python3.12/site-packages/airflow/example_dags/example_kubernetes_executor.py
[2025-12-13T10:20:06.663+0000] {processor.py:914} INFO - Processing file /home/airflow/.local/lib/python3.12/site-packages/airflow/example_dags/example_kubernetes_executor.py for tasks to queue
[2025-12-13T10:20:06.668+0000] {logging_mixin.py:190} INFO - [2025-12-13T10:20:06.668+0000] {dagbag.py:588} INFO - Filling up the DagBag from /home/airflow/.local/lib/python3.12/site-packages/airflow/example_dags/example_kubernetes_executor.py
[2025-12-13T10:20:06.703+0000] {processor.py:925} INFO - DAG(s) 'example_kubernetes_executor' retrieved from /home/airflow/.local/lib/python3.12/site-packages/airflow/example_dags/example_kubernetes_executor.py
[2025-12-13T10:20:06.806+0000] {logging_mixin.py:190} INFO - [2025-12-13T10:20:06.806+0000] {dag.py:3239} INFO - Sync 1 DAGs
[2025-12-13T10:20:06.849+0000] {logging_mixin.py:190} INFO - [2025-12-13T10:20:06.849+0000] {dag.py:4180} INFO - Setting next_dagrun for example_kubernetes_executor to None, run_after=None
[2025-12-13T10:20:06.923+0000] {processor.py:208} INFO - Processing /home/airflow/.local/lib/python3.12/site-packages/airflow/example_dags/example_kubernetes_executor.py took 0.276 seconds
[2025-12-13T10:20:37.060+0000] {processor.py:186} INFO - Started process (PID=641) to work on /home/airflow/.local/lib/python3.12/site-packages/airflow/example_dags/example_kubernetes_executor.py
[2025-12-13T10:20:37.062+0000] {processor.py:914} INFO - Processing file /home/airflow/.local/lib/python3.12/site-packages/airflow/example_dags/example_kubernetes_executor.py for tasks to queue
[2025-12-13T10:20:37.067+0000] {logging_mixin.py:190} INFO - [2025-12-13T10:20:37.066+0000] {dagbag.py:588} INFO - Filling up the DagBag from /home/airflow/.local/lib/python3.12/site-packages/airflow/example_dags/example_kubernetes_executor.py
[2025-12-13T10:20:37.095+0000] {processor.py:925} INFO - DAG(s) 'example_kubernetes_executor' retrieved from /home/airflow/.local/lib/python3.12/site-packages/airflow/example_dags/example_kubernetes_executor.py
[2025-12-13T10:20:37.164+0000] {logging_mixin.py:190} INFO - [2025-12-13T10:20:37.163+0000] {dag.py:3239} INFO - Sync 1 DAGs
[2025-12-13T10:20:37.194+0000] {logging_mixin.py:190} INFO - [2025-12-13T10:20:37.193+0000] {dag.py:4180} INFO - Setting next_dagrun for example_kubernetes_executor to None, run_after=None
[2025-12-13T10:20:37.225+0000] {processor.py:208} INFO - Processing /home/airflow/.local/lib/python3.12/site-packages/airflow/example_dags/example_kubernetes_executor.py took 0.181 seconds
[2025-12-13T10:21:08.191+0000] {processor.py:186} INFO - Started process (PID=704) to work on /home/airflow/.local/lib/python3.12/site-packages/airflow/example_dags/example_kubernetes_executor.py
[2025-12-13T10:21:08.193+0000] {processor.py:914} INFO - Processing file /home/airflow/.local/lib/python3.12/site-packages/airflow/example_dags/example_kubernetes_executor.py for tasks to queue
[2025-12-13T10:21:08.197+0000] {logging_mixin.py:190} INFO - [2025-12-13T10:21:08.196+0000] {dagbag.py:588} INFO - Filling up the DagBag from /home/airflow/.local/lib/python3.12/site-packages/airflow/example_dags/example_kubernetes_executor.py
[2025-12-13T10:21:08.229+0000] {processor.py:925} INFO - DAG(s) 'example_kubernetes_executor' retrieved from /home/airflow/.local/lib/python3.12/site-packages/airflow/example_dags/example_kubernetes_executor.py
[2025-12-13T10:21:08.308+0000] {logging_mixin.py:190} INFO - [2025-12-13T10:21:08.307+0000] {dag.py:3239} INFO - Sync 1 DAGs
[2025-12-13T10:21:08.340+0000] {logging_mixin.py:190} INFO - [2025-12-13T10:21:08.340+0000] {dag.py:4180} INFO - Setting next_dagrun for example_kubernetes_executor to None, run_after=None
[2025-12-13T10:21:08.381+0000] {processor.py:208} INFO - Processing /home/airflow/.local/lib/python3.12/site-packages/airflow/example_dags/example_kubernetes_executor.py took 0.202 seconds
[2025-12-13T10:21:39.073+0000] {processor.py:186} INFO - Started process (PID=766) to work on /home/airflow/.local/lib/python3.12/site-packages/airflow/example_dags/example_kubernetes_executor.py
[2025-12-13T10:21:39.074+0000] {processor.py:914} INFO - Processing file /home/airflow/.local/lib/python3.12/site-packages/airflow/example_dags/example_kubernetes_executor.py for tasks to queue
[2025-12-13T10:21:39.077+0000] {logging_mixin.py:190} INFO - [2025-12-13T10:21:39.077+0000] {dagbag.py:588} INFO - Filling up the DagBag from /home/airflow/.local/lib/python3.12/site-packages/airflow/example_dags/example_kubernetes_executor.py
[2025-12-13T10:21:39.101+0000] {processor.py:925} INFO - DAG(s) 'example_kubernetes_executor' retrieved from /home/airflow/.local/lib/python3.12/site-packages/airflow/example_dags/example_kubernetes_executor.py
[2025-12-13T10:21:39.184+0000] {logging_mixin.py:190} INFO - [2025-12-13T10:21:39.183+0000] {dag.py:3239} INFO - Sync 1 DAGs
[2025-12-13T10:21:39.216+0000] {logging_mixin.py:190} INFO - [2025-12-13T10:21:39.216+0000] {dag.py:4180} INFO - Setting next_dagrun for example_kubernetes_executor to None, run_after=None
[2025-12-13T10:21:39.250+0000] {processor.py:208} INFO - Processing /home/airflow/.local/lib/python3.12/site-packages/airflow/example_dags/example_kubernetes_executor.py took 0.188 seconds
[2025-12-13T10:22:10.935+0000] {processor.py:186} INFO - Started process (PID=829) to work on /home/airflow/.local/lib/python3.12/site-packages/airflow/example_dags/example_kubernetes_executor.py
[2025-12-13T10:22:10.937+0000] {processor.py:914} INFO - Processing file /home/airflow/.local/lib/python3.12/site-packages/airflow/example_dags/example_kubernetes_executor.py for tasks to queue
[2025-12-13T10:22:10.941+0000] {logging_mixin.py:190} INFO - [2025-12-13T10:22:10.941+0000] {dagbag.py:588} INFO - Filling up the DagBag from /home/airflow/.local/lib/python3.12/site-packages/airflow/example_dags/example_kubernetes_executor.py
[2025-12-13T10:22:10.970+0000] {processor.py:925} INFO - DAG(s) 'example_kubernetes_executor' retrieved from /home/airflow/.local/lib/python3.12/site-packages/airflow/example_dags/example_kubernetes_executor.py
[2025-12-13T10:22:11.043+0000] {logging_mixin.py:190} INFO - [2025-12-13T10:22:11.043+0000] {dag.py:3239} INFO - Sync 1 DAGs
[2025-12-13T10:22:11.078+0000] {logging_mixin.py:190} INFO - [2025-12-13T10:22:11.077+0000] {dag.py:4180} INFO - Setting next_dagrun for example_kubernetes_executor to None, run_after=None
[2025-12-13T10:22:11.110+0000] {processor.py:208} INFO - Processing /home/airflow/.local/lib/python3.12/site-packages/airflow/example_dags/example_kubernetes_executor.py took 0.187 seconds
[2025-12-13T10:22:42.172+0000] {processor.py:186} INFO - Started process (PID=881) to work on /home/airflow/.local/lib/python3.12/site-packages/airflow/example_dags/example_kubernetes_executor.py
[2025-12-13T10:22:42.177+0000] {processor.py:914} INFO - Processing file /home/airflow/.local/lib/python3.12/site-packages/airflow/example_dags/example_kubernetes_executor.py for tasks to queue
[2025-12-13T10:22:42.184+0000] {logging_mixin.py:190} INFO - [2025-12-13T10:22:42.183+0000] {dagbag.py:588} INFO - Filling up the DagBag from /home/airflow/.local/lib/python3.12/site-packages/airflow/example_dags/example_kubernetes_executor.py
[2025-12-13T10:22:42.245+0000] {processor.py:925} INFO - DAG(s) 'example_kubernetes_executor' retrieved from /home/airflow/.local/lib/python3.12/site-packages/airflow/example_dags/example_kubernetes_executor.py
[2025-12-13T10:22:42.343+0000] {logging_mixin.py:190} INFO - [2025-12-13T10:22:42.342+0000] {dag.py:3239} INFO - Sync 1 DAGs
[2025-12-13T10:22:42.376+0000] {logging_mixin.py:190} INFO - [2025-12-13T10:22:42.375+0000] {dag.py:4180} INFO - Setting next_dagrun for example_kubernetes_executor to None, run_after=None
[2025-12-13T10:22:42.440+0000] {processor.py:208} INFO - Processing /home/airflow/.local/lib/python3.12/site-packages/airflow/example_dags/example_kubernetes_executor.py took 0.293 seconds
[2025-12-13T10:23:13.165+0000] {processor.py:186} INFO - Started process (PID=944) to work on /home/airflow/.local/lib/python3.12/site-packages/airflow/example_dags/example_kubernetes_executor.py
[2025-12-13T10:23:13.167+0000] {processor.py:914} INFO - Processing file /home/airflow/.local/lib/python3.12/site-packages/airflow/example_dags/example_kubernetes_executor.py for tasks to queue
[2025-12-13T10:23:13.171+0000] {logging_mixin.py:190} INFO - [2025-12-13T10:23:13.171+0000] {dagbag.py:588} INFO - Filling up the DagBag from /home/airflow/.local/lib/python3.12/site-packages/airflow/example_dags/example_kubernetes_executor.py
[2025-12-13T10:23:13.199+0000] {processor.py:925} INFO - DAG(s) 'example_kubernetes_executor' retrieved from /home/airflow/.local/lib/python3.12/site-packages/airflow/example_dags/example_kubernetes_executor.py
[2025-12-13T10:23:13.257+0000] {logging_mixin.py:190} INFO - [2025-12-13T10:23:13.257+0000] {dag.py:3239} INFO - Sync 1 DAGs
[2025-12-13T10:23:13.281+0000] {logging_mixin.py:190} INFO - [2025-12-13T10:23:13.280+0000] {dag.py:4180} INFO - Setting next_dagrun for example_kubernetes_executor to None, run_after=None
[2025-12-13T10:23:13.311+0000] {processor.py:208} INFO - Processing /home/airflow/.local/lib/python3.12/site-packages/airflow/example_dags/example_kubernetes_executor.py took 0.156 seconds
[2025-12-13T10:23:43.384+0000] {processor.py:186} INFO - Started process (PID=1006) to work on /home/airflow/.local/lib/python3.12/site-packages/airflow/example_dags/example_kubernetes_executor.py
[2025-12-13T10:23:43.385+0000] {processor.py:914} INFO - Processing file /home/airflow/.local/lib/python3.12/site-packages/airflow/example_dags/example_kubernetes_executor.py for tasks to queue
[2025-12-13T10:23:43.389+0000] {logging_mixin.py:190} INFO - [2025-12-13T10:23:43.388+0000] {dagbag.py:588} INFO - Filling up the DagBag from /home/airflow/.local/lib/python3.12/site-packages/airflow/example_dags/example_kubernetes_executor.py
[2025-12-13T10:23:43.412+0000] {processor.py:925} INFO - DAG(s) 'example_kubernetes_executor' retrieved from /home/airflow/.local/lib/python3.12/site-packages/airflow/example_dags/example_kubernetes_executor.py
[2025-12-13T10:23:43.482+0000] {logging_mixin.py:190} INFO - [2025-12-13T10:23:43.482+0000] {dag.py:3239} INFO - Sync 1 DAGs
[2025-12-13T10:23:43.514+0000] {logging_mixin.py:190} INFO - [2025-12-13T10:23:43.514+0000] {dag.py:4180} INFO - Setting next_dagrun for example_kubernetes_executor to None, run_after=None
[2025-12-13T10:23:43.551+0000] {processor.py:208} INFO - Processing /home/airflow/.local/lib/python3.12/site-packages/airflow/example_dags/example_kubernetes_executor.py took 0.177 seconds
[2025-12-13T10:24:14.190+0000] {processor.py:186} INFO - Started process (PID=1067) to work on /home/airflow/.local/lib/python3.12/site-packages/airflow/example_dags/example_kubernetes_executor.py
[2025-12-13T10:24:14.192+0000] {processor.py:914} INFO - Processing file /home/airflow/.local/lib/python3.12/site-packages/airflow/example_dags/example_kubernetes_executor.py for tasks to queue
[2025-12-13T10:24:14.196+0000] {logging_mixin.py:190} INFO - [2025-12-13T10:24:14.196+0000] {dagbag.py:588} INFO - Filling up the DagBag from /home/airflow/.local/lib/python3.12/site-packages/airflow/example_dags/example_kubernetes_executor.py
[2025-12-13T10:24:14.225+0000] {processor.py:925} INFO - DAG(s) 'example_kubernetes_executor' retrieved from /home/airflow/.local/lib/python3.12/site-packages/airflow/example_dags/example_kubernetes_executor.py
[2025-12-13T10:24:14.291+0000] {logging_mixin.py:190} INFO - [2025-12-13T10:24:14.291+0000] {dag.py:3239} INFO - Sync 1 DAGs
[2025-12-13T10:24:14.321+0000] {logging_mixin.py:190} INFO - [2025-12-13T10:24:14.321+0000] {dag.py:4180} INFO - Setting next_dagrun for example_kubernetes_executor to None, run_after=None
[2025-12-13T10:24:14.351+0000] {processor.py:208} INFO - Processing /home/airflow/.local/lib/python3.12/site-packages/airflow/example_dags/example_kubernetes_executor.py took 0.172 seconds
[2025-12-13T10:24:45.710+0000] {processor.py:186} INFO - Started process (PID=1128) to work on /home/airflow/.local/lib/python3.12/site-packages/airflow/example_dags/example_kubernetes_executor.py
[2025-12-13T10:24:45.711+0000] {processor.py:914} INFO - Processing file /home/airflow/.local/lib/python3.12/site-packages/airflow/example_dags/example_kubernetes_executor.py for tasks to queue
[2025-12-13T10:24:45.716+0000] {logging_mixin.py:190} INFO - [2025-12-13T10:24:45.715+0000] {dagbag.py:588} INFO - Filling up the DagBag from /home/airflow/.local/lib/python3.12/site-packages/airflow/example_dags/example_kubernetes_executor.py
[2025-12-13T10:24:45.745+0000] {processor.py:925} INFO - DAG(s) 'example_kubernetes_executor' retrieved from /home/airflow/.local/lib/python3.12/site-packages/airflow/example_dags/example_kubernetes_executor.py
[2025-12-13T10:24:45.808+0000] {logging_mixin.py:190} INFO - [2025-12-13T10:24:45.807+0000] {dag.py:3239} INFO - Sync 1 DAGs
[2025-12-13T10:24:45.835+0000] {logging_mixin.py:190} INFO - [2025-12-13T10:24:45.835+0000] {dag.py:4180} INFO - Setting next_dagrun for example_kubernetes_executor to None, run_after=None
[2025-12-13T10:24:45.873+0000] {processor.py:208} INFO - Processing /home/airflow/.local/lib/python3.12/site-packages/airflow/example_dags/example_kubernetes_executor.py took 0.175 seconds
[2025-12-13T10:25:16.674+0000] {processor.py:186} INFO - Started process (PID=1189) to work on /home/airflow/.local/lib/python3.12/site-packages/airflow/example_dags/example_kubernetes_executor.py
[2025-12-13T10:25:16.675+0000] {processor.py:914} INFO - Processing file /home/airflow/.local/lib/python3.12/site-packages/airflow/example_dags/example_kubernetes_executor.py for tasks to queue
[2025-12-13T10:25:16.680+0000] {logging_mixin.py:190} INFO - [2025-12-13T10:25:16.679+0000] {dagbag.py:588} INFO - Filling up the DagBag from /home/airflow/.local/lib/python3.12/site-packages/airflow/example_dags/example_kubernetes_executor.py
[2025-12-13T10:25:16.703+0000] {processor.py:925} INFO - DAG(s) 'example_kubernetes_executor' retrieved from /home/airflow/.local/lib/python3.12/site-packages/airflow/example_dags/example_kubernetes_executor.py
[2025-12-13T10:25:16.762+0000] {logging_mixin.py:190} INFO - [2025-12-13T10:25:16.761+0000] {dag.py:3239} INFO - Sync 1 DAGs
[2025-12-13T10:25:16.785+0000] {logging_mixin.py:190} INFO - [2025-12-13T10:25:16.784+0000] {dag.py:4180} INFO - Setting next_dagrun for example_kubernetes_executor to None, run_after=None
[2025-12-13T10:25:16.810+0000] {processor.py:208} INFO - Processing /home/airflow/.local/lib/python3.12/site-packages/airflow/example_dags/example_kubernetes_executor.py took 0.148 seconds
[2025-12-13T10:25:47.346+0000] {processor.py:186} INFO - Started process (PID=1251) to work on /home/airflow/.local/lib/python3.12/site-packages/airflow/example_dags/example_kubernetes_executor.py
[2025-12-13T10:25:47.348+0000] {processor.py:914} INFO - Processing file /home/airflow/.local/lib/python3.12/site-packages/airflow/example_dags/example_kubernetes_executor.py for tasks to queue
[2025-12-13T10:25:47.353+0000] {logging_mixin.py:190} INFO - [2025-12-13T10:25:47.352+0000] {dagbag.py:588} INFO - Filling up the DagBag from /home/airflow/.local/lib/python3.12/site-packages/airflow/example_dags/example_kubernetes_executor.py
[2025-12-13T10:25:47.389+0000] {processor.py:925} INFO - DAG(s) 'example_kubernetes_executor' retrieved from /home/airflow/.local/lib/python3.12/site-packages/airflow/example_dags/example_kubernetes_executor.py
[2025-12-13T10:25:47.489+0000] {logging_mixin.py:190} INFO - [2025-12-13T10:25:47.488+0000] {dag.py:3239} INFO - Sync 1 DAGs
[2025-12-13T10:25:47.523+0000] {logging_mixin.py:190} INFO - [2025-12-13T10:25:47.523+0000] {dag.py:4180} INFO - Setting next_dagrun for example_kubernetes_executor to None, run_after=None
[2025-12-13T10:25:47.560+0000] {processor.py:208} INFO - Processing /home/airflow/.local/lib/python3.12/site-packages/airflow/example_dags/example_kubernetes_executor.py took 0.229 seconds
[2025-12-13T10:26:17.943+0000] {processor.py:186} INFO - Started process (PID=1313) to work on /home/airflow/.local/lib/python3.12/site-packages/airflow/example_dags/example_kubernetes_executor.py
[2025-12-13T10:26:17.944+0000] {processor.py:914} INFO - Processing file /home/airflow/.local/lib/python3.12/site-packages/airflow/example_dags/example_kubernetes_executor.py for tasks to queue
[2025-12-13T10:26:17.963+0000] {logging_mixin.py:190} INFO - [2025-12-13T10:26:17.956+0000] {dagbag.py:588} INFO - Filling up the DagBag from /home/airflow/.local/lib/python3.12/site-packages/airflow/example_dags/example_kubernetes_executor.py
[2025-12-13T10:26:17.991+0000] {processor.py:925} INFO - DAG(s) 'example_kubernetes_executor' retrieved from /home/airflow/.local/lib/python3.12/site-packages/airflow/example_dags/example_kubernetes_executor.py
[2025-12-13T10:26:18.105+0000] {logging_mixin.py:190} INFO - [2025-12-13T10:26:18.105+0000] {dag.py:3239} INFO - Sync 1 DAGs
[2025-12-13T10:26:18.151+0000] {logging_mixin.py:190} INFO - [2025-12-13T10:26:18.151+0000] {dag.py:4180} INFO - Setting next_dagrun for example_kubernetes_executor to None, run_after=None
[2025-12-13T10:26:18.231+0000] {processor.py:208} INFO - Processing /home/airflow/.local/lib/python3.12/site-packages/airflow/example_dags/example_kubernetes_executor.py took 0.339 seconds
[2025-12-13T10:26:48.960+0000] {processor.py:186} INFO - Started process (PID=1376) to work on /home/airflow/.local/lib/python3.12/site-packages/airflow/example_dags/example_kubernetes_executor.py
[2025-12-13T10:26:48.962+0000] {processor.py:914} INFO - Processing file /home/airflow/.local/lib/python3.12/site-packages/airflow/example_dags/example_kubernetes_executor.py for tasks to queue
[2025-12-13T10:26:48.969+0000] {logging_mixin.py:190} INFO - [2025-12-13T10:26:48.967+0000] {dagbag.py:588} INFO - Filling up the DagBag from /home/airflow/.local/lib/python3.12/site-packages/airflow/example_dags/example_kubernetes_executor.py
[2025-12-13T10:26:49.026+0000] {processor.py:925} INFO - DAG(s) 'example_kubernetes_executor' retrieved from /home/airflow/.local/lib/python3.12/site-packages/airflow/example_dags/example_kubernetes_executor.py
[2025-12-13T10:26:49.128+0000] {logging_mixin.py:190} INFO - [2025-12-13T10:26:49.127+0000] {dag.py:3239} INFO - Sync 1 DAGs
[2025-12-13T10:26:49.165+0000] {logging_mixin.py:190} INFO - [2025-12-13T10:26:49.165+0000] {dag.py:4180} INFO - Setting next_dagrun for example_kubernetes_executor to None, run_after=None
[2025-12-13T10:26:49.223+0000] {processor.py:208} INFO - Processing /home/airflow/.local/lib/python3.12/site-packages/airflow/example_dags/example_kubernetes_executor.py took 0.278 seconds
[2025-12-13T10:27:19.599+0000] {processor.py:186} INFO - Started process (PID=1439) to work on /home/airflow/.local/lib/python3.12/site-packages/airflow/example_dags/example_kubernetes_executor.py
[2025-12-13T10:27:19.600+0000] {processor.py:914} INFO - Processing file /home/airflow/.local/lib/python3.12/site-packages/airflow/example_dags/example_kubernetes_executor.py for tasks to queue
[2025-12-13T10:27:19.604+0000] {logging_mixin.py:190} INFO - [2025-12-13T10:27:19.603+0000] {dagbag.py:588} INFO - Filling up the DagBag from /home/airflow/.local/lib/python3.12/site-packages/airflow/example_dags/example_kubernetes_executor.py
[2025-12-13T10:27:19.630+0000] {processor.py:925} INFO - DAG(s) 'example_kubernetes_executor' retrieved from /home/airflow/.local/lib/python3.12/site-packages/airflow/example_dags/example_kubernetes_executor.py
[2025-12-13T10:27:19.702+0000] {logging_mixin.py:190} INFO - [2025-12-13T10:27:19.701+0000] {dag.py:3239} INFO - Sync 1 DAGs
[2025-12-13T10:27:19.729+0000] {logging_mixin.py:190} INFO - [2025-12-13T10:27:19.728+0000] {dag.py:4180} INFO - Setting next_dagrun for example_kubernetes_executor to None, run_after=None
[2025-12-13T10:27:19.764+0000] {processor.py:208} INFO - Processing /home/airflow/.local/lib/python3.12/site-packages/airflow/example_dags/example_kubernetes_executor.py took 0.177 seconds
[2025-12-13T10:27:50.331+0000] {processor.py:186} INFO - Started process (PID=1501) to work on /home/airflow/.local/lib/python3.12/site-packages/airflow/example_dags/example_kubernetes_executor.py
[2025-12-13T10:27:50.333+0000] {processor.py:914} INFO - Processing file /home/airflow/.local/lib/python3.12/site-packages/airflow/example_dags/example_kubernetes_executor.py for tasks to queue
[2025-12-13T10:27:50.338+0000] {logging_mixin.py:190} INFO - [2025-12-13T10:27:50.337+0000] {dagbag.py:588} INFO - Filling up the DagBag from /home/airflow/.local/lib/python3.12/site-packages/airflow/example_dags/example_kubernetes_executor.py
[2025-12-13T10:27:50.378+0000] {processor.py:925} INFO - DAG(s) 'example_kubernetes_executor' retrieved from /home/airflow/.local/lib/python3.12/site-packages/airflow/example_dags/example_kubernetes_executor.py
[2025-12-13T10:27:50.475+0000] {logging_mixin.py:190} INFO - [2025-12-13T10:27:50.474+0000] {dag.py:3239} INFO - Sync 1 DAGs
[2025-12-13T10:27:50.510+0000] {logging_mixin.py:190} INFO - [2025-12-13T10:27:50.510+0000] {dag.py:4180} INFO - Setting next_dagrun for example_kubernetes_executor to None, run_after=None
[2025-12-13T10:27:50.543+0000] {processor.py:208} INFO - Processing /home/airflow/.local/lib/python3.12/site-packages/airflow/example_dags/example_kubernetes_executor.py took 0.224 seconds
[2025-12-13T10:28:21.390+0000] {processor.py:186} INFO - Started process (PID=1569) to work on /home/airflow/.local/lib/python3.12/site-packages/airflow/example_dags/example_kubernetes_executor.py
[2025-12-13T10:28:21.394+0000] {processor.py:914} INFO - Processing file /home/airflow/.local/lib/python3.12/site-packages/airflow/example_dags/example_kubernetes_executor.py for tasks to queue
[2025-12-13T10:28:21.416+0000] {logging_mixin.py:190} INFO - [2025-12-13T10:28:21.415+0000] {dagbag.py:588} INFO - Filling up the DagBag from /home/airflow/.local/lib/python3.12/site-packages/airflow/example_dags/example_kubernetes_executor.py
[2025-12-13T10:28:21.676+0000] {processor.py:925} INFO - DAG(s) 'example_kubernetes_executor' retrieved from /home/airflow/.local/lib/python3.12/site-packages/airflow/example_dags/example_kubernetes_executor.py
[2025-12-13T10:28:22.047+0000] {logging_mixin.py:190} INFO - [2025-12-13T10:28:22.047+0000] {dag.py:3239} INFO - Sync 1 DAGs
[2025-12-13T10:28:22.090+0000] {logging_mixin.py:190} INFO - [2025-12-13T10:28:22.089+0000] {dag.py:4180} INFO - Setting next_dagrun for example_kubernetes_executor to None, run_after=None
[2025-12-13T10:28:22.124+0000] {processor.py:208} INFO - Processing /home/airflow/.local/lib/python3.12/site-packages/airflow/example_dags/example_kubernetes_executor.py took 0.803 seconds
[2025-12-13T10:28:52.697+0000] {processor.py:186} INFO - Started process (PID=1632) to work on /home/airflow/.local/lib/python3.12/site-packages/airflow/example_dags/example_kubernetes_executor.py
[2025-12-13T10:28:52.702+0000] {processor.py:914} INFO - Processing file /home/airflow/.local/lib/python3.12/site-packages/airflow/example_dags/example_kubernetes_executor.py for tasks to queue
[2025-12-13T10:28:52.707+0000] {logging_mixin.py:190} INFO - [2025-12-13T10:28:52.706+0000] {dagbag.py:588} INFO - Filling up the DagBag from /home/airflow/.local/lib/python3.12/site-packages/airflow/example_dags/example_kubernetes_executor.py
[2025-12-13T10:28:52.803+0000] {processor.py:925} INFO - DAG(s) 'example_kubernetes_executor' retrieved from /home/airflow/.local/lib/python3.12/site-packages/airflow/example_dags/example_kubernetes_executor.py
[2025-12-13T10:28:52.945+0000] {logging_mixin.py:190} INFO - [2025-12-13T10:28:52.943+0000] {dag.py:3239} INFO - Sync 1 DAGs
[2025-12-13T10:28:53.005+0000] {logging_mixin.py:190} INFO - [2025-12-13T10:28:53.005+0000] {dag.py:4180} INFO - Setting next_dagrun for example_kubernetes_executor to None, run_after=None
[2025-12-13T10:28:53.067+0000] {processor.py:208} INFO - Processing /home/airflow/.local/lib/python3.12/site-packages/airflow/example_dags/example_kubernetes_executor.py took 0.384 seconds
[2025-12-13T10:29:23.273+0000] {processor.py:186} INFO - Started process (PID=1694) to work on /home/airflow/.local/lib/python3.12/site-packages/airflow/example_dags/example_kubernetes_executor.py
[2025-12-13T10:29:23.276+0000] {processor.py:914} INFO - Processing file /home/airflow/.local/lib/python3.12/site-packages/airflow/example_dags/example_kubernetes_executor.py for tasks to queue
[2025-12-13T10:29:23.284+0000] {logging_mixin.py:190} INFO - [2025-12-13T10:29:23.284+0000] {dagbag.py:588} INFO - Filling up the DagBag from /home/airflow/.local/lib/python3.12/site-packages/airflow/example_dags/example_kubernetes_executor.py
[2025-12-13T10:29:23.351+0000] {processor.py:925} INFO - DAG(s) 'example_kubernetes_executor' retrieved from /home/airflow/.local/lib/python3.12/site-packages/airflow/example_dags/example_kubernetes_executor.py
[2025-12-13T10:29:23.468+0000] {logging_mixin.py:190} INFO - [2025-12-13T10:29:23.468+0000] {dag.py:3239} INFO - Sync 1 DAGs
[2025-12-13T10:29:23.513+0000] {logging_mixin.py:190} INFO - [2025-12-13T10:29:23.512+0000] {dag.py:4180} INFO - Setting next_dagrun for example_kubernetes_executor to None, run_after=None
[2025-12-13T10:29:23.573+0000] {processor.py:208} INFO - Processing /home/airflow/.local/lib/python3.12/site-packages/airflow/example_dags/example_kubernetes_executor.py took 0.319 seconds
[2025-12-13T10:29:54.513+0000] {processor.py:186} INFO - Started process (PID=1757) to work on /home/airflow/.local/lib/python3.12/site-packages/airflow/example_dags/example_kubernetes_executor.py
[2025-12-13T10:29:54.514+0000] {processor.py:914} INFO - Processing file /home/airflow/.local/lib/python3.12/site-packages/airflow/example_dags/example_kubernetes_executor.py for tasks to queue
[2025-12-13T10:29:54.517+0000] {logging_mixin.py:190} INFO - [2025-12-13T10:29:54.517+0000] {dagbag.py:588} INFO - Filling up the DagBag from /home/airflow/.local/lib/python3.12/site-packages/airflow/example_dags/example_kubernetes_executor.py
[2025-12-13T10:29:54.545+0000] {processor.py:925} INFO - DAG(s) 'example_kubernetes_executor' retrieved from /home/airflow/.local/lib/python3.12/site-packages/airflow/example_dags/example_kubernetes_executor.py
[2025-12-13T10:29:54.610+0000] {logging_mixin.py:190} INFO - [2025-12-13T10:29:54.610+0000] {dag.py:3239} INFO - Sync 1 DAGs
[2025-12-13T10:29:54.639+0000] {logging_mixin.py:190} INFO - [2025-12-13T10:29:54.639+0000] {dag.py:4180} INFO - Setting next_dagrun for example_kubernetes_executor to None, run_after=None
[2025-12-13T10:29:54.671+0000] {processor.py:208} INFO - Processing /home/airflow/.local/lib/python3.12/site-packages/airflow/example_dags/example_kubernetes_executor.py took 0.168 seconds
[2025-12-13T10:30:25.067+0000] {processor.py:186} INFO - Started process (PID=1820) to work on /home/airflow/.local/lib/python3.12/site-packages/airflow/example_dags/example_kubernetes_executor.py
[2025-12-13T10:30:25.069+0000] {processor.py:914} INFO - Processing file /home/airflow/.local/lib/python3.12/site-packages/airflow/example_dags/example_kubernetes_executor.py for tasks to queue
[2025-12-13T10:30:25.073+0000] {logging_mixin.py:190} INFO - [2025-12-13T10:30:25.073+0000] {dagbag.py:588} INFO - Filling up the DagBag from /home/airflow/.local/lib/python3.12/site-packages/airflow/example_dags/example_kubernetes_executor.py
[2025-12-13T10:30:25.108+0000] {processor.py:925} INFO - DAG(s) 'example_kubernetes_executor' retrieved from /home/airflow/.local/lib/python3.12/site-packages/airflow/example_dags/example_kubernetes_executor.py
[2025-12-13T10:30:25.192+0000] {logging_mixin.py:190} INFO - [2025-12-13T10:30:25.192+0000] {dag.py:3239} INFO - Sync 1 DAGs
[2025-12-13T10:30:25.221+0000] {logging_mixin.py:190} INFO - [2025-12-13T10:30:25.221+0000] {dag.py:4180} INFO - Setting next_dagrun for example_kubernetes_executor to None, run_after=None
[2025-12-13T10:30:25.250+0000] {processor.py:208} INFO - Processing /home/airflow/.local/lib/python3.12/site-packages/airflow/example_dags/example_kubernetes_executor.py took 0.192 seconds
[2025-12-13T10:30:56.055+0000] {processor.py:186} INFO - Started process (PID=1883) to work on /home/airflow/.local/lib/python3.12/site-packages/airflow/example_dags/example_kubernetes_executor.py
[2025-12-13T10:30:56.059+0000] {processor.py:914} INFO - Processing file /home/airflow/.local/lib/python3.12/site-packages/airflow/example_dags/example_kubernetes_executor.py for tasks to queue
[2025-12-13T10:30:56.068+0000] {logging_mixin.py:190} INFO - [2025-12-13T10:30:56.066+0000] {dagbag.py:588} INFO - Filling up the DagBag from /home/airflow/.local/lib/python3.12/site-packages/airflow/example_dags/example_kubernetes_executor.py
[2025-12-13T10:30:56.131+0000] {processor.py:925} INFO - DAG(s) 'example_kubernetes_executor' retrieved from /home/airflow/.local/lib/python3.12/site-packages/airflow/example_dags/example_kubernetes_executor.py
[2025-12-13T10:30:56.251+0000] {logging_mixin.py:190} INFO - [2025-12-13T10:30:56.250+0000] {dag.py:3239} INFO - Sync 1 DAGs
[2025-12-13T10:30:56.293+0000] {logging_mixin.py:190} INFO - [2025-12-13T10:30:56.291+0000] {dag.py:4180} INFO - Setting next_dagrun for example_kubernetes_executor to None, run_after=None
[2025-12-13T10:30:56.364+0000] {processor.py:208} INFO - Processing /home/airflow/.local/lib/python3.12/site-packages/airflow/example_dags/example_kubernetes_executor.py took 0.342 seconds
[2025-12-13T10:31:27.837+0000] {processor.py:186} INFO - Started process (PID=1945) to work on /home/airflow/.local/lib/python3.12/site-packages/airflow/example_dags/example_kubernetes_executor.py
[2025-12-13T10:31:27.838+0000] {processor.py:914} INFO - Processing file /home/airflow/.local/lib/python3.12/site-packages/airflow/example_dags/example_kubernetes_executor.py for tasks to queue
[2025-12-13T10:31:27.843+0000] {logging_mixin.py:190} INFO - [2025-12-13T10:31:27.842+0000] {dagbag.py:588} INFO - Filling up the DagBag from /home/airflow/.local/lib/python3.12/site-packages/airflow/example_dags/example_kubernetes_executor.py
[2025-12-13T10:31:27.878+0000] {processor.py:925} INFO - DAG(s) 'example_kubernetes_executor' retrieved from /home/airflow/.local/lib/python3.12/site-packages/airflow/example_dags/example_kubernetes_executor.py
[2025-12-13T10:31:27.957+0000] {logging_mixin.py:190} INFO - [2025-12-13T10:31:27.957+0000] {dag.py:3239} INFO - Sync 1 DAGs
[2025-12-13T10:31:27.989+0000] {logging_mixin.py:190} INFO - [2025-12-13T10:31:27.988+0000] {dag.py:4180} INFO - Setting next_dagrun for example_kubernetes_executor to None, run_after=None
[2025-12-13T10:31:28.023+0000] {processor.py:208} INFO - Processing /home/airflow/.local/lib/python3.12/site-packages/airflow/example_dags/example_kubernetes_executor.py took 0.197 seconds
[2025-12-13T10:31:59.664+0000] {processor.py:186} INFO - Started process (PID=2008) to work on /home/airflow/.local/lib/python3.12/site-packages/airflow/example_dags/example_kubernetes_executor.py
[2025-12-13T10:31:59.668+0000] {processor.py:914} INFO - Processing file /home/airflow/.local/lib/python3.12/site-packages/airflow/example_dags/example_kubernetes_executor.py for tasks to queue
[2025-12-13T10:31:59.676+0000] {logging_mixin.py:190} INFO - [2025-12-13T10:31:59.675+0000] {dagbag.py:588} INFO - Filling up the DagBag from /home/airflow/.local/lib/python3.12/site-packages/airflow/example_dags/example_kubernetes_executor.py
[2025-12-13T10:31:59.739+0000] {processor.py:925} INFO - DAG(s) 'example_kubernetes_executor' retrieved from /home/airflow/.local/lib/python3.12/site-packages/airflow/example_dags/example_kubernetes_executor.py
[2025-12-13T10:31:59.834+0000] {logging_mixin.py:190} INFO - [2025-12-13T10:31:59.833+0000] {dag.py:3239} INFO - Sync 1 DAGs
[2025-12-13T10:31:59.873+0000] {logging_mixin.py:190} INFO - [2025-12-13T10:31:59.873+0000] {dag.py:4180} INFO - Setting next_dagrun for example_kubernetes_executor to None, run_after=None
[2025-12-13T10:31:59.917+0000] {processor.py:208} INFO - Processing /home/airflow/.local/lib/python3.12/site-packages/airflow/example_dags/example_kubernetes_executor.py took 0.275 seconds
[2025-12-13T10:32:31.172+0000] {processor.py:186} INFO - Started process (PID=2071) to work on /home/airflow/.local/lib/python3.12/site-packages/airflow/example_dags/example_kubernetes_executor.py
[2025-12-13T10:32:31.174+0000] {processor.py:914} INFO - Processing file /home/airflow/.local/lib/python3.12/site-packages/airflow/example_dags/example_kubernetes_executor.py for tasks to queue
[2025-12-13T10:32:31.178+0000] {logging_mixin.py:190} INFO - [2025-12-13T10:32:31.177+0000] {dagbag.py:588} INFO - Filling up the DagBag from /home/airflow/.local/lib/python3.12/site-packages/airflow/example_dags/example_kubernetes_executor.py
[2025-12-13T10:32:31.207+0000] {processor.py:925} INFO - DAG(s) 'example_kubernetes_executor' retrieved from /home/airflow/.local/lib/python3.12/site-packages/airflow/example_dags/example_kubernetes_executor.py
[2025-12-13T10:32:31.280+0000] {logging_mixin.py:190} INFO - [2025-12-13T10:32:31.279+0000] {dag.py:3239} INFO - Sync 1 DAGs
[2025-12-13T10:32:31.312+0000] {logging_mixin.py:190} INFO - [2025-12-13T10:32:31.312+0000] {dag.py:4180} INFO - Setting next_dagrun for example_kubernetes_executor to None, run_after=None
[2025-12-13T10:32:31.345+0000] {processor.py:208} INFO - Processing /home/airflow/.local/lib/python3.12/site-packages/airflow/example_dags/example_kubernetes_executor.py took 0.185 seconds
[2025-12-13T10:33:01.844+0000] {processor.py:186} INFO - Started process (PID=2133) to work on /home/airflow/.local/lib/python3.12/site-packages/airflow/example_dags/example_kubernetes_executor.py
[2025-12-13T10:33:01.845+0000] {processor.py:914} INFO - Processing file /home/airflow/.local/lib/python3.12/site-packages/airflow/example_dags/example_kubernetes_executor.py for tasks to queue
[2025-12-13T10:33:01.849+0000] {logging_mixin.py:190} INFO - [2025-12-13T10:33:01.849+0000] {dagbag.py:588} INFO - Filling up the DagBag from /home/airflow/.local/lib/python3.12/site-packages/airflow/example_dags/example_kubernetes_executor.py
[2025-12-13T10:33:01.886+0000] {processor.py:925} INFO - DAG(s) 'example_kubernetes_executor' retrieved from /home/airflow/.local/lib/python3.12/site-packages/airflow/example_dags/example_kubernetes_executor.py
[2025-12-13T10:33:01.967+0000] {logging_mixin.py:190} INFO - [2025-12-13T10:33:01.966+0000] {dag.py:3239} INFO - Sync 1 DAGs
[2025-12-13T10:33:02.005+0000] {logging_mixin.py:190} INFO - [2025-12-13T10:33:02.004+0000] {dag.py:4180} INFO - Setting next_dagrun for example_kubernetes_executor to None, run_after=None
[2025-12-13T10:33:02.042+0000] {processor.py:208} INFO - Processing /home/airflow/.local/lib/python3.12/site-packages/airflow/example_dags/example_kubernetes_executor.py took 0.212 seconds
[2025-12-13T10:33:32.144+0000] {processor.py:186} INFO - Started process (PID=2195) to work on /home/airflow/.local/lib/python3.12/site-packages/airflow/example_dags/example_kubernetes_executor.py
[2025-12-13T10:33:32.145+0000] {processor.py:914} INFO - Processing file /home/airflow/.local/lib/python3.12/site-packages/airflow/example_dags/example_kubernetes_executor.py for tasks to queue
[2025-12-13T10:33:32.148+0000] {logging_mixin.py:190} INFO - [2025-12-13T10:33:32.148+0000] {dagbag.py:588} INFO - Filling up the DagBag from /home/airflow/.local/lib/python3.12/site-packages/airflow/example_dags/example_kubernetes_executor.py
[2025-12-13T10:33:32.175+0000] {processor.py:925} INFO - DAG(s) 'example_kubernetes_executor' retrieved from /home/airflow/.local/lib/python3.12/site-packages/airflow/example_dags/example_kubernetes_executor.py
[2025-12-13T10:33:32.244+0000] {logging_mixin.py:190} INFO - [2025-12-13T10:33:32.244+0000] {dag.py:3239} INFO - Sync 1 DAGs
[2025-12-13T10:33:32.273+0000] {logging_mixin.py:190} INFO - [2025-12-13T10:33:32.272+0000] {dag.py:4180} INFO - Setting next_dagrun for example_kubernetes_executor to None, run_after=None
[2025-12-13T10:33:32.302+0000] {processor.py:208} INFO - Processing /home/airflow/.local/lib/python3.12/site-packages/airflow/example_dags/example_kubernetes_executor.py took 0.169 seconds
[2025-12-13T10:34:02.652+0000] {processor.py:186} INFO - Started process (PID=2258) to work on /home/airflow/.local/lib/python3.12/site-packages/airflow/example_dags/example_kubernetes_executor.py
[2025-12-13T10:34:02.656+0000] {processor.py:914} INFO - Processing file /home/airflow/.local/lib/python3.12/site-packages/airflow/example_dags/example_kubernetes_executor.py for tasks to queue
[2025-12-13T10:34:02.675+0000] {logging_mixin.py:190} INFO - [2025-12-13T10:34:02.671+0000] {dagbag.py:588} INFO - Filling up the DagBag from /home/airflow/.local/lib/python3.12/site-packages/airflow/example_dags/example_kubernetes_executor.py
[2025-12-13T10:34:02.723+0000] {processor.py:925} INFO - DAG(s) 'example_kubernetes_executor' retrieved from /home/airflow/.local/lib/python3.12/site-packages/airflow/example_dags/example_kubernetes_executor.py
[2025-12-13T10:34:02.832+0000] {logging_mixin.py:190} INFO - [2025-12-13T10:34:02.831+0000] {dag.py:3239} INFO - Sync 1 DAGs
[2025-12-13T10:34:02.875+0000] {logging_mixin.py:190} INFO - [2025-12-13T10:34:02.874+0000] {dag.py:4180} INFO - Setting next_dagrun for example_kubernetes_executor to None, run_after=None
[2025-12-13T10:34:02.931+0000] {processor.py:208} INFO - Processing /home/airflow/.local/lib/python3.12/site-packages/airflow/example_dags/example_kubernetes_executor.py took 0.298 seconds
[2025-12-13T10:34:33.139+0000] {processor.py:186} INFO - Started process (PID=2321) to work on /home/airflow/.local/lib/python3.12/site-packages/airflow/example_dags/example_kubernetes_executor.py
[2025-12-13T10:34:33.140+0000] {processor.py:914} INFO - Processing file /home/airflow/.local/lib/python3.12/site-packages/airflow/example_dags/example_kubernetes_executor.py for tasks to queue
[2025-12-13T10:34:33.144+0000] {logging_mixin.py:190} INFO - [2025-12-13T10:34:33.144+0000] {dagbag.py:588} INFO - Filling up the DagBag from /home/airflow/.local/lib/python3.12/site-packages/airflow/example_dags/example_kubernetes_executor.py
[2025-12-13T10:34:33.175+0000] {processor.py:925} INFO - DAG(s) 'example_kubernetes_executor' retrieved from /home/airflow/.local/lib/python3.12/site-packages/airflow/example_dags/example_kubernetes_executor.py
[2025-12-13T10:34:33.244+0000] {logging_mixin.py:190} INFO - [2025-12-13T10:34:33.244+0000] {dag.py:3239} INFO - Sync 1 DAGs
[2025-12-13T10:34:33.277+0000] {logging_mixin.py:190} INFO - [2025-12-13T10:34:33.277+0000] {dag.py:4180} INFO - Setting next_dagrun for example_kubernetes_executor to None, run_after=None
[2025-12-13T10:34:33.308+0000] {processor.py:208} INFO - Processing /home/airflow/.local/lib/python3.12/site-packages/airflow/example_dags/example_kubernetes_executor.py took 0.183 seconds
[2025-12-13T10:35:03.465+0000] {processor.py:186} INFO - Started process (PID=2383) to work on /home/airflow/.local/lib/python3.12/site-packages/airflow/example_dags/example_kubernetes_executor.py
[2025-12-13T10:35:03.466+0000] {processor.py:914} INFO - Processing file /home/airflow/.local/lib/python3.12/site-packages/airflow/example_dags/example_kubernetes_executor.py for tasks to queue
[2025-12-13T10:35:03.470+0000] {logging_mixin.py:190} INFO - [2025-12-13T10:35:03.470+0000] {dagbag.py:588} INFO - Filling up the DagBag from /home/airflow/.local/lib/python3.12/site-packages/airflow/example_dags/example_kubernetes_executor.py
[2025-12-13T10:35:03.507+0000] {processor.py:925} INFO - DAG(s) 'example_kubernetes_executor' retrieved from /home/airflow/.local/lib/python3.12/site-packages/airflow/example_dags/example_kubernetes_executor.py
[2025-12-13T10:35:03.574+0000] {logging_mixin.py:190} INFO - [2025-12-13T10:35:03.574+0000] {dag.py:3239} INFO - Sync 1 DAGs
[2025-12-13T10:35:03.599+0000] {logging_mixin.py:190} INFO - [2025-12-13T10:35:03.598+0000] {dag.py:4180} INFO - Setting next_dagrun for example_kubernetes_executor to None, run_after=None
[2025-12-13T10:35:03.627+0000] {processor.py:208} INFO - Processing /home/airflow/.local/lib/python3.12/site-packages/airflow/example_dags/example_kubernetes_executor.py took 0.174 seconds
[2025-12-13T10:35:33.716+0000] {processor.py:186} INFO - Started process (PID=2445) to work on /home/airflow/.local/lib/python3.12/site-packages/airflow/example_dags/example_kubernetes_executor.py
[2025-12-13T10:35:33.717+0000] {processor.py:914} INFO - Processing file /home/airflow/.local/lib/python3.12/site-packages/airflow/example_dags/example_kubernetes_executor.py for tasks to queue
[2025-12-13T10:35:33.722+0000] {logging_mixin.py:190} INFO - [2025-12-13T10:35:33.721+0000] {dagbag.py:588} INFO - Filling up the DagBag from /home/airflow/.local/lib/python3.12/site-packages/airflow/example_dags/example_kubernetes_executor.py
[2025-12-13T10:35:33.754+0000] {processor.py:925} INFO - DAG(s) 'example_kubernetes_executor' retrieved from /home/airflow/.local/lib/python3.12/site-packages/airflow/example_dags/example_kubernetes_executor.py
[2025-12-13T10:35:33.825+0000] {logging_mixin.py:190} INFO - [2025-12-13T10:35:33.825+0000] {dag.py:3239} INFO - Sync 1 DAGs
[2025-12-13T10:35:33.853+0000] {logging_mixin.py:190} INFO - [2025-12-13T10:35:33.852+0000] {dag.py:4180} INFO - Setting next_dagrun for example_kubernetes_executor to None, run_after=None
[2025-12-13T10:35:33.891+0000] {processor.py:208} INFO - Processing /home/airflow/.local/lib/python3.12/site-packages/airflow/example_dags/example_kubernetes_executor.py took 0.187 seconds
[2025-12-13T10:36:04.487+0000] {processor.py:186} INFO - Started process (PID=2508) to work on /home/airflow/.local/lib/python3.12/site-packages/airflow/example_dags/example_kubernetes_executor.py
[2025-12-13T10:36:04.490+0000] {processor.py:914} INFO - Processing file /home/airflow/.local/lib/python3.12/site-packages/airflow/example_dags/example_kubernetes_executor.py for tasks to queue
[2025-12-13T10:36:04.495+0000] {logging_mixin.py:190} INFO - [2025-12-13T10:36:04.494+0000] {dagbag.py:588} INFO - Filling up the DagBag from /home/airflow/.local/lib/python3.12/site-packages/airflow/example_dags/example_kubernetes_executor.py
[2025-12-13T10:36:04.551+0000] {processor.py:925} INFO - DAG(s) 'example_kubernetes_executor' retrieved from /home/airflow/.local/lib/python3.12/site-packages/airflow/example_dags/example_kubernetes_executor.py
[2025-12-13T10:36:04.749+0000] {logging_mixin.py:190} INFO - [2025-12-13T10:36:04.748+0000] {dag.py:3239} INFO - Sync 1 DAGs
[2025-12-13T10:36:04.844+0000] {logging_mixin.py:190} INFO - [2025-12-13T10:36:04.844+0000] {dag.py:4180} INFO - Setting next_dagrun for example_kubernetes_executor to None, run_after=None
[2025-12-13T10:36:04.939+0000] {processor.py:208} INFO - Processing /home/airflow/.local/lib/python3.12/site-packages/airflow/example_dags/example_kubernetes_executor.py took 0.527 seconds
[2025-12-13T10:36:35.415+0000] {processor.py:186} INFO - Started process (PID=2571) to work on /home/airflow/.local/lib/python3.12/site-packages/airflow/example_dags/example_kubernetes_executor.py
[2025-12-13T10:36:35.416+0000] {processor.py:914} INFO - Processing file /home/airflow/.local/lib/python3.12/site-packages/airflow/example_dags/example_kubernetes_executor.py for tasks to queue
[2025-12-13T10:36:35.425+0000] {logging_mixin.py:190} INFO - [2025-12-13T10:36:35.424+0000] {dagbag.py:588} INFO - Filling up the DagBag from /home/airflow/.local/lib/python3.12/site-packages/airflow/example_dags/example_kubernetes_executor.py
[2025-12-13T10:36:35.466+0000] {processor.py:925} INFO - DAG(s) 'example_kubernetes_executor' retrieved from /home/airflow/.local/lib/python3.12/site-packages/airflow/example_dags/example_kubernetes_executor.py
[2025-12-13T10:36:35.542+0000] {logging_mixin.py:190} INFO - [2025-12-13T10:36:35.541+0000] {dag.py:3239} INFO - Sync 1 DAGs
[2025-12-13T10:36:35.573+0000] {logging_mixin.py:190} INFO - [2025-12-13T10:36:35.573+0000] {dag.py:4180} INFO - Setting next_dagrun for example_kubernetes_executor to None, run_after=None
[2025-12-13T10:36:35.607+0000] {processor.py:208} INFO - Processing /home/airflow/.local/lib/python3.12/site-packages/airflow/example_dags/example_kubernetes_executor.py took 0.209 seconds
[2025-12-13T10:37:06.623+0000] {processor.py:186} INFO - Started process (PID=2634) to work on /home/airflow/.local/lib/python3.12/site-packages/airflow/example_dags/example_kubernetes_executor.py
[2025-12-13T10:37:06.624+0000] {processor.py:914} INFO - Processing file /home/airflow/.local/lib/python3.12/site-packages/airflow/example_dags/example_kubernetes_executor.py for tasks to queue
[2025-12-13T10:37:06.629+0000] {logging_mixin.py:190} INFO - [2025-12-13T10:37:06.628+0000] {dagbag.py:588} INFO - Filling up the DagBag from /home/airflow/.local/lib/python3.12/site-packages/airflow/example_dags/example_kubernetes_executor.py
[2025-12-13T10:37:06.661+0000] {processor.py:925} INFO - DAG(s) 'example_kubernetes_executor' retrieved from /home/airflow/.local/lib/python3.12/site-packages/airflow/example_dags/example_kubernetes_executor.py
[2025-12-13T10:37:06.736+0000] {logging_mixin.py:190} INFO - [2025-12-13T10:37:06.736+0000] {dag.py:3239} INFO - Sync 1 DAGs
[2025-12-13T10:37:06.767+0000] {logging_mixin.py:190} INFO - [2025-12-13T10:37:06.767+0000] {dag.py:4180} INFO - Setting next_dagrun for example_kubernetes_executor to None, run_after=None
[2025-12-13T10:37:06.812+0000] {processor.py:208} INFO - Processing /home/airflow/.local/lib/python3.12/site-packages/airflow/example_dags/example_kubernetes_executor.py took 0.203 seconds
[2025-12-13T10:37:37.448+0000] {processor.py:186} INFO - Started process (PID=2696) to work on /home/airflow/.local/lib/python3.12/site-packages/airflow/example_dags/example_kubernetes_executor.py
[2025-12-13T10:37:37.449+0000] {processor.py:914} INFO - Processing file /home/airflow/.local/lib/python3.12/site-packages/airflow/example_dags/example_kubernetes_executor.py for tasks to queue
[2025-12-13T10:37:37.454+0000] {logging_mixin.py:190} INFO - [2025-12-13T10:37:37.454+0000] {dagbag.py:588} INFO - Filling up the DagBag from /home/airflow/.local/lib/python3.12/site-packages/airflow/example_dags/example_kubernetes_executor.py
[2025-12-13T10:37:37.486+0000] {processor.py:925} INFO - DAG(s) 'example_kubernetes_executor' retrieved from /home/airflow/.local/lib/python3.12/site-packages/airflow/example_dags/example_kubernetes_executor.py
[2025-12-13T10:37:37.579+0000] {logging_mixin.py:190} INFO - [2025-12-13T10:37:37.578+0000] {dag.py:3239} INFO - Sync 1 DAGs
[2025-12-13T10:37:37.608+0000] {logging_mixin.py:190} INFO - [2025-12-13T10:37:37.608+0000] {dag.py:4180} INFO - Setting next_dagrun for example_kubernetes_executor to None, run_after=None
[2025-12-13T10:37:37.650+0000] {processor.py:208} INFO - Processing /home/airflow/.local/lib/python3.12/site-packages/airflow/example_dags/example_kubernetes_executor.py took 0.219 seconds
[2025-12-13T10:38:07.844+0000] {processor.py:186} INFO - Started process (PID=2759) to work on /home/airflow/.local/lib/python3.12/site-packages/airflow/example_dags/example_kubernetes_executor.py
[2025-12-13T10:38:07.846+0000] {processor.py:914} INFO - Processing file /home/airflow/.local/lib/python3.12/site-packages/airflow/example_dags/example_kubernetes_executor.py for tasks to queue
[2025-12-13T10:38:07.851+0000] {logging_mixin.py:190} INFO - [2025-12-13T10:38:07.850+0000] {dagbag.py:588} INFO - Filling up the DagBag from /home/airflow/.local/lib/python3.12/site-packages/airflow/example_dags/example_kubernetes_executor.py
[2025-12-13T10:38:07.905+0000] {processor.py:925} INFO - DAG(s) 'example_kubernetes_executor' retrieved from /home/airflow/.local/lib/python3.12/site-packages/airflow/example_dags/example_kubernetes_executor.py
[2025-12-13T10:38:08.016+0000] {logging_mixin.py:190} INFO - [2025-12-13T10:38:08.016+0000] {dag.py:3239} INFO - Sync 1 DAGs
[2025-12-13T10:38:08.068+0000] {logging_mixin.py:190} INFO - [2025-12-13T10:38:08.067+0000] {dag.py:4180} INFO - Setting next_dagrun for example_kubernetes_executor to None, run_after=None
[2025-12-13T10:38:08.110+0000] {processor.py:208} INFO - Processing /home/airflow/.local/lib/python3.12/site-packages/airflow/example_dags/example_kubernetes_executor.py took 0.281 seconds
[2025-12-13T10:38:38.638+0000] {processor.py:186} INFO - Started process (PID=2823) to work on /home/airflow/.local/lib/python3.12/site-packages/airflow/example_dags/example_kubernetes_executor.py
[2025-12-13T10:38:38.640+0000] {processor.py:914} INFO - Processing file /home/airflow/.local/lib/python3.12/site-packages/airflow/example_dags/example_kubernetes_executor.py for tasks to queue
[2025-12-13T10:38:38.644+0000] {logging_mixin.py:190} INFO - [2025-12-13T10:38:38.644+0000] {dagbag.py:588} INFO - Filling up the DagBag from /home/airflow/.local/lib/python3.12/site-packages/airflow/example_dags/example_kubernetes_executor.py
[2025-12-13T10:38:38.684+0000] {processor.py:925} INFO - DAG(s) 'example_kubernetes_executor' retrieved from /home/airflow/.local/lib/python3.12/site-packages/airflow/example_dags/example_kubernetes_executor.py
[2025-12-13T10:38:39.298+0000] {logging_mixin.py:190} INFO - [2025-12-13T10:38:39.298+0000] {dag.py:3239} INFO - Sync 1 DAGs
[2025-12-13T10:38:39.340+0000] {logging_mixin.py:190} INFO - [2025-12-13T10:38:39.340+0000] {dag.py:4180} INFO - Setting next_dagrun for example_kubernetes_executor to None, run_after=None
[2025-12-13T10:38:39.381+0000] {processor.py:208} INFO - Processing /home/airflow/.local/lib/python3.12/site-packages/airflow/example_dags/example_kubernetes_executor.py took 0.756 seconds
[2025-12-13T10:39:09.948+0000] {processor.py:186} INFO - Started process (PID=2886) to work on /home/airflow/.local/lib/python3.12/site-packages/airflow/example_dags/example_kubernetes_executor.py
[2025-12-13T10:39:09.949+0000] {processor.py:914} INFO - Processing file /home/airflow/.local/lib/python3.12/site-packages/airflow/example_dags/example_kubernetes_executor.py for tasks to queue
[2025-12-13T10:39:09.954+0000] {logging_mixin.py:190} INFO - [2025-12-13T10:39:09.953+0000] {dagbag.py:588} INFO - Filling up the DagBag from /home/airflow/.local/lib/python3.12/site-packages/airflow/example_dags/example_kubernetes_executor.py
[2025-12-13T10:39:09.997+0000] {processor.py:925} INFO - DAG(s) 'example_kubernetes_executor' retrieved from /home/airflow/.local/lib/python3.12/site-packages/airflow/example_dags/example_kubernetes_executor.py
[2025-12-13T10:39:10.069+0000] {logging_mixin.py:190} INFO - [2025-12-13T10:39:10.069+0000] {dag.py:3239} INFO - Sync 1 DAGs
[2025-12-13T10:39:10.109+0000] {logging_mixin.py:190} INFO - [2025-12-13T10:39:10.108+0000] {dag.py:4180} INFO - Setting next_dagrun for example_kubernetes_executor to None, run_after=None
[2025-12-13T10:39:10.515+0000] {processor.py:208} INFO - Processing /home/airflow/.local/lib/python3.12/site-packages/airflow/example_dags/example_kubernetes_executor.py took 0.580 seconds
[2025-12-13T10:39:40.589+0000] {processor.py:186} INFO - Started process (PID=2951) to work on /home/airflow/.local/lib/python3.12/site-packages/airflow/example_dags/example_kubernetes_executor.py
[2025-12-13T10:39:40.590+0000] {processor.py:914} INFO - Processing file /home/airflow/.local/lib/python3.12/site-packages/airflow/example_dags/example_kubernetes_executor.py for tasks to queue
[2025-12-13T10:39:40.594+0000] {logging_mixin.py:190} INFO - [2025-12-13T10:39:40.593+0000] {dagbag.py:588} INFO - Filling up the DagBag from /home/airflow/.local/lib/python3.12/site-packages/airflow/example_dags/example_kubernetes_executor.py
[2025-12-13T10:39:40.623+0000] {processor.py:925} INFO - DAG(s) 'example_kubernetes_executor' retrieved from /home/airflow/.local/lib/python3.12/site-packages/airflow/example_dags/example_kubernetes_executor.py
[2025-12-13T10:39:40.693+0000] {logging_mixin.py:190} INFO - [2025-12-13T10:39:40.692+0000] {dag.py:3239} INFO - Sync 1 DAGs
[2025-12-13T10:39:40.725+0000] {logging_mixin.py:190} INFO - [2025-12-13T10:39:40.724+0000] {dag.py:4180} INFO - Setting next_dagrun for example_kubernetes_executor to None, run_after=None
[2025-12-13T10:39:40.993+0000] {processor.py:208} INFO - Processing /home/airflow/.local/lib/python3.12/site-packages/airflow/example_dags/example_kubernetes_executor.py took 0.415 seconds
[2025-12-13T10:40:11.147+0000] {processor.py:186} INFO - Started process (PID=3015) to work on /home/airflow/.local/lib/python3.12/site-packages/airflow/example_dags/example_kubernetes_executor.py
[2025-12-13T10:40:11.148+0000] {processor.py:914} INFO - Processing file /home/airflow/.local/lib/python3.12/site-packages/airflow/example_dags/example_kubernetes_executor.py for tasks to queue
[2025-12-13T10:40:11.151+0000] {logging_mixin.py:190} INFO - [2025-12-13T10:40:11.151+0000] {dagbag.py:588} INFO - Filling up the DagBag from /home/airflow/.local/lib/python3.12/site-packages/airflow/example_dags/example_kubernetes_executor.py
[2025-12-13T10:40:11.174+0000] {processor.py:925} INFO - DAG(s) 'example_kubernetes_executor' retrieved from /home/airflow/.local/lib/python3.12/site-packages/airflow/example_dags/example_kubernetes_executor.py
[2025-12-13T10:40:11.238+0000] {logging_mixin.py:190} INFO - [2025-12-13T10:40:11.237+0000] {dag.py:3239} INFO - Sync 1 DAGs
[2025-12-13T10:40:11.262+0000] {logging_mixin.py:190} INFO - [2025-12-13T10:40:11.262+0000] {dag.py:4180} INFO - Setting next_dagrun for example_kubernetes_executor to None, run_after=None
[2025-12-13T10:40:11.292+0000] {processor.py:208} INFO - Processing /home/airflow/.local/lib/python3.12/site-packages/airflow/example_dags/example_kubernetes_executor.py took 0.156 seconds
[2025-12-13T10:40:41.504+0000] {processor.py:186} INFO - Started process (PID=3078) to work on /home/airflow/.local/lib/python3.12/site-packages/airflow/example_dags/example_kubernetes_executor.py
[2025-12-13T10:40:41.505+0000] {processor.py:914} INFO - Processing file /home/airflow/.local/lib/python3.12/site-packages/airflow/example_dags/example_kubernetes_executor.py for tasks to queue
[2025-12-13T10:40:41.509+0000] {logging_mixin.py:190} INFO - [2025-12-13T10:40:41.508+0000] {dagbag.py:588} INFO - Filling up the DagBag from /home/airflow/.local/lib/python3.12/site-packages/airflow/example_dags/example_kubernetes_executor.py
[2025-12-13T10:40:41.792+0000] {processor.py:925} INFO - DAG(s) 'example_kubernetes_executor' retrieved from /home/airflow/.local/lib/python3.12/site-packages/airflow/example_dags/example_kubernetes_executor.py
[2025-12-13T10:40:41.843+0000] {logging_mixin.py:190} INFO - [2025-12-13T10:40:41.843+0000] {dag.py:3239} INFO - Sync 1 DAGs
[2025-12-13T10:40:41.865+0000] {logging_mixin.py:190} INFO - [2025-12-13T10:40:41.864+0000] {dag.py:4180} INFO - Setting next_dagrun for example_kubernetes_executor to None, run_after=None
[2025-12-13T10:40:41.892+0000] {processor.py:208} INFO - Processing /home/airflow/.local/lib/python3.12/site-packages/airflow/example_dags/example_kubernetes_executor.py took 0.397 seconds
[2025-12-13T10:41:12.088+0000] {processor.py:186} INFO - Started process (PID=3141) to work on /home/airflow/.local/lib/python3.12/site-packages/airflow/example_dags/example_kubernetes_executor.py
[2025-12-13T10:41:12.089+0000] {processor.py:914} INFO - Processing file /home/airflow/.local/lib/python3.12/site-packages/airflow/example_dags/example_kubernetes_executor.py for tasks to queue
[2025-12-13T10:41:12.094+0000] {logging_mixin.py:190} INFO - [2025-12-13T10:41:12.093+0000] {dagbag.py:588} INFO - Filling up the DagBag from /home/airflow/.local/lib/python3.12/site-packages/airflow/example_dags/example_kubernetes_executor.py
[2025-12-13T10:41:12.119+0000] {processor.py:925} INFO - DAG(s) 'example_kubernetes_executor' retrieved from /home/airflow/.local/lib/python3.12/site-packages/airflow/example_dags/example_kubernetes_executor.py
[2025-12-13T10:41:12.174+0000] {logging_mixin.py:190} INFO - [2025-12-13T10:41:12.174+0000] {dag.py:3239} INFO - Sync 1 DAGs
[2025-12-13T10:41:12.196+0000] {logging_mixin.py:190} INFO - [2025-12-13T10:41:12.195+0000] {dag.py:4180} INFO - Setting next_dagrun for example_kubernetes_executor to None, run_after=None
[2025-12-13T10:41:12.221+0000] {processor.py:208} INFO - Processing /home/airflow/.local/lib/python3.12/site-packages/airflow/example_dags/example_kubernetes_executor.py took 0.144 seconds
[2025-12-13T10:41:42.537+0000] {processor.py:186} INFO - Started process (PID=3202) to work on /home/airflow/.local/lib/python3.12/site-packages/airflow/example_dags/example_kubernetes_executor.py
[2025-12-13T10:41:42.542+0000] {processor.py:914} INFO - Processing file /home/airflow/.local/lib/python3.12/site-packages/airflow/example_dags/example_kubernetes_executor.py for tasks to queue
[2025-12-13T10:41:42.547+0000] {logging_mixin.py:190} INFO - [2025-12-13T10:41:42.547+0000] {dagbag.py:588} INFO - Filling up the DagBag from /home/airflow/.local/lib/python3.12/site-packages/airflow/example_dags/example_kubernetes_executor.py
[2025-12-13T10:41:42.580+0000] {processor.py:925} INFO - DAG(s) 'example_kubernetes_executor' retrieved from /home/airflow/.local/lib/python3.12/site-packages/airflow/example_dags/example_kubernetes_executor.py
[2025-12-13T10:41:42.665+0000] {logging_mixin.py:190} INFO - [2025-12-13T10:41:42.665+0000] {dag.py:3239} INFO - Sync 1 DAGs
[2025-12-13T10:41:42.699+0000] {logging_mixin.py:190} INFO - [2025-12-13T10:41:42.699+0000] {dag.py:4180} INFO - Setting next_dagrun for example_kubernetes_executor to None, run_after=None
[2025-12-13T10:41:42.739+0000] {processor.py:208} INFO - Processing /home/airflow/.local/lib/python3.12/site-packages/airflow/example_dags/example_kubernetes_executor.py took 0.215 seconds
[2025-12-13T10:42:13.382+0000] {processor.py:186} INFO - Started process (PID=3265) to work on /home/airflow/.local/lib/python3.12/site-packages/airflow/example_dags/example_kubernetes_executor.py
[2025-12-13T10:42:13.385+0000] {processor.py:914} INFO - Processing file /home/airflow/.local/lib/python3.12/site-packages/airflow/example_dags/example_kubernetes_executor.py for tasks to queue
[2025-12-13T10:42:13.404+0000] {logging_mixin.py:190} INFO - [2025-12-13T10:42:13.403+0000] {dagbag.py:588} INFO - Filling up the DagBag from /home/airflow/.local/lib/python3.12/site-packages/airflow/example_dags/example_kubernetes_executor.py
[2025-12-13T10:42:13.440+0000] {processor.py:925} INFO - DAG(s) 'example_kubernetes_executor' retrieved from /home/airflow/.local/lib/python3.12/site-packages/airflow/example_dags/example_kubernetes_executor.py
[2025-12-13T10:42:13.538+0000] {logging_mixin.py:190} INFO - [2025-12-13T10:42:13.538+0000] {dag.py:3239} INFO - Sync 1 DAGs
[2025-12-13T10:42:13.587+0000] {logging_mixin.py:190} INFO - [2025-12-13T10:42:13.586+0000] {dag.py:4180} INFO - Setting next_dagrun for example_kubernetes_executor to None, run_after=None
[2025-12-13T10:42:13.637+0000] {processor.py:208} INFO - Processing /home/airflow/.local/lib/python3.12/site-packages/airflow/example_dags/example_kubernetes_executor.py took 0.275 seconds
[2025-12-13T10:42:44.043+0000] {processor.py:186} INFO - Started process (PID=3328) to work on /home/airflow/.local/lib/python3.12/site-packages/airflow/example_dags/example_kubernetes_executor.py
[2025-12-13T10:42:44.045+0000] {processor.py:914} INFO - Processing file /home/airflow/.local/lib/python3.12/site-packages/airflow/example_dags/example_kubernetes_executor.py for tasks to queue
[2025-12-13T10:42:44.049+0000] {logging_mixin.py:190} INFO - [2025-12-13T10:42:44.048+0000] {dagbag.py:588} INFO - Filling up the DagBag from /home/airflow/.local/lib/python3.12/site-packages/airflow/example_dags/example_kubernetes_executor.py
[2025-12-13T10:42:44.080+0000] {processor.py:925} INFO - DAG(s) 'example_kubernetes_executor' retrieved from /home/airflow/.local/lib/python3.12/site-packages/airflow/example_dags/example_kubernetes_executor.py
[2025-12-13T10:42:44.160+0000] {logging_mixin.py:190} INFO - [2025-12-13T10:42:44.159+0000] {dag.py:3239} INFO - Sync 1 DAGs
[2025-12-13T10:42:44.190+0000] {logging_mixin.py:190} INFO - [2025-12-13T10:42:44.190+0000] {dag.py:4180} INFO - Setting next_dagrun for example_kubernetes_executor to None, run_after=None
[2025-12-13T10:42:44.225+0000] {processor.py:208} INFO - Processing /home/airflow/.local/lib/python3.12/site-packages/airflow/example_dags/example_kubernetes_executor.py took 0.195 seconds
[2025-12-13T10:43:14.887+0000] {processor.py:186} INFO - Started process (PID=3390) to work on /home/airflow/.local/lib/python3.12/site-packages/airflow/example_dags/example_kubernetes_executor.py
[2025-12-13T10:43:14.889+0000] {processor.py:914} INFO - Processing file /home/airflow/.local/lib/python3.12/site-packages/airflow/example_dags/example_kubernetes_executor.py for tasks to queue
[2025-12-13T10:43:14.893+0000] {logging_mixin.py:190} INFO - [2025-12-13T10:43:14.893+0000] {dagbag.py:588} INFO - Filling up the DagBag from /home/airflow/.local/lib/python3.12/site-packages/airflow/example_dags/example_kubernetes_executor.py
[2025-12-13T10:43:14.923+0000] {processor.py:925} INFO - DAG(s) 'example_kubernetes_executor' retrieved from /home/airflow/.local/lib/python3.12/site-packages/airflow/example_dags/example_kubernetes_executor.py
[2025-12-13T10:43:15.002+0000] {logging_mixin.py:190} INFO - [2025-12-13T10:43:15.001+0000] {dag.py:3239} INFO - Sync 1 DAGs
[2025-12-13T10:43:15.033+0000] {logging_mixin.py:190} INFO - [2025-12-13T10:43:15.033+0000] {dag.py:4180} INFO - Setting next_dagrun for example_kubernetes_executor to None, run_after=None
[2025-12-13T10:43:15.103+0000] {processor.py:208} INFO - Processing /home/airflow/.local/lib/python3.12/site-packages/airflow/example_dags/example_kubernetes_executor.py took 0.230 seconds
[2025-12-13T10:43:45.402+0000] {processor.py:186} INFO - Started process (PID=3453) to work on /home/airflow/.local/lib/python3.12/site-packages/airflow/example_dags/example_kubernetes_executor.py
[2025-12-13T10:43:45.403+0000] {processor.py:914} INFO - Processing file /home/airflow/.local/lib/python3.12/site-packages/airflow/example_dags/example_kubernetes_executor.py for tasks to queue
[2025-12-13T10:43:45.408+0000] {logging_mixin.py:190} INFO - [2025-12-13T10:43:45.407+0000] {dagbag.py:588} INFO - Filling up the DagBag from /home/airflow/.local/lib/python3.12/site-packages/airflow/example_dags/example_kubernetes_executor.py
[2025-12-13T10:43:45.441+0000] {processor.py:925} INFO - DAG(s) 'example_kubernetes_executor' retrieved from /home/airflow/.local/lib/python3.12/site-packages/airflow/example_dags/example_kubernetes_executor.py
[2025-12-13T10:43:45.529+0000] {logging_mixin.py:190} INFO - [2025-12-13T10:43:45.528+0000] {dag.py:3239} INFO - Sync 1 DAGs
[2025-12-13T10:43:45.562+0000] {logging_mixin.py:190} INFO - [2025-12-13T10:43:45.561+0000] {dag.py:4180} INFO - Setting next_dagrun for example_kubernetes_executor to None, run_after=None
[2025-12-13T10:43:45.615+0000] {processor.py:208} INFO - Processing /home/airflow/.local/lib/python3.12/site-packages/airflow/example_dags/example_kubernetes_executor.py took 0.226 seconds
[2025-12-13T10:44:16.205+0000] {processor.py:186} INFO - Started process (PID=3515) to work on /home/airflow/.local/lib/python3.12/site-packages/airflow/example_dags/example_kubernetes_executor.py
[2025-12-13T10:44:16.211+0000] {processor.py:914} INFO - Processing file /home/airflow/.local/lib/python3.12/site-packages/airflow/example_dags/example_kubernetes_executor.py for tasks to queue
[2025-12-13T10:44:16.229+0000] {logging_mixin.py:190} INFO - [2025-12-13T10:44:16.227+0000] {dagbag.py:588} INFO - Filling up the DagBag from /home/airflow/.local/lib/python3.12/site-packages/airflow/example_dags/example_kubernetes_executor.py
[2025-12-13T10:44:16.316+0000] {processor.py:925} INFO - DAG(s) 'example_kubernetes_executor' retrieved from /home/airflow/.local/lib/python3.12/site-packages/airflow/example_dags/example_kubernetes_executor.py
[2025-12-13T10:44:16.515+0000] {logging_mixin.py:190} INFO - [2025-12-13T10:44:16.514+0000] {dag.py:3239} INFO - Sync 1 DAGs
[2025-12-13T10:44:16.623+0000] {logging_mixin.py:190} INFO - [2025-12-13T10:44:16.619+0000] {dag.py:4180} INFO - Setting next_dagrun for example_kubernetes_executor to None, run_after=None
[2025-12-13T10:44:16.730+0000] {processor.py:208} INFO - Processing /home/airflow/.local/lib/python3.12/site-packages/airflow/example_dags/example_kubernetes_executor.py took 0.553 seconds
[2025-12-13T10:44:47.578+0000] {processor.py:186} INFO - Started process (PID=3577) to work on /home/airflow/.local/lib/python3.12/site-packages/airflow/example_dags/example_kubernetes_executor.py
[2025-12-13T10:44:47.585+0000] {processor.py:914} INFO - Processing file /home/airflow/.local/lib/python3.12/site-packages/airflow/example_dags/example_kubernetes_executor.py for tasks to queue
[2025-12-13T10:44:47.612+0000] {logging_mixin.py:190} INFO - [2025-12-13T10:44:47.611+0000] {dagbag.py:588} INFO - Filling up the DagBag from /home/airflow/.local/lib/python3.12/site-packages/airflow/example_dags/example_kubernetes_executor.py
[2025-12-13T10:44:47.821+0000] {processor.py:925} INFO - DAG(s) 'example_kubernetes_executor' retrieved from /home/airflow/.local/lib/python3.12/site-packages/airflow/example_dags/example_kubernetes_executor.py
[2025-12-13T10:44:48.108+0000] {logging_mixin.py:190} INFO - [2025-12-13T10:44:48.106+0000] {dag.py:3239} INFO - Sync 1 DAGs
[2025-12-13T10:44:48.389+0000] {logging_mixin.py:190} INFO - [2025-12-13T10:44:48.387+0000] {dag.py:4180} INFO - Setting next_dagrun for example_kubernetes_executor to None, run_after=None
[2025-12-13T10:44:48.529+0000] {processor.py:208} INFO - Processing /home/airflow/.local/lib/python3.12/site-packages/airflow/example_dags/example_kubernetes_executor.py took 1.015 seconds
[2025-12-13T10:45:18.652+0000] {processor.py:186} INFO - Started process (PID=3639) to work on /home/airflow/.local/lib/python3.12/site-packages/airflow/example_dags/example_kubernetes_executor.py
[2025-12-13T10:45:18.655+0000] {processor.py:914} INFO - Processing file /home/airflow/.local/lib/python3.12/site-packages/airflow/example_dags/example_kubernetes_executor.py for tasks to queue
[2025-12-13T10:45:18.659+0000] {logging_mixin.py:190} INFO - [2025-12-13T10:45:18.658+0000] {dagbag.py:588} INFO - Filling up the DagBag from /home/airflow/.local/lib/python3.12/site-packages/airflow/example_dags/example_kubernetes_executor.py
[2025-12-13T10:45:18.694+0000] {processor.py:925} INFO - DAG(s) 'example_kubernetes_executor' retrieved from /home/airflow/.local/lib/python3.12/site-packages/airflow/example_dags/example_kubernetes_executor.py
[2025-12-13T10:45:18.773+0000] {logging_mixin.py:190} INFO - [2025-12-13T10:45:18.772+0000] {dag.py:3239} INFO - Sync 1 DAGs
[2025-12-13T10:45:18.807+0000] {logging_mixin.py:190} INFO - [2025-12-13T10:45:18.806+0000] {dag.py:4180} INFO - Setting next_dagrun for example_kubernetes_executor to None, run_after=None
[2025-12-13T10:45:18.846+0000] {processor.py:208} INFO - Processing /home/airflow/.local/lib/python3.12/site-packages/airflow/example_dags/example_kubernetes_executor.py took 0.207 seconds
[2025-12-13T10:45:49.318+0000] {processor.py:186} INFO - Started process (PID=3702) to work on /home/airflow/.local/lib/python3.12/site-packages/airflow/example_dags/example_kubernetes_executor.py
[2025-12-13T10:45:49.319+0000] {processor.py:914} INFO - Processing file /home/airflow/.local/lib/python3.12/site-packages/airflow/example_dags/example_kubernetes_executor.py for tasks to queue
[2025-12-13T10:45:49.322+0000] {logging_mixin.py:190} INFO - [2025-12-13T10:45:49.321+0000] {dagbag.py:588} INFO - Filling up the DagBag from /home/airflow/.local/lib/python3.12/site-packages/airflow/example_dags/example_kubernetes_executor.py
[2025-12-13T10:45:49.348+0000] {processor.py:925} INFO - DAG(s) 'example_kubernetes_executor' retrieved from /home/airflow/.local/lib/python3.12/site-packages/airflow/example_dags/example_kubernetes_executor.py
[2025-12-13T10:45:49.427+0000] {logging_mixin.py:190} INFO - [2025-12-13T10:45:49.427+0000] {dag.py:3239} INFO - Sync 1 DAGs
[2025-12-13T10:45:49.465+0000] {logging_mixin.py:190} INFO - [2025-12-13T10:45:49.464+0000] {dag.py:4180} INFO - Setting next_dagrun for example_kubernetes_executor to None, run_after=None
[2025-12-13T10:45:49.501+0000] {processor.py:208} INFO - Processing /home/airflow/.local/lib/python3.12/site-packages/airflow/example_dags/example_kubernetes_executor.py took 0.196 seconds
[2025-12-13T10:46:19.888+0000] {processor.py:186} INFO - Started process (PID=3765) to work on /home/airflow/.local/lib/python3.12/site-packages/airflow/example_dags/example_kubernetes_executor.py
[2025-12-13T10:46:19.890+0000] {processor.py:914} INFO - Processing file /home/airflow/.local/lib/python3.12/site-packages/airflow/example_dags/example_kubernetes_executor.py for tasks to queue
[2025-12-13T10:46:19.893+0000] {logging_mixin.py:190} INFO - [2025-12-13T10:46:19.893+0000] {dagbag.py:588} INFO - Filling up the DagBag from /home/airflow/.local/lib/python3.12/site-packages/airflow/example_dags/example_kubernetes_executor.py
[2025-12-13T10:46:19.920+0000] {processor.py:925} INFO - DAG(s) 'example_kubernetes_executor' retrieved from /home/airflow/.local/lib/python3.12/site-packages/airflow/example_dags/example_kubernetes_executor.py
[2025-12-13T10:46:19.985+0000] {logging_mixin.py:190} INFO - [2025-12-13T10:46:19.984+0000] {dag.py:3239} INFO - Sync 1 DAGs
[2025-12-13T10:46:20.011+0000] {logging_mixin.py:190} INFO - [2025-12-13T10:46:20.011+0000] {dag.py:4180} INFO - Setting next_dagrun for example_kubernetes_executor to None, run_after=None
[2025-12-13T10:46:20.033+0000] {processor.py:208} INFO - Processing /home/airflow/.local/lib/python3.12/site-packages/airflow/example_dags/example_kubernetes_executor.py took 0.155 seconds
[2025-12-13T10:46:50.328+0000] {processor.py:186} INFO - Started process (PID=3828) to work on /home/airflow/.local/lib/python3.12/site-packages/airflow/example_dags/example_kubernetes_executor.py
[2025-12-13T10:46:50.331+0000] {processor.py:914} INFO - Processing file /home/airflow/.local/lib/python3.12/site-packages/airflow/example_dags/example_kubernetes_executor.py for tasks to queue
[2025-12-13T10:46:50.335+0000] {logging_mixin.py:190} INFO - [2025-12-13T10:46:50.334+0000] {dagbag.py:588} INFO - Filling up the DagBag from /home/airflow/.local/lib/python3.12/site-packages/airflow/example_dags/example_kubernetes_executor.py
[2025-12-13T10:46:50.355+0000] {processor.py:925} INFO - DAG(s) 'example_kubernetes_executor' retrieved from /home/airflow/.local/lib/python3.12/site-packages/airflow/example_dags/example_kubernetes_executor.py
[2025-12-13T10:46:50.407+0000] {logging_mixin.py:190} INFO - [2025-12-13T10:46:50.406+0000] {dag.py:3239} INFO - Sync 1 DAGs
[2025-12-13T10:46:50.428+0000] {logging_mixin.py:190} INFO - [2025-12-13T10:46:50.427+0000] {dag.py:4180} INFO - Setting next_dagrun for example_kubernetes_executor to None, run_after=None
[2025-12-13T10:46:50.453+0000] {processor.py:208} INFO - Processing /home/airflow/.local/lib/python3.12/site-packages/airflow/example_dags/example_kubernetes_executor.py took 0.134 seconds
