[2025-12-13T10:16:13.754+0000] {processor.py:186} INFO - Started process (PID=103) to work on /home/airflow/.local/lib/python3.12/site-packages/airflow/example_dags/example_display_name.py
[2025-12-13T10:16:13.756+0000] {processor.py:914} INFO - Processing file /home/airflow/.local/lib/python3.12/site-packages/airflow/example_dags/example_display_name.py for tasks to queue
[2025-12-13T10:16:13.761+0000] {logging_mixin.py:190} INFO - [2025-12-13T10:16:13.760+0000] {dagbag.py:588} INFO - Filling up the DagBag from /home/airflow/.local/lib/python3.12/site-packages/airflow/example_dags/example_display_name.py
[2025-12-13T10:16:13.778+0000] {processor.py:925} INFO - DAG(s) 'example_display_name' retrieved from /home/airflow/.local/lib/python3.12/site-packages/airflow/example_dags/example_display_name.py
[2025-12-13T10:16:14.051+0000] {logging_mixin.py:190} INFO - [2025-12-13T10:16:14.049+0000] {override.py:1911} INFO - Created Permission View: can edit on DAG:example_display_name
[2025-12-13T10:16:14.071+0000] {logging_mixin.py:190} INFO - [2025-12-13T10:16:14.071+0000] {override.py:1911} INFO - Created Permission View: can delete on DAG:example_display_name
[2025-12-13T10:16:14.084+0000] {logging_mixin.py:190} INFO - [2025-12-13T10:16:14.083+0000] {override.py:1911} INFO - Created Permission View: can read on DAG:example_display_name
[2025-12-13T10:16:14.098+0000] {logging_mixin.py:190} INFO - [2025-12-13T10:16:14.097+0000] {override.py:1911} INFO - Created Permission View: can create on DAG Run:example_display_name
[2025-12-13T10:16:14.113+0000] {logging_mixin.py:190} INFO - [2025-12-13T10:16:14.112+0000] {override.py:1911} INFO - Created Permission View: can delete on DAG Run:example_display_name
[2025-12-13T10:16:14.125+0000] {logging_mixin.py:190} INFO - [2025-12-13T10:16:14.125+0000] {override.py:1911} INFO - Created Permission View: menu access on DAG Run:example_display_name
[2025-12-13T10:16:14.138+0000] {logging_mixin.py:190} INFO - [2025-12-13T10:16:14.138+0000] {override.py:1911} INFO - Created Permission View: can read on DAG Run:example_display_name
[2025-12-13T10:16:14.139+0000] {logging_mixin.py:190} INFO - [2025-12-13T10:16:14.139+0000] {dag.py:3239} INFO - Sync 1 DAGs
[2025-12-13T10:16:14.169+0000] {logging_mixin.py:190} INFO - [2025-12-13T10:16:14.169+0000] {dag.py:3262} INFO - Creating ORM DAG for example_display_name
[2025-12-13T10:16:14.170+0000] {logging_mixin.py:190} INFO - [2025-12-13T10:16:14.170+0000] {dag.py:4180} INFO - Setting next_dagrun for example_display_name to None, run_after=None
[2025-12-13T10:16:14.205+0000] {processor.py:208} INFO - Processing /home/airflow/.local/lib/python3.12/site-packages/airflow/example_dags/example_display_name.py took 0.467 seconds
[2025-12-13T10:16:44.676+0000] {processor.py:186} INFO - Started process (PID=166) to work on /home/airflow/.local/lib/python3.12/site-packages/airflow/example_dags/example_display_name.py
[2025-12-13T10:16:44.677+0000] {processor.py:914} INFO - Processing file /home/airflow/.local/lib/python3.12/site-packages/airflow/example_dags/example_display_name.py for tasks to queue
[2025-12-13T10:16:44.681+0000] {logging_mixin.py:190} INFO - [2025-12-13T10:16:44.680+0000] {dagbag.py:588} INFO - Filling up the DagBag from /home/airflow/.local/lib/python3.12/site-packages/airflow/example_dags/example_display_name.py
[2025-12-13T10:16:44.695+0000] {processor.py:925} INFO - DAG(s) 'example_display_name' retrieved from /home/airflow/.local/lib/python3.12/site-packages/airflow/example_dags/example_display_name.py
[2025-12-13T10:16:44.728+0000] {logging_mixin.py:190} INFO - [2025-12-13T10:16:44.728+0000] {dag.py:3239} INFO - Sync 1 DAGs
[2025-12-13T10:16:44.753+0000] {logging_mixin.py:190} INFO - [2025-12-13T10:16:44.753+0000] {dag.py:4180} INFO - Setting next_dagrun for example_display_name to None, run_after=None
[2025-12-13T10:16:44.786+0000] {processor.py:208} INFO - Processing /home/airflow/.local/lib/python3.12/site-packages/airflow/example_dags/example_display_name.py took 0.121 seconds
[2025-12-13T10:17:15.371+0000] {processor.py:186} INFO - Started process (PID=228) to work on /home/airflow/.local/lib/python3.12/site-packages/airflow/example_dags/example_display_name.py
[2025-12-13T10:17:15.372+0000] {processor.py:914} INFO - Processing file /home/airflow/.local/lib/python3.12/site-packages/airflow/example_dags/example_display_name.py for tasks to queue
[2025-12-13T10:17:15.376+0000] {logging_mixin.py:190} INFO - [2025-12-13T10:17:15.376+0000] {dagbag.py:588} INFO - Filling up the DagBag from /home/airflow/.local/lib/python3.12/site-packages/airflow/example_dags/example_display_name.py
[2025-12-13T10:17:15.391+0000] {processor.py:925} INFO - DAG(s) 'example_display_name' retrieved from /home/airflow/.local/lib/python3.12/site-packages/airflow/example_dags/example_display_name.py
[2025-12-13T10:17:15.427+0000] {logging_mixin.py:190} INFO - [2025-12-13T10:17:15.427+0000] {dag.py:3239} INFO - Sync 1 DAGs
[2025-12-13T10:17:15.462+0000] {logging_mixin.py:190} INFO - [2025-12-13T10:17:15.460+0000] {dag.py:4180} INFO - Setting next_dagrun for example_display_name to None, run_after=None
[2025-12-13T10:17:15.519+0000] {processor.py:208} INFO - Processing /home/airflow/.local/lib/python3.12/site-packages/airflow/example_dags/example_display_name.py took 0.158 seconds
[2025-12-13T10:17:46.369+0000] {processor.py:186} INFO - Started process (PID=291) to work on /home/airflow/.local/lib/python3.12/site-packages/airflow/example_dags/example_display_name.py
[2025-12-13T10:17:46.370+0000] {processor.py:914} INFO - Processing file /home/airflow/.local/lib/python3.12/site-packages/airflow/example_dags/example_display_name.py for tasks to queue
[2025-12-13T10:17:46.375+0000] {logging_mixin.py:190} INFO - [2025-12-13T10:17:46.375+0000] {dagbag.py:588} INFO - Filling up the DagBag from /home/airflow/.local/lib/python3.12/site-packages/airflow/example_dags/example_display_name.py
[2025-12-13T10:17:46.390+0000] {processor.py:925} INFO - DAG(s) 'example_display_name' retrieved from /home/airflow/.local/lib/python3.12/site-packages/airflow/example_dags/example_display_name.py
[2025-12-13T10:17:46.428+0000] {logging_mixin.py:190} INFO - [2025-12-13T10:17:46.427+0000] {dag.py:3239} INFO - Sync 1 DAGs
[2025-12-13T10:17:46.457+0000] {logging_mixin.py:190} INFO - [2025-12-13T10:17:46.456+0000] {dag.py:4180} INFO - Setting next_dagrun for example_display_name to None, run_after=None
[2025-12-13T10:17:46.485+0000] {processor.py:208} INFO - Processing /home/airflow/.local/lib/python3.12/site-packages/airflow/example_dags/example_display_name.py took 0.128 seconds
[2025-12-13T10:18:20.649+0000] {processor.py:186} INFO - Started process (PID=354) to work on /home/airflow/.local/lib/python3.12/site-packages/airflow/example_dags/example_display_name.py
[2025-12-13T10:18:20.654+0000] {processor.py:914} INFO - Processing file /home/airflow/.local/lib/python3.12/site-packages/airflow/example_dags/example_display_name.py for tasks to queue
[2025-12-13T10:18:20.658+0000] {logging_mixin.py:190} INFO - [2025-12-13T10:18:20.658+0000] {dagbag.py:588} INFO - Filling up the DagBag from /home/airflow/.local/lib/python3.12/site-packages/airflow/example_dags/example_display_name.py
[2025-12-13T10:18:20.673+0000] {processor.py:925} INFO - DAG(s) 'example_display_name' retrieved from /home/airflow/.local/lib/python3.12/site-packages/airflow/example_dags/example_display_name.py
[2025-12-13T10:18:20.721+0000] {logging_mixin.py:190} INFO - [2025-12-13T10:18:20.720+0000] {dag.py:3239} INFO - Sync 1 DAGs
[2025-12-13T10:18:20.760+0000] {logging_mixin.py:190} INFO - [2025-12-13T10:18:20.760+0000] {dag.py:4180} INFO - Setting next_dagrun for example_display_name to None, run_after=None
[2025-12-13T10:18:20.824+0000] {processor.py:208} INFO - Processing /home/airflow/.local/lib/python3.12/site-packages/airflow/example_dags/example_display_name.py took 0.186 seconds
[2025-12-13T10:18:51.946+0000] {processor.py:186} INFO - Started process (PID=417) to work on /home/airflow/.local/lib/python3.12/site-packages/airflow/example_dags/example_display_name.py
[2025-12-13T10:18:51.947+0000] {processor.py:914} INFO - Processing file /home/airflow/.local/lib/python3.12/site-packages/airflow/example_dags/example_display_name.py for tasks to queue
[2025-12-13T10:18:51.951+0000] {logging_mixin.py:190} INFO - [2025-12-13T10:18:51.950+0000] {dagbag.py:588} INFO - Filling up the DagBag from /home/airflow/.local/lib/python3.12/site-packages/airflow/example_dags/example_display_name.py
[2025-12-13T10:18:51.964+0000] {processor.py:925} INFO - DAG(s) 'example_display_name' retrieved from /home/airflow/.local/lib/python3.12/site-packages/airflow/example_dags/example_display_name.py
[2025-12-13T10:18:51.999+0000] {logging_mixin.py:190} INFO - [2025-12-13T10:18:51.998+0000] {dag.py:3239} INFO - Sync 1 DAGs
[2025-12-13T10:18:52.026+0000] {logging_mixin.py:190} INFO - [2025-12-13T10:18:52.026+0000] {dag.py:4180} INFO - Setting next_dagrun for example_display_name to None, run_after=None
[2025-12-13T10:18:52.059+0000] {processor.py:208} INFO - Processing /home/airflow/.local/lib/python3.12/site-packages/airflow/example_dags/example_display_name.py took 0.121 seconds
[2025-12-13T10:19:22.439+0000] {processor.py:186} INFO - Started process (PID=479) to work on /home/airflow/.local/lib/python3.12/site-packages/airflow/example_dags/example_display_name.py
[2025-12-13T10:19:22.441+0000] {processor.py:914} INFO - Processing file /home/airflow/.local/lib/python3.12/site-packages/airflow/example_dags/example_display_name.py for tasks to queue
[2025-12-13T10:19:22.448+0000] {logging_mixin.py:190} INFO - [2025-12-13T10:19:22.447+0000] {dagbag.py:588} INFO - Filling up the DagBag from /home/airflow/.local/lib/python3.12/site-packages/airflow/example_dags/example_display_name.py
[2025-12-13T10:19:22.466+0000] {processor.py:925} INFO - DAG(s) 'example_display_name' retrieved from /home/airflow/.local/lib/python3.12/site-packages/airflow/example_dags/example_display_name.py
[2025-12-13T10:19:22.508+0000] {logging_mixin.py:190} INFO - [2025-12-13T10:19:22.508+0000] {dag.py:3239} INFO - Sync 1 DAGs
[2025-12-13T10:19:22.543+0000] {logging_mixin.py:190} INFO - [2025-12-13T10:19:22.542+0000] {dag.py:4180} INFO - Setting next_dagrun for example_display_name to None, run_after=None
[2025-12-13T10:19:22.578+0000] {processor.py:208} INFO - Processing /home/airflow/.local/lib/python3.12/site-packages/airflow/example_dags/example_display_name.py took 0.151 seconds
[2025-12-13T10:19:52.681+0000] {processor.py:186} INFO - Started process (PID=541) to work on /home/airflow/.local/lib/python3.12/site-packages/airflow/example_dags/example_display_name.py
[2025-12-13T10:19:52.683+0000] {processor.py:914} INFO - Processing file /home/airflow/.local/lib/python3.12/site-packages/airflow/example_dags/example_display_name.py for tasks to queue
[2025-12-13T10:19:52.687+0000] {logging_mixin.py:190} INFO - [2025-12-13T10:19:52.686+0000] {dagbag.py:588} INFO - Filling up the DagBag from /home/airflow/.local/lib/python3.12/site-packages/airflow/example_dags/example_display_name.py
[2025-12-13T10:19:52.702+0000] {processor.py:925} INFO - DAG(s) 'example_display_name' retrieved from /home/airflow/.local/lib/python3.12/site-packages/airflow/example_dags/example_display_name.py
[2025-12-13T10:19:52.736+0000] {logging_mixin.py:190} INFO - [2025-12-13T10:19:52.736+0000] {dag.py:3239} INFO - Sync 1 DAGs
[2025-12-13T10:19:52.765+0000] {logging_mixin.py:190} INFO - [2025-12-13T10:19:52.765+0000] {dag.py:4180} INFO - Setting next_dagrun for example_display_name to None, run_after=None
[2025-12-13T10:19:52.796+0000] {processor.py:208} INFO - Processing /home/airflow/.local/lib/python3.12/site-packages/airflow/example_dags/example_display_name.py took 0.128 seconds
[2025-12-13T10:20:22.908+0000] {processor.py:186} INFO - Started process (PID=604) to work on /home/airflow/.local/lib/python3.12/site-packages/airflow/example_dags/example_display_name.py
[2025-12-13T10:20:22.910+0000] {processor.py:914} INFO - Processing file /home/airflow/.local/lib/python3.12/site-packages/airflow/example_dags/example_display_name.py for tasks to queue
[2025-12-13T10:20:22.915+0000] {logging_mixin.py:190} INFO - [2025-12-13T10:20:22.914+0000] {dagbag.py:588} INFO - Filling up the DagBag from /home/airflow/.local/lib/python3.12/site-packages/airflow/example_dags/example_display_name.py
[2025-12-13T10:20:22.926+0000] {processor.py:925} INFO - DAG(s) 'example_display_name' retrieved from /home/airflow/.local/lib/python3.12/site-packages/airflow/example_dags/example_display_name.py
[2025-12-13T10:20:22.954+0000] {logging_mixin.py:190} INFO - [2025-12-13T10:20:22.953+0000] {dag.py:3239} INFO - Sync 1 DAGs
[2025-12-13T10:20:22.975+0000] {logging_mixin.py:190} INFO - [2025-12-13T10:20:22.974+0000] {dag.py:4180} INFO - Setting next_dagrun for example_display_name to None, run_after=None
[2025-12-13T10:20:23.005+0000] {processor.py:208} INFO - Processing /home/airflow/.local/lib/python3.12/site-packages/airflow/example_dags/example_display_name.py took 0.109 seconds
[2025-12-13T10:20:53.300+0000] {processor.py:186} INFO - Started process (PID=667) to work on /home/airflow/.local/lib/python3.12/site-packages/airflow/example_dags/example_display_name.py
[2025-12-13T10:20:53.305+0000] {processor.py:914} INFO - Processing file /home/airflow/.local/lib/python3.12/site-packages/airflow/example_dags/example_display_name.py for tasks to queue
[2025-12-13T10:20:53.319+0000] {logging_mixin.py:190} INFO - [2025-12-13T10:20:53.312+0000] {dagbag.py:588} INFO - Filling up the DagBag from /home/airflow/.local/lib/python3.12/site-packages/airflow/example_dags/example_display_name.py
[2025-12-13T10:20:53.340+0000] {processor.py:925} INFO - DAG(s) 'example_display_name' retrieved from /home/airflow/.local/lib/python3.12/site-packages/airflow/example_dags/example_display_name.py
[2025-12-13T10:20:53.416+0000] {logging_mixin.py:190} INFO - [2025-12-13T10:20:53.416+0000] {dag.py:3239} INFO - Sync 1 DAGs
[2025-12-13T10:20:53.458+0000] {logging_mixin.py:190} INFO - [2025-12-13T10:20:53.458+0000] {dag.py:4180} INFO - Setting next_dagrun for example_display_name to None, run_after=None
[2025-12-13T10:20:53.514+0000] {processor.py:208} INFO - Processing /home/airflow/.local/lib/python3.12/site-packages/airflow/example_dags/example_display_name.py took 0.226 seconds
[2025-12-13T10:21:24.310+0000] {processor.py:186} INFO - Started process (PID=730) to work on /home/airflow/.local/lib/python3.12/site-packages/airflow/example_dags/example_display_name.py
[2025-12-13T10:21:24.312+0000] {processor.py:914} INFO - Processing file /home/airflow/.local/lib/python3.12/site-packages/airflow/example_dags/example_display_name.py for tasks to queue
[2025-12-13T10:21:24.321+0000] {logging_mixin.py:190} INFO - [2025-12-13T10:21:24.320+0000] {dagbag.py:588} INFO - Filling up the DagBag from /home/airflow/.local/lib/python3.12/site-packages/airflow/example_dags/example_display_name.py
[2025-12-13T10:21:24.335+0000] {processor.py:925} INFO - DAG(s) 'example_display_name' retrieved from /home/airflow/.local/lib/python3.12/site-packages/airflow/example_dags/example_display_name.py
[2025-12-13T10:21:24.371+0000] {logging_mixin.py:190} INFO - [2025-12-13T10:21:24.371+0000] {dag.py:3239} INFO - Sync 1 DAGs
[2025-12-13T10:21:24.401+0000] {logging_mixin.py:190} INFO - [2025-12-13T10:21:24.401+0000] {dag.py:4180} INFO - Setting next_dagrun for example_display_name to None, run_after=None
[2025-12-13T10:21:24.434+0000] {processor.py:208} INFO - Processing /home/airflow/.local/lib/python3.12/site-packages/airflow/example_dags/example_display_name.py took 0.137 seconds
[2025-12-13T10:21:54.656+0000] {processor.py:186} INFO - Started process (PID=793) to work on /home/airflow/.local/lib/python3.12/site-packages/airflow/example_dags/example_display_name.py
[2025-12-13T10:21:54.658+0000] {processor.py:914} INFO - Processing file /home/airflow/.local/lib/python3.12/site-packages/airflow/example_dags/example_display_name.py for tasks to queue
[2025-12-13T10:21:54.665+0000] {logging_mixin.py:190} INFO - [2025-12-13T10:21:54.664+0000] {dagbag.py:588} INFO - Filling up the DagBag from /home/airflow/.local/lib/python3.12/site-packages/airflow/example_dags/example_display_name.py
[2025-12-13T10:21:54.681+0000] {processor.py:925} INFO - DAG(s) 'example_display_name' retrieved from /home/airflow/.local/lib/python3.12/site-packages/airflow/example_dags/example_display_name.py
[2025-12-13T10:21:54.737+0000] {logging_mixin.py:190} INFO - [2025-12-13T10:21:54.737+0000] {dag.py:3239} INFO - Sync 1 DAGs
[2025-12-13T10:21:54.771+0000] {logging_mixin.py:190} INFO - [2025-12-13T10:21:54.770+0000] {dag.py:4180} INFO - Setting next_dagrun for example_display_name to None, run_after=None
[2025-12-13T10:21:54.811+0000] {processor.py:208} INFO - Processing /home/airflow/.local/lib/python3.12/site-packages/airflow/example_dags/example_display_name.py took 0.170 seconds
[2025-12-13T10:22:25.327+0000] {processor.py:186} INFO - Started process (PID=856) to work on /home/airflow/.local/lib/python3.12/site-packages/airflow/example_dags/example_display_name.py
[2025-12-13T10:22:25.329+0000] {processor.py:914} INFO - Processing file /home/airflow/.local/lib/python3.12/site-packages/airflow/example_dags/example_display_name.py for tasks to queue
[2025-12-13T10:22:25.335+0000] {logging_mixin.py:190} INFO - [2025-12-13T10:22:25.334+0000] {dagbag.py:588} INFO - Filling up the DagBag from /home/airflow/.local/lib/python3.12/site-packages/airflow/example_dags/example_display_name.py
[2025-12-13T10:22:25.357+0000] {processor.py:925} INFO - DAG(s) 'example_display_name' retrieved from /home/airflow/.local/lib/python3.12/site-packages/airflow/example_dags/example_display_name.py
[2025-12-13T10:22:25.405+0000] {logging_mixin.py:190} INFO - [2025-12-13T10:22:25.405+0000] {dag.py:3239} INFO - Sync 1 DAGs
[2025-12-13T10:22:25.440+0000] {logging_mixin.py:190} INFO - [2025-12-13T10:22:25.440+0000] {dag.py:4180} INFO - Setting next_dagrun for example_display_name to None, run_after=None
[2025-12-13T10:22:25.476+0000] {processor.py:208} INFO - Processing /home/airflow/.local/lib/python3.12/site-packages/airflow/example_dags/example_display_name.py took 0.165 seconds
[2025-12-13T10:22:56.170+0000] {processor.py:186} INFO - Started process (PID=919) to work on /home/airflow/.local/lib/python3.12/site-packages/airflow/example_dags/example_display_name.py
[2025-12-13T10:22:56.171+0000] {processor.py:914} INFO - Processing file /home/airflow/.local/lib/python3.12/site-packages/airflow/example_dags/example_display_name.py for tasks to queue
[2025-12-13T10:22:56.177+0000] {logging_mixin.py:190} INFO - [2025-12-13T10:22:56.176+0000] {dagbag.py:588} INFO - Filling up the DagBag from /home/airflow/.local/lib/python3.12/site-packages/airflow/example_dags/example_display_name.py
[2025-12-13T10:22:56.190+0000] {processor.py:925} INFO - DAG(s) 'example_display_name' retrieved from /home/airflow/.local/lib/python3.12/site-packages/airflow/example_dags/example_display_name.py
[2025-12-13T10:22:56.221+0000] {logging_mixin.py:190} INFO - [2025-12-13T10:22:56.221+0000] {dag.py:3239} INFO - Sync 1 DAGs
[2025-12-13T10:22:56.244+0000] {logging_mixin.py:190} INFO - [2025-12-13T10:22:56.244+0000] {dag.py:4180} INFO - Setting next_dagrun for example_display_name to None, run_after=None
[2025-12-13T10:22:56.275+0000] {processor.py:208} INFO - Processing /home/airflow/.local/lib/python3.12/site-packages/airflow/example_dags/example_display_name.py took 0.117 seconds
[2025-12-13T10:23:26.488+0000] {processor.py:186} INFO - Started process (PID=982) to work on /home/airflow/.local/lib/python3.12/site-packages/airflow/example_dags/example_display_name.py
[2025-12-13T10:23:26.490+0000] {processor.py:914} INFO - Processing file /home/airflow/.local/lib/python3.12/site-packages/airflow/example_dags/example_display_name.py for tasks to queue
[2025-12-13T10:23:26.494+0000] {logging_mixin.py:190} INFO - [2025-12-13T10:23:26.494+0000] {dagbag.py:588} INFO - Filling up the DagBag from /home/airflow/.local/lib/python3.12/site-packages/airflow/example_dags/example_display_name.py
[2025-12-13T10:23:26.508+0000] {processor.py:925} INFO - DAG(s) 'example_display_name' retrieved from /home/airflow/.local/lib/python3.12/site-packages/airflow/example_dags/example_display_name.py
[2025-12-13T10:23:26.544+0000] {logging_mixin.py:190} INFO - [2025-12-13T10:23:26.544+0000] {dag.py:3239} INFO - Sync 1 DAGs
[2025-12-13T10:23:26.574+0000] {logging_mixin.py:190} INFO - [2025-12-13T10:23:26.574+0000] {dag.py:4180} INFO - Setting next_dagrun for example_display_name to None, run_after=None
[2025-12-13T10:23:26.607+0000] {processor.py:208} INFO - Processing /home/airflow/.local/lib/python3.12/site-packages/airflow/example_dags/example_display_name.py took 0.130 seconds
[2025-12-13T10:23:56.971+0000] {processor.py:186} INFO - Started process (PID=1045) to work on /home/airflow/.local/lib/python3.12/site-packages/airflow/example_dags/example_display_name.py
[2025-12-13T10:23:56.973+0000] {processor.py:914} INFO - Processing file /home/airflow/.local/lib/python3.12/site-packages/airflow/example_dags/example_display_name.py for tasks to queue
[2025-12-13T10:23:56.978+0000] {logging_mixin.py:190} INFO - [2025-12-13T10:23:56.978+0000] {dagbag.py:588} INFO - Filling up the DagBag from /home/airflow/.local/lib/python3.12/site-packages/airflow/example_dags/example_display_name.py
[2025-12-13T10:23:56.993+0000] {processor.py:925} INFO - DAG(s) 'example_display_name' retrieved from /home/airflow/.local/lib/python3.12/site-packages/airflow/example_dags/example_display_name.py
[2025-12-13T10:23:57.032+0000] {logging_mixin.py:190} INFO - [2025-12-13T10:23:57.032+0000] {dag.py:3239} INFO - Sync 1 DAGs
[2025-12-13T10:23:57.063+0000] {logging_mixin.py:190} INFO - [2025-12-13T10:23:57.062+0000] {dag.py:4180} INFO - Setting next_dagrun for example_display_name to None, run_after=None
[2025-12-13T10:23:57.098+0000] {processor.py:208} INFO - Processing /home/airflow/.local/lib/python3.12/site-packages/airflow/example_dags/example_display_name.py took 0.139 seconds
[2025-12-13T10:24:27.908+0000] {processor.py:186} INFO - Started process (PID=1108) to work on /home/airflow/.local/lib/python3.12/site-packages/airflow/example_dags/example_display_name.py
[2025-12-13T10:24:27.909+0000] {processor.py:914} INFO - Processing file /home/airflow/.local/lib/python3.12/site-packages/airflow/example_dags/example_display_name.py for tasks to queue
[2025-12-13T10:24:27.913+0000] {logging_mixin.py:190} INFO - [2025-12-13T10:24:27.912+0000] {dagbag.py:588} INFO - Filling up the DagBag from /home/airflow/.local/lib/python3.12/site-packages/airflow/example_dags/example_display_name.py
[2025-12-13T10:24:27.925+0000] {processor.py:925} INFO - DAG(s) 'example_display_name' retrieved from /home/airflow/.local/lib/python3.12/site-packages/airflow/example_dags/example_display_name.py
[2025-12-13T10:24:27.959+0000] {logging_mixin.py:190} INFO - [2025-12-13T10:24:27.959+0000] {dag.py:3239} INFO - Sync 1 DAGs
[2025-12-13T10:24:27.989+0000] {logging_mixin.py:190} INFO - [2025-12-13T10:24:27.988+0000] {dag.py:4180} INFO - Setting next_dagrun for example_display_name to None, run_after=None
[2025-12-13T10:24:28.019+0000] {processor.py:208} INFO - Processing /home/airflow/.local/lib/python3.12/site-packages/airflow/example_dags/example_display_name.py took 0.121 seconds
[2025-12-13T10:24:58.295+0000] {processor.py:186} INFO - Started process (PID=1170) to work on /home/airflow/.local/lib/python3.12/site-packages/airflow/example_dags/example_display_name.py
[2025-12-13T10:24:58.296+0000] {processor.py:914} INFO - Processing file /home/airflow/.local/lib/python3.12/site-packages/airflow/example_dags/example_display_name.py for tasks to queue
[2025-12-13T10:24:58.299+0000] {logging_mixin.py:190} INFO - [2025-12-13T10:24:58.299+0000] {dagbag.py:588} INFO - Filling up the DagBag from /home/airflow/.local/lib/python3.12/site-packages/airflow/example_dags/example_display_name.py
[2025-12-13T10:24:58.312+0000] {processor.py:925} INFO - DAG(s) 'example_display_name' retrieved from /home/airflow/.local/lib/python3.12/site-packages/airflow/example_dags/example_display_name.py
[2025-12-13T10:24:58.344+0000] {logging_mixin.py:190} INFO - [2025-12-13T10:24:58.343+0000] {dag.py:3239} INFO - Sync 1 DAGs
[2025-12-13T10:24:58.368+0000] {logging_mixin.py:190} INFO - [2025-12-13T10:24:58.367+0000] {dag.py:4180} INFO - Setting next_dagrun for example_display_name to None, run_after=None
[2025-12-13T10:24:58.399+0000] {processor.py:208} INFO - Processing /home/airflow/.local/lib/python3.12/site-packages/airflow/example_dags/example_display_name.py took 0.115 seconds
[2025-12-13T10:25:28.638+0000] {processor.py:186} INFO - Started process (PID=1233) to work on /home/airflow/.local/lib/python3.12/site-packages/airflow/example_dags/example_display_name.py
[2025-12-13T10:25:28.643+0000] {processor.py:914} INFO - Processing file /home/airflow/.local/lib/python3.12/site-packages/airflow/example_dags/example_display_name.py for tasks to queue
[2025-12-13T10:25:28.649+0000] {logging_mixin.py:190} INFO - [2025-12-13T10:25:28.648+0000] {dagbag.py:588} INFO - Filling up the DagBag from /home/airflow/.local/lib/python3.12/site-packages/airflow/example_dags/example_display_name.py
[2025-12-13T10:25:28.671+0000] {processor.py:925} INFO - DAG(s) 'example_display_name' retrieved from /home/airflow/.local/lib/python3.12/site-packages/airflow/example_dags/example_display_name.py
[2025-12-13T10:25:28.733+0000] {logging_mixin.py:190} INFO - [2025-12-13T10:25:28.733+0000] {dag.py:3239} INFO - Sync 1 DAGs
[2025-12-13T10:25:28.767+0000] {logging_mixin.py:190} INFO - [2025-12-13T10:25:28.767+0000] {dag.py:4180} INFO - Setting next_dagrun for example_display_name to None, run_after=None
[2025-12-13T10:25:28.834+0000] {processor.py:208} INFO - Processing /home/airflow/.local/lib/python3.12/site-packages/airflow/example_dags/example_display_name.py took 0.213 seconds
[2025-12-13T10:26:00.044+0000] {processor.py:186} INFO - Started process (PID=1295) to work on /home/airflow/.local/lib/python3.12/site-packages/airflow/example_dags/example_display_name.py
[2025-12-13T10:26:00.045+0000] {processor.py:914} INFO - Processing file /home/airflow/.local/lib/python3.12/site-packages/airflow/example_dags/example_display_name.py for tasks to queue
[2025-12-13T10:26:00.048+0000] {logging_mixin.py:190} INFO - [2025-12-13T10:26:00.047+0000] {dagbag.py:588} INFO - Filling up the DagBag from /home/airflow/.local/lib/python3.12/site-packages/airflow/example_dags/example_display_name.py
[2025-12-13T10:26:00.061+0000] {processor.py:925} INFO - DAG(s) 'example_display_name' retrieved from /home/airflow/.local/lib/python3.12/site-packages/airflow/example_dags/example_display_name.py
[2025-12-13T10:26:00.087+0000] {logging_mixin.py:190} INFO - [2025-12-13T10:26:00.087+0000] {dag.py:3239} INFO - Sync 1 DAGs
[2025-12-13T10:26:00.117+0000] {logging_mixin.py:190} INFO - [2025-12-13T10:26:00.117+0000] {dag.py:4180} INFO - Setting next_dagrun for example_display_name to None, run_after=None
[2025-12-13T10:26:00.158+0000] {processor.py:208} INFO - Processing /home/airflow/.local/lib/python3.12/site-packages/airflow/example_dags/example_display_name.py took 0.123 seconds
[2025-12-13T10:26:30.581+0000] {processor.py:186} INFO - Started process (PID=1358) to work on /home/airflow/.local/lib/python3.12/site-packages/airflow/example_dags/example_display_name.py
[2025-12-13T10:26:30.582+0000] {processor.py:914} INFO - Processing file /home/airflow/.local/lib/python3.12/site-packages/airflow/example_dags/example_display_name.py for tasks to queue
[2025-12-13T10:26:30.586+0000] {logging_mixin.py:190} INFO - [2025-12-13T10:26:30.585+0000] {dagbag.py:588} INFO - Filling up the DagBag from /home/airflow/.local/lib/python3.12/site-packages/airflow/example_dags/example_display_name.py
[2025-12-13T10:26:30.603+0000] {processor.py:925} INFO - DAG(s) 'example_display_name' retrieved from /home/airflow/.local/lib/python3.12/site-packages/airflow/example_dags/example_display_name.py
[2025-12-13T10:26:30.642+0000] {logging_mixin.py:190} INFO - [2025-12-13T10:26:30.642+0000] {dag.py:3239} INFO - Sync 1 DAGs
[2025-12-13T10:26:30.673+0000] {logging_mixin.py:190} INFO - [2025-12-13T10:26:30.673+0000] {dag.py:4180} INFO - Setting next_dagrun for example_display_name to None, run_after=None
[2025-12-13T10:26:30.708+0000] {processor.py:208} INFO - Processing /home/airflow/.local/lib/python3.12/site-packages/airflow/example_dags/example_display_name.py took 0.140 seconds
[2025-12-13T10:27:00.969+0000] {processor.py:186} INFO - Started process (PID=1420) to work on /home/airflow/.local/lib/python3.12/site-packages/airflow/example_dags/example_display_name.py
[2025-12-13T10:27:00.972+0000] {processor.py:914} INFO - Processing file /home/airflow/.local/lib/python3.12/site-packages/airflow/example_dags/example_display_name.py for tasks to queue
[2025-12-13T10:27:00.981+0000] {logging_mixin.py:190} INFO - [2025-12-13T10:27:00.980+0000] {dagbag.py:588} INFO - Filling up the DagBag from /home/airflow/.local/lib/python3.12/site-packages/airflow/example_dags/example_display_name.py
[2025-12-13T10:27:01.013+0000] {processor.py:925} INFO - DAG(s) 'example_display_name' retrieved from /home/airflow/.local/lib/python3.12/site-packages/airflow/example_dags/example_display_name.py
[2025-12-13T10:27:01.066+0000] {logging_mixin.py:190} INFO - [2025-12-13T10:27:01.065+0000] {dag.py:3239} INFO - Sync 1 DAGs
[2025-12-13T10:27:01.106+0000] {logging_mixin.py:190} INFO - [2025-12-13T10:27:01.106+0000] {dag.py:4180} INFO - Setting next_dagrun for example_display_name to None, run_after=None
[2025-12-13T10:27:01.155+0000] {processor.py:208} INFO - Processing /home/airflow/.local/lib/python3.12/site-packages/airflow/example_dags/example_display_name.py took 0.219 seconds
[2025-12-13T10:27:31.766+0000] {processor.py:186} INFO - Started process (PID=1483) to work on /home/airflow/.local/lib/python3.12/site-packages/airflow/example_dags/example_display_name.py
[2025-12-13T10:27:31.768+0000] {processor.py:914} INFO - Processing file /home/airflow/.local/lib/python3.12/site-packages/airflow/example_dags/example_display_name.py for tasks to queue
[2025-12-13T10:27:31.774+0000] {logging_mixin.py:190} INFO - [2025-12-13T10:27:31.774+0000] {dagbag.py:588} INFO - Filling up the DagBag from /home/airflow/.local/lib/python3.12/site-packages/airflow/example_dags/example_display_name.py
[2025-12-13T10:27:31.800+0000] {processor.py:925} INFO - DAG(s) 'example_display_name' retrieved from /home/airflow/.local/lib/python3.12/site-packages/airflow/example_dags/example_display_name.py
[2025-12-13T10:27:31.878+0000] {logging_mixin.py:190} INFO - [2025-12-13T10:27:31.878+0000] {dag.py:3239} INFO - Sync 1 DAGs
[2025-12-13T10:27:31.927+0000] {logging_mixin.py:190} INFO - [2025-12-13T10:27:31.927+0000] {dag.py:4180} INFO - Setting next_dagrun for example_display_name to None, run_after=None
[2025-12-13T10:27:32.002+0000] {processor.py:208} INFO - Processing /home/airflow/.local/lib/python3.12/site-packages/airflow/example_dags/example_display_name.py took 0.272 seconds
[2025-12-13T10:28:02.199+0000] {processor.py:186} INFO - Started process (PID=1544) to work on /home/airflow/.local/lib/python3.12/site-packages/airflow/example_dags/example_display_name.py
[2025-12-13T10:28:02.201+0000] {processor.py:914} INFO - Processing file /home/airflow/.local/lib/python3.12/site-packages/airflow/example_dags/example_display_name.py for tasks to queue
[2025-12-13T10:28:02.205+0000] {logging_mixin.py:190} INFO - [2025-12-13T10:28:02.205+0000] {dagbag.py:588} INFO - Filling up the DagBag from /home/airflow/.local/lib/python3.12/site-packages/airflow/example_dags/example_display_name.py
[2025-12-13T10:28:02.219+0000] {processor.py:925} INFO - DAG(s) 'example_display_name' retrieved from /home/airflow/.local/lib/python3.12/site-packages/airflow/example_dags/example_display_name.py
[2025-12-13T10:28:02.280+0000] {logging_mixin.py:190} INFO - [2025-12-13T10:28:02.280+0000] {dag.py:3239} INFO - Sync 1 DAGs
[2025-12-13T10:28:02.308+0000] {logging_mixin.py:190} INFO - [2025-12-13T10:28:02.308+0000] {dag.py:4180} INFO - Setting next_dagrun for example_display_name to None, run_after=None
[2025-12-13T10:28:02.340+0000] {processor.py:208} INFO - Processing /home/airflow/.local/lib/python3.12/site-packages/airflow/example_dags/example_display_name.py took 0.154 seconds
[2025-12-13T10:28:38.379+0000] {processor.py:186} INFO - Started process (PID=1598) to work on /home/airflow/.local/lib/python3.12/site-packages/airflow/example_dags/example_display_name.py
[2025-12-13T10:28:38.385+0000] {processor.py:914} INFO - Processing file /home/airflow/.local/lib/python3.12/site-packages/airflow/example_dags/example_display_name.py for tasks to queue
[2025-12-13T10:28:38.410+0000] {logging_mixin.py:190} INFO - [2025-12-13T10:28:38.409+0000] {dagbag.py:588} INFO - Filling up the DagBag from /home/airflow/.local/lib/python3.12/site-packages/airflow/example_dags/example_display_name.py
[2025-12-13T10:28:38.471+0000] {processor.py:925} INFO - DAG(s) 'example_display_name' retrieved from /home/airflow/.local/lib/python3.12/site-packages/airflow/example_dags/example_display_name.py
[2025-12-13T10:28:38.601+0000] {logging_mixin.py:190} INFO - [2025-12-13T10:28:38.601+0000] {dag.py:3239} INFO - Sync 1 DAGs
[2025-12-13T10:28:38.649+0000] {logging_mixin.py:190} INFO - [2025-12-13T10:28:38.648+0000] {dag.py:4180} INFO - Setting next_dagrun for example_display_name to None, run_after=None
[2025-12-13T10:28:38.720+0000] {processor.py:208} INFO - Processing /home/airflow/.local/lib/python3.12/site-packages/airflow/example_dags/example_display_name.py took 0.386 seconds
[2025-12-13T10:29:09.103+0000] {processor.py:186} INFO - Started process (PID=1661) to work on /home/airflow/.local/lib/python3.12/site-packages/airflow/example_dags/example_display_name.py
[2025-12-13T10:29:09.104+0000] {processor.py:914} INFO - Processing file /home/airflow/.local/lib/python3.12/site-packages/airflow/example_dags/example_display_name.py for tasks to queue
[2025-12-13T10:29:09.109+0000] {logging_mixin.py:190} INFO - [2025-12-13T10:29:09.108+0000] {dagbag.py:588} INFO - Filling up the DagBag from /home/airflow/.local/lib/python3.12/site-packages/airflow/example_dags/example_display_name.py
[2025-12-13T10:29:09.122+0000] {processor.py:925} INFO - DAG(s) 'example_display_name' retrieved from /home/airflow/.local/lib/python3.12/site-packages/airflow/example_dags/example_display_name.py
[2025-12-13T10:29:09.157+0000] {logging_mixin.py:190} INFO - [2025-12-13T10:29:09.157+0000] {dag.py:3239} INFO - Sync 1 DAGs
[2025-12-13T10:29:09.189+0000] {logging_mixin.py:190} INFO - [2025-12-13T10:29:09.189+0000] {dag.py:4180} INFO - Setting next_dagrun for example_display_name to None, run_after=None
[2025-12-13T10:29:09.220+0000] {processor.py:208} INFO - Processing /home/airflow/.local/lib/python3.12/site-packages/airflow/example_dags/example_display_name.py took 0.129 seconds
[2025-12-13T10:29:39.595+0000] {processor.py:186} INFO - Started process (PID=1722) to work on /home/airflow/.local/lib/python3.12/site-packages/airflow/example_dags/example_display_name.py
[2025-12-13T10:29:39.596+0000] {processor.py:914} INFO - Processing file /home/airflow/.local/lib/python3.12/site-packages/airflow/example_dags/example_display_name.py for tasks to queue
[2025-12-13T10:29:39.600+0000] {logging_mixin.py:190} INFO - [2025-12-13T10:29:39.600+0000] {dagbag.py:588} INFO - Filling up the DagBag from /home/airflow/.local/lib/python3.12/site-packages/airflow/example_dags/example_display_name.py
[2025-12-13T10:29:39.618+0000] {processor.py:925} INFO - DAG(s) 'example_display_name' retrieved from /home/airflow/.local/lib/python3.12/site-packages/airflow/example_dags/example_display_name.py
[2025-12-13T10:29:39.661+0000] {logging_mixin.py:190} INFO - [2025-12-13T10:29:39.660+0000] {dag.py:3239} INFO - Sync 1 DAGs
[2025-12-13T10:29:39.702+0000] {logging_mixin.py:190} INFO - [2025-12-13T10:29:39.702+0000] {dag.py:4180} INFO - Setting next_dagrun for example_display_name to None, run_after=None
[2025-12-13T10:29:39.752+0000] {processor.py:208} INFO - Processing /home/airflow/.local/lib/python3.12/site-packages/airflow/example_dags/example_display_name.py took 0.170 seconds
[2025-12-13T10:30:10.605+0000] {processor.py:186} INFO - Started process (PID=1785) to work on /home/airflow/.local/lib/python3.12/site-packages/airflow/example_dags/example_display_name.py
[2025-12-13T10:30:10.607+0000] {processor.py:914} INFO - Processing file /home/airflow/.local/lib/python3.12/site-packages/airflow/example_dags/example_display_name.py for tasks to queue
[2025-12-13T10:30:10.611+0000] {logging_mixin.py:190} INFO - [2025-12-13T10:30:10.611+0000] {dagbag.py:588} INFO - Filling up the DagBag from /home/airflow/.local/lib/python3.12/site-packages/airflow/example_dags/example_display_name.py
[2025-12-13T10:30:10.627+0000] {processor.py:925} INFO - DAG(s) 'example_display_name' retrieved from /home/airflow/.local/lib/python3.12/site-packages/airflow/example_dags/example_display_name.py
[2025-12-13T10:30:10.663+0000] {logging_mixin.py:190} INFO - [2025-12-13T10:30:10.662+0000] {dag.py:3239} INFO - Sync 1 DAGs
[2025-12-13T10:30:10.697+0000] {logging_mixin.py:190} INFO - [2025-12-13T10:30:10.696+0000] {dag.py:4180} INFO - Setting next_dagrun for example_display_name to None, run_after=None
[2025-12-13T10:30:10.731+0000] {processor.py:208} INFO - Processing /home/airflow/.local/lib/python3.12/site-packages/airflow/example_dags/example_display_name.py took 0.140 seconds
[2025-12-13T10:30:40.924+0000] {processor.py:186} INFO - Started process (PID=1847) to work on /home/airflow/.local/lib/python3.12/site-packages/airflow/example_dags/example_display_name.py
[2025-12-13T10:30:40.926+0000] {processor.py:914} INFO - Processing file /home/airflow/.local/lib/python3.12/site-packages/airflow/example_dags/example_display_name.py for tasks to queue
[2025-12-13T10:30:40.931+0000] {logging_mixin.py:190} INFO - [2025-12-13T10:30:40.930+0000] {dagbag.py:588} INFO - Filling up the DagBag from /home/airflow/.local/lib/python3.12/site-packages/airflow/example_dags/example_display_name.py
[2025-12-13T10:30:40.947+0000] {processor.py:925} INFO - DAG(s) 'example_display_name' retrieved from /home/airflow/.local/lib/python3.12/site-packages/airflow/example_dags/example_display_name.py
[2025-12-13T10:30:40.989+0000] {logging_mixin.py:190} INFO - [2025-12-13T10:30:40.988+0000] {dag.py:3239} INFO - Sync 1 DAGs
[2025-12-13T10:30:41.021+0000] {logging_mixin.py:190} INFO - [2025-12-13T10:30:41.021+0000] {dag.py:4180} INFO - Setting next_dagrun for example_display_name to None, run_after=None
[2025-12-13T10:30:41.061+0000] {processor.py:208} INFO - Processing /home/airflow/.local/lib/python3.12/site-packages/airflow/example_dags/example_display_name.py took 0.161 seconds
[2025-12-13T10:31:12.212+0000] {processor.py:186} INFO - Started process (PID=1911) to work on /home/airflow/.local/lib/python3.12/site-packages/airflow/example_dags/example_display_name.py
[2025-12-13T10:31:12.213+0000] {processor.py:914} INFO - Processing file /home/airflow/.local/lib/python3.12/site-packages/airflow/example_dags/example_display_name.py for tasks to queue
[2025-12-13T10:31:12.218+0000] {logging_mixin.py:190} INFO - [2025-12-13T10:31:12.218+0000] {dagbag.py:588} INFO - Filling up the DagBag from /home/airflow/.local/lib/python3.12/site-packages/airflow/example_dags/example_display_name.py
[2025-12-13T10:31:12.232+0000] {processor.py:925} INFO - DAG(s) 'example_display_name' retrieved from /home/airflow/.local/lib/python3.12/site-packages/airflow/example_dags/example_display_name.py
[2025-12-13T10:31:12.268+0000] {logging_mixin.py:190} INFO - [2025-12-13T10:31:12.268+0000] {dag.py:3239} INFO - Sync 1 DAGs
[2025-12-13T10:31:12.292+0000] {logging_mixin.py:190} INFO - [2025-12-13T10:31:12.291+0000] {dag.py:4180} INFO - Setting next_dagrun for example_display_name to None, run_after=None
[2025-12-13T10:31:12.325+0000] {processor.py:208} INFO - Processing /home/airflow/.local/lib/python3.12/site-packages/airflow/example_dags/example_display_name.py took 0.125 seconds
[2025-12-13T10:31:42.724+0000] {processor.py:186} INFO - Started process (PID=1973) to work on /home/airflow/.local/lib/python3.12/site-packages/airflow/example_dags/example_display_name.py
[2025-12-13T10:31:42.725+0000] {processor.py:914} INFO - Processing file /home/airflow/.local/lib/python3.12/site-packages/airflow/example_dags/example_display_name.py for tasks to queue
[2025-12-13T10:31:42.729+0000] {logging_mixin.py:190} INFO - [2025-12-13T10:31:42.729+0000] {dagbag.py:588} INFO - Filling up the DagBag from /home/airflow/.local/lib/python3.12/site-packages/airflow/example_dags/example_display_name.py
[2025-12-13T10:31:42.743+0000] {processor.py:925} INFO - DAG(s) 'example_display_name' retrieved from /home/airflow/.local/lib/python3.12/site-packages/airflow/example_dags/example_display_name.py
[2025-12-13T10:31:42.777+0000] {logging_mixin.py:190} INFO - [2025-12-13T10:31:42.777+0000] {dag.py:3239} INFO - Sync 1 DAGs
[2025-12-13T10:31:42.806+0000] {logging_mixin.py:190} INFO - [2025-12-13T10:31:42.806+0000] {dag.py:4180} INFO - Setting next_dagrun for example_display_name to None, run_after=None
[2025-12-13T10:31:42.836+0000] {processor.py:208} INFO - Processing /home/airflow/.local/lib/python3.12/site-packages/airflow/example_dags/example_display_name.py took 0.124 seconds
[2025-12-13T10:32:13.226+0000] {processor.py:186} INFO - Started process (PID=2036) to work on /home/airflow/.local/lib/python3.12/site-packages/airflow/example_dags/example_display_name.py
[2025-12-13T10:32:13.232+0000] {processor.py:914} INFO - Processing file /home/airflow/.local/lib/python3.12/site-packages/airflow/example_dags/example_display_name.py for tasks to queue
[2025-12-13T10:32:13.238+0000] {logging_mixin.py:190} INFO - [2025-12-13T10:32:13.237+0000] {dagbag.py:588} INFO - Filling up the DagBag from /home/airflow/.local/lib/python3.12/site-packages/airflow/example_dags/example_display_name.py
[2025-12-13T10:32:13.262+0000] {processor.py:925} INFO - DAG(s) 'example_display_name' retrieved from /home/airflow/.local/lib/python3.12/site-packages/airflow/example_dags/example_display_name.py
[2025-12-13T10:32:13.307+0000] {logging_mixin.py:190} INFO - [2025-12-13T10:32:13.306+0000] {dag.py:3239} INFO - Sync 1 DAGs
[2025-12-13T10:32:13.341+0000] {logging_mixin.py:190} INFO - [2025-12-13T10:32:13.341+0000] {dag.py:4180} INFO - Setting next_dagrun for example_display_name to None, run_after=None
[2025-12-13T10:32:13.382+0000] {processor.py:208} INFO - Processing /home/airflow/.local/lib/python3.12/site-packages/airflow/example_dags/example_display_name.py took 0.172 seconds
[2025-12-13T10:32:44.163+0000] {processor.py:186} INFO - Started process (PID=2099) to work on /home/airflow/.local/lib/python3.12/site-packages/airflow/example_dags/example_display_name.py
[2025-12-13T10:32:44.166+0000] {processor.py:914} INFO - Processing file /home/airflow/.local/lib/python3.12/site-packages/airflow/example_dags/example_display_name.py for tasks to queue
[2025-12-13T10:32:44.174+0000] {logging_mixin.py:190} INFO - [2025-12-13T10:32:44.174+0000] {dagbag.py:588} INFO - Filling up the DagBag from /home/airflow/.local/lib/python3.12/site-packages/airflow/example_dags/example_display_name.py
[2025-12-13T10:32:44.189+0000] {processor.py:925} INFO - DAG(s) 'example_display_name' retrieved from /home/airflow/.local/lib/python3.12/site-packages/airflow/example_dags/example_display_name.py
[2025-12-13T10:32:44.230+0000] {logging_mixin.py:190} INFO - [2025-12-13T10:32:44.229+0000] {dag.py:3239} INFO - Sync 1 DAGs
[2025-12-13T10:32:44.261+0000] {logging_mixin.py:190} INFO - [2025-12-13T10:32:44.261+0000] {dag.py:4180} INFO - Setting next_dagrun for example_display_name to None, run_after=None
[2025-12-13T10:32:44.297+0000] {processor.py:208} INFO - Processing /home/airflow/.local/lib/python3.12/site-packages/airflow/example_dags/example_display_name.py took 0.152 seconds
[2025-12-13T10:33:14.487+0000] {processor.py:186} INFO - Started process (PID=2162) to work on /home/airflow/.local/lib/python3.12/site-packages/airflow/example_dags/example_display_name.py
[2025-12-13T10:33:14.488+0000] {processor.py:914} INFO - Processing file /home/airflow/.local/lib/python3.12/site-packages/airflow/example_dags/example_display_name.py for tasks to queue
[2025-12-13T10:33:14.495+0000] {logging_mixin.py:190} INFO - [2025-12-13T10:33:14.493+0000] {dagbag.py:588} INFO - Filling up the DagBag from /home/airflow/.local/lib/python3.12/site-packages/airflow/example_dags/example_display_name.py
[2025-12-13T10:33:14.516+0000] {processor.py:925} INFO - DAG(s) 'example_display_name' retrieved from /home/airflow/.local/lib/python3.12/site-packages/airflow/example_dags/example_display_name.py
[2025-12-13T10:33:14.567+0000] {logging_mixin.py:190} INFO - [2025-12-13T10:33:14.566+0000] {dag.py:3239} INFO - Sync 1 DAGs
[2025-12-13T10:33:14.607+0000] {logging_mixin.py:190} INFO - [2025-12-13T10:33:14.606+0000] {dag.py:4180} INFO - Setting next_dagrun for example_display_name to None, run_after=None
[2025-12-13T10:33:14.662+0000] {processor.py:208} INFO - Processing /home/airflow/.local/lib/python3.12/site-packages/airflow/example_dags/example_display_name.py took 0.193 seconds
[2025-12-13T10:33:44.871+0000] {processor.py:186} INFO - Started process (PID=2224) to work on /home/airflow/.local/lib/python3.12/site-packages/airflow/example_dags/example_display_name.py
[2025-12-13T10:33:44.874+0000] {processor.py:914} INFO - Processing file /home/airflow/.local/lib/python3.12/site-packages/airflow/example_dags/example_display_name.py for tasks to queue
[2025-12-13T10:33:44.879+0000] {logging_mixin.py:190} INFO - [2025-12-13T10:33:44.878+0000] {dagbag.py:588} INFO - Filling up the DagBag from /home/airflow/.local/lib/python3.12/site-packages/airflow/example_dags/example_display_name.py
[2025-12-13T10:33:44.898+0000] {processor.py:925} INFO - DAG(s) 'example_display_name' retrieved from /home/airflow/.local/lib/python3.12/site-packages/airflow/example_dags/example_display_name.py
[2025-12-13T10:33:44.940+0000] {logging_mixin.py:190} INFO - [2025-12-13T10:33:44.939+0000] {dag.py:3239} INFO - Sync 1 DAGs
[2025-12-13T10:33:44.978+0000] {logging_mixin.py:190} INFO - [2025-12-13T10:33:44.978+0000] {dag.py:4180} INFO - Setting next_dagrun for example_display_name to None, run_after=None
[2025-12-13T10:33:45.012+0000] {processor.py:208} INFO - Processing /home/airflow/.local/lib/python3.12/site-packages/airflow/example_dags/example_display_name.py took 0.155 seconds
[2025-12-13T10:34:15.793+0000] {processor.py:186} INFO - Started process (PID=2288) to work on /home/airflow/.local/lib/python3.12/site-packages/airflow/example_dags/example_display_name.py
[2025-12-13T10:34:15.794+0000] {processor.py:914} INFO - Processing file /home/airflow/.local/lib/python3.12/site-packages/airflow/example_dags/example_display_name.py for tasks to queue
[2025-12-13T10:34:15.798+0000] {logging_mixin.py:190} INFO - [2025-12-13T10:34:15.797+0000] {dagbag.py:588} INFO - Filling up the DagBag from /home/airflow/.local/lib/python3.12/site-packages/airflow/example_dags/example_display_name.py
[2025-12-13T10:34:15.812+0000] {processor.py:925} INFO - DAG(s) 'example_display_name' retrieved from /home/airflow/.local/lib/python3.12/site-packages/airflow/example_dags/example_display_name.py
[2025-12-13T10:34:15.846+0000] {logging_mixin.py:190} INFO - [2025-12-13T10:34:15.846+0000] {dag.py:3239} INFO - Sync 1 DAGs
[2025-12-13T10:34:15.876+0000] {logging_mixin.py:190} INFO - [2025-12-13T10:34:15.876+0000] {dag.py:4180} INFO - Setting next_dagrun for example_display_name to None, run_after=None
[2025-12-13T10:34:15.906+0000] {processor.py:208} INFO - Processing /home/airflow/.local/lib/python3.12/site-packages/airflow/example_dags/example_display_name.py took 0.124 seconds
[2025-12-13T10:34:46.292+0000] {processor.py:186} INFO - Started process (PID=2351) to work on /home/airflow/.local/lib/python3.12/site-packages/airflow/example_dags/example_display_name.py
[2025-12-13T10:34:46.293+0000] {processor.py:914} INFO - Processing file /home/airflow/.local/lib/python3.12/site-packages/airflow/example_dags/example_display_name.py for tasks to queue
[2025-12-13T10:34:46.297+0000] {logging_mixin.py:190} INFO - [2025-12-13T10:34:46.297+0000] {dagbag.py:588} INFO - Filling up the DagBag from /home/airflow/.local/lib/python3.12/site-packages/airflow/example_dags/example_display_name.py
[2025-12-13T10:34:46.314+0000] {processor.py:925} INFO - DAG(s) 'example_display_name' retrieved from /home/airflow/.local/lib/python3.12/site-packages/airflow/example_dags/example_display_name.py
[2025-12-13T10:34:46.354+0000] {logging_mixin.py:190} INFO - [2025-12-13T10:34:46.353+0000] {dag.py:3239} INFO - Sync 1 DAGs
[2025-12-13T10:34:46.386+0000] {logging_mixin.py:190} INFO - [2025-12-13T10:34:46.385+0000] {dag.py:4180} INFO - Setting next_dagrun for example_display_name to None, run_after=None
[2025-12-13T10:34:46.424+0000] {processor.py:208} INFO - Processing /home/airflow/.local/lib/python3.12/site-packages/airflow/example_dags/example_display_name.py took 0.146 seconds
[2025-12-13T10:35:17.065+0000] {processor.py:186} INFO - Started process (PID=2414) to work on /home/airflow/.local/lib/python3.12/site-packages/airflow/example_dags/example_display_name.py
[2025-12-13T10:35:17.066+0000] {processor.py:914} INFO - Processing file /home/airflow/.local/lib/python3.12/site-packages/airflow/example_dags/example_display_name.py for tasks to queue
[2025-12-13T10:35:17.069+0000] {logging_mixin.py:190} INFO - [2025-12-13T10:35:17.069+0000] {dagbag.py:588} INFO - Filling up the DagBag from /home/airflow/.local/lib/python3.12/site-packages/airflow/example_dags/example_display_name.py
[2025-12-13T10:35:17.082+0000] {processor.py:925} INFO - DAG(s) 'example_display_name' retrieved from /home/airflow/.local/lib/python3.12/site-packages/airflow/example_dags/example_display_name.py
[2025-12-13T10:35:17.109+0000] {logging_mixin.py:190} INFO - [2025-12-13T10:35:17.108+0000] {dag.py:3239} INFO - Sync 1 DAGs
[2025-12-13T10:35:17.136+0000] {logging_mixin.py:190} INFO - [2025-12-13T10:35:17.136+0000] {dag.py:4180} INFO - Setting next_dagrun for example_display_name to None, run_after=None
[2025-12-13T10:35:17.165+0000] {processor.py:208} INFO - Processing /home/airflow/.local/lib/python3.12/site-packages/airflow/example_dags/example_display_name.py took 0.109 seconds
[2025-12-13T10:35:47.700+0000] {processor.py:186} INFO - Started process (PID=2483) to work on /home/airflow/.local/lib/python3.12/site-packages/airflow/example_dags/example_display_name.py
[2025-12-13T10:35:47.705+0000] {processor.py:914} INFO - Processing file /home/airflow/.local/lib/python3.12/site-packages/airflow/example_dags/example_display_name.py for tasks to queue
[2025-12-13T10:35:47.715+0000] {logging_mixin.py:190} INFO - [2025-12-13T10:35:47.714+0000] {dagbag.py:588} INFO - Filling up the DagBag from /home/airflow/.local/lib/python3.12/site-packages/airflow/example_dags/example_display_name.py
[2025-12-13T10:35:47.753+0000] {processor.py:925} INFO - DAG(s) 'example_display_name' retrieved from /home/airflow/.local/lib/python3.12/site-packages/airflow/example_dags/example_display_name.py
[2025-12-13T10:35:47.803+0000] {logging_mixin.py:190} INFO - [2025-12-13T10:35:47.803+0000] {dag.py:3239} INFO - Sync 1 DAGs
[2025-12-13T10:35:47.863+0000] {logging_mixin.py:190} INFO - [2025-12-13T10:35:47.863+0000] {dag.py:4180} INFO - Setting next_dagrun for example_display_name to None, run_after=None
[2025-12-13T10:35:48.056+0000] {processor.py:208} INFO - Processing /home/airflow/.local/lib/python3.12/site-packages/airflow/example_dags/example_display_name.py took 0.371 seconds
[2025-12-13T10:36:18.758+0000] {processor.py:186} INFO - Started process (PID=2546) to work on /home/airflow/.local/lib/python3.12/site-packages/airflow/example_dags/example_display_name.py
[2025-12-13T10:36:18.760+0000] {processor.py:914} INFO - Processing file /home/airflow/.local/lib/python3.12/site-packages/airflow/example_dags/example_display_name.py for tasks to queue
[2025-12-13T10:36:18.764+0000] {logging_mixin.py:190} INFO - [2025-12-13T10:36:18.763+0000] {dagbag.py:588} INFO - Filling up the DagBag from /home/airflow/.local/lib/python3.12/site-packages/airflow/example_dags/example_display_name.py
[2025-12-13T10:36:18.776+0000] {processor.py:925} INFO - DAG(s) 'example_display_name' retrieved from /home/airflow/.local/lib/python3.12/site-packages/airflow/example_dags/example_display_name.py
[2025-12-13T10:36:18.810+0000] {logging_mixin.py:190} INFO - [2025-12-13T10:36:18.810+0000] {dag.py:3239} INFO - Sync 1 DAGs
[2025-12-13T10:36:18.839+0000] {logging_mixin.py:190} INFO - [2025-12-13T10:36:18.839+0000] {dag.py:4180} INFO - Setting next_dagrun for example_display_name to None, run_after=None
[2025-12-13T10:36:18.866+0000] {processor.py:208} INFO - Processing /home/airflow/.local/lib/python3.12/site-packages/airflow/example_dags/example_display_name.py took 0.120 seconds
[2025-12-13T10:36:49.198+0000] {processor.py:186} INFO - Started process (PID=2608) to work on /home/airflow/.local/lib/python3.12/site-packages/airflow/example_dags/example_display_name.py
[2025-12-13T10:36:49.200+0000] {processor.py:914} INFO - Processing file /home/airflow/.local/lib/python3.12/site-packages/airflow/example_dags/example_display_name.py for tasks to queue
[2025-12-13T10:36:49.206+0000] {logging_mixin.py:190} INFO - [2025-12-13T10:36:49.205+0000] {dagbag.py:588} INFO - Filling up the DagBag from /home/airflow/.local/lib/python3.12/site-packages/airflow/example_dags/example_display_name.py
[2025-12-13T10:36:49.223+0000] {processor.py:925} INFO - DAG(s) 'example_display_name' retrieved from /home/airflow/.local/lib/python3.12/site-packages/airflow/example_dags/example_display_name.py
[2025-12-13T10:36:49.270+0000] {logging_mixin.py:190} INFO - [2025-12-13T10:36:49.269+0000] {dag.py:3239} INFO - Sync 1 DAGs
[2025-12-13T10:36:49.307+0000] {logging_mixin.py:190} INFO - [2025-12-13T10:36:49.306+0000] {dag.py:4180} INFO - Setting next_dagrun for example_display_name to None, run_after=None
[2025-12-13T10:36:49.355+0000] {processor.py:208} INFO - Processing /home/airflow/.local/lib/python3.12/site-packages/airflow/example_dags/example_display_name.py took 0.171 seconds
[2025-12-13T10:37:19.651+0000] {processor.py:186} INFO - Started process (PID=2670) to work on /home/airflow/.local/lib/python3.12/site-packages/airflow/example_dags/example_display_name.py
[2025-12-13T10:37:19.652+0000] {processor.py:914} INFO - Processing file /home/airflow/.local/lib/python3.12/site-packages/airflow/example_dags/example_display_name.py for tasks to queue
[2025-12-13T10:37:19.659+0000] {logging_mixin.py:190} INFO - [2025-12-13T10:37:19.657+0000] {dagbag.py:588} INFO - Filling up the DagBag from /home/airflow/.local/lib/python3.12/site-packages/airflow/example_dags/example_display_name.py
[2025-12-13T10:37:19.678+0000] {processor.py:925} INFO - DAG(s) 'example_display_name' retrieved from /home/airflow/.local/lib/python3.12/site-packages/airflow/example_dags/example_display_name.py
[2025-12-13T10:37:19.723+0000] {logging_mixin.py:190} INFO - [2025-12-13T10:37:19.723+0000] {dag.py:3239} INFO - Sync 1 DAGs
[2025-12-13T10:37:19.761+0000] {logging_mixin.py:190} INFO - [2025-12-13T10:37:19.760+0000] {dag.py:4180} INFO - Setting next_dagrun for example_display_name to None, run_after=None
[2025-12-13T10:37:19.806+0000] {processor.py:208} INFO - Processing /home/airflow/.local/lib/python3.12/site-packages/airflow/example_dags/example_display_name.py took 0.169 seconds
[2025-12-13T10:37:50.263+0000] {processor.py:186} INFO - Started process (PID=2731) to work on /home/airflow/.local/lib/python3.12/site-packages/airflow/example_dags/example_display_name.py
[2025-12-13T10:37:50.267+0000] {processor.py:914} INFO - Processing file /home/airflow/.local/lib/python3.12/site-packages/airflow/example_dags/example_display_name.py for tasks to queue
[2025-12-13T10:37:50.272+0000] {logging_mixin.py:190} INFO - [2025-12-13T10:37:50.272+0000] {dagbag.py:588} INFO - Filling up the DagBag from /home/airflow/.local/lib/python3.12/site-packages/airflow/example_dags/example_display_name.py
[2025-12-13T10:37:50.290+0000] {processor.py:925} INFO - DAG(s) 'example_display_name' retrieved from /home/airflow/.local/lib/python3.12/site-packages/airflow/example_dags/example_display_name.py
[2025-12-13T10:37:50.332+0000] {logging_mixin.py:190} INFO - [2025-12-13T10:37:50.332+0000] {dag.py:3239} INFO - Sync 1 DAGs
[2025-12-13T10:37:50.369+0000] {logging_mixin.py:190} INFO - [2025-12-13T10:37:50.368+0000] {dag.py:4180} INFO - Setting next_dagrun for example_display_name to None, run_after=None
[2025-12-13T10:37:50.412+0000] {processor.py:208} INFO - Processing /home/airflow/.local/lib/python3.12/site-packages/airflow/example_dags/example_display_name.py took 0.165 seconds
[2025-12-13T10:38:20.582+0000] {processor.py:186} INFO - Started process (PID=2795) to work on /home/airflow/.local/lib/python3.12/site-packages/airflow/example_dags/example_display_name.py
[2025-12-13T10:38:20.584+0000] {processor.py:914} INFO - Processing file /home/airflow/.local/lib/python3.12/site-packages/airflow/example_dags/example_display_name.py for tasks to queue
[2025-12-13T10:38:20.588+0000] {logging_mixin.py:190} INFO - [2025-12-13T10:38:20.587+0000] {dagbag.py:588} INFO - Filling up the DagBag from /home/airflow/.local/lib/python3.12/site-packages/airflow/example_dags/example_display_name.py
[2025-12-13T10:38:20.604+0000] {processor.py:925} INFO - DAG(s) 'example_display_name' retrieved from /home/airflow/.local/lib/python3.12/site-packages/airflow/example_dags/example_display_name.py
[2025-12-13T10:38:20.639+0000] {logging_mixin.py:190} INFO - [2025-12-13T10:38:20.638+0000] {dag.py:3239} INFO - Sync 1 DAGs
[2025-12-13T10:38:20.670+0000] {logging_mixin.py:190} INFO - [2025-12-13T10:38:20.670+0000] {dag.py:4180} INFO - Setting next_dagrun for example_display_name to None, run_after=None
[2025-12-13T10:38:20.708+0000] {processor.py:208} INFO - Processing /home/airflow/.local/lib/python3.12/site-packages/airflow/example_dags/example_display_name.py took 0.138 seconds
[2025-12-13T10:38:50.963+0000] {processor.py:186} INFO - Started process (PID=2858) to work on /home/airflow/.local/lib/python3.12/site-packages/airflow/example_dags/example_display_name.py
[2025-12-13T10:38:50.964+0000] {processor.py:914} INFO - Processing file /home/airflow/.local/lib/python3.12/site-packages/airflow/example_dags/example_display_name.py for tasks to queue
[2025-12-13T10:38:50.967+0000] {logging_mixin.py:190} INFO - [2025-12-13T10:38:50.966+0000] {dagbag.py:588} INFO - Filling up the DagBag from /home/airflow/.local/lib/python3.12/site-packages/airflow/example_dags/example_display_name.py
[2025-12-13T10:38:50.981+0000] {processor.py:925} INFO - DAG(s) 'example_display_name' retrieved from /home/airflow/.local/lib/python3.12/site-packages/airflow/example_dags/example_display_name.py
[2025-12-13T10:38:51.014+0000] {logging_mixin.py:190} INFO - [2025-12-13T10:38:51.014+0000] {dag.py:3239} INFO - Sync 1 DAGs
[2025-12-13T10:38:51.041+0000] {logging_mixin.py:190} INFO - [2025-12-13T10:38:51.040+0000] {dag.py:4180} INFO - Setting next_dagrun for example_display_name to None, run_after=None
[2025-12-13T10:38:51.065+0000] {processor.py:208} INFO - Processing /home/airflow/.local/lib/python3.12/site-packages/airflow/example_dags/example_display_name.py took 0.114 seconds
[2025-12-13T10:39:21.518+0000] {processor.py:186} INFO - Started process (PID=2922) to work on /home/airflow/.local/lib/python3.12/site-packages/airflow/example_dags/example_display_name.py
[2025-12-13T10:39:21.519+0000] {processor.py:914} INFO - Processing file /home/airflow/.local/lib/python3.12/site-packages/airflow/example_dags/example_display_name.py for tasks to queue
[2025-12-13T10:39:21.522+0000] {logging_mixin.py:190} INFO - [2025-12-13T10:39:21.522+0000] {dagbag.py:588} INFO - Filling up the DagBag from /home/airflow/.local/lib/python3.12/site-packages/airflow/example_dags/example_display_name.py
[2025-12-13T10:39:21.539+0000] {processor.py:925} INFO - DAG(s) 'example_display_name' retrieved from /home/airflow/.local/lib/python3.12/site-packages/airflow/example_dags/example_display_name.py
[2025-12-13T10:39:21.577+0000] {logging_mixin.py:190} INFO - [2025-12-13T10:39:21.577+0000] {dag.py:3239} INFO - Sync 1 DAGs
[2025-12-13T10:39:21.893+0000] {logging_mixin.py:190} INFO - [2025-12-13T10:39:21.893+0000] {dag.py:4180} INFO - Setting next_dagrun for example_display_name to None, run_after=None
[2025-12-13T10:39:21.929+0000] {processor.py:208} INFO - Processing /home/airflow/.local/lib/python3.12/site-packages/airflow/example_dags/example_display_name.py took 0.422 seconds
[2025-12-13T10:39:52.073+0000] {processor.py:186} INFO - Started process (PID=2984) to work on /home/airflow/.local/lib/python3.12/site-packages/airflow/example_dags/example_display_name.py
[2025-12-13T10:39:52.074+0000] {processor.py:914} INFO - Processing file /home/airflow/.local/lib/python3.12/site-packages/airflow/example_dags/example_display_name.py for tasks to queue
[2025-12-13T10:39:52.079+0000] {logging_mixin.py:190} INFO - [2025-12-13T10:39:52.079+0000] {dagbag.py:588} INFO - Filling up the DagBag from /home/airflow/.local/lib/python3.12/site-packages/airflow/example_dags/example_display_name.py
[2025-12-13T10:39:52.093+0000] {processor.py:925} INFO - DAG(s) 'example_display_name' retrieved from /home/airflow/.local/lib/python3.12/site-packages/airflow/example_dags/example_display_name.py
[2025-12-13T10:39:52.119+0000] {logging_mixin.py:190} INFO - [2025-12-13T10:39:52.118+0000] {dag.py:3239} INFO - Sync 1 DAGs
[2025-12-13T10:39:52.143+0000] {logging_mixin.py:190} INFO - [2025-12-13T10:39:52.142+0000] {dag.py:4180} INFO - Setting next_dagrun for example_display_name to None, run_after=None
[2025-12-13T10:39:52.404+0000] {processor.py:208} INFO - Processing /home/airflow/.local/lib/python3.12/site-packages/airflow/example_dags/example_display_name.py took 0.341 seconds
[2025-12-13T10:40:22.710+0000] {processor.py:186} INFO - Started process (PID=3047) to work on /home/airflow/.local/lib/python3.12/site-packages/airflow/example_dags/example_display_name.py
[2025-12-13T10:40:22.711+0000] {processor.py:914} INFO - Processing file /home/airflow/.local/lib/python3.12/site-packages/airflow/example_dags/example_display_name.py for tasks to queue
[2025-12-13T10:40:22.715+0000] {logging_mixin.py:190} INFO - [2025-12-13T10:40:22.715+0000] {dagbag.py:588} INFO - Filling up the DagBag from /home/airflow/.local/lib/python3.12/site-packages/airflow/example_dags/example_display_name.py
[2025-12-13T10:40:22.729+0000] {processor.py:925} INFO - DAG(s) 'example_display_name' retrieved from /home/airflow/.local/lib/python3.12/site-packages/airflow/example_dags/example_display_name.py
[2025-12-13T10:40:22.769+0000] {logging_mixin.py:190} INFO - [2025-12-13T10:40:22.769+0000] {dag.py:3239} INFO - Sync 1 DAGs
[2025-12-13T10:40:22.801+0000] {logging_mixin.py:190} INFO - [2025-12-13T10:40:22.801+0000] {dag.py:4180} INFO - Setting next_dagrun for example_display_name to None, run_after=None
[2025-12-13T10:40:22.829+0000] {processor.py:208} INFO - Processing /home/airflow/.local/lib/python3.12/site-packages/airflow/example_dags/example_display_name.py took 0.128 seconds
[2025-12-13T10:40:53.154+0000] {processor.py:186} INFO - Started process (PID=3110) to work on /home/airflow/.local/lib/python3.12/site-packages/airflow/example_dags/example_display_name.py
[2025-12-13T10:40:53.157+0000] {processor.py:914} INFO - Processing file /home/airflow/.local/lib/python3.12/site-packages/airflow/example_dags/example_display_name.py for tasks to queue
[2025-12-13T10:40:53.165+0000] {logging_mixin.py:190} INFO - [2025-12-13T10:40:53.163+0000] {dagbag.py:588} INFO - Filling up the DagBag from /home/airflow/.local/lib/python3.12/site-packages/airflow/example_dags/example_display_name.py
[2025-12-13T10:40:53.187+0000] {processor.py:925} INFO - DAG(s) 'example_display_name' retrieved from /home/airflow/.local/lib/python3.12/site-packages/airflow/example_dags/example_display_name.py
[2025-12-13T10:40:53.262+0000] {logging_mixin.py:190} INFO - [2025-12-13T10:40:53.261+0000] {dag.py:3239} INFO - Sync 1 DAGs
[2025-12-13T10:40:53.292+0000] {logging_mixin.py:190} INFO - [2025-12-13T10:40:53.292+0000] {dag.py:4180} INFO - Setting next_dagrun for example_display_name to None, run_after=None
[2025-12-13T10:40:53.324+0000] {processor.py:208} INFO - Processing /home/airflow/.local/lib/python3.12/site-packages/airflow/example_dags/example_display_name.py took 0.206 seconds
[2025-12-13T10:41:23.673+0000] {processor.py:186} INFO - Started process (PID=3173) to work on /home/airflow/.local/lib/python3.12/site-packages/airflow/example_dags/example_display_name.py
[2025-12-13T10:41:23.675+0000] {processor.py:914} INFO - Processing file /home/airflow/.local/lib/python3.12/site-packages/airflow/example_dags/example_display_name.py for tasks to queue
[2025-12-13T10:41:23.680+0000] {logging_mixin.py:190} INFO - [2025-12-13T10:41:23.679+0000] {dagbag.py:588} INFO - Filling up the DagBag from /home/airflow/.local/lib/python3.12/site-packages/airflow/example_dags/example_display_name.py
[2025-12-13T10:41:23.695+0000] {processor.py:925} INFO - DAG(s) 'example_display_name' retrieved from /home/airflow/.local/lib/python3.12/site-packages/airflow/example_dags/example_display_name.py
[2025-12-13T10:41:23.732+0000] {logging_mixin.py:190} INFO - [2025-12-13T10:41:23.731+0000] {dag.py:3239} INFO - Sync 1 DAGs
[2025-12-13T10:41:23.759+0000] {logging_mixin.py:190} INFO - [2025-12-13T10:41:23.758+0000] {dag.py:4180} INFO - Setting next_dagrun for example_display_name to None, run_after=None
[2025-12-13T10:41:23.793+0000] {processor.py:208} INFO - Processing /home/airflow/.local/lib/python3.12/site-packages/airflow/example_dags/example_display_name.py took 0.138 seconds
[2025-12-13T10:41:54.766+0000] {processor.py:186} INFO - Started process (PID=3236) to work on /home/airflow/.local/lib/python3.12/site-packages/airflow/example_dags/example_display_name.py
[2025-12-13T10:41:54.768+0000] {processor.py:914} INFO - Processing file /home/airflow/.local/lib/python3.12/site-packages/airflow/example_dags/example_display_name.py for tasks to queue
[2025-12-13T10:41:54.773+0000] {logging_mixin.py:190} INFO - [2025-12-13T10:41:54.772+0000] {dagbag.py:588} INFO - Filling up the DagBag from /home/airflow/.local/lib/python3.12/site-packages/airflow/example_dags/example_display_name.py
[2025-12-13T10:41:54.789+0000] {processor.py:925} INFO - DAG(s) 'example_display_name' retrieved from /home/airflow/.local/lib/python3.12/site-packages/airflow/example_dags/example_display_name.py
[2025-12-13T10:41:54.827+0000] {logging_mixin.py:190} INFO - [2025-12-13T10:41:54.827+0000] {dag.py:3239} INFO - Sync 1 DAGs
[2025-12-13T10:41:54.866+0000] {logging_mixin.py:190} INFO - [2025-12-13T10:41:54.866+0000] {dag.py:4180} INFO - Setting next_dagrun for example_display_name to None, run_after=None
[2025-12-13T10:41:54.901+0000] {processor.py:208} INFO - Processing /home/airflow/.local/lib/python3.12/site-packages/airflow/example_dags/example_display_name.py took 0.149 seconds
[2025-12-13T10:42:26.066+0000] {processor.py:186} INFO - Started process (PID=3299) to work on /home/airflow/.local/lib/python3.12/site-packages/airflow/example_dags/example_display_name.py
[2025-12-13T10:42:26.070+0000] {processor.py:914} INFO - Processing file /home/airflow/.local/lib/python3.12/site-packages/airflow/example_dags/example_display_name.py for tasks to queue
[2025-12-13T10:42:26.074+0000] {logging_mixin.py:190} INFO - [2025-12-13T10:42:26.073+0000] {dagbag.py:588} INFO - Filling up the DagBag from /home/airflow/.local/lib/python3.12/site-packages/airflow/example_dags/example_display_name.py
[2025-12-13T10:42:26.099+0000] {processor.py:925} INFO - DAG(s) 'example_display_name' retrieved from /home/airflow/.local/lib/python3.12/site-packages/airflow/example_dags/example_display_name.py
[2025-12-13T10:42:26.153+0000] {logging_mixin.py:190} INFO - [2025-12-13T10:42:26.152+0000] {dag.py:3239} INFO - Sync 1 DAGs
[2025-12-13T10:42:26.197+0000] {logging_mixin.py:190} INFO - [2025-12-13T10:42:26.197+0000] {dag.py:4180} INFO - Setting next_dagrun for example_display_name to None, run_after=None
[2025-12-13T10:42:26.233+0000] {processor.py:208} INFO - Processing /home/airflow/.local/lib/python3.12/site-packages/airflow/example_dags/example_display_name.py took 0.191 seconds
[2025-12-13T10:42:57.012+0000] {processor.py:186} INFO - Started process (PID=3362) to work on /home/airflow/.local/lib/python3.12/site-packages/airflow/example_dags/example_display_name.py
[2025-12-13T10:42:57.013+0000] {processor.py:914} INFO - Processing file /home/airflow/.local/lib/python3.12/site-packages/airflow/example_dags/example_display_name.py for tasks to queue
[2025-12-13T10:42:57.017+0000] {logging_mixin.py:190} INFO - [2025-12-13T10:42:57.016+0000] {dagbag.py:588} INFO - Filling up the DagBag from /home/airflow/.local/lib/python3.12/site-packages/airflow/example_dags/example_display_name.py
[2025-12-13T10:42:57.032+0000] {processor.py:925} INFO - DAG(s) 'example_display_name' retrieved from /home/airflow/.local/lib/python3.12/site-packages/airflow/example_dags/example_display_name.py
[2025-12-13T10:42:57.068+0000] {logging_mixin.py:190} INFO - [2025-12-13T10:42:57.067+0000] {dag.py:3239} INFO - Sync 1 DAGs
[2025-12-13T10:42:57.099+0000] {logging_mixin.py:190} INFO - [2025-12-13T10:42:57.098+0000] {dag.py:4180} INFO - Setting next_dagrun for example_display_name to None, run_after=None
[2025-12-13T10:42:57.133+0000] {processor.py:208} INFO - Processing /home/airflow/.local/lib/python3.12/site-packages/airflow/example_dags/example_display_name.py took 0.133 seconds
[2025-12-13T10:43:27.297+0000] {processor.py:186} INFO - Started process (PID=3424) to work on /home/airflow/.local/lib/python3.12/site-packages/airflow/example_dags/example_display_name.py
[2025-12-13T10:43:27.299+0000] {processor.py:914} INFO - Processing file /home/airflow/.local/lib/python3.12/site-packages/airflow/example_dags/example_display_name.py for tasks to queue
[2025-12-13T10:43:27.308+0000] {logging_mixin.py:190} INFO - [2025-12-13T10:43:27.304+0000] {dagbag.py:588} INFO - Filling up the DagBag from /home/airflow/.local/lib/python3.12/site-packages/airflow/example_dags/example_display_name.py
[2025-12-13T10:43:27.345+0000] {processor.py:925} INFO - DAG(s) 'example_display_name' retrieved from /home/airflow/.local/lib/python3.12/site-packages/airflow/example_dags/example_display_name.py
[2025-12-13T10:43:27.391+0000] {logging_mixin.py:190} INFO - [2025-12-13T10:43:27.390+0000] {dag.py:3239} INFO - Sync 1 DAGs
[2025-12-13T10:43:27.424+0000] {logging_mixin.py:190} INFO - [2025-12-13T10:43:27.424+0000] {dag.py:4180} INFO - Setting next_dagrun for example_display_name to None, run_after=None
[2025-12-13T10:43:27.463+0000] {processor.py:208} INFO - Processing /home/airflow/.local/lib/python3.12/site-packages/airflow/example_dags/example_display_name.py took 0.187 seconds
[2025-12-13T10:43:58.105+0000] {processor.py:186} INFO - Started process (PID=3487) to work on /home/airflow/.local/lib/python3.12/site-packages/airflow/example_dags/example_display_name.py
[2025-12-13T10:43:58.106+0000] {processor.py:914} INFO - Processing file /home/airflow/.local/lib/python3.12/site-packages/airflow/example_dags/example_display_name.py for tasks to queue
[2025-12-13T10:43:58.110+0000] {logging_mixin.py:190} INFO - [2025-12-13T10:43:58.109+0000] {dagbag.py:588} INFO - Filling up the DagBag from /home/airflow/.local/lib/python3.12/site-packages/airflow/example_dags/example_display_name.py
[2025-12-13T10:43:58.126+0000] {processor.py:925} INFO - DAG(s) 'example_display_name' retrieved from /home/airflow/.local/lib/python3.12/site-packages/airflow/example_dags/example_display_name.py
[2025-12-13T10:43:58.164+0000] {logging_mixin.py:190} INFO - [2025-12-13T10:43:58.164+0000] {dag.py:3239} INFO - Sync 1 DAGs
[2025-12-13T10:43:58.197+0000] {logging_mixin.py:190} INFO - [2025-12-13T10:43:58.196+0000] {dag.py:4180} INFO - Setting next_dagrun for example_display_name to None, run_after=None
[2025-12-13T10:43:58.231+0000] {processor.py:208} INFO - Processing /home/airflow/.local/lib/python3.12/site-packages/airflow/example_dags/example_display_name.py took 0.139 seconds
[2025-12-13T10:44:29.658+0000] {processor.py:186} INFO - Started process (PID=3550) to work on /home/airflow/.local/lib/python3.12/site-packages/airflow/example_dags/example_display_name.py
[2025-12-13T10:44:29.661+0000] {processor.py:914} INFO - Processing file /home/airflow/.local/lib/python3.12/site-packages/airflow/example_dags/example_display_name.py for tasks to queue
[2025-12-13T10:44:29.671+0000] {logging_mixin.py:190} INFO - [2025-12-13T10:44:29.670+0000] {dagbag.py:588} INFO - Filling up the DagBag from /home/airflow/.local/lib/python3.12/site-packages/airflow/example_dags/example_display_name.py
[2025-12-13T10:44:29.705+0000] {processor.py:925} INFO - DAG(s) 'example_display_name' retrieved from /home/airflow/.local/lib/python3.12/site-packages/airflow/example_dags/example_display_name.py
[2025-12-13T10:44:29.784+0000] {logging_mixin.py:190} INFO - [2025-12-13T10:44:29.783+0000] {dag.py:3239} INFO - Sync 1 DAGs
[2025-12-13T10:44:29.838+0000] {logging_mixin.py:190} INFO - [2025-12-13T10:44:29.837+0000] {dag.py:4180} INFO - Setting next_dagrun for example_display_name to None, run_after=None
[2025-12-13T10:44:29.901+0000] {processor.py:208} INFO - Processing /home/airflow/.local/lib/python3.12/site-packages/airflow/example_dags/example_display_name.py took 0.271 seconds
[2025-12-13T10:44:59.986+0000] {processor.py:186} INFO - Started process (PID=3613) to work on /home/airflow/.local/lib/python3.12/site-packages/airflow/example_dags/example_display_name.py
[2025-12-13T10:44:59.988+0000] {processor.py:914} INFO - Processing file /home/airflow/.local/lib/python3.12/site-packages/airflow/example_dags/example_display_name.py for tasks to queue
[2025-12-13T10:44:59.991+0000] {logging_mixin.py:190} INFO - [2025-12-13T10:44:59.990+0000] {dagbag.py:588} INFO - Filling up the DagBag from /home/airflow/.local/lib/python3.12/site-packages/airflow/example_dags/example_display_name.py
[2025-12-13T10:45:00.002+0000] {processor.py:925} INFO - DAG(s) 'example_display_name' retrieved from /home/airflow/.local/lib/python3.12/site-packages/airflow/example_dags/example_display_name.py
[2025-12-13T10:45:00.032+0000] {logging_mixin.py:190} INFO - [2025-12-13T10:45:00.032+0000] {dag.py:3239} INFO - Sync 1 DAGs
[2025-12-13T10:45:00.054+0000] {logging_mixin.py:190} INFO - [2025-12-13T10:45:00.054+0000] {dag.py:4180} INFO - Setting next_dagrun for example_display_name to None, run_after=None
[2025-12-13T10:45:00.076+0000] {processor.py:208} INFO - Processing /home/airflow/.local/lib/python3.12/site-packages/airflow/example_dags/example_display_name.py took 0.098 seconds
[2025-12-13T10:45:30.425+0000] {processor.py:186} INFO - Started process (PID=3676) to work on /home/airflow/.local/lib/python3.12/site-packages/airflow/example_dags/example_display_name.py
[2025-12-13T10:45:30.426+0000] {processor.py:914} INFO - Processing file /home/airflow/.local/lib/python3.12/site-packages/airflow/example_dags/example_display_name.py for tasks to queue
[2025-12-13T10:45:30.430+0000] {logging_mixin.py:190} INFO - [2025-12-13T10:45:30.429+0000] {dagbag.py:588} INFO - Filling up the DagBag from /home/airflow/.local/lib/python3.12/site-packages/airflow/example_dags/example_display_name.py
[2025-12-13T10:45:30.441+0000] {processor.py:925} INFO - DAG(s) 'example_display_name' retrieved from /home/airflow/.local/lib/python3.12/site-packages/airflow/example_dags/example_display_name.py
[2025-12-13T10:45:30.470+0000] {logging_mixin.py:190} INFO - [2025-12-13T10:45:30.470+0000] {dag.py:3239} INFO - Sync 1 DAGs
[2025-12-13T10:45:30.495+0000] {logging_mixin.py:190} INFO - [2025-12-13T10:45:30.495+0000] {dag.py:4180} INFO - Setting next_dagrun for example_display_name to None, run_after=None
[2025-12-13T10:45:30.531+0000] {processor.py:208} INFO - Processing /home/airflow/.local/lib/python3.12/site-packages/airflow/example_dags/example_display_name.py took 0.117 seconds
[2025-12-13T10:46:00.940+0000] {processor.py:186} INFO - Started process (PID=3737) to work on /home/airflow/.local/lib/python3.12/site-packages/airflow/example_dags/example_display_name.py
[2025-12-13T10:46:00.941+0000] {processor.py:914} INFO - Processing file /home/airflow/.local/lib/python3.12/site-packages/airflow/example_dags/example_display_name.py for tasks to queue
[2025-12-13T10:46:00.944+0000] {logging_mixin.py:190} INFO - [2025-12-13T10:46:00.944+0000] {dagbag.py:588} INFO - Filling up the DagBag from /home/airflow/.local/lib/python3.12/site-packages/airflow/example_dags/example_display_name.py
[2025-12-13T10:46:00.959+0000] {processor.py:925} INFO - DAG(s) 'example_display_name' retrieved from /home/airflow/.local/lib/python3.12/site-packages/airflow/example_dags/example_display_name.py
[2025-12-13T10:46:00.990+0000] {logging_mixin.py:190} INFO - [2025-12-13T10:46:00.989+0000] {dag.py:3239} INFO - Sync 1 DAGs
[2025-12-13T10:46:01.014+0000] {logging_mixin.py:190} INFO - [2025-12-13T10:46:01.014+0000] {dag.py:4180} INFO - Setting next_dagrun for example_display_name to None, run_after=None
[2025-12-13T10:46:01.057+0000] {processor.py:208} INFO - Processing /home/airflow/.local/lib/python3.12/site-packages/airflow/example_dags/example_display_name.py took 0.130 seconds
[2025-12-13T10:46:31.901+0000] {processor.py:186} INFO - Started process (PID=3800) to work on /home/airflow/.local/lib/python3.12/site-packages/airflow/example_dags/example_display_name.py
[2025-12-13T10:46:31.903+0000] {processor.py:914} INFO - Processing file /home/airflow/.local/lib/python3.12/site-packages/airflow/example_dags/example_display_name.py for tasks to queue
[2025-12-13T10:46:31.907+0000] {logging_mixin.py:190} INFO - [2025-12-13T10:46:31.906+0000] {dagbag.py:588} INFO - Filling up the DagBag from /home/airflow/.local/lib/python3.12/site-packages/airflow/example_dags/example_display_name.py
[2025-12-13T10:46:31.926+0000] {processor.py:925} INFO - DAG(s) 'example_display_name' retrieved from /home/airflow/.local/lib/python3.12/site-packages/airflow/example_dags/example_display_name.py
[2025-12-13T10:46:31.986+0000] {logging_mixin.py:190} INFO - [2025-12-13T10:46:31.985+0000] {dag.py:3239} INFO - Sync 1 DAGs
[2025-12-13T10:46:32.036+0000] {logging_mixin.py:190} INFO - [2025-12-13T10:46:32.033+0000] {dag.py:4180} INFO - Setting next_dagrun for example_display_name to None, run_after=None
[2025-12-13T10:46:32.081+0000] {processor.py:208} INFO - Processing /home/airflow/.local/lib/python3.12/site-packages/airflow/example_dags/example_display_name.py took 0.195 seconds
