[2025-12-13T10:16:14.793+0000] {processor.py:186} INFO - Started process (PID=107) to work on /home/airflow/.local/lib/python3.12/site-packages/airflow/example_dags/example_xcom.py
[2025-12-13T10:16:14.794+0000] {processor.py:914} INFO - Processing file /home/airflow/.local/lib/python3.12/site-packages/airflow/example_dags/example_xcom.py for tasks to queue
[2025-12-13T10:16:14.799+0000] {logging_mixin.py:190} INFO - [2025-12-13T10:16:14.798+0000] {dagbag.py:588} INFO - Filling up the DagBag from /home/airflow/.local/lib/python3.12/site-packages/airflow/example_dags/example_xcom.py
[2025-12-13T10:16:14.821+0000] {processor.py:925} INFO - DAG(s) 'example_xcom' retrieved from /home/airflow/.local/lib/python3.12/site-packages/airflow/example_dags/example_xcom.py
[2025-12-13T10:16:15.057+0000] {logging_mixin.py:190} INFO - [2025-12-13T10:16:15.056+0000] {override.py:1911} INFO - Created Permission View: can edit on DAG:example_xcom
[2025-12-13T10:16:15.078+0000] {logging_mixin.py:190} INFO - [2025-12-13T10:16:15.078+0000] {override.py:1911} INFO - Created Permission View: can delete on DAG:example_xcom
[2025-12-13T10:16:15.091+0000] {logging_mixin.py:190} INFO - [2025-12-13T10:16:15.090+0000] {override.py:1911} INFO - Created Permission View: can read on DAG:example_xcom
[2025-12-13T10:16:15.102+0000] {logging_mixin.py:190} INFO - [2025-12-13T10:16:15.101+0000] {override.py:1911} INFO - Created Permission View: can create on DAG Run:example_xcom
[2025-12-13T10:16:15.115+0000] {logging_mixin.py:190} INFO - [2025-12-13T10:16:15.115+0000] {override.py:1911} INFO - Created Permission View: can delete on DAG Run:example_xcom
[2025-12-13T10:16:15.127+0000] {logging_mixin.py:190} INFO - [2025-12-13T10:16:15.127+0000] {override.py:1911} INFO - Created Permission View: menu access on DAG Run:example_xcom
[2025-12-13T10:16:15.140+0000] {logging_mixin.py:190} INFO - [2025-12-13T10:16:15.140+0000] {override.py:1911} INFO - Created Permission View: can read on DAG Run:example_xcom
[2025-12-13T10:16:15.141+0000] {logging_mixin.py:190} INFO - [2025-12-13T10:16:15.141+0000] {dag.py:3239} INFO - Sync 1 DAGs
[2025-12-13T10:16:15.170+0000] {logging_mixin.py:190} INFO - [2025-12-13T10:16:15.170+0000] {dag.py:3262} INFO - Creating ORM DAG for example_xcom
[2025-12-13T10:16:15.193+0000] {logging_mixin.py:190} INFO - [2025-12-13T10:16:15.193+0000] {dag.py:4180} INFO - Setting next_dagrun for example_xcom to 2021-01-01 00:00:00+00:00, run_after=2021-01-01 00:00:00+00:00
[2025-12-13T10:16:15.225+0000] {processor.py:208} INFO - Processing /home/airflow/.local/lib/python3.12/site-packages/airflow/example_dags/example_xcom.py took 0.443 seconds
[2025-12-13T10:16:45.947+0000] {processor.py:186} INFO - Started process (PID=170) to work on /home/airflow/.local/lib/python3.12/site-packages/airflow/example_dags/example_xcom.py
[2025-12-13T10:16:45.948+0000] {processor.py:914} INFO - Processing file /home/airflow/.local/lib/python3.12/site-packages/airflow/example_dags/example_xcom.py for tasks to queue
[2025-12-13T10:16:45.952+0000] {logging_mixin.py:190} INFO - [2025-12-13T10:16:45.951+0000] {dagbag.py:588} INFO - Filling up the DagBag from /home/airflow/.local/lib/python3.12/site-packages/airflow/example_dags/example_xcom.py
[2025-12-13T10:16:45.971+0000] {processor.py:925} INFO - DAG(s) 'example_xcom' retrieved from /home/airflow/.local/lib/python3.12/site-packages/airflow/example_dags/example_xcom.py
[2025-12-13T10:16:46.015+0000] {logging_mixin.py:190} INFO - [2025-12-13T10:16:46.014+0000] {dag.py:3239} INFO - Sync 1 DAGs
[2025-12-13T10:16:46.067+0000] {logging_mixin.py:190} INFO - [2025-12-13T10:16:46.066+0000] {dag.py:4180} INFO - Setting next_dagrun for example_xcom to 2021-01-01 00:00:00+00:00, run_after=2021-01-01 00:00:00+00:00
[2025-12-13T10:16:46.109+0000] {processor.py:208} INFO - Processing /home/airflow/.local/lib/python3.12/site-packages/airflow/example_dags/example_xcom.py took 0.175 seconds
[2025-12-13T10:17:16.673+0000] {processor.py:186} INFO - Started process (PID=232) to work on /home/airflow/.local/lib/python3.12/site-packages/airflow/example_dags/example_xcom.py
[2025-12-13T10:17:16.674+0000] {processor.py:914} INFO - Processing file /home/airflow/.local/lib/python3.12/site-packages/airflow/example_dags/example_xcom.py for tasks to queue
[2025-12-13T10:17:16.679+0000] {logging_mixin.py:190} INFO - [2025-12-13T10:17:16.678+0000] {dagbag.py:588} INFO - Filling up the DagBag from /home/airflow/.local/lib/python3.12/site-packages/airflow/example_dags/example_xcom.py
[2025-12-13T10:17:16.700+0000] {processor.py:925} INFO - DAG(s) 'example_xcom' retrieved from /home/airflow/.local/lib/python3.12/site-packages/airflow/example_dags/example_xcom.py
[2025-12-13T10:17:16.745+0000] {logging_mixin.py:190} INFO - [2025-12-13T10:17:16.745+0000] {dag.py:3239} INFO - Sync 1 DAGs
[2025-12-13T10:17:16.790+0000] {logging_mixin.py:190} INFO - [2025-12-13T10:17:16.790+0000] {dag.py:4180} INFO - Setting next_dagrun for example_xcom to 2021-01-01 00:00:00+00:00, run_after=2021-01-01 00:00:00+00:00
[2025-12-13T10:17:16.819+0000] {processor.py:208} INFO - Processing /home/airflow/.local/lib/python3.12/site-packages/airflow/example_dags/example_xcom.py took 0.158 seconds
[2025-12-13T10:17:46.928+0000] {processor.py:186} INFO - Started process (PID=295) to work on /home/airflow/.local/lib/python3.12/site-packages/airflow/example_dags/example_xcom.py
[2025-12-13T10:17:46.930+0000] {processor.py:914} INFO - Processing file /home/airflow/.local/lib/python3.12/site-packages/airflow/example_dags/example_xcom.py for tasks to queue
[2025-12-13T10:17:46.936+0000] {logging_mixin.py:190} INFO - [2025-12-13T10:17:46.935+0000] {dagbag.py:588} INFO - Filling up the DagBag from /home/airflow/.local/lib/python3.12/site-packages/airflow/example_dags/example_xcom.py
[2025-12-13T10:17:46.960+0000] {processor.py:925} INFO - DAG(s) 'example_xcom' retrieved from /home/airflow/.local/lib/python3.12/site-packages/airflow/example_dags/example_xcom.py
[2025-12-13T10:17:47.043+0000] {logging_mixin.py:190} INFO - [2025-12-13T10:17:47.042+0000] {dag.py:3239} INFO - Sync 1 DAGs
[2025-12-13T10:17:47.133+0000] {logging_mixin.py:190} INFO - [2025-12-13T10:17:47.133+0000] {dag.py:4180} INFO - Setting next_dagrun for example_xcom to 2021-01-01 00:00:00+00:00, run_after=2021-01-01 00:00:00+00:00
[2025-12-13T10:17:47.178+0000] {processor.py:208} INFO - Processing /home/airflow/.local/lib/python3.12/site-packages/airflow/example_dags/example_xcom.py took 0.263 seconds
[2025-12-13T10:18:21.448+0000] {processor.py:186} INFO - Started process (PID=358) to work on /home/airflow/.local/lib/python3.12/site-packages/airflow/example_dags/example_xcom.py
[2025-12-13T10:18:21.452+0000] {processor.py:914} INFO - Processing file /home/airflow/.local/lib/python3.12/site-packages/airflow/example_dags/example_xcom.py for tasks to queue
[2025-12-13T10:18:21.462+0000] {logging_mixin.py:190} INFO - [2025-12-13T10:18:21.460+0000] {dagbag.py:588} INFO - Filling up the DagBag from /home/airflow/.local/lib/python3.12/site-packages/airflow/example_dags/example_xcom.py
[2025-12-13T10:18:21.509+0000] {processor.py:925} INFO - DAG(s) 'example_xcom' retrieved from /home/airflow/.local/lib/python3.12/site-packages/airflow/example_dags/example_xcom.py
[2025-12-13T10:18:21.579+0000] {logging_mixin.py:190} INFO - [2025-12-13T10:18:21.579+0000] {dag.py:3239} INFO - Sync 1 DAGs
[2025-12-13T10:18:21.645+0000] {logging_mixin.py:190} INFO - [2025-12-13T10:18:21.645+0000] {dag.py:4180} INFO - Setting next_dagrun for example_xcom to 2021-01-01 00:00:00+00:00, run_after=2021-01-01 00:00:00+00:00
[2025-12-13T10:18:21.715+0000] {processor.py:208} INFO - Processing /home/airflow/.local/lib/python3.12/site-packages/airflow/example_dags/example_xcom.py took 0.296 seconds
[2025-12-13T10:18:52.673+0000] {processor.py:186} INFO - Started process (PID=421) to work on /home/airflow/.local/lib/python3.12/site-packages/airflow/example_dags/example_xcom.py
[2025-12-13T10:18:52.675+0000] {processor.py:914} INFO - Processing file /home/airflow/.local/lib/python3.12/site-packages/airflow/example_dags/example_xcom.py for tasks to queue
[2025-12-13T10:18:52.679+0000] {logging_mixin.py:190} INFO - [2025-12-13T10:18:52.679+0000] {dagbag.py:588} INFO - Filling up the DagBag from /home/airflow/.local/lib/python3.12/site-packages/airflow/example_dags/example_xcom.py
[2025-12-13T10:18:52.700+0000] {processor.py:925} INFO - DAG(s) 'example_xcom' retrieved from /home/airflow/.local/lib/python3.12/site-packages/airflow/example_dags/example_xcom.py
[2025-12-13T10:18:52.744+0000] {logging_mixin.py:190} INFO - [2025-12-13T10:18:52.744+0000] {dag.py:3239} INFO - Sync 1 DAGs
[2025-12-13T10:18:52.807+0000] {logging_mixin.py:190} INFO - [2025-12-13T10:18:52.806+0000] {dag.py:4180} INFO - Setting next_dagrun for example_xcom to 2021-01-01 00:00:00+00:00, run_after=2021-01-01 00:00:00+00:00
[2025-12-13T10:18:52.850+0000] {processor.py:208} INFO - Processing /home/airflow/.local/lib/python3.12/site-packages/airflow/example_dags/example_xcom.py took 0.190 seconds
[2025-12-13T10:19:24.104+0000] {processor.py:186} INFO - Started process (PID=484) to work on /home/airflow/.local/lib/python3.12/site-packages/airflow/example_dags/example_xcom.py
[2025-12-13T10:19:24.106+0000] {processor.py:914} INFO - Processing file /home/airflow/.local/lib/python3.12/site-packages/airflow/example_dags/example_xcom.py for tasks to queue
[2025-12-13T10:19:24.113+0000] {logging_mixin.py:190} INFO - [2025-12-13T10:19:24.112+0000] {dagbag.py:588} INFO - Filling up the DagBag from /home/airflow/.local/lib/python3.12/site-packages/airflow/example_dags/example_xcom.py
[2025-12-13T10:19:24.138+0000] {processor.py:925} INFO - DAG(s) 'example_xcom' retrieved from /home/airflow/.local/lib/python3.12/site-packages/airflow/example_dags/example_xcom.py
[2025-12-13T10:19:24.185+0000] {logging_mixin.py:190} INFO - [2025-12-13T10:19:24.184+0000] {dag.py:3239} INFO - Sync 1 DAGs
[2025-12-13T10:19:24.236+0000] {logging_mixin.py:190} INFO - [2025-12-13T10:19:24.236+0000] {dag.py:4180} INFO - Setting next_dagrun for example_xcom to 2021-01-01 00:00:00+00:00, run_after=2021-01-01 00:00:00+00:00
[2025-12-13T10:19:24.267+0000] {processor.py:208} INFO - Processing /home/airflow/.local/lib/python3.12/site-packages/airflow/example_dags/example_xcom.py took 0.177 seconds
[2025-12-13T10:19:54.416+0000] {processor.py:186} INFO - Started process (PID=546) to work on /home/airflow/.local/lib/python3.12/site-packages/airflow/example_dags/example_xcom.py
[2025-12-13T10:19:54.417+0000] {processor.py:914} INFO - Processing file /home/airflow/.local/lib/python3.12/site-packages/airflow/example_dags/example_xcom.py for tasks to queue
[2025-12-13T10:19:54.421+0000] {logging_mixin.py:190} INFO - [2025-12-13T10:19:54.420+0000] {dagbag.py:588} INFO - Filling up the DagBag from /home/airflow/.local/lib/python3.12/site-packages/airflow/example_dags/example_xcom.py
[2025-12-13T10:19:54.438+0000] {processor.py:925} INFO - DAG(s) 'example_xcom' retrieved from /home/airflow/.local/lib/python3.12/site-packages/airflow/example_dags/example_xcom.py
[2025-12-13T10:19:54.478+0000] {logging_mixin.py:190} INFO - [2025-12-13T10:19:54.477+0000] {dag.py:3239} INFO - Sync 1 DAGs
[2025-12-13T10:19:54.531+0000] {logging_mixin.py:190} INFO - [2025-12-13T10:19:54.530+0000] {dag.py:4180} INFO - Setting next_dagrun for example_xcom to 2021-01-01 00:00:00+00:00, run_after=2021-01-01 00:00:00+00:00
[2025-12-13T10:19:54.567+0000] {processor.py:208} INFO - Processing /home/airflow/.local/lib/python3.12/site-packages/airflow/example_dags/example_xcom.py took 0.162 seconds
[2025-12-13T10:20:25.241+0000] {processor.py:186} INFO - Started process (PID=608) to work on /home/airflow/.local/lib/python3.12/site-packages/airflow/example_dags/example_xcom.py
[2025-12-13T10:20:25.242+0000] {processor.py:914} INFO - Processing file /home/airflow/.local/lib/python3.12/site-packages/airflow/example_dags/example_xcom.py for tasks to queue
[2025-12-13T10:20:25.246+0000] {logging_mixin.py:190} INFO - [2025-12-13T10:20:25.246+0000] {dagbag.py:588} INFO - Filling up the DagBag from /home/airflow/.local/lib/python3.12/site-packages/airflow/example_dags/example_xcom.py
[2025-12-13T10:20:25.265+0000] {processor.py:925} INFO - DAG(s) 'example_xcom' retrieved from /home/airflow/.local/lib/python3.12/site-packages/airflow/example_dags/example_xcom.py
[2025-12-13T10:20:25.296+0000] {logging_mixin.py:190} INFO - [2025-12-13T10:20:25.296+0000] {dag.py:3239} INFO - Sync 1 DAGs
[2025-12-13T10:20:25.340+0000] {logging_mixin.py:190} INFO - [2025-12-13T10:20:25.339+0000] {dag.py:4180} INFO - Setting next_dagrun for example_xcom to 2021-01-01 00:00:00+00:00, run_after=2021-01-01 00:00:00+00:00
[2025-12-13T10:20:25.369+0000] {processor.py:208} INFO - Processing /home/airflow/.local/lib/python3.12/site-packages/airflow/example_dags/example_xcom.py took 0.141 seconds
[2025-12-13T10:20:55.656+0000] {processor.py:186} INFO - Started process (PID=671) to work on /home/airflow/.local/lib/python3.12/site-packages/airflow/example_dags/example_xcom.py
[2025-12-13T10:20:55.658+0000] {processor.py:914} INFO - Processing file /home/airflow/.local/lib/python3.12/site-packages/airflow/example_dags/example_xcom.py for tasks to queue
[2025-12-13T10:20:55.664+0000] {logging_mixin.py:190} INFO - [2025-12-13T10:20:55.663+0000] {dagbag.py:588} INFO - Filling up the DagBag from /home/airflow/.local/lib/python3.12/site-packages/airflow/example_dags/example_xcom.py
[2025-12-13T10:20:55.685+0000] {processor.py:925} INFO - DAG(s) 'example_xcom' retrieved from /home/airflow/.local/lib/python3.12/site-packages/airflow/example_dags/example_xcom.py
[2025-12-13T10:20:55.734+0000] {logging_mixin.py:190} INFO - [2025-12-13T10:20:55.733+0000] {dag.py:3239} INFO - Sync 1 DAGs
[2025-12-13T10:20:55.800+0000] {logging_mixin.py:190} INFO - [2025-12-13T10:20:55.799+0000] {dag.py:4180} INFO - Setting next_dagrun for example_xcom to 2021-01-01 00:00:00+00:00, run_after=2021-01-01 00:00:00+00:00
[2025-12-13T10:20:55.845+0000] {processor.py:208} INFO - Processing /home/airflow/.local/lib/python3.12/site-packages/airflow/example_dags/example_xcom.py took 0.207 seconds
[2025-12-13T10:21:26.769+0000] {processor.py:186} INFO - Started process (PID=734) to work on /home/airflow/.local/lib/python3.12/site-packages/airflow/example_dags/example_xcom.py
[2025-12-13T10:21:26.770+0000] {processor.py:914} INFO - Processing file /home/airflow/.local/lib/python3.12/site-packages/airflow/example_dags/example_xcom.py for tasks to queue
[2025-12-13T10:21:26.779+0000] {logging_mixin.py:190} INFO - [2025-12-13T10:21:26.778+0000] {dagbag.py:588} INFO - Filling up the DagBag from /home/airflow/.local/lib/python3.12/site-packages/airflow/example_dags/example_xcom.py
[2025-12-13T10:21:26.805+0000] {processor.py:925} INFO - DAG(s) 'example_xcom' retrieved from /home/airflow/.local/lib/python3.12/site-packages/airflow/example_dags/example_xcom.py
[2025-12-13T10:21:26.901+0000] {logging_mixin.py:190} INFO - [2025-12-13T10:21:26.900+0000] {dag.py:3239} INFO - Sync 1 DAGs
[2025-12-13T10:21:27.043+0000] {logging_mixin.py:190} INFO - [2025-12-13T10:21:27.043+0000] {dag.py:4180} INFO - Setting next_dagrun for example_xcom to 2021-01-01 00:00:00+00:00, run_after=2021-01-01 00:00:00+00:00
[2025-12-13T10:21:27.132+0000] {processor.py:208} INFO - Processing /home/airflow/.local/lib/python3.12/site-packages/airflow/example_dags/example_xcom.py took 0.393 seconds
[2025-12-13T10:21:58.054+0000] {processor.py:186} INFO - Started process (PID=797) to work on /home/airflow/.local/lib/python3.12/site-packages/airflow/example_dags/example_xcom.py
[2025-12-13T10:21:58.055+0000] {processor.py:914} INFO - Processing file /home/airflow/.local/lib/python3.12/site-packages/airflow/example_dags/example_xcom.py for tasks to queue
[2025-12-13T10:21:58.059+0000] {logging_mixin.py:190} INFO - [2025-12-13T10:21:58.058+0000] {dagbag.py:588} INFO - Filling up the DagBag from /home/airflow/.local/lib/python3.12/site-packages/airflow/example_dags/example_xcom.py
[2025-12-13T10:21:58.076+0000] {processor.py:925} INFO - DAG(s) 'example_xcom' retrieved from /home/airflow/.local/lib/python3.12/site-packages/airflow/example_dags/example_xcom.py
[2025-12-13T10:21:58.108+0000] {logging_mixin.py:190} INFO - [2025-12-13T10:21:58.107+0000] {dag.py:3239} INFO - Sync 1 DAGs
[2025-12-13T10:21:58.147+0000] {logging_mixin.py:190} INFO - [2025-12-13T10:21:58.147+0000] {dag.py:4180} INFO - Setting next_dagrun for example_xcom to 2021-01-01 00:00:00+00:00, run_after=2021-01-01 00:00:00+00:00
[2025-12-13T10:21:58.177+0000] {processor.py:208} INFO - Processing /home/airflow/.local/lib/python3.12/site-packages/airflow/example_dags/example_xcom.py took 0.133 seconds
[2025-12-13T10:22:28.790+0000] {processor.py:186} INFO - Started process (PID=860) to work on /home/airflow/.local/lib/python3.12/site-packages/airflow/example_dags/example_xcom.py
[2025-12-13T10:22:28.791+0000] {processor.py:914} INFO - Processing file /home/airflow/.local/lib/python3.12/site-packages/airflow/example_dags/example_xcom.py for tasks to queue
[2025-12-13T10:22:28.795+0000] {logging_mixin.py:190} INFO - [2025-12-13T10:22:28.795+0000] {dagbag.py:588} INFO - Filling up the DagBag from /home/airflow/.local/lib/python3.12/site-packages/airflow/example_dags/example_xcom.py
[2025-12-13T10:22:28.817+0000] {processor.py:925} INFO - DAG(s) 'example_xcom' retrieved from /home/airflow/.local/lib/python3.12/site-packages/airflow/example_dags/example_xcom.py
[2025-12-13T10:22:28.856+0000] {logging_mixin.py:190} INFO - [2025-12-13T10:22:28.855+0000] {dag.py:3239} INFO - Sync 1 DAGs
[2025-12-13T10:22:28.905+0000] {logging_mixin.py:190} INFO - [2025-12-13T10:22:28.904+0000] {dag.py:4180} INFO - Setting next_dagrun for example_xcom to 2021-01-01 00:00:00+00:00, run_after=2021-01-01 00:00:00+00:00
[2025-12-13T10:22:28.938+0000] {processor.py:208} INFO - Processing /home/airflow/.local/lib/python3.12/site-packages/airflow/example_dags/example_xcom.py took 0.161 seconds
[2025-12-13T10:22:59.377+0000] {processor.py:186} INFO - Started process (PID=923) to work on /home/airflow/.local/lib/python3.12/site-packages/airflow/example_dags/example_xcom.py
[2025-12-13T10:22:59.378+0000] {processor.py:914} INFO - Processing file /home/airflow/.local/lib/python3.12/site-packages/airflow/example_dags/example_xcom.py for tasks to queue
[2025-12-13T10:22:59.383+0000] {logging_mixin.py:190} INFO - [2025-12-13T10:22:59.382+0000] {dagbag.py:588} INFO - Filling up the DagBag from /home/airflow/.local/lib/python3.12/site-packages/airflow/example_dags/example_xcom.py
[2025-12-13T10:22:59.400+0000] {processor.py:925} INFO - DAG(s) 'example_xcom' retrieved from /home/airflow/.local/lib/python3.12/site-packages/airflow/example_dags/example_xcom.py
[2025-12-13T10:22:59.439+0000] {logging_mixin.py:190} INFO - [2025-12-13T10:22:59.438+0000] {dag.py:3239} INFO - Sync 1 DAGs
[2025-12-13T10:22:59.483+0000] {logging_mixin.py:190} INFO - [2025-12-13T10:22:59.482+0000] {dag.py:4180} INFO - Setting next_dagrun for example_xcom to 2021-01-01 00:00:00+00:00, run_after=2021-01-01 00:00:00+00:00
[2025-12-13T10:22:59.514+0000] {processor.py:208} INFO - Processing /home/airflow/.local/lib/python3.12/site-packages/airflow/example_dags/example_xcom.py took 0.148 seconds
[2025-12-13T10:23:29.720+0000] {processor.py:186} INFO - Started process (PID=986) to work on /home/airflow/.local/lib/python3.12/site-packages/airflow/example_dags/example_xcom.py
[2025-12-13T10:23:29.721+0000] {processor.py:914} INFO - Processing file /home/airflow/.local/lib/python3.12/site-packages/airflow/example_dags/example_xcom.py for tasks to queue
[2025-12-13T10:23:29.724+0000] {logging_mixin.py:190} INFO - [2025-12-13T10:23:29.724+0000] {dagbag.py:588} INFO - Filling up the DagBag from /home/airflow/.local/lib/python3.12/site-packages/airflow/example_dags/example_xcom.py
[2025-12-13T10:23:29.739+0000] {processor.py:925} INFO - DAG(s) 'example_xcom' retrieved from /home/airflow/.local/lib/python3.12/site-packages/airflow/example_dags/example_xcom.py
[2025-12-13T10:23:29.778+0000] {logging_mixin.py:190} INFO - [2025-12-13T10:23:29.777+0000] {dag.py:3239} INFO - Sync 1 DAGs
[2025-12-13T10:23:29.821+0000] {logging_mixin.py:190} INFO - [2025-12-13T10:23:29.820+0000] {dag.py:4180} INFO - Setting next_dagrun for example_xcom to 2021-01-01 00:00:00+00:00, run_after=2021-01-01 00:00:00+00:00
[2025-12-13T10:23:29.854+0000] {processor.py:208} INFO - Processing /home/airflow/.local/lib/python3.12/site-packages/airflow/example_dags/example_xcom.py took 0.144 seconds
[2025-12-13T10:24:00.433+0000] {processor.py:186} INFO - Started process (PID=1049) to work on /home/airflow/.local/lib/python3.12/site-packages/airflow/example_dags/example_xcom.py
[2025-12-13T10:24:00.435+0000] {processor.py:914} INFO - Processing file /home/airflow/.local/lib/python3.12/site-packages/airflow/example_dags/example_xcom.py for tasks to queue
[2025-12-13T10:24:00.441+0000] {logging_mixin.py:190} INFO - [2025-12-13T10:24:00.438+0000] {dagbag.py:588} INFO - Filling up the DagBag from /home/airflow/.local/lib/python3.12/site-packages/airflow/example_dags/example_xcom.py
[2025-12-13T10:24:00.469+0000] {processor.py:925} INFO - DAG(s) 'example_xcom' retrieved from /home/airflow/.local/lib/python3.12/site-packages/airflow/example_dags/example_xcom.py
[2025-12-13T10:24:00.509+0000] {logging_mixin.py:190} INFO - [2025-12-13T10:24:00.508+0000] {dag.py:3239} INFO - Sync 1 DAGs
[2025-12-13T10:24:00.556+0000] {logging_mixin.py:190} INFO - [2025-12-13T10:24:00.556+0000] {dag.py:4180} INFO - Setting next_dagrun for example_xcom to 2021-01-01 00:00:00+00:00, run_after=2021-01-01 00:00:00+00:00
[2025-12-13T10:24:00.592+0000] {processor.py:208} INFO - Processing /home/airflow/.local/lib/python3.12/site-packages/airflow/example_dags/example_xcom.py took 0.180 seconds
[2025-12-13T10:24:31.139+0000] {processor.py:186} INFO - Started process (PID=1112) to work on /home/airflow/.local/lib/python3.12/site-packages/airflow/example_dags/example_xcom.py
[2025-12-13T10:24:31.140+0000] {processor.py:914} INFO - Processing file /home/airflow/.local/lib/python3.12/site-packages/airflow/example_dags/example_xcom.py for tasks to queue
[2025-12-13T10:24:31.144+0000] {logging_mixin.py:190} INFO - [2025-12-13T10:24:31.144+0000] {dagbag.py:588} INFO - Filling up the DagBag from /home/airflow/.local/lib/python3.12/site-packages/airflow/example_dags/example_xcom.py
[2025-12-13T10:24:31.167+0000] {processor.py:925} INFO - DAG(s) 'example_xcom' retrieved from /home/airflow/.local/lib/python3.12/site-packages/airflow/example_dags/example_xcom.py
[2025-12-13T10:24:31.212+0000] {logging_mixin.py:190} INFO - [2025-12-13T10:24:31.212+0000] {dag.py:3239} INFO - Sync 1 DAGs
[2025-12-13T10:24:31.265+0000] {logging_mixin.py:190} INFO - [2025-12-13T10:24:31.264+0000] {dag.py:4180} INFO - Setting next_dagrun for example_xcom to 2021-01-01 00:00:00+00:00, run_after=2021-01-01 00:00:00+00:00
[2025-12-13T10:24:31.306+0000] {processor.py:208} INFO - Processing /home/airflow/.local/lib/python3.12/site-packages/airflow/example_dags/example_xcom.py took 0.179 seconds
[2025-12-13T10:25:01.501+0000] {processor.py:186} INFO - Started process (PID=1174) to work on /home/airflow/.local/lib/python3.12/site-packages/airflow/example_dags/example_xcom.py
[2025-12-13T10:25:01.502+0000] {processor.py:914} INFO - Processing file /home/airflow/.local/lib/python3.12/site-packages/airflow/example_dags/example_xcom.py for tasks to queue
[2025-12-13T10:25:01.505+0000] {logging_mixin.py:190} INFO - [2025-12-13T10:25:01.505+0000] {dagbag.py:588} INFO - Filling up the DagBag from /home/airflow/.local/lib/python3.12/site-packages/airflow/example_dags/example_xcom.py
[2025-12-13T10:25:01.523+0000] {processor.py:925} INFO - DAG(s) 'example_xcom' retrieved from /home/airflow/.local/lib/python3.12/site-packages/airflow/example_dags/example_xcom.py
[2025-12-13T10:25:01.553+0000] {logging_mixin.py:190} INFO - [2025-12-13T10:25:01.553+0000] {dag.py:3239} INFO - Sync 1 DAGs
[2025-12-13T10:25:01.594+0000] {logging_mixin.py:190} INFO - [2025-12-13T10:25:01.593+0000] {dag.py:4180} INFO - Setting next_dagrun for example_xcom to 2021-01-01 00:00:00+00:00, run_after=2021-01-01 00:00:00+00:00
[2025-12-13T10:25:01.621+0000] {processor.py:208} INFO - Processing /home/airflow/.local/lib/python3.12/site-packages/airflow/example_dags/example_xcom.py took 0.130 seconds
[2025-12-13T10:25:32.007+0000] {processor.py:186} INFO - Started process (PID=1237) to work on /home/airflow/.local/lib/python3.12/site-packages/airflow/example_dags/example_xcom.py
[2025-12-13T10:25:32.012+0000] {processor.py:914} INFO - Processing file /home/airflow/.local/lib/python3.12/site-packages/airflow/example_dags/example_xcom.py for tasks to queue
[2025-12-13T10:25:32.019+0000] {logging_mixin.py:190} INFO - [2025-12-13T10:25:32.018+0000] {dagbag.py:588} INFO - Filling up the DagBag from /home/airflow/.local/lib/python3.12/site-packages/airflow/example_dags/example_xcom.py
[2025-12-13T10:25:32.045+0000] {processor.py:925} INFO - DAG(s) 'example_xcom' retrieved from /home/airflow/.local/lib/python3.12/site-packages/airflow/example_dags/example_xcom.py
[2025-12-13T10:25:32.099+0000] {logging_mixin.py:190} INFO - [2025-12-13T10:25:32.098+0000] {dag.py:3239} INFO - Sync 1 DAGs
[2025-12-13T10:25:32.159+0000] {logging_mixin.py:190} INFO - [2025-12-13T10:25:32.158+0000] {dag.py:4180} INFO - Setting next_dagrun for example_xcom to 2021-01-01 00:00:00+00:00, run_after=2021-01-01 00:00:00+00:00
[2025-12-13T10:25:32.205+0000] {processor.py:208} INFO - Processing /home/airflow/.local/lib/python3.12/site-packages/airflow/example_dags/example_xcom.py took 0.210 seconds
[2025-12-13T10:26:02.507+0000] {processor.py:186} INFO - Started process (PID=1300) to work on /home/airflow/.local/lib/python3.12/site-packages/airflow/example_dags/example_xcom.py
[2025-12-13T10:26:02.509+0000] {processor.py:914} INFO - Processing file /home/airflow/.local/lib/python3.12/site-packages/airflow/example_dags/example_xcom.py for tasks to queue
[2025-12-13T10:26:02.515+0000] {logging_mixin.py:190} INFO - [2025-12-13T10:26:02.514+0000] {dagbag.py:588} INFO - Filling up the DagBag from /home/airflow/.local/lib/python3.12/site-packages/airflow/example_dags/example_xcom.py
[2025-12-13T10:26:02.538+0000] {processor.py:925} INFO - DAG(s) 'example_xcom' retrieved from /home/airflow/.local/lib/python3.12/site-packages/airflow/example_dags/example_xcom.py
[2025-12-13T10:26:02.585+0000] {logging_mixin.py:190} INFO - [2025-12-13T10:26:02.584+0000] {dag.py:3239} INFO - Sync 1 DAGs
[2025-12-13T10:26:02.642+0000] {logging_mixin.py:190} INFO - [2025-12-13T10:26:02.642+0000] {dag.py:4180} INFO - Setting next_dagrun for example_xcom to 2021-01-01 00:00:00+00:00, run_after=2021-01-01 00:00:00+00:00
[2025-12-13T10:26:02.706+0000] {processor.py:208} INFO - Processing /home/airflow/.local/lib/python3.12/site-packages/airflow/example_dags/example_xcom.py took 0.212 seconds
[2025-12-13T10:26:33.203+0000] {processor.py:186} INFO - Started process (PID=1363) to work on /home/airflow/.local/lib/python3.12/site-packages/airflow/example_dags/example_xcom.py
[2025-12-13T10:26:33.205+0000] {processor.py:914} INFO - Processing file /home/airflow/.local/lib/python3.12/site-packages/airflow/example_dags/example_xcom.py for tasks to queue
[2025-12-13T10:26:33.209+0000] {logging_mixin.py:190} INFO - [2025-12-13T10:26:33.208+0000] {dagbag.py:588} INFO - Filling up the DagBag from /home/airflow/.local/lib/python3.12/site-packages/airflow/example_dags/example_xcom.py
[2025-12-13T10:26:33.223+0000] {processor.py:925} INFO - DAG(s) 'example_xcom' retrieved from /home/airflow/.local/lib/python3.12/site-packages/airflow/example_dags/example_xcom.py
[2025-12-13T10:26:33.256+0000] {logging_mixin.py:190} INFO - [2025-12-13T10:26:33.256+0000] {dag.py:3239} INFO - Sync 1 DAGs
[2025-12-13T10:26:33.294+0000] {logging_mixin.py:190} INFO - [2025-12-13T10:26:33.293+0000] {dag.py:4180} INFO - Setting next_dagrun for example_xcom to 2021-01-01 00:00:00+00:00, run_after=2021-01-01 00:00:00+00:00
[2025-12-13T10:26:33.325+0000] {processor.py:208} INFO - Processing /home/airflow/.local/lib/python3.12/site-packages/airflow/example_dags/example_xcom.py took 0.133 seconds
[2025-12-13T10:27:03.698+0000] {processor.py:186} INFO - Started process (PID=1425) to work on /home/airflow/.local/lib/python3.12/site-packages/airflow/example_dags/example_xcom.py
[2025-12-13T10:27:03.699+0000] {processor.py:914} INFO - Processing file /home/airflow/.local/lib/python3.12/site-packages/airflow/example_dags/example_xcom.py for tasks to queue
[2025-12-13T10:27:03.704+0000] {logging_mixin.py:190} INFO - [2025-12-13T10:27:03.703+0000] {dagbag.py:588} INFO - Filling up the DagBag from /home/airflow/.local/lib/python3.12/site-packages/airflow/example_dags/example_xcom.py
[2025-12-13T10:27:03.724+0000] {processor.py:925} INFO - DAG(s) 'example_xcom' retrieved from /home/airflow/.local/lib/python3.12/site-packages/airflow/example_dags/example_xcom.py
[2025-12-13T10:27:03.825+0000] {logging_mixin.py:190} INFO - [2025-12-13T10:27:03.825+0000] {dag.py:3239} INFO - Sync 1 DAGs
[2025-12-13T10:27:03.900+0000] {logging_mixin.py:190} INFO - [2025-12-13T10:27:03.900+0000] {dag.py:4180} INFO - Setting next_dagrun for example_xcom to 2021-01-01 00:00:00+00:00, run_after=2021-01-01 00:00:00+00:00
[2025-12-13T10:27:03.944+0000] {processor.py:208} INFO - Processing /home/airflow/.local/lib/python3.12/site-packages/airflow/example_dags/example_xcom.py took 0.260 seconds
[2025-12-13T10:27:34.315+0000] {processor.py:186} INFO - Started process (PID=1487) to work on /home/airflow/.local/lib/python3.12/site-packages/airflow/example_dags/example_xcom.py
[2025-12-13T10:27:34.323+0000] {processor.py:914} INFO - Processing file /home/airflow/.local/lib/python3.12/site-packages/airflow/example_dags/example_xcom.py for tasks to queue
[2025-12-13T10:27:34.333+0000] {logging_mixin.py:190} INFO - [2025-12-13T10:27:34.332+0000] {dagbag.py:588} INFO - Filling up the DagBag from /home/airflow/.local/lib/python3.12/site-packages/airflow/example_dags/example_xcom.py
[2025-12-13T10:27:34.373+0000] {processor.py:925} INFO - DAG(s) 'example_xcom' retrieved from /home/airflow/.local/lib/python3.12/site-packages/airflow/example_dags/example_xcom.py
[2025-12-13T10:27:34.440+0000] {logging_mixin.py:190} INFO - [2025-12-13T10:27:34.439+0000] {dag.py:3239} INFO - Sync 1 DAGs
[2025-12-13T10:27:34.507+0000] {logging_mixin.py:190} INFO - [2025-12-13T10:27:34.507+0000] {dag.py:4180} INFO - Setting next_dagrun for example_xcom to 2021-01-01 00:00:00+00:00, run_after=2021-01-01 00:00:00+00:00
[2025-12-13T10:27:34.570+0000] {processor.py:208} INFO - Processing /home/airflow/.local/lib/python3.12/site-packages/airflow/example_dags/example_xcom.py took 0.287 seconds
[2025-12-13T10:28:04.743+0000] {processor.py:186} INFO - Started process (PID=1549) to work on /home/airflow/.local/lib/python3.12/site-packages/airflow/example_dags/example_xcom.py
[2025-12-13T10:28:04.744+0000] {processor.py:914} INFO - Processing file /home/airflow/.local/lib/python3.12/site-packages/airflow/example_dags/example_xcom.py for tasks to queue
[2025-12-13T10:28:04.747+0000] {logging_mixin.py:190} INFO - [2025-12-13T10:28:04.747+0000] {dagbag.py:588} INFO - Filling up the DagBag from /home/airflow/.local/lib/python3.12/site-packages/airflow/example_dags/example_xcom.py
[2025-12-13T10:28:04.764+0000] {processor.py:925} INFO - DAG(s) 'example_xcom' retrieved from /home/airflow/.local/lib/python3.12/site-packages/airflow/example_dags/example_xcom.py
[2025-12-13T10:28:04.807+0000] {logging_mixin.py:190} INFO - [2025-12-13T10:28:04.807+0000] {dag.py:3239} INFO - Sync 1 DAGs
[2025-12-13T10:28:04.861+0000] {logging_mixin.py:190} INFO - [2025-12-13T10:28:04.860+0000] {dag.py:4180} INFO - Setting next_dagrun for example_xcom to 2021-01-01 00:00:00+00:00, run_after=2021-01-01 00:00:00+00:00
[2025-12-13T10:28:04.895+0000] {processor.py:208} INFO - Processing /home/airflow/.local/lib/python3.12/site-packages/airflow/example_dags/example_xcom.py took 0.163 seconds
[2025-12-13T10:28:43.319+0000] {processor.py:186} INFO - Started process (PID=1616) to work on /home/airflow/.local/lib/python3.12/site-packages/airflow/example_dags/example_xcom.py
[2025-12-13T10:28:43.329+0000] {processor.py:914} INFO - Processing file /home/airflow/.local/lib/python3.12/site-packages/airflow/example_dags/example_xcom.py for tasks to queue
[2025-12-13T10:28:43.347+0000] {logging_mixin.py:190} INFO - [2025-12-13T10:28:43.344+0000] {dagbag.py:588} INFO - Filling up the DagBag from /home/airflow/.local/lib/python3.12/site-packages/airflow/example_dags/example_xcom.py
[2025-12-13T10:28:43.427+0000] {processor.py:925} INFO - DAG(s) 'example_xcom' retrieved from /home/airflow/.local/lib/python3.12/site-packages/airflow/example_dags/example_xcom.py
[2025-12-13T10:28:43.520+0000] {logging_mixin.py:190} INFO - [2025-12-13T10:28:43.519+0000] {dag.py:3239} INFO - Sync 1 DAGs
[2025-12-13T10:28:43.596+0000] {logging_mixin.py:190} INFO - [2025-12-13T10:28:43.596+0000] {dag.py:4180} INFO - Setting next_dagrun for example_xcom to 2021-01-01 00:00:00+00:00, run_after=2021-01-01 00:00:00+00:00
[2025-12-13T10:28:43.657+0000] {processor.py:208} INFO - Processing /home/airflow/.local/lib/python3.12/site-packages/airflow/example_dags/example_xcom.py took 0.355 seconds
[2025-12-13T10:29:13.779+0000] {processor.py:186} INFO - Started process (PID=1678) to work on /home/airflow/.local/lib/python3.12/site-packages/airflow/example_dags/example_xcom.py
[2025-12-13T10:29:13.782+0000] {processor.py:914} INFO - Processing file /home/airflow/.local/lib/python3.12/site-packages/airflow/example_dags/example_xcom.py for tasks to queue
[2025-12-13T10:29:13.791+0000] {logging_mixin.py:190} INFO - [2025-12-13T10:29:13.790+0000] {dagbag.py:588} INFO - Filling up the DagBag from /home/airflow/.local/lib/python3.12/site-packages/airflow/example_dags/example_xcom.py
[2025-12-13T10:29:13.815+0000] {processor.py:925} INFO - DAG(s) 'example_xcom' retrieved from /home/airflow/.local/lib/python3.12/site-packages/airflow/example_dags/example_xcom.py
[2025-12-13T10:29:13.853+0000] {logging_mixin.py:190} INFO - [2025-12-13T10:29:13.853+0000] {dag.py:3239} INFO - Sync 1 DAGs
[2025-12-13T10:29:13.892+0000] {logging_mixin.py:190} INFO - [2025-12-13T10:29:13.891+0000] {dag.py:4180} INFO - Setting next_dagrun for example_xcom to 2021-01-01 00:00:00+00:00, run_after=2021-01-01 00:00:00+00:00
[2025-12-13T10:29:13.918+0000] {processor.py:208} INFO - Processing /home/airflow/.local/lib/python3.12/site-packages/airflow/example_dags/example_xcom.py took 0.153 seconds
[2025-12-13T10:29:44.300+0000] {processor.py:186} INFO - Started process (PID=1741) to work on /home/airflow/.local/lib/python3.12/site-packages/airflow/example_dags/example_xcom.py
[2025-12-13T10:29:44.301+0000] {processor.py:914} INFO - Processing file /home/airflow/.local/lib/python3.12/site-packages/airflow/example_dags/example_xcom.py for tasks to queue
[2025-12-13T10:29:44.305+0000] {logging_mixin.py:190} INFO - [2025-12-13T10:29:44.305+0000] {dagbag.py:588} INFO - Filling up the DagBag from /home/airflow/.local/lib/python3.12/site-packages/airflow/example_dags/example_xcom.py
[2025-12-13T10:29:44.326+0000] {processor.py:925} INFO - DAG(s) 'example_xcom' retrieved from /home/airflow/.local/lib/python3.12/site-packages/airflow/example_dags/example_xcom.py
[2025-12-13T10:29:44.371+0000] {logging_mixin.py:190} INFO - [2025-12-13T10:29:44.371+0000] {dag.py:3239} INFO - Sync 1 DAGs
[2025-12-13T10:29:44.435+0000] {logging_mixin.py:190} INFO - [2025-12-13T10:29:44.435+0000] {dag.py:4180} INFO - Setting next_dagrun for example_xcom to 2021-01-01 00:00:00+00:00, run_after=2021-01-01 00:00:00+00:00
[2025-12-13T10:29:44.525+0000] {processor.py:208} INFO - Processing /home/airflow/.local/lib/python3.12/site-packages/airflow/example_dags/example_xcom.py took 0.240 seconds
[2025-12-13T10:30:16.412+0000] {processor.py:186} INFO - Started process (PID=1807) to work on /home/airflow/.local/lib/python3.12/site-packages/airflow/example_dags/example_xcom.py
[2025-12-13T10:30:16.415+0000] {processor.py:914} INFO - Processing file /home/airflow/.local/lib/python3.12/site-packages/airflow/example_dags/example_xcom.py for tasks to queue
[2025-12-13T10:30:16.426+0000] {logging_mixin.py:190} INFO - [2025-12-13T10:30:16.424+0000] {dagbag.py:588} INFO - Filling up the DagBag from /home/airflow/.local/lib/python3.12/site-packages/airflow/example_dags/example_xcom.py
[2025-12-13T10:30:16.464+0000] {processor.py:925} INFO - DAG(s) 'example_xcom' retrieved from /home/airflow/.local/lib/python3.12/site-packages/airflow/example_dags/example_xcom.py
[2025-12-13T10:30:16.538+0000] {logging_mixin.py:190} INFO - [2025-12-13T10:30:16.538+0000] {dag.py:3239} INFO - Sync 1 DAGs
[2025-12-13T10:30:16.643+0000] {logging_mixin.py:190} INFO - [2025-12-13T10:30:16.643+0000] {dag.py:4180} INFO - Setting next_dagrun for example_xcom to 2021-01-01 00:00:00+00:00, run_after=2021-01-01 00:00:00+00:00
[2025-12-13T10:30:16.690+0000] {processor.py:208} INFO - Processing /home/airflow/.local/lib/python3.12/site-packages/airflow/example_dags/example_xcom.py took 0.305 seconds
[2025-12-13T10:30:47.137+0000] {processor.py:186} INFO - Started process (PID=1870) to work on /home/airflow/.local/lib/python3.12/site-packages/airflow/example_dags/example_xcom.py
[2025-12-13T10:30:47.138+0000] {processor.py:914} INFO - Processing file /home/airflow/.local/lib/python3.12/site-packages/airflow/example_dags/example_xcom.py for tasks to queue
[2025-12-13T10:30:47.143+0000] {logging_mixin.py:190} INFO - [2025-12-13T10:30:47.143+0000] {dagbag.py:588} INFO - Filling up the DagBag from /home/airflow/.local/lib/python3.12/site-packages/airflow/example_dags/example_xcom.py
[2025-12-13T10:30:47.164+0000] {processor.py:925} INFO - DAG(s) 'example_xcom' retrieved from /home/airflow/.local/lib/python3.12/site-packages/airflow/example_dags/example_xcom.py
[2025-12-13T10:30:47.207+0000] {logging_mixin.py:190} INFO - [2025-12-13T10:30:47.206+0000] {dag.py:3239} INFO - Sync 1 DAGs
[2025-12-13T10:30:47.269+0000] {logging_mixin.py:190} INFO - [2025-12-13T10:30:47.269+0000] {dag.py:4180} INFO - Setting next_dagrun for example_xcom to 2021-01-01 00:00:00+00:00, run_after=2021-01-01 00:00:00+00:00
[2025-12-13T10:30:47.314+0000] {processor.py:208} INFO - Processing /home/airflow/.local/lib/python3.12/site-packages/airflow/example_dags/example_xcom.py took 0.190 seconds
[2025-12-13T10:31:17.876+0000] {processor.py:186} INFO - Started process (PID=1933) to work on /home/airflow/.local/lib/python3.12/site-packages/airflow/example_dags/example_xcom.py
[2025-12-13T10:31:17.880+0000] {processor.py:914} INFO - Processing file /home/airflow/.local/lib/python3.12/site-packages/airflow/example_dags/example_xcom.py for tasks to queue
[2025-12-13T10:31:17.890+0000] {logging_mixin.py:190} INFO - [2025-12-13T10:31:17.889+0000] {dagbag.py:588} INFO - Filling up the DagBag from /home/airflow/.local/lib/python3.12/site-packages/airflow/example_dags/example_xcom.py
[2025-12-13T10:31:17.911+0000] {processor.py:925} INFO - DAG(s) 'example_xcom' retrieved from /home/airflow/.local/lib/python3.12/site-packages/airflow/example_dags/example_xcom.py
[2025-12-13T10:31:17.957+0000] {logging_mixin.py:190} INFO - [2025-12-13T10:31:17.957+0000] {dag.py:3239} INFO - Sync 1 DAGs
[2025-12-13T10:31:18.005+0000] {logging_mixin.py:190} INFO - [2025-12-13T10:31:18.005+0000] {dag.py:4180} INFO - Setting next_dagrun for example_xcom to 2021-01-01 00:00:00+00:00, run_after=2021-01-01 00:00:00+00:00
[2025-12-13T10:31:18.037+0000] {processor.py:208} INFO - Processing /home/airflow/.local/lib/python3.12/site-packages/airflow/example_dags/example_xcom.py took 0.177 seconds
[2025-12-13T10:31:48.913+0000] {processor.py:186} INFO - Started process (PID=1995) to work on /home/airflow/.local/lib/python3.12/site-packages/airflow/example_dags/example_xcom.py
[2025-12-13T10:31:48.914+0000] {processor.py:914} INFO - Processing file /home/airflow/.local/lib/python3.12/site-packages/airflow/example_dags/example_xcom.py for tasks to queue
[2025-12-13T10:31:48.921+0000] {logging_mixin.py:190} INFO - [2025-12-13T10:31:48.920+0000] {dagbag.py:588} INFO - Filling up the DagBag from /home/airflow/.local/lib/python3.12/site-packages/airflow/example_dags/example_xcom.py
[2025-12-13T10:31:48.948+0000] {processor.py:925} INFO - DAG(s) 'example_xcom' retrieved from /home/airflow/.local/lib/python3.12/site-packages/airflow/example_dags/example_xcom.py
[2025-12-13T10:31:48.992+0000] {logging_mixin.py:190} INFO - [2025-12-13T10:31:48.992+0000] {dag.py:3239} INFO - Sync 1 DAGs
[2025-12-13T10:31:49.034+0000] {logging_mixin.py:190} INFO - [2025-12-13T10:31:49.034+0000] {dag.py:4180} INFO - Setting next_dagrun for example_xcom to 2021-01-01 00:00:00+00:00, run_after=2021-01-01 00:00:00+00:00
[2025-12-13T10:31:49.065+0000] {processor.py:208} INFO - Processing /home/airflow/.local/lib/python3.12/site-packages/airflow/example_dags/example_xcom.py took 0.167 seconds
[2025-12-13T10:32:19.828+0000] {processor.py:186} INFO - Started process (PID=2058) to work on /home/airflow/.local/lib/python3.12/site-packages/airflow/example_dags/example_xcom.py
[2025-12-13T10:32:19.833+0000] {processor.py:914} INFO - Processing file /home/airflow/.local/lib/python3.12/site-packages/airflow/example_dags/example_xcom.py for tasks to queue
[2025-12-13T10:32:19.840+0000] {logging_mixin.py:190} INFO - [2025-12-13T10:32:19.840+0000] {dagbag.py:588} INFO - Filling up the DagBag from /home/airflow/.local/lib/python3.12/site-packages/airflow/example_dags/example_xcom.py
[2025-12-13T10:32:19.871+0000] {processor.py:925} INFO - DAG(s) 'example_xcom' retrieved from /home/airflow/.local/lib/python3.12/site-packages/airflow/example_dags/example_xcom.py
[2025-12-13T10:32:19.960+0000] {logging_mixin.py:190} INFO - [2025-12-13T10:32:19.960+0000] {dag.py:3239} INFO - Sync 1 DAGs
[2025-12-13T10:32:20.039+0000] {logging_mixin.py:190} INFO - [2025-12-13T10:32:20.039+0000] {dag.py:4180} INFO - Setting next_dagrun for example_xcom to 2021-01-01 00:00:00+00:00, run_after=2021-01-01 00:00:00+00:00
[2025-12-13T10:32:20.103+0000] {processor.py:208} INFO - Processing /home/airflow/.local/lib/python3.12/site-packages/airflow/example_dags/example_xcom.py took 0.289 seconds
[2025-12-13T10:32:50.362+0000] {processor.py:186} INFO - Started process (PID=2121) to work on /home/airflow/.local/lib/python3.12/site-packages/airflow/example_dags/example_xcom.py
[2025-12-13T10:32:50.367+0000] {processor.py:914} INFO - Processing file /home/airflow/.local/lib/python3.12/site-packages/airflow/example_dags/example_xcom.py for tasks to queue
[2025-12-13T10:32:50.375+0000] {logging_mixin.py:190} INFO - [2025-12-13T10:32:50.374+0000] {dagbag.py:588} INFO - Filling up the DagBag from /home/airflow/.local/lib/python3.12/site-packages/airflow/example_dags/example_xcom.py
[2025-12-13T10:32:50.445+0000] {processor.py:925} INFO - DAG(s) 'example_xcom' retrieved from /home/airflow/.local/lib/python3.12/site-packages/airflow/example_dags/example_xcom.py
[2025-12-13T10:32:50.509+0000] {logging_mixin.py:190} INFO - [2025-12-13T10:32:50.509+0000] {dag.py:3239} INFO - Sync 1 DAGs
[2025-12-13T10:32:50.572+0000] {logging_mixin.py:190} INFO - [2025-12-13T10:32:50.571+0000] {dag.py:4180} INFO - Setting next_dagrun for example_xcom to 2021-01-01 00:00:00+00:00, run_after=2021-01-01 00:00:00+00:00
[2025-12-13T10:32:50.649+0000] {processor.py:208} INFO - Processing /home/airflow/.local/lib/python3.12/site-packages/airflow/example_dags/example_xcom.py took 0.298 seconds
[2025-12-13T10:33:21.106+0000] {processor.py:186} INFO - Started process (PID=2184) to work on /home/airflow/.local/lib/python3.12/site-packages/airflow/example_dags/example_xcom.py
[2025-12-13T10:33:21.107+0000] {processor.py:914} INFO - Processing file /home/airflow/.local/lib/python3.12/site-packages/airflow/example_dags/example_xcom.py for tasks to queue
[2025-12-13T10:33:21.113+0000] {logging_mixin.py:190} INFO - [2025-12-13T10:33:21.112+0000] {dagbag.py:588} INFO - Filling up the DagBag from /home/airflow/.local/lib/python3.12/site-packages/airflow/example_dags/example_xcom.py
[2025-12-13T10:33:21.149+0000] {processor.py:925} INFO - DAG(s) 'example_xcom' retrieved from /home/airflow/.local/lib/python3.12/site-packages/airflow/example_dags/example_xcom.py
[2025-12-13T10:33:21.196+0000] {logging_mixin.py:190} INFO - [2025-12-13T10:33:21.196+0000] {dag.py:3239} INFO - Sync 1 DAGs
[2025-12-13T10:33:21.245+0000] {logging_mixin.py:190} INFO - [2025-12-13T10:33:21.244+0000] {dag.py:4180} INFO - Setting next_dagrun for example_xcom to 2021-01-01 00:00:00+00:00, run_after=2021-01-01 00:00:00+00:00
[2025-12-13T10:33:21.282+0000] {processor.py:208} INFO - Processing /home/airflow/.local/lib/python3.12/site-packages/airflow/example_dags/example_xcom.py took 0.188 seconds
[2025-12-13T10:33:51.720+0000] {processor.py:186} INFO - Started process (PID=2245) to work on /home/airflow/.local/lib/python3.12/site-packages/airflow/example_dags/example_xcom.py
[2025-12-13T10:33:51.722+0000] {processor.py:914} INFO - Processing file /home/airflow/.local/lib/python3.12/site-packages/airflow/example_dags/example_xcom.py for tasks to queue
[2025-12-13T10:33:51.725+0000] {logging_mixin.py:190} INFO - [2025-12-13T10:33:51.725+0000] {dagbag.py:588} INFO - Filling up the DagBag from /home/airflow/.local/lib/python3.12/site-packages/airflow/example_dags/example_xcom.py
[2025-12-13T10:33:51.744+0000] {processor.py:925} INFO - DAG(s) 'example_xcom' retrieved from /home/airflow/.local/lib/python3.12/site-packages/airflow/example_dags/example_xcom.py
[2025-12-13T10:33:51.781+0000] {logging_mixin.py:190} INFO - [2025-12-13T10:33:51.781+0000] {dag.py:3239} INFO - Sync 1 DAGs
[2025-12-13T10:33:51.822+0000] {logging_mixin.py:190} INFO - [2025-12-13T10:33:51.821+0000] {dag.py:4180} INFO - Setting next_dagrun for example_xcom to 2021-01-01 00:00:00+00:00, run_after=2021-01-01 00:00:00+00:00
[2025-12-13T10:33:51.854+0000] {processor.py:208} INFO - Processing /home/airflow/.local/lib/python3.12/site-packages/airflow/example_dags/example_xcom.py took 0.144 seconds
[2025-12-13T10:34:22.057+0000] {processor.py:186} INFO - Started process (PID=2308) to work on /home/airflow/.local/lib/python3.12/site-packages/airflow/example_dags/example_xcom.py
[2025-12-13T10:34:22.062+0000] {processor.py:914} INFO - Processing file /home/airflow/.local/lib/python3.12/site-packages/airflow/example_dags/example_xcom.py for tasks to queue
[2025-12-13T10:34:22.069+0000] {logging_mixin.py:190} INFO - [2025-12-13T10:34:22.068+0000] {dagbag.py:588} INFO - Filling up the DagBag from /home/airflow/.local/lib/python3.12/site-packages/airflow/example_dags/example_xcom.py
[2025-12-13T10:34:22.098+0000] {processor.py:925} INFO - DAG(s) 'example_xcom' retrieved from /home/airflow/.local/lib/python3.12/site-packages/airflow/example_dags/example_xcom.py
[2025-12-13T10:34:22.155+0000] {logging_mixin.py:190} INFO - [2025-12-13T10:34:22.155+0000] {dag.py:3239} INFO - Sync 1 DAGs
[2025-12-13T10:34:22.219+0000] {logging_mixin.py:190} INFO - [2025-12-13T10:34:22.218+0000] {dag.py:4180} INFO - Setting next_dagrun for example_xcom to 2021-01-01 00:00:00+00:00, run_after=2021-01-01 00:00:00+00:00
[2025-12-13T10:34:22.256+0000] {processor.py:208} INFO - Processing /home/airflow/.local/lib/python3.12/site-packages/airflow/example_dags/example_xcom.py took 0.213 seconds
[2025-12-13T10:34:52.466+0000] {processor.py:186} INFO - Started process (PID=2371) to work on /home/airflow/.local/lib/python3.12/site-packages/airflow/example_dags/example_xcom.py
[2025-12-13T10:34:52.467+0000] {processor.py:914} INFO - Processing file /home/airflow/.local/lib/python3.12/site-packages/airflow/example_dags/example_xcom.py for tasks to queue
[2025-12-13T10:34:52.470+0000] {logging_mixin.py:190} INFO - [2025-12-13T10:34:52.470+0000] {dagbag.py:588} INFO - Filling up the DagBag from /home/airflow/.local/lib/python3.12/site-packages/airflow/example_dags/example_xcom.py
[2025-12-13T10:34:52.484+0000] {processor.py:925} INFO - DAG(s) 'example_xcom' retrieved from /home/airflow/.local/lib/python3.12/site-packages/airflow/example_dags/example_xcom.py
[2025-12-13T10:34:52.516+0000] {logging_mixin.py:190} INFO - [2025-12-13T10:34:52.516+0000] {dag.py:3239} INFO - Sync 1 DAGs
[2025-12-13T10:34:52.557+0000] {logging_mixin.py:190} INFO - [2025-12-13T10:34:52.556+0000] {dag.py:4180} INFO - Setting next_dagrun for example_xcom to 2021-01-01 00:00:00+00:00, run_after=2021-01-01 00:00:00+00:00
[2025-12-13T10:34:52.586+0000] {processor.py:208} INFO - Processing /home/airflow/.local/lib/python3.12/site-packages/airflow/example_dags/example_xcom.py took 0.131 seconds
[2025-12-13T10:35:23.522+0000] {processor.py:186} INFO - Started process (PID=2434) to work on /home/airflow/.local/lib/python3.12/site-packages/airflow/example_dags/example_xcom.py
[2025-12-13T10:35:23.524+0000] {processor.py:914} INFO - Processing file /home/airflow/.local/lib/python3.12/site-packages/airflow/example_dags/example_xcom.py for tasks to queue
[2025-12-13T10:35:23.528+0000] {logging_mixin.py:190} INFO - [2025-12-13T10:35:23.528+0000] {dagbag.py:588} INFO - Filling up the DagBag from /home/airflow/.local/lib/python3.12/site-packages/airflow/example_dags/example_xcom.py
[2025-12-13T10:35:23.557+0000] {processor.py:925} INFO - DAG(s) 'example_xcom' retrieved from /home/airflow/.local/lib/python3.12/site-packages/airflow/example_dags/example_xcom.py
[2025-12-13T10:35:23.597+0000] {logging_mixin.py:190} INFO - [2025-12-13T10:35:23.596+0000] {dag.py:3239} INFO - Sync 1 DAGs
[2025-12-13T10:35:23.644+0000] {logging_mixin.py:190} INFO - [2025-12-13T10:35:23.643+0000] {dag.py:4180} INFO - Setting next_dagrun for example_xcom to 2021-01-01 00:00:00+00:00, run_after=2021-01-01 00:00:00+00:00
[2025-12-13T10:35:23.688+0000] {processor.py:208} INFO - Processing /home/airflow/.local/lib/python3.12/site-packages/airflow/example_dags/example_xcom.py took 0.181 seconds
[2025-12-13T10:35:54.004+0000] {processor.py:186} INFO - Started process (PID=2497) to work on /home/airflow/.local/lib/python3.12/site-packages/airflow/example_dags/example_xcom.py
[2025-12-13T10:35:54.006+0000] {processor.py:914} INFO - Processing file /home/airflow/.local/lib/python3.12/site-packages/airflow/example_dags/example_xcom.py for tasks to queue
[2025-12-13T10:35:54.012+0000] {logging_mixin.py:190} INFO - [2025-12-13T10:35:54.012+0000] {dagbag.py:588} INFO - Filling up the DagBag from /home/airflow/.local/lib/python3.12/site-packages/airflow/example_dags/example_xcom.py
[2025-12-13T10:35:54.081+0000] {processor.py:925} INFO - DAG(s) 'example_xcom' retrieved from /home/airflow/.local/lib/python3.12/site-packages/airflow/example_dags/example_xcom.py
[2025-12-13T10:35:54.159+0000] {logging_mixin.py:190} INFO - [2025-12-13T10:35:54.157+0000] {dag.py:3239} INFO - Sync 1 DAGs
[2025-12-13T10:35:54.249+0000] {logging_mixin.py:190} INFO - [2025-12-13T10:35:54.248+0000] {dag.py:4180} INFO - Setting next_dagrun for example_xcom to 2021-01-01 00:00:00+00:00, run_after=2021-01-01 00:00:00+00:00
[2025-12-13T10:35:54.291+0000] {processor.py:208} INFO - Processing /home/airflow/.local/lib/python3.12/site-packages/airflow/example_dags/example_xcom.py took 0.307 seconds
[2025-12-13T10:36:24.374+0000] {processor.py:186} INFO - Started process (PID=2559) to work on /home/airflow/.local/lib/python3.12/site-packages/airflow/example_dags/example_xcom.py
[2025-12-13T10:36:24.377+0000] {processor.py:914} INFO - Processing file /home/airflow/.local/lib/python3.12/site-packages/airflow/example_dags/example_xcom.py for tasks to queue
[2025-12-13T10:36:24.382+0000] {logging_mixin.py:190} INFO - [2025-12-13T10:36:24.381+0000] {dagbag.py:588} INFO - Filling up the DagBag from /home/airflow/.local/lib/python3.12/site-packages/airflow/example_dags/example_xcom.py
[2025-12-13T10:36:24.404+0000] {processor.py:925} INFO - DAG(s) 'example_xcom' retrieved from /home/airflow/.local/lib/python3.12/site-packages/airflow/example_dags/example_xcom.py
[2025-12-13T10:36:24.453+0000] {logging_mixin.py:190} INFO - [2025-12-13T10:36:24.453+0000] {dag.py:3239} INFO - Sync 1 DAGs
[2025-12-13T10:36:24.489+0000] {logging_mixin.py:190} INFO - [2025-12-13T10:36:24.488+0000] {dag.py:4180} INFO - Setting next_dagrun for example_xcom to 2021-01-01 00:00:00+00:00, run_after=2021-01-01 00:00:00+00:00
[2025-12-13T10:36:24.513+0000] {processor.py:208} INFO - Processing /home/airflow/.local/lib/python3.12/site-packages/airflow/example_dags/example_xcom.py took 0.149 seconds
[2025-12-13T10:36:55.397+0000] {processor.py:186} INFO - Started process (PID=2623) to work on /home/airflow/.local/lib/python3.12/site-packages/airflow/example_dags/example_xcom.py
[2025-12-13T10:36:55.398+0000] {processor.py:914} INFO - Processing file /home/airflow/.local/lib/python3.12/site-packages/airflow/example_dags/example_xcom.py for tasks to queue
[2025-12-13T10:36:55.402+0000] {logging_mixin.py:190} INFO - [2025-12-13T10:36:55.402+0000] {dagbag.py:588} INFO - Filling up the DagBag from /home/airflow/.local/lib/python3.12/site-packages/airflow/example_dags/example_xcom.py
[2025-12-13T10:36:55.420+0000] {processor.py:925} INFO - DAG(s) 'example_xcom' retrieved from /home/airflow/.local/lib/python3.12/site-packages/airflow/example_dags/example_xcom.py
[2025-12-13T10:36:55.458+0000] {logging_mixin.py:190} INFO - [2025-12-13T10:36:55.457+0000] {dag.py:3239} INFO - Sync 1 DAGs
[2025-12-13T10:36:55.504+0000] {logging_mixin.py:190} INFO - [2025-12-13T10:36:55.503+0000] {dag.py:4180} INFO - Setting next_dagrun for example_xcom to 2021-01-01 00:00:00+00:00, run_after=2021-01-01 00:00:00+00:00
[2025-12-13T10:36:55.534+0000] {processor.py:208} INFO - Processing /home/airflow/.local/lib/python3.12/site-packages/airflow/example_dags/example_xcom.py took 0.149 seconds
[2025-12-13T10:37:26.523+0000] {processor.py:186} INFO - Started process (PID=2686) to work on /home/airflow/.local/lib/python3.12/site-packages/airflow/example_dags/example_xcom.py
[2025-12-13T10:37:26.524+0000] {processor.py:914} INFO - Processing file /home/airflow/.local/lib/python3.12/site-packages/airflow/example_dags/example_xcom.py for tasks to queue
[2025-12-13T10:37:26.529+0000] {logging_mixin.py:190} INFO - [2025-12-13T10:37:26.528+0000] {dagbag.py:588} INFO - Filling up the DagBag from /home/airflow/.local/lib/python3.12/site-packages/airflow/example_dags/example_xcom.py
[2025-12-13T10:37:26.551+0000] {processor.py:925} INFO - DAG(s) 'example_xcom' retrieved from /home/airflow/.local/lib/python3.12/site-packages/airflow/example_dags/example_xcom.py
[2025-12-13T10:37:26.596+0000] {logging_mixin.py:190} INFO - [2025-12-13T10:37:26.595+0000] {dag.py:3239} INFO - Sync 1 DAGs
[2025-12-13T10:37:26.650+0000] {logging_mixin.py:190} INFO - [2025-12-13T10:37:26.650+0000] {dag.py:4180} INFO - Setting next_dagrun for example_xcom to 2021-01-01 00:00:00+00:00, run_after=2021-01-01 00:00:00+00:00
[2025-12-13T10:37:26.692+0000] {processor.py:208} INFO - Processing /home/airflow/.local/lib/python3.12/site-packages/airflow/example_dags/example_xcom.py took 0.184 seconds
[2025-12-13T10:37:57.289+0000] {processor.py:186} INFO - Started process (PID=2749) to work on /home/airflow/.local/lib/python3.12/site-packages/airflow/example_dags/example_xcom.py
[2025-12-13T10:37:57.290+0000] {processor.py:914} INFO - Processing file /home/airflow/.local/lib/python3.12/site-packages/airflow/example_dags/example_xcom.py for tasks to queue
[2025-12-13T10:37:57.296+0000] {logging_mixin.py:190} INFO - [2025-12-13T10:37:57.295+0000] {dagbag.py:588} INFO - Filling up the DagBag from /home/airflow/.local/lib/python3.12/site-packages/airflow/example_dags/example_xcom.py
[2025-12-13T10:37:57.319+0000] {processor.py:925} INFO - DAG(s) 'example_xcom' retrieved from /home/airflow/.local/lib/python3.12/site-packages/airflow/example_dags/example_xcom.py
[2025-12-13T10:37:57.364+0000] {logging_mixin.py:190} INFO - [2025-12-13T10:37:57.363+0000] {dag.py:3239} INFO - Sync 1 DAGs
[2025-12-13T10:37:57.744+0000] {logging_mixin.py:190} INFO - [2025-12-13T10:37:57.744+0000] {dag.py:4180} INFO - Setting next_dagrun for example_xcom to 2021-01-01 00:00:00+00:00, run_after=2021-01-01 00:00:00+00:00
[2025-12-13T10:37:57.780+0000] {processor.py:208} INFO - Processing /home/airflow/.local/lib/python3.12/site-packages/airflow/example_dags/example_xcom.py took 0.506 seconds
[2025-12-13T10:38:31.618+0000] {processor.py:186} INFO - Started process (PID=2813) to work on /home/airflow/.local/lib/python3.12/site-packages/airflow/example_dags/example_xcom.py
[2025-12-13T10:38:31.622+0000] {processor.py:914} INFO - Processing file /home/airflow/.local/lib/python3.12/site-packages/airflow/example_dags/example_xcom.py for tasks to queue
[2025-12-13T10:38:31.630+0000] {logging_mixin.py:190} INFO - [2025-12-13T10:38:31.629+0000] {dagbag.py:588} INFO - Filling up the DagBag from /home/airflow/.local/lib/python3.12/site-packages/airflow/example_dags/example_xcom.py
[2025-12-13T10:38:31.655+0000] {processor.py:925} INFO - DAG(s) 'example_xcom' retrieved from /home/airflow/.local/lib/python3.12/site-packages/airflow/example_dags/example_xcom.py
[2025-12-13T10:38:31.723+0000] {logging_mixin.py:190} INFO - [2025-12-13T10:38:31.722+0000] {dag.py:3239} INFO - Sync 1 DAGs
[2025-12-13T10:38:31.805+0000] {logging_mixin.py:190} INFO - [2025-12-13T10:38:31.805+0000] {dag.py:4180} INFO - Setting next_dagrun for example_xcom to 2021-01-01 00:00:00+00:00, run_after=2021-01-01 00:00:00+00:00
[2025-12-13T10:38:32.190+0000] {processor.py:208} INFO - Processing /home/airflow/.local/lib/python3.12/site-packages/airflow/example_dags/example_xcom.py took 0.583 seconds
[2025-12-13T10:39:02.411+0000] {processor.py:186} INFO - Started process (PID=2877) to work on /home/airflow/.local/lib/python3.12/site-packages/airflow/example_dags/example_xcom.py
[2025-12-13T10:39:02.413+0000] {processor.py:914} INFO - Processing file /home/airflow/.local/lib/python3.12/site-packages/airflow/example_dags/example_xcom.py for tasks to queue
[2025-12-13T10:39:02.418+0000] {logging_mixin.py:190} INFO - [2025-12-13T10:39:02.418+0000] {dagbag.py:588} INFO - Filling up the DagBag from /home/airflow/.local/lib/python3.12/site-packages/airflow/example_dags/example_xcom.py
[2025-12-13T10:39:02.440+0000] {processor.py:925} INFO - DAG(s) 'example_xcom' retrieved from /home/airflow/.local/lib/python3.12/site-packages/airflow/example_dags/example_xcom.py
[2025-12-13T10:39:02.497+0000] {logging_mixin.py:190} INFO - [2025-12-13T10:39:02.496+0000] {dag.py:3239} INFO - Sync 1 DAGs
[2025-12-13T10:39:02.560+0000] {logging_mixin.py:190} INFO - [2025-12-13T10:39:02.559+0000] {dag.py:4180} INFO - Setting next_dagrun for example_xcom to 2021-01-01 00:00:00+00:00, run_after=2021-01-01 00:00:00+00:00
[2025-12-13T10:39:02.602+0000] {processor.py:208} INFO - Processing /home/airflow/.local/lib/python3.12/site-packages/airflow/example_dags/example_xcom.py took 0.210 seconds
[2025-12-13T10:39:33.187+0000] {processor.py:186} INFO - Started process (PID=2939) to work on /home/airflow/.local/lib/python3.12/site-packages/airflow/example_dags/example_xcom.py
[2025-12-13T10:39:33.190+0000] {processor.py:914} INFO - Processing file /home/airflow/.local/lib/python3.12/site-packages/airflow/example_dags/example_xcom.py for tasks to queue
[2025-12-13T10:39:33.193+0000] {logging_mixin.py:190} INFO - [2025-12-13T10:39:33.193+0000] {dagbag.py:588} INFO - Filling up the DagBag from /home/airflow/.local/lib/python3.12/site-packages/airflow/example_dags/example_xcom.py
[2025-12-13T10:39:33.212+0000] {processor.py:925} INFO - DAG(s) 'example_xcom' retrieved from /home/airflow/.local/lib/python3.12/site-packages/airflow/example_dags/example_xcom.py
[2025-12-13T10:39:33.253+0000] {logging_mixin.py:190} INFO - [2025-12-13T10:39:33.253+0000] {dag.py:3239} INFO - Sync 1 DAGs
[2025-12-13T10:39:33.293+0000] {logging_mixin.py:190} INFO - [2025-12-13T10:39:33.293+0000] {dag.py:4180} INFO - Setting next_dagrun for example_xcom to 2021-01-01 00:00:00+00:00, run_after=2021-01-01 00:00:00+00:00
[2025-12-13T10:39:33.322+0000] {processor.py:208} INFO - Processing /home/airflow/.local/lib/python3.12/site-packages/airflow/example_dags/example_xcom.py took 0.146 seconds
[2025-12-13T10:40:03.832+0000] {processor.py:186} INFO - Started process (PID=3002) to work on /home/airflow/.local/lib/python3.12/site-packages/airflow/example_dags/example_xcom.py
[2025-12-13T10:40:03.833+0000] {processor.py:914} INFO - Processing file /home/airflow/.local/lib/python3.12/site-packages/airflow/example_dags/example_xcom.py for tasks to queue
[2025-12-13T10:40:03.838+0000] {logging_mixin.py:190} INFO - [2025-12-13T10:40:03.837+0000] {dagbag.py:588} INFO - Filling up the DagBag from /home/airflow/.local/lib/python3.12/site-packages/airflow/example_dags/example_xcom.py
[2025-12-13T10:40:03.857+0000] {processor.py:925} INFO - DAG(s) 'example_xcom' retrieved from /home/airflow/.local/lib/python3.12/site-packages/airflow/example_dags/example_xcom.py
[2025-12-13T10:40:03.893+0000] {logging_mixin.py:190} INFO - [2025-12-13T10:40:03.893+0000] {dag.py:3239} INFO - Sync 1 DAGs
[2025-12-13T10:40:03.937+0000] {logging_mixin.py:190} INFO - [2025-12-13T10:40:03.937+0000] {dag.py:4180} INFO - Setting next_dagrun for example_xcom to 2021-01-01 00:00:00+00:00, run_after=2021-01-01 00:00:00+00:00
[2025-12-13T10:40:03.968+0000] {processor.py:208} INFO - Processing /home/airflow/.local/lib/python3.12/site-packages/airflow/example_dags/example_xcom.py took 0.147 seconds
[2025-12-13T10:40:34.463+0000] {processor.py:186} INFO - Started process (PID=3064) to work on /home/airflow/.local/lib/python3.12/site-packages/airflow/example_dags/example_xcom.py
[2025-12-13T10:40:34.466+0000] {processor.py:914} INFO - Processing file /home/airflow/.local/lib/python3.12/site-packages/airflow/example_dags/example_xcom.py for tasks to queue
[2025-12-13T10:40:34.470+0000] {logging_mixin.py:190} INFO - [2025-12-13T10:40:34.469+0000] {dagbag.py:588} INFO - Filling up the DagBag from /home/airflow/.local/lib/python3.12/site-packages/airflow/example_dags/example_xcom.py
[2025-12-13T10:40:34.485+0000] {processor.py:925} INFO - DAG(s) 'example_xcom' retrieved from /home/airflow/.local/lib/python3.12/site-packages/airflow/example_dags/example_xcom.py
[2025-12-13T10:40:34.787+0000] {logging_mixin.py:190} INFO - [2025-12-13T10:40:34.786+0000] {dag.py:3239} INFO - Sync 1 DAGs
[2025-12-13T10:40:34.819+0000] {logging_mixin.py:190} INFO - [2025-12-13T10:40:34.818+0000] {dag.py:4180} INFO - Setting next_dagrun for example_xcom to 2021-01-01 00:00:00+00:00, run_after=2021-01-01 00:00:00+00:00
[2025-12-13T10:40:34.845+0000] {processor.py:208} INFO - Processing /home/airflow/.local/lib/python3.12/site-packages/airflow/example_dags/example_xcom.py took 0.395 seconds
[2025-12-13T10:41:05.131+0000] {processor.py:186} INFO - Started process (PID=3127) to work on /home/airflow/.local/lib/python3.12/site-packages/airflow/example_dags/example_xcom.py
[2025-12-13T10:41:05.134+0000] {processor.py:914} INFO - Processing file /home/airflow/.local/lib/python3.12/site-packages/airflow/example_dags/example_xcom.py for tasks to queue
[2025-12-13T10:41:05.137+0000] {logging_mixin.py:190} INFO - [2025-12-13T10:41:05.137+0000] {dagbag.py:588} INFO - Filling up the DagBag from /home/airflow/.local/lib/python3.12/site-packages/airflow/example_dags/example_xcom.py
[2025-12-13T10:41:05.153+0000] {processor.py:925} INFO - DAG(s) 'example_xcom' retrieved from /home/airflow/.local/lib/python3.12/site-packages/airflow/example_dags/example_xcom.py
[2025-12-13T10:41:05.192+0000] {logging_mixin.py:190} INFO - [2025-12-13T10:41:05.192+0000] {dag.py:3239} INFO - Sync 1 DAGs
[2025-12-13T10:41:05.237+0000] {logging_mixin.py:190} INFO - [2025-12-13T10:41:05.237+0000] {dag.py:4180} INFO - Setting next_dagrun for example_xcom to 2021-01-01 00:00:00+00:00, run_after=2021-01-01 00:00:00+00:00
[2025-12-13T10:41:05.267+0000] {processor.py:208} INFO - Processing /home/airflow/.local/lib/python3.12/site-packages/airflow/example_dags/example_xcom.py took 0.149 seconds
[2025-12-13T10:41:35.561+0000] {processor.py:186} INFO - Started process (PID=3190) to work on /home/airflow/.local/lib/python3.12/site-packages/airflow/example_dags/example_xcom.py
[2025-12-13T10:41:35.564+0000] {processor.py:914} INFO - Processing file /home/airflow/.local/lib/python3.12/site-packages/airflow/example_dags/example_xcom.py for tasks to queue
[2025-12-13T10:41:35.572+0000] {logging_mixin.py:190} INFO - [2025-12-13T10:41:35.568+0000] {dagbag.py:588} INFO - Filling up the DagBag from /home/airflow/.local/lib/python3.12/site-packages/airflow/example_dags/example_xcom.py
[2025-12-13T10:41:35.615+0000] {processor.py:925} INFO - DAG(s) 'example_xcom' retrieved from /home/airflow/.local/lib/python3.12/site-packages/airflow/example_dags/example_xcom.py
[2025-12-13T10:41:35.669+0000] {logging_mixin.py:190} INFO - [2025-12-13T10:41:35.668+0000] {dag.py:3239} INFO - Sync 1 DAGs
[2025-12-13T10:41:35.749+0000] {logging_mixin.py:190} INFO - [2025-12-13T10:41:35.748+0000] {dag.py:4180} INFO - Setting next_dagrun for example_xcom to 2021-01-01 00:00:00+00:00, run_after=2021-01-01 00:00:00+00:00
[2025-12-13T10:41:35.824+0000] {processor.py:208} INFO - Processing /home/airflow/.local/lib/python3.12/site-packages/airflow/example_dags/example_xcom.py took 0.283 seconds
[2025-12-13T10:42:06.619+0000] {processor.py:186} INFO - Started process (PID=3252) to work on /home/airflow/.local/lib/python3.12/site-packages/airflow/example_dags/example_xcom.py
[2025-12-13T10:42:06.620+0000] {processor.py:914} INFO - Processing file /home/airflow/.local/lib/python3.12/site-packages/airflow/example_dags/example_xcom.py for tasks to queue
[2025-12-13T10:42:06.633+0000] {logging_mixin.py:190} INFO - [2025-12-13T10:42:06.633+0000] {dagbag.py:588} INFO - Filling up the DagBag from /home/airflow/.local/lib/python3.12/site-packages/airflow/example_dags/example_xcom.py
[2025-12-13T10:42:06.675+0000] {processor.py:925} INFO - DAG(s) 'example_xcom' retrieved from /home/airflow/.local/lib/python3.12/site-packages/airflow/example_dags/example_xcom.py
[2025-12-13T10:42:06.758+0000] {logging_mixin.py:190} INFO - [2025-12-13T10:42:06.758+0000] {dag.py:3239} INFO - Sync 1 DAGs
[2025-12-13T10:42:06.809+0000] {logging_mixin.py:190} INFO - [2025-12-13T10:42:06.808+0000] {dag.py:4180} INFO - Setting next_dagrun for example_xcom to 2021-01-01 00:00:00+00:00, run_after=2021-01-01 00:00:00+00:00
[2025-12-13T10:42:06.851+0000] {processor.py:208} INFO - Processing /home/airflow/.local/lib/python3.12/site-packages/airflow/example_dags/example_xcom.py took 0.269 seconds
[2025-12-13T10:42:37.020+0000] {processor.py:186} INFO - Started process (PID=3315) to work on /home/airflow/.local/lib/python3.12/site-packages/airflow/example_dags/example_xcom.py
[2025-12-13T10:42:37.022+0000] {processor.py:914} INFO - Processing file /home/airflow/.local/lib/python3.12/site-packages/airflow/example_dags/example_xcom.py for tasks to queue
[2025-12-13T10:42:37.027+0000] {logging_mixin.py:190} INFO - [2025-12-13T10:42:37.025+0000] {dagbag.py:588} INFO - Filling up the DagBag from /home/airflow/.local/lib/python3.12/site-packages/airflow/example_dags/example_xcom.py
[2025-12-13T10:42:37.071+0000] {processor.py:925} INFO - DAG(s) 'example_xcom' retrieved from /home/airflow/.local/lib/python3.12/site-packages/airflow/example_dags/example_xcom.py
[2025-12-13T10:42:37.137+0000] {logging_mixin.py:190} INFO - [2025-12-13T10:42:37.137+0000] {dag.py:3239} INFO - Sync 1 DAGs
[2025-12-13T10:42:37.216+0000] {logging_mixin.py:190} INFO - [2025-12-13T10:42:37.216+0000] {dag.py:4180} INFO - Setting next_dagrun for example_xcom to 2021-01-01 00:00:00+00:00, run_after=2021-01-01 00:00:00+00:00
[2025-12-13T10:42:37.267+0000] {processor.py:208} INFO - Processing /home/airflow/.local/lib/python3.12/site-packages/airflow/example_dags/example_xcom.py took 0.273 seconds
[2025-12-13T10:43:07.386+0000] {processor.py:186} INFO - Started process (PID=3378) to work on /home/airflow/.local/lib/python3.12/site-packages/airflow/example_dags/example_xcom.py
[2025-12-13T10:43:07.388+0000] {processor.py:914} INFO - Processing file /home/airflow/.local/lib/python3.12/site-packages/airflow/example_dags/example_xcom.py for tasks to queue
[2025-12-13T10:43:07.392+0000] {logging_mixin.py:190} INFO - [2025-12-13T10:43:07.391+0000] {dagbag.py:588} INFO - Filling up the DagBag from /home/airflow/.local/lib/python3.12/site-packages/airflow/example_dags/example_xcom.py
[2025-12-13T10:43:07.412+0000] {processor.py:925} INFO - DAG(s) 'example_xcom' retrieved from /home/airflow/.local/lib/python3.12/site-packages/airflow/example_dags/example_xcom.py
[2025-12-13T10:43:07.456+0000] {logging_mixin.py:190} INFO - [2025-12-13T10:43:07.456+0000] {dag.py:3239} INFO - Sync 1 DAGs
[2025-12-13T10:43:07.509+0000] {logging_mixin.py:190} INFO - [2025-12-13T10:43:07.508+0000] {dag.py:4180} INFO - Setting next_dagrun for example_xcom to 2021-01-01 00:00:00+00:00, run_after=2021-01-01 00:00:00+00:00
[2025-12-13T10:43:07.558+0000] {processor.py:208} INFO - Processing /home/airflow/.local/lib/python3.12/site-packages/airflow/example_dags/example_xcom.py took 0.185 seconds
[2025-12-13T10:43:37.956+0000] {processor.py:186} INFO - Started process (PID=3441) to work on /home/airflow/.local/lib/python3.12/site-packages/airflow/example_dags/example_xcom.py
[2025-12-13T10:43:37.957+0000] {processor.py:914} INFO - Processing file /home/airflow/.local/lib/python3.12/site-packages/airflow/example_dags/example_xcom.py for tasks to queue
[2025-12-13T10:43:37.961+0000] {logging_mixin.py:190} INFO - [2025-12-13T10:43:37.960+0000] {dagbag.py:588} INFO - Filling up the DagBag from /home/airflow/.local/lib/python3.12/site-packages/airflow/example_dags/example_xcom.py
[2025-12-13T10:43:37.976+0000] {processor.py:925} INFO - DAG(s) 'example_xcom' retrieved from /home/airflow/.local/lib/python3.12/site-packages/airflow/example_dags/example_xcom.py
[2025-12-13T10:43:38.010+0000] {logging_mixin.py:190} INFO - [2025-12-13T10:43:38.010+0000] {dag.py:3239} INFO - Sync 1 DAGs
[2025-12-13T10:43:38.049+0000] {logging_mixin.py:190} INFO - [2025-12-13T10:43:38.049+0000] {dag.py:4180} INFO - Setting next_dagrun for example_xcom to 2021-01-01 00:00:00+00:00, run_after=2021-01-01 00:00:00+00:00
[2025-12-13T10:43:38.088+0000] {processor.py:208} INFO - Processing /home/airflow/.local/lib/python3.12/site-packages/airflow/example_dags/example_xcom.py took 0.144 seconds
[2025-12-13T10:44:09.792+0000] {processor.py:186} INFO - Started process (PID=3503) to work on /home/airflow/.local/lib/python3.12/site-packages/airflow/example_dags/example_xcom.py
[2025-12-13T10:44:09.796+0000] {processor.py:914} INFO - Processing file /home/airflow/.local/lib/python3.12/site-packages/airflow/example_dags/example_xcom.py for tasks to queue
[2025-12-13T10:44:09.808+0000] {logging_mixin.py:190} INFO - [2025-12-13T10:44:09.806+0000] {dagbag.py:588} INFO - Filling up the DagBag from /home/airflow/.local/lib/python3.12/site-packages/airflow/example_dags/example_xcom.py
[2025-12-13T10:44:09.862+0000] {processor.py:925} INFO - DAG(s) 'example_xcom' retrieved from /home/airflow/.local/lib/python3.12/site-packages/airflow/example_dags/example_xcom.py
[2025-12-13T10:44:10.004+0000] {logging_mixin.py:190} INFO - [2025-12-13T10:44:10.003+0000] {dag.py:3239} INFO - Sync 1 DAGs
[2025-12-13T10:44:10.130+0000] {logging_mixin.py:190} INFO - [2025-12-13T10:44:10.129+0000] {dag.py:4180} INFO - Setting next_dagrun for example_xcom to 2021-01-01 00:00:00+00:00, run_after=2021-01-01 00:00:00+00:00
[2025-12-13T10:44:10.231+0000] {processor.py:208} INFO - Processing /home/airflow/.local/lib/python3.12/site-packages/airflow/example_dags/example_xcom.py took 0.467 seconds
[2025-12-13T10:44:40.555+0000] {processor.py:186} INFO - Started process (PID=3565) to work on /home/airflow/.local/lib/python3.12/site-packages/airflow/example_dags/example_xcom.py
[2025-12-13T10:44:40.559+0000] {processor.py:914} INFO - Processing file /home/airflow/.local/lib/python3.12/site-packages/airflow/example_dags/example_xcom.py for tasks to queue
[2025-12-13T10:44:40.577+0000] {logging_mixin.py:190} INFO - [2025-12-13T10:44:40.576+0000] {dagbag.py:588} INFO - Filling up the DagBag from /home/airflow/.local/lib/python3.12/site-packages/airflow/example_dags/example_xcom.py
[2025-12-13T10:44:40.620+0000] {processor.py:925} INFO - DAG(s) 'example_xcom' retrieved from /home/airflow/.local/lib/python3.12/site-packages/airflow/example_dags/example_xcom.py
[2025-12-13T10:44:40.755+0000] {logging_mixin.py:190} INFO - [2025-12-13T10:44:40.755+0000] {dag.py:3239} INFO - Sync 1 DAGs
[2025-12-13T10:44:40.909+0000] {logging_mixin.py:190} INFO - [2025-12-13T10:44:40.908+0000] {dag.py:4180} INFO - Setting next_dagrun for example_xcom to 2021-01-01 00:00:00+00:00, run_after=2021-01-01 00:00:00+00:00
[2025-12-13T10:44:40.998+0000] {processor.py:208} INFO - Processing /home/airflow/.local/lib/python3.12/site-packages/airflow/example_dags/example_xcom.py took 0.485 seconds
[2025-12-13T10:45:11.683+0000] {processor.py:186} INFO - Started process (PID=3628) to work on /home/airflow/.local/lib/python3.12/site-packages/airflow/example_dags/example_xcom.py
[2025-12-13T10:45:11.685+0000] {processor.py:914} INFO - Processing file /home/airflow/.local/lib/python3.12/site-packages/airflow/example_dags/example_xcom.py for tasks to queue
[2025-12-13T10:45:11.691+0000] {logging_mixin.py:190} INFO - [2025-12-13T10:45:11.689+0000] {dagbag.py:588} INFO - Filling up the DagBag from /home/airflow/.local/lib/python3.12/site-packages/airflow/example_dags/example_xcom.py
[2025-12-13T10:45:11.708+0000] {processor.py:925} INFO - DAG(s) 'example_xcom' retrieved from /home/airflow/.local/lib/python3.12/site-packages/airflow/example_dags/example_xcom.py
[2025-12-13T10:45:11.744+0000] {logging_mixin.py:190} INFO - [2025-12-13T10:45:11.743+0000] {dag.py:3239} INFO - Sync 1 DAGs
[2025-12-13T10:45:11.790+0000] {logging_mixin.py:190} INFO - [2025-12-13T10:45:11.790+0000] {dag.py:4180} INFO - Setting next_dagrun for example_xcom to 2021-01-01 00:00:00+00:00, run_after=2021-01-01 00:00:00+00:00
[2025-12-13T10:45:11.823+0000] {processor.py:208} INFO - Processing /home/airflow/.local/lib/python3.12/site-packages/airflow/example_dags/example_xcom.py took 0.153 seconds
[2025-12-13T10:45:42.531+0000] {processor.py:186} INFO - Started process (PID=3691) to work on /home/airflow/.local/lib/python3.12/site-packages/airflow/example_dags/example_xcom.py
[2025-12-13T10:45:42.532+0000] {processor.py:914} INFO - Processing file /home/airflow/.local/lib/python3.12/site-packages/airflow/example_dags/example_xcom.py for tasks to queue
[2025-12-13T10:45:42.534+0000] {logging_mixin.py:190} INFO - [2025-12-13T10:45:42.534+0000] {dagbag.py:588} INFO - Filling up the DagBag from /home/airflow/.local/lib/python3.12/site-packages/airflow/example_dags/example_xcom.py
[2025-12-13T10:45:42.550+0000] {processor.py:925} INFO - DAG(s) 'example_xcom' retrieved from /home/airflow/.local/lib/python3.12/site-packages/airflow/example_dags/example_xcom.py
[2025-12-13T10:45:42.589+0000] {logging_mixin.py:190} INFO - [2025-12-13T10:45:42.589+0000] {dag.py:3239} INFO - Sync 1 DAGs
[2025-12-13T10:45:42.628+0000] {logging_mixin.py:190} INFO - [2025-12-13T10:45:42.628+0000] {dag.py:4180} INFO - Setting next_dagrun for example_xcom to 2021-01-01 00:00:00+00:00, run_after=2021-01-01 00:00:00+00:00
[2025-12-13T10:45:42.655+0000] {processor.py:208} INFO - Processing /home/airflow/.local/lib/python3.12/site-packages/airflow/example_dags/example_xcom.py took 0.136 seconds
[2025-12-13T10:46:13.147+0000] {processor.py:186} INFO - Started process (PID=3754) to work on /home/airflow/.local/lib/python3.12/site-packages/airflow/example_dags/example_xcom.py
[2025-12-13T10:46:13.150+0000] {processor.py:914} INFO - Processing file /home/airflow/.local/lib/python3.12/site-packages/airflow/example_dags/example_xcom.py for tasks to queue
[2025-12-13T10:46:13.154+0000] {logging_mixin.py:190} INFO - [2025-12-13T10:46:13.153+0000] {dagbag.py:588} INFO - Filling up the DagBag from /home/airflow/.local/lib/python3.12/site-packages/airflow/example_dags/example_xcom.py
[2025-12-13T10:46:13.171+0000] {processor.py:925} INFO - DAG(s) 'example_xcom' retrieved from /home/airflow/.local/lib/python3.12/site-packages/airflow/example_dags/example_xcom.py
[2025-12-13T10:46:13.203+0000] {logging_mixin.py:190} INFO - [2025-12-13T10:46:13.202+0000] {dag.py:3239} INFO - Sync 1 DAGs
[2025-12-13T10:46:13.232+0000] {logging_mixin.py:190} INFO - [2025-12-13T10:46:13.232+0000] {dag.py:4180} INFO - Setting next_dagrun for example_xcom to 2021-01-01 00:00:00+00:00, run_after=2021-01-01 00:00:00+00:00
[2025-12-13T10:46:13.258+0000] {processor.py:208} INFO - Processing /home/airflow/.local/lib/python3.12/site-packages/airflow/example_dags/example_xcom.py took 0.119 seconds
[2025-12-13T10:46:43.411+0000] {processor.py:186} INFO - Started process (PID=3817) to work on /home/airflow/.local/lib/python3.12/site-packages/airflow/example_dags/example_xcom.py
[2025-12-13T10:46:43.412+0000] {processor.py:914} INFO - Processing file /home/airflow/.local/lib/python3.12/site-packages/airflow/example_dags/example_xcom.py for tasks to queue
[2025-12-13T10:46:43.417+0000] {logging_mixin.py:190} INFO - [2025-12-13T10:46:43.416+0000] {dagbag.py:588} INFO - Filling up the DagBag from /home/airflow/.local/lib/python3.12/site-packages/airflow/example_dags/example_xcom.py
[2025-12-13T10:46:43.451+0000] {processor.py:925} INFO - DAG(s) 'example_xcom' retrieved from /home/airflow/.local/lib/python3.12/site-packages/airflow/example_dags/example_xcom.py
[2025-12-13T10:46:43.502+0000] {logging_mixin.py:190} INFO - [2025-12-13T10:46:43.502+0000] {dag.py:3239} INFO - Sync 1 DAGs
[2025-12-13T10:46:43.553+0000] {logging_mixin.py:190} INFO - [2025-12-13T10:46:43.553+0000] {dag.py:4180} INFO - Setting next_dagrun for example_xcom to 2021-01-01 00:00:00+00:00, run_after=2021-01-01 00:00:00+00:00
[2025-12-13T10:46:43.596+0000] {processor.py:208} INFO - Processing /home/airflow/.local/lib/python3.12/site-packages/airflow/example_dags/example_xcom.py took 0.203 seconds
