[2025-12-13T10:16:17.587+0000] {processor.py:186} INFO - Started process (PID=111) to work on /home/airflow/.local/lib/python3.12/site-packages/airflow/example_dags/example_task_group_decorator.py
[2025-12-13T10:16:17.588+0000] {processor.py:914} INFO - Processing file /home/airflow/.local/lib/python3.12/site-packages/airflow/example_dags/example_task_group_decorator.py for tasks to queue
[2025-12-13T10:16:17.593+0000] {logging_mixin.py:190} INFO - [2025-12-13T10:16:17.592+0000] {dagbag.py:588} INFO - Filling up the DagBag from /home/airflow/.local/lib/python3.12/site-packages/airflow/example_dags/example_task_group_decorator.py
[2025-12-13T10:16:17.657+0000] {processor.py:925} INFO - DAG(s) 'example_task_group_decorator' retrieved from /home/airflow/.local/lib/python3.12/site-packages/airflow/example_dags/example_task_group_decorator.py
[2025-12-13T10:16:17.954+0000] {logging_mixin.py:190} INFO - [2025-12-13T10:16:17.953+0000] {override.py:1911} INFO - Created Permission View: can edit on DAG:example_task_group_decorator
[2025-12-13T10:16:17.970+0000] {logging_mixin.py:190} INFO - [2025-12-13T10:16:17.969+0000] {override.py:1911} INFO - Created Permission View: can delete on DAG:example_task_group_decorator
[2025-12-13T10:16:17.980+0000] {logging_mixin.py:190} INFO - [2025-12-13T10:16:17.980+0000] {override.py:1911} INFO - Created Permission View: can read on DAG:example_task_group_decorator
[2025-12-13T10:16:17.990+0000] {logging_mixin.py:190} INFO - [2025-12-13T10:16:17.990+0000] {override.py:1911} INFO - Created Permission View: can create on DAG Run:example_task_group_decorator
[2025-12-13T10:16:18.000+0000] {logging_mixin.py:190} INFO - [2025-12-13T10:16:18.000+0000] {override.py:1911} INFO - Created Permission View: can delete on DAG Run:example_task_group_decorator
[2025-12-13T10:16:18.012+0000] {logging_mixin.py:190} INFO - [2025-12-13T10:16:18.011+0000] {override.py:1911} INFO - Created Permission View: menu access on DAG Run:example_task_group_decorator
[2025-12-13T10:16:18.022+0000] {logging_mixin.py:190} INFO - [2025-12-13T10:16:18.021+0000] {override.py:1911} INFO - Created Permission View: can read on DAG Run:example_task_group_decorator
[2025-12-13T10:16:18.023+0000] {logging_mixin.py:190} INFO - [2025-12-13T10:16:18.022+0000] {dag.py:3239} INFO - Sync 1 DAGs
[2025-12-13T10:16:18.049+0000] {logging_mixin.py:190} INFO - [2025-12-13T10:16:18.049+0000] {dag.py:3262} INFO - Creating ORM DAG for example_task_group_decorator
[2025-12-13T10:16:18.050+0000] {logging_mixin.py:190} INFO - [2025-12-13T10:16:18.050+0000] {dag.py:4180} INFO - Setting next_dagrun for example_task_group_decorator to None, run_after=None
[2025-12-13T10:16:18.081+0000] {processor.py:208} INFO - Processing /home/airflow/.local/lib/python3.12/site-packages/airflow/example_dags/example_task_group_decorator.py took 0.510 seconds
[2025-12-13T10:16:48.191+0000] {processor.py:186} INFO - Started process (PID=173) to work on /home/airflow/.local/lib/python3.12/site-packages/airflow/example_dags/example_task_group_decorator.py
[2025-12-13T10:16:48.193+0000] {processor.py:914} INFO - Processing file /home/airflow/.local/lib/python3.12/site-packages/airflow/example_dags/example_task_group_decorator.py for tasks to queue
[2025-12-13T10:16:48.198+0000] {logging_mixin.py:190} INFO - [2025-12-13T10:16:48.198+0000] {dagbag.py:588} INFO - Filling up the DagBag from /home/airflow/.local/lib/python3.12/site-packages/airflow/example_dags/example_task_group_decorator.py
[2025-12-13T10:16:48.228+0000] {processor.py:925} INFO - DAG(s) 'example_task_group_decorator' retrieved from /home/airflow/.local/lib/python3.12/site-packages/airflow/example_dags/example_task_group_decorator.py
[2025-12-13T10:16:48.266+0000] {logging_mixin.py:190} INFO - [2025-12-13T10:16:48.266+0000] {dag.py:3239} INFO - Sync 1 DAGs
[2025-12-13T10:16:48.296+0000] {logging_mixin.py:190} INFO - [2025-12-13T10:16:48.296+0000] {dag.py:4180} INFO - Setting next_dagrun for example_task_group_decorator to None, run_after=None
[2025-12-13T10:16:48.327+0000] {processor.py:208} INFO - Processing /home/airflow/.local/lib/python3.12/site-packages/airflow/example_dags/example_task_group_decorator.py took 0.147 seconds
[2025-12-13T10:17:18.889+0000] {processor.py:186} INFO - Started process (PID=234) to work on /home/airflow/.local/lib/python3.12/site-packages/airflow/example_dags/example_task_group_decorator.py
[2025-12-13T10:17:18.890+0000] {processor.py:914} INFO - Processing file /home/airflow/.local/lib/python3.12/site-packages/airflow/example_dags/example_task_group_decorator.py for tasks to queue
[2025-12-13T10:17:18.895+0000] {logging_mixin.py:190} INFO - [2025-12-13T10:17:18.894+0000] {dagbag.py:588} INFO - Filling up the DagBag from /home/airflow/.local/lib/python3.12/site-packages/airflow/example_dags/example_task_group_decorator.py
[2025-12-13T10:17:18.922+0000] {processor.py:925} INFO - DAG(s) 'example_task_group_decorator' retrieved from /home/airflow/.local/lib/python3.12/site-packages/airflow/example_dags/example_task_group_decorator.py
[2025-12-13T10:17:18.961+0000] {logging_mixin.py:190} INFO - [2025-12-13T10:17:18.961+0000] {dag.py:3239} INFO - Sync 1 DAGs
[2025-12-13T10:17:18.984+0000] {logging_mixin.py:190} INFO - [2025-12-13T10:17:18.983+0000] {dag.py:4180} INFO - Setting next_dagrun for example_task_group_decorator to None, run_after=None
[2025-12-13T10:17:19.013+0000] {processor.py:208} INFO - Processing /home/airflow/.local/lib/python3.12/site-packages/airflow/example_dags/example_task_group_decorator.py took 0.134 seconds
[2025-12-13T10:17:49.245+0000] {processor.py:186} INFO - Started process (PID=297) to work on /home/airflow/.local/lib/python3.12/site-packages/airflow/example_dags/example_task_group_decorator.py
[2025-12-13T10:17:49.248+0000] {processor.py:914} INFO - Processing file /home/airflow/.local/lib/python3.12/site-packages/airflow/example_dags/example_task_group_decorator.py for tasks to queue
[2025-12-13T10:17:49.251+0000] {logging_mixin.py:190} INFO - [2025-12-13T10:17:49.251+0000] {dagbag.py:588} INFO - Filling up the DagBag from /home/airflow/.local/lib/python3.12/site-packages/airflow/example_dags/example_task_group_decorator.py
[2025-12-13T10:17:49.277+0000] {processor.py:925} INFO - DAG(s) 'example_task_group_decorator' retrieved from /home/airflow/.local/lib/python3.12/site-packages/airflow/example_dags/example_task_group_decorator.py
[2025-12-13T10:17:49.314+0000] {logging_mixin.py:190} INFO - [2025-12-13T10:17:49.314+0000] {dag.py:3239} INFO - Sync 1 DAGs
[2025-12-13T10:17:49.336+0000] {logging_mixin.py:190} INFO - [2025-12-13T10:17:49.336+0000] {dag.py:4180} INFO - Setting next_dagrun for example_task_group_decorator to None, run_after=None
[2025-12-13T10:17:49.364+0000] {processor.py:208} INFO - Processing /home/airflow/.local/lib/python3.12/site-packages/airflow/example_dags/example_task_group_decorator.py took 0.127 seconds
[2025-12-13T10:18:21.889+0000] {processor.py:186} INFO - Started process (PID=360) to work on /home/airflow/.local/lib/python3.12/site-packages/airflow/example_dags/example_task_group_decorator.py
[2025-12-13T10:18:21.891+0000] {processor.py:914} INFO - Processing file /home/airflow/.local/lib/python3.12/site-packages/airflow/example_dags/example_task_group_decorator.py for tasks to queue
[2025-12-13T10:18:21.903+0000] {logging_mixin.py:190} INFO - [2025-12-13T10:18:21.899+0000] {dagbag.py:588} INFO - Filling up the DagBag from /home/airflow/.local/lib/python3.12/site-packages/airflow/example_dags/example_task_group_decorator.py
[2025-12-13T10:18:21.960+0000] {processor.py:925} INFO - DAG(s) 'example_task_group_decorator' retrieved from /home/airflow/.local/lib/python3.12/site-packages/airflow/example_dags/example_task_group_decorator.py
[2025-12-13T10:18:22.014+0000] {logging_mixin.py:190} INFO - [2025-12-13T10:18:22.013+0000] {dag.py:3239} INFO - Sync 1 DAGs
[2025-12-13T10:18:22.050+0000] {logging_mixin.py:190} INFO - [2025-12-13T10:18:22.049+0000] {dag.py:4180} INFO - Setting next_dagrun for example_task_group_decorator to None, run_after=None
[2025-12-13T10:18:22.092+0000] {processor.py:208} INFO - Processing /home/airflow/.local/lib/python3.12/site-packages/airflow/example_dags/example_task_group_decorator.py took 0.270 seconds
[2025-12-13T10:18:52.915+0000] {processor.py:186} INFO - Started process (PID=423) to work on /home/airflow/.local/lib/python3.12/site-packages/airflow/example_dags/example_task_group_decorator.py
[2025-12-13T10:18:52.917+0000] {processor.py:914} INFO - Processing file /home/airflow/.local/lib/python3.12/site-packages/airflow/example_dags/example_task_group_decorator.py for tasks to queue
[2025-12-13T10:18:52.922+0000] {logging_mixin.py:190} INFO - [2025-12-13T10:18:52.922+0000] {dagbag.py:588} INFO - Filling up the DagBag from /home/airflow/.local/lib/python3.12/site-packages/airflow/example_dags/example_task_group_decorator.py
[2025-12-13T10:18:52.975+0000] {processor.py:925} INFO - DAG(s) 'example_task_group_decorator' retrieved from /home/airflow/.local/lib/python3.12/site-packages/airflow/example_dags/example_task_group_decorator.py
[2025-12-13T10:18:53.029+0000] {logging_mixin.py:190} INFO - [2025-12-13T10:18:53.029+0000] {dag.py:3239} INFO - Sync 1 DAGs
[2025-12-13T10:18:53.051+0000] {logging_mixin.py:190} INFO - [2025-12-13T10:18:53.050+0000] {dag.py:4180} INFO - Setting next_dagrun for example_task_group_decorator to None, run_after=None
[2025-12-13T10:18:53.082+0000] {processor.py:208} INFO - Processing /home/airflow/.local/lib/python3.12/site-packages/airflow/example_dags/example_task_group_decorator.py took 0.182 seconds
[2025-12-13T10:19:24.563+0000] {processor.py:186} INFO - Started process (PID=486) to work on /home/airflow/.local/lib/python3.12/site-packages/airflow/example_dags/example_task_group_decorator.py
[2025-12-13T10:19:24.565+0000] {processor.py:914} INFO - Processing file /home/airflow/.local/lib/python3.12/site-packages/airflow/example_dags/example_task_group_decorator.py for tasks to queue
[2025-12-13T10:19:24.568+0000] {logging_mixin.py:190} INFO - [2025-12-13T10:19:24.567+0000] {dagbag.py:588} INFO - Filling up the DagBag from /home/airflow/.local/lib/python3.12/site-packages/airflow/example_dags/example_task_group_decorator.py
[2025-12-13T10:19:24.616+0000] {processor.py:925} INFO - DAG(s) 'example_task_group_decorator' retrieved from /home/airflow/.local/lib/python3.12/site-packages/airflow/example_dags/example_task_group_decorator.py
[2025-12-13T10:19:24.677+0000] {logging_mixin.py:190} INFO - [2025-12-13T10:19:24.677+0000] {dag.py:3239} INFO - Sync 1 DAGs
[2025-12-13T10:19:24.717+0000] {logging_mixin.py:190} INFO - [2025-12-13T10:19:24.716+0000] {dag.py:4180} INFO - Setting next_dagrun for example_task_group_decorator to None, run_after=None
[2025-12-13T10:19:24.762+0000] {processor.py:208} INFO - Processing /home/airflow/.local/lib/python3.12/site-packages/airflow/example_dags/example_task_group_decorator.py took 0.214 seconds
[2025-12-13T10:19:55.646+0000] {processor.py:186} INFO - Started process (PID=549) to work on /home/airflow/.local/lib/python3.12/site-packages/airflow/example_dags/example_task_group_decorator.py
[2025-12-13T10:19:55.648+0000] {processor.py:914} INFO - Processing file /home/airflow/.local/lib/python3.12/site-packages/airflow/example_dags/example_task_group_decorator.py for tasks to queue
[2025-12-13T10:19:55.653+0000] {logging_mixin.py:190} INFO - [2025-12-13T10:19:55.652+0000] {dagbag.py:588} INFO - Filling up the DagBag from /home/airflow/.local/lib/python3.12/site-packages/airflow/example_dags/example_task_group_decorator.py
[2025-12-13T10:19:55.696+0000] {processor.py:925} INFO - DAG(s) 'example_task_group_decorator' retrieved from /home/airflow/.local/lib/python3.12/site-packages/airflow/example_dags/example_task_group_decorator.py
[2025-12-13T10:19:55.750+0000] {logging_mixin.py:190} INFO - [2025-12-13T10:19:55.749+0000] {dag.py:3239} INFO - Sync 1 DAGs
[2025-12-13T10:19:55.777+0000] {logging_mixin.py:190} INFO - [2025-12-13T10:19:55.776+0000] {dag.py:4180} INFO - Setting next_dagrun for example_task_group_decorator to None, run_after=None
[2025-12-13T10:19:55.807+0000] {processor.py:208} INFO - Processing /home/airflow/.local/lib/python3.12/site-packages/airflow/example_dags/example_task_group_decorator.py took 0.176 seconds
[2025-12-13T10:20:26.562+0000] {processor.py:186} INFO - Started process (PID=611) to work on /home/airflow/.local/lib/python3.12/site-packages/airflow/example_dags/example_task_group_decorator.py
[2025-12-13T10:20:26.565+0000] {processor.py:914} INFO - Processing file /home/airflow/.local/lib/python3.12/site-packages/airflow/example_dags/example_task_group_decorator.py for tasks to queue
[2025-12-13T10:20:26.571+0000] {logging_mixin.py:190} INFO - [2025-12-13T10:20:26.570+0000] {dagbag.py:588} INFO - Filling up the DagBag from /home/airflow/.local/lib/python3.12/site-packages/airflow/example_dags/example_task_group_decorator.py
[2025-12-13T10:20:26.630+0000] {processor.py:925} INFO - DAG(s) 'example_task_group_decorator' retrieved from /home/airflow/.local/lib/python3.12/site-packages/airflow/example_dags/example_task_group_decorator.py
[2025-12-13T10:20:26.701+0000] {logging_mixin.py:190} INFO - [2025-12-13T10:20:26.701+0000] {dag.py:3239} INFO - Sync 1 DAGs
[2025-12-13T10:20:26.741+0000] {logging_mixin.py:190} INFO - [2025-12-13T10:20:26.740+0000] {dag.py:4180} INFO - Setting next_dagrun for example_task_group_decorator to None, run_after=None
[2025-12-13T10:20:26.813+0000] {processor.py:208} INFO - Processing /home/airflow/.local/lib/python3.12/site-packages/airflow/example_dags/example_task_group_decorator.py took 0.302 seconds
[2025-12-13T10:20:57.036+0000] {processor.py:186} INFO - Started process (PID=673) to work on /home/airflow/.local/lib/python3.12/site-packages/airflow/example_dags/example_task_group_decorator.py
[2025-12-13T10:20:57.037+0000] {processor.py:914} INFO - Processing file /home/airflow/.local/lib/python3.12/site-packages/airflow/example_dags/example_task_group_decorator.py for tasks to queue
[2025-12-13T10:20:57.041+0000] {logging_mixin.py:190} INFO - [2025-12-13T10:20:57.040+0000] {dagbag.py:588} INFO - Filling up the DagBag from /home/airflow/.local/lib/python3.12/site-packages/airflow/example_dags/example_task_group_decorator.py
[2025-12-13T10:20:57.076+0000] {processor.py:925} INFO - DAG(s) 'example_task_group_decorator' retrieved from /home/airflow/.local/lib/python3.12/site-packages/airflow/example_dags/example_task_group_decorator.py
[2025-12-13T10:20:57.118+0000] {logging_mixin.py:190} INFO - [2025-12-13T10:20:57.118+0000] {dag.py:3239} INFO - Sync 1 DAGs
[2025-12-13T10:20:57.139+0000] {logging_mixin.py:190} INFO - [2025-12-13T10:20:57.139+0000] {dag.py:4180} INFO - Setting next_dagrun for example_task_group_decorator to None, run_after=None
[2025-12-13T10:20:57.167+0000] {processor.py:208} INFO - Processing /home/airflow/.local/lib/python3.12/site-packages/airflow/example_dags/example_task_group_decorator.py took 0.143 seconds
[2025-12-13T10:21:27.315+0000] {processor.py:186} INFO - Started process (PID=736) to work on /home/airflow/.local/lib/python3.12/site-packages/airflow/example_dags/example_task_group_decorator.py
[2025-12-13T10:21:27.321+0000] {processor.py:914} INFO - Processing file /home/airflow/.local/lib/python3.12/site-packages/airflow/example_dags/example_task_group_decorator.py for tasks to queue
[2025-12-13T10:21:27.340+0000] {logging_mixin.py:190} INFO - [2025-12-13T10:21:27.334+0000] {dagbag.py:588} INFO - Filling up the DagBag from /home/airflow/.local/lib/python3.12/site-packages/airflow/example_dags/example_task_group_decorator.py
[2025-12-13T10:21:27.393+0000] {processor.py:925} INFO - DAG(s) 'example_task_group_decorator' retrieved from /home/airflow/.local/lib/python3.12/site-packages/airflow/example_dags/example_task_group_decorator.py
[2025-12-13T10:21:27.521+0000] {logging_mixin.py:190} INFO - [2025-12-13T10:21:27.521+0000] {dag.py:3239} INFO - Sync 1 DAGs
[2025-12-13T10:21:27.588+0000] {logging_mixin.py:190} INFO - [2025-12-13T10:21:27.588+0000] {dag.py:4180} INFO - Setting next_dagrun for example_task_group_decorator to None, run_after=None
[2025-12-13T10:21:27.655+0000] {processor.py:208} INFO - Processing /home/airflow/.local/lib/python3.12/site-packages/airflow/example_dags/example_task_group_decorator.py took 0.398 seconds
[2025-12-13T10:21:58.365+0000] {processor.py:186} INFO - Started process (PID=799) to work on /home/airflow/.local/lib/python3.12/site-packages/airflow/example_dags/example_task_group_decorator.py
[2025-12-13T10:21:58.366+0000] {processor.py:914} INFO - Processing file /home/airflow/.local/lib/python3.12/site-packages/airflow/example_dags/example_task_group_decorator.py for tasks to queue
[2025-12-13T10:21:58.369+0000] {logging_mixin.py:190} INFO - [2025-12-13T10:21:58.368+0000] {dagbag.py:588} INFO - Filling up the DagBag from /home/airflow/.local/lib/python3.12/site-packages/airflow/example_dags/example_task_group_decorator.py
[2025-12-13T10:21:58.396+0000] {processor.py:925} INFO - DAG(s) 'example_task_group_decorator' retrieved from /home/airflow/.local/lib/python3.12/site-packages/airflow/example_dags/example_task_group_decorator.py
[2025-12-13T10:21:58.446+0000] {logging_mixin.py:190} INFO - [2025-12-13T10:21:58.446+0000] {dag.py:3239} INFO - Sync 1 DAGs
[2025-12-13T10:21:58.469+0000] {logging_mixin.py:190} INFO - [2025-12-13T10:21:58.469+0000] {dag.py:4180} INFO - Setting next_dagrun for example_task_group_decorator to None, run_after=None
[2025-12-13T10:21:58.496+0000] {processor.py:208} INFO - Processing /home/airflow/.local/lib/python3.12/site-packages/airflow/example_dags/example_task_group_decorator.py took 0.140 seconds
[2025-12-13T10:22:29.188+0000] {processor.py:186} INFO - Started process (PID=862) to work on /home/airflow/.local/lib/python3.12/site-packages/airflow/example_dags/example_task_group_decorator.py
[2025-12-13T10:22:29.189+0000] {processor.py:914} INFO - Processing file /home/airflow/.local/lib/python3.12/site-packages/airflow/example_dags/example_task_group_decorator.py for tasks to queue
[2025-12-13T10:22:29.193+0000] {logging_mixin.py:190} INFO - [2025-12-13T10:22:29.192+0000] {dagbag.py:588} INFO - Filling up the DagBag from /home/airflow/.local/lib/python3.12/site-packages/airflow/example_dags/example_task_group_decorator.py
[2025-12-13T10:22:29.227+0000] {processor.py:925} INFO - DAG(s) 'example_task_group_decorator' retrieved from /home/airflow/.local/lib/python3.12/site-packages/airflow/example_dags/example_task_group_decorator.py
[2025-12-13T10:22:29.281+0000] {logging_mixin.py:190} INFO - [2025-12-13T10:22:29.280+0000] {dag.py:3239} INFO - Sync 1 DAGs
[2025-12-13T10:22:29.308+0000] {logging_mixin.py:190} INFO - [2025-12-13T10:22:29.307+0000] {dag.py:4180} INFO - Setting next_dagrun for example_task_group_decorator to None, run_after=None
[2025-12-13T10:22:29.336+0000] {processor.py:208} INFO - Processing /home/airflow/.local/lib/python3.12/site-packages/airflow/example_dags/example_task_group_decorator.py took 0.160 seconds
[2025-12-13T10:22:59.689+0000] {processor.py:186} INFO - Started process (PID=925) to work on /home/airflow/.local/lib/python3.12/site-packages/airflow/example_dags/example_task_group_decorator.py
[2025-12-13T10:22:59.690+0000] {processor.py:914} INFO - Processing file /home/airflow/.local/lib/python3.12/site-packages/airflow/example_dags/example_task_group_decorator.py for tasks to queue
[2025-12-13T10:22:59.693+0000] {logging_mixin.py:190} INFO - [2025-12-13T10:22:59.692+0000] {dagbag.py:588} INFO - Filling up the DagBag from /home/airflow/.local/lib/python3.12/site-packages/airflow/example_dags/example_task_group_decorator.py
[2025-12-13T10:22:59.721+0000] {processor.py:925} INFO - DAG(s) 'example_task_group_decorator' retrieved from /home/airflow/.local/lib/python3.12/site-packages/airflow/example_dags/example_task_group_decorator.py
[2025-12-13T10:22:59.759+0000] {logging_mixin.py:190} INFO - [2025-12-13T10:22:59.759+0000] {dag.py:3239} INFO - Sync 1 DAGs
[2025-12-13T10:22:59.785+0000] {logging_mixin.py:190} INFO - [2025-12-13T10:22:59.785+0000] {dag.py:4180} INFO - Setting next_dagrun for example_task_group_decorator to None, run_after=None
[2025-12-13T10:22:59.814+0000] {processor.py:208} INFO - Processing /home/airflow/.local/lib/python3.12/site-packages/airflow/example_dags/example_task_group_decorator.py took 0.137 seconds
[2025-12-13T10:23:30.045+0000] {processor.py:186} INFO - Started process (PID=988) to work on /home/airflow/.local/lib/python3.12/site-packages/airflow/example_dags/example_task_group_decorator.py
[2025-12-13T10:23:30.046+0000] {processor.py:914} INFO - Processing file /home/airflow/.local/lib/python3.12/site-packages/airflow/example_dags/example_task_group_decorator.py for tasks to queue
[2025-12-13T10:23:30.049+0000] {logging_mixin.py:190} INFO - [2025-12-13T10:23:30.049+0000] {dagbag.py:588} INFO - Filling up the DagBag from /home/airflow/.local/lib/python3.12/site-packages/airflow/example_dags/example_task_group_decorator.py
[2025-12-13T10:23:30.075+0000] {processor.py:925} INFO - DAG(s) 'example_task_group_decorator' retrieved from /home/airflow/.local/lib/python3.12/site-packages/airflow/example_dags/example_task_group_decorator.py
[2025-12-13T10:23:30.117+0000] {logging_mixin.py:190} INFO - [2025-12-13T10:23:30.116+0000] {dag.py:3239} INFO - Sync 1 DAGs
[2025-12-13T10:23:30.138+0000] {logging_mixin.py:190} INFO - [2025-12-13T10:23:30.138+0000] {dag.py:4180} INFO - Setting next_dagrun for example_task_group_decorator to None, run_after=None
[2025-12-13T10:23:30.168+0000] {processor.py:208} INFO - Processing /home/airflow/.local/lib/python3.12/site-packages/airflow/example_dags/example_task_group_decorator.py took 0.132 seconds
[2025-12-13T10:24:00.682+0000] {processor.py:186} INFO - Started process (PID=1051) to work on /home/airflow/.local/lib/python3.12/site-packages/airflow/example_dags/example_task_group_decorator.py
[2025-12-13T10:24:00.683+0000] {processor.py:914} INFO - Processing file /home/airflow/.local/lib/python3.12/site-packages/airflow/example_dags/example_task_group_decorator.py for tasks to queue
[2025-12-13T10:24:00.687+0000] {logging_mixin.py:190} INFO - [2025-12-13T10:24:00.686+0000] {dagbag.py:588} INFO - Filling up the DagBag from /home/airflow/.local/lib/python3.12/site-packages/airflow/example_dags/example_task_group_decorator.py
[2025-12-13T10:24:00.724+0000] {processor.py:925} INFO - DAG(s) 'example_task_group_decorator' retrieved from /home/airflow/.local/lib/python3.12/site-packages/airflow/example_dags/example_task_group_decorator.py
[2025-12-13T10:24:00.788+0000] {logging_mixin.py:190} INFO - [2025-12-13T10:24:00.788+0000] {dag.py:3239} INFO - Sync 1 DAGs
[2025-12-13T10:24:00.821+0000] {logging_mixin.py:190} INFO - [2025-12-13T10:24:00.821+0000] {dag.py:4180} INFO - Setting next_dagrun for example_task_group_decorator to None, run_after=None
[2025-12-13T10:24:00.857+0000] {processor.py:208} INFO - Processing /home/airflow/.local/lib/python3.12/site-packages/airflow/example_dags/example_task_group_decorator.py took 0.187 seconds
[2025-12-13T10:24:31.538+0000] {processor.py:186} INFO - Started process (PID=1114) to work on /home/airflow/.local/lib/python3.12/site-packages/airflow/example_dags/example_task_group_decorator.py
[2025-12-13T10:24:31.539+0000] {processor.py:914} INFO - Processing file /home/airflow/.local/lib/python3.12/site-packages/airflow/example_dags/example_task_group_decorator.py for tasks to queue
[2025-12-13T10:24:31.543+0000] {logging_mixin.py:190} INFO - [2025-12-13T10:24:31.543+0000] {dagbag.py:588} INFO - Filling up the DagBag from /home/airflow/.local/lib/python3.12/site-packages/airflow/example_dags/example_task_group_decorator.py
[2025-12-13T10:24:31.574+0000] {processor.py:925} INFO - DAG(s) 'example_task_group_decorator' retrieved from /home/airflow/.local/lib/python3.12/site-packages/airflow/example_dags/example_task_group_decorator.py
[2025-12-13T10:24:31.627+0000] {logging_mixin.py:190} INFO - [2025-12-13T10:24:31.626+0000] {dag.py:3239} INFO - Sync 1 DAGs
[2025-12-13T10:24:31.657+0000] {logging_mixin.py:190} INFO - [2025-12-13T10:24:31.657+0000] {dag.py:4180} INFO - Setting next_dagrun for example_task_group_decorator to None, run_after=None
[2025-12-13T10:24:31.689+0000] {processor.py:208} INFO - Processing /home/airflow/.local/lib/python3.12/site-packages/airflow/example_dags/example_task_group_decorator.py took 0.163 seconds
[2025-12-13T10:25:01.810+0000] {processor.py:186} INFO - Started process (PID=1176) to work on /home/airflow/.local/lib/python3.12/site-packages/airflow/example_dags/example_task_group_decorator.py
[2025-12-13T10:25:01.812+0000] {processor.py:914} INFO - Processing file /home/airflow/.local/lib/python3.12/site-packages/airflow/example_dags/example_task_group_decorator.py for tasks to queue
[2025-12-13T10:25:01.815+0000] {logging_mixin.py:190} INFO - [2025-12-13T10:25:01.814+0000] {dagbag.py:588} INFO - Filling up the DagBag from /home/airflow/.local/lib/python3.12/site-packages/airflow/example_dags/example_task_group_decorator.py
[2025-12-13T10:25:01.839+0000] {processor.py:925} INFO - DAG(s) 'example_task_group_decorator' retrieved from /home/airflow/.local/lib/python3.12/site-packages/airflow/example_dags/example_task_group_decorator.py
[2025-12-13T10:25:01.878+0000] {logging_mixin.py:190} INFO - [2025-12-13T10:25:01.878+0000] {dag.py:3239} INFO - Sync 1 DAGs
[2025-12-13T10:25:01.900+0000] {logging_mixin.py:190} INFO - [2025-12-13T10:25:01.900+0000] {dag.py:4180} INFO - Setting next_dagrun for example_task_group_decorator to None, run_after=None
[2025-12-13T10:25:01.924+0000] {processor.py:208} INFO - Processing /home/airflow/.local/lib/python3.12/site-packages/airflow/example_dags/example_task_group_decorator.py took 0.123 seconds
[2025-12-13T10:25:32.469+0000] {processor.py:186} INFO - Started process (PID=1239) to work on /home/airflow/.local/lib/python3.12/site-packages/airflow/example_dags/example_task_group_decorator.py
[2025-12-13T10:25:32.470+0000] {processor.py:914} INFO - Processing file /home/airflow/.local/lib/python3.12/site-packages/airflow/example_dags/example_task_group_decorator.py for tasks to queue
[2025-12-13T10:25:32.475+0000] {logging_mixin.py:190} INFO - [2025-12-13T10:25:32.474+0000] {dagbag.py:588} INFO - Filling up the DagBag from /home/airflow/.local/lib/python3.12/site-packages/airflow/example_dags/example_task_group_decorator.py
[2025-12-13T10:25:32.507+0000] {processor.py:925} INFO - DAG(s) 'example_task_group_decorator' retrieved from /home/airflow/.local/lib/python3.12/site-packages/airflow/example_dags/example_task_group_decorator.py
[2025-12-13T10:25:32.553+0000] {logging_mixin.py:190} INFO - [2025-12-13T10:25:32.553+0000] {dag.py:3239} INFO - Sync 1 DAGs
[2025-12-13T10:25:32.580+0000] {logging_mixin.py:190} INFO - [2025-12-13T10:25:32.579+0000] {dag.py:4180} INFO - Setting next_dagrun for example_task_group_decorator to None, run_after=None
[2025-12-13T10:25:32.609+0000] {processor.py:208} INFO - Processing /home/airflow/.local/lib/python3.12/site-packages/airflow/example_dags/example_task_group_decorator.py took 0.149 seconds
[2025-12-13T10:26:03.030+0000] {processor.py:186} INFO - Started process (PID=1302) to work on /home/airflow/.local/lib/python3.12/site-packages/airflow/example_dags/example_task_group_decorator.py
[2025-12-13T10:26:03.031+0000] {processor.py:914} INFO - Processing file /home/airflow/.local/lib/python3.12/site-packages/airflow/example_dags/example_task_group_decorator.py for tasks to queue
[2025-12-13T10:26:03.037+0000] {logging_mixin.py:190} INFO - [2025-12-13T10:26:03.036+0000] {dagbag.py:588} INFO - Filling up the DagBag from /home/airflow/.local/lib/python3.12/site-packages/airflow/example_dags/example_task_group_decorator.py
[2025-12-13T10:26:03.078+0000] {processor.py:925} INFO - DAG(s) 'example_task_group_decorator' retrieved from /home/airflow/.local/lib/python3.12/site-packages/airflow/example_dags/example_task_group_decorator.py
[2025-12-13T10:26:03.121+0000] {logging_mixin.py:190} INFO - [2025-12-13T10:26:03.121+0000] {dag.py:3239} INFO - Sync 1 DAGs
[2025-12-13T10:26:03.146+0000] {logging_mixin.py:190} INFO - [2025-12-13T10:26:03.146+0000] {dag.py:4180} INFO - Setting next_dagrun for example_task_group_decorator to None, run_after=None
[2025-12-13T10:26:03.180+0000] {processor.py:208} INFO - Processing /home/airflow/.local/lib/python3.12/site-packages/airflow/example_dags/example_task_group_decorator.py took 0.163 seconds
[2025-12-13T10:26:33.389+0000] {processor.py:186} INFO - Started process (PID=1365) to work on /home/airflow/.local/lib/python3.12/site-packages/airflow/example_dags/example_task_group_decorator.py
[2025-12-13T10:26:33.390+0000] {processor.py:914} INFO - Processing file /home/airflow/.local/lib/python3.12/site-packages/airflow/example_dags/example_task_group_decorator.py for tasks to queue
[2025-12-13T10:26:33.396+0000] {logging_mixin.py:190} INFO - [2025-12-13T10:26:33.395+0000] {dagbag.py:588} INFO - Filling up the DagBag from /home/airflow/.local/lib/python3.12/site-packages/airflow/example_dags/example_task_group_decorator.py
[2025-12-13T10:26:33.442+0000] {processor.py:925} INFO - DAG(s) 'example_task_group_decorator' retrieved from /home/airflow/.local/lib/python3.12/site-packages/airflow/example_dags/example_task_group_decorator.py
[2025-12-13T10:26:33.501+0000] {logging_mixin.py:190} INFO - [2025-12-13T10:26:33.500+0000] {dag.py:3239} INFO - Sync 1 DAGs
[2025-12-13T10:26:33.532+0000] {logging_mixin.py:190} INFO - [2025-12-13T10:26:33.531+0000] {dag.py:4180} INFO - Setting next_dagrun for example_task_group_decorator to None, run_after=None
[2025-12-13T10:26:33.574+0000] {processor.py:208} INFO - Processing /home/airflow/.local/lib/python3.12/site-packages/airflow/example_dags/example_task_group_decorator.py took 0.198 seconds
[2025-12-13T10:27:04.262+0000] {processor.py:186} INFO - Started process (PID=1428) to work on /home/airflow/.local/lib/python3.12/site-packages/airflow/example_dags/example_task_group_decorator.py
[2025-12-13T10:27:04.263+0000] {processor.py:914} INFO - Processing file /home/airflow/.local/lib/python3.12/site-packages/airflow/example_dags/example_task_group_decorator.py for tasks to queue
[2025-12-13T10:27:04.267+0000] {logging_mixin.py:190} INFO - [2025-12-13T10:27:04.267+0000] {dagbag.py:588} INFO - Filling up the DagBag from /home/airflow/.local/lib/python3.12/site-packages/airflow/example_dags/example_task_group_decorator.py
[2025-12-13T10:27:04.311+0000] {processor.py:925} INFO - DAG(s) 'example_task_group_decorator' retrieved from /home/airflow/.local/lib/python3.12/site-packages/airflow/example_dags/example_task_group_decorator.py
[2025-12-13T10:27:04.395+0000] {logging_mixin.py:190} INFO - [2025-12-13T10:27:04.395+0000] {dag.py:3239} INFO - Sync 1 DAGs
[2025-12-13T10:27:04.474+0000] {logging_mixin.py:190} INFO - [2025-12-13T10:27:04.473+0000] {dag.py:4180} INFO - Setting next_dagrun for example_task_group_decorator to None, run_after=None
[2025-12-13T10:27:04.550+0000] {processor.py:208} INFO - Processing /home/airflow/.local/lib/python3.12/site-packages/airflow/example_dags/example_task_group_decorator.py took 0.302 seconds
[2025-12-13T10:27:34.888+0000] {processor.py:186} INFO - Started process (PID=1490) to work on /home/airflow/.local/lib/python3.12/site-packages/airflow/example_dags/example_task_group_decorator.py
[2025-12-13T10:27:34.893+0000] {processor.py:914} INFO - Processing file /home/airflow/.local/lib/python3.12/site-packages/airflow/example_dags/example_task_group_decorator.py for tasks to queue
[2025-12-13T10:27:34.912+0000] {logging_mixin.py:190} INFO - [2025-12-13T10:27:34.912+0000] {dagbag.py:588} INFO - Filling up the DagBag from /home/airflow/.local/lib/python3.12/site-packages/airflow/example_dags/example_task_group_decorator.py
[2025-12-13T10:27:34.996+0000] {processor.py:925} INFO - DAG(s) 'example_task_group_decorator' retrieved from /home/airflow/.local/lib/python3.12/site-packages/airflow/example_dags/example_task_group_decorator.py
[2025-12-13T10:27:35.143+0000] {logging_mixin.py:190} INFO - [2025-12-13T10:27:35.142+0000] {dag.py:3239} INFO - Sync 1 DAGs
[2025-12-13T10:27:35.235+0000] {logging_mixin.py:190} INFO - [2025-12-13T10:27:35.234+0000] {dag.py:4180} INFO - Setting next_dagrun for example_task_group_decorator to None, run_after=None
[2025-12-13T10:27:35.373+0000] {processor.py:208} INFO - Processing /home/airflow/.local/lib/python3.12/site-packages/airflow/example_dags/example_task_group_decorator.py took 0.513 seconds
[2025-12-13T10:28:05.967+0000] {processor.py:186} INFO - Started process (PID=1551) to work on /home/airflow/.local/lib/python3.12/site-packages/airflow/example_dags/example_task_group_decorator.py
[2025-12-13T10:28:05.968+0000] {processor.py:914} INFO - Processing file /home/airflow/.local/lib/python3.12/site-packages/airflow/example_dags/example_task_group_decorator.py for tasks to queue
[2025-12-13T10:28:05.974+0000] {logging_mixin.py:190} INFO - [2025-12-13T10:28:05.973+0000] {dagbag.py:588} INFO - Filling up the DagBag from /home/airflow/.local/lib/python3.12/site-packages/airflow/example_dags/example_task_group_decorator.py
[2025-12-13T10:28:06.005+0000] {processor.py:925} INFO - DAG(s) 'example_task_group_decorator' retrieved from /home/airflow/.local/lib/python3.12/site-packages/airflow/example_dags/example_task_group_decorator.py
[2025-12-13T10:28:06.047+0000] {logging_mixin.py:190} INFO - [2025-12-13T10:28:06.047+0000] {dag.py:3239} INFO - Sync 1 DAGs
[2025-12-13T10:28:06.071+0000] {logging_mixin.py:190} INFO - [2025-12-13T10:28:06.071+0000] {dag.py:4180} INFO - Setting next_dagrun for example_task_group_decorator to None, run_after=None
[2025-12-13T10:28:06.102+0000] {processor.py:208} INFO - Processing /home/airflow/.local/lib/python3.12/site-packages/airflow/example_dags/example_task_group_decorator.py took 0.146 seconds
[2025-12-13T10:28:47.191+0000] {processor.py:186} INFO - Started process (PID=1626) to work on /home/airflow/.local/lib/python3.12/site-packages/airflow/example_dags/example_task_group_decorator.py
[2025-12-13T10:28:47.202+0000] {processor.py:914} INFO - Processing file /home/airflow/.local/lib/python3.12/site-packages/airflow/example_dags/example_task_group_decorator.py for tasks to queue
[2025-12-13T10:28:47.222+0000] {logging_mixin.py:190} INFO - [2025-12-13T10:28:47.220+0000] {dagbag.py:588} INFO - Filling up the DagBag from /home/airflow/.local/lib/python3.12/site-packages/airflow/example_dags/example_task_group_decorator.py
[2025-12-13T10:28:47.269+0000] {processor.py:925} INFO - DAG(s) 'example_task_group_decorator' retrieved from /home/airflow/.local/lib/python3.12/site-packages/airflow/example_dags/example_task_group_decorator.py
[2025-12-13T10:28:47.386+0000] {logging_mixin.py:190} INFO - [2025-12-13T10:28:47.386+0000] {dag.py:3239} INFO - Sync 1 DAGs
[2025-12-13T10:28:47.464+0000] {logging_mixin.py:190} INFO - [2025-12-13T10:28:47.463+0000] {dag.py:4180} INFO - Setting next_dagrun for example_task_group_decorator to None, run_after=None
[2025-12-13T10:28:47.565+0000] {processor.py:208} INFO - Processing /home/airflow/.local/lib/python3.12/site-packages/airflow/example_dags/example_task_group_decorator.py took 0.390 seconds
[2025-12-13T10:29:18.798+0000] {processor.py:186} INFO - Started process (PID=1689) to work on /home/airflow/.local/lib/python3.12/site-packages/airflow/example_dags/example_task_group_decorator.py
[2025-12-13T10:29:18.799+0000] {processor.py:914} INFO - Processing file /home/airflow/.local/lib/python3.12/site-packages/airflow/example_dags/example_task_group_decorator.py for tasks to queue
[2025-12-13T10:29:18.803+0000] {logging_mixin.py:190} INFO - [2025-12-13T10:29:18.802+0000] {dagbag.py:588} INFO - Filling up the DagBag from /home/airflow/.local/lib/python3.12/site-packages/airflow/example_dags/example_task_group_decorator.py
[2025-12-13T10:29:18.830+0000] {processor.py:925} INFO - DAG(s) 'example_task_group_decorator' retrieved from /home/airflow/.local/lib/python3.12/site-packages/airflow/example_dags/example_task_group_decorator.py
[2025-12-13T10:29:18.872+0000] {logging_mixin.py:190} INFO - [2025-12-13T10:29:18.872+0000] {dag.py:3239} INFO - Sync 1 DAGs
[2025-12-13T10:29:18.898+0000] {logging_mixin.py:190} INFO - [2025-12-13T10:29:18.897+0000] {dag.py:4180} INFO - Setting next_dagrun for example_task_group_decorator to None, run_after=None
[2025-12-13T10:29:18.922+0000] {processor.py:208} INFO - Processing /home/airflow/.local/lib/python3.12/site-packages/airflow/example_dags/example_task_group_decorator.py took 0.135 seconds
[2025-12-13T10:29:50.024+0000] {processor.py:186} INFO - Started process (PID=1752) to work on /home/airflow/.local/lib/python3.12/site-packages/airflow/example_dags/example_task_group_decorator.py
[2025-12-13T10:29:50.025+0000] {processor.py:914} INFO - Processing file /home/airflow/.local/lib/python3.12/site-packages/airflow/example_dags/example_task_group_decorator.py for tasks to queue
[2025-12-13T10:29:50.029+0000] {logging_mixin.py:190} INFO - [2025-12-13T10:29:50.028+0000] {dagbag.py:588} INFO - Filling up the DagBag from /home/airflow/.local/lib/python3.12/site-packages/airflow/example_dags/example_task_group_decorator.py
[2025-12-13T10:29:50.059+0000] {processor.py:925} INFO - DAG(s) 'example_task_group_decorator' retrieved from /home/airflow/.local/lib/python3.12/site-packages/airflow/example_dags/example_task_group_decorator.py
[2025-12-13T10:29:50.104+0000] {logging_mixin.py:190} INFO - [2025-12-13T10:29:50.104+0000] {dag.py:3239} INFO - Sync 1 DAGs
[2025-12-13T10:29:50.133+0000] {logging_mixin.py:190} INFO - [2025-12-13T10:29:50.133+0000] {dag.py:4180} INFO - Setting next_dagrun for example_task_group_decorator to None, run_after=None
[2025-12-13T10:29:50.162+0000] {processor.py:208} INFO - Processing /home/airflow/.local/lib/python3.12/site-packages/airflow/example_dags/example_task_group_decorator.py took 0.147 seconds
[2025-12-13T10:30:21.989+0000] {processor.py:186} INFO - Started process (PID=1815) to work on /home/airflow/.local/lib/python3.12/site-packages/airflow/example_dags/example_task_group_decorator.py
[2025-12-13T10:30:21.994+0000] {processor.py:914} INFO - Processing file /home/airflow/.local/lib/python3.12/site-packages/airflow/example_dags/example_task_group_decorator.py for tasks to queue
[2025-12-13T10:30:22.001+0000] {logging_mixin.py:190} INFO - [2025-12-13T10:30:22.000+0000] {dagbag.py:588} INFO - Filling up the DagBag from /home/airflow/.local/lib/python3.12/site-packages/airflow/example_dags/example_task_group_decorator.py
[2025-12-13T10:30:22.045+0000] {processor.py:925} INFO - DAG(s) 'example_task_group_decorator' retrieved from /home/airflow/.local/lib/python3.12/site-packages/airflow/example_dags/example_task_group_decorator.py
[2025-12-13T10:30:22.106+0000] {logging_mixin.py:190} INFO - [2025-12-13T10:30:22.106+0000] {dag.py:3239} INFO - Sync 1 DAGs
[2025-12-13T10:30:22.142+0000] {logging_mixin.py:190} INFO - [2025-12-13T10:30:22.141+0000] {dag.py:4180} INFO - Setting next_dagrun for example_task_group_decorator to None, run_after=None
[2025-12-13T10:30:22.184+0000] {processor.py:208} INFO - Processing /home/airflow/.local/lib/python3.12/site-packages/airflow/example_dags/example_task_group_decorator.py took 0.207 seconds
[2025-12-13T10:30:55.073+0000] {processor.py:186} INFO - Started process (PID=1878) to work on /home/airflow/.local/lib/python3.12/site-packages/airflow/example_dags/example_task_group_decorator.py
[2025-12-13T10:30:55.076+0000] {processor.py:914} INFO - Processing file /home/airflow/.local/lib/python3.12/site-packages/airflow/example_dags/example_task_group_decorator.py for tasks to queue
[2025-12-13T10:30:55.089+0000] {logging_mixin.py:190} INFO - [2025-12-13T10:30:55.089+0000] {dagbag.py:588} INFO - Filling up the DagBag from /home/airflow/.local/lib/python3.12/site-packages/airflow/example_dags/example_task_group_decorator.py
[2025-12-13T10:30:55.159+0000] {processor.py:925} INFO - DAG(s) 'example_task_group_decorator' retrieved from /home/airflow/.local/lib/python3.12/site-packages/airflow/example_dags/example_task_group_decorator.py
[2025-12-13T10:30:55.237+0000] {logging_mixin.py:190} INFO - [2025-12-13T10:30:55.237+0000] {dag.py:3239} INFO - Sync 1 DAGs
[2025-12-13T10:30:55.273+0000] {logging_mixin.py:190} INFO - [2025-12-13T10:30:55.272+0000] {dag.py:4180} INFO - Setting next_dagrun for example_task_group_decorator to None, run_after=None
[2025-12-13T10:30:55.323+0000] {processor.py:208} INFO - Processing /home/airflow/.local/lib/python3.12/site-packages/airflow/example_dags/example_task_group_decorator.py took 0.278 seconds
[2025-12-13T10:31:27.416+0000] {processor.py:186} INFO - Started process (PID=1942) to work on /home/airflow/.local/lib/python3.12/site-packages/airflow/example_dags/example_task_group_decorator.py
[2025-12-13T10:31:27.417+0000] {processor.py:914} INFO - Processing file /home/airflow/.local/lib/python3.12/site-packages/airflow/example_dags/example_task_group_decorator.py for tasks to queue
[2025-12-13T10:31:27.423+0000] {logging_mixin.py:190} INFO - [2025-12-13T10:31:27.422+0000] {dagbag.py:588} INFO - Filling up the DagBag from /home/airflow/.local/lib/python3.12/site-packages/airflow/example_dags/example_task_group_decorator.py
[2025-12-13T10:31:27.473+0000] {processor.py:925} INFO - DAG(s) 'example_task_group_decorator' retrieved from /home/airflow/.local/lib/python3.12/site-packages/airflow/example_dags/example_task_group_decorator.py
[2025-12-13T10:31:27.525+0000] {logging_mixin.py:190} INFO - [2025-12-13T10:31:27.524+0000] {dag.py:3239} INFO - Sync 1 DAGs
[2025-12-13T10:31:27.553+0000] {logging_mixin.py:190} INFO - [2025-12-13T10:31:27.553+0000] {dag.py:4180} INFO - Setting next_dagrun for example_task_group_decorator to None, run_after=None
[2025-12-13T10:31:27.595+0000] {processor.py:208} INFO - Processing /home/airflow/.local/lib/python3.12/site-packages/airflow/example_dags/example_task_group_decorator.py took 0.190 seconds
[2025-12-13T10:31:59.117+0000] {processor.py:186} INFO - Started process (PID=2005) to work on /home/airflow/.local/lib/python3.12/site-packages/airflow/example_dags/example_task_group_decorator.py
[2025-12-13T10:31:59.119+0000] {processor.py:914} INFO - Processing file /home/airflow/.local/lib/python3.12/site-packages/airflow/example_dags/example_task_group_decorator.py for tasks to queue
[2025-12-13T10:31:59.124+0000] {logging_mixin.py:190} INFO - [2025-12-13T10:31:59.123+0000] {dagbag.py:588} INFO - Filling up the DagBag from /home/airflow/.local/lib/python3.12/site-packages/airflow/example_dags/example_task_group_decorator.py
[2025-12-13T10:31:59.157+0000] {processor.py:925} INFO - DAG(s) 'example_task_group_decorator' retrieved from /home/airflow/.local/lib/python3.12/site-packages/airflow/example_dags/example_task_group_decorator.py
[2025-12-13T10:31:59.217+0000] {logging_mixin.py:190} INFO - [2025-12-13T10:31:59.216+0000] {dag.py:3239} INFO - Sync 1 DAGs
[2025-12-13T10:31:59.248+0000] {logging_mixin.py:190} INFO - [2025-12-13T10:31:59.248+0000] {dag.py:4180} INFO - Setting next_dagrun for example_task_group_decorator to None, run_after=None
[2025-12-13T10:31:59.288+0000] {processor.py:208} INFO - Processing /home/airflow/.local/lib/python3.12/site-packages/airflow/example_dags/example_task_group_decorator.py took 0.183 seconds
[2025-12-13T10:32:30.651+0000] {processor.py:186} INFO - Started process (PID=2069) to work on /home/airflow/.local/lib/python3.12/site-packages/airflow/example_dags/example_task_group_decorator.py
[2025-12-13T10:32:30.653+0000] {processor.py:914} INFO - Processing file /home/airflow/.local/lib/python3.12/site-packages/airflow/example_dags/example_task_group_decorator.py for tasks to queue
[2025-12-13T10:32:30.658+0000] {logging_mixin.py:190} INFO - [2025-12-13T10:32:30.657+0000] {dagbag.py:588} INFO - Filling up the DagBag from /home/airflow/.local/lib/python3.12/site-packages/airflow/example_dags/example_task_group_decorator.py
[2025-12-13T10:32:30.697+0000] {processor.py:925} INFO - DAG(s) 'example_task_group_decorator' retrieved from /home/airflow/.local/lib/python3.12/site-packages/airflow/example_dags/example_task_group_decorator.py
[2025-12-13T10:32:30.757+0000] {logging_mixin.py:190} INFO - [2025-12-13T10:32:30.757+0000] {dag.py:3239} INFO - Sync 1 DAGs
[2025-12-13T10:32:30.791+0000] {logging_mixin.py:190} INFO - [2025-12-13T10:32:30.790+0000] {dag.py:4180} INFO - Setting next_dagrun for example_task_group_decorator to None, run_after=None
[2025-12-13T10:32:30.828+0000] {processor.py:208} INFO - Processing /home/airflow/.local/lib/python3.12/site-packages/airflow/example_dags/example_task_group_decorator.py took 0.188 seconds
[2025-12-13T10:33:01.610+0000] {processor.py:186} INFO - Started process (PID=2132) to work on /home/airflow/.local/lib/python3.12/site-packages/airflow/example_dags/example_task_group_decorator.py
[2025-12-13T10:33:01.611+0000] {processor.py:914} INFO - Processing file /home/airflow/.local/lib/python3.12/site-packages/airflow/example_dags/example_task_group_decorator.py for tasks to queue
[2025-12-13T10:33:01.616+0000] {logging_mixin.py:190} INFO - [2025-12-13T10:33:01.616+0000] {dagbag.py:588} INFO - Filling up the DagBag from /home/airflow/.local/lib/python3.12/site-packages/airflow/example_dags/example_task_group_decorator.py
[2025-12-13T10:33:01.656+0000] {processor.py:925} INFO - DAG(s) 'example_task_group_decorator' retrieved from /home/airflow/.local/lib/python3.12/site-packages/airflow/example_dags/example_task_group_decorator.py
[2025-12-13T10:33:01.713+0000] {logging_mixin.py:190} INFO - [2025-12-13T10:33:01.713+0000] {dag.py:3239} INFO - Sync 1 DAGs
[2025-12-13T10:33:01.745+0000] {logging_mixin.py:190} INFO - [2025-12-13T10:33:01.744+0000] {dag.py:4180} INFO - Setting next_dagrun for example_task_group_decorator to None, run_after=None
[2025-12-13T10:33:01.780+0000] {processor.py:208} INFO - Processing /home/airflow/.local/lib/python3.12/site-packages/airflow/example_dags/example_task_group_decorator.py took 0.185 seconds
[2025-12-13T10:33:31.930+0000] {processor.py:186} INFO - Started process (PID=2194) to work on /home/airflow/.local/lib/python3.12/site-packages/airflow/example_dags/example_task_group_decorator.py
[2025-12-13T10:33:31.931+0000] {processor.py:914} INFO - Processing file /home/airflow/.local/lib/python3.12/site-packages/airflow/example_dags/example_task_group_decorator.py for tasks to queue
[2025-12-13T10:33:31.938+0000] {logging_mixin.py:190} INFO - [2025-12-13T10:33:31.937+0000] {dagbag.py:588} INFO - Filling up the DagBag from /home/airflow/.local/lib/python3.12/site-packages/airflow/example_dags/example_task_group_decorator.py
[2025-12-13T10:33:31.977+0000] {processor.py:925} INFO - DAG(s) 'example_task_group_decorator' retrieved from /home/airflow/.local/lib/python3.12/site-packages/airflow/example_dags/example_task_group_decorator.py
[2025-12-13T10:33:32.036+0000] {logging_mixin.py:190} INFO - [2025-12-13T10:33:32.035+0000] {dag.py:3239} INFO - Sync 1 DAGs
[2025-12-13T10:33:32.063+0000] {logging_mixin.py:190} INFO - [2025-12-13T10:33:32.063+0000] {dag.py:4180} INFO - Setting next_dagrun for example_task_group_decorator to None, run_after=None
[2025-12-13T10:33:32.094+0000] {processor.py:208} INFO - Processing /home/airflow/.local/lib/python3.12/site-packages/airflow/example_dags/example_task_group_decorator.py took 0.180 seconds
[2025-12-13T10:34:02.261+0000] {processor.py:186} INFO - Started process (PID=2257) to work on /home/airflow/.local/lib/python3.12/site-packages/airflow/example_dags/example_task_group_decorator.py
[2025-12-13T10:34:02.265+0000] {processor.py:914} INFO - Processing file /home/airflow/.local/lib/python3.12/site-packages/airflow/example_dags/example_task_group_decorator.py for tasks to queue
[2025-12-13T10:34:02.272+0000] {logging_mixin.py:190} INFO - [2025-12-13T10:34:02.271+0000] {dagbag.py:588} INFO - Filling up the DagBag from /home/airflow/.local/lib/python3.12/site-packages/airflow/example_dags/example_task_group_decorator.py
[2025-12-13T10:34:02.435+0000] {processor.py:925} INFO - DAG(s) 'example_task_group_decorator' retrieved from /home/airflow/.local/lib/python3.12/site-packages/airflow/example_dags/example_task_group_decorator.py
[2025-12-13T10:34:02.540+0000] {logging_mixin.py:190} INFO - [2025-12-13T10:34:02.539+0000] {dag.py:3239} INFO - Sync 1 DAGs
[2025-12-13T10:34:02.581+0000] {logging_mixin.py:190} INFO - [2025-12-13T10:34:02.581+0000] {dag.py:4180} INFO - Setting next_dagrun for example_task_group_decorator to None, run_after=None
[2025-12-13T10:34:02.640+0000] {processor.py:208} INFO - Processing /home/airflow/.local/lib/python3.12/site-packages/airflow/example_dags/example_task_group_decorator.py took 0.396 seconds
[2025-12-13T10:34:33.072+0000] {processor.py:186} INFO - Started process (PID=2320) to work on /home/airflow/.local/lib/python3.12/site-packages/airflow/example_dags/example_task_group_decorator.py
[2025-12-13T10:34:33.073+0000] {processor.py:914} INFO - Processing file /home/airflow/.local/lib/python3.12/site-packages/airflow/example_dags/example_task_group_decorator.py for tasks to queue
[2025-12-13T10:34:33.076+0000] {logging_mixin.py:190} INFO - [2025-12-13T10:34:33.076+0000] {dagbag.py:588} INFO - Filling up the DagBag from /home/airflow/.local/lib/python3.12/site-packages/airflow/example_dags/example_task_group_decorator.py
[2025-12-13T10:34:33.110+0000] {processor.py:925} INFO - DAG(s) 'example_task_group_decorator' retrieved from /home/airflow/.local/lib/python3.12/site-packages/airflow/example_dags/example_task_group_decorator.py
[2025-12-13T10:34:33.167+0000] {logging_mixin.py:190} INFO - [2025-12-13T10:34:33.167+0000] {dag.py:3239} INFO - Sync 1 DAGs
[2025-12-13T10:34:33.197+0000] {logging_mixin.py:190} INFO - [2025-12-13T10:34:33.196+0000] {dag.py:4180} INFO - Setting next_dagrun for example_task_group_decorator to None, run_after=None
[2025-12-13T10:34:33.230+0000] {processor.py:208} INFO - Processing /home/airflow/.local/lib/python3.12/site-packages/airflow/example_dags/example_task_group_decorator.py took 0.170 seconds
[2025-12-13T10:35:03.842+0000] {processor.py:186} INFO - Started process (PID=2385) to work on /home/airflow/.local/lib/python3.12/site-packages/airflow/example_dags/example_task_group_decorator.py
[2025-12-13T10:35:03.843+0000] {processor.py:914} INFO - Processing file /home/airflow/.local/lib/python3.12/site-packages/airflow/example_dags/example_task_group_decorator.py for tasks to queue
[2025-12-13T10:35:03.847+0000] {logging_mixin.py:190} INFO - [2025-12-13T10:35:03.847+0000] {dagbag.py:588} INFO - Filling up the DagBag from /home/airflow/.local/lib/python3.12/site-packages/airflow/example_dags/example_task_group_decorator.py
[2025-12-13T10:35:03.873+0000] {processor.py:925} INFO - DAG(s) 'example_task_group_decorator' retrieved from /home/airflow/.local/lib/python3.12/site-packages/airflow/example_dags/example_task_group_decorator.py
[2025-12-13T10:35:03.916+0000] {logging_mixin.py:190} INFO - [2025-12-13T10:35:03.916+0000] {dag.py:3239} INFO - Sync 1 DAGs
[2025-12-13T10:35:03.946+0000] {logging_mixin.py:190} INFO - [2025-12-13T10:35:03.945+0000] {dag.py:4180} INFO - Setting next_dagrun for example_task_group_decorator to None, run_after=None
[2025-12-13T10:35:03.978+0000] {processor.py:208} INFO - Processing /home/airflow/.local/lib/python3.12/site-packages/airflow/example_dags/example_task_group_decorator.py took 0.144 seconds
[2025-12-13T10:35:34.048+0000] {processor.py:186} INFO - Started process (PID=2447) to work on /home/airflow/.local/lib/python3.12/site-packages/airflow/example_dags/example_task_group_decorator.py
[2025-12-13T10:35:34.049+0000] {processor.py:914} INFO - Processing file /home/airflow/.local/lib/python3.12/site-packages/airflow/example_dags/example_task_group_decorator.py for tasks to queue
[2025-12-13T10:35:34.052+0000] {logging_mixin.py:190} INFO - [2025-12-13T10:35:34.051+0000] {dagbag.py:588} INFO - Filling up the DagBag from /home/airflow/.local/lib/python3.12/site-packages/airflow/example_dags/example_task_group_decorator.py
[2025-12-13T10:35:34.078+0000] {processor.py:925} INFO - DAG(s) 'example_task_group_decorator' retrieved from /home/airflow/.local/lib/python3.12/site-packages/airflow/example_dags/example_task_group_decorator.py
[2025-12-13T10:35:34.121+0000] {logging_mixin.py:190} INFO - [2025-12-13T10:35:34.121+0000] {dag.py:3239} INFO - Sync 1 DAGs
[2025-12-13T10:35:34.145+0000] {logging_mixin.py:190} INFO - [2025-12-13T10:35:34.145+0000] {dag.py:4180} INFO - Setting next_dagrun for example_task_group_decorator to None, run_after=None
[2025-12-13T10:35:34.173+0000] {processor.py:208} INFO - Processing /home/airflow/.local/lib/python3.12/site-packages/airflow/example_dags/example_task_group_decorator.py took 0.133 seconds
[2025-12-13T10:36:05.108+0000] {processor.py:186} INFO - Started process (PID=2510) to work on /home/airflow/.local/lib/python3.12/site-packages/airflow/example_dags/example_task_group_decorator.py
[2025-12-13T10:36:05.110+0000] {processor.py:914} INFO - Processing file /home/airflow/.local/lib/python3.12/site-packages/airflow/example_dags/example_task_group_decorator.py for tasks to queue
[2025-12-13T10:36:05.123+0000] {logging_mixin.py:190} INFO - [2025-12-13T10:36:05.122+0000] {dagbag.py:588} INFO - Filling up the DagBag from /home/airflow/.local/lib/python3.12/site-packages/airflow/example_dags/example_task_group_decorator.py
[2025-12-13T10:36:05.283+0000] {processor.py:925} INFO - DAG(s) 'example_task_group_decorator' retrieved from /home/airflow/.local/lib/python3.12/site-packages/airflow/example_dags/example_task_group_decorator.py
[2025-12-13T10:36:05.476+0000] {logging_mixin.py:190} INFO - [2025-12-13T10:36:05.475+0000] {dag.py:3239} INFO - Sync 1 DAGs
[2025-12-13T10:36:05.568+0000] {logging_mixin.py:190} INFO - [2025-12-13T10:36:05.566+0000] {dag.py:4180} INFO - Setting next_dagrun for example_task_group_decorator to None, run_after=None
[2025-12-13T10:36:05.660+0000] {processor.py:208} INFO - Processing /home/airflow/.local/lib/python3.12/site-packages/airflow/example_dags/example_task_group_decorator.py took 0.571 seconds
[2025-12-13T10:36:35.798+0000] {processor.py:186} INFO - Started process (PID=2573) to work on /home/airflow/.local/lib/python3.12/site-packages/airflow/example_dags/example_task_group_decorator.py
[2025-12-13T10:36:35.799+0000] {processor.py:914} INFO - Processing file /home/airflow/.local/lib/python3.12/site-packages/airflow/example_dags/example_task_group_decorator.py for tasks to queue
[2025-12-13T10:36:35.804+0000] {logging_mixin.py:190} INFO - [2025-12-13T10:36:35.803+0000] {dagbag.py:588} INFO - Filling up the DagBag from /home/airflow/.local/lib/python3.12/site-packages/airflow/example_dags/example_task_group_decorator.py
[2025-12-13T10:36:35.831+0000] {processor.py:925} INFO - DAG(s) 'example_task_group_decorator' retrieved from /home/airflow/.local/lib/python3.12/site-packages/airflow/example_dags/example_task_group_decorator.py
[2025-12-13T10:36:35.881+0000] {logging_mixin.py:190} INFO - [2025-12-13T10:36:35.880+0000] {dag.py:3239} INFO - Sync 1 DAGs
[2025-12-13T10:36:35.906+0000] {logging_mixin.py:190} INFO - [2025-12-13T10:36:35.906+0000] {dag.py:4180} INFO - Setting next_dagrun for example_task_group_decorator to None, run_after=None
[2025-12-13T10:36:35.935+0000] {processor.py:208} INFO - Processing /home/airflow/.local/lib/python3.12/site-packages/airflow/example_dags/example_task_group_decorator.py took 0.149 seconds
[2025-12-13T10:37:06.877+0000] {processor.py:186} INFO - Started process (PID=2636) to work on /home/airflow/.local/lib/python3.12/site-packages/airflow/example_dags/example_task_group_decorator.py
[2025-12-13T10:37:06.880+0000] {processor.py:914} INFO - Processing file /home/airflow/.local/lib/python3.12/site-packages/airflow/example_dags/example_task_group_decorator.py for tasks to queue
[2025-12-13T10:37:06.885+0000] {logging_mixin.py:190} INFO - [2025-12-13T10:37:06.884+0000] {dagbag.py:588} INFO - Filling up the DagBag from /home/airflow/.local/lib/python3.12/site-packages/airflow/example_dags/example_task_group_decorator.py
[2025-12-13T10:37:06.922+0000] {processor.py:925} INFO - DAG(s) 'example_task_group_decorator' retrieved from /home/airflow/.local/lib/python3.12/site-packages/airflow/example_dags/example_task_group_decorator.py
[2025-12-13T10:37:06.976+0000] {logging_mixin.py:190} INFO - [2025-12-13T10:37:06.975+0000] {dag.py:3239} INFO - Sync 1 DAGs
[2025-12-13T10:37:07.009+0000] {logging_mixin.py:190} INFO - [2025-12-13T10:37:07.009+0000] {dag.py:4180} INFO - Setting next_dagrun for example_task_group_decorator to None, run_after=None
[2025-12-13T10:37:07.062+0000] {processor.py:208} INFO - Processing /home/airflow/.local/lib/python3.12/site-packages/airflow/example_dags/example_task_group_decorator.py took 0.200 seconds
[2025-12-13T10:37:37.871+0000] {processor.py:186} INFO - Started process (PID=2699) to work on /home/airflow/.local/lib/python3.12/site-packages/airflow/example_dags/example_task_group_decorator.py
[2025-12-13T10:37:37.872+0000] {processor.py:914} INFO - Processing file /home/airflow/.local/lib/python3.12/site-packages/airflow/example_dags/example_task_group_decorator.py for tasks to queue
[2025-12-13T10:37:37.877+0000] {logging_mixin.py:190} INFO - [2025-12-13T10:37:37.876+0000] {dagbag.py:588} INFO - Filling up the DagBag from /home/airflow/.local/lib/python3.12/site-packages/airflow/example_dags/example_task_group_decorator.py
[2025-12-13T10:37:37.915+0000] {processor.py:925} INFO - DAG(s) 'example_task_group_decorator' retrieved from /home/airflow/.local/lib/python3.12/site-packages/airflow/example_dags/example_task_group_decorator.py
[2025-12-13T10:37:37.972+0000] {logging_mixin.py:190} INFO - [2025-12-13T10:37:37.972+0000] {dag.py:3239} INFO - Sync 1 DAGs
[2025-12-13T10:37:38.005+0000] {logging_mixin.py:190} INFO - [2025-12-13T10:37:38.004+0000] {dag.py:4180} INFO - Setting next_dagrun for example_task_group_decorator to None, run_after=None
[2025-12-13T10:37:38.047+0000] {processor.py:208} INFO - Processing /home/airflow/.local/lib/python3.12/site-packages/airflow/example_dags/example_task_group_decorator.py took 0.188 seconds
[2025-12-13T10:38:08.206+0000] {processor.py:186} INFO - Started process (PID=2761) to work on /home/airflow/.local/lib/python3.12/site-packages/airflow/example_dags/example_task_group_decorator.py
[2025-12-13T10:38:08.208+0000] {processor.py:914} INFO - Processing file /home/airflow/.local/lib/python3.12/site-packages/airflow/example_dags/example_task_group_decorator.py for tasks to queue
[2025-12-13T10:38:08.213+0000] {logging_mixin.py:190} INFO - [2025-12-13T10:38:08.213+0000] {dagbag.py:588} INFO - Filling up the DagBag from /home/airflow/.local/lib/python3.12/site-packages/airflow/example_dags/example_task_group_decorator.py
[2025-12-13T10:38:08.280+0000] {processor.py:925} INFO - DAG(s) 'example_task_group_decorator' retrieved from /home/airflow/.local/lib/python3.12/site-packages/airflow/example_dags/example_task_group_decorator.py
[2025-12-13T10:38:08.347+0000] {logging_mixin.py:190} INFO - [2025-12-13T10:38:08.346+0000] {dag.py:3239} INFO - Sync 1 DAGs
[2025-12-13T10:38:08.389+0000] {logging_mixin.py:190} INFO - [2025-12-13T10:38:08.388+0000] {dag.py:4180} INFO - Setting next_dagrun for example_task_group_decorator to None, run_after=None
[2025-12-13T10:38:08.430+0000] {processor.py:208} INFO - Processing /home/airflow/.local/lib/python3.12/site-packages/airflow/example_dags/example_task_group_decorator.py took 0.241 seconds
[2025-12-13T10:38:39.489+0000] {processor.py:186} INFO - Started process (PID=2825) to work on /home/airflow/.local/lib/python3.12/site-packages/airflow/example_dags/example_task_group_decorator.py
[2025-12-13T10:38:39.493+0000] {processor.py:914} INFO - Processing file /home/airflow/.local/lib/python3.12/site-packages/airflow/example_dags/example_task_group_decorator.py for tasks to queue
[2025-12-13T10:38:39.502+0000] {logging_mixin.py:190} INFO - [2025-12-13T10:38:39.502+0000] {dagbag.py:588} INFO - Filling up the DagBag from /home/airflow/.local/lib/python3.12/site-packages/airflow/example_dags/example_task_group_decorator.py
[2025-12-13T10:38:39.563+0000] {processor.py:925} INFO - DAG(s) 'example_task_group_decorator' retrieved from /home/airflow/.local/lib/python3.12/site-packages/airflow/example_dags/example_task_group_decorator.py
[2025-12-13T10:38:39.655+0000] {logging_mixin.py:190} INFO - [2025-12-13T10:38:39.655+0000] {dag.py:3239} INFO - Sync 1 DAGs
[2025-12-13T10:38:40.154+0000] {logging_mixin.py:190} INFO - [2025-12-13T10:38:40.154+0000] {dag.py:4180} INFO - Setting next_dagrun for example_task_group_decorator to None, run_after=None
[2025-12-13T10:38:40.202+0000] {processor.py:208} INFO - Processing /home/airflow/.local/lib/python3.12/site-packages/airflow/example_dags/example_task_group_decorator.py took 0.732 seconds
[2025-12-13T10:39:10.388+0000] {processor.py:186} INFO - Started process (PID=2888) to work on /home/airflow/.local/lib/python3.12/site-packages/airflow/example_dags/example_task_group_decorator.py
[2025-12-13T10:39:10.389+0000] {processor.py:914} INFO - Processing file /home/airflow/.local/lib/python3.12/site-packages/airflow/example_dags/example_task_group_decorator.py for tasks to queue
[2025-12-13T10:39:10.395+0000] {logging_mixin.py:190} INFO - [2025-12-13T10:39:10.394+0000] {dagbag.py:588} INFO - Filling up the DagBag from /home/airflow/.local/lib/python3.12/site-packages/airflow/example_dags/example_task_group_decorator.py
[2025-12-13T10:39:10.434+0000] {processor.py:925} INFO - DAG(s) 'example_task_group_decorator' retrieved from /home/airflow/.local/lib/python3.12/site-packages/airflow/example_dags/example_task_group_decorator.py
[2025-12-13T10:39:10.491+0000] {logging_mixin.py:190} INFO - [2025-12-13T10:39:10.491+0000] {dag.py:3239} INFO - Sync 1 DAGs
[2025-12-13T10:39:10.526+0000] {logging_mixin.py:190} INFO - [2025-12-13T10:39:10.526+0000] {dag.py:4180} INFO - Setting next_dagrun for example_task_group_decorator to None, run_after=None
[2025-12-13T10:39:10.561+0000] {processor.py:208} INFO - Processing /home/airflow/.local/lib/python3.12/site-packages/airflow/example_dags/example_task_group_decorator.py took 0.185 seconds
[2025-12-13T10:39:40.625+0000] {processor.py:186} INFO - Started process (PID=2952) to work on /home/airflow/.local/lib/python3.12/site-packages/airflow/example_dags/example_task_group_decorator.py
[2025-12-13T10:39:40.626+0000] {processor.py:914} INFO - Processing file /home/airflow/.local/lib/python3.12/site-packages/airflow/example_dags/example_task_group_decorator.py for tasks to queue
[2025-12-13T10:39:40.631+0000] {logging_mixin.py:190} INFO - [2025-12-13T10:39:40.630+0000] {dagbag.py:588} INFO - Filling up the DagBag from /home/airflow/.local/lib/python3.12/site-packages/airflow/example_dags/example_task_group_decorator.py
[2025-12-13T10:39:40.659+0000] {processor.py:925} INFO - DAG(s) 'example_task_group_decorator' retrieved from /home/airflow/.local/lib/python3.12/site-packages/airflow/example_dags/example_task_group_decorator.py
[2025-12-13T10:39:40.715+0000] {logging_mixin.py:190} INFO - [2025-12-13T10:39:40.715+0000] {dag.py:3239} INFO - Sync 1 DAGs
[2025-12-13T10:39:40.741+0000] {logging_mixin.py:190} INFO - [2025-12-13T10:39:40.740+0000] {dag.py:4180} INFO - Setting next_dagrun for example_task_group_decorator to None, run_after=None
[2025-12-13T10:39:40.772+0000] {processor.py:208} INFO - Processing /home/airflow/.local/lib/python3.12/site-packages/airflow/example_dags/example_task_group_decorator.py took 0.159 seconds
[2025-12-13T10:40:10.953+0000] {processor.py:186} INFO - Started process (PID=3014) to work on /home/airflow/.local/lib/python3.12/site-packages/airflow/example_dags/example_task_group_decorator.py
[2025-12-13T10:40:10.954+0000] {processor.py:914} INFO - Processing file /home/airflow/.local/lib/python3.12/site-packages/airflow/example_dags/example_task_group_decorator.py for tasks to queue
[2025-12-13T10:40:10.958+0000] {logging_mixin.py:190} INFO - [2025-12-13T10:40:10.957+0000] {dagbag.py:588} INFO - Filling up the DagBag from /home/airflow/.local/lib/python3.12/site-packages/airflow/example_dags/example_task_group_decorator.py
[2025-12-13T10:40:10.988+0000] {processor.py:925} INFO - DAG(s) 'example_task_group_decorator' retrieved from /home/airflow/.local/lib/python3.12/site-packages/airflow/example_dags/example_task_group_decorator.py
[2025-12-13T10:40:11.030+0000] {logging_mixin.py:190} INFO - [2025-12-13T10:40:11.030+0000] {dag.py:3239} INFO - Sync 1 DAGs
[2025-12-13T10:40:11.057+0000] {logging_mixin.py:190} INFO - [2025-12-13T10:40:11.057+0000] {dag.py:4180} INFO - Setting next_dagrun for example_task_group_decorator to None, run_after=None
[2025-12-13T10:40:11.088+0000] {processor.py:208} INFO - Processing /home/airflow/.local/lib/python3.12/site-packages/airflow/example_dags/example_task_group_decorator.py took 0.145 seconds
[2025-12-13T10:40:41.478+0000] {processor.py:186} INFO - Started process (PID=3077) to work on /home/airflow/.local/lib/python3.12/site-packages/airflow/example_dags/example_task_group_decorator.py
[2025-12-13T10:40:41.480+0000] {processor.py:914} INFO - Processing file /home/airflow/.local/lib/python3.12/site-packages/airflow/example_dags/example_task_group_decorator.py for tasks to queue
[2025-12-13T10:40:41.483+0000] {logging_mixin.py:190} INFO - [2025-12-13T10:40:41.482+0000] {dagbag.py:588} INFO - Filling up the DagBag from /home/airflow/.local/lib/python3.12/site-packages/airflow/example_dags/example_task_group_decorator.py
[2025-12-13T10:40:41.515+0000] {processor.py:925} INFO - DAG(s) 'example_task_group_decorator' retrieved from /home/airflow/.local/lib/python3.12/site-packages/airflow/example_dags/example_task_group_decorator.py
[2025-12-13T10:40:41.567+0000] {logging_mixin.py:190} INFO - [2025-12-13T10:40:41.566+0000] {dag.py:3239} INFO - Sync 1 DAGs
[2025-12-13T10:40:41.603+0000] {logging_mixin.py:190} INFO - [2025-12-13T10:40:41.603+0000] {dag.py:4180} INFO - Setting next_dagrun for example_task_group_decorator to None, run_after=None
[2025-12-13T10:40:41.637+0000] {processor.py:208} INFO - Processing /home/airflow/.local/lib/python3.12/site-packages/airflow/example_dags/example_task_group_decorator.py took 0.170 seconds
[2025-12-13T10:41:11.907+0000] {processor.py:186} INFO - Started process (PID=3140) to work on /home/airflow/.local/lib/python3.12/site-packages/airflow/example_dags/example_task_group_decorator.py
[2025-12-13T10:41:11.908+0000] {processor.py:914} INFO - Processing file /home/airflow/.local/lib/python3.12/site-packages/airflow/example_dags/example_task_group_decorator.py for tasks to queue
[2025-12-13T10:41:11.911+0000] {logging_mixin.py:190} INFO - [2025-12-13T10:41:11.911+0000] {dagbag.py:588} INFO - Filling up the DagBag from /home/airflow/.local/lib/python3.12/site-packages/airflow/example_dags/example_task_group_decorator.py
[2025-12-13T10:41:11.938+0000] {processor.py:925} INFO - DAG(s) 'example_task_group_decorator' retrieved from /home/airflow/.local/lib/python3.12/site-packages/airflow/example_dags/example_task_group_decorator.py
[2025-12-13T10:41:11.986+0000] {logging_mixin.py:190} INFO - [2025-12-13T10:41:11.985+0000] {dag.py:3239} INFO - Sync 1 DAGs
[2025-12-13T10:41:12.010+0000] {logging_mixin.py:190} INFO - [2025-12-13T10:41:12.010+0000] {dag.py:4180} INFO - Setting next_dagrun for example_task_group_decorator to None, run_after=None
[2025-12-13T10:41:12.037+0000] {processor.py:208} INFO - Processing /home/airflow/.local/lib/python3.12/site-packages/airflow/example_dags/example_task_group_decorator.py took 0.139 seconds
[2025-12-13T10:41:42.806+0000] {processor.py:186} INFO - Started process (PID=3204) to work on /home/airflow/.local/lib/python3.12/site-packages/airflow/example_dags/example_task_group_decorator.py
[2025-12-13T10:41:42.807+0000] {processor.py:914} INFO - Processing file /home/airflow/.local/lib/python3.12/site-packages/airflow/example_dags/example_task_group_decorator.py for tasks to queue
[2025-12-13T10:41:42.812+0000] {logging_mixin.py:190} INFO - [2025-12-13T10:41:42.811+0000] {dagbag.py:588} INFO - Filling up the DagBag from /home/airflow/.local/lib/python3.12/site-packages/airflow/example_dags/example_task_group_decorator.py
[2025-12-13T10:41:42.858+0000] {processor.py:925} INFO - DAG(s) 'example_task_group_decorator' retrieved from /home/airflow/.local/lib/python3.12/site-packages/airflow/example_dags/example_task_group_decorator.py
[2025-12-13T10:41:42.915+0000] {logging_mixin.py:190} INFO - [2025-12-13T10:41:42.914+0000] {dag.py:3239} INFO - Sync 1 DAGs
[2025-12-13T10:41:42.949+0000] {logging_mixin.py:190} INFO - [2025-12-13T10:41:42.948+0000] {dag.py:4180} INFO - Setting next_dagrun for example_task_group_decorator to None, run_after=None
[2025-12-13T10:41:42.984+0000] {processor.py:208} INFO - Processing /home/airflow/.local/lib/python3.12/site-packages/airflow/example_dags/example_task_group_decorator.py took 0.191 seconds
[2025-12-13T10:42:13.753+0000] {processor.py:186} INFO - Started process (PID=3267) to work on /home/airflow/.local/lib/python3.12/site-packages/airflow/example_dags/example_task_group_decorator.py
[2025-12-13T10:42:13.755+0000] {processor.py:914} INFO - Processing file /home/airflow/.local/lib/python3.12/site-packages/airflow/example_dags/example_task_group_decorator.py for tasks to queue
[2025-12-13T10:42:13.763+0000] {logging_mixin.py:190} INFO - [2025-12-13T10:42:13.762+0000] {dagbag.py:588} INFO - Filling up the DagBag from /home/airflow/.local/lib/python3.12/site-packages/airflow/example_dags/example_task_group_decorator.py
[2025-12-13T10:42:13.798+0000] {processor.py:925} INFO - DAG(s) 'example_task_group_decorator' retrieved from /home/airflow/.local/lib/python3.12/site-packages/airflow/example_dags/example_task_group_decorator.py
[2025-12-13T10:42:13.856+0000] {logging_mixin.py:190} INFO - [2025-12-13T10:42:13.856+0000] {dag.py:3239} INFO - Sync 1 DAGs
[2025-12-13T10:42:13.896+0000] {logging_mixin.py:190} INFO - [2025-12-13T10:42:13.895+0000] {dag.py:4180} INFO - Setting next_dagrun for example_task_group_decorator to None, run_after=None
[2025-12-13T10:42:13.936+0000] {processor.py:208} INFO - Processing /home/airflow/.local/lib/python3.12/site-packages/airflow/example_dags/example_task_group_decorator.py took 0.206 seconds
[2025-12-13T10:42:44.495+0000] {processor.py:186} INFO - Started process (PID=3330) to work on /home/airflow/.local/lib/python3.12/site-packages/airflow/example_dags/example_task_group_decorator.py
[2025-12-13T10:42:44.496+0000] {processor.py:914} INFO - Processing file /home/airflow/.local/lib/python3.12/site-packages/airflow/example_dags/example_task_group_decorator.py for tasks to queue
[2025-12-13T10:42:44.500+0000] {logging_mixin.py:190} INFO - [2025-12-13T10:42:44.500+0000] {dagbag.py:588} INFO - Filling up the DagBag from /home/airflow/.local/lib/python3.12/site-packages/airflow/example_dags/example_task_group_decorator.py
[2025-12-13T10:42:44.541+0000] {processor.py:925} INFO - DAG(s) 'example_task_group_decorator' retrieved from /home/airflow/.local/lib/python3.12/site-packages/airflow/example_dags/example_task_group_decorator.py
[2025-12-13T10:42:44.592+0000] {logging_mixin.py:190} INFO - [2025-12-13T10:42:44.592+0000] {dag.py:3239} INFO - Sync 1 DAGs
[2025-12-13T10:42:44.625+0000] {logging_mixin.py:190} INFO - [2025-12-13T10:42:44.625+0000] {dag.py:4180} INFO - Setting next_dagrun for example_task_group_decorator to None, run_after=None
[2025-12-13T10:42:44.660+0000] {processor.py:208} INFO - Processing /home/airflow/.local/lib/python3.12/site-packages/airflow/example_dags/example_task_group_decorator.py took 0.177 seconds
[2025-12-13T10:43:15.424+0000] {processor.py:186} INFO - Started process (PID=3392) to work on /home/airflow/.local/lib/python3.12/site-packages/airflow/example_dags/example_task_group_decorator.py
[2025-12-13T10:43:15.429+0000] {processor.py:914} INFO - Processing file /home/airflow/.local/lib/python3.12/site-packages/airflow/example_dags/example_task_group_decorator.py for tasks to queue
[2025-12-13T10:43:15.436+0000] {logging_mixin.py:190} INFO - [2025-12-13T10:43:15.435+0000] {dagbag.py:588} INFO - Filling up the DagBag from /home/airflow/.local/lib/python3.12/site-packages/airflow/example_dags/example_task_group_decorator.py
[2025-12-13T10:43:15.508+0000] {processor.py:925} INFO - DAG(s) 'example_task_group_decorator' retrieved from /home/airflow/.local/lib/python3.12/site-packages/airflow/example_dags/example_task_group_decorator.py
[2025-12-13T10:43:15.616+0000] {logging_mixin.py:190} INFO - [2025-12-13T10:43:15.616+0000] {dag.py:3239} INFO - Sync 1 DAGs
[2025-12-13T10:43:15.681+0000] {logging_mixin.py:190} INFO - [2025-12-13T10:43:15.681+0000] {dag.py:4180} INFO - Setting next_dagrun for example_task_group_decorator to None, run_after=None
[2025-12-13T10:43:15.753+0000] {processor.py:208} INFO - Processing /home/airflow/.local/lib/python3.12/site-packages/airflow/example_dags/example_task_group_decorator.py took 0.350 seconds
[2025-12-13T10:43:45.892+0000] {processor.py:186} INFO - Started process (PID=3455) to work on /home/airflow/.local/lib/python3.12/site-packages/airflow/example_dags/example_task_group_decorator.py
[2025-12-13T10:43:45.894+0000] {processor.py:914} INFO - Processing file /home/airflow/.local/lib/python3.12/site-packages/airflow/example_dags/example_task_group_decorator.py for tasks to queue
[2025-12-13T10:43:45.898+0000] {logging_mixin.py:190} INFO - [2025-12-13T10:43:45.897+0000] {dagbag.py:588} INFO - Filling up the DagBag from /home/airflow/.local/lib/python3.12/site-packages/airflow/example_dags/example_task_group_decorator.py
[2025-12-13T10:43:45.934+0000] {processor.py:925} INFO - DAG(s) 'example_task_group_decorator' retrieved from /home/airflow/.local/lib/python3.12/site-packages/airflow/example_dags/example_task_group_decorator.py
[2025-12-13T10:43:45.985+0000] {logging_mixin.py:190} INFO - [2025-12-13T10:43:45.985+0000] {dag.py:3239} INFO - Sync 1 DAGs
[2025-12-13T10:43:46.016+0000] {logging_mixin.py:190} INFO - [2025-12-13T10:43:46.016+0000] {dag.py:4180} INFO - Setting next_dagrun for example_task_group_decorator to None, run_after=None
[2025-12-13T10:43:46.054+0000] {processor.py:208} INFO - Processing /home/airflow/.local/lib/python3.12/site-packages/airflow/example_dags/example_task_group_decorator.py took 0.174 seconds
[2025-12-13T10:44:18.144+0000] {processor.py:186} INFO - Started process (PID=3519) to work on /home/airflow/.local/lib/python3.12/site-packages/airflow/example_dags/example_task_group_decorator.py
[2025-12-13T10:44:18.151+0000] {processor.py:914} INFO - Processing file /home/airflow/.local/lib/python3.12/site-packages/airflow/example_dags/example_task_group_decorator.py for tasks to queue
[2025-12-13T10:44:18.166+0000] {logging_mixin.py:190} INFO - [2025-12-13T10:44:18.164+0000] {dagbag.py:588} INFO - Filling up the DagBag from /home/airflow/.local/lib/python3.12/site-packages/airflow/example_dags/example_task_group_decorator.py
[2025-12-13T10:44:18.250+0000] {processor.py:925} INFO - DAG(s) 'example_task_group_decorator' retrieved from /home/airflow/.local/lib/python3.12/site-packages/airflow/example_dags/example_task_group_decorator.py
[2025-12-13T10:44:18.390+0000] {logging_mixin.py:190} INFO - [2025-12-13T10:44:18.389+0000] {dag.py:3239} INFO - Sync 1 DAGs
[2025-12-13T10:44:18.474+0000] {logging_mixin.py:190} INFO - [2025-12-13T10:44:18.473+0000] {dag.py:4180} INFO - Setting next_dagrun for example_task_group_decorator to None, run_after=None
[2025-12-13T10:44:18.596+0000] {processor.py:208} INFO - Processing /home/airflow/.local/lib/python3.12/site-packages/airflow/example_dags/example_task_group_decorator.py took 0.502 seconds
[2025-12-13T10:44:50.010+0000] {processor.py:186} INFO - Started process (PID=3582) to work on /home/airflow/.local/lib/python3.12/site-packages/airflow/example_dags/example_task_group_decorator.py
[2025-12-13T10:44:50.012+0000] {processor.py:914} INFO - Processing file /home/airflow/.local/lib/python3.12/site-packages/airflow/example_dags/example_task_group_decorator.py for tasks to queue
[2025-12-13T10:44:50.017+0000] {logging_mixin.py:190} INFO - [2025-12-13T10:44:50.016+0000] {dagbag.py:588} INFO - Filling up the DagBag from /home/airflow/.local/lib/python3.12/site-packages/airflow/example_dags/example_task_group_decorator.py
[2025-12-13T10:44:50.071+0000] {processor.py:925} INFO - DAG(s) 'example_task_group_decorator' retrieved from /home/airflow/.local/lib/python3.12/site-packages/airflow/example_dags/example_task_group_decorator.py
[2025-12-13T10:44:50.152+0000] {logging_mixin.py:190} INFO - [2025-12-13T10:44:50.152+0000] {dag.py:3239} INFO - Sync 1 DAGs
[2025-12-13T10:44:50.202+0000] {logging_mixin.py:190} INFO - [2025-12-13T10:44:50.201+0000] {dag.py:4180} INFO - Setting next_dagrun for example_task_group_decorator to None, run_after=None
[2025-12-13T10:44:50.238+0000] {processor.py:208} INFO - Processing /home/airflow/.local/lib/python3.12/site-packages/airflow/example_dags/example_task_group_decorator.py took 0.243 seconds
[2025-12-13T10:45:20.434+0000] {processor.py:186} INFO - Started process (PID=3644) to work on /home/airflow/.local/lib/python3.12/site-packages/airflow/example_dags/example_task_group_decorator.py
[2025-12-13T10:45:20.436+0000] {processor.py:914} INFO - Processing file /home/airflow/.local/lib/python3.12/site-packages/airflow/example_dags/example_task_group_decorator.py for tasks to queue
[2025-12-13T10:45:20.439+0000] {logging_mixin.py:190} INFO - [2025-12-13T10:45:20.439+0000] {dagbag.py:588} INFO - Filling up the DagBag from /home/airflow/.local/lib/python3.12/site-packages/airflow/example_dags/example_task_group_decorator.py
[2025-12-13T10:45:20.472+0000] {processor.py:925} INFO - DAG(s) 'example_task_group_decorator' retrieved from /home/airflow/.local/lib/python3.12/site-packages/airflow/example_dags/example_task_group_decorator.py
[2025-12-13T10:45:20.531+0000] {logging_mixin.py:190} INFO - [2025-12-13T10:45:20.531+0000] {dag.py:3239} INFO - Sync 1 DAGs
[2025-12-13T10:45:20.566+0000] {logging_mixin.py:190} INFO - [2025-12-13T10:45:20.566+0000] {dag.py:4180} INFO - Setting next_dagrun for example_task_group_decorator to None, run_after=None
[2025-12-13T10:45:20.613+0000] {processor.py:208} INFO - Processing /home/airflow/.local/lib/python3.12/site-packages/airflow/example_dags/example_task_group_decorator.py took 0.195 seconds
[2025-12-13T10:45:50.732+0000] {processor.py:186} INFO - Started process (PID=3706) to work on /home/airflow/.local/lib/python3.12/site-packages/airflow/example_dags/example_task_group_decorator.py
[2025-12-13T10:45:50.734+0000] {processor.py:914} INFO - Processing file /home/airflow/.local/lib/python3.12/site-packages/airflow/example_dags/example_task_group_decorator.py for tasks to queue
[2025-12-13T10:45:50.739+0000] {logging_mixin.py:190} INFO - [2025-12-13T10:45:50.738+0000] {dagbag.py:588} INFO - Filling up the DagBag from /home/airflow/.local/lib/python3.12/site-packages/airflow/example_dags/example_task_group_decorator.py
[2025-12-13T10:45:50.768+0000] {processor.py:925} INFO - DAG(s) 'example_task_group_decorator' retrieved from /home/airflow/.local/lib/python3.12/site-packages/airflow/example_dags/example_task_group_decorator.py
[2025-12-13T10:45:50.819+0000] {logging_mixin.py:190} INFO - [2025-12-13T10:45:50.819+0000] {dag.py:3239} INFO - Sync 1 DAGs
[2025-12-13T10:45:50.846+0000] {logging_mixin.py:190} INFO - [2025-12-13T10:45:50.846+0000] {dag.py:4180} INFO - Setting next_dagrun for example_task_group_decorator to None, run_after=None
[2025-12-13T10:45:50.875+0000] {processor.py:208} INFO - Processing /home/airflow/.local/lib/python3.12/site-packages/airflow/example_dags/example_task_group_decorator.py took 0.156 seconds
[2025-12-13T10:46:21.378+0000] {processor.py:186} INFO - Started process (PID=3769) to work on /home/airflow/.local/lib/python3.12/site-packages/airflow/example_dags/example_task_group_decorator.py
[2025-12-13T10:46:21.380+0000] {processor.py:914} INFO - Processing file /home/airflow/.local/lib/python3.12/site-packages/airflow/example_dags/example_task_group_decorator.py for tasks to queue
[2025-12-13T10:46:21.387+0000] {logging_mixin.py:190} INFO - [2025-12-13T10:46:21.386+0000] {dagbag.py:588} INFO - Filling up the DagBag from /home/airflow/.local/lib/python3.12/site-packages/airflow/example_dags/example_task_group_decorator.py
[2025-12-13T10:46:21.443+0000] {processor.py:925} INFO - DAG(s) 'example_task_group_decorator' retrieved from /home/airflow/.local/lib/python3.12/site-packages/airflow/example_dags/example_task_group_decorator.py
[2025-12-13T10:46:21.493+0000] {logging_mixin.py:190} INFO - [2025-12-13T10:46:21.493+0000] {dag.py:3239} INFO - Sync 1 DAGs
[2025-12-13T10:46:21.521+0000] {logging_mixin.py:190} INFO - [2025-12-13T10:46:21.521+0000] {dag.py:4180} INFO - Setting next_dagrun for example_task_group_decorator to None, run_after=None
[2025-12-13T10:46:21.577+0000] {processor.py:208} INFO - Processing /home/airflow/.local/lib/python3.12/site-packages/airflow/example_dags/example_task_group_decorator.py took 0.221 seconds
[2025-12-13T10:46:51.769+0000] {processor.py:186} INFO - Started process (PID=3832) to work on /home/airflow/.local/lib/python3.12/site-packages/airflow/example_dags/example_task_group_decorator.py
[2025-12-13T10:46:51.770+0000] {processor.py:914} INFO - Processing file /home/airflow/.local/lib/python3.12/site-packages/airflow/example_dags/example_task_group_decorator.py for tasks to queue
[2025-12-13T10:46:51.775+0000] {logging_mixin.py:190} INFO - [2025-12-13T10:46:51.774+0000] {dagbag.py:588} INFO - Filling up the DagBag from /home/airflow/.local/lib/python3.12/site-packages/airflow/example_dags/example_task_group_decorator.py
[2025-12-13T10:46:51.815+0000] {processor.py:925} INFO - DAG(s) 'example_task_group_decorator' retrieved from /home/airflow/.local/lib/python3.12/site-packages/airflow/example_dags/example_task_group_decorator.py
[2025-12-13T10:46:51.884+0000] {logging_mixin.py:190} INFO - [2025-12-13T10:46:51.883+0000] {dag.py:3239} INFO - Sync 1 DAGs
[2025-12-13T10:46:51.915+0000] {logging_mixin.py:190} INFO - [2025-12-13T10:46:51.915+0000] {dag.py:4180} INFO - Setting next_dagrun for example_task_group_decorator to None, run_after=None
[2025-12-13T10:46:51.948+0000] {processor.py:208} INFO - Processing /home/airflow/.local/lib/python3.12/site-packages/airflow/example_dags/example_task_group_decorator.py took 0.191 seconds
