[2025-12-13T10:16:12.207+0000] {processor.py:186} INFO - Started process (PID=99) to work on /home/airflow/.local/lib/python3.12/site-packages/airflow/example_dags/example_sensors.py
[2025-12-13T10:16:12.208+0000] {processor.py:914} INFO - Processing file /home/airflow/.local/lib/python3.12/site-packages/airflow/example_dags/example_sensors.py for tasks to queue
[2025-12-13T10:16:12.212+0000] {logging_mixin.py:190} INFO - [2025-12-13T10:16:12.212+0000] {dagbag.py:588} INFO - Filling up the DagBag from /home/airflow/.local/lib/python3.12/site-packages/airflow/example_dags/example_sensors.py
[2025-12-13T10:16:12.252+0000] {processor.py:925} INFO - DAG(s) 'example_sensors' retrieved from /home/airflow/.local/lib/python3.12/site-packages/airflow/example_dags/example_sensors.py
[2025-12-13T10:16:12.882+0000] {logging_mixin.py:190} INFO - [2025-12-13T10:16:12.879+0000] {override.py:1911} INFO - Created Permission View: can edit on DAG:example_sensors
[2025-12-13T10:16:12.916+0000] {logging_mixin.py:190} INFO - [2025-12-13T10:16:12.916+0000] {override.py:1911} INFO - Created Permission View: can delete on DAG:example_sensors
[2025-12-13T10:16:12.940+0000] {logging_mixin.py:190} INFO - [2025-12-13T10:16:12.939+0000] {override.py:1911} INFO - Created Permission View: can read on DAG:example_sensors
[2025-12-13T10:16:12.960+0000] {logging_mixin.py:190} INFO - [2025-12-13T10:16:12.960+0000] {override.py:1911} INFO - Created Permission View: can create on DAG Run:example_sensors
[2025-12-13T10:16:12.999+0000] {logging_mixin.py:190} INFO - [2025-12-13T10:16:12.998+0000] {override.py:1911} INFO - Created Permission View: can delete on DAG Run:example_sensors
[2025-12-13T10:16:13.030+0000] {logging_mixin.py:190} INFO - [2025-12-13T10:16:13.029+0000] {override.py:1911} INFO - Created Permission View: menu access on DAG Run:example_sensors
[2025-12-13T10:16:13.051+0000] {logging_mixin.py:190} INFO - [2025-12-13T10:16:13.050+0000] {override.py:1911} INFO - Created Permission View: can read on DAG Run:example_sensors
[2025-12-13T10:16:13.052+0000] {logging_mixin.py:190} INFO - [2025-12-13T10:16:13.051+0000] {dag.py:3239} INFO - Sync 1 DAGs
[2025-12-13T10:16:13.084+0000] {logging_mixin.py:190} INFO - [2025-12-13T10:16:13.084+0000] {dag.py:3262} INFO - Creating ORM DAG for example_sensors
[2025-12-13T10:16:13.085+0000] {logging_mixin.py:190} INFO - [2025-12-13T10:16:13.085+0000] {dag.py:4180} INFO - Setting next_dagrun for example_sensors to None, run_after=None
[2025-12-13T10:16:13.116+0000] {processor.py:208} INFO - Processing /home/airflow/.local/lib/python3.12/site-packages/airflow/example_dags/example_sensors.py took 0.935 seconds
[2025-12-13T10:16:43.257+0000] {processor.py:186} INFO - Started process (PID=162) to work on /home/airflow/.local/lib/python3.12/site-packages/airflow/example_dags/example_sensors.py
[2025-12-13T10:16:43.258+0000] {processor.py:914} INFO - Processing file /home/airflow/.local/lib/python3.12/site-packages/airflow/example_dags/example_sensors.py for tasks to queue
[2025-12-13T10:16:43.262+0000] {logging_mixin.py:190} INFO - [2025-12-13T10:16:43.261+0000] {dagbag.py:588} INFO - Filling up the DagBag from /home/airflow/.local/lib/python3.12/site-packages/airflow/example_dags/example_sensors.py
[2025-12-13T10:16:43.286+0000] {processor.py:925} INFO - DAG(s) 'example_sensors' retrieved from /home/airflow/.local/lib/python3.12/site-packages/airflow/example_dags/example_sensors.py
[2025-12-13T10:16:43.332+0000] {logging_mixin.py:190} INFO - [2025-12-13T10:16:43.331+0000] {dag.py:3239} INFO - Sync 1 DAGs
[2025-12-13T10:16:43.356+0000] {logging_mixin.py:190} INFO - [2025-12-13T10:16:43.356+0000] {dag.py:4180} INFO - Setting next_dagrun for example_sensors to None, run_after=None
[2025-12-13T10:16:43.382+0000] {processor.py:208} INFO - Processing /home/airflow/.local/lib/python3.12/site-packages/airflow/example_dags/example_sensors.py took 0.137 seconds
[2025-12-13T10:17:14.070+0000] {processor.py:186} INFO - Started process (PID=224) to work on /home/airflow/.local/lib/python3.12/site-packages/airflow/example_dags/example_sensors.py
[2025-12-13T10:17:14.072+0000] {processor.py:914} INFO - Processing file /home/airflow/.local/lib/python3.12/site-packages/airflow/example_dags/example_sensors.py for tasks to queue
[2025-12-13T10:17:14.076+0000] {logging_mixin.py:190} INFO - [2025-12-13T10:17:14.076+0000] {dagbag.py:588} INFO - Filling up the DagBag from /home/airflow/.local/lib/python3.12/site-packages/airflow/example_dags/example_sensors.py
[2025-12-13T10:17:14.101+0000] {processor.py:925} INFO - DAG(s) 'example_sensors' retrieved from /home/airflow/.local/lib/python3.12/site-packages/airflow/example_dags/example_sensors.py
[2025-12-13T10:17:14.152+0000] {logging_mixin.py:190} INFO - [2025-12-13T10:17:14.152+0000] {dag.py:3239} INFO - Sync 1 DAGs
[2025-12-13T10:17:14.185+0000] {logging_mixin.py:190} INFO - [2025-12-13T10:17:14.184+0000] {dag.py:4180} INFO - Setting next_dagrun for example_sensors to None, run_after=None
[2025-12-13T10:17:14.219+0000] {processor.py:208} INFO - Processing /home/airflow/.local/lib/python3.12/site-packages/airflow/example_dags/example_sensors.py took 0.162 seconds
[2025-12-13T10:17:44.470+0000] {processor.py:186} INFO - Started process (PID=286) to work on /home/airflow/.local/lib/python3.12/site-packages/airflow/example_dags/example_sensors.py
[2025-12-13T10:17:44.471+0000] {processor.py:914} INFO - Processing file /home/airflow/.local/lib/python3.12/site-packages/airflow/example_dags/example_sensors.py for tasks to queue
[2025-12-13T10:17:44.476+0000] {logging_mixin.py:190} INFO - [2025-12-13T10:17:44.476+0000] {dagbag.py:588} INFO - Filling up the DagBag from /home/airflow/.local/lib/python3.12/site-packages/airflow/example_dags/example_sensors.py
[2025-12-13T10:17:44.502+0000] {processor.py:925} INFO - DAG(s) 'example_sensors' retrieved from /home/airflow/.local/lib/python3.12/site-packages/airflow/example_dags/example_sensors.py
[2025-12-13T10:17:44.545+0000] {logging_mixin.py:190} INFO - [2025-12-13T10:17:44.545+0000] {dag.py:3239} INFO - Sync 1 DAGs
[2025-12-13T10:17:44.568+0000] {logging_mixin.py:190} INFO - [2025-12-13T10:17:44.567+0000] {dag.py:4180} INFO - Setting next_dagrun for example_sensors to None, run_after=None
[2025-12-13T10:17:44.593+0000] {processor.py:208} INFO - Processing /home/airflow/.local/lib/python3.12/site-packages/airflow/example_dags/example_sensors.py took 0.138 seconds
[2025-12-13T10:18:14.715+0000] {processor.py:186} INFO - Started process (PID=348) to work on /home/airflow/.local/lib/python3.12/site-packages/airflow/example_dags/example_sensors.py
[2025-12-13T10:18:14.716+0000] {processor.py:914} INFO - Processing file /home/airflow/.local/lib/python3.12/site-packages/airflow/example_dags/example_sensors.py for tasks to queue
[2025-12-13T10:18:14.729+0000] {logging_mixin.py:190} INFO - [2025-12-13T10:18:14.727+0000] {dagbag.py:588} INFO - Filling up the DagBag from /home/airflow/.local/lib/python3.12/site-packages/airflow/example_dags/example_sensors.py
[2025-12-13T10:18:14.775+0000] {processor.py:925} INFO - DAG(s) 'example_sensors' retrieved from /home/airflow/.local/lib/python3.12/site-packages/airflow/example_dags/example_sensors.py
[2025-12-13T10:18:14.864+0000] {logging_mixin.py:190} INFO - [2025-12-13T10:18:14.863+0000] {dag.py:3239} INFO - Sync 1 DAGs
[2025-12-13T10:18:14.895+0000] {logging_mixin.py:190} INFO - [2025-12-13T10:18:14.895+0000] {dag.py:4180} INFO - Setting next_dagrun for example_sensors to None, run_after=None
[2025-12-13T10:18:14.933+0000] {processor.py:208} INFO - Processing /home/airflow/.local/lib/python3.12/site-packages/airflow/example_dags/example_sensors.py took 0.255 seconds
[2025-12-13T10:18:44.999+0000] {processor.py:186} INFO - Started process (PID=411) to work on /home/airflow/.local/lib/python3.12/site-packages/airflow/example_dags/example_sensors.py
[2025-12-13T10:18:45.001+0000] {processor.py:914} INFO - Processing file /home/airflow/.local/lib/python3.12/site-packages/airflow/example_dags/example_sensors.py for tasks to queue
[2025-12-13T10:18:45.007+0000] {logging_mixin.py:190} INFO - [2025-12-13T10:18:45.006+0000] {dagbag.py:588} INFO - Filling up the DagBag from /home/airflow/.local/lib/python3.12/site-packages/airflow/example_dags/example_sensors.py
[2025-12-13T10:18:45.036+0000] {processor.py:925} INFO - DAG(s) 'example_sensors' retrieved from /home/airflow/.local/lib/python3.12/site-packages/airflow/example_dags/example_sensors.py
[2025-12-13T10:18:45.094+0000] {logging_mixin.py:190} INFO - [2025-12-13T10:18:45.093+0000] {dag.py:3239} INFO - Sync 1 DAGs
[2025-12-13T10:18:45.125+0000] {logging_mixin.py:190} INFO - [2025-12-13T10:18:45.124+0000] {dag.py:4180} INFO - Setting next_dagrun for example_sensors to None, run_after=None
[2025-12-13T10:18:45.160+0000] {processor.py:208} INFO - Processing /home/airflow/.local/lib/python3.12/site-packages/airflow/example_dags/example_sensors.py took 0.174 seconds
[2025-12-13T10:19:15.744+0000] {processor.py:186} INFO - Started process (PID=474) to work on /home/airflow/.local/lib/python3.12/site-packages/airflow/example_dags/example_sensors.py
[2025-12-13T10:19:15.745+0000] {processor.py:914} INFO - Processing file /home/airflow/.local/lib/python3.12/site-packages/airflow/example_dags/example_sensors.py for tasks to queue
[2025-12-13T10:19:15.750+0000] {logging_mixin.py:190} INFO - [2025-12-13T10:19:15.749+0000] {dagbag.py:588} INFO - Filling up the DagBag from /home/airflow/.local/lib/python3.12/site-packages/airflow/example_dags/example_sensors.py
[2025-12-13T10:19:15.768+0000] {processor.py:925} INFO - DAG(s) 'example_sensors' retrieved from /home/airflow/.local/lib/python3.12/site-packages/airflow/example_dags/example_sensors.py
[2025-12-13T10:19:15.813+0000] {logging_mixin.py:190} INFO - [2025-12-13T10:19:15.813+0000] {dag.py:3239} INFO - Sync 1 DAGs
[2025-12-13T10:19:15.844+0000] {logging_mixin.py:190} INFO - [2025-12-13T10:19:15.844+0000] {dag.py:4180} INFO - Setting next_dagrun for example_sensors to None, run_after=None
[2025-12-13T10:19:15.899+0000] {processor.py:208} INFO - Processing /home/airflow/.local/lib/python3.12/site-packages/airflow/example_dags/example_sensors.py took 0.166 seconds
[2025-12-13T10:19:46.068+0000] {processor.py:186} INFO - Started process (PID=537) to work on /home/airflow/.local/lib/python3.12/site-packages/airflow/example_dags/example_sensors.py
[2025-12-13T10:19:46.069+0000] {processor.py:914} INFO - Processing file /home/airflow/.local/lib/python3.12/site-packages/airflow/example_dags/example_sensors.py for tasks to queue
[2025-12-13T10:19:46.074+0000] {logging_mixin.py:190} INFO - [2025-12-13T10:19:46.073+0000] {dagbag.py:588} INFO - Filling up the DagBag from /home/airflow/.local/lib/python3.12/site-packages/airflow/example_dags/example_sensors.py
[2025-12-13T10:19:46.100+0000] {processor.py:925} INFO - DAG(s) 'example_sensors' retrieved from /home/airflow/.local/lib/python3.12/site-packages/airflow/example_dags/example_sensors.py
[2025-12-13T10:19:46.158+0000] {logging_mixin.py:190} INFO - [2025-12-13T10:19:46.157+0000] {dag.py:3239} INFO - Sync 1 DAGs
[2025-12-13T10:19:46.204+0000] {logging_mixin.py:190} INFO - [2025-12-13T10:19:46.204+0000] {dag.py:4180} INFO - Setting next_dagrun for example_sensors to None, run_after=None
[2025-12-13T10:19:46.242+0000] {processor.py:208} INFO - Processing /home/airflow/.local/lib/python3.12/site-packages/airflow/example_dags/example_sensors.py took 0.188 seconds
[2025-12-13T10:20:16.396+0000] {processor.py:186} INFO - Started process (PID=600) to work on /home/airflow/.local/lib/python3.12/site-packages/airflow/example_dags/example_sensors.py
[2025-12-13T10:20:16.398+0000] {processor.py:914} INFO - Processing file /home/airflow/.local/lib/python3.12/site-packages/airflow/example_dags/example_sensors.py for tasks to queue
[2025-12-13T10:20:16.402+0000] {logging_mixin.py:190} INFO - [2025-12-13T10:20:16.401+0000] {dagbag.py:588} INFO - Filling up the DagBag from /home/airflow/.local/lib/python3.12/site-packages/airflow/example_dags/example_sensors.py
[2025-12-13T10:20:16.426+0000] {processor.py:925} INFO - DAG(s) 'example_sensors' retrieved from /home/airflow/.local/lib/python3.12/site-packages/airflow/example_dags/example_sensors.py
[2025-12-13T10:20:16.490+0000] {logging_mixin.py:190} INFO - [2025-12-13T10:20:16.490+0000] {dag.py:3239} INFO - Sync 1 DAGs
[2025-12-13T10:20:16.543+0000] {logging_mixin.py:190} INFO - [2025-12-13T10:20:16.542+0000] {dag.py:4180} INFO - Setting next_dagrun for example_sensors to None, run_after=None
[2025-12-13T10:20:16.591+0000] {processor.py:208} INFO - Processing /home/airflow/.local/lib/python3.12/site-packages/airflow/example_dags/example_sensors.py took 0.206 seconds
[2025-12-13T10:20:46.865+0000] {processor.py:186} INFO - Started process (PID=663) to work on /home/airflow/.local/lib/python3.12/site-packages/airflow/example_dags/example_sensors.py
[2025-12-13T10:20:46.866+0000] {processor.py:914} INFO - Processing file /home/airflow/.local/lib/python3.12/site-packages/airflow/example_dags/example_sensors.py for tasks to queue
[2025-12-13T10:20:46.870+0000] {logging_mixin.py:190} INFO - [2025-12-13T10:20:46.870+0000] {dagbag.py:588} INFO - Filling up the DagBag from /home/airflow/.local/lib/python3.12/site-packages/airflow/example_dags/example_sensors.py
[2025-12-13T10:20:46.899+0000] {processor.py:925} INFO - DAG(s) 'example_sensors' retrieved from /home/airflow/.local/lib/python3.12/site-packages/airflow/example_dags/example_sensors.py
[2025-12-13T10:20:46.995+0000] {logging_mixin.py:190} INFO - [2025-12-13T10:20:46.994+0000] {dag.py:3239} INFO - Sync 1 DAGs
[2025-12-13T10:20:47.039+0000] {logging_mixin.py:190} INFO - [2025-12-13T10:20:47.038+0000] {dag.py:4180} INFO - Setting next_dagrun for example_sensors to None, run_after=None
[2025-12-13T10:20:47.098+0000] {processor.py:208} INFO - Processing /home/airflow/.local/lib/python3.12/site-packages/airflow/example_dags/example_sensors.py took 0.248 seconds
[2025-12-13T10:21:17.948+0000] {processor.py:186} INFO - Started process (PID=726) to work on /home/airflow/.local/lib/python3.12/site-packages/airflow/example_dags/example_sensors.py
[2025-12-13T10:21:17.949+0000] {processor.py:914} INFO - Processing file /home/airflow/.local/lib/python3.12/site-packages/airflow/example_dags/example_sensors.py for tasks to queue
[2025-12-13T10:21:17.954+0000] {logging_mixin.py:190} INFO - [2025-12-13T10:21:17.953+0000] {dagbag.py:588} INFO - Filling up the DagBag from /home/airflow/.local/lib/python3.12/site-packages/airflow/example_dags/example_sensors.py
[2025-12-13T10:21:17.975+0000] {processor.py:925} INFO - DAG(s) 'example_sensors' retrieved from /home/airflow/.local/lib/python3.12/site-packages/airflow/example_dags/example_sensors.py
[2025-12-13T10:21:18.021+0000] {logging_mixin.py:190} INFO - [2025-12-13T10:21:18.021+0000] {dag.py:3239} INFO - Sync 1 DAGs
[2025-12-13T10:21:18.048+0000] {logging_mixin.py:190} INFO - [2025-12-13T10:21:18.048+0000] {dag.py:4180} INFO - Setting next_dagrun for example_sensors to None, run_after=None
[2025-12-13T10:21:18.075+0000] {processor.py:208} INFO - Processing /home/airflow/.local/lib/python3.12/site-packages/airflow/example_dags/example_sensors.py took 0.137 seconds
[2025-12-13T10:21:48.289+0000] {processor.py:186} INFO - Started process (PID=789) to work on /home/airflow/.local/lib/python3.12/site-packages/airflow/example_dags/example_sensors.py
[2025-12-13T10:21:48.290+0000] {processor.py:914} INFO - Processing file /home/airflow/.local/lib/python3.12/site-packages/airflow/example_dags/example_sensors.py for tasks to queue
[2025-12-13T10:21:48.293+0000] {logging_mixin.py:190} INFO - [2025-12-13T10:21:48.293+0000] {dagbag.py:588} INFO - Filling up the DagBag from /home/airflow/.local/lib/python3.12/site-packages/airflow/example_dags/example_sensors.py
[2025-12-13T10:21:48.312+0000] {processor.py:925} INFO - DAG(s) 'example_sensors' retrieved from /home/airflow/.local/lib/python3.12/site-packages/airflow/example_dags/example_sensors.py
[2025-12-13T10:21:48.362+0000] {logging_mixin.py:190} INFO - [2025-12-13T10:21:48.362+0000] {dag.py:3239} INFO - Sync 1 DAGs
[2025-12-13T10:21:48.393+0000] {logging_mixin.py:190} INFO - [2025-12-13T10:21:48.392+0000] {dag.py:4180} INFO - Setting next_dagrun for example_sensors to None, run_after=None
[2025-12-13T10:21:48.431+0000] {processor.py:208} INFO - Processing /home/airflow/.local/lib/python3.12/site-packages/airflow/example_dags/example_sensors.py took 0.150 seconds
[2025-12-13T10:22:18.878+0000] {processor.py:186} INFO - Started process (PID=852) to work on /home/airflow/.local/lib/python3.12/site-packages/airflow/example_dags/example_sensors.py
[2025-12-13T10:22:18.879+0000] {processor.py:914} INFO - Processing file /home/airflow/.local/lib/python3.12/site-packages/airflow/example_dags/example_sensors.py for tasks to queue
[2025-12-13T10:22:18.883+0000] {logging_mixin.py:190} INFO - [2025-12-13T10:22:18.883+0000] {dagbag.py:588} INFO - Filling up the DagBag from /home/airflow/.local/lib/python3.12/site-packages/airflow/example_dags/example_sensors.py
[2025-12-13T10:22:18.907+0000] {processor.py:925} INFO - DAG(s) 'example_sensors' retrieved from /home/airflow/.local/lib/python3.12/site-packages/airflow/example_dags/example_sensors.py
[2025-12-13T10:22:18.968+0000] {logging_mixin.py:190} INFO - [2025-12-13T10:22:18.968+0000] {dag.py:3239} INFO - Sync 1 DAGs
[2025-12-13T10:22:19.000+0000] {logging_mixin.py:190} INFO - [2025-12-13T10:22:19.000+0000] {dag.py:4180} INFO - Setting next_dagrun for example_sensors to None, run_after=None
[2025-12-13T10:22:19.049+0000] {processor.py:208} INFO - Processing /home/airflow/.local/lib/python3.12/site-packages/airflow/example_dags/example_sensors.py took 0.184 seconds
[2025-12-13T10:22:49.944+0000] {processor.py:186} INFO - Started process (PID=915) to work on /home/airflow/.local/lib/python3.12/site-packages/airflow/example_dags/example_sensors.py
[2025-12-13T10:22:49.945+0000] {processor.py:914} INFO - Processing file /home/airflow/.local/lib/python3.12/site-packages/airflow/example_dags/example_sensors.py for tasks to queue
[2025-12-13T10:22:49.948+0000] {logging_mixin.py:190} INFO - [2025-12-13T10:22:49.948+0000] {dagbag.py:588} INFO - Filling up the DagBag from /home/airflow/.local/lib/python3.12/site-packages/airflow/example_dags/example_sensors.py
[2025-12-13T10:22:49.969+0000] {processor.py:925} INFO - DAG(s) 'example_sensors' retrieved from /home/airflow/.local/lib/python3.12/site-packages/airflow/example_dags/example_sensors.py
[2025-12-13T10:22:50.015+0000] {logging_mixin.py:190} INFO - [2025-12-13T10:22:50.015+0000] {dag.py:3239} INFO - Sync 1 DAGs
[2025-12-13T10:22:50.037+0000] {logging_mixin.py:190} INFO - [2025-12-13T10:22:50.037+0000] {dag.py:4180} INFO - Setting next_dagrun for example_sensors to None, run_after=None
[2025-12-13T10:22:50.067+0000] {processor.py:208} INFO - Processing /home/airflow/.local/lib/python3.12/site-packages/airflow/example_dags/example_sensors.py took 0.136 seconds
[2025-12-13T10:23:20.198+0000] {processor.py:186} INFO - Started process (PID=978) to work on /home/airflow/.local/lib/python3.12/site-packages/airflow/example_dags/example_sensors.py
[2025-12-13T10:23:20.203+0000] {processor.py:914} INFO - Processing file /home/airflow/.local/lib/python3.12/site-packages/airflow/example_dags/example_sensors.py for tasks to queue
[2025-12-13T10:23:20.209+0000] {logging_mixin.py:190} INFO - [2025-12-13T10:23:20.208+0000] {dagbag.py:588} INFO - Filling up the DagBag from /home/airflow/.local/lib/python3.12/site-packages/airflow/example_dags/example_sensors.py
[2025-12-13T10:23:20.234+0000] {processor.py:925} INFO - DAG(s) 'example_sensors' retrieved from /home/airflow/.local/lib/python3.12/site-packages/airflow/example_dags/example_sensors.py
[2025-12-13T10:23:20.289+0000] {logging_mixin.py:190} INFO - [2025-12-13T10:23:20.288+0000] {dag.py:3239} INFO - Sync 1 DAGs
[2025-12-13T10:23:20.320+0000] {logging_mixin.py:190} INFO - [2025-12-13T10:23:20.320+0000] {dag.py:4180} INFO - Setting next_dagrun for example_sensors to None, run_after=None
[2025-12-13T10:23:20.357+0000] {processor.py:208} INFO - Processing /home/airflow/.local/lib/python3.12/site-packages/airflow/example_dags/example_sensors.py took 0.174 seconds
[2025-12-13T10:23:51.272+0000] {processor.py:186} INFO - Started process (PID=1040) to work on /home/airflow/.local/lib/python3.12/site-packages/airflow/example_dags/example_sensors.py
[2025-12-13T10:23:51.273+0000] {processor.py:914} INFO - Processing file /home/airflow/.local/lib/python3.12/site-packages/airflow/example_dags/example_sensors.py for tasks to queue
[2025-12-13T10:23:51.277+0000] {logging_mixin.py:190} INFO - [2025-12-13T10:23:51.277+0000] {dagbag.py:588} INFO - Filling up the DagBag from /home/airflow/.local/lib/python3.12/site-packages/airflow/example_dags/example_sensors.py
[2025-12-13T10:23:51.293+0000] {processor.py:925} INFO - DAG(s) 'example_sensors' retrieved from /home/airflow/.local/lib/python3.12/site-packages/airflow/example_dags/example_sensors.py
[2025-12-13T10:23:51.333+0000] {logging_mixin.py:190} INFO - [2025-12-13T10:23:51.332+0000] {dag.py:3239} INFO - Sync 1 DAGs
[2025-12-13T10:23:51.353+0000] {logging_mixin.py:190} INFO - [2025-12-13T10:23:51.352+0000] {dag.py:4180} INFO - Setting next_dagrun for example_sensors to None, run_after=None
[2025-12-13T10:23:51.379+0000] {processor.py:208} INFO - Processing /home/airflow/.local/lib/python3.12/site-packages/airflow/example_dags/example_sensors.py took 0.117 seconds
[2025-12-13T10:24:22.241+0000] {processor.py:186} INFO - Started process (PID=1102) to work on /home/airflow/.local/lib/python3.12/site-packages/airflow/example_dags/example_sensors.py
[2025-12-13T10:24:22.244+0000] {processor.py:914} INFO - Processing file /home/airflow/.local/lib/python3.12/site-packages/airflow/example_dags/example_sensors.py for tasks to queue
[2025-12-13T10:24:22.247+0000] {logging_mixin.py:190} INFO - [2025-12-13T10:24:22.247+0000] {dagbag.py:588} INFO - Filling up the DagBag from /home/airflow/.local/lib/python3.12/site-packages/airflow/example_dags/example_sensors.py
[2025-12-13T10:24:22.270+0000] {processor.py:925} INFO - DAG(s) 'example_sensors' retrieved from /home/airflow/.local/lib/python3.12/site-packages/airflow/example_dags/example_sensors.py
[2025-12-13T10:24:22.321+0000] {logging_mixin.py:190} INFO - [2025-12-13T10:24:22.320+0000] {dag.py:3239} INFO - Sync 1 DAGs
[2025-12-13T10:24:22.348+0000] {logging_mixin.py:190} INFO - [2025-12-13T10:24:22.347+0000] {dag.py:4180} INFO - Setting next_dagrun for example_sensors to None, run_after=None
[2025-12-13T10:24:22.377+0000] {processor.py:208} INFO - Processing /home/airflow/.local/lib/python3.12/site-packages/airflow/example_dags/example_sensors.py took 0.149 seconds
[2025-12-13T10:24:52.645+0000] {processor.py:186} INFO - Started process (PID=1164) to work on /home/airflow/.local/lib/python3.12/site-packages/airflow/example_dags/example_sensors.py
[2025-12-13T10:24:52.646+0000] {processor.py:914} INFO - Processing file /home/airflow/.local/lib/python3.12/site-packages/airflow/example_dags/example_sensors.py for tasks to queue
[2025-12-13T10:24:52.650+0000] {logging_mixin.py:190} INFO - [2025-12-13T10:24:52.650+0000] {dagbag.py:588} INFO - Filling up the DagBag from /home/airflow/.local/lib/python3.12/site-packages/airflow/example_dags/example_sensors.py
[2025-12-13T10:24:52.666+0000] {processor.py:925} INFO - DAG(s) 'example_sensors' retrieved from /home/airflow/.local/lib/python3.12/site-packages/airflow/example_dags/example_sensors.py
[2025-12-13T10:24:52.705+0000] {logging_mixin.py:190} INFO - [2025-12-13T10:24:52.705+0000] {dag.py:3239} INFO - Sync 1 DAGs
[2025-12-13T10:24:52.728+0000] {logging_mixin.py:190} INFO - [2025-12-13T10:24:52.728+0000] {dag.py:4180} INFO - Setting next_dagrun for example_sensors to None, run_after=None
[2025-12-13T10:24:52.753+0000] {processor.py:208} INFO - Processing /home/airflow/.local/lib/python3.12/site-packages/airflow/example_dags/example_sensors.py took 0.119 seconds
[2025-12-13T10:25:23.147+0000] {processor.py:186} INFO - Started process (PID=1227) to work on /home/airflow/.local/lib/python3.12/site-packages/airflow/example_dags/example_sensors.py
[2025-12-13T10:25:23.149+0000] {processor.py:914} INFO - Processing file /home/airflow/.local/lib/python3.12/site-packages/airflow/example_dags/example_sensors.py for tasks to queue
[2025-12-13T10:25:23.162+0000] {logging_mixin.py:190} INFO - [2025-12-13T10:25:23.161+0000] {dagbag.py:588} INFO - Filling up the DagBag from /home/airflow/.local/lib/python3.12/site-packages/airflow/example_dags/example_sensors.py
[2025-12-13T10:25:23.201+0000] {processor.py:925} INFO - DAG(s) 'example_sensors' retrieved from /home/airflow/.local/lib/python3.12/site-packages/airflow/example_dags/example_sensors.py
[2025-12-13T10:25:23.273+0000] {logging_mixin.py:190} INFO - [2025-12-13T10:25:23.272+0000] {dag.py:3239} INFO - Sync 1 DAGs
[2025-12-13T10:25:23.304+0000] {logging_mixin.py:190} INFO - [2025-12-13T10:25:23.304+0000] {dag.py:4180} INFO - Setting next_dagrun for example_sensors to None, run_after=None
[2025-12-13T10:25:23.351+0000] {processor.py:208} INFO - Processing /home/airflow/.local/lib/python3.12/site-packages/airflow/example_dags/example_sensors.py took 0.223 seconds
[2025-12-13T10:25:54.960+0000] {processor.py:186} INFO - Started process (PID=1290) to work on /home/airflow/.local/lib/python3.12/site-packages/airflow/example_dags/example_sensors.py
[2025-12-13T10:25:54.961+0000] {processor.py:914} INFO - Processing file /home/airflow/.local/lib/python3.12/site-packages/airflow/example_dags/example_sensors.py for tasks to queue
[2025-12-13T10:25:54.967+0000] {logging_mixin.py:190} INFO - [2025-12-13T10:25:54.967+0000] {dagbag.py:588} INFO - Filling up the DagBag from /home/airflow/.local/lib/python3.12/site-packages/airflow/example_dags/example_sensors.py
[2025-12-13T10:25:54.998+0000] {processor.py:925} INFO - DAG(s) 'example_sensors' retrieved from /home/airflow/.local/lib/python3.12/site-packages/airflow/example_dags/example_sensors.py
[2025-12-13T10:25:55.069+0000] {logging_mixin.py:190} INFO - [2025-12-13T10:25:55.069+0000] {dag.py:3239} INFO - Sync 1 DAGs
[2025-12-13T10:25:55.114+0000] {logging_mixin.py:190} INFO - [2025-12-13T10:25:55.114+0000] {dag.py:4180} INFO - Setting next_dagrun for example_sensors to None, run_after=None
[2025-12-13T10:25:55.167+0000] {processor.py:208} INFO - Processing /home/airflow/.local/lib/python3.12/site-packages/airflow/example_dags/example_sensors.py took 0.223 seconds
[2025-12-13T10:26:26.256+0000] {processor.py:186} INFO - Started process (PID=1345) to work on /home/airflow/.local/lib/python3.12/site-packages/airflow/example_dags/example_sensors.py
[2025-12-13T10:26:26.258+0000] {processor.py:914} INFO - Processing file /home/airflow/.local/lib/python3.12/site-packages/airflow/example_dags/example_sensors.py for tasks to queue
[2025-12-13T10:26:26.265+0000] {logging_mixin.py:190} INFO - [2025-12-13T10:26:26.264+0000] {dagbag.py:588} INFO - Filling up the DagBag from /home/airflow/.local/lib/python3.12/site-packages/airflow/example_dags/example_sensors.py
[2025-12-13T10:26:26.291+0000] {processor.py:925} INFO - DAG(s) 'example_sensors' retrieved from /home/airflow/.local/lib/python3.12/site-packages/airflow/example_dags/example_sensors.py
[2025-12-13T10:26:26.369+0000] {logging_mixin.py:190} INFO - [2025-12-13T10:26:26.369+0000] {dag.py:3239} INFO - Sync 1 DAGs
[2025-12-13T10:26:26.404+0000] {logging_mixin.py:190} INFO - [2025-12-13T10:26:26.403+0000] {dag.py:4180} INFO - Setting next_dagrun for example_sensors to None, run_after=None
[2025-12-13T10:26:26.443+0000] {processor.py:208} INFO - Processing /home/airflow/.local/lib/python3.12/site-packages/airflow/example_dags/example_sensors.py took 0.201 seconds
[2025-12-13T10:26:57.818+0000] {processor.py:186} INFO - Started process (PID=1408) to work on /home/airflow/.local/lib/python3.12/site-packages/airflow/example_dags/example_sensors.py
[2025-12-13T10:26:57.820+0000] {processor.py:914} INFO - Processing file /home/airflow/.local/lib/python3.12/site-packages/airflow/example_dags/example_sensors.py for tasks to queue
[2025-12-13T10:26:57.824+0000] {logging_mixin.py:190} INFO - [2025-12-13T10:26:57.824+0000] {dagbag.py:588} INFO - Filling up the DagBag from /home/airflow/.local/lib/python3.12/site-packages/airflow/example_dags/example_sensors.py
[2025-12-13T10:26:57.853+0000] {processor.py:925} INFO - DAG(s) 'example_sensors' retrieved from /home/airflow/.local/lib/python3.12/site-packages/airflow/example_dags/example_sensors.py
[2025-12-13T10:26:57.907+0000] {logging_mixin.py:190} INFO - [2025-12-13T10:26:57.907+0000] {dag.py:3239} INFO - Sync 1 DAGs
[2025-12-13T10:26:57.938+0000] {logging_mixin.py:190} INFO - [2025-12-13T10:26:57.938+0000] {dag.py:4180} INFO - Setting next_dagrun for example_sensors to None, run_after=None
[2025-12-13T10:26:57.971+0000] {processor.py:208} INFO - Processing /home/airflow/.local/lib/python3.12/site-packages/airflow/example_dags/example_sensors.py took 0.168 seconds
[2025-12-13T10:27:28.306+0000] {processor.py:186} INFO - Started process (PID=1471) to work on /home/airflow/.local/lib/python3.12/site-packages/airflow/example_dags/example_sensors.py
[2025-12-13T10:27:28.307+0000] {processor.py:914} INFO - Processing file /home/airflow/.local/lib/python3.12/site-packages/airflow/example_dags/example_sensors.py for tasks to queue
[2025-12-13T10:27:28.312+0000] {logging_mixin.py:190} INFO - [2025-12-13T10:27:28.311+0000] {dagbag.py:588} INFO - Filling up the DagBag from /home/airflow/.local/lib/python3.12/site-packages/airflow/example_dags/example_sensors.py
[2025-12-13T10:27:28.332+0000] {processor.py:925} INFO - DAG(s) 'example_sensors' retrieved from /home/airflow/.local/lib/python3.12/site-packages/airflow/example_dags/example_sensors.py
[2025-12-13T10:27:28.383+0000] {logging_mixin.py:190} INFO - [2025-12-13T10:27:28.383+0000] {dag.py:3239} INFO - Sync 1 DAGs
[2025-12-13T10:27:28.416+0000] {logging_mixin.py:190} INFO - [2025-12-13T10:27:28.415+0000] {dag.py:4180} INFO - Setting next_dagrun for example_sensors to None, run_after=None
[2025-12-13T10:27:28.449+0000] {processor.py:208} INFO - Processing /home/airflow/.local/lib/python3.12/site-packages/airflow/example_dags/example_sensors.py took 0.157 seconds
[2025-12-13T10:27:59.778+0000] {processor.py:186} INFO - Started process (PID=1531) to work on /home/airflow/.local/lib/python3.12/site-packages/airflow/example_dags/example_sensors.py
[2025-12-13T10:27:59.780+0000] {processor.py:914} INFO - Processing file /home/airflow/.local/lib/python3.12/site-packages/airflow/example_dags/example_sensors.py for tasks to queue
[2025-12-13T10:27:59.783+0000] {logging_mixin.py:190} INFO - [2025-12-13T10:27:59.782+0000] {dagbag.py:588} INFO - Filling up the DagBag from /home/airflow/.local/lib/python3.12/site-packages/airflow/example_dags/example_sensors.py
[2025-12-13T10:27:59.805+0000] {processor.py:925} INFO - DAG(s) 'example_sensors' retrieved from /home/airflow/.local/lib/python3.12/site-packages/airflow/example_dags/example_sensors.py
[2025-12-13T10:27:59.857+0000] {logging_mixin.py:190} INFO - [2025-12-13T10:27:59.857+0000] {dag.py:3239} INFO - Sync 1 DAGs
[2025-12-13T10:27:59.886+0000] {logging_mixin.py:190} INFO - [2025-12-13T10:27:59.886+0000] {dag.py:4180} INFO - Setting next_dagrun for example_sensors to None, run_after=None
[2025-12-13T10:27:59.911+0000] {processor.py:208} INFO - Processing /home/airflow/.local/lib/python3.12/site-packages/airflow/example_dags/example_sensors.py took 0.144 seconds
[2025-12-13T10:28:35.561+0000] {processor.py:186} INFO - Started process (PID=1594) to work on /home/airflow/.local/lib/python3.12/site-packages/airflow/example_dags/example_sensors.py
[2025-12-13T10:28:35.567+0000] {processor.py:914} INFO - Processing file /home/airflow/.local/lib/python3.12/site-packages/airflow/example_dags/example_sensors.py for tasks to queue
[2025-12-13T10:28:35.577+0000] {logging_mixin.py:190} INFO - [2025-12-13T10:28:35.575+0000] {dagbag.py:588} INFO - Filling up the DagBag from /home/airflow/.local/lib/python3.12/site-packages/airflow/example_dags/example_sensors.py
[2025-12-13T10:28:35.677+0000] {processor.py:925} INFO - DAG(s) 'example_sensors' retrieved from /home/airflow/.local/lib/python3.12/site-packages/airflow/example_dags/example_sensors.py
[2025-12-13T10:28:35.852+0000] {logging_mixin.py:190} INFO - [2025-12-13T10:28:35.852+0000] {dag.py:3239} INFO - Sync 1 DAGs
[2025-12-13T10:28:35.931+0000] {logging_mixin.py:190} INFO - [2025-12-13T10:28:35.927+0000] {dag.py:4180} INFO - Setting next_dagrun for example_sensors to None, run_after=None
[2025-12-13T10:28:36.003+0000] {processor.py:208} INFO - Processing /home/airflow/.local/lib/python3.12/site-packages/airflow/example_dags/example_sensors.py took 0.457 seconds
[2025-12-13T10:29:06.255+0000] {processor.py:186} INFO - Started process (PID=1656) to work on /home/airflow/.local/lib/python3.12/site-packages/airflow/example_dags/example_sensors.py
[2025-12-13T10:29:06.256+0000] {processor.py:914} INFO - Processing file /home/airflow/.local/lib/python3.12/site-packages/airflow/example_dags/example_sensors.py for tasks to queue
[2025-12-13T10:29:06.261+0000] {logging_mixin.py:190} INFO - [2025-12-13T10:29:06.260+0000] {dagbag.py:588} INFO - Filling up the DagBag from /home/airflow/.local/lib/python3.12/site-packages/airflow/example_dags/example_sensors.py
[2025-12-13T10:29:06.284+0000] {processor.py:925} INFO - DAG(s) 'example_sensors' retrieved from /home/airflow/.local/lib/python3.12/site-packages/airflow/example_dags/example_sensors.py
[2025-12-13T10:29:06.341+0000] {logging_mixin.py:190} INFO - [2025-12-13T10:29:06.341+0000] {dag.py:3239} INFO - Sync 1 DAGs
[2025-12-13T10:29:06.370+0000] {logging_mixin.py:190} INFO - [2025-12-13T10:29:06.369+0000] {dag.py:4180} INFO - Setting next_dagrun for example_sensors to None, run_after=None
[2025-12-13T10:29:06.399+0000] {processor.py:208} INFO - Processing /home/airflow/.local/lib/python3.12/site-packages/airflow/example_dags/example_sensors.py took 0.156 seconds
[2025-12-13T10:29:37.256+0000] {processor.py:186} INFO - Started process (PID=1718) to work on /home/airflow/.local/lib/python3.12/site-packages/airflow/example_dags/example_sensors.py
[2025-12-13T10:29:37.257+0000] {processor.py:914} INFO - Processing file /home/airflow/.local/lib/python3.12/site-packages/airflow/example_dags/example_sensors.py for tasks to queue
[2025-12-13T10:29:37.262+0000] {logging_mixin.py:190} INFO - [2025-12-13T10:29:37.261+0000] {dagbag.py:588} INFO - Filling up the DagBag from /home/airflow/.local/lib/python3.12/site-packages/airflow/example_dags/example_sensors.py
[2025-12-13T10:29:37.300+0000] {processor.py:925} INFO - DAG(s) 'example_sensors' retrieved from /home/airflow/.local/lib/python3.12/site-packages/airflow/example_dags/example_sensors.py
[2025-12-13T10:29:37.404+0000] {logging_mixin.py:190} INFO - [2025-12-13T10:29:37.404+0000] {dag.py:3239} INFO - Sync 1 DAGs
[2025-12-13T10:29:37.461+0000] {logging_mixin.py:190} INFO - [2025-12-13T10:29:37.460+0000] {dag.py:4180} INFO - Setting next_dagrun for example_sensors to None, run_after=None
[2025-12-13T10:29:37.516+0000] {processor.py:208} INFO - Processing /home/airflow/.local/lib/python3.12/site-packages/airflow/example_dags/example_sensors.py took 0.277 seconds
[2025-12-13T10:30:08.153+0000] {processor.py:186} INFO - Started process (PID=1781) to work on /home/airflow/.local/lib/python3.12/site-packages/airflow/example_dags/example_sensors.py
[2025-12-13T10:30:08.156+0000] {processor.py:914} INFO - Processing file /home/airflow/.local/lib/python3.12/site-packages/airflow/example_dags/example_sensors.py for tasks to queue
[2025-12-13T10:30:08.160+0000] {logging_mixin.py:190} INFO - [2025-12-13T10:30:08.160+0000] {dagbag.py:588} INFO - Filling up the DagBag from /home/airflow/.local/lib/python3.12/site-packages/airflow/example_dags/example_sensors.py
[2025-12-13T10:30:08.179+0000] {processor.py:925} INFO - DAG(s) 'example_sensors' retrieved from /home/airflow/.local/lib/python3.12/site-packages/airflow/example_dags/example_sensors.py
[2025-12-13T10:30:08.228+0000] {logging_mixin.py:190} INFO - [2025-12-13T10:30:08.228+0000] {dag.py:3239} INFO - Sync 1 DAGs
[2025-12-13T10:30:08.255+0000] {logging_mixin.py:190} INFO - [2025-12-13T10:30:08.255+0000] {dag.py:4180} INFO - Setting next_dagrun for example_sensors to None, run_after=None
[2025-12-13T10:30:08.285+0000] {processor.py:208} INFO - Processing /home/airflow/.local/lib/python3.12/site-packages/airflow/example_dags/example_sensors.py took 0.151 seconds
[2025-12-13T10:30:38.404+0000] {processor.py:186} INFO - Started process (PID=1843) to work on /home/airflow/.local/lib/python3.12/site-packages/airflow/example_dags/example_sensors.py
[2025-12-13T10:30:38.407+0000] {processor.py:914} INFO - Processing file /home/airflow/.local/lib/python3.12/site-packages/airflow/example_dags/example_sensors.py for tasks to queue
[2025-12-13T10:30:38.412+0000] {logging_mixin.py:190} INFO - [2025-12-13T10:30:38.411+0000] {dagbag.py:588} INFO - Filling up the DagBag from /home/airflow/.local/lib/python3.12/site-packages/airflow/example_dags/example_sensors.py
[2025-12-13T10:30:38.436+0000] {processor.py:925} INFO - DAG(s) 'example_sensors' retrieved from /home/airflow/.local/lib/python3.12/site-packages/airflow/example_dags/example_sensors.py
[2025-12-13T10:30:38.484+0000] {logging_mixin.py:190} INFO - [2025-12-13T10:30:38.484+0000] {dag.py:3239} INFO - Sync 1 DAGs
[2025-12-13T10:30:38.509+0000] {logging_mixin.py:190} INFO - [2025-12-13T10:30:38.508+0000] {dag.py:4180} INFO - Setting next_dagrun for example_sensors to None, run_after=None
[2025-12-13T10:30:38.542+0000] {processor.py:208} INFO - Processing /home/airflow/.local/lib/python3.12/site-packages/airflow/example_dags/example_sensors.py took 0.153 seconds
[2025-12-13T10:31:09.330+0000] {processor.py:186} INFO - Started process (PID=1906) to work on /home/airflow/.local/lib/python3.12/site-packages/airflow/example_dags/example_sensors.py
[2025-12-13T10:31:09.334+0000] {processor.py:914} INFO - Processing file /home/airflow/.local/lib/python3.12/site-packages/airflow/example_dags/example_sensors.py for tasks to queue
[2025-12-13T10:31:09.341+0000] {logging_mixin.py:190} INFO - [2025-12-13T10:31:09.341+0000] {dagbag.py:588} INFO - Filling up the DagBag from /home/airflow/.local/lib/python3.12/site-packages/airflow/example_dags/example_sensors.py
[2025-12-13T10:31:09.393+0000] {processor.py:925} INFO - DAG(s) 'example_sensors' retrieved from /home/airflow/.local/lib/python3.12/site-packages/airflow/example_dags/example_sensors.py
[2025-12-13T10:31:09.490+0000] {logging_mixin.py:190} INFO - [2025-12-13T10:31:09.489+0000] {dag.py:3239} INFO - Sync 1 DAGs
[2025-12-13T10:31:09.560+0000] {logging_mixin.py:190} INFO - [2025-12-13T10:31:09.559+0000] {dag.py:4180} INFO - Setting next_dagrun for example_sensors to None, run_after=None
[2025-12-13T10:31:09.619+0000] {processor.py:208} INFO - Processing /home/airflow/.local/lib/python3.12/site-packages/airflow/example_dags/example_sensors.py took 0.314 seconds
[2025-12-13T10:31:40.292+0000] {processor.py:186} INFO - Started process (PID=1969) to work on /home/airflow/.local/lib/python3.12/site-packages/airflow/example_dags/example_sensors.py
[2025-12-13T10:31:40.294+0000] {processor.py:914} INFO - Processing file /home/airflow/.local/lib/python3.12/site-packages/airflow/example_dags/example_sensors.py for tasks to queue
[2025-12-13T10:31:40.298+0000] {logging_mixin.py:190} INFO - [2025-12-13T10:31:40.297+0000] {dagbag.py:588} INFO - Filling up the DagBag from /home/airflow/.local/lib/python3.12/site-packages/airflow/example_dags/example_sensors.py
[2025-12-13T10:31:40.322+0000] {processor.py:925} INFO - DAG(s) 'example_sensors' retrieved from /home/airflow/.local/lib/python3.12/site-packages/airflow/example_dags/example_sensors.py
[2025-12-13T10:31:40.381+0000] {logging_mixin.py:190} INFO - [2025-12-13T10:31:40.380+0000] {dag.py:3239} INFO - Sync 1 DAGs
[2025-12-13T10:31:40.426+0000] {logging_mixin.py:190} INFO - [2025-12-13T10:31:40.426+0000] {dag.py:4180} INFO - Setting next_dagrun for example_sensors to None, run_after=None
[2025-12-13T10:31:40.460+0000] {processor.py:208} INFO - Processing /home/airflow/.local/lib/python3.12/site-packages/airflow/example_dags/example_sensors.py took 0.182 seconds
[2025-12-13T10:32:10.811+0000] {processor.py:186} INFO - Started process (PID=2032) to work on /home/airflow/.local/lib/python3.12/site-packages/airflow/example_dags/example_sensors.py
[2025-12-13T10:32:10.816+0000] {processor.py:914} INFO - Processing file /home/airflow/.local/lib/python3.12/site-packages/airflow/example_dags/example_sensors.py for tasks to queue
[2025-12-13T10:32:10.821+0000] {logging_mixin.py:190} INFO - [2025-12-13T10:32:10.820+0000] {dagbag.py:588} INFO - Filling up the DagBag from /home/airflow/.local/lib/python3.12/site-packages/airflow/example_dags/example_sensors.py
[2025-12-13T10:32:10.852+0000] {processor.py:925} INFO - DAG(s) 'example_sensors' retrieved from /home/airflow/.local/lib/python3.12/site-packages/airflow/example_dags/example_sensors.py
[2025-12-13T10:32:10.950+0000] {logging_mixin.py:190} INFO - [2025-12-13T10:32:10.950+0000] {dag.py:3239} INFO - Sync 1 DAGs
[2025-12-13T10:32:11.000+0000] {logging_mixin.py:190} INFO - [2025-12-13T10:32:10.999+0000] {dag.py:4180} INFO - Setting next_dagrun for example_sensors to None, run_after=None
[2025-12-13T10:32:11.048+0000] {processor.py:208} INFO - Processing /home/airflow/.local/lib/python3.12/site-packages/airflow/example_dags/example_sensors.py took 0.253 seconds
[2025-12-13T10:32:41.537+0000] {processor.py:186} INFO - Started process (PID=2095) to work on /home/airflow/.local/lib/python3.12/site-packages/airflow/example_dags/example_sensors.py
[2025-12-13T10:32:41.542+0000] {processor.py:914} INFO - Processing file /home/airflow/.local/lib/python3.12/site-packages/airflow/example_dags/example_sensors.py for tasks to queue
[2025-12-13T10:32:41.554+0000] {logging_mixin.py:190} INFO - [2025-12-13T10:32:41.554+0000] {dagbag.py:588} INFO - Filling up the DagBag from /home/airflow/.local/lib/python3.12/site-packages/airflow/example_dags/example_sensors.py
[2025-12-13T10:32:41.611+0000] {processor.py:925} INFO - DAG(s) 'example_sensors' retrieved from /home/airflow/.local/lib/python3.12/site-packages/airflow/example_dags/example_sensors.py
[2025-12-13T10:32:41.764+0000] {logging_mixin.py:190} INFO - [2025-12-13T10:32:41.763+0000] {dag.py:3239} INFO - Sync 1 DAGs
[2025-12-13T10:32:41.797+0000] {logging_mixin.py:190} INFO - [2025-12-13T10:32:41.796+0000] {dag.py:4180} INFO - Setting next_dagrun for example_sensors to None, run_after=None
[2025-12-13T10:32:41.842+0000] {processor.py:208} INFO - Processing /home/airflow/.local/lib/python3.12/site-packages/airflow/example_dags/example_sensors.py took 0.321 seconds
[2025-12-13T10:33:11.962+0000] {processor.py:186} INFO - Started process (PID=2158) to work on /home/airflow/.local/lib/python3.12/site-packages/airflow/example_dags/example_sensors.py
[2025-12-13T10:33:11.964+0000] {processor.py:914} INFO - Processing file /home/airflow/.local/lib/python3.12/site-packages/airflow/example_dags/example_sensors.py for tasks to queue
[2025-12-13T10:33:11.969+0000] {logging_mixin.py:190} INFO - [2025-12-13T10:33:11.968+0000] {dagbag.py:588} INFO - Filling up the DagBag from /home/airflow/.local/lib/python3.12/site-packages/airflow/example_dags/example_sensors.py
[2025-12-13T10:33:11.994+0000] {processor.py:925} INFO - DAG(s) 'example_sensors' retrieved from /home/airflow/.local/lib/python3.12/site-packages/airflow/example_dags/example_sensors.py
[2025-12-13T10:33:12.068+0000] {logging_mixin.py:190} INFO - [2025-12-13T10:33:12.068+0000] {dag.py:3239} INFO - Sync 1 DAGs
[2025-12-13T10:33:12.107+0000] {logging_mixin.py:190} INFO - [2025-12-13T10:33:12.106+0000] {dag.py:4180} INFO - Setting next_dagrun for example_sensors to None, run_after=None
[2025-12-13T10:33:12.147+0000] {processor.py:208} INFO - Processing /home/airflow/.local/lib/python3.12/site-packages/airflow/example_dags/example_sensors.py took 0.198 seconds
[2025-12-13T10:33:42.659+0000] {processor.py:186} INFO - Started process (PID=2221) to work on /home/airflow/.local/lib/python3.12/site-packages/airflow/example_dags/example_sensors.py
[2025-12-13T10:33:42.662+0000] {processor.py:914} INFO - Processing file /home/airflow/.local/lib/python3.12/site-packages/airflow/example_dags/example_sensors.py for tasks to queue
[2025-12-13T10:33:42.666+0000] {logging_mixin.py:190} INFO - [2025-12-13T10:33:42.665+0000] {dagbag.py:588} INFO - Filling up the DagBag from /home/airflow/.local/lib/python3.12/site-packages/airflow/example_dags/example_sensors.py
[2025-12-13T10:33:42.688+0000] {processor.py:925} INFO - DAG(s) 'example_sensors' retrieved from /home/airflow/.local/lib/python3.12/site-packages/airflow/example_dags/example_sensors.py
[2025-12-13T10:33:42.739+0000] {logging_mixin.py:190} INFO - [2025-12-13T10:33:42.739+0000] {dag.py:3239} INFO - Sync 1 DAGs
[2025-12-13T10:33:42.764+0000] {logging_mixin.py:190} INFO - [2025-12-13T10:33:42.763+0000] {dag.py:4180} INFO - Setting next_dagrun for example_sensors to None, run_after=None
[2025-12-13T10:33:42.795+0000] {processor.py:208} INFO - Processing /home/airflow/.local/lib/python3.12/site-packages/airflow/example_dags/example_sensors.py took 0.150 seconds
[2025-12-13T10:34:13.506+0000] {processor.py:186} INFO - Started process (PID=2284) to work on /home/airflow/.local/lib/python3.12/site-packages/airflow/example_dags/example_sensors.py
[2025-12-13T10:34:13.509+0000] {processor.py:914} INFO - Processing file /home/airflow/.local/lib/python3.12/site-packages/airflow/example_dags/example_sensors.py for tasks to queue
[2025-12-13T10:34:13.513+0000] {logging_mixin.py:190} INFO - [2025-12-13T10:34:13.512+0000] {dagbag.py:588} INFO - Filling up the DagBag from /home/airflow/.local/lib/python3.12/site-packages/airflow/example_dags/example_sensors.py
[2025-12-13T10:34:13.542+0000] {processor.py:925} INFO - DAG(s) 'example_sensors' retrieved from /home/airflow/.local/lib/python3.12/site-packages/airflow/example_dags/example_sensors.py
[2025-12-13T10:34:13.593+0000] {logging_mixin.py:190} INFO - [2025-12-13T10:34:13.593+0000] {dag.py:3239} INFO - Sync 1 DAGs
[2025-12-13T10:34:13.623+0000] {logging_mixin.py:190} INFO - [2025-12-13T10:34:13.623+0000] {dag.py:4180} INFO - Setting next_dagrun for example_sensors to None, run_after=None
[2025-12-13T10:34:13.655+0000] {processor.py:208} INFO - Processing /home/airflow/.local/lib/python3.12/site-packages/airflow/example_dags/example_sensors.py took 0.158 seconds
[2025-12-13T10:34:43.842+0000] {processor.py:186} INFO - Started process (PID=2347) to work on /home/airflow/.local/lib/python3.12/site-packages/airflow/example_dags/example_sensors.py
[2025-12-13T10:34:43.843+0000] {processor.py:914} INFO - Processing file /home/airflow/.local/lib/python3.12/site-packages/airflow/example_dags/example_sensors.py for tasks to queue
[2025-12-13T10:34:43.847+0000] {logging_mixin.py:190} INFO - [2025-12-13T10:34:43.847+0000] {dagbag.py:588} INFO - Filling up the DagBag from /home/airflow/.local/lib/python3.12/site-packages/airflow/example_dags/example_sensors.py
[2025-12-13T10:34:43.871+0000] {processor.py:925} INFO - DAG(s) 'example_sensors' retrieved from /home/airflow/.local/lib/python3.12/site-packages/airflow/example_dags/example_sensors.py
[2025-12-13T10:34:43.928+0000] {logging_mixin.py:190} INFO - [2025-12-13T10:34:43.927+0000] {dag.py:3239} INFO - Sync 1 DAGs
[2025-12-13T10:34:43.966+0000] {logging_mixin.py:190} INFO - [2025-12-13T10:34:43.966+0000] {dag.py:4180} INFO - Setting next_dagrun for example_sensors to None, run_after=None
[2025-12-13T10:34:44.000+0000] {processor.py:208} INFO - Processing /home/airflow/.local/lib/python3.12/site-packages/airflow/example_dags/example_sensors.py took 0.169 seconds
[2025-12-13T10:35:14.492+0000] {processor.py:186} INFO - Started process (PID=2410) to work on /home/airflow/.local/lib/python3.12/site-packages/airflow/example_dags/example_sensors.py
[2025-12-13T10:35:14.495+0000] {processor.py:914} INFO - Processing file /home/airflow/.local/lib/python3.12/site-packages/airflow/example_dags/example_sensors.py for tasks to queue
[2025-12-13T10:35:14.499+0000] {logging_mixin.py:190} INFO - [2025-12-13T10:35:14.499+0000] {dagbag.py:588} INFO - Filling up the DagBag from /home/airflow/.local/lib/python3.12/site-packages/airflow/example_dags/example_sensors.py
[2025-12-13T10:35:14.522+0000] {processor.py:925} INFO - DAG(s) 'example_sensors' retrieved from /home/airflow/.local/lib/python3.12/site-packages/airflow/example_dags/example_sensors.py
[2025-12-13T10:35:14.575+0000] {logging_mixin.py:190} INFO - [2025-12-13T10:35:14.575+0000] {dag.py:3239} INFO - Sync 1 DAGs
[2025-12-13T10:35:14.607+0000] {logging_mixin.py:190} INFO - [2025-12-13T10:35:14.606+0000] {dag.py:4180} INFO - Setting next_dagrun for example_sensors to None, run_after=None
[2025-12-13T10:35:14.641+0000] {processor.py:208} INFO - Processing /home/airflow/.local/lib/python3.12/site-packages/airflow/example_dags/example_sensors.py took 0.179 seconds
[2025-12-13T10:35:44.857+0000] {processor.py:186} INFO - Started process (PID=2472) to work on /home/airflow/.local/lib/python3.12/site-packages/airflow/example_dags/example_sensors.py
[2025-12-13T10:35:44.862+0000] {processor.py:914} INFO - Processing file /home/airflow/.local/lib/python3.12/site-packages/airflow/example_dags/example_sensors.py for tasks to queue
[2025-12-13T10:35:44.869+0000] {logging_mixin.py:190} INFO - [2025-12-13T10:35:44.868+0000] {dagbag.py:588} INFO - Filling up the DagBag from /home/airflow/.local/lib/python3.12/site-packages/airflow/example_dags/example_sensors.py
[2025-12-13T10:35:44.894+0000] {processor.py:925} INFO - DAG(s) 'example_sensors' retrieved from /home/airflow/.local/lib/python3.12/site-packages/airflow/example_dags/example_sensors.py
[2025-12-13T10:35:44.964+0000] {logging_mixin.py:190} INFO - [2025-12-13T10:35:44.961+0000] {dag.py:3239} INFO - Sync 1 DAGs
[2025-12-13T10:35:45.011+0000] {logging_mixin.py:190} INFO - [2025-12-13T10:35:45.010+0000] {dag.py:4180} INFO - Setting next_dagrun for example_sensors to None, run_after=None
[2025-12-13T10:35:45.056+0000] {processor.py:208} INFO - Processing /home/airflow/.local/lib/python3.12/site-packages/airflow/example_dags/example_sensors.py took 0.212 seconds
[2025-12-13T10:36:15.222+0000] {processor.py:186} INFO - Started process (PID=2535) to work on /home/airflow/.local/lib/python3.12/site-packages/airflow/example_dags/example_sensors.py
[2025-12-13T10:36:15.223+0000] {processor.py:914} INFO - Processing file /home/airflow/.local/lib/python3.12/site-packages/airflow/example_dags/example_sensors.py for tasks to queue
[2025-12-13T10:36:15.228+0000] {logging_mixin.py:190} INFO - [2025-12-13T10:36:15.227+0000] {dagbag.py:588} INFO - Filling up the DagBag from /home/airflow/.local/lib/python3.12/site-packages/airflow/example_dags/example_sensors.py
[2025-12-13T10:36:15.255+0000] {processor.py:925} INFO - DAG(s) 'example_sensors' retrieved from /home/airflow/.local/lib/python3.12/site-packages/airflow/example_dags/example_sensors.py
[2025-12-13T10:36:15.303+0000] {logging_mixin.py:190} INFO - [2025-12-13T10:36:15.303+0000] {dag.py:3239} INFO - Sync 1 DAGs
[2025-12-13T10:36:15.336+0000] {logging_mixin.py:190} INFO - [2025-12-13T10:36:15.336+0000] {dag.py:4180} INFO - Setting next_dagrun for example_sensors to None, run_after=None
[2025-12-13T10:36:15.371+0000] {processor.py:208} INFO - Processing /home/airflow/.local/lib/python3.12/site-packages/airflow/example_dags/example_sensors.py took 0.162 seconds
[2025-12-13T10:36:46.508+0000] {processor.py:186} INFO - Started process (PID=2597) to work on /home/airflow/.local/lib/python3.12/site-packages/airflow/example_dags/example_sensors.py
[2025-12-13T10:36:46.512+0000] {processor.py:914} INFO - Processing file /home/airflow/.local/lib/python3.12/site-packages/airflow/example_dags/example_sensors.py for tasks to queue
[2025-12-13T10:36:46.516+0000] {logging_mixin.py:190} INFO - [2025-12-13T10:36:46.515+0000] {dagbag.py:588} INFO - Filling up the DagBag from /home/airflow/.local/lib/python3.12/site-packages/airflow/example_dags/example_sensors.py
[2025-12-13T10:36:46.539+0000] {processor.py:925} INFO - DAG(s) 'example_sensors' retrieved from /home/airflow/.local/lib/python3.12/site-packages/airflow/example_dags/example_sensors.py
[2025-12-13T10:36:46.579+0000] {logging_mixin.py:190} INFO - [2025-12-13T10:36:46.579+0000] {dag.py:3239} INFO - Sync 1 DAGs
[2025-12-13T10:36:46.612+0000] {logging_mixin.py:190} INFO - [2025-12-13T10:36:46.612+0000] {dag.py:4180} INFO - Setting next_dagrun for example_sensors to None, run_after=None
[2025-12-13T10:36:46.644+0000] {processor.py:208} INFO - Processing /home/airflow/.local/lib/python3.12/site-packages/airflow/example_dags/example_sensors.py took 0.147 seconds
[2025-12-13T10:37:17.482+0000] {processor.py:186} INFO - Started process (PID=2659) to work on /home/airflow/.local/lib/python3.12/site-packages/airflow/example_dags/example_sensors.py
[2025-12-13T10:37:17.483+0000] {processor.py:914} INFO - Processing file /home/airflow/.local/lib/python3.12/site-packages/airflow/example_dags/example_sensors.py for tasks to queue
[2025-12-13T10:37:17.488+0000] {logging_mixin.py:190} INFO - [2025-12-13T10:37:17.487+0000] {dagbag.py:588} INFO - Filling up the DagBag from /home/airflow/.local/lib/python3.12/site-packages/airflow/example_dags/example_sensors.py
[2025-12-13T10:37:17.516+0000] {processor.py:925} INFO - DAG(s) 'example_sensors' retrieved from /home/airflow/.local/lib/python3.12/site-packages/airflow/example_dags/example_sensors.py
[2025-12-13T10:37:17.612+0000] {logging_mixin.py:190} INFO - [2025-12-13T10:37:17.612+0000] {dag.py:3239} INFO - Sync 1 DAGs
[2025-12-13T10:37:17.656+0000] {logging_mixin.py:190} INFO - [2025-12-13T10:37:17.656+0000] {dag.py:4180} INFO - Setting next_dagrun for example_sensors to None, run_after=None
[2025-12-13T10:37:17.704+0000] {processor.py:208} INFO - Processing /home/airflow/.local/lib/python3.12/site-packages/airflow/example_dags/example_sensors.py took 0.235 seconds
[2025-12-13T10:37:47.939+0000] {processor.py:186} INFO - Started process (PID=2722) to work on /home/airflow/.local/lib/python3.12/site-packages/airflow/example_dags/example_sensors.py
[2025-12-13T10:37:47.946+0000] {processor.py:914} INFO - Processing file /home/airflow/.local/lib/python3.12/site-packages/airflow/example_dags/example_sensors.py for tasks to queue
[2025-12-13T10:37:47.956+0000] {logging_mixin.py:190} INFO - [2025-12-13T10:37:47.956+0000] {dagbag.py:588} INFO - Filling up the DagBag from /home/airflow/.local/lib/python3.12/site-packages/airflow/example_dags/example_sensors.py
[2025-12-13T10:37:47.995+0000] {processor.py:925} INFO - DAG(s) 'example_sensors' retrieved from /home/airflow/.local/lib/python3.12/site-packages/airflow/example_dags/example_sensors.py
[2025-12-13T10:37:48.051+0000] {logging_mixin.py:190} INFO - [2025-12-13T10:37:48.050+0000] {dag.py:3239} INFO - Sync 1 DAGs
[2025-12-13T10:37:48.110+0000] {logging_mixin.py:190} INFO - [2025-12-13T10:37:48.110+0000] {dag.py:4180} INFO - Setting next_dagrun for example_sensors to None, run_after=None
[2025-12-13T10:37:48.145+0000] {processor.py:208} INFO - Processing /home/airflow/.local/lib/python3.12/site-packages/airflow/example_dags/example_sensors.py took 0.234 seconds
[2025-12-13T10:38:19.148+0000] {processor.py:186} INFO - Started process (PID=2792) to work on /home/airflow/.local/lib/python3.12/site-packages/airflow/example_dags/example_sensors.py
[2025-12-13T10:38:19.151+0000] {processor.py:914} INFO - Processing file /home/airflow/.local/lib/python3.12/site-packages/airflow/example_dags/example_sensors.py for tasks to queue
[2025-12-13T10:38:19.156+0000] {logging_mixin.py:190} INFO - [2025-12-13T10:38:19.155+0000] {dagbag.py:588} INFO - Filling up the DagBag from /home/airflow/.local/lib/python3.12/site-packages/airflow/example_dags/example_sensors.py
[2025-12-13T10:38:19.194+0000] {processor.py:925} INFO - DAG(s) 'example_sensors' retrieved from /home/airflow/.local/lib/python3.12/site-packages/airflow/example_dags/example_sensors.py
[2025-12-13T10:38:19.270+0000] {logging_mixin.py:190} INFO - [2025-12-13T10:38:19.269+0000] {dag.py:3239} INFO - Sync 1 DAGs
[2025-12-13T10:38:19.311+0000] {logging_mixin.py:190} INFO - [2025-12-13T10:38:19.311+0000] {dag.py:4180} INFO - Setting next_dagrun for example_sensors to None, run_after=None
[2025-12-13T10:38:19.352+0000] {processor.py:208} INFO - Processing /home/airflow/.local/lib/python3.12/site-packages/airflow/example_dags/example_sensors.py took 0.257 seconds
[2025-12-13T10:38:49.961+0000] {processor.py:186} INFO - Started process (PID=2855) to work on /home/airflow/.local/lib/python3.12/site-packages/airflow/example_dags/example_sensors.py
[2025-12-13T10:38:49.962+0000] {processor.py:914} INFO - Processing file /home/airflow/.local/lib/python3.12/site-packages/airflow/example_dags/example_sensors.py for tasks to queue
[2025-12-13T10:38:49.966+0000] {logging_mixin.py:190} INFO - [2025-12-13T10:38:49.965+0000] {dagbag.py:588} INFO - Filling up the DagBag from /home/airflow/.local/lib/python3.12/site-packages/airflow/example_dags/example_sensors.py
[2025-12-13T10:38:49.986+0000] {processor.py:925} INFO - DAG(s) 'example_sensors' retrieved from /home/airflow/.local/lib/python3.12/site-packages/airflow/example_dags/example_sensors.py
[2025-12-13T10:38:50.030+0000] {logging_mixin.py:190} INFO - [2025-12-13T10:38:50.029+0000] {dag.py:3239} INFO - Sync 1 DAGs
[2025-12-13T10:38:50.060+0000] {logging_mixin.py:190} INFO - [2025-12-13T10:38:50.059+0000] {dag.py:4180} INFO - Setting next_dagrun for example_sensors to None, run_after=None
[2025-12-13T10:38:50.093+0000] {processor.py:208} INFO - Processing /home/airflow/.local/lib/python3.12/site-packages/airflow/example_dags/example_sensors.py took 0.143 seconds
[2025-12-13T10:39:20.611+0000] {processor.py:186} INFO - Started process (PID=2918) to work on /home/airflow/.local/lib/python3.12/site-packages/airflow/example_dags/example_sensors.py
[2025-12-13T10:39:20.613+0000] {processor.py:914} INFO - Processing file /home/airflow/.local/lib/python3.12/site-packages/airflow/example_dags/example_sensors.py for tasks to queue
[2025-12-13T10:39:20.617+0000] {logging_mixin.py:190} INFO - [2025-12-13T10:39:20.616+0000] {dagbag.py:588} INFO - Filling up the DagBag from /home/airflow/.local/lib/python3.12/site-packages/airflow/example_dags/example_sensors.py
[2025-12-13T10:39:20.636+0000] {processor.py:925} INFO - DAG(s) 'example_sensors' retrieved from /home/airflow/.local/lib/python3.12/site-packages/airflow/example_dags/example_sensors.py
[2025-12-13T10:39:20.677+0000] {logging_mixin.py:190} INFO - [2025-12-13T10:39:20.677+0000] {dag.py:3239} INFO - Sync 1 DAGs
[2025-12-13T10:39:20.942+0000] {logging_mixin.py:190} INFO - [2025-12-13T10:39:20.942+0000] {dag.py:4180} INFO - Setting next_dagrun for example_sensors to None, run_after=None
[2025-12-13T10:39:20.969+0000] {processor.py:208} INFO - Processing /home/airflow/.local/lib/python3.12/site-packages/airflow/example_dags/example_sensors.py took 0.368 seconds
[2025-12-13T10:39:51.176+0000] {processor.py:186} INFO - Started process (PID=2981) to work on /home/airflow/.local/lib/python3.12/site-packages/airflow/example_dags/example_sensors.py
[2025-12-13T10:39:51.178+0000] {processor.py:914} INFO - Processing file /home/airflow/.local/lib/python3.12/site-packages/airflow/example_dags/example_sensors.py for tasks to queue
[2025-12-13T10:39:51.182+0000] {logging_mixin.py:190} INFO - [2025-12-13T10:39:51.182+0000] {dagbag.py:588} INFO - Filling up the DagBag from /home/airflow/.local/lib/python3.12/site-packages/airflow/example_dags/example_sensors.py
[2025-12-13T10:39:51.198+0000] {processor.py:925} INFO - DAG(s) 'example_sensors' retrieved from /home/airflow/.local/lib/python3.12/site-packages/airflow/example_dags/example_sensors.py
[2025-12-13T10:39:51.247+0000] {logging_mixin.py:190} INFO - [2025-12-13T10:39:51.247+0000] {dag.py:3239} INFO - Sync 1 DAGs
[2025-12-13T10:39:51.510+0000] {logging_mixin.py:190} INFO - [2025-12-13T10:39:51.510+0000] {dag.py:4180} INFO - Setting next_dagrun for example_sensors to None, run_after=None
[2025-12-13T10:39:51.535+0000] {processor.py:208} INFO - Processing /home/airflow/.local/lib/python3.12/site-packages/airflow/example_dags/example_sensors.py took 0.368 seconds
[2025-12-13T10:40:21.607+0000] {processor.py:186} INFO - Started process (PID=3044) to work on /home/airflow/.local/lib/python3.12/site-packages/airflow/example_dags/example_sensors.py
[2025-12-13T10:40:21.609+0000] {processor.py:914} INFO - Processing file /home/airflow/.local/lib/python3.12/site-packages/airflow/example_dags/example_sensors.py for tasks to queue
[2025-12-13T10:40:21.615+0000] {logging_mixin.py:190} INFO - [2025-12-13T10:40:21.615+0000] {dagbag.py:588} INFO - Filling up the DagBag from /home/airflow/.local/lib/python3.12/site-packages/airflow/example_dags/example_sensors.py
[2025-12-13T10:40:21.647+0000] {processor.py:925} INFO - DAG(s) 'example_sensors' retrieved from /home/airflow/.local/lib/python3.12/site-packages/airflow/example_dags/example_sensors.py
[2025-12-13T10:40:21.709+0000] {logging_mixin.py:190} INFO - [2025-12-13T10:40:21.709+0000] {dag.py:3239} INFO - Sync 1 DAGs
[2025-12-13T10:40:21.741+0000] {logging_mixin.py:190} INFO - [2025-12-13T10:40:21.741+0000] {dag.py:4180} INFO - Setting next_dagrun for example_sensors to None, run_after=None
[2025-12-13T10:40:22.030+0000] {processor.py:208} INFO - Processing /home/airflow/.local/lib/python3.12/site-packages/airflow/example_dags/example_sensors.py took 0.435 seconds
[2025-12-13T10:40:52.499+0000] {processor.py:186} INFO - Started process (PID=3107) to work on /home/airflow/.local/lib/python3.12/site-packages/airflow/example_dags/example_sensors.py
[2025-12-13T10:40:52.503+0000] {processor.py:914} INFO - Processing file /home/airflow/.local/lib/python3.12/site-packages/airflow/example_dags/example_sensors.py for tasks to queue
[2025-12-13T10:40:52.511+0000] {logging_mixin.py:190} INFO - [2025-12-13T10:40:52.510+0000] {dagbag.py:588} INFO - Filling up the DagBag from /home/airflow/.local/lib/python3.12/site-packages/airflow/example_dags/example_sensors.py
[2025-12-13T10:40:52.543+0000] {processor.py:925} INFO - DAG(s) 'example_sensors' retrieved from /home/airflow/.local/lib/python3.12/site-packages/airflow/example_dags/example_sensors.py
[2025-12-13T10:40:52.629+0000] {logging_mixin.py:190} INFO - [2025-12-13T10:40:52.628+0000] {dag.py:3239} INFO - Sync 1 DAGs
[2025-12-13T10:40:52.691+0000] {logging_mixin.py:190} INFO - [2025-12-13T10:40:52.691+0000] {dag.py:4180} INFO - Setting next_dagrun for example_sensors to None, run_after=None
[2025-12-13T10:40:52.755+0000] {processor.py:208} INFO - Processing /home/airflow/.local/lib/python3.12/site-packages/airflow/example_dags/example_sensors.py took 0.276 seconds
[2025-12-13T10:41:23.309+0000] {processor.py:186} INFO - Started process (PID=3170) to work on /home/airflow/.local/lib/python3.12/site-packages/airflow/example_dags/example_sensors.py
[2025-12-13T10:41:23.311+0000] {processor.py:914} INFO - Processing file /home/airflow/.local/lib/python3.12/site-packages/airflow/example_dags/example_sensors.py for tasks to queue
[2025-12-13T10:41:23.314+0000] {logging_mixin.py:190} INFO - [2025-12-13T10:41:23.314+0000] {dagbag.py:588} INFO - Filling up the DagBag from /home/airflow/.local/lib/python3.12/site-packages/airflow/example_dags/example_sensors.py
[2025-12-13T10:41:23.331+0000] {processor.py:925} INFO - DAG(s) 'example_sensors' retrieved from /home/airflow/.local/lib/python3.12/site-packages/airflow/example_dags/example_sensors.py
[2025-12-13T10:41:23.373+0000] {logging_mixin.py:190} INFO - [2025-12-13T10:41:23.372+0000] {dag.py:3239} INFO - Sync 1 DAGs
[2025-12-13T10:41:23.397+0000] {logging_mixin.py:190} INFO - [2025-12-13T10:41:23.397+0000] {dag.py:4180} INFO - Setting next_dagrun for example_sensors to None, run_after=None
[2025-12-13T10:41:23.427+0000] {processor.py:208} INFO - Processing /home/airflow/.local/lib/python3.12/site-packages/airflow/example_dags/example_sensors.py took 0.128 seconds
[2025-12-13T10:41:54.460+0000] {processor.py:186} INFO - Started process (PID=3233) to work on /home/airflow/.local/lib/python3.12/site-packages/airflow/example_dags/example_sensors.py
[2025-12-13T10:41:54.462+0000] {processor.py:914} INFO - Processing file /home/airflow/.local/lib/python3.12/site-packages/airflow/example_dags/example_sensors.py for tasks to queue
[2025-12-13T10:41:54.469+0000] {logging_mixin.py:190} INFO - [2025-12-13T10:41:54.468+0000] {dagbag.py:588} INFO - Filling up the DagBag from /home/airflow/.local/lib/python3.12/site-packages/airflow/example_dags/example_sensors.py
[2025-12-13T10:41:54.500+0000] {processor.py:925} INFO - DAG(s) 'example_sensors' retrieved from /home/airflow/.local/lib/python3.12/site-packages/airflow/example_dags/example_sensors.py
[2025-12-13T10:41:54.554+0000] {logging_mixin.py:190} INFO - [2025-12-13T10:41:54.554+0000] {dag.py:3239} INFO - Sync 1 DAGs
[2025-12-13T10:41:54.588+0000] {logging_mixin.py:190} INFO - [2025-12-13T10:41:54.587+0000] {dag.py:4180} INFO - Setting next_dagrun for example_sensors to None, run_after=None
[2025-12-13T10:41:54.623+0000] {processor.py:208} INFO - Processing /home/airflow/.local/lib/python3.12/site-packages/airflow/example_dags/example_sensors.py took 0.177 seconds
[2025-12-13T10:42:25.279+0000] {processor.py:186} INFO - Started process (PID=3296) to work on /home/airflow/.local/lib/python3.12/site-packages/airflow/example_dags/example_sensors.py
[2025-12-13T10:42:25.281+0000] {processor.py:914} INFO - Processing file /home/airflow/.local/lib/python3.12/site-packages/airflow/example_dags/example_sensors.py for tasks to queue
[2025-12-13T10:42:25.285+0000] {logging_mixin.py:190} INFO - [2025-12-13T10:42:25.285+0000] {dagbag.py:588} INFO - Filling up the DagBag from /home/airflow/.local/lib/python3.12/site-packages/airflow/example_dags/example_sensors.py
[2025-12-13T10:42:25.311+0000] {processor.py:925} INFO - DAG(s) 'example_sensors' retrieved from /home/airflow/.local/lib/python3.12/site-packages/airflow/example_dags/example_sensors.py
[2025-12-13T10:42:25.367+0000] {logging_mixin.py:190} INFO - [2025-12-13T10:42:25.366+0000] {dag.py:3239} INFO - Sync 1 DAGs
[2025-12-13T10:42:25.399+0000] {logging_mixin.py:190} INFO - [2025-12-13T10:42:25.399+0000] {dag.py:4180} INFO - Setting next_dagrun for example_sensors to None, run_after=None
[2025-12-13T10:42:25.441+0000] {processor.py:208} INFO - Processing /home/airflow/.local/lib/python3.12/site-packages/airflow/example_dags/example_sensors.py took 0.176 seconds
[2025-12-13T10:42:55.548+0000] {processor.py:186} INFO - Started process (PID=3358) to work on /home/airflow/.local/lib/python3.12/site-packages/airflow/example_dags/example_sensors.py
[2025-12-13T10:42:55.550+0000] {processor.py:914} INFO - Processing file /home/airflow/.local/lib/python3.12/site-packages/airflow/example_dags/example_sensors.py for tasks to queue
[2025-12-13T10:42:55.554+0000] {logging_mixin.py:190} INFO - [2025-12-13T10:42:55.553+0000] {dagbag.py:588} INFO - Filling up the DagBag from /home/airflow/.local/lib/python3.12/site-packages/airflow/example_dags/example_sensors.py
[2025-12-13T10:42:55.581+0000] {processor.py:925} INFO - DAG(s) 'example_sensors' retrieved from /home/airflow/.local/lib/python3.12/site-packages/airflow/example_dags/example_sensors.py
[2025-12-13T10:42:55.637+0000] {logging_mixin.py:190} INFO - [2025-12-13T10:42:55.636+0000] {dag.py:3239} INFO - Sync 1 DAGs
[2025-12-13T10:42:55.666+0000] {logging_mixin.py:190} INFO - [2025-12-13T10:42:55.665+0000] {dag.py:4180} INFO - Setting next_dagrun for example_sensors to None, run_after=None
[2025-12-13T10:42:55.699+0000] {processor.py:208} INFO - Processing /home/airflow/.local/lib/python3.12/site-packages/airflow/example_dags/example_sensors.py took 0.163 seconds
[2025-12-13T10:43:26.321+0000] {processor.py:186} INFO - Started process (PID=3419) to work on /home/airflow/.local/lib/python3.12/site-packages/airflow/example_dags/example_sensors.py
[2025-12-13T10:43:26.323+0000] {processor.py:914} INFO - Processing file /home/airflow/.local/lib/python3.12/site-packages/airflow/example_dags/example_sensors.py for tasks to queue
[2025-12-13T10:43:26.327+0000] {logging_mixin.py:190} INFO - [2025-12-13T10:43:26.327+0000] {dagbag.py:588} INFO - Filling up the DagBag from /home/airflow/.local/lib/python3.12/site-packages/airflow/example_dags/example_sensors.py
[2025-12-13T10:43:26.352+0000] {processor.py:925} INFO - DAG(s) 'example_sensors' retrieved from /home/airflow/.local/lib/python3.12/site-packages/airflow/example_dags/example_sensors.py
[2025-12-13T10:43:26.399+0000] {logging_mixin.py:190} INFO - [2025-12-13T10:43:26.399+0000] {dag.py:3239} INFO - Sync 1 DAGs
[2025-12-13T10:43:26.422+0000] {logging_mixin.py:190} INFO - [2025-12-13T10:43:26.422+0000] {dag.py:4180} INFO - Setting next_dagrun for example_sensors to None, run_after=None
[2025-12-13T10:43:26.456+0000] {processor.py:208} INFO - Processing /home/airflow/.local/lib/python3.12/site-packages/airflow/example_dags/example_sensors.py took 0.147 seconds
[2025-12-13T10:43:57.022+0000] {processor.py:186} INFO - Started process (PID=3482) to work on /home/airflow/.local/lib/python3.12/site-packages/airflow/example_dags/example_sensors.py
[2025-12-13T10:43:57.023+0000] {processor.py:914} INFO - Processing file /home/airflow/.local/lib/python3.12/site-packages/airflow/example_dags/example_sensors.py for tasks to queue
[2025-12-13T10:43:57.028+0000] {logging_mixin.py:190} INFO - [2025-12-13T10:43:57.027+0000] {dagbag.py:588} INFO - Filling up the DagBag from /home/airflow/.local/lib/python3.12/site-packages/airflow/example_dags/example_sensors.py
[2025-12-13T10:43:57.076+0000] {processor.py:925} INFO - DAG(s) 'example_sensors' retrieved from /home/airflow/.local/lib/python3.12/site-packages/airflow/example_dags/example_sensors.py
[2025-12-13T10:43:57.159+0000] {logging_mixin.py:190} INFO - [2025-12-13T10:43:57.159+0000] {dag.py:3239} INFO - Sync 1 DAGs
[2025-12-13T10:43:57.218+0000] {logging_mixin.py:190} INFO - [2025-12-13T10:43:57.217+0000] {dag.py:4180} INFO - Setting next_dagrun for example_sensors to None, run_after=None
[2025-12-13T10:43:57.326+0000] {processor.py:208} INFO - Processing /home/airflow/.local/lib/python3.12/site-packages/airflow/example_dags/example_sensors.py took 0.317 seconds
[2025-12-13T10:44:28.474+0000] {processor.py:186} INFO - Started process (PID=3545) to work on /home/airflow/.local/lib/python3.12/site-packages/airflow/example_dags/example_sensors.py
[2025-12-13T10:44:28.476+0000] {processor.py:914} INFO - Processing file /home/airflow/.local/lib/python3.12/site-packages/airflow/example_dags/example_sensors.py for tasks to queue
[2025-12-13T10:44:28.484+0000] {logging_mixin.py:190} INFO - [2025-12-13T10:44:28.482+0000] {dagbag.py:588} INFO - Filling up the DagBag from /home/airflow/.local/lib/python3.12/site-packages/airflow/example_dags/example_sensors.py
[2025-12-13T10:44:28.524+0000] {processor.py:925} INFO - DAG(s) 'example_sensors' retrieved from /home/airflow/.local/lib/python3.12/site-packages/airflow/example_dags/example_sensors.py
[2025-12-13T10:44:28.615+0000] {logging_mixin.py:190} INFO - [2025-12-13T10:44:28.614+0000] {dag.py:3239} INFO - Sync 1 DAGs
[2025-12-13T10:44:28.671+0000] {logging_mixin.py:190} INFO - [2025-12-13T10:44:28.670+0000] {dag.py:4180} INFO - Setting next_dagrun for example_sensors to None, run_after=None
[2025-12-13T10:44:28.732+0000] {processor.py:208} INFO - Processing /home/airflow/.local/lib/python3.12/site-packages/airflow/example_dags/example_sensors.py took 0.281 seconds
[2025-12-13T10:44:59.356+0000] {processor.py:186} INFO - Started process (PID=3608) to work on /home/airflow/.local/lib/python3.12/site-packages/airflow/example_dags/example_sensors.py
[2025-12-13T10:44:59.357+0000] {processor.py:914} INFO - Processing file /home/airflow/.local/lib/python3.12/site-packages/airflow/example_dags/example_sensors.py for tasks to queue
[2025-12-13T10:44:59.360+0000] {logging_mixin.py:190} INFO - [2025-12-13T10:44:59.360+0000] {dagbag.py:588} INFO - Filling up the DagBag from /home/airflow/.local/lib/python3.12/site-packages/airflow/example_dags/example_sensors.py
[2025-12-13T10:44:59.379+0000] {processor.py:925} INFO - DAG(s) 'example_sensors' retrieved from /home/airflow/.local/lib/python3.12/site-packages/airflow/example_dags/example_sensors.py
[2025-12-13T10:44:59.420+0000] {logging_mixin.py:190} INFO - [2025-12-13T10:44:59.419+0000] {dag.py:3239} INFO - Sync 1 DAGs
[2025-12-13T10:44:59.440+0000] {logging_mixin.py:190} INFO - [2025-12-13T10:44:59.439+0000] {dag.py:4180} INFO - Setting next_dagrun for example_sensors to None, run_after=None
[2025-12-13T10:44:59.467+0000] {processor.py:208} INFO - Processing /home/airflow/.local/lib/python3.12/site-packages/airflow/example_dags/example_sensors.py took 0.119 seconds
[2025-12-13T10:45:29.924+0000] {processor.py:186} INFO - Started process (PID=3671) to work on /home/airflow/.local/lib/python3.12/site-packages/airflow/example_dags/example_sensors.py
[2025-12-13T10:45:29.925+0000] {processor.py:914} INFO - Processing file /home/airflow/.local/lib/python3.12/site-packages/airflow/example_dags/example_sensors.py for tasks to queue
[2025-12-13T10:45:29.929+0000] {logging_mixin.py:190} INFO - [2025-12-13T10:45:29.928+0000] {dagbag.py:588} INFO - Filling up the DagBag from /home/airflow/.local/lib/python3.12/site-packages/airflow/example_dags/example_sensors.py
[2025-12-13T10:45:29.953+0000] {processor.py:925} INFO - DAG(s) 'example_sensors' retrieved from /home/airflow/.local/lib/python3.12/site-packages/airflow/example_dags/example_sensors.py
[2025-12-13T10:45:30.004+0000] {logging_mixin.py:190} INFO - [2025-12-13T10:45:30.004+0000] {dag.py:3239} INFO - Sync 1 DAGs
[2025-12-13T10:45:30.026+0000] {logging_mixin.py:190} INFO - [2025-12-13T10:45:30.026+0000] {dag.py:4180} INFO - Setting next_dagrun for example_sensors to None, run_after=None
[2025-12-13T10:45:30.053+0000] {processor.py:208} INFO - Processing /home/airflow/.local/lib/python3.12/site-packages/airflow/example_dags/example_sensors.py took 0.141 seconds
[2025-12-13T10:46:00.521+0000] {processor.py:186} INFO - Started process (PID=3734) to work on /home/airflow/.local/lib/python3.12/site-packages/airflow/example_dags/example_sensors.py
[2025-12-13T10:46:00.522+0000] {processor.py:914} INFO - Processing file /home/airflow/.local/lib/python3.12/site-packages/airflow/example_dags/example_sensors.py for tasks to queue
[2025-12-13T10:46:00.526+0000] {logging_mixin.py:190} INFO - [2025-12-13T10:46:00.526+0000] {dagbag.py:588} INFO - Filling up the DagBag from /home/airflow/.local/lib/python3.12/site-packages/airflow/example_dags/example_sensors.py
[2025-12-13T10:46:00.548+0000] {processor.py:925} INFO - DAG(s) 'example_sensors' retrieved from /home/airflow/.local/lib/python3.12/site-packages/airflow/example_dags/example_sensors.py
[2025-12-13T10:46:00.598+0000] {logging_mixin.py:190} INFO - [2025-12-13T10:46:00.597+0000] {dag.py:3239} INFO - Sync 1 DAGs
[2025-12-13T10:46:00.632+0000] {logging_mixin.py:190} INFO - [2025-12-13T10:46:00.632+0000] {dag.py:4180} INFO - Setting next_dagrun for example_sensors to None, run_after=None
[2025-12-13T10:46:00.671+0000] {processor.py:208} INFO - Processing /home/airflow/.local/lib/python3.12/site-packages/airflow/example_dags/example_sensors.py took 0.164 seconds
[2025-12-13T10:46:31.425+0000] {processor.py:186} INFO - Started process (PID=3797) to work on /home/airflow/.local/lib/python3.12/site-packages/airflow/example_dags/example_sensors.py
[2025-12-13T10:46:31.429+0000] {processor.py:914} INFO - Processing file /home/airflow/.local/lib/python3.12/site-packages/airflow/example_dags/example_sensors.py for tasks to queue
[2025-12-13T10:46:31.434+0000] {logging_mixin.py:190} INFO - [2025-12-13T10:46:31.433+0000] {dagbag.py:588} INFO - Filling up the DagBag from /home/airflow/.local/lib/python3.12/site-packages/airflow/example_dags/example_sensors.py
[2025-12-13T10:46:31.469+0000] {processor.py:925} INFO - DAG(s) 'example_sensors' retrieved from /home/airflow/.local/lib/python3.12/site-packages/airflow/example_dags/example_sensors.py
[2025-12-13T10:46:31.597+0000] {logging_mixin.py:190} INFO - [2025-12-13T10:46:31.597+0000] {dag.py:3239} INFO - Sync 1 DAGs
[2025-12-13T10:46:31.640+0000] {logging_mixin.py:190} INFO - [2025-12-13T10:46:31.640+0000] {dag.py:4180} INFO - Setting next_dagrun for example_sensors to None, run_after=None
[2025-12-13T10:46:31.694+0000] {processor.py:208} INFO - Processing /home/airflow/.local/lib/python3.12/site-packages/airflow/example_dags/example_sensors.py took 0.287 seconds
