[2025-12-13T10:16:01.629+0000] {processor.py:186} INFO - Started process (PID=80) to work on /home/airflow/.local/lib/python3.12/site-packages/airflow/example_dags/example_branch_python_dop_operator_3.py
[2025-12-13T10:16:01.631+0000] {processor.py:914} INFO - Processing file /home/airflow/.local/lib/python3.12/site-packages/airflow/example_dags/example_branch_python_dop_operator_3.py for tasks to queue
[2025-12-13T10:16:01.635+0000] {logging_mixin.py:190} INFO - [2025-12-13T10:16:01.634+0000] {dagbag.py:588} INFO - Filling up the DagBag from /home/airflow/.local/lib/python3.12/site-packages/airflow/example_dags/example_branch_python_dop_operator_3.py
[2025-12-13T10:16:01.667+0000] {processor.py:925} INFO - DAG(s) 'example_branch_dop_operator_v3' retrieved from /home/airflow/.local/lib/python3.12/site-packages/airflow/example_dags/example_branch_python_dop_operator_3.py
[2025-12-13T10:16:01.924+0000] {logging_mixin.py:190} INFO - [2025-12-13T10:16:01.923+0000] {override.py:1911} INFO - Created Permission View: can edit on DAG:example_branch_dop_operator_v3
[2025-12-13T10:16:01.945+0000] {logging_mixin.py:190} INFO - [2025-12-13T10:16:01.944+0000] {override.py:1911} INFO - Created Permission View: can delete on DAG:example_branch_dop_operator_v3
[2025-12-13T10:16:01.967+0000] {logging_mixin.py:190} INFO - [2025-12-13T10:16:01.966+0000] {override.py:1911} INFO - Created Permission View: can read on DAG:example_branch_dop_operator_v3
[2025-12-13T10:16:01.997+0000] {logging_mixin.py:190} INFO - [2025-12-13T10:16:01.997+0000] {override.py:1911} INFO - Created Permission View: can create on DAG Run:example_branch_dop_operator_v3
[2025-12-13T10:16:02.032+0000] {logging_mixin.py:190} INFO - [2025-12-13T10:16:02.032+0000] {override.py:1911} INFO - Created Permission View: can delete on DAG Run:example_branch_dop_operator_v3
[2025-12-13T10:16:02.045+0000] {logging_mixin.py:190} INFO - [2025-12-13T10:16:02.044+0000] {override.py:1911} INFO - Created Permission View: menu access on DAG Run:example_branch_dop_operator_v3
[2025-12-13T10:16:02.061+0000] {logging_mixin.py:190} INFO - [2025-12-13T10:16:02.060+0000] {override.py:1911} INFO - Created Permission View: can read on DAG Run:example_branch_dop_operator_v3
[2025-12-13T10:16:02.062+0000] {logging_mixin.py:190} INFO - [2025-12-13T10:16:02.061+0000] {dag.py:3239} INFO - Sync 1 DAGs
[2025-12-13T10:16:02.088+0000] {logging_mixin.py:190} INFO - [2025-12-13T10:16:02.088+0000] {dag.py:3262} INFO - Creating ORM DAG for example_branch_dop_operator_v3
[2025-12-13T10:16:02.127+0000] {logging_mixin.py:190} INFO - [2025-12-13T10:16:02.126+0000] {dag.py:4180} INFO - Setting next_dagrun for example_branch_dop_operator_v3 to 2025-12-13 10:15:00+00:00, run_after=2025-12-13 10:16:00+00:00
[2025-12-13T10:16:02.173+0000] {processor.py:208} INFO - Processing /home/airflow/.local/lib/python3.12/site-packages/airflow/example_dags/example_branch_python_dop_operator_3.py took 0.556 seconds
[2025-12-13T10:16:32.821+0000] {processor.py:186} INFO - Started process (PID=142) to work on /home/airflow/.local/lib/python3.12/site-packages/airflow/example_dags/example_branch_python_dop_operator_3.py
[2025-12-13T10:16:32.823+0000] {processor.py:914} INFO - Processing file /home/airflow/.local/lib/python3.12/site-packages/airflow/example_dags/example_branch_python_dop_operator_3.py for tasks to queue
[2025-12-13T10:16:32.827+0000] {logging_mixin.py:190} INFO - [2025-12-13T10:16:32.827+0000] {dagbag.py:588} INFO - Filling up the DagBag from /home/airflow/.local/lib/python3.12/site-packages/airflow/example_dags/example_branch_python_dop_operator_3.py
[2025-12-13T10:16:32.848+0000] {processor.py:925} INFO - DAG(s) 'example_branch_dop_operator_v3' retrieved from /home/airflow/.local/lib/python3.12/site-packages/airflow/example_dags/example_branch_python_dop_operator_3.py
[2025-12-13T10:16:32.880+0000] {logging_mixin.py:190} INFO - [2025-12-13T10:16:32.880+0000] {dag.py:3239} INFO - Sync 1 DAGs
[2025-12-13T10:16:32.939+0000] {logging_mixin.py:190} INFO - [2025-12-13T10:16:32.938+0000] {dag.py:4180} INFO - Setting next_dagrun for example_branch_dop_operator_v3 to 2025-12-13 10:15:00+00:00, run_after=2025-12-13 10:16:00+00:00
[2025-12-13T10:16:32.978+0000] {processor.py:208} INFO - Processing /home/airflow/.local/lib/python3.12/site-packages/airflow/example_dags/example_branch_python_dop_operator_3.py took 0.168 seconds
[2025-12-13T10:17:03.552+0000] {processor.py:186} INFO - Started process (PID=205) to work on /home/airflow/.local/lib/python3.12/site-packages/airflow/example_dags/example_branch_python_dop_operator_3.py
[2025-12-13T10:17:03.554+0000] {processor.py:914} INFO - Processing file /home/airflow/.local/lib/python3.12/site-packages/airflow/example_dags/example_branch_python_dop_operator_3.py for tasks to queue
[2025-12-13T10:17:03.564+0000] {logging_mixin.py:190} INFO - [2025-12-13T10:17:03.563+0000] {dagbag.py:588} INFO - Filling up the DagBag from /home/airflow/.local/lib/python3.12/site-packages/airflow/example_dags/example_branch_python_dop_operator_3.py
[2025-12-13T10:17:03.639+0000] {processor.py:925} INFO - DAG(s) 'example_branch_dop_operator_v3' retrieved from /home/airflow/.local/lib/python3.12/site-packages/airflow/example_dags/example_branch_python_dop_operator_3.py
[2025-12-13T10:17:03.708+0000] {logging_mixin.py:190} INFO - [2025-12-13T10:17:03.708+0000] {dag.py:3239} INFO - Sync 1 DAGs
[2025-12-13T10:17:03.900+0000] {logging_mixin.py:190} INFO - [2025-12-13T10:17:03.899+0000] {dag.py:4180} INFO - Setting next_dagrun for example_branch_dop_operator_v3 to 2025-12-13 10:16:00+00:00, run_after=2025-12-13 10:17:00+00:00
[2025-12-13T10:17:03.995+0000] {processor.py:208} INFO - Processing /home/airflow/.local/lib/python3.12/site-packages/airflow/example_dags/example_branch_python_dop_operator_3.py took 0.468 seconds
[2025-12-13T10:17:34.092+0000] {processor.py:186} INFO - Started process (PID=267) to work on /home/airflow/.local/lib/python3.12/site-packages/airflow/example_dags/example_branch_python_dop_operator_3.py
[2025-12-13T10:17:34.095+0000] {processor.py:914} INFO - Processing file /home/airflow/.local/lib/python3.12/site-packages/airflow/example_dags/example_branch_python_dop_operator_3.py for tasks to queue
[2025-12-13T10:17:34.099+0000] {logging_mixin.py:190} INFO - [2025-12-13T10:17:34.098+0000] {dagbag.py:588} INFO - Filling up the DagBag from /home/airflow/.local/lib/python3.12/site-packages/airflow/example_dags/example_branch_python_dop_operator_3.py
[2025-12-13T10:17:34.119+0000] {processor.py:925} INFO - DAG(s) 'example_branch_dop_operator_v3' retrieved from /home/airflow/.local/lib/python3.12/site-packages/airflow/example_dags/example_branch_python_dop_operator_3.py
[2025-12-13T10:17:34.157+0000] {logging_mixin.py:190} INFO - [2025-12-13T10:17:34.156+0000] {dag.py:3239} INFO - Sync 1 DAGs
[2025-12-13T10:17:34.207+0000] {logging_mixin.py:190} INFO - [2025-12-13T10:17:34.206+0000] {dag.py:4180} INFO - Setting next_dagrun for example_branch_dop_operator_v3 to 2025-12-13 10:16:00+00:00, run_after=2025-12-13 10:17:00+00:00
[2025-12-13T10:17:34.234+0000] {processor.py:208} INFO - Processing /home/airflow/.local/lib/python3.12/site-packages/airflow/example_dags/example_branch_python_dop_operator_3.py took 0.154 seconds
[2025-12-13T10:18:04.284+0000] {processor.py:186} INFO - Started process (PID=330) to work on /home/airflow/.local/lib/python3.12/site-packages/airflow/example_dags/example_branch_python_dop_operator_3.py
[2025-12-13T10:18:04.285+0000] {processor.py:914} INFO - Processing file /home/airflow/.local/lib/python3.12/site-packages/airflow/example_dags/example_branch_python_dop_operator_3.py for tasks to queue
[2025-12-13T10:18:04.288+0000] {logging_mixin.py:190} INFO - [2025-12-13T10:18:04.287+0000] {dagbag.py:588} INFO - Filling up the DagBag from /home/airflow/.local/lib/python3.12/site-packages/airflow/example_dags/example_branch_python_dop_operator_3.py
[2025-12-13T10:18:04.305+0000] {processor.py:925} INFO - DAG(s) 'example_branch_dop_operator_v3' retrieved from /home/airflow/.local/lib/python3.12/site-packages/airflow/example_dags/example_branch_python_dop_operator_3.py
[2025-12-13T10:18:04.336+0000] {logging_mixin.py:190} INFO - [2025-12-13T10:18:04.335+0000] {dag.py:3239} INFO - Sync 1 DAGs
[2025-12-13T10:18:04.392+0000] {logging_mixin.py:190} INFO - [2025-12-13T10:18:04.392+0000] {dag.py:4180} INFO - Setting next_dagrun for example_branch_dop_operator_v3 to 2025-12-13 10:17:00+00:00, run_after=2025-12-13 10:18:00+00:00
[2025-12-13T10:18:04.423+0000] {processor.py:208} INFO - Processing /home/airflow/.local/lib/python3.12/site-packages/airflow/example_dags/example_branch_python_dop_operator_3.py took 0.148 seconds
[2025-12-13T10:18:34.835+0000] {processor.py:186} INFO - Started process (PID=393) to work on /home/airflow/.local/lib/python3.12/site-packages/airflow/example_dags/example_branch_python_dop_operator_3.py
[2025-12-13T10:18:34.837+0000] {processor.py:914} INFO - Processing file /home/airflow/.local/lib/python3.12/site-packages/airflow/example_dags/example_branch_python_dop_operator_3.py for tasks to queue
[2025-12-13T10:18:34.840+0000] {logging_mixin.py:190} INFO - [2025-12-13T10:18:34.840+0000] {dagbag.py:588} INFO - Filling up the DagBag from /home/airflow/.local/lib/python3.12/site-packages/airflow/example_dags/example_branch_python_dop_operator_3.py
[2025-12-13T10:18:34.860+0000] {processor.py:925} INFO - DAG(s) 'example_branch_dop_operator_v3' retrieved from /home/airflow/.local/lib/python3.12/site-packages/airflow/example_dags/example_branch_python_dop_operator_3.py
[2025-12-13T10:18:34.896+0000] {logging_mixin.py:190} INFO - [2025-12-13T10:18:34.896+0000] {dag.py:3239} INFO - Sync 1 DAGs
[2025-12-13T10:18:34.951+0000] {logging_mixin.py:190} INFO - [2025-12-13T10:18:34.951+0000] {dag.py:4180} INFO - Setting next_dagrun for example_branch_dop_operator_v3 to 2025-12-13 10:17:00+00:00, run_after=2025-12-13 10:18:00+00:00
[2025-12-13T10:18:34.982+0000] {processor.py:208} INFO - Processing /home/airflow/.local/lib/python3.12/site-packages/airflow/example_dags/example_branch_python_dop_operator_3.py took 0.159 seconds
[2025-12-13T10:19:05.657+0000] {processor.py:186} INFO - Started process (PID=456) to work on /home/airflow/.local/lib/python3.12/site-packages/airflow/example_dags/example_branch_python_dop_operator_3.py
[2025-12-13T10:19:05.659+0000] {processor.py:914} INFO - Processing file /home/airflow/.local/lib/python3.12/site-packages/airflow/example_dags/example_branch_python_dop_operator_3.py for tasks to queue
[2025-12-13T10:19:05.663+0000] {logging_mixin.py:190} INFO - [2025-12-13T10:19:05.662+0000] {dagbag.py:588} INFO - Filling up the DagBag from /home/airflow/.local/lib/python3.12/site-packages/airflow/example_dags/example_branch_python_dop_operator_3.py
[2025-12-13T10:19:05.683+0000] {processor.py:925} INFO - DAG(s) 'example_branch_dop_operator_v3' retrieved from /home/airflow/.local/lib/python3.12/site-packages/airflow/example_dags/example_branch_python_dop_operator_3.py
[2025-12-13T10:19:05.720+0000] {logging_mixin.py:190} INFO - [2025-12-13T10:19:05.719+0000] {dag.py:3239} INFO - Sync 1 DAGs
[2025-12-13T10:19:05.794+0000] {logging_mixin.py:190} INFO - [2025-12-13T10:19:05.794+0000] {dag.py:4180} INFO - Setting next_dagrun for example_branch_dop_operator_v3 to 2025-12-13 10:18:00+00:00, run_after=2025-12-13 10:19:00+00:00
[2025-12-13T10:19:05.843+0000] {processor.py:208} INFO - Processing /home/airflow/.local/lib/python3.12/site-packages/airflow/example_dags/example_branch_python_dop_operator_3.py took 0.199 seconds
[2025-12-13T10:19:36.848+0000] {processor.py:186} INFO - Started process (PID=518) to work on /home/airflow/.local/lib/python3.12/site-packages/airflow/example_dags/example_branch_python_dop_operator_3.py
[2025-12-13T10:19:36.857+0000] {processor.py:914} INFO - Processing file /home/airflow/.local/lib/python3.12/site-packages/airflow/example_dags/example_branch_python_dop_operator_3.py for tasks to queue
[2025-12-13T10:19:36.869+0000] {logging_mixin.py:190} INFO - [2025-12-13T10:19:36.868+0000] {dagbag.py:588} INFO - Filling up the DagBag from /home/airflow/.local/lib/python3.12/site-packages/airflow/example_dags/example_branch_python_dop_operator_3.py
[2025-12-13T10:19:36.950+0000] {processor.py:925} INFO - DAG(s) 'example_branch_dop_operator_v3' retrieved from /home/airflow/.local/lib/python3.12/site-packages/airflow/example_dags/example_branch_python_dop_operator_3.py
[2025-12-13T10:19:37.052+0000] {logging_mixin.py:190} INFO - [2025-12-13T10:19:37.052+0000] {dag.py:3239} INFO - Sync 1 DAGs
[2025-12-13T10:19:37.155+0000] {logging_mixin.py:190} INFO - [2025-12-13T10:19:37.154+0000] {dag.py:4180} INFO - Setting next_dagrun for example_branch_dop_operator_v3 to 2025-12-13 10:18:00+00:00, run_after=2025-12-13 10:19:00+00:00
[2025-12-13T10:19:37.201+0000] {processor.py:208} INFO - Processing /home/airflow/.local/lib/python3.12/site-packages/airflow/example_dags/example_branch_python_dop_operator_3.py took 0.386 seconds
[2025-12-13T10:20:07.307+0000] {processor.py:186} INFO - Started process (PID=582) to work on /home/airflow/.local/lib/python3.12/site-packages/airflow/example_dags/example_branch_python_dop_operator_3.py
[2025-12-13T10:20:07.308+0000] {processor.py:914} INFO - Processing file /home/airflow/.local/lib/python3.12/site-packages/airflow/example_dags/example_branch_python_dop_operator_3.py for tasks to queue
[2025-12-13T10:20:07.312+0000] {logging_mixin.py:190} INFO - [2025-12-13T10:20:07.311+0000] {dagbag.py:588} INFO - Filling up the DagBag from /home/airflow/.local/lib/python3.12/site-packages/airflow/example_dags/example_branch_python_dop_operator_3.py
[2025-12-13T10:20:07.329+0000] {processor.py:925} INFO - DAG(s) 'example_branch_dop_operator_v3' retrieved from /home/airflow/.local/lib/python3.12/site-packages/airflow/example_dags/example_branch_python_dop_operator_3.py
[2025-12-13T10:20:07.357+0000] {logging_mixin.py:190} INFO - [2025-12-13T10:20:07.357+0000] {dag.py:3239} INFO - Sync 1 DAGs
[2025-12-13T10:20:07.399+0000] {logging_mixin.py:190} INFO - [2025-12-13T10:20:07.398+0000] {dag.py:4180} INFO - Setting next_dagrun for example_branch_dop_operator_v3 to 2025-12-13 10:19:00+00:00, run_after=2025-12-13 10:20:00+00:00
[2025-12-13T10:20:07.434+0000] {processor.py:208} INFO - Processing /home/airflow/.local/lib/python3.12/site-packages/airflow/example_dags/example_branch_python_dop_operator_3.py took 0.136 seconds
[2025-12-13T10:20:37.482+0000] {processor.py:186} INFO - Started process (PID=645) to work on /home/airflow/.local/lib/python3.12/site-packages/airflow/example_dags/example_branch_python_dop_operator_3.py
[2025-12-13T10:20:37.484+0000] {processor.py:914} INFO - Processing file /home/airflow/.local/lib/python3.12/site-packages/airflow/example_dags/example_branch_python_dop_operator_3.py for tasks to queue
[2025-12-13T10:20:37.488+0000] {logging_mixin.py:190} INFO - [2025-12-13T10:20:37.487+0000] {dagbag.py:588} INFO - Filling up the DagBag from /home/airflow/.local/lib/python3.12/site-packages/airflow/example_dags/example_branch_python_dop_operator_3.py
[2025-12-13T10:20:37.505+0000] {processor.py:925} INFO - DAG(s) 'example_branch_dop_operator_v3' retrieved from /home/airflow/.local/lib/python3.12/site-packages/airflow/example_dags/example_branch_python_dop_operator_3.py
[2025-12-13T10:20:37.539+0000] {logging_mixin.py:190} INFO - [2025-12-13T10:20:37.538+0000] {dag.py:3239} INFO - Sync 1 DAGs
[2025-12-13T10:20:37.583+0000] {logging_mixin.py:190} INFO - [2025-12-13T10:20:37.583+0000] {dag.py:4180} INFO - Setting next_dagrun for example_branch_dop_operator_v3 to 2025-12-13 10:19:00+00:00, run_after=2025-12-13 10:20:00+00:00
[2025-12-13T10:20:37.611+0000] {processor.py:208} INFO - Processing /home/airflow/.local/lib/python3.12/site-packages/airflow/example_dags/example_branch_python_dop_operator_3.py took 0.137 seconds
[2025-12-13T10:21:08.637+0000] {processor.py:186} INFO - Started process (PID=708) to work on /home/airflow/.local/lib/python3.12/site-packages/airflow/example_dags/example_branch_python_dop_operator_3.py
[2025-12-13T10:21:08.639+0000] {processor.py:914} INFO - Processing file /home/airflow/.local/lib/python3.12/site-packages/airflow/example_dags/example_branch_python_dop_operator_3.py for tasks to queue
[2025-12-13T10:21:08.643+0000] {logging_mixin.py:190} INFO - [2025-12-13T10:21:08.642+0000] {dagbag.py:588} INFO - Filling up the DagBag from /home/airflow/.local/lib/python3.12/site-packages/airflow/example_dags/example_branch_python_dop_operator_3.py
[2025-12-13T10:21:08.660+0000] {processor.py:925} INFO - DAG(s) 'example_branch_dop_operator_v3' retrieved from /home/airflow/.local/lib/python3.12/site-packages/airflow/example_dags/example_branch_python_dop_operator_3.py
[2025-12-13T10:21:08.687+0000] {logging_mixin.py:190} INFO - [2025-12-13T10:21:08.687+0000] {dag.py:3239} INFO - Sync 1 DAGs
[2025-12-13T10:21:08.726+0000] {logging_mixin.py:190} INFO - [2025-12-13T10:21:08.726+0000] {dag.py:4180} INFO - Setting next_dagrun for example_branch_dop_operator_v3 to 2025-12-13 10:20:00+00:00, run_after=2025-12-13 10:21:00+00:00
[2025-12-13T10:21:08.751+0000] {processor.py:208} INFO - Processing /home/airflow/.local/lib/python3.12/site-packages/airflow/example_dags/example_branch_python_dop_operator_3.py took 0.126 seconds
[2025-12-13T10:21:39.765+0000] {processor.py:186} INFO - Started process (PID=771) to work on /home/airflow/.local/lib/python3.12/site-packages/airflow/example_dags/example_branch_python_dop_operator_3.py
[2025-12-13T10:21:39.767+0000] {processor.py:914} INFO - Processing file /home/airflow/.local/lib/python3.12/site-packages/airflow/example_dags/example_branch_python_dop_operator_3.py for tasks to queue
[2025-12-13T10:21:39.773+0000] {logging_mixin.py:190} INFO - [2025-12-13T10:21:39.772+0000] {dagbag.py:588} INFO - Filling up the DagBag from /home/airflow/.local/lib/python3.12/site-packages/airflow/example_dags/example_branch_python_dop_operator_3.py
[2025-12-13T10:21:39.796+0000] {processor.py:925} INFO - DAG(s) 'example_branch_dop_operator_v3' retrieved from /home/airflow/.local/lib/python3.12/site-packages/airflow/example_dags/example_branch_python_dop_operator_3.py
[2025-12-13T10:21:39.835+0000] {logging_mixin.py:190} INFO - [2025-12-13T10:21:39.834+0000] {dag.py:3239} INFO - Sync 1 DAGs
[2025-12-13T10:21:39.897+0000] {logging_mixin.py:190} INFO - [2025-12-13T10:21:39.896+0000] {dag.py:4180} INFO - Setting next_dagrun for example_branch_dop_operator_v3 to 2025-12-13 10:20:00+00:00, run_after=2025-12-13 10:21:00+00:00
[2025-12-13T10:21:39.939+0000] {processor.py:208} INFO - Processing /home/airflow/.local/lib/python3.12/site-packages/airflow/example_dags/example_branch_python_dop_operator_3.py took 0.187 seconds
[2025-12-13T10:22:11.174+0000] {processor.py:186} INFO - Started process (PID=831) to work on /home/airflow/.local/lib/python3.12/site-packages/airflow/example_dags/example_branch_python_dop_operator_3.py
[2025-12-13T10:22:11.175+0000] {processor.py:914} INFO - Processing file /home/airflow/.local/lib/python3.12/site-packages/airflow/example_dags/example_branch_python_dop_operator_3.py for tasks to queue
[2025-12-13T10:22:11.179+0000] {logging_mixin.py:190} INFO - [2025-12-13T10:22:11.178+0000] {dagbag.py:588} INFO - Filling up the DagBag from /home/airflow/.local/lib/python3.12/site-packages/airflow/example_dags/example_branch_python_dop_operator_3.py
[2025-12-13T10:22:11.200+0000] {processor.py:925} INFO - DAG(s) 'example_branch_dop_operator_v3' retrieved from /home/airflow/.local/lib/python3.12/site-packages/airflow/example_dags/example_branch_python_dop_operator_3.py
[2025-12-13T10:22:11.239+0000] {logging_mixin.py:190} INFO - [2025-12-13T10:22:11.239+0000] {dag.py:3239} INFO - Sync 1 DAGs
[2025-12-13T10:22:11.298+0000] {logging_mixin.py:190} INFO - [2025-12-13T10:22:11.297+0000] {dag.py:4180} INFO - Setting next_dagrun for example_branch_dop_operator_v3 to 2025-12-13 10:21:00+00:00, run_after=2025-12-13 10:22:00+00:00
[2025-12-13T10:22:11.333+0000] {processor.py:208} INFO - Processing /home/airflow/.local/lib/python3.12/site-packages/airflow/example_dags/example_branch_python_dop_operator_3.py took 0.172 seconds
[2025-12-13T10:22:42.758+0000] {processor.py:186} INFO - Started process (PID=883) to work on /home/airflow/.local/lib/python3.12/site-packages/airflow/example_dags/example_branch_python_dop_operator_3.py
[2025-12-13T10:22:42.765+0000] {processor.py:914} INFO - Processing file /home/airflow/.local/lib/python3.12/site-packages/airflow/example_dags/example_branch_python_dop_operator_3.py for tasks to queue
[2025-12-13T10:22:42.775+0000] {logging_mixin.py:190} INFO - [2025-12-13T10:22:42.774+0000] {dagbag.py:588} INFO - Filling up the DagBag from /home/airflow/.local/lib/python3.12/site-packages/airflow/example_dags/example_branch_python_dop_operator_3.py
[2025-12-13T10:22:42.831+0000] {processor.py:925} INFO - DAG(s) 'example_branch_dop_operator_v3' retrieved from /home/airflow/.local/lib/python3.12/site-packages/airflow/example_dags/example_branch_python_dop_operator_3.py
[2025-12-13T10:22:42.949+0000] {logging_mixin.py:190} INFO - [2025-12-13T10:22:42.948+0000] {dag.py:3239} INFO - Sync 1 DAGs
[2025-12-13T10:22:43.248+0000] {logging_mixin.py:190} INFO - [2025-12-13T10:22:43.247+0000] {dag.py:4180} INFO - Setting next_dagrun for example_branch_dop_operator_v3 to 2025-12-13 10:21:00+00:00, run_after=2025-12-13 10:22:00+00:00
[2025-12-13T10:22:43.379+0000] {processor.py:208} INFO - Processing /home/airflow/.local/lib/python3.12/site-packages/airflow/example_dags/example_branch_python_dop_operator_3.py took 0.657 seconds
[2025-12-13T10:23:13.583+0000] {processor.py:186} INFO - Started process (PID=953) to work on /home/airflow/.local/lib/python3.12/site-packages/airflow/example_dags/example_branch_python_dop_operator_3.py
[2025-12-13T10:23:13.584+0000] {processor.py:914} INFO - Processing file /home/airflow/.local/lib/python3.12/site-packages/airflow/example_dags/example_branch_python_dop_operator_3.py for tasks to queue
[2025-12-13T10:23:13.588+0000] {logging_mixin.py:190} INFO - [2025-12-13T10:23:13.588+0000] {dagbag.py:588} INFO - Filling up the DagBag from /home/airflow/.local/lib/python3.12/site-packages/airflow/example_dags/example_branch_python_dop_operator_3.py
[2025-12-13T10:23:13.608+0000] {processor.py:925} INFO - DAG(s) 'example_branch_dop_operator_v3' retrieved from /home/airflow/.local/lib/python3.12/site-packages/airflow/example_dags/example_branch_python_dop_operator_3.py
[2025-12-13T10:23:13.672+0000] {logging_mixin.py:190} INFO - [2025-12-13T10:23:13.672+0000] {dag.py:3239} INFO - Sync 1 DAGs
[2025-12-13T10:23:13.766+0000] {logging_mixin.py:190} INFO - [2025-12-13T10:23:13.765+0000] {dag.py:4180} INFO - Setting next_dagrun for example_branch_dop_operator_v3 to 2025-12-13 10:22:00+00:00, run_after=2025-12-13 10:23:00+00:00
[2025-12-13T10:23:13.805+0000] {processor.py:208} INFO - Processing /home/airflow/.local/lib/python3.12/site-packages/airflow/example_dags/example_branch_python_dop_operator_3.py took 0.234 seconds
[2025-12-13T10:23:43.997+0000] {processor.py:186} INFO - Started process (PID=1016) to work on /home/airflow/.local/lib/python3.12/site-packages/airflow/example_dags/example_branch_python_dop_operator_3.py
[2025-12-13T10:23:43.999+0000] {processor.py:914} INFO - Processing file /home/airflow/.local/lib/python3.12/site-packages/airflow/example_dags/example_branch_python_dop_operator_3.py for tasks to queue
[2025-12-13T10:23:44.003+0000] {logging_mixin.py:190} INFO - [2025-12-13T10:23:44.002+0000] {dagbag.py:588} INFO - Filling up the DagBag from /home/airflow/.local/lib/python3.12/site-packages/airflow/example_dags/example_branch_python_dop_operator_3.py
[2025-12-13T10:23:44.023+0000] {processor.py:925} INFO - DAG(s) 'example_branch_dop_operator_v3' retrieved from /home/airflow/.local/lib/python3.12/site-packages/airflow/example_dags/example_branch_python_dop_operator_3.py
[2025-12-13T10:23:44.054+0000] {logging_mixin.py:190} INFO - [2025-12-13T10:23:44.053+0000] {dag.py:3239} INFO - Sync 1 DAGs
[2025-12-13T10:23:44.109+0000] {logging_mixin.py:190} INFO - [2025-12-13T10:23:44.109+0000] {dag.py:4180} INFO - Setting next_dagrun for example_branch_dop_operator_v3 to 2025-12-13 10:22:00+00:00, run_after=2025-12-13 10:23:00+00:00
[2025-12-13T10:23:44.158+0000] {processor.py:208} INFO - Processing /home/airflow/.local/lib/python3.12/site-packages/airflow/example_dags/example_branch_python_dop_operator_3.py took 0.172 seconds
[2025-12-13T10:24:15.290+0000] {processor.py:186} INFO - Started process (PID=1077) to work on /home/airflow/.local/lib/python3.12/site-packages/airflow/example_dags/example_branch_python_dop_operator_3.py
[2025-12-13T10:24:15.291+0000] {processor.py:914} INFO - Processing file /home/airflow/.local/lib/python3.12/site-packages/airflow/example_dags/example_branch_python_dop_operator_3.py for tasks to queue
[2025-12-13T10:24:15.295+0000] {logging_mixin.py:190} INFO - [2025-12-13T10:24:15.295+0000] {dagbag.py:588} INFO - Filling up the DagBag from /home/airflow/.local/lib/python3.12/site-packages/airflow/example_dags/example_branch_python_dop_operator_3.py
[2025-12-13T10:24:15.316+0000] {processor.py:925} INFO - DAG(s) 'example_branch_dop_operator_v3' retrieved from /home/airflow/.local/lib/python3.12/site-packages/airflow/example_dags/example_branch_python_dop_operator_3.py
[2025-12-13T10:24:15.351+0000] {logging_mixin.py:190} INFO - [2025-12-13T10:24:15.351+0000] {dag.py:3239} INFO - Sync 1 DAGs
[2025-12-13T10:24:15.405+0000] {logging_mixin.py:190} INFO - [2025-12-13T10:24:15.405+0000] {dag.py:4180} INFO - Setting next_dagrun for example_branch_dop_operator_v3 to 2025-12-13 10:23:00+00:00, run_after=2025-12-13 10:24:00+00:00
[2025-12-13T10:24:15.439+0000] {processor.py:208} INFO - Processing /home/airflow/.local/lib/python3.12/site-packages/airflow/example_dags/example_branch_python_dop_operator_3.py took 0.161 seconds
[2025-12-13T10:24:46.597+0000] {processor.py:186} INFO - Started process (PID=1138) to work on /home/airflow/.local/lib/python3.12/site-packages/airflow/example_dags/example_branch_python_dop_operator_3.py
[2025-12-13T10:24:46.598+0000] {processor.py:914} INFO - Processing file /home/airflow/.local/lib/python3.12/site-packages/airflow/example_dags/example_branch_python_dop_operator_3.py for tasks to queue
[2025-12-13T10:24:46.602+0000] {logging_mixin.py:190} INFO - [2025-12-13T10:24:46.601+0000] {dagbag.py:588} INFO - Filling up the DagBag from /home/airflow/.local/lib/python3.12/site-packages/airflow/example_dags/example_branch_python_dop_operator_3.py
[2025-12-13T10:24:46.621+0000] {processor.py:925} INFO - DAG(s) 'example_branch_dop_operator_v3' retrieved from /home/airflow/.local/lib/python3.12/site-packages/airflow/example_dags/example_branch_python_dop_operator_3.py
[2025-12-13T10:24:46.656+0000] {logging_mixin.py:190} INFO - [2025-12-13T10:24:46.656+0000] {dag.py:3239} INFO - Sync 1 DAGs
[2025-12-13T10:24:46.707+0000] {logging_mixin.py:190} INFO - [2025-12-13T10:24:46.707+0000] {dag.py:4180} INFO - Setting next_dagrun for example_branch_dop_operator_v3 to 2025-12-13 10:23:00+00:00, run_after=2025-12-13 10:24:00+00:00
[2025-12-13T10:24:46.741+0000] {processor.py:208} INFO - Processing /home/airflow/.local/lib/python3.12/site-packages/airflow/example_dags/example_branch_python_dop_operator_3.py took 0.155 seconds
[2025-12-13T10:25:17.489+0000] {processor.py:186} INFO - Started process (PID=1194) to work on /home/airflow/.local/lib/python3.12/site-packages/airflow/example_dags/example_branch_python_dop_operator_3.py
[2025-12-13T10:25:17.490+0000] {processor.py:914} INFO - Processing file /home/airflow/.local/lib/python3.12/site-packages/airflow/example_dags/example_branch_python_dop_operator_3.py for tasks to queue
[2025-12-13T10:25:17.494+0000] {logging_mixin.py:190} INFO - [2025-12-13T10:25:17.494+0000] {dagbag.py:588} INFO - Filling up the DagBag from /home/airflow/.local/lib/python3.12/site-packages/airflow/example_dags/example_branch_python_dop_operator_3.py
[2025-12-13T10:25:17.516+0000] {processor.py:925} INFO - DAG(s) 'example_branch_dop_operator_v3' retrieved from /home/airflow/.local/lib/python3.12/site-packages/airflow/example_dags/example_branch_python_dop_operator_3.py
[2025-12-13T10:25:17.561+0000] {logging_mixin.py:190} INFO - [2025-12-13T10:25:17.561+0000] {dag.py:3239} INFO - Sync 1 DAGs
[2025-12-13T10:25:17.624+0000] {logging_mixin.py:190} INFO - [2025-12-13T10:25:17.623+0000] {dag.py:4180} INFO - Setting next_dagrun for example_branch_dop_operator_v3 to 2025-12-13 10:24:00+00:00, run_after=2025-12-13 10:25:00+00:00
[2025-12-13T10:25:17.656+0000] {processor.py:208} INFO - Processing /home/airflow/.local/lib/python3.12/site-packages/airflow/example_dags/example_branch_python_dop_operator_3.py took 0.179 seconds
[2025-12-13T10:25:48.910+0000] {processor.py:186} INFO - Started process (PID=1256) to work on /home/airflow/.local/lib/python3.12/site-packages/airflow/example_dags/example_branch_python_dop_operator_3.py
[2025-12-13T10:25:48.912+0000] {processor.py:914} INFO - Processing file /home/airflow/.local/lib/python3.12/site-packages/airflow/example_dags/example_branch_python_dop_operator_3.py for tasks to queue
[2025-12-13T10:25:48.918+0000] {logging_mixin.py:190} INFO - [2025-12-13T10:25:48.917+0000] {dagbag.py:588} INFO - Filling up the DagBag from /home/airflow/.local/lib/python3.12/site-packages/airflow/example_dags/example_branch_python_dop_operator_3.py
[2025-12-13T10:25:48.939+0000] {processor.py:925} INFO - DAG(s) 'example_branch_dop_operator_v3' retrieved from /home/airflow/.local/lib/python3.12/site-packages/airflow/example_dags/example_branch_python_dop_operator_3.py
[2025-12-13T10:25:48.988+0000] {logging_mixin.py:190} INFO - [2025-12-13T10:25:48.987+0000] {dag.py:3239} INFO - Sync 1 DAGs
[2025-12-13T10:25:49.065+0000] {logging_mixin.py:190} INFO - [2025-12-13T10:25:49.064+0000] {dag.py:4180} INFO - Setting next_dagrun for example_branch_dop_operator_v3 to 2025-12-13 10:24:00+00:00, run_after=2025-12-13 10:25:00+00:00
[2025-12-13T10:25:49.116+0000] {processor.py:208} INFO - Processing /home/airflow/.local/lib/python3.12/site-packages/airflow/example_dags/example_branch_python_dop_operator_3.py took 0.225 seconds
[2025-12-13T10:26:19.817+0000] {processor.py:186} INFO - Started process (PID=1318) to work on /home/airflow/.local/lib/python3.12/site-packages/airflow/example_dags/example_branch_python_dop_operator_3.py
[2025-12-13T10:26:19.822+0000] {processor.py:914} INFO - Processing file /home/airflow/.local/lib/python3.12/site-packages/airflow/example_dags/example_branch_python_dop_operator_3.py for tasks to queue
[2025-12-13T10:26:19.834+0000] {logging_mixin.py:190} INFO - [2025-12-13T10:26:19.833+0000] {dagbag.py:588} INFO - Filling up the DagBag from /home/airflow/.local/lib/python3.12/site-packages/airflow/example_dags/example_branch_python_dop_operator_3.py
[2025-12-13T10:26:19.860+0000] {processor.py:925} INFO - DAG(s) 'example_branch_dop_operator_v3' retrieved from /home/airflow/.local/lib/python3.12/site-packages/airflow/example_dags/example_branch_python_dop_operator_3.py
[2025-12-13T10:26:19.933+0000] {logging_mixin.py:190} INFO - [2025-12-13T10:26:19.933+0000] {dag.py:3239} INFO - Sync 1 DAGs
[2025-12-13T10:26:20.090+0000] {logging_mixin.py:190} INFO - [2025-12-13T10:26:20.090+0000] {dag.py:4180} INFO - Setting next_dagrun for example_branch_dop_operator_v3 to 2025-12-13 10:25:00+00:00, run_after=2025-12-13 10:26:00+00:00
[2025-12-13T10:26:20.162+0000] {processor.py:208} INFO - Processing /home/airflow/.local/lib/python3.12/site-packages/airflow/example_dags/example_branch_python_dop_operator_3.py took 0.374 seconds
[2025-12-13T10:26:50.866+0000] {processor.py:186} INFO - Started process (PID=1380) to work on /home/airflow/.local/lib/python3.12/site-packages/airflow/example_dags/example_branch_python_dop_operator_3.py
[2025-12-13T10:26:50.868+0000] {processor.py:914} INFO - Processing file /home/airflow/.local/lib/python3.12/site-packages/airflow/example_dags/example_branch_python_dop_operator_3.py for tasks to queue
[2025-12-13T10:26:50.872+0000] {logging_mixin.py:190} INFO - [2025-12-13T10:26:50.872+0000] {dagbag.py:588} INFO - Filling up the DagBag from /home/airflow/.local/lib/python3.12/site-packages/airflow/example_dags/example_branch_python_dop_operator_3.py
[2025-12-13T10:26:50.893+0000] {processor.py:925} INFO - DAG(s) 'example_branch_dop_operator_v3' retrieved from /home/airflow/.local/lib/python3.12/site-packages/airflow/example_dags/example_branch_python_dop_operator_3.py
[2025-12-13T10:26:50.935+0000] {logging_mixin.py:190} INFO - [2025-12-13T10:26:50.935+0000] {dag.py:3239} INFO - Sync 1 DAGs
[2025-12-13T10:26:50.984+0000] {logging_mixin.py:190} INFO - [2025-12-13T10:26:50.983+0000] {dag.py:4180} INFO - Setting next_dagrun for example_branch_dop_operator_v3 to 2025-12-13 10:25:00+00:00, run_after=2025-12-13 10:26:00+00:00
[2025-12-13T10:26:51.015+0000] {processor.py:208} INFO - Processing /home/airflow/.local/lib/python3.12/site-packages/airflow/example_dags/example_branch_python_dop_operator_3.py took 0.159 seconds
[2025-12-13T10:27:21.156+0000] {processor.py:186} INFO - Started process (PID=1443) to work on /home/airflow/.local/lib/python3.12/site-packages/airflow/example_dags/example_branch_python_dop_operator_3.py
[2025-12-13T10:27:21.158+0000] {processor.py:914} INFO - Processing file /home/airflow/.local/lib/python3.12/site-packages/airflow/example_dags/example_branch_python_dop_operator_3.py for tasks to queue
[2025-12-13T10:27:21.162+0000] {logging_mixin.py:190} INFO - [2025-12-13T10:27:21.162+0000] {dagbag.py:588} INFO - Filling up the DagBag from /home/airflow/.local/lib/python3.12/site-packages/airflow/example_dags/example_branch_python_dop_operator_3.py
[2025-12-13T10:27:21.188+0000] {processor.py:925} INFO - DAG(s) 'example_branch_dop_operator_v3' retrieved from /home/airflow/.local/lib/python3.12/site-packages/airflow/example_dags/example_branch_python_dop_operator_3.py
[2025-12-13T10:27:21.233+0000] {logging_mixin.py:190} INFO - [2025-12-13T10:27:21.233+0000] {dag.py:3239} INFO - Sync 1 DAGs
[2025-12-13T10:27:21.288+0000] {logging_mixin.py:190} INFO - [2025-12-13T10:27:21.287+0000] {dag.py:4180} INFO - Setting next_dagrun for example_branch_dop_operator_v3 to 2025-12-13 10:26:00+00:00, run_after=2025-12-13 10:27:00+00:00
[2025-12-13T10:27:21.348+0000] {processor.py:208} INFO - Processing /home/airflow/.local/lib/python3.12/site-packages/airflow/example_dags/example_branch_python_dop_operator_3.py took 0.206 seconds
[2025-12-13T10:27:51.819+0000] {processor.py:186} INFO - Started process (PID=1505) to work on /home/airflow/.local/lib/python3.12/site-packages/airflow/example_dags/example_branch_python_dop_operator_3.py
[2025-12-13T10:27:51.822+0000] {processor.py:914} INFO - Processing file /home/airflow/.local/lib/python3.12/site-packages/airflow/example_dags/example_branch_python_dop_operator_3.py for tasks to queue
[2025-12-13T10:27:51.827+0000] {logging_mixin.py:190} INFO - [2025-12-13T10:27:51.826+0000] {dagbag.py:588} INFO - Filling up the DagBag from /home/airflow/.local/lib/python3.12/site-packages/airflow/example_dags/example_branch_python_dop_operator_3.py
[2025-12-13T10:27:51.846+0000] {processor.py:925} INFO - DAG(s) 'example_branch_dop_operator_v3' retrieved from /home/airflow/.local/lib/python3.12/site-packages/airflow/example_dags/example_branch_python_dop_operator_3.py
[2025-12-13T10:27:51.881+0000] {logging_mixin.py:190} INFO - [2025-12-13T10:27:51.881+0000] {dag.py:3239} INFO - Sync 1 DAGs
[2025-12-13T10:27:51.933+0000] {logging_mixin.py:190} INFO - [2025-12-13T10:27:51.932+0000] {dag.py:4180} INFO - Setting next_dagrun for example_branch_dop_operator_v3 to 2025-12-13 10:26:00+00:00, run_after=2025-12-13 10:27:00+00:00
[2025-12-13T10:27:51.966+0000] {processor.py:208} INFO - Processing /home/airflow/.local/lib/python3.12/site-packages/airflow/example_dags/example_branch_python_dop_operator_3.py took 0.160 seconds
[2025-12-13T10:28:23.318+0000] {processor.py:186} INFO - Started process (PID=1573) to work on /home/airflow/.local/lib/python3.12/site-packages/airflow/example_dags/example_branch_python_dop_operator_3.py
[2025-12-13T10:28:23.320+0000] {processor.py:914} INFO - Processing file /home/airflow/.local/lib/python3.12/site-packages/airflow/example_dags/example_branch_python_dop_operator_3.py for tasks to queue
[2025-12-13T10:28:23.339+0000] {logging_mixin.py:190} INFO - [2025-12-13T10:28:23.338+0000] {dagbag.py:588} INFO - Filling up the DagBag from /home/airflow/.local/lib/python3.12/site-packages/airflow/example_dags/example_branch_python_dop_operator_3.py
[2025-12-13T10:28:23.482+0000] {processor.py:925} INFO - DAG(s) 'example_branch_dop_operator_v3' retrieved from /home/airflow/.local/lib/python3.12/site-packages/airflow/example_dags/example_branch_python_dop_operator_3.py
[2025-12-13T10:28:23.610+0000] {logging_mixin.py:190} INFO - [2025-12-13T10:28:23.610+0000] {dag.py:3239} INFO - Sync 1 DAGs
[2025-12-13T10:28:23.978+0000] {logging_mixin.py:190} INFO - [2025-12-13T10:28:23.962+0000] {dag.py:4180} INFO - Setting next_dagrun for example_branch_dop_operator_v3 to 2025-12-13 10:27:00+00:00, run_after=2025-12-13 10:28:00+00:00
[2025-12-13T10:28:24.109+0000] {processor.py:208} INFO - Processing /home/airflow/.local/lib/python3.12/site-packages/airflow/example_dags/example_branch_python_dop_operator_3.py took 0.843 seconds
[2025-12-13T10:28:54.476+0000] {processor.py:186} INFO - Started process (PID=1636) to work on /home/airflow/.local/lib/python3.12/site-packages/airflow/example_dags/example_branch_python_dop_operator_3.py
[2025-12-13T10:28:54.480+0000] {processor.py:914} INFO - Processing file /home/airflow/.local/lib/python3.12/site-packages/airflow/example_dags/example_branch_python_dop_operator_3.py for tasks to queue
[2025-12-13T10:28:54.484+0000] {logging_mixin.py:190} INFO - [2025-12-13T10:28:54.484+0000] {dagbag.py:588} INFO - Filling up the DagBag from /home/airflow/.local/lib/python3.12/site-packages/airflow/example_dags/example_branch_python_dop_operator_3.py
[2025-12-13T10:28:54.510+0000] {processor.py:925} INFO - DAG(s) 'example_branch_dop_operator_v3' retrieved from /home/airflow/.local/lib/python3.12/site-packages/airflow/example_dags/example_branch_python_dop_operator_3.py
[2025-12-13T10:28:54.566+0000] {logging_mixin.py:190} INFO - [2025-12-13T10:28:54.565+0000] {dag.py:3239} INFO - Sync 1 DAGs
[2025-12-13T10:28:54.630+0000] {logging_mixin.py:190} INFO - [2025-12-13T10:28:54.630+0000] {dag.py:4180} INFO - Setting next_dagrun for example_branch_dop_operator_v3 to 2025-12-13 10:27:00+00:00, run_after=2025-12-13 10:28:00+00:00
[2025-12-13T10:28:54.667+0000] {processor.py:208} INFO - Processing /home/airflow/.local/lib/python3.12/site-packages/airflow/example_dags/example_branch_python_dop_operator_3.py took 0.203 seconds
[2025-12-13T10:29:25.364+0000] {processor.py:186} INFO - Started process (PID=1698) to work on /home/airflow/.local/lib/python3.12/site-packages/airflow/example_dags/example_branch_python_dop_operator_3.py
[2025-12-13T10:29:25.364+0000] {processor.py:914} INFO - Processing file /home/airflow/.local/lib/python3.12/site-packages/airflow/example_dags/example_branch_python_dop_operator_3.py for tasks to queue
[2025-12-13T10:29:25.367+0000] {logging_mixin.py:190} INFO - [2025-12-13T10:29:25.367+0000] {dagbag.py:588} INFO - Filling up the DagBag from /home/airflow/.local/lib/python3.12/site-packages/airflow/example_dags/example_branch_python_dop_operator_3.py
[2025-12-13T10:29:25.385+0000] {processor.py:925} INFO - DAG(s) 'example_branch_dop_operator_v3' retrieved from /home/airflow/.local/lib/python3.12/site-packages/airflow/example_dags/example_branch_python_dop_operator_3.py
[2025-12-13T10:29:25.413+0000] {logging_mixin.py:190} INFO - [2025-12-13T10:29:25.413+0000] {dag.py:3239} INFO - Sync 1 DAGs
[2025-12-13T10:29:25.457+0000] {logging_mixin.py:190} INFO - [2025-12-13T10:29:25.456+0000] {dag.py:4180} INFO - Setting next_dagrun for example_branch_dop_operator_v3 to 2025-12-13 10:28:00+00:00, run_after=2025-12-13 10:29:00+00:00
[2025-12-13T10:29:25.485+0000] {processor.py:208} INFO - Processing /home/airflow/.local/lib/python3.12/site-packages/airflow/example_dags/example_branch_python_dop_operator_3.py took 0.134 seconds
[2025-12-13T10:29:55.913+0000] {processor.py:186} INFO - Started process (PID=1761) to work on /home/airflow/.local/lib/python3.12/site-packages/airflow/example_dags/example_branch_python_dop_operator_3.py
[2025-12-13T10:29:55.916+0000] {processor.py:914} INFO - Processing file /home/airflow/.local/lib/python3.12/site-packages/airflow/example_dags/example_branch_python_dop_operator_3.py for tasks to queue
[2025-12-13T10:29:55.920+0000] {logging_mixin.py:190} INFO - [2025-12-13T10:29:55.919+0000] {dagbag.py:588} INFO - Filling up the DagBag from /home/airflow/.local/lib/python3.12/site-packages/airflow/example_dags/example_branch_python_dop_operator_3.py
[2025-12-13T10:29:55.940+0000] {processor.py:925} INFO - DAG(s) 'example_branch_dop_operator_v3' retrieved from /home/airflow/.local/lib/python3.12/site-packages/airflow/example_dags/example_branch_python_dop_operator_3.py
[2025-12-13T10:29:55.974+0000] {logging_mixin.py:190} INFO - [2025-12-13T10:29:55.974+0000] {dag.py:3239} INFO - Sync 1 DAGs
[2025-12-13T10:29:56.038+0000] {logging_mixin.py:190} INFO - [2025-12-13T10:29:56.037+0000] {dag.py:4180} INFO - Setting next_dagrun for example_branch_dop_operator_v3 to 2025-12-13 10:28:00+00:00, run_after=2025-12-13 10:29:00+00:00
[2025-12-13T10:29:56.069+0000] {processor.py:208} INFO - Processing /home/airflow/.local/lib/python3.12/site-packages/airflow/example_dags/example_branch_python_dop_operator_3.py took 0.168 seconds
[2025-12-13T10:30:26.490+0000] {processor.py:186} INFO - Started process (PID=1824) to work on /home/airflow/.local/lib/python3.12/site-packages/airflow/example_dags/example_branch_python_dop_operator_3.py
[2025-12-13T10:30:26.494+0000] {processor.py:914} INFO - Processing file /home/airflow/.local/lib/python3.12/site-packages/airflow/example_dags/example_branch_python_dop_operator_3.py for tasks to queue
[2025-12-13T10:30:26.498+0000] {logging_mixin.py:190} INFO - [2025-12-13T10:30:26.497+0000] {dagbag.py:588} INFO - Filling up the DagBag from /home/airflow/.local/lib/python3.12/site-packages/airflow/example_dags/example_branch_python_dop_operator_3.py
[2025-12-13T10:30:26.521+0000] {processor.py:925} INFO - DAG(s) 'example_branch_dop_operator_v3' retrieved from /home/airflow/.local/lib/python3.12/site-packages/airflow/example_dags/example_branch_python_dop_operator_3.py
[2025-12-13T10:30:26.559+0000] {logging_mixin.py:190} INFO - [2025-12-13T10:30:26.559+0000] {dag.py:3239} INFO - Sync 1 DAGs
[2025-12-13T10:30:26.618+0000] {logging_mixin.py:190} INFO - [2025-12-13T10:30:26.617+0000] {dag.py:4180} INFO - Setting next_dagrun for example_branch_dop_operator_v3 to 2025-12-13 10:29:00+00:00, run_after=2025-12-13 10:30:00+00:00
[2025-12-13T10:30:26.651+0000] {processor.py:208} INFO - Processing /home/airflow/.local/lib/python3.12/site-packages/airflow/example_dags/example_branch_python_dop_operator_3.py took 0.176 seconds
[2025-12-13T10:30:57.484+0000] {processor.py:186} INFO - Started process (PID=1887) to work on /home/airflow/.local/lib/python3.12/site-packages/airflow/example_dags/example_branch_python_dop_operator_3.py
[2025-12-13T10:30:57.485+0000] {processor.py:914} INFO - Processing file /home/airflow/.local/lib/python3.12/site-packages/airflow/example_dags/example_branch_python_dop_operator_3.py for tasks to queue
[2025-12-13T10:30:57.490+0000] {logging_mixin.py:190} INFO - [2025-12-13T10:30:57.489+0000] {dagbag.py:588} INFO - Filling up the DagBag from /home/airflow/.local/lib/python3.12/site-packages/airflow/example_dags/example_branch_python_dop_operator_3.py
[2025-12-13T10:30:57.518+0000] {processor.py:925} INFO - DAG(s) 'example_branch_dop_operator_v3' retrieved from /home/airflow/.local/lib/python3.12/site-packages/airflow/example_dags/example_branch_python_dop_operator_3.py
[2025-12-13T10:30:57.571+0000] {logging_mixin.py:190} INFO - [2025-12-13T10:30:57.571+0000] {dag.py:3239} INFO - Sync 1 DAGs
[2025-12-13T10:30:57.644+0000] {logging_mixin.py:190} INFO - [2025-12-13T10:30:57.643+0000] {dag.py:4180} INFO - Setting next_dagrun for example_branch_dop_operator_v3 to 2025-12-13 10:29:00+00:00, run_after=2025-12-13 10:30:00+00:00
[2025-12-13T10:30:57.698+0000] {processor.py:208} INFO - Processing /home/airflow/.local/lib/python3.12/site-packages/airflow/example_dags/example_branch_python_dop_operator_3.py took 0.229 seconds
[2025-12-13T10:31:28.366+0000] {processor.py:186} INFO - Started process (PID=1949) to work on /home/airflow/.local/lib/python3.12/site-packages/airflow/example_dags/example_branch_python_dop_operator_3.py
[2025-12-13T10:31:28.368+0000] {processor.py:914} INFO - Processing file /home/airflow/.local/lib/python3.12/site-packages/airflow/example_dags/example_branch_python_dop_operator_3.py for tasks to queue
[2025-12-13T10:31:28.373+0000] {logging_mixin.py:190} INFO - [2025-12-13T10:31:28.372+0000] {dagbag.py:588} INFO - Filling up the DagBag from /home/airflow/.local/lib/python3.12/site-packages/airflow/example_dags/example_branch_python_dop_operator_3.py
[2025-12-13T10:31:28.397+0000] {processor.py:925} INFO - DAG(s) 'example_branch_dop_operator_v3' retrieved from /home/airflow/.local/lib/python3.12/site-packages/airflow/example_dags/example_branch_python_dop_operator_3.py
[2025-12-13T10:31:28.446+0000] {logging_mixin.py:190} INFO - [2025-12-13T10:31:28.446+0000] {dag.py:3239} INFO - Sync 1 DAGs
[2025-12-13T10:31:28.520+0000] {logging_mixin.py:190} INFO - [2025-12-13T10:31:28.519+0000] {dag.py:4180} INFO - Setting next_dagrun for example_branch_dop_operator_v3 to 2025-12-13 10:30:00+00:00, run_after=2025-12-13 10:31:00+00:00
[2025-12-13T10:31:28.578+0000] {processor.py:208} INFO - Processing /home/airflow/.local/lib/python3.12/site-packages/airflow/example_dags/example_branch_python_dop_operator_3.py took 0.225 seconds
[2025-12-13T10:32:00.017+0000] {processor.py:186} INFO - Started process (PID=2010) to work on /home/airflow/.local/lib/python3.12/site-packages/airflow/example_dags/example_branch_python_dop_operator_3.py
[2025-12-13T10:32:00.020+0000] {processor.py:914} INFO - Processing file /home/airflow/.local/lib/python3.12/site-packages/airflow/example_dags/example_branch_python_dop_operator_3.py for tasks to queue
[2025-12-13T10:32:00.027+0000] {logging_mixin.py:190} INFO - [2025-12-13T10:32:00.026+0000] {dagbag.py:588} INFO - Filling up the DagBag from /home/airflow/.local/lib/python3.12/site-packages/airflow/example_dags/example_branch_python_dop_operator_3.py
[2025-12-13T10:32:00.059+0000] {processor.py:925} INFO - DAG(s) 'example_branch_dop_operator_v3' retrieved from /home/airflow/.local/lib/python3.12/site-packages/airflow/example_dags/example_branch_python_dop_operator_3.py
[2025-12-13T10:32:00.125+0000] {logging_mixin.py:190} INFO - [2025-12-13T10:32:00.124+0000] {dag.py:3239} INFO - Sync 1 DAGs
[2025-12-13T10:32:00.200+0000] {logging_mixin.py:190} INFO - [2025-12-13T10:32:00.199+0000] {dag.py:4180} INFO - Setting next_dagrun for example_branch_dop_operator_v3 to 2025-12-13 10:31:00+00:00, run_after=2025-12-13 10:32:00+00:00
[2025-12-13T10:32:00.240+0000] {processor.py:208} INFO - Processing /home/airflow/.local/lib/python3.12/site-packages/airflow/example_dags/example_branch_python_dop_operator_3.py took 0.238 seconds
[2025-12-13T10:32:31.620+0000] {processor.py:186} INFO - Started process (PID=2073) to work on /home/airflow/.local/lib/python3.12/site-packages/airflow/example_dags/example_branch_python_dop_operator_3.py
[2025-12-13T10:32:31.621+0000] {processor.py:914} INFO - Processing file /home/airflow/.local/lib/python3.12/site-packages/airflow/example_dags/example_branch_python_dop_operator_3.py for tasks to queue
[2025-12-13T10:32:31.625+0000] {logging_mixin.py:190} INFO - [2025-12-13T10:32:31.625+0000] {dagbag.py:588} INFO - Filling up the DagBag from /home/airflow/.local/lib/python3.12/site-packages/airflow/example_dags/example_branch_python_dop_operator_3.py
[2025-12-13T10:32:31.647+0000] {processor.py:925} INFO - DAG(s) 'example_branch_dop_operator_v3' retrieved from /home/airflow/.local/lib/python3.12/site-packages/airflow/example_dags/example_branch_python_dop_operator_3.py
[2025-12-13T10:32:31.687+0000] {logging_mixin.py:190} INFO - [2025-12-13T10:32:31.687+0000] {dag.py:3239} INFO - Sync 1 DAGs
[2025-12-13T10:32:31.755+0000] {logging_mixin.py:190} INFO - [2025-12-13T10:32:31.755+0000] {dag.py:4180} INFO - Setting next_dagrun for example_branch_dop_operator_v3 to 2025-12-13 10:31:00+00:00, run_after=2025-12-13 10:32:00+00:00
[2025-12-13T10:32:31.792+0000] {processor.py:208} INFO - Processing /home/airflow/.local/lib/python3.12/site-packages/airflow/example_dags/example_branch_python_dop_operator_3.py took 0.184 seconds
[2025-12-13T10:33:03.389+0000] {processor.py:186} INFO - Started process (PID=2136) to work on /home/airflow/.local/lib/python3.12/site-packages/airflow/example_dags/example_branch_python_dop_operator_3.py
[2025-12-13T10:33:03.391+0000] {processor.py:914} INFO - Processing file /home/airflow/.local/lib/python3.12/site-packages/airflow/example_dags/example_branch_python_dop_operator_3.py for tasks to queue
[2025-12-13T10:33:03.395+0000] {logging_mixin.py:190} INFO - [2025-12-13T10:33:03.394+0000] {dagbag.py:588} INFO - Filling up the DagBag from /home/airflow/.local/lib/python3.12/site-packages/airflow/example_dags/example_branch_python_dop_operator_3.py
[2025-12-13T10:33:03.422+0000] {processor.py:925} INFO - DAG(s) 'example_branch_dop_operator_v3' retrieved from /home/airflow/.local/lib/python3.12/site-packages/airflow/example_dags/example_branch_python_dop_operator_3.py
[2025-12-13T10:33:03.467+0000] {logging_mixin.py:190} INFO - [2025-12-13T10:33:03.466+0000] {dag.py:3239} INFO - Sync 1 DAGs
[2025-12-13T10:33:03.534+0000] {logging_mixin.py:190} INFO - [2025-12-13T10:33:03.533+0000] {dag.py:4180} INFO - Setting next_dagrun for example_branch_dop_operator_v3 to 2025-12-13 10:32:00+00:00, run_after=2025-12-13 10:33:00+00:00
[2025-12-13T10:33:03.580+0000] {processor.py:208} INFO - Processing /home/airflow/.local/lib/python3.12/site-packages/airflow/example_dags/example_branch_python_dop_operator_3.py took 0.204 seconds
[2025-12-13T10:33:34.392+0000] {processor.py:186} INFO - Started process (PID=2198) to work on /home/airflow/.local/lib/python3.12/site-packages/airflow/example_dags/example_branch_python_dop_operator_3.py
[2025-12-13T10:33:34.393+0000] {processor.py:914} INFO - Processing file /home/airflow/.local/lib/python3.12/site-packages/airflow/example_dags/example_branch_python_dop_operator_3.py for tasks to queue
[2025-12-13T10:33:34.397+0000] {logging_mixin.py:190} INFO - [2025-12-13T10:33:34.396+0000] {dagbag.py:588} INFO - Filling up the DagBag from /home/airflow/.local/lib/python3.12/site-packages/airflow/example_dags/example_branch_python_dop_operator_3.py
[2025-12-13T10:33:34.416+0000] {processor.py:925} INFO - DAG(s) 'example_branch_dop_operator_v3' retrieved from /home/airflow/.local/lib/python3.12/site-packages/airflow/example_dags/example_branch_python_dop_operator_3.py
[2025-12-13T10:33:34.449+0000] {logging_mixin.py:190} INFO - [2025-12-13T10:33:34.449+0000] {dag.py:3239} INFO - Sync 1 DAGs
[2025-12-13T10:33:34.496+0000] {logging_mixin.py:190} INFO - [2025-12-13T10:33:34.496+0000] {dag.py:4180} INFO - Setting next_dagrun for example_branch_dop_operator_v3 to 2025-12-13 10:32:00+00:00, run_after=2025-12-13 10:33:00+00:00
[2025-12-13T10:33:34.524+0000] {processor.py:208} INFO - Processing /home/airflow/.local/lib/python3.12/site-packages/airflow/example_dags/example_branch_python_dop_operator_3.py took 0.143 seconds
[2025-12-13T10:34:05.126+0000] {processor.py:186} INFO - Started process (PID=2260) to work on /home/airflow/.local/lib/python3.12/site-packages/airflow/example_dags/example_branch_python_dop_operator_3.py
[2025-12-13T10:34:05.129+0000] {processor.py:914} INFO - Processing file /home/airflow/.local/lib/python3.12/site-packages/airflow/example_dags/example_branch_python_dop_operator_3.py for tasks to queue
[2025-12-13T10:34:05.149+0000] {logging_mixin.py:190} INFO - [2025-12-13T10:34:05.148+0000] {dagbag.py:588} INFO - Filling up the DagBag from /home/airflow/.local/lib/python3.12/site-packages/airflow/example_dags/example_branch_python_dop_operator_3.py
[2025-12-13T10:34:05.215+0000] {processor.py:925} INFO - DAG(s) 'example_branch_dop_operator_v3' retrieved from /home/airflow/.local/lib/python3.12/site-packages/airflow/example_dags/example_branch_python_dop_operator_3.py
[2025-12-13T10:34:05.276+0000] {logging_mixin.py:190} INFO - [2025-12-13T10:34:05.275+0000] {dag.py:3239} INFO - Sync 1 DAGs
[2025-12-13T10:34:05.510+0000] {logging_mixin.py:190} INFO - [2025-12-13T10:34:05.509+0000] {dag.py:4180} INFO - Setting next_dagrun for example_branch_dop_operator_v3 to 2025-12-13 10:33:00+00:00, run_after=2025-12-13 10:34:00+00:00
[2025-12-13T10:34:05.578+0000] {processor.py:208} INFO - Processing /home/airflow/.local/lib/python3.12/site-packages/airflow/example_dags/example_branch_python_dop_operator_3.py took 0.471 seconds
[2025-12-13T10:34:36.387+0000] {processor.py:186} INFO - Started process (PID=2323) to work on /home/airflow/.local/lib/python3.12/site-packages/airflow/example_dags/example_branch_python_dop_operator_3.py
[2025-12-13T10:34:36.390+0000] {processor.py:914} INFO - Processing file /home/airflow/.local/lib/python3.12/site-packages/airflow/example_dags/example_branch_python_dop_operator_3.py for tasks to queue
[2025-12-13T10:34:36.397+0000] {logging_mixin.py:190} INFO - [2025-12-13T10:34:36.397+0000] {dagbag.py:588} INFO - Filling up the DagBag from /home/airflow/.local/lib/python3.12/site-packages/airflow/example_dags/example_branch_python_dop_operator_3.py
[2025-12-13T10:34:36.427+0000] {processor.py:925} INFO - DAG(s) 'example_branch_dop_operator_v3' retrieved from /home/airflow/.local/lib/python3.12/site-packages/airflow/example_dags/example_branch_python_dop_operator_3.py
[2025-12-13T10:34:36.497+0000] {logging_mixin.py:190} INFO - [2025-12-13T10:34:36.496+0000] {dag.py:3239} INFO - Sync 1 DAGs
[2025-12-13T10:34:36.556+0000] {logging_mixin.py:190} INFO - [2025-12-13T10:34:36.555+0000] {dag.py:4180} INFO - Setting next_dagrun for example_branch_dop_operator_v3 to 2025-12-13 10:33:00+00:00, run_after=2025-12-13 10:34:00+00:00
[2025-12-13T10:34:36.590+0000] {processor.py:208} INFO - Processing /home/airflow/.local/lib/python3.12/site-packages/airflow/example_dags/example_branch_python_dop_operator_3.py took 0.219 seconds
[2025-12-13T10:35:07.045+0000] {processor.py:186} INFO - Started process (PID=2386) to work on /home/airflow/.local/lib/python3.12/site-packages/airflow/example_dags/example_branch_python_dop_operator_3.py
[2025-12-13T10:35:07.046+0000] {processor.py:914} INFO - Processing file /home/airflow/.local/lib/python3.12/site-packages/airflow/example_dags/example_branch_python_dop_operator_3.py for tasks to queue
[2025-12-13T10:35:07.049+0000] {logging_mixin.py:190} INFO - [2025-12-13T10:35:07.048+0000] {dagbag.py:588} INFO - Filling up the DagBag from /home/airflow/.local/lib/python3.12/site-packages/airflow/example_dags/example_branch_python_dop_operator_3.py
[2025-12-13T10:35:07.067+0000] {processor.py:925} INFO - DAG(s) 'example_branch_dop_operator_v3' retrieved from /home/airflow/.local/lib/python3.12/site-packages/airflow/example_dags/example_branch_python_dop_operator_3.py
[2025-12-13T10:35:07.106+0000] {logging_mixin.py:190} INFO - [2025-12-13T10:35:07.106+0000] {dag.py:3239} INFO - Sync 1 DAGs
[2025-12-13T10:35:07.151+0000] {logging_mixin.py:190} INFO - [2025-12-13T10:35:07.151+0000] {dag.py:4180} INFO - Setting next_dagrun for example_branch_dop_operator_v3 to 2025-12-13 10:34:00+00:00, run_after=2025-12-13 10:35:00+00:00
[2025-12-13T10:35:07.182+0000] {processor.py:208} INFO - Processing /home/airflow/.local/lib/python3.12/site-packages/airflow/example_dags/example_branch_python_dop_operator_3.py took 0.151 seconds
[2025-12-13T10:35:37.256+0000] {processor.py:186} INFO - Started process (PID=2449) to work on /home/airflow/.local/lib/python3.12/site-packages/airflow/example_dags/example_branch_python_dop_operator_3.py
[2025-12-13T10:35:37.257+0000] {processor.py:914} INFO - Processing file /home/airflow/.local/lib/python3.12/site-packages/airflow/example_dags/example_branch_python_dop_operator_3.py for tasks to queue
[2025-12-13T10:35:37.261+0000] {logging_mixin.py:190} INFO - [2025-12-13T10:35:37.260+0000] {dagbag.py:588} INFO - Filling up the DagBag from /home/airflow/.local/lib/python3.12/site-packages/airflow/example_dags/example_branch_python_dop_operator_3.py
[2025-12-13T10:35:37.279+0000] {processor.py:925} INFO - DAG(s) 'example_branch_dop_operator_v3' retrieved from /home/airflow/.local/lib/python3.12/site-packages/airflow/example_dags/example_branch_python_dop_operator_3.py
[2025-12-13T10:35:37.316+0000] {logging_mixin.py:190} INFO - [2025-12-13T10:35:37.315+0000] {dag.py:3239} INFO - Sync 1 DAGs
[2025-12-13T10:35:37.361+0000] {logging_mixin.py:190} INFO - [2025-12-13T10:35:37.361+0000] {dag.py:4180} INFO - Setting next_dagrun for example_branch_dop_operator_v3 to 2025-12-13 10:34:00+00:00, run_after=2025-12-13 10:35:00+00:00
[2025-12-13T10:35:37.391+0000] {processor.py:208} INFO - Processing /home/airflow/.local/lib/python3.12/site-packages/airflow/example_dags/example_branch_python_dop_operator_3.py took 0.151 seconds
[2025-12-13T10:36:07.646+0000] {processor.py:186} INFO - Started process (PID=2512) to work on /home/airflow/.local/lib/python3.12/site-packages/airflow/example_dags/example_branch_python_dop_operator_3.py
[2025-12-13T10:36:07.654+0000] {processor.py:914} INFO - Processing file /home/airflow/.local/lib/python3.12/site-packages/airflow/example_dags/example_branch_python_dop_operator_3.py for tasks to queue
[2025-12-13T10:36:07.659+0000] {logging_mixin.py:190} INFO - [2025-12-13T10:36:07.658+0000] {dagbag.py:588} INFO - Filling up the DagBag from /home/airflow/.local/lib/python3.12/site-packages/airflow/example_dags/example_branch_python_dop_operator_3.py
[2025-12-13T10:36:07.758+0000] {processor.py:925} INFO - DAG(s) 'example_branch_dop_operator_v3' retrieved from /home/airflow/.local/lib/python3.12/site-packages/airflow/example_dags/example_branch_python_dop_operator_3.py
[2025-12-13T10:36:07.915+0000] {logging_mixin.py:190} INFO - [2025-12-13T10:36:07.913+0000] {dag.py:3239} INFO - Sync 1 DAGs
[2025-12-13T10:36:08.108+0000] {logging_mixin.py:190} INFO - [2025-12-13T10:36:08.107+0000] {dag.py:4180} INFO - Setting next_dagrun for example_branch_dop_operator_v3 to 2025-12-13 10:35:00+00:00, run_after=2025-12-13 10:36:00+00:00
[2025-12-13T10:36:08.180+0000] {processor.py:208} INFO - Processing /home/airflow/.local/lib/python3.12/site-packages/airflow/example_dags/example_branch_python_dop_operator_3.py took 0.575 seconds
[2025-12-13T10:36:38.830+0000] {processor.py:186} INFO - Started process (PID=2574) to work on /home/airflow/.local/lib/python3.12/site-packages/airflow/example_dags/example_branch_python_dop_operator_3.py
[2025-12-13T10:36:38.833+0000] {processor.py:914} INFO - Processing file /home/airflow/.local/lib/python3.12/site-packages/airflow/example_dags/example_branch_python_dop_operator_3.py for tasks to queue
[2025-12-13T10:36:38.837+0000] {logging_mixin.py:190} INFO - [2025-12-13T10:36:38.837+0000] {dagbag.py:588} INFO - Filling up the DagBag from /home/airflow/.local/lib/python3.12/site-packages/airflow/example_dags/example_branch_python_dop_operator_3.py
[2025-12-13T10:36:38.860+0000] {processor.py:925} INFO - DAG(s) 'example_branch_dop_operator_v3' retrieved from /home/airflow/.local/lib/python3.12/site-packages/airflow/example_dags/example_branch_python_dop_operator_3.py
[2025-12-13T10:36:38.900+0000] {logging_mixin.py:190} INFO - [2025-12-13T10:36:38.900+0000] {dag.py:3239} INFO - Sync 1 DAGs
[2025-12-13T10:36:38.967+0000] {logging_mixin.py:190} INFO - [2025-12-13T10:36:38.966+0000] {dag.py:4180} INFO - Setting next_dagrun for example_branch_dop_operator_v3 to 2025-12-13 10:35:00+00:00, run_after=2025-12-13 10:36:00+00:00
[2025-12-13T10:36:39.001+0000] {processor.py:208} INFO - Processing /home/airflow/.local/lib/python3.12/site-packages/airflow/example_dags/example_branch_python_dop_operator_3.py took 0.185 seconds
[2025-12-13T10:37:09.159+0000] {processor.py:186} INFO - Started process (PID=2637) to work on /home/airflow/.local/lib/python3.12/site-packages/airflow/example_dags/example_branch_python_dop_operator_3.py
[2025-12-13T10:37:09.161+0000] {processor.py:914} INFO - Processing file /home/airflow/.local/lib/python3.12/site-packages/airflow/example_dags/example_branch_python_dop_operator_3.py for tasks to queue
[2025-12-13T10:37:09.167+0000] {logging_mixin.py:190} INFO - [2025-12-13T10:37:09.166+0000] {dagbag.py:588} INFO - Filling up the DagBag from /home/airflow/.local/lib/python3.12/site-packages/airflow/example_dags/example_branch_python_dop_operator_3.py
[2025-12-13T10:37:09.192+0000] {processor.py:925} INFO - DAG(s) 'example_branch_dop_operator_v3' retrieved from /home/airflow/.local/lib/python3.12/site-packages/airflow/example_dags/example_branch_python_dop_operator_3.py
[2025-12-13T10:37:09.237+0000] {logging_mixin.py:190} INFO - [2025-12-13T10:37:09.237+0000] {dag.py:3239} INFO - Sync 1 DAGs
[2025-12-13T10:37:09.328+0000] {logging_mixin.py:190} INFO - [2025-12-13T10:37:09.327+0000] {dag.py:4180} INFO - Setting next_dagrun for example_branch_dop_operator_v3 to 2025-12-13 10:36:00+00:00, run_after=2025-12-13 10:37:00+00:00
[2025-12-13T10:37:09.363+0000] {processor.py:208} INFO - Processing /home/airflow/.local/lib/python3.12/site-packages/airflow/example_dags/example_branch_python_dop_operator_3.py took 0.222 seconds
[2025-12-13T10:37:39.915+0000] {processor.py:186} INFO - Started process (PID=2700) to work on /home/airflow/.local/lib/python3.12/site-packages/airflow/example_dags/example_branch_python_dop_operator_3.py
[2025-12-13T10:37:39.918+0000] {processor.py:914} INFO - Processing file /home/airflow/.local/lib/python3.12/site-packages/airflow/example_dags/example_branch_python_dop_operator_3.py for tasks to queue
[2025-12-13T10:37:39.924+0000] {logging_mixin.py:190} INFO - [2025-12-13T10:37:39.923+0000] {dagbag.py:588} INFO - Filling up the DagBag from /home/airflow/.local/lib/python3.12/site-packages/airflow/example_dags/example_branch_python_dop_operator_3.py
[2025-12-13T10:37:39.950+0000] {processor.py:925} INFO - DAG(s) 'example_branch_dop_operator_v3' retrieved from /home/airflow/.local/lib/python3.12/site-packages/airflow/example_dags/example_branch_python_dop_operator_3.py
[2025-12-13T10:37:40.004+0000] {logging_mixin.py:190} INFO - [2025-12-13T10:37:40.003+0000] {dag.py:3239} INFO - Sync 1 DAGs
[2025-12-13T10:37:40.076+0000] {logging_mixin.py:190} INFO - [2025-12-13T10:37:40.076+0000] {dag.py:4180} INFO - Setting next_dagrun for example_branch_dop_operator_v3 to 2025-12-13 10:36:00+00:00, run_after=2025-12-13 10:37:00+00:00
[2025-12-13T10:37:40.133+0000] {processor.py:208} INFO - Processing /home/airflow/.local/lib/python3.12/site-packages/airflow/example_dags/example_branch_python_dop_operator_3.py took 0.234 seconds
[2025-12-13T10:38:10.463+0000] {processor.py:186} INFO - Started process (PID=2763) to work on /home/airflow/.local/lib/python3.12/site-packages/airflow/example_dags/example_branch_python_dop_operator_3.py
[2025-12-13T10:38:10.464+0000] {processor.py:914} INFO - Processing file /home/airflow/.local/lib/python3.12/site-packages/airflow/example_dags/example_branch_python_dop_operator_3.py for tasks to queue
[2025-12-13T10:38:10.472+0000] {logging_mixin.py:190} INFO - [2025-12-13T10:38:10.471+0000] {dagbag.py:588} INFO - Filling up the DagBag from /home/airflow/.local/lib/python3.12/site-packages/airflow/example_dags/example_branch_python_dop_operator_3.py
[2025-12-13T10:38:10.501+0000] {processor.py:925} INFO - DAG(s) 'example_branch_dop_operator_v3' retrieved from /home/airflow/.local/lib/python3.12/site-packages/airflow/example_dags/example_branch_python_dop_operator_3.py
[2025-12-13T10:38:10.546+0000] {logging_mixin.py:190} INFO - [2025-12-13T10:38:10.546+0000] {dag.py:3239} INFO - Sync 1 DAGs
[2025-12-13T10:38:10.601+0000] {logging_mixin.py:190} INFO - [2025-12-13T10:38:10.600+0000] {dag.py:4180} INFO - Setting next_dagrun for example_branch_dop_operator_v3 to 2025-12-13 10:37:00+00:00, run_after=2025-12-13 10:38:00+00:00
[2025-12-13T10:38:10.650+0000] {processor.py:208} INFO - Processing /home/airflow/.local/lib/python3.12/site-packages/airflow/example_dags/example_branch_python_dop_operator_3.py took 0.201 seconds
[2025-12-13T10:38:41.062+0000] {processor.py:186} INFO - Started process (PID=2826) to work on /home/airflow/.local/lib/python3.12/site-packages/airflow/example_dags/example_branch_python_dop_operator_3.py
[2025-12-13T10:38:41.065+0000] {processor.py:914} INFO - Processing file /home/airflow/.local/lib/python3.12/site-packages/airflow/example_dags/example_branch_python_dop_operator_3.py for tasks to queue
[2025-12-13T10:38:41.073+0000] {logging_mixin.py:190} INFO - [2025-12-13T10:38:41.072+0000] {dagbag.py:588} INFO - Filling up the DagBag from /home/airflow/.local/lib/python3.12/site-packages/airflow/example_dags/example_branch_python_dop_operator_3.py
[2025-12-13T10:38:41.104+0000] {processor.py:925} INFO - DAG(s) 'example_branch_dop_operator_v3' retrieved from /home/airflow/.local/lib/python3.12/site-packages/airflow/example_dags/example_branch_python_dop_operator_3.py
[2025-12-13T10:38:41.165+0000] {logging_mixin.py:190} INFO - [2025-12-13T10:38:41.161+0000] {dag.py:3239} INFO - Sync 1 DAGs
[2025-12-13T10:38:41.665+0000] {logging_mixin.py:190} INFO - [2025-12-13T10:38:41.665+0000] {dag.py:4180} INFO - Setting next_dagrun for example_branch_dop_operator_v3 to 2025-12-13 10:37:00+00:00, run_after=2025-12-13 10:38:00+00:00
[2025-12-13T10:38:41.701+0000] {processor.py:208} INFO - Processing /home/airflow/.local/lib/python3.12/site-packages/airflow/example_dags/example_branch_python_dop_operator_3.py took 0.655 seconds
[2025-12-13T10:39:12.601+0000] {processor.py:186} INFO - Started process (PID=2889) to work on /home/airflow/.local/lib/python3.12/site-packages/airflow/example_dags/example_branch_python_dop_operator_3.py
[2025-12-13T10:39:12.604+0000] {processor.py:914} INFO - Processing file /home/airflow/.local/lib/python3.12/site-packages/airflow/example_dags/example_branch_python_dop_operator_3.py for tasks to queue
[2025-12-13T10:39:12.608+0000] {logging_mixin.py:190} INFO - [2025-12-13T10:39:12.607+0000] {dagbag.py:588} INFO - Filling up the DagBag from /home/airflow/.local/lib/python3.12/site-packages/airflow/example_dags/example_branch_python_dop_operator_3.py
[2025-12-13T10:39:12.629+0000] {processor.py:925} INFO - DAG(s) 'example_branch_dop_operator_v3' retrieved from /home/airflow/.local/lib/python3.12/site-packages/airflow/example_dags/example_branch_python_dop_operator_3.py
[2025-12-13T10:39:12.667+0000] {logging_mixin.py:190} INFO - [2025-12-13T10:39:12.666+0000] {dag.py:3239} INFO - Sync 1 DAGs
[2025-12-13T10:39:12.718+0000] {logging_mixin.py:190} INFO - [2025-12-13T10:39:12.718+0000] {dag.py:4180} INFO - Setting next_dagrun for example_branch_dop_operator_v3 to 2025-12-13 10:38:00+00:00, run_after=2025-12-13 10:39:00+00:00
[2025-12-13T10:39:12.749+0000] {processor.py:208} INFO - Processing /home/airflow/.local/lib/python3.12/site-packages/airflow/example_dags/example_branch_python_dop_operator_3.py took 0.162 seconds
[2025-12-13T10:39:42.849+0000] {processor.py:186} INFO - Started process (PID=2953) to work on /home/airflow/.local/lib/python3.12/site-packages/airflow/example_dags/example_branch_python_dop_operator_3.py
[2025-12-13T10:39:42.852+0000] {processor.py:914} INFO - Processing file /home/airflow/.local/lib/python3.12/site-packages/airflow/example_dags/example_branch_python_dop_operator_3.py for tasks to queue
[2025-12-13T10:39:42.860+0000] {logging_mixin.py:190} INFO - [2025-12-13T10:39:42.859+0000] {dagbag.py:588} INFO - Filling up the DagBag from /home/airflow/.local/lib/python3.12/site-packages/airflow/example_dags/example_branch_python_dop_operator_3.py
[2025-12-13T10:39:42.883+0000] {processor.py:925} INFO - DAG(s) 'example_branch_dop_operator_v3' retrieved from /home/airflow/.local/lib/python3.12/site-packages/airflow/example_dags/example_branch_python_dop_operator_3.py
[2025-12-13T10:39:42.941+0000] {logging_mixin.py:190} INFO - [2025-12-13T10:39:42.940+0000] {dag.py:3239} INFO - Sync 1 DAGs
[2025-12-13T10:39:42.996+0000] {logging_mixin.py:190} INFO - [2025-12-13T10:39:42.995+0000] {dag.py:4180} INFO - Setting next_dagrun for example_branch_dop_operator_v3 to 2025-12-13 10:38:00+00:00, run_after=2025-12-13 10:39:00+00:00
[2025-12-13T10:39:43.031+0000] {processor.py:208} INFO - Processing /home/airflow/.local/lib/python3.12/site-packages/airflow/example_dags/example_branch_python_dop_operator_3.py took 0.199 seconds
[2025-12-13T10:40:13.173+0000] {processor.py:186} INFO - Started process (PID=3016) to work on /home/airflow/.local/lib/python3.12/site-packages/airflow/example_dags/example_branch_python_dop_operator_3.py
[2025-12-13T10:40:13.175+0000] {processor.py:914} INFO - Processing file /home/airflow/.local/lib/python3.12/site-packages/airflow/example_dags/example_branch_python_dop_operator_3.py for tasks to queue
[2025-12-13T10:40:13.179+0000] {logging_mixin.py:190} INFO - [2025-12-13T10:40:13.178+0000] {dagbag.py:588} INFO - Filling up the DagBag from /home/airflow/.local/lib/python3.12/site-packages/airflow/example_dags/example_branch_python_dop_operator_3.py
[2025-12-13T10:40:13.201+0000] {processor.py:925} INFO - DAG(s) 'example_branch_dop_operator_v3' retrieved from /home/airflow/.local/lib/python3.12/site-packages/airflow/example_dags/example_branch_python_dop_operator_3.py
[2025-12-13T10:40:13.236+0000] {logging_mixin.py:190} INFO - [2025-12-13T10:40:13.236+0000] {dag.py:3239} INFO - Sync 1 DAGs
[2025-12-13T10:40:13.297+0000] {logging_mixin.py:190} INFO - [2025-12-13T10:40:13.297+0000] {dag.py:4180} INFO - Setting next_dagrun for example_branch_dop_operator_v3 to 2025-12-13 10:39:00+00:00, run_after=2025-12-13 10:40:00+00:00
[2025-12-13T10:40:13.332+0000] {processor.py:208} INFO - Processing /home/airflow/.local/lib/python3.12/site-packages/airflow/example_dags/example_branch_python_dop_operator_3.py took 0.171 seconds
[2025-12-13T10:40:43.703+0000] {processor.py:186} INFO - Started process (PID=3079) to work on /home/airflow/.local/lib/python3.12/site-packages/airflow/example_dags/example_branch_python_dop_operator_3.py
[2025-12-13T10:40:43.706+0000] {processor.py:914} INFO - Processing file /home/airflow/.local/lib/python3.12/site-packages/airflow/example_dags/example_branch_python_dop_operator_3.py for tasks to queue
[2025-12-13T10:40:43.709+0000] {logging_mixin.py:190} INFO - [2025-12-13T10:40:43.709+0000] {dagbag.py:588} INFO - Filling up the DagBag from /home/airflow/.local/lib/python3.12/site-packages/airflow/example_dags/example_branch_python_dop_operator_3.py
[2025-12-13T10:40:44.009+0000] {processor.py:925} INFO - DAG(s) 'example_branch_dop_operator_v3' retrieved from /home/airflow/.local/lib/python3.12/site-packages/airflow/example_dags/example_branch_python_dop_operator_3.py
[2025-12-13T10:40:44.039+0000] {logging_mixin.py:190} INFO - [2025-12-13T10:40:44.039+0000] {dag.py:3239} INFO - Sync 1 DAGs
[2025-12-13T10:40:44.082+0000] {logging_mixin.py:190} INFO - [2025-12-13T10:40:44.082+0000] {dag.py:4180} INFO - Setting next_dagrun for example_branch_dop_operator_v3 to 2025-12-13 10:39:00+00:00, run_after=2025-12-13 10:40:00+00:00
[2025-12-13T10:40:44.109+0000] {processor.py:208} INFO - Processing /home/airflow/.local/lib/python3.12/site-packages/airflow/example_dags/example_branch_python_dop_operator_3.py took 0.419 seconds
[2025-12-13T10:41:14.284+0000] {processor.py:186} INFO - Started process (PID=3142) to work on /home/airflow/.local/lib/python3.12/site-packages/airflow/example_dags/example_branch_python_dop_operator_3.py
[2025-12-13T10:41:14.286+0000] {processor.py:914} INFO - Processing file /home/airflow/.local/lib/python3.12/site-packages/airflow/example_dags/example_branch_python_dop_operator_3.py for tasks to queue
[2025-12-13T10:41:14.290+0000] {logging_mixin.py:190} INFO - [2025-12-13T10:41:14.289+0000] {dagbag.py:588} INFO - Filling up the DagBag from /home/airflow/.local/lib/python3.12/site-packages/airflow/example_dags/example_branch_python_dop_operator_3.py
[2025-12-13T10:41:14.310+0000] {processor.py:925} INFO - DAG(s) 'example_branch_dop_operator_v3' retrieved from /home/airflow/.local/lib/python3.12/site-packages/airflow/example_dags/example_branch_python_dop_operator_3.py
[2025-12-13T10:41:14.348+0000] {logging_mixin.py:190} INFO - [2025-12-13T10:41:14.347+0000] {dag.py:3239} INFO - Sync 1 DAGs
[2025-12-13T10:41:14.400+0000] {logging_mixin.py:190} INFO - [2025-12-13T10:41:14.399+0000] {dag.py:4180} INFO - Setting next_dagrun for example_branch_dop_operator_v3 to 2025-12-13 10:40:00+00:00, run_after=2025-12-13 10:41:00+00:00
[2025-12-13T10:41:14.435+0000] {processor.py:208} INFO - Processing /home/airflow/.local/lib/python3.12/site-packages/airflow/example_dags/example_branch_python_dop_operator_3.py took 0.164 seconds
[2025-12-13T10:41:45.014+0000] {processor.py:186} INFO - Started process (PID=3205) to work on /home/airflow/.local/lib/python3.12/site-packages/airflow/example_dags/example_branch_python_dop_operator_3.py
[2025-12-13T10:41:45.019+0000] {processor.py:914} INFO - Processing file /home/airflow/.local/lib/python3.12/site-packages/airflow/example_dags/example_branch_python_dop_operator_3.py for tasks to queue
[2025-12-13T10:41:45.028+0000] {logging_mixin.py:190} INFO - [2025-12-13T10:41:45.027+0000] {dagbag.py:588} INFO - Filling up the DagBag from /home/airflow/.local/lib/python3.12/site-packages/airflow/example_dags/example_branch_python_dop_operator_3.py
[2025-12-13T10:41:45.065+0000] {processor.py:925} INFO - DAG(s) 'example_branch_dop_operator_v3' retrieved from /home/airflow/.local/lib/python3.12/site-packages/airflow/example_dags/example_branch_python_dop_operator_3.py
[2025-12-13T10:41:45.109+0000] {logging_mixin.py:190} INFO - [2025-12-13T10:41:45.108+0000] {dag.py:3239} INFO - Sync 1 DAGs
[2025-12-13T10:41:45.173+0000] {logging_mixin.py:190} INFO - [2025-12-13T10:41:45.172+0000] {dag.py:4180} INFO - Setting next_dagrun for example_branch_dop_operator_v3 to 2025-12-13 10:40:00+00:00, run_after=2025-12-13 10:41:00+00:00
[2025-12-13T10:41:45.207+0000] {processor.py:208} INFO - Processing /home/airflow/.local/lib/python3.12/site-packages/airflow/example_dags/example_branch_python_dop_operator_3.py took 0.210 seconds
[2025-12-13T10:42:15.831+0000] {processor.py:186} INFO - Started process (PID=3268) to work on /home/airflow/.local/lib/python3.12/site-packages/airflow/example_dags/example_branch_python_dop_operator_3.py
[2025-12-13T10:42:15.833+0000] {processor.py:914} INFO - Processing file /home/airflow/.local/lib/python3.12/site-packages/airflow/example_dags/example_branch_python_dop_operator_3.py for tasks to queue
[2025-12-13T10:42:15.844+0000] {logging_mixin.py:190} INFO - [2025-12-13T10:42:15.839+0000] {dagbag.py:588} INFO - Filling up the DagBag from /home/airflow/.local/lib/python3.12/site-packages/airflow/example_dags/example_branch_python_dop_operator_3.py
[2025-12-13T10:42:15.877+0000] {processor.py:925} INFO - DAG(s) 'example_branch_dop_operator_v3' retrieved from /home/airflow/.local/lib/python3.12/site-packages/airflow/example_dags/example_branch_python_dop_operator_3.py
[2025-12-13T10:42:15.962+0000] {logging_mixin.py:190} INFO - [2025-12-13T10:42:15.962+0000] {dag.py:3239} INFO - Sync 1 DAGs
[2025-12-13T10:42:16.074+0000] {logging_mixin.py:190} INFO - [2025-12-13T10:42:16.073+0000] {dag.py:4180} INFO - Setting next_dagrun for example_branch_dop_operator_v3 to 2025-12-13 10:41:00+00:00, run_after=2025-12-13 10:42:00+00:00
[2025-12-13T10:42:16.124+0000] {processor.py:208} INFO - Processing /home/airflow/.local/lib/python3.12/site-packages/airflow/example_dags/example_branch_python_dop_operator_3.py took 0.318 seconds
[2025-12-13T10:42:46.325+0000] {processor.py:186} INFO - Started process (PID=3332) to work on /home/airflow/.local/lib/python3.12/site-packages/airflow/example_dags/example_branch_python_dop_operator_3.py
[2025-12-13T10:42:46.327+0000] {processor.py:914} INFO - Processing file /home/airflow/.local/lib/python3.12/site-packages/airflow/example_dags/example_branch_python_dop_operator_3.py for tasks to queue
[2025-12-13T10:42:46.331+0000] {logging_mixin.py:190} INFO - [2025-12-13T10:42:46.330+0000] {dagbag.py:588} INFO - Filling up the DagBag from /home/airflow/.local/lib/python3.12/site-packages/airflow/example_dags/example_branch_python_dop_operator_3.py
[2025-12-13T10:42:46.356+0000] {processor.py:925} INFO - DAG(s) 'example_branch_dop_operator_v3' retrieved from /home/airflow/.local/lib/python3.12/site-packages/airflow/example_dags/example_branch_python_dop_operator_3.py
[2025-12-13T10:42:46.396+0000] {logging_mixin.py:190} INFO - [2025-12-13T10:42:46.396+0000] {dag.py:3239} INFO - Sync 1 DAGs
[2025-12-13T10:42:46.448+0000] {logging_mixin.py:190} INFO - [2025-12-13T10:42:46.447+0000] {dag.py:4180} INFO - Setting next_dagrun for example_branch_dop_operator_v3 to 2025-12-13 10:41:00+00:00, run_after=2025-12-13 10:42:00+00:00
[2025-12-13T10:42:46.484+0000] {processor.py:208} INFO - Processing /home/airflow/.local/lib/python3.12/site-packages/airflow/example_dags/example_branch_python_dop_operator_3.py took 0.172 seconds
[2025-12-13T10:43:16.954+0000] {processor.py:186} INFO - Started process (PID=3395) to work on /home/airflow/.local/lib/python3.12/site-packages/airflow/example_dags/example_branch_python_dop_operator_3.py
[2025-12-13T10:43:16.957+0000] {processor.py:914} INFO - Processing file /home/airflow/.local/lib/python3.12/site-packages/airflow/example_dags/example_branch_python_dop_operator_3.py for tasks to queue
[2025-12-13T10:43:16.962+0000] {logging_mixin.py:190} INFO - [2025-12-13T10:43:16.962+0000] {dagbag.py:588} INFO - Filling up the DagBag from /home/airflow/.local/lib/python3.12/site-packages/airflow/example_dags/example_branch_python_dop_operator_3.py
[2025-12-13T10:43:16.985+0000] {processor.py:925} INFO - DAG(s) 'example_branch_dop_operator_v3' retrieved from /home/airflow/.local/lib/python3.12/site-packages/airflow/example_dags/example_branch_python_dop_operator_3.py
[2025-12-13T10:43:17.057+0000] {logging_mixin.py:190} INFO - [2025-12-13T10:43:17.057+0000] {dag.py:3239} INFO - Sync 1 DAGs
[2025-12-13T10:43:17.120+0000] {logging_mixin.py:190} INFO - [2025-12-13T10:43:17.119+0000] {dag.py:4180} INFO - Setting next_dagrun for example_branch_dop_operator_v3 to 2025-12-13 10:42:00+00:00, run_after=2025-12-13 10:43:00+00:00
[2025-12-13T10:43:17.158+0000] {processor.py:208} INFO - Processing /home/airflow/.local/lib/python3.12/site-packages/airflow/example_dags/example_branch_python_dop_operator_3.py took 0.217 seconds
[2025-12-13T10:43:47.354+0000] {processor.py:186} INFO - Started process (PID=3458) to work on /home/airflow/.local/lib/python3.12/site-packages/airflow/example_dags/example_branch_python_dop_operator_3.py
[2025-12-13T10:43:47.355+0000] {processor.py:914} INFO - Processing file /home/airflow/.local/lib/python3.12/site-packages/airflow/example_dags/example_branch_python_dop_operator_3.py for tasks to queue
[2025-12-13T10:43:47.360+0000] {logging_mixin.py:190} INFO - [2025-12-13T10:43:47.359+0000] {dagbag.py:588} INFO - Filling up the DagBag from /home/airflow/.local/lib/python3.12/site-packages/airflow/example_dags/example_branch_python_dop_operator_3.py
[2025-12-13T10:43:47.385+0000] {processor.py:925} INFO - DAG(s) 'example_branch_dop_operator_v3' retrieved from /home/airflow/.local/lib/python3.12/site-packages/airflow/example_dags/example_branch_python_dop_operator_3.py
[2025-12-13T10:43:47.431+0000] {logging_mixin.py:190} INFO - [2025-12-13T10:43:47.430+0000] {dag.py:3239} INFO - Sync 1 DAGs
[2025-12-13T10:43:47.492+0000] {logging_mixin.py:190} INFO - [2025-12-13T10:43:47.492+0000] {dag.py:4180} INFO - Setting next_dagrun for example_branch_dop_operator_v3 to 2025-12-13 10:42:00+00:00, run_after=2025-12-13 10:43:00+00:00
[2025-12-13T10:43:47.528+0000] {processor.py:208} INFO - Processing /home/airflow/.local/lib/python3.12/site-packages/airflow/example_dags/example_branch_python_dop_operator_3.py took 0.186 seconds
[2025-12-13T10:44:18.830+0000] {processor.py:186} INFO - Started process (PID=3520) to work on /home/airflow/.local/lib/python3.12/site-packages/airflow/example_dags/example_branch_python_dop_operator_3.py
[2025-12-13T10:44:18.835+0000] {processor.py:914} INFO - Processing file /home/airflow/.local/lib/python3.12/site-packages/airflow/example_dags/example_branch_python_dop_operator_3.py for tasks to queue
[2025-12-13T10:44:18.855+0000] {logging_mixin.py:190} INFO - [2025-12-13T10:44:18.853+0000] {dagbag.py:588} INFO - Filling up the DagBag from /home/airflow/.local/lib/python3.12/site-packages/airflow/example_dags/example_branch_python_dop_operator_3.py
[2025-12-13T10:44:18.950+0000] {processor.py:925} INFO - DAG(s) 'example_branch_dop_operator_v3' retrieved from /home/airflow/.local/lib/python3.12/site-packages/airflow/example_dags/example_branch_python_dop_operator_3.py
[2025-12-13T10:44:19.075+0000] {logging_mixin.py:190} INFO - [2025-12-13T10:44:19.074+0000] {dag.py:3239} INFO - Sync 1 DAGs
[2025-12-13T10:44:19.293+0000] {logging_mixin.py:190} INFO - [2025-12-13T10:44:19.292+0000] {dag.py:4180} INFO - Setting next_dagrun for example_branch_dop_operator_v3 to 2025-12-13 10:43:00+00:00, run_after=2025-12-13 10:44:00+00:00
[2025-12-13T10:44:19.384+0000] {processor.py:208} INFO - Processing /home/airflow/.local/lib/python3.12/site-packages/airflow/example_dags/example_branch_python_dop_operator_3.py took 0.602 seconds
[2025-12-13T10:44:49.756+0000] {processor.py:186} INFO - Started process (PID=3581) to work on /home/airflow/.local/lib/python3.12/site-packages/airflow/example_dags/example_branch_python_dop_operator_3.py
[2025-12-13T10:44:49.758+0000] {processor.py:914} INFO - Processing file /home/airflow/.local/lib/python3.12/site-packages/airflow/example_dags/example_branch_python_dop_operator_3.py for tasks to queue
[2025-12-13T10:44:49.764+0000] {logging_mixin.py:190} INFO - [2025-12-13T10:44:49.764+0000] {dagbag.py:588} INFO - Filling up the DagBag from /home/airflow/.local/lib/python3.12/site-packages/airflow/example_dags/example_branch_python_dop_operator_3.py
[2025-12-13T10:44:49.792+0000] {processor.py:925} INFO - DAG(s) 'example_branch_dop_operator_v3' retrieved from /home/airflow/.local/lib/python3.12/site-packages/airflow/example_dags/example_branch_python_dop_operator_3.py
[2025-12-13T10:44:49.837+0000] {logging_mixin.py:190} INFO - [2025-12-13T10:44:49.837+0000] {dag.py:3239} INFO - Sync 1 DAGs
[2025-12-13T10:44:49.901+0000] {logging_mixin.py:190} INFO - [2025-12-13T10:44:49.900+0000] {dag.py:4180} INFO - Setting next_dagrun for example_branch_dop_operator_v3 to 2025-12-13 10:43:00+00:00, run_after=2025-12-13 10:44:00+00:00
[2025-12-13T10:44:49.939+0000] {processor.py:208} INFO - Processing /home/airflow/.local/lib/python3.12/site-packages/airflow/example_dags/example_branch_python_dop_operator_3.py took 0.195 seconds
[2025-12-13T10:45:20.203+0000] {processor.py:186} INFO - Started process (PID=3643) to work on /home/airflow/.local/lib/python3.12/site-packages/airflow/example_dags/example_branch_python_dop_operator_3.py
[2025-12-13T10:45:20.204+0000] {processor.py:914} INFO - Processing file /home/airflow/.local/lib/python3.12/site-packages/airflow/example_dags/example_branch_python_dop_operator_3.py for tasks to queue
[2025-12-13T10:45:20.207+0000] {logging_mixin.py:190} INFO - [2025-12-13T10:45:20.207+0000] {dagbag.py:588} INFO - Filling up the DagBag from /home/airflow/.local/lib/python3.12/site-packages/airflow/example_dags/example_branch_python_dop_operator_3.py
[2025-12-13T10:45:20.227+0000] {processor.py:925} INFO - DAG(s) 'example_branch_dop_operator_v3' retrieved from /home/airflow/.local/lib/python3.12/site-packages/airflow/example_dags/example_branch_python_dop_operator_3.py
[2025-12-13T10:45:20.262+0000] {logging_mixin.py:190} INFO - [2025-12-13T10:45:20.262+0000] {dag.py:3239} INFO - Sync 1 DAGs
[2025-12-13T10:45:20.318+0000] {logging_mixin.py:190} INFO - [2025-12-13T10:45:20.317+0000] {dag.py:4180} INFO - Setting next_dagrun for example_branch_dop_operator_v3 to 2025-12-13 10:44:00+00:00, run_after=2025-12-13 10:45:00+00:00
[2025-12-13T10:45:20.365+0000] {processor.py:208} INFO - Processing /home/airflow/.local/lib/python3.12/site-packages/airflow/example_dags/example_branch_python_dop_operator_3.py took 0.174 seconds
[2025-12-13T10:45:50.460+0000] {processor.py:186} INFO - Started process (PID=3704) to work on /home/airflow/.local/lib/python3.12/site-packages/airflow/example_dags/example_branch_python_dop_operator_3.py
[2025-12-13T10:45:50.468+0000] {processor.py:914} INFO - Processing file /home/airflow/.local/lib/python3.12/site-packages/airflow/example_dags/example_branch_python_dop_operator_3.py for tasks to queue
[2025-12-13T10:45:50.473+0000] {logging_mixin.py:190} INFO - [2025-12-13T10:45:50.472+0000] {dagbag.py:588} INFO - Filling up the DagBag from /home/airflow/.local/lib/python3.12/site-packages/airflow/example_dags/example_branch_python_dop_operator_3.py
[2025-12-13T10:45:50.512+0000] {processor.py:925} INFO - DAG(s) 'example_branch_dop_operator_v3' retrieved from /home/airflow/.local/lib/python3.12/site-packages/airflow/example_dags/example_branch_python_dop_operator_3.py
[2025-12-13T10:45:50.555+0000] {logging_mixin.py:190} INFO - [2025-12-13T10:45:50.553+0000] {dag.py:3239} INFO - Sync 1 DAGs
[2025-12-13T10:45:50.613+0000] {logging_mixin.py:190} INFO - [2025-12-13T10:45:50.613+0000] {dag.py:4180} INFO - Setting next_dagrun for example_branch_dop_operator_v3 to 2025-12-13 10:44:00+00:00, run_after=2025-12-13 10:45:00+00:00
[2025-12-13T10:45:50.655+0000] {processor.py:208} INFO - Processing /home/airflow/.local/lib/python3.12/site-packages/airflow/example_dags/example_branch_python_dop_operator_3.py took 0.210 seconds
[2025-12-13T10:46:21.028+0000] {processor.py:186} INFO - Started process (PID=3767) to work on /home/airflow/.local/lib/python3.12/site-packages/airflow/example_dags/example_branch_python_dop_operator_3.py
[2025-12-13T10:46:21.030+0000] {processor.py:914} INFO - Processing file /home/airflow/.local/lib/python3.12/site-packages/airflow/example_dags/example_branch_python_dop_operator_3.py for tasks to queue
[2025-12-13T10:46:21.033+0000] {logging_mixin.py:190} INFO - [2025-12-13T10:46:21.033+0000] {dagbag.py:588} INFO - Filling up the DagBag from /home/airflow/.local/lib/python3.12/site-packages/airflow/example_dags/example_branch_python_dop_operator_3.py
[2025-12-13T10:46:21.052+0000] {processor.py:925} INFO - DAG(s) 'example_branch_dop_operator_v3' retrieved from /home/airflow/.local/lib/python3.12/site-packages/airflow/example_dags/example_branch_python_dop_operator_3.py
[2025-12-13T10:46:21.092+0000] {logging_mixin.py:190} INFO - [2025-12-13T10:46:21.092+0000] {dag.py:3239} INFO - Sync 1 DAGs
[2025-12-13T10:46:21.141+0000] {logging_mixin.py:190} INFO - [2025-12-13T10:46:21.140+0000] {dag.py:4180} INFO - Setting next_dagrun for example_branch_dop_operator_v3 to 2025-12-13 10:45:00+00:00, run_after=2025-12-13 10:46:00+00:00
[2025-12-13T10:46:21.179+0000] {processor.py:208} INFO - Processing /home/airflow/.local/lib/python3.12/site-packages/airflow/example_dags/example_branch_python_dop_operator_3.py took 0.169 seconds
[2025-12-13T10:46:51.382+0000] {processor.py:186} INFO - Started process (PID=3830) to work on /home/airflow/.local/lib/python3.12/site-packages/airflow/example_dags/example_branch_python_dop_operator_3.py
[2025-12-13T10:46:51.384+0000] {processor.py:914} INFO - Processing file /home/airflow/.local/lib/python3.12/site-packages/airflow/example_dags/example_branch_python_dop_operator_3.py for tasks to queue
[2025-12-13T10:46:51.388+0000] {logging_mixin.py:190} INFO - [2025-12-13T10:46:51.387+0000] {dagbag.py:588} INFO - Filling up the DagBag from /home/airflow/.local/lib/python3.12/site-packages/airflow/example_dags/example_branch_python_dop_operator_3.py
[2025-12-13T10:46:51.408+0000] {processor.py:925} INFO - DAG(s) 'example_branch_dop_operator_v3' retrieved from /home/airflow/.local/lib/python3.12/site-packages/airflow/example_dags/example_branch_python_dop_operator_3.py
[2025-12-13T10:46:51.440+0000] {logging_mixin.py:190} INFO - [2025-12-13T10:46:51.439+0000] {dag.py:3239} INFO - Sync 1 DAGs
[2025-12-13T10:46:51.489+0000] {logging_mixin.py:190} INFO - [2025-12-13T10:46:51.489+0000] {dag.py:4180} INFO - Setting next_dagrun for example_branch_dop_operator_v3 to 2025-12-13 10:45:00+00:00, run_after=2025-12-13 10:46:00+00:00
[2025-12-13T10:46:51.519+0000] {processor.py:208} INFO - Processing /home/airflow/.local/lib/python3.12/site-packages/airflow/example_dags/example_branch_python_dop_operator_3.py took 0.148 seconds
