[2025-12-13T10:16:14.150+0000] {processor.py:186} INFO - Started process (PID=104) to work on /home/airflow/.local/lib/python3.12/site-packages/airflow/example_dags/example_python_decorator.py
[2025-12-13T10:16:14.151+0000] {processor.py:914} INFO - Processing file /home/airflow/.local/lib/python3.12/site-packages/airflow/example_dags/example_python_decorator.py for tasks to queue
[2025-12-13T10:16:14.156+0000] {logging_mixin.py:190} INFO - [2025-12-13T10:16:14.155+0000] {dagbag.py:588} INFO - Filling up the DagBag from /home/airflow/.local/lib/python3.12/site-packages/airflow/example_dags/example_python_decorator.py
[2025-12-13T10:16:14.189+0000] {processor.py:925} INFO - DAG(s) 'example_python_decorator' retrieved from /home/airflow/.local/lib/python3.12/site-packages/airflow/example_dags/example_python_decorator.py
[2025-12-13T10:16:14.440+0000] {logging_mixin.py:190} INFO - [2025-12-13T10:16:14.438+0000] {override.py:1911} INFO - Created Permission View: can edit on DAG:example_python_decorator
[2025-12-13T10:16:14.458+0000] {logging_mixin.py:190} INFO - [2025-12-13T10:16:14.458+0000] {override.py:1911} INFO - Created Permission View: can delete on DAG:example_python_decorator
[2025-12-13T10:16:14.472+0000] {logging_mixin.py:190} INFO - [2025-12-13T10:16:14.471+0000] {override.py:1911} INFO - Created Permission View: can read on DAG:example_python_decorator
[2025-12-13T10:16:14.482+0000] {logging_mixin.py:190} INFO - [2025-12-13T10:16:14.481+0000] {override.py:1911} INFO - Created Permission View: can create on DAG Run:example_python_decorator
[2025-12-13T10:16:14.495+0000] {logging_mixin.py:190} INFO - [2025-12-13T10:16:14.494+0000] {override.py:1911} INFO - Created Permission View: can delete on DAG Run:example_python_decorator
[2025-12-13T10:16:14.505+0000] {logging_mixin.py:190} INFO - [2025-12-13T10:16:14.505+0000] {override.py:1911} INFO - Created Permission View: menu access on DAG Run:example_python_decorator
[2025-12-13T10:16:14.517+0000] {logging_mixin.py:190} INFO - [2025-12-13T10:16:14.516+0000] {override.py:1911} INFO - Created Permission View: can read on DAG Run:example_python_decorator
[2025-12-13T10:16:14.518+0000] {logging_mixin.py:190} INFO - [2025-12-13T10:16:14.517+0000] {dag.py:3239} INFO - Sync 1 DAGs
[2025-12-13T10:16:14.545+0000] {logging_mixin.py:190} INFO - [2025-12-13T10:16:14.545+0000] {dag.py:3262} INFO - Creating ORM DAG for example_python_decorator
[2025-12-13T10:16:14.550+0000] {logging_mixin.py:190} INFO - [2025-12-13T10:16:14.550+0000] {dag.py:4180} INFO - Setting next_dagrun for example_python_decorator to None, run_after=None
[2025-12-13T10:16:14.581+0000] {processor.py:208} INFO - Processing /home/airflow/.local/lib/python3.12/site-packages/airflow/example_dags/example_python_decorator.py took 0.443 seconds
[2025-12-13T10:16:44.737+0000] {processor.py:186} INFO - Started process (PID=167) to work on /home/airflow/.local/lib/python3.12/site-packages/airflow/example_dags/example_python_decorator.py
[2025-12-13T10:16:44.739+0000] {processor.py:914} INFO - Processing file /home/airflow/.local/lib/python3.12/site-packages/airflow/example_dags/example_python_decorator.py for tasks to queue
[2025-12-13T10:16:44.743+0000] {logging_mixin.py:190} INFO - [2025-12-13T10:16:44.742+0000] {dagbag.py:588} INFO - Filling up the DagBag from /home/airflow/.local/lib/python3.12/site-packages/airflow/example_dags/example_python_decorator.py
[2025-12-13T10:16:44.768+0000] {processor.py:925} INFO - DAG(s) 'example_python_decorator' retrieved from /home/airflow/.local/lib/python3.12/site-packages/airflow/example_dags/example_python_decorator.py
[2025-12-13T10:16:44.813+0000] {logging_mixin.py:190} INFO - [2025-12-13T10:16:44.813+0000] {dag.py:3239} INFO - Sync 1 DAGs
[2025-12-13T10:16:44.842+0000] {logging_mixin.py:190} INFO - [2025-12-13T10:16:44.841+0000] {dag.py:4180} INFO - Setting next_dagrun for example_python_decorator to None, run_after=None
[2025-12-13T10:16:44.875+0000] {processor.py:208} INFO - Processing /home/airflow/.local/lib/python3.12/site-packages/airflow/example_dags/example_python_decorator.py took 0.150 seconds
[2025-12-13T10:17:15.420+0000] {processor.py:186} INFO - Started process (PID=229) to work on /home/airflow/.local/lib/python3.12/site-packages/airflow/example_dags/example_python_decorator.py
[2025-12-13T10:17:15.421+0000] {processor.py:914} INFO - Processing file /home/airflow/.local/lib/python3.12/site-packages/airflow/example_dags/example_python_decorator.py for tasks to queue
[2025-12-13T10:17:15.425+0000] {logging_mixin.py:190} INFO - [2025-12-13T10:17:15.424+0000] {dagbag.py:588} INFO - Filling up the DagBag from /home/airflow/.local/lib/python3.12/site-packages/airflow/example_dags/example_python_decorator.py
[2025-12-13T10:17:15.455+0000] {processor.py:925} INFO - DAG(s) 'example_python_decorator' retrieved from /home/airflow/.local/lib/python3.12/site-packages/airflow/example_dags/example_python_decorator.py
[2025-12-13T10:17:15.501+0000] {logging_mixin.py:190} INFO - [2025-12-13T10:17:15.500+0000] {dag.py:3239} INFO - Sync 1 DAGs
[2025-12-13T10:17:15.534+0000] {logging_mixin.py:190} INFO - [2025-12-13T10:17:15.533+0000] {dag.py:4180} INFO - Setting next_dagrun for example_python_decorator to None, run_after=None
[2025-12-13T10:17:15.583+0000] {processor.py:208} INFO - Processing /home/airflow/.local/lib/python3.12/site-packages/airflow/example_dags/example_python_decorator.py took 0.175 seconds
[2025-12-13T10:17:46.535+0000] {processor.py:186} INFO - Started process (PID=292) to work on /home/airflow/.local/lib/python3.12/site-packages/airflow/example_dags/example_python_decorator.py
[2025-12-13T10:17:46.537+0000] {processor.py:914} INFO - Processing file /home/airflow/.local/lib/python3.12/site-packages/airflow/example_dags/example_python_decorator.py for tasks to queue
[2025-12-13T10:17:46.541+0000] {logging_mixin.py:190} INFO - [2025-12-13T10:17:46.540+0000] {dagbag.py:588} INFO - Filling up the DagBag from /home/airflow/.local/lib/python3.12/site-packages/airflow/example_dags/example_python_decorator.py
[2025-12-13T10:17:46.570+0000] {processor.py:925} INFO - DAG(s) 'example_python_decorator' retrieved from /home/airflow/.local/lib/python3.12/site-packages/airflow/example_dags/example_python_decorator.py
[2025-12-13T10:17:46.611+0000] {logging_mixin.py:190} INFO - [2025-12-13T10:17:46.611+0000] {dag.py:3239} INFO - Sync 1 DAGs
[2025-12-13T10:17:46.635+0000] {logging_mixin.py:190} INFO - [2025-12-13T10:17:46.634+0000] {dag.py:4180} INFO - Setting next_dagrun for example_python_decorator to None, run_after=None
[2025-12-13T10:17:46.669+0000] {processor.py:208} INFO - Processing /home/airflow/.local/lib/python3.12/site-packages/airflow/example_dags/example_python_decorator.py took 0.145 seconds
[2025-12-13T10:18:20.879+0000] {processor.py:186} INFO - Started process (PID=355) to work on /home/airflow/.local/lib/python3.12/site-packages/airflow/example_dags/example_python_decorator.py
[2025-12-13T10:18:20.887+0000] {processor.py:914} INFO - Processing file /home/airflow/.local/lib/python3.12/site-packages/airflow/example_dags/example_python_decorator.py for tasks to queue
[2025-12-13T10:18:20.893+0000] {logging_mixin.py:190} INFO - [2025-12-13T10:18:20.893+0000] {dagbag.py:588} INFO - Filling up the DagBag from /home/airflow/.local/lib/python3.12/site-packages/airflow/example_dags/example_python_decorator.py
[2025-12-13T10:18:21.006+0000] {processor.py:925} INFO - DAG(s) 'example_python_decorator' retrieved from /home/airflow/.local/lib/python3.12/site-packages/airflow/example_dags/example_python_decorator.py
[2025-12-13T10:18:21.132+0000] {logging_mixin.py:190} INFO - [2025-12-13T10:18:21.132+0000] {dag.py:3239} INFO - Sync 1 DAGs
[2025-12-13T10:18:21.214+0000] {logging_mixin.py:190} INFO - [2025-12-13T10:18:21.214+0000] {dag.py:4180} INFO - Setting next_dagrun for example_python_decorator to None, run_after=None
[2025-12-13T10:18:21.277+0000] {processor.py:208} INFO - Processing /home/airflow/.local/lib/python3.12/site-packages/airflow/example_dags/example_python_decorator.py took 0.438 seconds
[2025-12-13T10:18:52.285+0000] {processor.py:186} INFO - Started process (PID=419) to work on /home/airflow/.local/lib/python3.12/site-packages/airflow/example_dags/example_python_decorator.py
[2025-12-13T10:18:52.286+0000] {processor.py:914} INFO - Processing file /home/airflow/.local/lib/python3.12/site-packages/airflow/example_dags/example_python_decorator.py for tasks to queue
[2025-12-13T10:18:52.289+0000] {logging_mixin.py:190} INFO - [2025-12-13T10:18:52.289+0000] {dagbag.py:588} INFO - Filling up the DagBag from /home/airflow/.local/lib/python3.12/site-packages/airflow/example_dags/example_python_decorator.py
[2025-12-13T10:18:52.315+0000] {processor.py:925} INFO - DAG(s) 'example_python_decorator' retrieved from /home/airflow/.local/lib/python3.12/site-packages/airflow/example_dags/example_python_decorator.py
[2025-12-13T10:18:52.352+0000] {logging_mixin.py:190} INFO - [2025-12-13T10:18:52.351+0000] {dag.py:3239} INFO - Sync 1 DAGs
[2025-12-13T10:18:52.379+0000] {logging_mixin.py:190} INFO - [2025-12-13T10:18:52.378+0000] {dag.py:4180} INFO - Setting next_dagrun for example_python_decorator to None, run_after=None
[2025-12-13T10:18:52.407+0000] {processor.py:208} INFO - Processing /home/airflow/.local/lib/python3.12/site-packages/airflow/example_dags/example_python_decorator.py took 0.134 seconds
[2025-12-13T10:19:22.645+0000] {processor.py:186} INFO - Started process (PID=480) to work on /home/airflow/.local/lib/python3.12/site-packages/airflow/example_dags/example_python_decorator.py
[2025-12-13T10:19:22.646+0000] {processor.py:914} INFO - Processing file /home/airflow/.local/lib/python3.12/site-packages/airflow/example_dags/example_python_decorator.py for tasks to queue
[2025-12-13T10:19:22.652+0000] {logging_mixin.py:190} INFO - [2025-12-13T10:19:22.652+0000] {dagbag.py:588} INFO - Filling up the DagBag from /home/airflow/.local/lib/python3.12/site-packages/airflow/example_dags/example_python_decorator.py
[2025-12-13T10:19:22.682+0000] {processor.py:925} INFO - DAG(s) 'example_python_decorator' retrieved from /home/airflow/.local/lib/python3.12/site-packages/airflow/example_dags/example_python_decorator.py
[2025-12-13T10:19:22.724+0000] {logging_mixin.py:190} INFO - [2025-12-13T10:19:22.723+0000] {dag.py:3239} INFO - Sync 1 DAGs
[2025-12-13T10:19:22.748+0000] {logging_mixin.py:190} INFO - [2025-12-13T10:19:22.748+0000] {dag.py:4180} INFO - Setting next_dagrun for example_python_decorator to None, run_after=None
[2025-12-13T10:19:22.782+0000] {processor.py:208} INFO - Processing /home/airflow/.local/lib/python3.12/site-packages/airflow/example_dags/example_python_decorator.py took 0.147 seconds
[2025-12-13T10:19:52.851+0000] {processor.py:186} INFO - Started process (PID=542) to work on /home/airflow/.local/lib/python3.12/site-packages/airflow/example_dags/example_python_decorator.py
[2025-12-13T10:19:52.852+0000] {processor.py:914} INFO - Processing file /home/airflow/.local/lib/python3.12/site-packages/airflow/example_dags/example_python_decorator.py for tasks to queue
[2025-12-13T10:19:52.855+0000] {logging_mixin.py:190} INFO - [2025-12-13T10:19:52.854+0000] {dagbag.py:588} INFO - Filling up the DagBag from /home/airflow/.local/lib/python3.12/site-packages/airflow/example_dags/example_python_decorator.py
[2025-12-13T10:19:52.878+0000] {processor.py:925} INFO - DAG(s) 'example_python_decorator' retrieved from /home/airflow/.local/lib/python3.12/site-packages/airflow/example_dags/example_python_decorator.py
[2025-12-13T10:19:52.911+0000] {logging_mixin.py:190} INFO - [2025-12-13T10:19:52.910+0000] {dag.py:3239} INFO - Sync 1 DAGs
[2025-12-13T10:19:52.936+0000] {logging_mixin.py:190} INFO - [2025-12-13T10:19:52.936+0000] {dag.py:4180} INFO - Setting next_dagrun for example_python_decorator to None, run_after=None
[2025-12-13T10:19:52.967+0000] {processor.py:208} INFO - Processing /home/airflow/.local/lib/python3.12/site-packages/airflow/example_dags/example_python_decorator.py took 0.129 seconds
[2025-12-13T10:20:23.052+0000] {processor.py:186} INFO - Started process (PID=605) to work on /home/airflow/.local/lib/python3.12/site-packages/airflow/example_dags/example_python_decorator.py
[2025-12-13T10:20:23.054+0000] {processor.py:914} INFO - Processing file /home/airflow/.local/lib/python3.12/site-packages/airflow/example_dags/example_python_decorator.py for tasks to queue
[2025-12-13T10:20:23.058+0000] {logging_mixin.py:190} INFO - [2025-12-13T10:20:23.058+0000] {dagbag.py:588} INFO - Filling up the DagBag from /home/airflow/.local/lib/python3.12/site-packages/airflow/example_dags/example_python_decorator.py
[2025-12-13T10:20:23.080+0000] {processor.py:925} INFO - DAG(s) 'example_python_decorator' retrieved from /home/airflow/.local/lib/python3.12/site-packages/airflow/example_dags/example_python_decorator.py
[2025-12-13T10:20:23.112+0000] {logging_mixin.py:190} INFO - [2025-12-13T10:20:23.112+0000] {dag.py:3239} INFO - Sync 1 DAGs
[2025-12-13T10:20:23.133+0000] {logging_mixin.py:190} INFO - [2025-12-13T10:20:23.132+0000] {dag.py:4180} INFO - Setting next_dagrun for example_python_decorator to None, run_after=None
[2025-12-13T10:20:23.158+0000] {processor.py:208} INFO - Processing /home/airflow/.local/lib/python3.12/site-packages/airflow/example_dags/example_python_decorator.py took 0.115 seconds
[2025-12-13T10:20:53.587+0000] {processor.py:186} INFO - Started process (PID=668) to work on /home/airflow/.local/lib/python3.12/site-packages/airflow/example_dags/example_python_decorator.py
[2025-12-13T10:20:53.590+0000] {processor.py:914} INFO - Processing file /home/airflow/.local/lib/python3.12/site-packages/airflow/example_dags/example_python_decorator.py for tasks to queue
[2025-12-13T10:20:53.594+0000] {logging_mixin.py:190} INFO - [2025-12-13T10:20:53.594+0000] {dagbag.py:588} INFO - Filling up the DagBag from /home/airflow/.local/lib/python3.12/site-packages/airflow/example_dags/example_python_decorator.py
[2025-12-13T10:20:53.636+0000] {processor.py:925} INFO - DAG(s) 'example_python_decorator' retrieved from /home/airflow/.local/lib/python3.12/site-packages/airflow/example_dags/example_python_decorator.py
[2025-12-13T10:20:53.702+0000] {logging_mixin.py:190} INFO - [2025-12-13T10:20:53.701+0000] {dag.py:3239} INFO - Sync 1 DAGs
[2025-12-13T10:20:53.737+0000] {logging_mixin.py:190} INFO - [2025-12-13T10:20:53.736+0000] {dag.py:4180} INFO - Setting next_dagrun for example_python_decorator to None, run_after=None
[2025-12-13T10:20:53.775+0000] {processor.py:208} INFO - Processing /home/airflow/.local/lib/python3.12/site-packages/airflow/example_dags/example_python_decorator.py took 0.203 seconds
[2025-12-13T10:21:24.490+0000] {processor.py:186} INFO - Started process (PID=731) to work on /home/airflow/.local/lib/python3.12/site-packages/airflow/example_dags/example_python_decorator.py
[2025-12-13T10:21:24.491+0000] {processor.py:914} INFO - Processing file /home/airflow/.local/lib/python3.12/site-packages/airflow/example_dags/example_python_decorator.py for tasks to queue
[2025-12-13T10:21:24.495+0000] {logging_mixin.py:190} INFO - [2025-12-13T10:21:24.495+0000] {dagbag.py:588} INFO - Filling up the DagBag from /home/airflow/.local/lib/python3.12/site-packages/airflow/example_dags/example_python_decorator.py
[2025-12-13T10:21:24.523+0000] {processor.py:925} INFO - DAG(s) 'example_python_decorator' retrieved from /home/airflow/.local/lib/python3.12/site-packages/airflow/example_dags/example_python_decorator.py
[2025-12-13T10:21:24.555+0000] {logging_mixin.py:190} INFO - [2025-12-13T10:21:24.555+0000] {dag.py:3239} INFO - Sync 1 DAGs
[2025-12-13T10:21:24.583+0000] {logging_mixin.py:190} INFO - [2025-12-13T10:21:24.583+0000] {dag.py:4180} INFO - Setting next_dagrun for example_python_decorator to None, run_after=None
[2025-12-13T10:21:24.611+0000] {processor.py:208} INFO - Processing /home/airflow/.local/lib/python3.12/site-packages/airflow/example_dags/example_python_decorator.py took 0.132 seconds
[2025-12-13T10:21:54.857+0000] {processor.py:186} INFO - Started process (PID=794) to work on /home/airflow/.local/lib/python3.12/site-packages/airflow/example_dags/example_python_decorator.py
[2025-12-13T10:21:54.858+0000] {processor.py:914} INFO - Processing file /home/airflow/.local/lib/python3.12/site-packages/airflow/example_dags/example_python_decorator.py for tasks to queue
[2025-12-13T10:21:54.862+0000] {logging_mixin.py:190} INFO - [2025-12-13T10:21:54.861+0000] {dagbag.py:588} INFO - Filling up the DagBag from /home/airflow/.local/lib/python3.12/site-packages/airflow/example_dags/example_python_decorator.py
[2025-12-13T10:21:54.882+0000] {processor.py:925} INFO - DAG(s) 'example_python_decorator' retrieved from /home/airflow/.local/lib/python3.12/site-packages/airflow/example_dags/example_python_decorator.py
[2025-12-13T10:21:54.921+0000] {logging_mixin.py:190} INFO - [2025-12-13T10:21:54.921+0000] {dag.py:3239} INFO - Sync 1 DAGs
[2025-12-13T10:21:54.945+0000] {logging_mixin.py:190} INFO - [2025-12-13T10:21:54.944+0000] {dag.py:4180} INFO - Setting next_dagrun for example_python_decorator to None, run_after=None
[2025-12-13T10:21:54.972+0000] {processor.py:208} INFO - Processing /home/airflow/.local/lib/python3.12/site-packages/airflow/example_dags/example_python_decorator.py took 0.123 seconds
[2025-12-13T10:22:25.533+0000] {processor.py:186} INFO - Started process (PID=857) to work on /home/airflow/.local/lib/python3.12/site-packages/airflow/example_dags/example_python_decorator.py
[2025-12-13T10:22:25.534+0000] {processor.py:914} INFO - Processing file /home/airflow/.local/lib/python3.12/site-packages/airflow/example_dags/example_python_decorator.py for tasks to queue
[2025-12-13T10:22:25.537+0000] {logging_mixin.py:190} INFO - [2025-12-13T10:22:25.537+0000] {dagbag.py:588} INFO - Filling up the DagBag from /home/airflow/.local/lib/python3.12/site-packages/airflow/example_dags/example_python_decorator.py
[2025-12-13T10:22:25.566+0000] {processor.py:925} INFO - DAG(s) 'example_python_decorator' retrieved from /home/airflow/.local/lib/python3.12/site-packages/airflow/example_dags/example_python_decorator.py
[2025-12-13T10:22:25.611+0000] {logging_mixin.py:190} INFO - [2025-12-13T10:22:25.611+0000] {dag.py:3239} INFO - Sync 1 DAGs
[2025-12-13T10:22:25.643+0000] {logging_mixin.py:190} INFO - [2025-12-13T10:22:25.643+0000] {dag.py:4180} INFO - Setting next_dagrun for example_python_decorator to None, run_after=None
[2025-12-13T10:22:25.675+0000] {processor.py:208} INFO - Processing /home/airflow/.local/lib/python3.12/site-packages/airflow/example_dags/example_python_decorator.py took 0.154 seconds
[2025-12-13T10:22:56.322+0000] {processor.py:186} INFO - Started process (PID=920) to work on /home/airflow/.local/lib/python3.12/site-packages/airflow/example_dags/example_python_decorator.py
[2025-12-13T10:22:56.323+0000] {processor.py:914} INFO - Processing file /home/airflow/.local/lib/python3.12/site-packages/airflow/example_dags/example_python_decorator.py for tasks to queue
[2025-12-13T10:22:56.326+0000] {logging_mixin.py:190} INFO - [2025-12-13T10:22:56.325+0000] {dagbag.py:588} INFO - Filling up the DagBag from /home/airflow/.local/lib/python3.12/site-packages/airflow/example_dags/example_python_decorator.py
[2025-12-13T10:22:56.348+0000] {processor.py:925} INFO - DAG(s) 'example_python_decorator' retrieved from /home/airflow/.local/lib/python3.12/site-packages/airflow/example_dags/example_python_decorator.py
[2025-12-13T10:22:56.379+0000] {logging_mixin.py:190} INFO - [2025-12-13T10:22:56.379+0000] {dag.py:3239} INFO - Sync 1 DAGs
[2025-12-13T10:22:56.399+0000] {logging_mixin.py:190} INFO - [2025-12-13T10:22:56.399+0000] {dag.py:4180} INFO - Setting next_dagrun for example_python_decorator to None, run_after=None
[2025-12-13T10:22:56.428+0000] {processor.py:208} INFO - Processing /home/airflow/.local/lib/python3.12/site-packages/airflow/example_dags/example_python_decorator.py took 0.115 seconds
[2025-12-13T10:23:26.666+0000] {processor.py:186} INFO - Started process (PID=983) to work on /home/airflow/.local/lib/python3.12/site-packages/airflow/example_dags/example_python_decorator.py
[2025-12-13T10:23:26.667+0000] {processor.py:914} INFO - Processing file /home/airflow/.local/lib/python3.12/site-packages/airflow/example_dags/example_python_decorator.py for tasks to queue
[2025-12-13T10:23:26.671+0000] {logging_mixin.py:190} INFO - [2025-12-13T10:23:26.671+0000] {dagbag.py:588} INFO - Filling up the DagBag from /home/airflow/.local/lib/python3.12/site-packages/airflow/example_dags/example_python_decorator.py
[2025-12-13T10:23:26.700+0000] {processor.py:925} INFO - DAG(s) 'example_python_decorator' retrieved from /home/airflow/.local/lib/python3.12/site-packages/airflow/example_dags/example_python_decorator.py
[2025-12-13T10:23:26.741+0000] {logging_mixin.py:190} INFO - [2025-12-13T10:23:26.741+0000] {dag.py:3239} INFO - Sync 1 DAGs
[2025-12-13T10:23:26.770+0000] {logging_mixin.py:190} INFO - [2025-12-13T10:23:26.769+0000] {dag.py:4180} INFO - Setting next_dagrun for example_python_decorator to None, run_after=None
[2025-12-13T10:23:26.798+0000] {processor.py:208} INFO - Processing /home/airflow/.local/lib/python3.12/site-packages/airflow/example_dags/example_python_decorator.py took 0.144 seconds
[2025-12-13T10:23:57.157+0000] {processor.py:186} INFO - Started process (PID=1046) to work on /home/airflow/.local/lib/python3.12/site-packages/airflow/example_dags/example_python_decorator.py
[2025-12-13T10:23:57.158+0000] {processor.py:914} INFO - Processing file /home/airflow/.local/lib/python3.12/site-packages/airflow/example_dags/example_python_decorator.py for tasks to queue
[2025-12-13T10:23:57.163+0000] {logging_mixin.py:190} INFO - [2025-12-13T10:23:57.162+0000] {dagbag.py:588} INFO - Filling up the DagBag from /home/airflow/.local/lib/python3.12/site-packages/airflow/example_dags/example_python_decorator.py
[2025-12-13T10:23:57.192+0000] {processor.py:925} INFO - DAG(s) 'example_python_decorator' retrieved from /home/airflow/.local/lib/python3.12/site-packages/airflow/example_dags/example_python_decorator.py
[2025-12-13T10:23:57.236+0000] {logging_mixin.py:190} INFO - [2025-12-13T10:23:57.236+0000] {dag.py:3239} INFO - Sync 1 DAGs
[2025-12-13T10:23:57.261+0000] {logging_mixin.py:190} INFO - [2025-12-13T10:23:57.261+0000] {dag.py:4180} INFO - Setting next_dagrun for example_python_decorator to None, run_after=None
[2025-12-13T10:23:57.289+0000] {processor.py:208} INFO - Processing /home/airflow/.local/lib/python3.12/site-packages/airflow/example_dags/example_python_decorator.py took 0.145 seconds
[2025-12-13T10:24:28.070+0000] {processor.py:186} INFO - Started process (PID=1109) to work on /home/airflow/.local/lib/python3.12/site-packages/airflow/example_dags/example_python_decorator.py
[2025-12-13T10:24:28.071+0000] {processor.py:914} INFO - Processing file /home/airflow/.local/lib/python3.12/site-packages/airflow/example_dags/example_python_decorator.py for tasks to queue
[2025-12-13T10:24:28.075+0000] {logging_mixin.py:190} INFO - [2025-12-13T10:24:28.074+0000] {dagbag.py:588} INFO - Filling up the DagBag from /home/airflow/.local/lib/python3.12/site-packages/airflow/example_dags/example_python_decorator.py
[2025-12-13T10:24:28.098+0000] {processor.py:925} INFO - DAG(s) 'example_python_decorator' retrieved from /home/airflow/.local/lib/python3.12/site-packages/airflow/example_dags/example_python_decorator.py
[2025-12-13T10:24:28.130+0000] {logging_mixin.py:190} INFO - [2025-12-13T10:24:28.129+0000] {dag.py:3239} INFO - Sync 1 DAGs
[2025-12-13T10:24:28.150+0000] {logging_mixin.py:190} INFO - [2025-12-13T10:24:28.150+0000] {dag.py:4180} INFO - Setting next_dagrun for example_python_decorator to None, run_after=None
[2025-12-13T10:24:28.177+0000] {processor.py:208} INFO - Processing /home/airflow/.local/lib/python3.12/site-packages/airflow/example_dags/example_python_decorator.py took 0.118 seconds
[2025-12-13T10:24:58.441+0000] {processor.py:186} INFO - Started process (PID=1171) to work on /home/airflow/.local/lib/python3.12/site-packages/airflow/example_dags/example_python_decorator.py
[2025-12-13T10:24:58.442+0000] {processor.py:914} INFO - Processing file /home/airflow/.local/lib/python3.12/site-packages/airflow/example_dags/example_python_decorator.py for tasks to queue
[2025-12-13T10:24:58.445+0000] {logging_mixin.py:190} INFO - [2025-12-13T10:24:58.445+0000] {dagbag.py:588} INFO - Filling up the DagBag from /home/airflow/.local/lib/python3.12/site-packages/airflow/example_dags/example_python_decorator.py
[2025-12-13T10:24:58.468+0000] {processor.py:925} INFO - DAG(s) 'example_python_decorator' retrieved from /home/airflow/.local/lib/python3.12/site-packages/airflow/example_dags/example_python_decorator.py
[2025-12-13T10:24:58.500+0000] {logging_mixin.py:190} INFO - [2025-12-13T10:24:58.500+0000] {dag.py:3239} INFO - Sync 1 DAGs
[2025-12-13T10:24:58.522+0000] {logging_mixin.py:190} INFO - [2025-12-13T10:24:58.522+0000] {dag.py:4180} INFO - Setting next_dagrun for example_python_decorator to None, run_after=None
[2025-12-13T10:24:58.549+0000] {processor.py:208} INFO - Processing /home/airflow/.local/lib/python3.12/site-packages/airflow/example_dags/example_python_decorator.py took 0.118 seconds
[2025-12-13T10:25:28.914+0000] {processor.py:186} INFO - Started process (PID=1234) to work on /home/airflow/.local/lib/python3.12/site-packages/airflow/example_dags/example_python_decorator.py
[2025-12-13T10:25:28.916+0000] {processor.py:914} INFO - Processing file /home/airflow/.local/lib/python3.12/site-packages/airflow/example_dags/example_python_decorator.py for tasks to queue
[2025-12-13T10:25:28.921+0000] {logging_mixin.py:190} INFO - [2025-12-13T10:25:28.920+0000] {dagbag.py:588} INFO - Filling up the DagBag from /home/airflow/.local/lib/python3.12/site-packages/airflow/example_dags/example_python_decorator.py
[2025-12-13T10:25:28.964+0000] {processor.py:925} INFO - DAG(s) 'example_python_decorator' retrieved from /home/airflow/.local/lib/python3.12/site-packages/airflow/example_dags/example_python_decorator.py
[2025-12-13T10:25:29.038+0000] {logging_mixin.py:190} INFO - [2025-12-13T10:25:29.038+0000] {dag.py:3239} INFO - Sync 1 DAGs
[2025-12-13T10:25:29.078+0000] {logging_mixin.py:190} INFO - [2025-12-13T10:25:29.078+0000] {dag.py:4180} INFO - Setting next_dagrun for example_python_decorator to None, run_after=None
[2025-12-13T10:25:29.122+0000] {processor.py:208} INFO - Processing /home/airflow/.local/lib/python3.12/site-packages/airflow/example_dags/example_python_decorator.py took 0.225 seconds
[2025-12-13T10:26:00.070+0000] {processor.py:186} INFO - Started process (PID=1296) to work on /home/airflow/.local/lib/python3.12/site-packages/airflow/example_dags/example_python_decorator.py
[2025-12-13T10:26:00.072+0000] {processor.py:914} INFO - Processing file /home/airflow/.local/lib/python3.12/site-packages/airflow/example_dags/example_python_decorator.py for tasks to queue
[2025-12-13T10:26:00.076+0000] {logging_mixin.py:190} INFO - [2025-12-13T10:26:00.075+0000] {dagbag.py:588} INFO - Filling up the DagBag from /home/airflow/.local/lib/python3.12/site-packages/airflow/example_dags/example_python_decorator.py
[2025-12-13T10:26:00.108+0000] {processor.py:925} INFO - DAG(s) 'example_python_decorator' retrieved from /home/airflow/.local/lib/python3.12/site-packages/airflow/example_dags/example_python_decorator.py
[2025-12-13T10:26:00.154+0000] {logging_mixin.py:190} INFO - [2025-12-13T10:26:00.154+0000] {dag.py:3239} INFO - Sync 1 DAGs
[2025-12-13T10:26:00.187+0000] {logging_mixin.py:190} INFO - [2025-12-13T10:26:00.186+0000] {dag.py:4180} INFO - Setting next_dagrun for example_python_decorator to None, run_after=None
[2025-12-13T10:26:00.217+0000] {processor.py:208} INFO - Processing /home/airflow/.local/lib/python3.12/site-packages/airflow/example_dags/example_python_decorator.py took 0.157 seconds
[2025-12-13T10:26:30.771+0000] {processor.py:186} INFO - Started process (PID=1359) to work on /home/airflow/.local/lib/python3.12/site-packages/airflow/example_dags/example_python_decorator.py
[2025-12-13T10:26:30.775+0000] {processor.py:914} INFO - Processing file /home/airflow/.local/lib/python3.12/site-packages/airflow/example_dags/example_python_decorator.py for tasks to queue
[2025-12-13T10:26:30.784+0000] {logging_mixin.py:190} INFO - [2025-12-13T10:26:30.783+0000] {dagbag.py:588} INFO - Filling up the DagBag from /home/airflow/.local/lib/python3.12/site-packages/airflow/example_dags/example_python_decorator.py
[2025-12-13T10:26:30.827+0000] {processor.py:925} INFO - DAG(s) 'example_python_decorator' retrieved from /home/airflow/.local/lib/python3.12/site-packages/airflow/example_dags/example_python_decorator.py
[2025-12-13T10:26:30.872+0000] {logging_mixin.py:190} INFO - [2025-12-13T10:26:30.872+0000] {dag.py:3239} INFO - Sync 1 DAGs
[2025-12-13T10:26:30.902+0000] {logging_mixin.py:190} INFO - [2025-12-13T10:26:30.902+0000] {dag.py:4180} INFO - Setting next_dagrun for example_python_decorator to None, run_after=None
[2025-12-13T10:26:30.936+0000] {processor.py:208} INFO - Processing /home/airflow/.local/lib/python3.12/site-packages/airflow/example_dags/example_python_decorator.py took 0.176 seconds
[2025-12-13T10:27:01.203+0000] {processor.py:186} INFO - Started process (PID=1421) to work on /home/airflow/.local/lib/python3.12/site-packages/airflow/example_dags/example_python_decorator.py
[2025-12-13T10:27:01.204+0000] {processor.py:914} INFO - Processing file /home/airflow/.local/lib/python3.12/site-packages/airflow/example_dags/example_python_decorator.py for tasks to queue
[2025-12-13T10:27:01.208+0000] {logging_mixin.py:190} INFO - [2025-12-13T10:27:01.208+0000] {dagbag.py:588} INFO - Filling up the DagBag from /home/airflow/.local/lib/python3.12/site-packages/airflow/example_dags/example_python_decorator.py
[2025-12-13T10:27:01.237+0000] {processor.py:925} INFO - DAG(s) 'example_python_decorator' retrieved from /home/airflow/.local/lib/python3.12/site-packages/airflow/example_dags/example_python_decorator.py
[2025-12-13T10:27:01.278+0000] {logging_mixin.py:190} INFO - [2025-12-13T10:27:01.278+0000] {dag.py:3239} INFO - Sync 1 DAGs
[2025-12-13T10:27:01.308+0000] {logging_mixin.py:190} INFO - [2025-12-13T10:27:01.308+0000] {dag.py:4180} INFO - Setting next_dagrun for example_python_decorator to None, run_after=None
[2025-12-13T10:27:01.344+0000] {processor.py:208} INFO - Processing /home/airflow/.local/lib/python3.12/site-packages/airflow/example_dags/example_python_decorator.py took 0.159 seconds
[2025-12-13T10:27:32.135+0000] {processor.py:186} INFO - Started process (PID=1484) to work on /home/airflow/.local/lib/python3.12/site-packages/airflow/example_dags/example_python_decorator.py
[2025-12-13T10:27:32.142+0000] {processor.py:914} INFO - Processing file /home/airflow/.local/lib/python3.12/site-packages/airflow/example_dags/example_python_decorator.py for tasks to queue
[2025-12-13T10:27:32.155+0000] {logging_mixin.py:190} INFO - [2025-12-13T10:27:32.152+0000] {dagbag.py:588} INFO - Filling up the DagBag from /home/airflow/.local/lib/python3.12/site-packages/airflow/example_dags/example_python_decorator.py
[2025-12-13T10:27:32.195+0000] {processor.py:925} INFO - DAG(s) 'example_python_decorator' retrieved from /home/airflow/.local/lib/python3.12/site-packages/airflow/example_dags/example_python_decorator.py
[2025-12-13T10:27:32.253+0000] {logging_mixin.py:190} INFO - [2025-12-13T10:27:32.252+0000] {dag.py:3239} INFO - Sync 1 DAGs
[2025-12-13T10:27:32.284+0000] {logging_mixin.py:190} INFO - [2025-12-13T10:27:32.284+0000] {dag.py:4180} INFO - Setting next_dagrun for example_python_decorator to None, run_after=None
[2025-12-13T10:27:32.337+0000] {processor.py:208} INFO - Processing /home/airflow/.local/lib/python3.12/site-packages/airflow/example_dags/example_python_decorator.py took 0.236 seconds
[2025-12-13T10:28:03.216+0000] {processor.py:186} INFO - Started process (PID=1545) to work on /home/airflow/.local/lib/python3.12/site-packages/airflow/example_dags/example_python_decorator.py
[2025-12-13T10:28:03.217+0000] {processor.py:914} INFO - Processing file /home/airflow/.local/lib/python3.12/site-packages/airflow/example_dags/example_python_decorator.py for tasks to queue
[2025-12-13T10:28:03.222+0000] {logging_mixin.py:190} INFO - [2025-12-13T10:28:03.221+0000] {dagbag.py:588} INFO - Filling up the DagBag from /home/airflow/.local/lib/python3.12/site-packages/airflow/example_dags/example_python_decorator.py
[2025-12-13T10:28:03.260+0000] {processor.py:925} INFO - DAG(s) 'example_python_decorator' retrieved from /home/airflow/.local/lib/python3.12/site-packages/airflow/example_dags/example_python_decorator.py
[2025-12-13T10:28:03.308+0000] {logging_mixin.py:190} INFO - [2025-12-13T10:28:03.308+0000] {dag.py:3239} INFO - Sync 1 DAGs
[2025-12-13T10:28:03.342+0000] {logging_mixin.py:190} INFO - [2025-12-13T10:28:03.342+0000] {dag.py:4180} INFO - Setting next_dagrun for example_python_decorator to None, run_after=None
[2025-12-13T10:28:03.395+0000] {processor.py:208} INFO - Processing /home/airflow/.local/lib/python3.12/site-packages/airflow/example_dags/example_python_decorator.py took 0.192 seconds
[2025-12-13T10:28:42.445+0000] {processor.py:186} INFO - Started process (PID=1613) to work on /home/airflow/.local/lib/python3.12/site-packages/airflow/example_dags/example_python_decorator.py
[2025-12-13T10:28:42.451+0000] {processor.py:914} INFO - Processing file /home/airflow/.local/lib/python3.12/site-packages/airflow/example_dags/example_python_decorator.py for tasks to queue
[2025-12-13T10:28:42.456+0000] {logging_mixin.py:190} INFO - [2025-12-13T10:28:42.455+0000] {dagbag.py:588} INFO - Filling up the DagBag from /home/airflow/.local/lib/python3.12/site-packages/airflow/example_dags/example_python_decorator.py
[2025-12-13T10:28:42.499+0000] {processor.py:925} INFO - DAG(s) 'example_python_decorator' retrieved from /home/airflow/.local/lib/python3.12/site-packages/airflow/example_dags/example_python_decorator.py
[2025-12-13T10:28:42.653+0000] {logging_mixin.py:190} INFO - [2025-12-13T10:28:42.643+0000] {dag.py:3239} INFO - Sync 1 DAGs
[2025-12-13T10:28:42.834+0000] {logging_mixin.py:190} INFO - [2025-12-13T10:28:42.834+0000] {dag.py:4180} INFO - Setting next_dagrun for example_python_decorator to None, run_after=None
[2025-12-13T10:28:42.983+0000] {processor.py:208} INFO - Processing /home/airflow/.local/lib/python3.12/site-packages/airflow/example_dags/example_python_decorator.py took 0.565 seconds
[2025-12-13T10:29:13.491+0000] {processor.py:186} INFO - Started process (PID=1675) to work on /home/airflow/.local/lib/python3.12/site-packages/airflow/example_dags/example_python_decorator.py
[2025-12-13T10:29:13.494+0000] {processor.py:914} INFO - Processing file /home/airflow/.local/lib/python3.12/site-packages/airflow/example_dags/example_python_decorator.py for tasks to queue
[2025-12-13T10:29:13.497+0000] {logging_mixin.py:190} INFO - [2025-12-13T10:29:13.496+0000] {dagbag.py:588} INFO - Filling up the DagBag from /home/airflow/.local/lib/python3.12/site-packages/airflow/example_dags/example_python_decorator.py
[2025-12-13T10:29:13.529+0000] {processor.py:925} INFO - DAG(s) 'example_python_decorator' retrieved from /home/airflow/.local/lib/python3.12/site-packages/airflow/example_dags/example_python_decorator.py
[2025-12-13T10:29:13.571+0000] {logging_mixin.py:190} INFO - [2025-12-13T10:29:13.570+0000] {dag.py:3239} INFO - Sync 1 DAGs
[2025-12-13T10:29:13.610+0000] {logging_mixin.py:190} INFO - [2025-12-13T10:29:13.609+0000] {dag.py:4180} INFO - Setting next_dagrun for example_python_decorator to None, run_after=None
[2025-12-13T10:29:13.664+0000] {processor.py:208} INFO - Processing /home/airflow/.local/lib/python3.12/site-packages/airflow/example_dags/example_python_decorator.py took 0.197 seconds
[2025-12-13T10:29:43.905+0000] {processor.py:186} INFO - Started process (PID=1737) to work on /home/airflow/.local/lib/python3.12/site-packages/airflow/example_dags/example_python_decorator.py
[2025-12-13T10:29:43.909+0000] {processor.py:914} INFO - Processing file /home/airflow/.local/lib/python3.12/site-packages/airflow/example_dags/example_python_decorator.py for tasks to queue
[2025-12-13T10:29:43.918+0000] {logging_mixin.py:190} INFO - [2025-12-13T10:29:43.914+0000] {dagbag.py:588} INFO - Filling up the DagBag from /home/airflow/.local/lib/python3.12/site-packages/airflow/example_dags/example_python_decorator.py
[2025-12-13T10:29:43.964+0000] {processor.py:925} INFO - DAG(s) 'example_python_decorator' retrieved from /home/airflow/.local/lib/python3.12/site-packages/airflow/example_dags/example_python_decorator.py
[2025-12-13T10:29:44.025+0000] {logging_mixin.py:190} INFO - [2025-12-13T10:29:44.024+0000] {dag.py:3239} INFO - Sync 1 DAGs
[2025-12-13T10:29:44.065+0000] {logging_mixin.py:190} INFO - [2025-12-13T10:29:44.064+0000] {dag.py:4180} INFO - Setting next_dagrun for example_python_decorator to None, run_after=None
[2025-12-13T10:29:44.142+0000] {processor.py:208} INFO - Processing /home/airflow/.local/lib/python3.12/site-packages/airflow/example_dags/example_python_decorator.py took 0.256 seconds
[2025-12-13T10:30:15.582+0000] {processor.py:186} INFO - Started process (PID=1804) to work on /home/airflow/.local/lib/python3.12/site-packages/airflow/example_dags/example_python_decorator.py
[2025-12-13T10:30:15.586+0000] {processor.py:914} INFO - Processing file /home/airflow/.local/lib/python3.12/site-packages/airflow/example_dags/example_python_decorator.py for tasks to queue
[2025-12-13T10:30:15.594+0000] {logging_mixin.py:190} INFO - [2025-12-13T10:30:15.593+0000] {dagbag.py:588} INFO - Filling up the DagBag from /home/airflow/.local/lib/python3.12/site-packages/airflow/example_dags/example_python_decorator.py
[2025-12-13T10:30:15.698+0000] {processor.py:925} INFO - DAG(s) 'example_python_decorator' retrieved from /home/airflow/.local/lib/python3.12/site-packages/airflow/example_dags/example_python_decorator.py
[2025-12-13T10:30:15.822+0000] {logging_mixin.py:190} INFO - [2025-12-13T10:30:15.821+0000] {dag.py:3239} INFO - Sync 1 DAGs
[2025-12-13T10:30:15.893+0000] {logging_mixin.py:190} INFO - [2025-12-13T10:30:15.893+0000] {dag.py:4180} INFO - Setting next_dagrun for example_python_decorator to None, run_after=None
[2025-12-13T10:30:15.963+0000] {processor.py:208} INFO - Processing /home/airflow/.local/lib/python3.12/site-packages/airflow/example_dags/example_python_decorator.py took 0.409 seconds
[2025-12-13T10:30:46.148+0000] {processor.py:186} INFO - Started process (PID=1866) to work on /home/airflow/.local/lib/python3.12/site-packages/airflow/example_dags/example_python_decorator.py
[2025-12-13T10:30:46.151+0000] {processor.py:914} INFO - Processing file /home/airflow/.local/lib/python3.12/site-packages/airflow/example_dags/example_python_decorator.py for tasks to queue
[2025-12-13T10:30:46.158+0000] {logging_mixin.py:190} INFO - [2025-12-13T10:30:46.158+0000] {dagbag.py:588} INFO - Filling up the DagBag from /home/airflow/.local/lib/python3.12/site-packages/airflow/example_dags/example_python_decorator.py
[2025-12-13T10:30:46.197+0000] {processor.py:925} INFO - DAG(s) 'example_python_decorator' retrieved from /home/airflow/.local/lib/python3.12/site-packages/airflow/example_dags/example_python_decorator.py
[2025-12-13T10:30:46.276+0000] {logging_mixin.py:190} INFO - [2025-12-13T10:30:46.275+0000] {dag.py:3239} INFO - Sync 1 DAGs
[2025-12-13T10:30:46.325+0000] {logging_mixin.py:190} INFO - [2025-12-13T10:30:46.325+0000] {dag.py:4180} INFO - Setting next_dagrun for example_python_decorator to None, run_after=None
[2025-12-13T10:30:46.402+0000] {processor.py:208} INFO - Processing /home/airflow/.local/lib/python3.12/site-packages/airflow/example_dags/example_python_decorator.py took 0.267 seconds
[2025-12-13T10:31:17.296+0000] {processor.py:186} INFO - Started process (PID=1928) to work on /home/airflow/.local/lib/python3.12/site-packages/airflow/example_dags/example_python_decorator.py
[2025-12-13T10:31:17.300+0000] {processor.py:914} INFO - Processing file /home/airflow/.local/lib/python3.12/site-packages/airflow/example_dags/example_python_decorator.py for tasks to queue
[2025-12-13T10:31:17.305+0000] {logging_mixin.py:190} INFO - [2025-12-13T10:31:17.304+0000] {dagbag.py:588} INFO - Filling up the DagBag from /home/airflow/.local/lib/python3.12/site-packages/airflow/example_dags/example_python_decorator.py
[2025-12-13T10:31:17.340+0000] {processor.py:925} INFO - DAG(s) 'example_python_decorator' retrieved from /home/airflow/.local/lib/python3.12/site-packages/airflow/example_dags/example_python_decorator.py
[2025-12-13T10:31:17.389+0000] {logging_mixin.py:190} INFO - [2025-12-13T10:31:17.389+0000] {dag.py:3239} INFO - Sync 1 DAGs
[2025-12-13T10:31:17.422+0000] {logging_mixin.py:190} INFO - [2025-12-13T10:31:17.422+0000] {dag.py:4180} INFO - Setting next_dagrun for example_python_decorator to None, run_after=None
[2025-12-13T10:31:17.463+0000] {processor.py:208} INFO - Processing /home/airflow/.local/lib/python3.12/site-packages/airflow/example_dags/example_python_decorator.py took 0.182 seconds
[2025-12-13T10:31:47.626+0000] {processor.py:186} INFO - Started process (PID=1991) to work on /home/airflow/.local/lib/python3.12/site-packages/airflow/example_dags/example_python_decorator.py
[2025-12-13T10:31:47.627+0000] {processor.py:914} INFO - Processing file /home/airflow/.local/lib/python3.12/site-packages/airflow/example_dags/example_python_decorator.py for tasks to queue
[2025-12-13T10:31:47.630+0000] {logging_mixin.py:190} INFO - [2025-12-13T10:31:47.630+0000] {dagbag.py:588} INFO - Filling up the DagBag from /home/airflow/.local/lib/python3.12/site-packages/airflow/example_dags/example_python_decorator.py
[2025-12-13T10:31:47.654+0000] {processor.py:925} INFO - DAG(s) 'example_python_decorator' retrieved from /home/airflow/.local/lib/python3.12/site-packages/airflow/example_dags/example_python_decorator.py
[2025-12-13T10:31:47.693+0000] {logging_mixin.py:190} INFO - [2025-12-13T10:31:47.692+0000] {dag.py:3239} INFO - Sync 1 DAGs
[2025-12-13T10:31:47.719+0000] {logging_mixin.py:190} INFO - [2025-12-13T10:31:47.719+0000] {dag.py:4180} INFO - Setting next_dagrun for example_python_decorator to None, run_after=None
[2025-12-13T10:31:47.750+0000] {processor.py:208} INFO - Processing /home/airflow/.local/lib/python3.12/site-packages/airflow/example_dags/example_python_decorator.py took 0.137 seconds
[2025-12-13T10:32:18.382+0000] {processor.py:186} INFO - Started process (PID=2054) to work on /home/airflow/.local/lib/python3.12/site-packages/airflow/example_dags/example_python_decorator.py
[2025-12-13T10:32:18.384+0000] {processor.py:914} INFO - Processing file /home/airflow/.local/lib/python3.12/site-packages/airflow/example_dags/example_python_decorator.py for tasks to queue
[2025-12-13T10:32:18.389+0000] {logging_mixin.py:190} INFO - [2025-12-13T10:32:18.388+0000] {dagbag.py:588} INFO - Filling up the DagBag from /home/airflow/.local/lib/python3.12/site-packages/airflow/example_dags/example_python_decorator.py
[2025-12-13T10:32:18.423+0000] {processor.py:925} INFO - DAG(s) 'example_python_decorator' retrieved from /home/airflow/.local/lib/python3.12/site-packages/airflow/example_dags/example_python_decorator.py
[2025-12-13T10:32:18.471+0000] {logging_mixin.py:190} INFO - [2025-12-13T10:32:18.470+0000] {dag.py:3239} INFO - Sync 1 DAGs
[2025-12-13T10:32:18.510+0000] {logging_mixin.py:190} INFO - [2025-12-13T10:32:18.510+0000] {dag.py:4180} INFO - Setting next_dagrun for example_python_decorator to None, run_after=None
[2025-12-13T10:32:18.547+0000] {processor.py:208} INFO - Processing /home/airflow/.local/lib/python3.12/site-packages/airflow/example_dags/example_python_decorator.py took 0.180 seconds
[2025-12-13T10:32:48.786+0000] {processor.py:186} INFO - Started process (PID=2117) to work on /home/airflow/.local/lib/python3.12/site-packages/airflow/example_dags/example_python_decorator.py
[2025-12-13T10:32:48.790+0000] {processor.py:914} INFO - Processing file /home/airflow/.local/lib/python3.12/site-packages/airflow/example_dags/example_python_decorator.py for tasks to queue
[2025-12-13T10:32:48.800+0000] {logging_mixin.py:190} INFO - [2025-12-13T10:32:48.799+0000] {dagbag.py:588} INFO - Filling up the DagBag from /home/airflow/.local/lib/python3.12/site-packages/airflow/example_dags/example_python_decorator.py
[2025-12-13T10:32:48.897+0000] {processor.py:925} INFO - DAG(s) 'example_python_decorator' retrieved from /home/airflow/.local/lib/python3.12/site-packages/airflow/example_dags/example_python_decorator.py
[2025-12-13T10:32:48.965+0000] {logging_mixin.py:190} INFO - [2025-12-13T10:32:48.964+0000] {dag.py:3239} INFO - Sync 1 DAGs
[2025-12-13T10:32:49.040+0000] {logging_mixin.py:190} INFO - [2025-12-13T10:32:49.040+0000] {dag.py:4180} INFO - Setting next_dagrun for example_python_decorator to None, run_after=None
[2025-12-13T10:32:49.115+0000] {processor.py:208} INFO - Processing /home/airflow/.local/lib/python3.12/site-packages/airflow/example_dags/example_python_decorator.py took 0.351 seconds
[2025-12-13T10:33:19.414+0000] {processor.py:186} INFO - Started process (PID=2179) to work on /home/airflow/.local/lib/python3.12/site-packages/airflow/example_dags/example_python_decorator.py
[2025-12-13T10:33:19.416+0000] {processor.py:914} INFO - Processing file /home/airflow/.local/lib/python3.12/site-packages/airflow/example_dags/example_python_decorator.py for tasks to queue
[2025-12-13T10:33:19.421+0000] {logging_mixin.py:190} INFO - [2025-12-13T10:33:19.420+0000] {dagbag.py:588} INFO - Filling up the DagBag from /home/airflow/.local/lib/python3.12/site-packages/airflow/example_dags/example_python_decorator.py
[2025-12-13T10:33:19.454+0000] {processor.py:925} INFO - DAG(s) 'example_python_decorator' retrieved from /home/airflow/.local/lib/python3.12/site-packages/airflow/example_dags/example_python_decorator.py
[2025-12-13T10:33:19.498+0000] {logging_mixin.py:190} INFO - [2025-12-13T10:33:19.498+0000] {dag.py:3239} INFO - Sync 1 DAGs
[2025-12-13T10:33:19.529+0000] {logging_mixin.py:190} INFO - [2025-12-13T10:33:19.528+0000] {dag.py:4180} INFO - Setting next_dagrun for example_python_decorator to None, run_after=None
[2025-12-13T10:33:19.565+0000] {processor.py:208} INFO - Processing /home/airflow/.local/lib/python3.12/site-packages/airflow/example_dags/example_python_decorator.py took 0.164 seconds
[2025-12-13T10:33:49.675+0000] {processor.py:186} INFO - Started process (PID=2242) to work on /home/airflow/.local/lib/python3.12/site-packages/airflow/example_dags/example_python_decorator.py
[2025-12-13T10:33:49.678+0000] {processor.py:914} INFO - Processing file /home/airflow/.local/lib/python3.12/site-packages/airflow/example_dags/example_python_decorator.py for tasks to queue
[2025-12-13T10:33:49.681+0000] {logging_mixin.py:190} INFO - [2025-12-13T10:33:49.680+0000] {dagbag.py:588} INFO - Filling up the DagBag from /home/airflow/.local/lib/python3.12/site-packages/airflow/example_dags/example_python_decorator.py
[2025-12-13T10:33:49.705+0000] {processor.py:925} INFO - DAG(s) 'example_python_decorator' retrieved from /home/airflow/.local/lib/python3.12/site-packages/airflow/example_dags/example_python_decorator.py
[2025-12-13T10:33:49.742+0000] {logging_mixin.py:190} INFO - [2025-12-13T10:33:49.741+0000] {dag.py:3239} INFO - Sync 1 DAGs
[2025-12-13T10:33:49.767+0000] {logging_mixin.py:190} INFO - [2025-12-13T10:33:49.767+0000] {dag.py:4180} INFO - Setting next_dagrun for example_python_decorator to None, run_after=None
[2025-12-13T10:33:49.793+0000] {processor.py:208} INFO - Processing /home/airflow/.local/lib/python3.12/site-packages/airflow/example_dags/example_python_decorator.py took 0.129 seconds
[2025-12-13T10:34:19.856+0000] {processor.py:186} INFO - Started process (PID=2305) to work on /home/airflow/.local/lib/python3.12/site-packages/airflow/example_dags/example_python_decorator.py
[2025-12-13T10:34:19.859+0000] {processor.py:914} INFO - Processing file /home/airflow/.local/lib/python3.12/site-packages/airflow/example_dags/example_python_decorator.py for tasks to queue
[2025-12-13T10:34:19.863+0000] {logging_mixin.py:190} INFO - [2025-12-13T10:34:19.863+0000] {dagbag.py:588} INFO - Filling up the DagBag from /home/airflow/.local/lib/python3.12/site-packages/airflow/example_dags/example_python_decorator.py
[2025-12-13T10:34:19.886+0000] {processor.py:925} INFO - DAG(s) 'example_python_decorator' retrieved from /home/airflow/.local/lib/python3.12/site-packages/airflow/example_dags/example_python_decorator.py
[2025-12-13T10:34:19.920+0000] {logging_mixin.py:190} INFO - [2025-12-13T10:34:19.920+0000] {dag.py:3239} INFO - Sync 1 DAGs
[2025-12-13T10:34:19.943+0000] {logging_mixin.py:190} INFO - [2025-12-13T10:34:19.942+0000] {dag.py:4180} INFO - Setting next_dagrun for example_python_decorator to None, run_after=None
[2025-12-13T10:34:19.969+0000] {processor.py:208} INFO - Processing /home/airflow/.local/lib/python3.12/site-packages/airflow/example_dags/example_python_decorator.py took 0.124 seconds
[2025-12-13T10:34:50.425+0000] {processor.py:186} INFO - Started process (PID=2368) to work on /home/airflow/.local/lib/python3.12/site-packages/airflow/example_dags/example_python_decorator.py
[2025-12-13T10:34:50.426+0000] {processor.py:914} INFO - Processing file /home/airflow/.local/lib/python3.12/site-packages/airflow/example_dags/example_python_decorator.py for tasks to queue
[2025-12-13T10:34:50.429+0000] {logging_mixin.py:190} INFO - [2025-12-13T10:34:50.429+0000] {dagbag.py:588} INFO - Filling up the DagBag from /home/airflow/.local/lib/python3.12/site-packages/airflow/example_dags/example_python_decorator.py
[2025-12-13T10:34:50.451+0000] {processor.py:925} INFO - DAG(s) 'example_python_decorator' retrieved from /home/airflow/.local/lib/python3.12/site-packages/airflow/example_dags/example_python_decorator.py
[2025-12-13T10:34:50.485+0000] {logging_mixin.py:190} INFO - [2025-12-13T10:34:50.484+0000] {dag.py:3239} INFO - Sync 1 DAGs
[2025-12-13T10:34:50.507+0000] {logging_mixin.py:190} INFO - [2025-12-13T10:34:50.506+0000] {dag.py:4180} INFO - Setting next_dagrun for example_python_decorator to None, run_after=None
[2025-12-13T10:34:50.531+0000] {processor.py:208} INFO - Processing /home/airflow/.local/lib/python3.12/site-packages/airflow/example_dags/example_python_decorator.py took 0.117 seconds
[2025-12-13T10:35:21.318+0000] {processor.py:186} INFO - Started process (PID=2431) to work on /home/airflow/.local/lib/python3.12/site-packages/airflow/example_dags/example_python_decorator.py
[2025-12-13T10:35:21.320+0000] {processor.py:914} INFO - Processing file /home/airflow/.local/lib/python3.12/site-packages/airflow/example_dags/example_python_decorator.py for tasks to queue
[2025-12-13T10:35:21.325+0000] {logging_mixin.py:190} INFO - [2025-12-13T10:35:21.324+0000] {dagbag.py:588} INFO - Filling up the DagBag from /home/airflow/.local/lib/python3.12/site-packages/airflow/example_dags/example_python_decorator.py
[2025-12-13T10:35:21.351+0000] {processor.py:925} INFO - DAG(s) 'example_python_decorator' retrieved from /home/airflow/.local/lib/python3.12/site-packages/airflow/example_dags/example_python_decorator.py
[2025-12-13T10:35:21.386+0000] {logging_mixin.py:190} INFO - [2025-12-13T10:35:21.385+0000] {dag.py:3239} INFO - Sync 1 DAGs
[2025-12-13T10:35:21.405+0000] {logging_mixin.py:190} INFO - [2025-12-13T10:35:21.405+0000] {dag.py:4180} INFO - Setting next_dagrun for example_python_decorator to None, run_after=None
[2025-12-13T10:35:21.433+0000] {processor.py:208} INFO - Processing /home/airflow/.local/lib/python3.12/site-packages/airflow/example_dags/example_python_decorator.py took 0.125 seconds
[2025-12-13T10:35:51.640+0000] {processor.py:186} INFO - Started process (PID=2494) to work on /home/airflow/.local/lib/python3.12/site-packages/airflow/example_dags/example_python_decorator.py
[2025-12-13T10:35:51.642+0000] {processor.py:914} INFO - Processing file /home/airflow/.local/lib/python3.12/site-packages/airflow/example_dags/example_python_decorator.py for tasks to queue
[2025-12-13T10:35:51.648+0000] {logging_mixin.py:190} INFO - [2025-12-13T10:35:51.647+0000] {dagbag.py:588} INFO - Filling up the DagBag from /home/airflow/.local/lib/python3.12/site-packages/airflow/example_dags/example_python_decorator.py
[2025-12-13T10:35:51.682+0000] {processor.py:925} INFO - DAG(s) 'example_python_decorator' retrieved from /home/airflow/.local/lib/python3.12/site-packages/airflow/example_dags/example_python_decorator.py
[2025-12-13T10:35:51.757+0000] {logging_mixin.py:190} INFO - [2025-12-13T10:35:51.757+0000] {dag.py:3239} INFO - Sync 1 DAGs
[2025-12-13T10:35:51.808+0000] {logging_mixin.py:190} INFO - [2025-12-13T10:35:51.808+0000] {dag.py:4180} INFO - Setting next_dagrun for example_python_decorator to None, run_after=None
[2025-12-13T10:35:51.850+0000] {processor.py:208} INFO - Processing /home/airflow/.local/lib/python3.12/site-packages/airflow/example_dags/example_python_decorator.py took 0.225 seconds
[2025-12-13T10:36:21.959+0000] {processor.py:186} INFO - Started process (PID=2556) to work on /home/airflow/.local/lib/python3.12/site-packages/airflow/example_dags/example_python_decorator.py
[2025-12-13T10:36:21.960+0000] {processor.py:914} INFO - Processing file /home/airflow/.local/lib/python3.12/site-packages/airflow/example_dags/example_python_decorator.py for tasks to queue
[2025-12-13T10:36:21.965+0000] {logging_mixin.py:190} INFO - [2025-12-13T10:36:21.964+0000] {dagbag.py:588} INFO - Filling up the DagBag from /home/airflow/.local/lib/python3.12/site-packages/airflow/example_dags/example_python_decorator.py
[2025-12-13T10:36:22.002+0000] {processor.py:925} INFO - DAG(s) 'example_python_decorator' retrieved from /home/airflow/.local/lib/python3.12/site-packages/airflow/example_dags/example_python_decorator.py
[2025-12-13T10:36:22.068+0000] {logging_mixin.py:190} INFO - [2025-12-13T10:36:22.068+0000] {dag.py:3239} INFO - Sync 1 DAGs
[2025-12-13T10:36:22.103+0000] {logging_mixin.py:190} INFO - [2025-12-13T10:36:22.103+0000] {dag.py:4180} INFO - Setting next_dagrun for example_python_decorator to None, run_after=None
[2025-12-13T10:36:22.156+0000] {processor.py:208} INFO - Processing /home/airflow/.local/lib/python3.12/site-packages/airflow/example_dags/example_python_decorator.py took 0.211 seconds
[2025-12-13T10:36:52.383+0000] {processor.py:186} INFO - Started process (PID=2613) to work on /home/airflow/.local/lib/python3.12/site-packages/airflow/example_dags/example_python_decorator.py
[2025-12-13T10:36:52.387+0000] {processor.py:914} INFO - Processing file /home/airflow/.local/lib/python3.12/site-packages/airflow/example_dags/example_python_decorator.py for tasks to queue
[2025-12-13T10:36:52.391+0000] {logging_mixin.py:190} INFO - [2025-12-13T10:36:52.390+0000] {dagbag.py:588} INFO - Filling up the DagBag from /home/airflow/.local/lib/python3.12/site-packages/airflow/example_dags/example_python_decorator.py
[2025-12-13T10:36:52.418+0000] {processor.py:925} INFO - DAG(s) 'example_python_decorator' retrieved from /home/airflow/.local/lib/python3.12/site-packages/airflow/example_dags/example_python_decorator.py
[2025-12-13T10:36:52.465+0000] {logging_mixin.py:190} INFO - [2025-12-13T10:36:52.464+0000] {dag.py:3239} INFO - Sync 1 DAGs
[2025-12-13T10:36:52.492+0000] {logging_mixin.py:190} INFO - [2025-12-13T10:36:52.492+0000] {dag.py:4180} INFO - Setting next_dagrun for example_python_decorator to None, run_after=None
[2025-12-13T10:36:52.525+0000] {processor.py:208} INFO - Processing /home/airflow/.local/lib/python3.12/site-packages/airflow/example_dags/example_python_decorator.py took 0.156 seconds
[2025-12-13T10:37:22.620+0000] {processor.py:186} INFO - Started process (PID=2676) to work on /home/airflow/.local/lib/python3.12/site-packages/airflow/example_dags/example_python_decorator.py
[2025-12-13T10:37:22.621+0000] {processor.py:914} INFO - Processing file /home/airflow/.local/lib/python3.12/site-packages/airflow/example_dags/example_python_decorator.py for tasks to queue
[2025-12-13T10:37:22.627+0000] {logging_mixin.py:190} INFO - [2025-12-13T10:37:22.626+0000] {dagbag.py:588} INFO - Filling up the DagBag from /home/airflow/.local/lib/python3.12/site-packages/airflow/example_dags/example_python_decorator.py
[2025-12-13T10:37:22.666+0000] {processor.py:925} INFO - DAG(s) 'example_python_decorator' retrieved from /home/airflow/.local/lib/python3.12/site-packages/airflow/example_dags/example_python_decorator.py
[2025-12-13T10:37:22.721+0000] {logging_mixin.py:190} INFO - [2025-12-13T10:37:22.720+0000] {dag.py:3239} INFO - Sync 1 DAGs
[2025-12-13T10:37:22.765+0000] {logging_mixin.py:190} INFO - [2025-12-13T10:37:22.764+0000] {dag.py:4180} INFO - Setting next_dagrun for example_python_decorator to None, run_after=None
[2025-12-13T10:37:22.811+0000] {processor.py:208} INFO - Processing /home/airflow/.local/lib/python3.12/site-packages/airflow/example_dags/example_python_decorator.py took 0.206 seconds
[2025-12-13T10:37:54.439+0000] {processor.py:186} INFO - Started process (PID=2738) to work on /home/airflow/.local/lib/python3.12/site-packages/airflow/example_dags/example_python_decorator.py
[2025-12-13T10:37:54.441+0000] {processor.py:914} INFO - Processing file /home/airflow/.local/lib/python3.12/site-packages/airflow/example_dags/example_python_decorator.py for tasks to queue
[2025-12-13T10:37:54.450+0000] {logging_mixin.py:190} INFO - [2025-12-13T10:37:54.447+0000] {dagbag.py:588} INFO - Filling up the DagBag from /home/airflow/.local/lib/python3.12/site-packages/airflow/example_dags/example_python_decorator.py
[2025-12-13T10:37:54.490+0000] {processor.py:925} INFO - DAG(s) 'example_python_decorator' retrieved from /home/airflow/.local/lib/python3.12/site-packages/airflow/example_dags/example_python_decorator.py
[2025-12-13T10:37:54.540+0000] {logging_mixin.py:190} INFO - [2025-12-13T10:37:54.540+0000] {dag.py:3239} INFO - Sync 1 DAGs
[2025-12-13T10:37:54.577+0000] {logging_mixin.py:190} INFO - [2025-12-13T10:37:54.577+0000] {dag.py:4180} INFO - Setting next_dagrun for example_python_decorator to None, run_after=None
[2025-12-13T10:37:54.619+0000] {processor.py:208} INFO - Processing /home/airflow/.local/lib/python3.12/site-packages/airflow/example_dags/example_python_decorator.py took 0.202 seconds
[2025-12-13T10:38:24.774+0000] {processor.py:186} INFO - Started process (PID=2799) to work on /home/airflow/.local/lib/python3.12/site-packages/airflow/example_dags/example_python_decorator.py
[2025-12-13T10:38:24.775+0000] {processor.py:914} INFO - Processing file /home/airflow/.local/lib/python3.12/site-packages/airflow/example_dags/example_python_decorator.py for tasks to queue
[2025-12-13T10:38:24.780+0000] {logging_mixin.py:190} INFO - [2025-12-13T10:38:24.779+0000] {dagbag.py:588} INFO - Filling up the DagBag from /home/airflow/.local/lib/python3.12/site-packages/airflow/example_dags/example_python_decorator.py
[2025-12-13T10:38:24.818+0000] {processor.py:925} INFO - DAG(s) 'example_python_decorator' retrieved from /home/airflow/.local/lib/python3.12/site-packages/airflow/example_dags/example_python_decorator.py
[2025-12-13T10:38:24.946+0000] {logging_mixin.py:190} INFO - [2025-12-13T10:38:24.943+0000] {dag.py:3239} INFO - Sync 1 DAGs
[2025-12-13T10:38:25.022+0000] {logging_mixin.py:190} INFO - [2025-12-13T10:38:25.022+0000] {dag.py:4180} INFO - Setting next_dagrun for example_python_decorator to None, run_after=None
[2025-12-13T10:38:25.102+0000] {processor.py:208} INFO - Processing /home/airflow/.local/lib/python3.12/site-packages/airflow/example_dags/example_python_decorator.py took 0.342 seconds
[2025-12-13T10:38:55.203+0000] {processor.py:186} INFO - Started process (PID=2861) to work on /home/airflow/.local/lib/python3.12/site-packages/airflow/example_dags/example_python_decorator.py
[2025-12-13T10:38:55.206+0000] {processor.py:914} INFO - Processing file /home/airflow/.local/lib/python3.12/site-packages/airflow/example_dags/example_python_decorator.py for tasks to queue
[2025-12-13T10:38:55.215+0000] {logging_mixin.py:190} INFO - [2025-12-13T10:38:55.212+0000] {dagbag.py:588} INFO - Filling up the DagBag from /home/airflow/.local/lib/python3.12/site-packages/airflow/example_dags/example_python_decorator.py
[2025-12-13T10:38:55.254+0000] {processor.py:925} INFO - DAG(s) 'example_python_decorator' retrieved from /home/airflow/.local/lib/python3.12/site-packages/airflow/example_dags/example_python_decorator.py
[2025-12-13T10:38:55.289+0000] {logging_mixin.py:190} INFO - [2025-12-13T10:38:55.288+0000] {dag.py:3239} INFO - Sync 1 DAGs
[2025-12-13T10:38:55.313+0000] {logging_mixin.py:190} INFO - [2025-12-13T10:38:55.312+0000] {dag.py:4180} INFO - Setting next_dagrun for example_python_decorator to None, run_after=None
[2025-12-13T10:38:55.344+0000] {processor.py:208} INFO - Processing /home/airflow/.local/lib/python3.12/site-packages/airflow/example_dags/example_python_decorator.py took 0.161 seconds
[2025-12-13T10:39:25.565+0000] {processor.py:186} INFO - Started process (PID=2924) to work on /home/airflow/.local/lib/python3.12/site-packages/airflow/example_dags/example_python_decorator.py
[2025-12-13T10:39:25.568+0000] {processor.py:914} INFO - Processing file /home/airflow/.local/lib/python3.12/site-packages/airflow/example_dags/example_python_decorator.py for tasks to queue
[2025-12-13T10:39:25.572+0000] {logging_mixin.py:190} INFO - [2025-12-13T10:39:25.571+0000] {dagbag.py:588} INFO - Filling up the DagBag from /home/airflow/.local/lib/python3.12/site-packages/airflow/example_dags/example_python_decorator.py
[2025-12-13T10:39:25.597+0000] {processor.py:925} INFO - DAG(s) 'example_python_decorator' retrieved from /home/airflow/.local/lib/python3.12/site-packages/airflow/example_dags/example_python_decorator.py
[2025-12-13T10:39:25.640+0000] {logging_mixin.py:190} INFO - [2025-12-13T10:39:25.639+0000] {dag.py:3239} INFO - Sync 1 DAGs
[2025-12-13T10:39:25.948+0000] {logging_mixin.py:190} INFO - [2025-12-13T10:39:25.948+0000] {dag.py:4180} INFO - Setting next_dagrun for example_python_decorator to None, run_after=None
[2025-12-13T10:39:25.987+0000] {processor.py:208} INFO - Processing /home/airflow/.local/lib/python3.12/site-packages/airflow/example_dags/example_python_decorator.py took 0.432 seconds
[2025-12-13T10:39:56.150+0000] {processor.py:186} INFO - Started process (PID=2986) to work on /home/airflow/.local/lib/python3.12/site-packages/airflow/example_dags/example_python_decorator.py
[2025-12-13T10:39:56.151+0000] {processor.py:914} INFO - Processing file /home/airflow/.local/lib/python3.12/site-packages/airflow/example_dags/example_python_decorator.py for tasks to queue
[2025-12-13T10:39:56.155+0000] {logging_mixin.py:190} INFO - [2025-12-13T10:39:56.154+0000] {dagbag.py:588} INFO - Filling up the DagBag from /home/airflow/.local/lib/python3.12/site-packages/airflow/example_dags/example_python_decorator.py
[2025-12-13T10:39:56.178+0000] {processor.py:925} INFO - DAG(s) 'example_python_decorator' retrieved from /home/airflow/.local/lib/python3.12/site-packages/airflow/example_dags/example_python_decorator.py
[2025-12-13T10:39:56.216+0000] {logging_mixin.py:190} INFO - [2025-12-13T10:39:56.216+0000] {dag.py:3239} INFO - Sync 1 DAGs
[2025-12-13T10:39:56.504+0000] {logging_mixin.py:190} INFO - [2025-12-13T10:39:56.504+0000] {dag.py:4180} INFO - Setting next_dagrun for example_python_decorator to None, run_after=None
[2025-12-13T10:39:56.539+0000] {processor.py:208} INFO - Processing /home/airflow/.local/lib/python3.12/site-packages/airflow/example_dags/example_python_decorator.py took 0.398 seconds
[2025-12-13T10:40:26.908+0000] {processor.py:186} INFO - Started process (PID=3049) to work on /home/airflow/.local/lib/python3.12/site-packages/airflow/example_dags/example_python_decorator.py
[2025-12-13T10:40:26.909+0000] {processor.py:914} INFO - Processing file /home/airflow/.local/lib/python3.12/site-packages/airflow/example_dags/example_python_decorator.py for tasks to queue
[2025-12-13T10:40:26.914+0000] {logging_mixin.py:190} INFO - [2025-12-13T10:40:26.913+0000] {dagbag.py:588} INFO - Filling up the DagBag from /home/airflow/.local/lib/python3.12/site-packages/airflow/example_dags/example_python_decorator.py
[2025-12-13T10:40:26.944+0000] {processor.py:925} INFO - DAG(s) 'example_python_decorator' retrieved from /home/airflow/.local/lib/python3.12/site-packages/airflow/example_dags/example_python_decorator.py
[2025-12-13T10:40:26.984+0000] {logging_mixin.py:190} INFO - [2025-12-13T10:40:26.984+0000] {dag.py:3239} INFO - Sync 1 DAGs
[2025-12-13T10:40:27.011+0000] {logging_mixin.py:190} INFO - [2025-12-13T10:40:27.011+0000] {dag.py:4180} INFO - Setting next_dagrun for example_python_decorator to None, run_after=None
[2025-12-13T10:40:27.295+0000] {processor.py:208} INFO - Processing /home/airflow/.local/lib/python3.12/site-packages/airflow/example_dags/example_python_decorator.py took 0.399 seconds
[2025-12-13T10:40:57.456+0000] {processor.py:186} INFO - Started process (PID=3112) to work on /home/airflow/.local/lib/python3.12/site-packages/airflow/example_dags/example_python_decorator.py
[2025-12-13T10:40:57.459+0000] {processor.py:914} INFO - Processing file /home/airflow/.local/lib/python3.12/site-packages/airflow/example_dags/example_python_decorator.py for tasks to queue
[2025-12-13T10:40:57.469+0000] {logging_mixin.py:190} INFO - [2025-12-13T10:40:57.469+0000] {dagbag.py:588} INFO - Filling up the DagBag from /home/airflow/.local/lib/python3.12/site-packages/airflow/example_dags/example_python_decorator.py
[2025-12-13T10:40:57.552+0000] {processor.py:925} INFO - DAG(s) 'example_python_decorator' retrieved from /home/airflow/.local/lib/python3.12/site-packages/airflow/example_dags/example_python_decorator.py
[2025-12-13T10:40:57.714+0000] {logging_mixin.py:190} INFO - [2025-12-13T10:40:57.713+0000] {dag.py:3239} INFO - Sync 1 DAGs
[2025-12-13T10:40:57.776+0000] {logging_mixin.py:190} INFO - [2025-12-13T10:40:57.775+0000] {dag.py:4180} INFO - Setting next_dagrun for example_python_decorator to None, run_after=None
[2025-12-13T10:40:57.824+0000] {processor.py:208} INFO - Processing /home/airflow/.local/lib/python3.12/site-packages/airflow/example_dags/example_python_decorator.py took 0.388 seconds
[2025-12-13T10:41:29.363+0000] {processor.py:186} INFO - Started process (PID=3176) to work on /home/airflow/.local/lib/python3.12/site-packages/airflow/example_dags/example_python_decorator.py
[2025-12-13T10:41:29.364+0000] {processor.py:914} INFO - Processing file /home/airflow/.local/lib/python3.12/site-packages/airflow/example_dags/example_python_decorator.py for tasks to queue
[2025-12-13T10:41:29.367+0000] {logging_mixin.py:190} INFO - [2025-12-13T10:41:29.367+0000] {dagbag.py:588} INFO - Filling up the DagBag from /home/airflow/.local/lib/python3.12/site-packages/airflow/example_dags/example_python_decorator.py
[2025-12-13T10:41:29.397+0000] {processor.py:925} INFO - DAG(s) 'example_python_decorator' retrieved from /home/airflow/.local/lib/python3.12/site-packages/airflow/example_dags/example_python_decorator.py
[2025-12-13T10:41:29.437+0000] {logging_mixin.py:190} INFO - [2025-12-13T10:41:29.436+0000] {dag.py:3239} INFO - Sync 1 DAGs
[2025-12-13T10:41:29.462+0000] {logging_mixin.py:190} INFO - [2025-12-13T10:41:29.462+0000] {dag.py:4180} INFO - Setting next_dagrun for example_python_decorator to None, run_after=None
[2025-12-13T10:41:29.493+0000] {processor.py:208} INFO - Processing /home/airflow/.local/lib/python3.12/site-packages/airflow/example_dags/example_python_decorator.py took 0.144 seconds
[2025-12-13T10:41:59.969+0000] {processor.py:186} INFO - Started process (PID=3238) to work on /home/airflow/.local/lib/python3.12/site-packages/airflow/example_dags/example_python_decorator.py
[2025-12-13T10:41:59.972+0000] {processor.py:914} INFO - Processing file /home/airflow/.local/lib/python3.12/site-packages/airflow/example_dags/example_python_decorator.py for tasks to queue
[2025-12-13T10:41:59.977+0000] {logging_mixin.py:190} INFO - [2025-12-13T10:41:59.976+0000] {dagbag.py:588} INFO - Filling up the DagBag from /home/airflow/.local/lib/python3.12/site-packages/airflow/example_dags/example_python_decorator.py
[2025-12-13T10:42:00.011+0000] {processor.py:925} INFO - DAG(s) 'example_python_decorator' retrieved from /home/airflow/.local/lib/python3.12/site-packages/airflow/example_dags/example_python_decorator.py
[2025-12-13T10:42:00.062+0000] {logging_mixin.py:190} INFO - [2025-12-13T10:42:00.062+0000] {dag.py:3239} INFO - Sync 1 DAGs
[2025-12-13T10:42:00.100+0000] {logging_mixin.py:190} INFO - [2025-12-13T10:42:00.099+0000] {dag.py:4180} INFO - Setting next_dagrun for example_python_decorator to None, run_after=None
[2025-12-13T10:42:00.164+0000] {processor.py:208} INFO - Processing /home/airflow/.local/lib/python3.12/site-packages/airflow/example_dags/example_python_decorator.py took 0.215 seconds
[2025-12-13T10:42:30.257+0000] {processor.py:186} INFO - Started process (PID=3300) to work on /home/airflow/.local/lib/python3.12/site-packages/airflow/example_dags/example_python_decorator.py
[2025-12-13T10:42:30.258+0000] {processor.py:914} INFO - Processing file /home/airflow/.local/lib/python3.12/site-packages/airflow/example_dags/example_python_decorator.py for tasks to queue
[2025-12-13T10:42:30.261+0000] {logging_mixin.py:190} INFO - [2025-12-13T10:42:30.261+0000] {dagbag.py:588} INFO - Filling up the DagBag from /home/airflow/.local/lib/python3.12/site-packages/airflow/example_dags/example_python_decorator.py
[2025-12-13T10:42:30.290+0000] {processor.py:925} INFO - DAG(s) 'example_python_decorator' retrieved from /home/airflow/.local/lib/python3.12/site-packages/airflow/example_dags/example_python_decorator.py
[2025-12-13T10:42:30.330+0000] {logging_mixin.py:190} INFO - [2025-12-13T10:42:30.330+0000] {dag.py:3239} INFO - Sync 1 DAGs
[2025-12-13T10:42:30.359+0000] {logging_mixin.py:190} INFO - [2025-12-13T10:42:30.359+0000] {dag.py:4180} INFO - Setting next_dagrun for example_python_decorator to None, run_after=None
[2025-12-13T10:42:30.395+0000] {processor.py:208} INFO - Processing /home/airflow/.local/lib/python3.12/site-packages/airflow/example_dags/example_python_decorator.py took 0.151 seconds
[2025-12-13T10:43:00.918+0000] {processor.py:186} INFO - Started process (PID=3363) to work on /home/airflow/.local/lib/python3.12/site-packages/airflow/example_dags/example_python_decorator.py
[2025-12-13T10:43:00.920+0000] {processor.py:914} INFO - Processing file /home/airflow/.local/lib/python3.12/site-packages/airflow/example_dags/example_python_decorator.py for tasks to queue
[2025-12-13T10:43:00.924+0000] {logging_mixin.py:190} INFO - [2025-12-13T10:43:00.924+0000] {dagbag.py:588} INFO - Filling up the DagBag from /home/airflow/.local/lib/python3.12/site-packages/airflow/example_dags/example_python_decorator.py
[2025-12-13T10:43:00.954+0000] {processor.py:925} INFO - DAG(s) 'example_python_decorator' retrieved from /home/airflow/.local/lib/python3.12/site-packages/airflow/example_dags/example_python_decorator.py
[2025-12-13T10:43:00.996+0000] {logging_mixin.py:190} INFO - [2025-12-13T10:43:00.995+0000] {dag.py:3239} INFO - Sync 1 DAGs
[2025-12-13T10:43:01.022+0000] {logging_mixin.py:190} INFO - [2025-12-13T10:43:01.021+0000] {dag.py:4180} INFO - Setting next_dagrun for example_python_decorator to None, run_after=None
[2025-12-13T10:43:01.055+0000] {processor.py:208} INFO - Processing /home/airflow/.local/lib/python3.12/site-packages/airflow/example_dags/example_python_decorator.py took 0.149 seconds
[2025-12-13T10:43:31.628+0000] {processor.py:186} INFO - Started process (PID=3426) to work on /home/airflow/.local/lib/python3.12/site-packages/airflow/example_dags/example_python_decorator.py
[2025-12-13T10:43:31.630+0000] {processor.py:914} INFO - Processing file /home/airflow/.local/lib/python3.12/site-packages/airflow/example_dags/example_python_decorator.py for tasks to queue
[2025-12-13T10:43:31.635+0000] {logging_mixin.py:190} INFO - [2025-12-13T10:43:31.634+0000] {dagbag.py:588} INFO - Filling up the DagBag from /home/airflow/.local/lib/python3.12/site-packages/airflow/example_dags/example_python_decorator.py
[2025-12-13T10:43:31.678+0000] {processor.py:925} INFO - DAG(s) 'example_python_decorator' retrieved from /home/airflow/.local/lib/python3.12/site-packages/airflow/example_dags/example_python_decorator.py
[2025-12-13T10:43:31.734+0000] {logging_mixin.py:190} INFO - [2025-12-13T10:43:31.734+0000] {dag.py:3239} INFO - Sync 1 DAGs
[2025-12-13T10:43:31.776+0000] {logging_mixin.py:190} INFO - [2025-12-13T10:43:31.775+0000] {dag.py:4180} INFO - Setting next_dagrun for example_python_decorator to None, run_after=None
[2025-12-13T10:43:31.832+0000] {processor.py:208} INFO - Processing /home/airflow/.local/lib/python3.12/site-packages/airflow/example_dags/example_python_decorator.py took 0.239 seconds
[2025-12-13T10:44:02.167+0000] {processor.py:186} INFO - Started process (PID=3489) to work on /home/airflow/.local/lib/python3.12/site-packages/airflow/example_dags/example_python_decorator.py
[2025-12-13T10:44:02.167+0000] {processor.py:914} INFO - Processing file /home/airflow/.local/lib/python3.12/site-packages/airflow/example_dags/example_python_decorator.py for tasks to queue
[2025-12-13T10:44:02.171+0000] {logging_mixin.py:190} INFO - [2025-12-13T10:44:02.171+0000] {dagbag.py:588} INFO - Filling up the DagBag from /home/airflow/.local/lib/python3.12/site-packages/airflow/example_dags/example_python_decorator.py
[2025-12-13T10:44:02.197+0000] {processor.py:925} INFO - DAG(s) 'example_python_decorator' retrieved from /home/airflow/.local/lib/python3.12/site-packages/airflow/example_dags/example_python_decorator.py
[2025-12-13T10:44:02.235+0000] {logging_mixin.py:190} INFO - [2025-12-13T10:44:02.234+0000] {dag.py:3239} INFO - Sync 1 DAGs
[2025-12-13T10:44:02.259+0000] {logging_mixin.py:190} INFO - [2025-12-13T10:44:02.259+0000] {dag.py:4180} INFO - Setting next_dagrun for example_python_decorator to None, run_after=None
[2025-12-13T10:44:02.291+0000] {processor.py:208} INFO - Processing /home/airflow/.local/lib/python3.12/site-packages/airflow/example_dags/example_python_decorator.py took 0.136 seconds
[2025-12-13T10:44:33.314+0000] {processor.py:186} INFO - Started process (PID=3552) to work on /home/airflow/.local/lib/python3.12/site-packages/airflow/example_dags/example_python_decorator.py
[2025-12-13T10:44:33.320+0000] {processor.py:914} INFO - Processing file /home/airflow/.local/lib/python3.12/site-packages/airflow/example_dags/example_python_decorator.py for tasks to queue
[2025-12-13T10:44:33.331+0000] {logging_mixin.py:190} INFO - [2025-12-13T10:44:33.329+0000] {dagbag.py:588} INFO - Filling up the DagBag from /home/airflow/.local/lib/python3.12/site-packages/airflow/example_dags/example_python_decorator.py
[2025-12-13T10:44:33.419+0000] {processor.py:925} INFO - DAG(s) 'example_python_decorator' retrieved from /home/airflow/.local/lib/python3.12/site-packages/airflow/example_dags/example_python_decorator.py
[2025-12-13T10:44:33.552+0000] {logging_mixin.py:190} INFO - [2025-12-13T10:44:33.551+0000] {dag.py:3239} INFO - Sync 1 DAGs
[2025-12-13T10:44:33.654+0000] {logging_mixin.py:190} INFO - [2025-12-13T10:44:33.653+0000] {dag.py:4180} INFO - Setting next_dagrun for example_python_decorator to None, run_after=None
[2025-12-13T10:44:33.781+0000] {processor.py:208} INFO - Processing /home/airflow/.local/lib/python3.12/site-packages/airflow/example_dags/example_python_decorator.py took 0.608 seconds
[2025-12-13T10:45:04.022+0000] {processor.py:186} INFO - Started process (PID=3614) to work on /home/airflow/.local/lib/python3.12/site-packages/airflow/example_dags/example_python_decorator.py
[2025-12-13T10:45:04.023+0000] {processor.py:914} INFO - Processing file /home/airflow/.local/lib/python3.12/site-packages/airflow/example_dags/example_python_decorator.py for tasks to queue
[2025-12-13T10:45:04.026+0000] {logging_mixin.py:190} INFO - [2025-12-13T10:45:04.025+0000] {dagbag.py:588} INFO - Filling up the DagBag from /home/airflow/.local/lib/python3.12/site-packages/airflow/example_dags/example_python_decorator.py
[2025-12-13T10:45:04.046+0000] {processor.py:925} INFO - DAG(s) 'example_python_decorator' retrieved from /home/airflow/.local/lib/python3.12/site-packages/airflow/example_dags/example_python_decorator.py
[2025-12-13T10:45:04.078+0000] {logging_mixin.py:190} INFO - [2025-12-13T10:45:04.077+0000] {dag.py:3239} INFO - Sync 1 DAGs
[2025-12-13T10:45:04.102+0000] {logging_mixin.py:190} INFO - [2025-12-13T10:45:04.102+0000] {dag.py:4180} INFO - Setting next_dagrun for example_python_decorator to None, run_after=None
[2025-12-13T10:45:04.124+0000] {processor.py:208} INFO - Processing /home/airflow/.local/lib/python3.12/site-packages/airflow/example_dags/example_python_decorator.py took 0.112 seconds
[2025-12-13T10:45:34.467+0000] {processor.py:186} INFO - Started process (PID=3677) to work on /home/airflow/.local/lib/python3.12/site-packages/airflow/example_dags/example_python_decorator.py
[2025-12-13T10:45:34.470+0000] {processor.py:914} INFO - Processing file /home/airflow/.local/lib/python3.12/site-packages/airflow/example_dags/example_python_decorator.py for tasks to queue
[2025-12-13T10:45:34.474+0000] {logging_mixin.py:190} INFO - [2025-12-13T10:45:34.473+0000] {dagbag.py:588} INFO - Filling up the DagBag from /home/airflow/.local/lib/python3.12/site-packages/airflow/example_dags/example_python_decorator.py
[2025-12-13T10:45:34.499+0000] {processor.py:925} INFO - DAG(s) 'example_python_decorator' retrieved from /home/airflow/.local/lib/python3.12/site-packages/airflow/example_dags/example_python_decorator.py
[2025-12-13T10:45:34.537+0000] {logging_mixin.py:190} INFO - [2025-12-13T10:45:34.536+0000] {dag.py:3239} INFO - Sync 1 DAGs
[2025-12-13T10:45:34.561+0000] {logging_mixin.py:190} INFO - [2025-12-13T10:45:34.561+0000] {dag.py:4180} INFO - Setting next_dagrun for example_python_decorator to None, run_after=None
[2025-12-13T10:45:34.599+0000] {processor.py:208} INFO - Processing /home/airflow/.local/lib/python3.12/site-packages/airflow/example_dags/example_python_decorator.py took 0.142 seconds
[2025-12-13T10:46:05.223+0000] {processor.py:186} INFO - Started process (PID=3740) to work on /home/airflow/.local/lib/python3.12/site-packages/airflow/example_dags/example_python_decorator.py
[2025-12-13T10:46:05.225+0000] {processor.py:914} INFO - Processing file /home/airflow/.local/lib/python3.12/site-packages/airflow/example_dags/example_python_decorator.py for tasks to queue
[2025-12-13T10:46:05.229+0000] {logging_mixin.py:190} INFO - [2025-12-13T10:46:05.228+0000] {dagbag.py:588} INFO - Filling up the DagBag from /home/airflow/.local/lib/python3.12/site-packages/airflow/example_dags/example_python_decorator.py
[2025-12-13T10:46:05.258+0000] {processor.py:925} INFO - DAG(s) 'example_python_decorator' retrieved from /home/airflow/.local/lib/python3.12/site-packages/airflow/example_dags/example_python_decorator.py
[2025-12-13T10:46:05.301+0000] {logging_mixin.py:190} INFO - [2025-12-13T10:46:05.301+0000] {dag.py:3239} INFO - Sync 1 DAGs
[2025-12-13T10:46:05.335+0000] {logging_mixin.py:190} INFO - [2025-12-13T10:46:05.335+0000] {dag.py:4180} INFO - Setting next_dagrun for example_python_decorator to None, run_after=None
[2025-12-13T10:46:05.377+0000] {processor.py:208} INFO - Processing /home/airflow/.local/lib/python3.12/site-packages/airflow/example_dags/example_python_decorator.py took 0.166 seconds
[2025-12-13T10:46:35.473+0000] {processor.py:186} INFO - Started process (PID=3803) to work on /home/airflow/.local/lib/python3.12/site-packages/airflow/example_dags/example_python_decorator.py
[2025-12-13T10:46:35.476+0000] {processor.py:914} INFO - Processing file /home/airflow/.local/lib/python3.12/site-packages/airflow/example_dags/example_python_decorator.py for tasks to queue
[2025-12-13T10:46:35.481+0000] {logging_mixin.py:190} INFO - [2025-12-13T10:46:35.480+0000] {dagbag.py:588} INFO - Filling up the DagBag from /home/airflow/.local/lib/python3.12/site-packages/airflow/example_dags/example_python_decorator.py
[2025-12-13T10:46:35.510+0000] {processor.py:925} INFO - DAG(s) 'example_python_decorator' retrieved from /home/airflow/.local/lib/python3.12/site-packages/airflow/example_dags/example_python_decorator.py
[2025-12-13T10:46:35.555+0000] {logging_mixin.py:190} INFO - [2025-12-13T10:46:35.554+0000] {dag.py:3239} INFO - Sync 1 DAGs
[2025-12-13T10:46:35.585+0000] {logging_mixin.py:190} INFO - [2025-12-13T10:46:35.585+0000] {dag.py:4180} INFO - Setting next_dagrun for example_python_decorator to None, run_after=None
[2025-12-13T10:46:35.619+0000] {processor.py:208} INFO - Processing /home/airflow/.local/lib/python3.12/site-packages/airflow/example_dags/example_python_decorator.py took 0.161 seconds
