[2025-12-13T10:16:21.710+0000] {processor.py:186} INFO - Started process (PID=122) to work on /home/airflow/.local/lib/python3.12/site-packages/airflow/example_dags/example_params_ui_tutorial.py
[2025-12-13T10:16:21.711+0000] {processor.py:914} INFO - Processing file /home/airflow/.local/lib/python3.12/site-packages/airflow/example_dags/example_params_ui_tutorial.py for tasks to queue
[2025-12-13T10:16:21.715+0000] {logging_mixin.py:190} INFO - [2025-12-13T10:16:21.714+0000] {dagbag.py:588} INFO - Filling up the DagBag from /home/airflow/.local/lib/python3.12/site-packages/airflow/example_dags/example_params_ui_tutorial.py
[2025-12-13T10:16:21.737+0000] {processor.py:925} INFO - DAG(s) 'example_params_ui_tutorial' retrieved from /home/airflow/.local/lib/python3.12/site-packages/airflow/example_dags/example_params_ui_tutorial.py
[2025-12-13T10:16:22.107+0000] {logging_mixin.py:190} INFO - [2025-12-13T10:16:22.105+0000] {override.py:1911} INFO - Created Permission View: can edit on DAG:example_params_ui_tutorial
[2025-12-13T10:16:22.135+0000] {logging_mixin.py:190} INFO - [2025-12-13T10:16:22.135+0000] {override.py:1911} INFO - Created Permission View: can delete on DAG:example_params_ui_tutorial
[2025-12-13T10:16:22.195+0000] {logging_mixin.py:190} INFO - [2025-12-13T10:16:22.195+0000] {override.py:1911} INFO - Created Permission View: can read on DAG:example_params_ui_tutorial
[2025-12-13T10:16:22.248+0000] {logging_mixin.py:190} INFO - [2025-12-13T10:16:22.248+0000] {override.py:1911} INFO - Created Permission View: can create on DAG Run:example_params_ui_tutorial
[2025-12-13T10:16:22.296+0000] {logging_mixin.py:190} INFO - [2025-12-13T10:16:22.295+0000] {override.py:1911} INFO - Created Permission View: can delete on DAG Run:example_params_ui_tutorial
[2025-12-13T10:16:22.330+0000] {logging_mixin.py:190} INFO - [2025-12-13T10:16:22.329+0000] {override.py:1911} INFO - Created Permission View: menu access on DAG Run:example_params_ui_tutorial
[2025-12-13T10:16:22.369+0000] {logging_mixin.py:190} INFO - [2025-12-13T10:16:22.368+0000] {override.py:1911} INFO - Created Permission View: can read on DAG Run:example_params_ui_tutorial
[2025-12-13T10:16:22.370+0000] {logging_mixin.py:190} INFO - [2025-12-13T10:16:22.369+0000] {dag.py:3239} INFO - Sync 1 DAGs
[2025-12-13T10:16:22.447+0000] {logging_mixin.py:190} INFO - [2025-12-13T10:16:22.447+0000] {dag.py:3262} INFO - Creating ORM DAG for example_params_ui_tutorial
[2025-12-13T10:16:22.449+0000] {logging_mixin.py:190} INFO - [2025-12-13T10:16:22.448+0000] {dag.py:4180} INFO - Setting next_dagrun for example_params_ui_tutorial to None, run_after=None
[2025-12-13T10:16:22.535+0000] {processor.py:208} INFO - Processing /home/airflow/.local/lib/python3.12/site-packages/airflow/example_dags/example_params_ui_tutorial.py took 0.837 seconds
[2025-12-13T10:16:52.804+0000] {processor.py:186} INFO - Started process (PID=185) to work on /home/airflow/.local/lib/python3.12/site-packages/airflow/example_dags/example_params_ui_tutorial.py
[2025-12-13T10:16:52.806+0000] {processor.py:914} INFO - Processing file /home/airflow/.local/lib/python3.12/site-packages/airflow/example_dags/example_params_ui_tutorial.py for tasks to queue
[2025-12-13T10:16:52.810+0000] {logging_mixin.py:190} INFO - [2025-12-13T10:16:52.810+0000] {dagbag.py:588} INFO - Filling up the DagBag from /home/airflow/.local/lib/python3.12/site-packages/airflow/example_dags/example_params_ui_tutorial.py
[2025-12-13T10:16:52.827+0000] {processor.py:925} INFO - DAG(s) 'example_params_ui_tutorial' retrieved from /home/airflow/.local/lib/python3.12/site-packages/airflow/example_dags/example_params_ui_tutorial.py
[2025-12-13T10:16:52.903+0000] {logging_mixin.py:190} INFO - [2025-12-13T10:16:52.903+0000] {dag.py:3239} INFO - Sync 1 DAGs
[2025-12-13T10:16:52.932+0000] {logging_mixin.py:190} INFO - [2025-12-13T10:16:52.932+0000] {dag.py:4180} INFO - Setting next_dagrun for example_params_ui_tutorial to None, run_after=None
[2025-12-13T10:16:52.966+0000] {processor.py:208} INFO - Processing /home/airflow/.local/lib/python3.12/site-packages/airflow/example_dags/example_params_ui_tutorial.py took 0.173 seconds
[2025-12-13T10:17:23.504+0000] {processor.py:186} INFO - Started process (PID=247) to work on /home/airflow/.local/lib/python3.12/site-packages/airflow/example_dags/example_params_ui_tutorial.py
[2025-12-13T10:17:23.506+0000] {processor.py:914} INFO - Processing file /home/airflow/.local/lib/python3.12/site-packages/airflow/example_dags/example_params_ui_tutorial.py for tasks to queue
[2025-12-13T10:17:23.510+0000] {logging_mixin.py:190} INFO - [2025-12-13T10:17:23.509+0000] {dagbag.py:588} INFO - Filling up the DagBag from /home/airflow/.local/lib/python3.12/site-packages/airflow/example_dags/example_params_ui_tutorial.py
[2025-12-13T10:17:23.527+0000] {processor.py:925} INFO - DAG(s) 'example_params_ui_tutorial' retrieved from /home/airflow/.local/lib/python3.12/site-packages/airflow/example_dags/example_params_ui_tutorial.py
[2025-12-13T10:17:23.623+0000] {logging_mixin.py:190} INFO - [2025-12-13T10:17:23.623+0000] {dag.py:3239} INFO - Sync 1 DAGs
[2025-12-13T10:17:23.650+0000] {logging_mixin.py:190} INFO - [2025-12-13T10:17:23.650+0000] {dag.py:4180} INFO - Setting next_dagrun for example_params_ui_tutorial to None, run_after=None
[2025-12-13T10:17:23.681+0000] {processor.py:208} INFO - Processing /home/airflow/.local/lib/python3.12/site-packages/airflow/example_dags/example_params_ui_tutorial.py took 0.192 seconds
[2025-12-13T10:17:54.842+0000] {processor.py:186} INFO - Started process (PID=310) to work on /home/airflow/.local/lib/python3.12/site-packages/airflow/example_dags/example_params_ui_tutorial.py
[2025-12-13T10:17:54.843+0000] {processor.py:914} INFO - Processing file /home/airflow/.local/lib/python3.12/site-packages/airflow/example_dags/example_params_ui_tutorial.py for tasks to queue
[2025-12-13T10:17:54.846+0000] {logging_mixin.py:190} INFO - [2025-12-13T10:17:54.846+0000] {dagbag.py:588} INFO - Filling up the DagBag from /home/airflow/.local/lib/python3.12/site-packages/airflow/example_dags/example_params_ui_tutorial.py
[2025-12-13T10:17:54.864+0000] {processor.py:925} INFO - DAG(s) 'example_params_ui_tutorial' retrieved from /home/airflow/.local/lib/python3.12/site-packages/airflow/example_dags/example_params_ui_tutorial.py
[2025-12-13T10:17:54.936+0000] {logging_mixin.py:190} INFO - [2025-12-13T10:17:54.935+0000] {dag.py:3239} INFO - Sync 1 DAGs
[2025-12-13T10:17:54.958+0000] {logging_mixin.py:190} INFO - [2025-12-13T10:17:54.957+0000] {dag.py:4180} INFO - Setting next_dagrun for example_params_ui_tutorial to None, run_after=None
[2025-12-13T10:17:54.989+0000] {processor.py:208} INFO - Processing /home/airflow/.local/lib/python3.12/site-packages/airflow/example_dags/example_params_ui_tutorial.py took 0.158 seconds
[2025-12-13T10:18:26.981+0000] {processor.py:186} INFO - Started process (PID=373) to work on /home/airflow/.local/lib/python3.12/site-packages/airflow/example_dags/example_params_ui_tutorial.py
[2025-12-13T10:18:26.981+0000] {processor.py:914} INFO - Processing file /home/airflow/.local/lib/python3.12/site-packages/airflow/example_dags/example_params_ui_tutorial.py for tasks to queue
[2025-12-13T10:18:26.984+0000] {logging_mixin.py:190} INFO - [2025-12-13T10:18:26.984+0000] {dagbag.py:588} INFO - Filling up the DagBag from /home/airflow/.local/lib/python3.12/site-packages/airflow/example_dags/example_params_ui_tutorial.py
[2025-12-13T10:18:27.000+0000] {processor.py:925} INFO - DAG(s) 'example_params_ui_tutorial' retrieved from /home/airflow/.local/lib/python3.12/site-packages/airflow/example_dags/example_params_ui_tutorial.py
[2025-12-13T10:18:27.105+0000] {logging_mixin.py:190} INFO - [2025-12-13T10:18:27.105+0000] {dag.py:3239} INFO - Sync 1 DAGs
[2025-12-13T10:18:27.139+0000] {logging_mixin.py:190} INFO - [2025-12-13T10:18:27.139+0000] {dag.py:4180} INFO - Setting next_dagrun for example_params_ui_tutorial to None, run_after=None
[2025-12-13T10:18:27.172+0000] {processor.py:208} INFO - Processing /home/airflow/.local/lib/python3.12/site-packages/airflow/example_dags/example_params_ui_tutorial.py took 0.201 seconds
[2025-12-13T10:19:00.631+0000] {processor.py:186} INFO - Started process (PID=436) to work on /home/airflow/.local/lib/python3.12/site-packages/airflow/example_dags/example_params_ui_tutorial.py
[2025-12-13T10:19:00.633+0000] {processor.py:914} INFO - Processing file /home/airflow/.local/lib/python3.12/site-packages/airflow/example_dags/example_params_ui_tutorial.py for tasks to queue
[2025-12-13T10:19:00.637+0000] {logging_mixin.py:190} INFO - [2025-12-13T10:19:00.636+0000] {dagbag.py:588} INFO - Filling up the DagBag from /home/airflow/.local/lib/python3.12/site-packages/airflow/example_dags/example_params_ui_tutorial.py
[2025-12-13T10:19:00.655+0000] {processor.py:925} INFO - DAG(s) 'example_params_ui_tutorial' retrieved from /home/airflow/.local/lib/python3.12/site-packages/airflow/example_dags/example_params_ui_tutorial.py
[2025-12-13T10:19:00.785+0000] {logging_mixin.py:190} INFO - [2025-12-13T10:19:00.784+0000] {dag.py:3239} INFO - Sync 1 DAGs
[2025-12-13T10:19:00.832+0000] {logging_mixin.py:190} INFO - [2025-12-13T10:19:00.831+0000] {dag.py:4180} INFO - Setting next_dagrun for example_params_ui_tutorial to None, run_after=None
[2025-12-13T10:19:00.876+0000] {processor.py:208} INFO - Processing /home/airflow/.local/lib/python3.12/site-packages/airflow/example_dags/example_params_ui_tutorial.py took 0.257 seconds
[2025-12-13T10:19:32.787+0000] {processor.py:186} INFO - Started process (PID=499) to work on /home/airflow/.local/lib/python3.12/site-packages/airflow/example_dags/example_params_ui_tutorial.py
[2025-12-13T10:19:32.789+0000] {processor.py:914} INFO - Processing file /home/airflow/.local/lib/python3.12/site-packages/airflow/example_dags/example_params_ui_tutorial.py for tasks to queue
[2025-12-13T10:19:32.796+0000] {logging_mixin.py:190} INFO - [2025-12-13T10:19:32.795+0000] {dagbag.py:588} INFO - Filling up the DagBag from /home/airflow/.local/lib/python3.12/site-packages/airflow/example_dags/example_params_ui_tutorial.py
[2025-12-13T10:19:32.822+0000] {processor.py:925} INFO - DAG(s) 'example_params_ui_tutorial' retrieved from /home/airflow/.local/lib/python3.12/site-packages/airflow/example_dags/example_params_ui_tutorial.py
[2025-12-13T10:19:32.968+0000] {logging_mixin.py:190} INFO - [2025-12-13T10:19:32.968+0000] {dag.py:3239} INFO - Sync 1 DAGs
[2025-12-13T10:19:33.000+0000] {logging_mixin.py:190} INFO - [2025-12-13T10:19:33.000+0000] {dag.py:4180} INFO - Setting next_dagrun for example_params_ui_tutorial to None, run_after=None
[2025-12-13T10:19:33.041+0000] {processor.py:208} INFO - Processing /home/airflow/.local/lib/python3.12/site-packages/airflow/example_dags/example_params_ui_tutorial.py took 0.273 seconds
[2025-12-13T10:20:03.596+0000] {processor.py:186} INFO - Started process (PID=562) to work on /home/airflow/.local/lib/python3.12/site-packages/airflow/example_dags/example_params_ui_tutorial.py
[2025-12-13T10:20:03.598+0000] {processor.py:914} INFO - Processing file /home/airflow/.local/lib/python3.12/site-packages/airflow/example_dags/example_params_ui_tutorial.py for tasks to queue
[2025-12-13T10:20:03.602+0000] {logging_mixin.py:190} INFO - [2025-12-13T10:20:03.601+0000] {dagbag.py:588} INFO - Filling up the DagBag from /home/airflow/.local/lib/python3.12/site-packages/airflow/example_dags/example_params_ui_tutorial.py
[2025-12-13T10:20:03.624+0000] {processor.py:925} INFO - DAG(s) 'example_params_ui_tutorial' retrieved from /home/airflow/.local/lib/python3.12/site-packages/airflow/example_dags/example_params_ui_tutorial.py
[2025-12-13T10:20:03.787+0000] {logging_mixin.py:190} INFO - [2025-12-13T10:20:03.786+0000] {dag.py:3239} INFO - Sync 1 DAGs
[2025-12-13T10:20:03.837+0000] {logging_mixin.py:190} INFO - [2025-12-13T10:20:03.836+0000] {dag.py:4180} INFO - Setting next_dagrun for example_params_ui_tutorial to None, run_after=None
[2025-12-13T10:20:03.878+0000] {processor.py:208} INFO - Processing /home/airflow/.local/lib/python3.12/site-packages/airflow/example_dags/example_params_ui_tutorial.py took 0.297 seconds
[2025-12-13T10:20:34.818+0000] {processor.py:186} INFO - Started process (PID=625) to work on /home/airflow/.local/lib/python3.12/site-packages/airflow/example_dags/example_params_ui_tutorial.py
[2025-12-13T10:20:34.820+0000] {processor.py:914} INFO - Processing file /home/airflow/.local/lib/python3.12/site-packages/airflow/example_dags/example_params_ui_tutorial.py for tasks to queue
[2025-12-13T10:20:34.824+0000] {logging_mixin.py:190} INFO - [2025-12-13T10:20:34.824+0000] {dagbag.py:588} INFO - Filling up the DagBag from /home/airflow/.local/lib/python3.12/site-packages/airflow/example_dags/example_params_ui_tutorial.py
[2025-12-13T10:20:34.843+0000] {processor.py:925} INFO - DAG(s) 'example_params_ui_tutorial' retrieved from /home/airflow/.local/lib/python3.12/site-packages/airflow/example_dags/example_params_ui_tutorial.py
[2025-12-13T10:20:34.928+0000] {logging_mixin.py:190} INFO - [2025-12-13T10:20:34.928+0000] {dag.py:3239} INFO - Sync 1 DAGs
[2025-12-13T10:20:34.960+0000] {logging_mixin.py:190} INFO - [2025-12-13T10:20:34.959+0000] {dag.py:4180} INFO - Setting next_dagrun for example_params_ui_tutorial to None, run_after=None
[2025-12-13T10:20:34.991+0000] {processor.py:208} INFO - Processing /home/airflow/.local/lib/python3.12/site-packages/airflow/example_dags/example_params_ui_tutorial.py took 0.187 seconds
[2025-12-13T10:21:05.060+0000] {processor.py:186} INFO - Started process (PID=687) to work on /home/airflow/.local/lib/python3.12/site-packages/airflow/example_dags/example_params_ui_tutorial.py
[2025-12-13T10:21:05.061+0000] {processor.py:914} INFO - Processing file /home/airflow/.local/lib/python3.12/site-packages/airflow/example_dags/example_params_ui_tutorial.py for tasks to queue
[2025-12-13T10:21:05.064+0000] {logging_mixin.py:190} INFO - [2025-12-13T10:21:05.064+0000] {dagbag.py:588} INFO - Filling up the DagBag from /home/airflow/.local/lib/python3.12/site-packages/airflow/example_dags/example_params_ui_tutorial.py
[2025-12-13T10:21:05.079+0000] {processor.py:925} INFO - DAG(s) 'example_params_ui_tutorial' retrieved from /home/airflow/.local/lib/python3.12/site-packages/airflow/example_dags/example_params_ui_tutorial.py
[2025-12-13T10:21:05.149+0000] {logging_mixin.py:190} INFO - [2025-12-13T10:21:05.149+0000] {dag.py:3239} INFO - Sync 1 DAGs
[2025-12-13T10:21:05.170+0000] {logging_mixin.py:190} INFO - [2025-12-13T10:21:05.170+0000] {dag.py:4180} INFO - Setting next_dagrun for example_params_ui_tutorial to None, run_after=None
[2025-12-13T10:21:05.195+0000] {processor.py:208} INFO - Processing /home/airflow/.local/lib/python3.12/site-packages/airflow/example_dags/example_params_ui_tutorial.py took 0.145 seconds
[2025-12-13T10:21:35.692+0000] {processor.py:186} INFO - Started process (PID=750) to work on /home/airflow/.local/lib/python3.12/site-packages/airflow/example_dags/example_params_ui_tutorial.py
[2025-12-13T10:21:35.694+0000] {processor.py:914} INFO - Processing file /home/airflow/.local/lib/python3.12/site-packages/airflow/example_dags/example_params_ui_tutorial.py for tasks to queue
[2025-12-13T10:21:35.698+0000] {logging_mixin.py:190} INFO - [2025-12-13T10:21:35.698+0000] {dagbag.py:588} INFO - Filling up the DagBag from /home/airflow/.local/lib/python3.12/site-packages/airflow/example_dags/example_params_ui_tutorial.py
[2025-12-13T10:21:35.720+0000] {processor.py:925} INFO - DAG(s) 'example_params_ui_tutorial' retrieved from /home/airflow/.local/lib/python3.12/site-packages/airflow/example_dags/example_params_ui_tutorial.py
[2025-12-13T10:21:35.852+0000] {logging_mixin.py:190} INFO - [2025-12-13T10:21:35.852+0000] {dag.py:3239} INFO - Sync 1 DAGs
[2025-12-13T10:21:35.892+0000] {logging_mixin.py:190} INFO - [2025-12-13T10:21:35.892+0000] {dag.py:4180} INFO - Setting next_dagrun for example_params_ui_tutorial to None, run_after=None
[2025-12-13T10:21:35.931+0000] {processor.py:208} INFO - Processing /home/airflow/.local/lib/python3.12/site-packages/airflow/example_dags/example_params_ui_tutorial.py took 0.252 seconds
[2025-12-13T10:22:08.588+0000] {processor.py:186} INFO - Started process (PID=813) to work on /home/airflow/.local/lib/python3.12/site-packages/airflow/example_dags/example_params_ui_tutorial.py
[2025-12-13T10:22:08.593+0000] {processor.py:914} INFO - Processing file /home/airflow/.local/lib/python3.12/site-packages/airflow/example_dags/example_params_ui_tutorial.py for tasks to queue
[2025-12-13T10:22:08.597+0000] {logging_mixin.py:190} INFO - [2025-12-13T10:22:08.596+0000] {dagbag.py:588} INFO - Filling up the DagBag from /home/airflow/.local/lib/python3.12/site-packages/airflow/example_dags/example_params_ui_tutorial.py
[2025-12-13T10:22:08.617+0000] {processor.py:925} INFO - DAG(s) 'example_params_ui_tutorial' retrieved from /home/airflow/.local/lib/python3.12/site-packages/airflow/example_dags/example_params_ui_tutorial.py
[2025-12-13T10:22:08.725+0000] {logging_mixin.py:190} INFO - [2025-12-13T10:22:08.724+0000] {dag.py:3239} INFO - Sync 1 DAGs
[2025-12-13T10:22:08.799+0000] {logging_mixin.py:190} INFO - [2025-12-13T10:22:08.799+0000] {dag.py:4180} INFO - Setting next_dagrun for example_params_ui_tutorial to None, run_after=None
[2025-12-13T10:22:08.900+0000] {processor.py:208} INFO - Processing /home/airflow/.local/lib/python3.12/site-packages/airflow/example_dags/example_params_ui_tutorial.py took 0.324 seconds
[2025-12-13T10:22:41.391+0000] {processor.py:186} INFO - Started process (PID=877) to work on /home/airflow/.local/lib/python3.12/site-packages/airflow/example_dags/example_params_ui_tutorial.py
[2025-12-13T10:22:41.392+0000] {processor.py:914} INFO - Processing file /home/airflow/.local/lib/python3.12/site-packages/airflow/example_dags/example_params_ui_tutorial.py for tasks to queue
[2025-12-13T10:22:41.399+0000] {logging_mixin.py:190} INFO - [2025-12-13T10:22:41.399+0000] {dagbag.py:588} INFO - Filling up the DagBag from /home/airflow/.local/lib/python3.12/site-packages/airflow/example_dags/example_params_ui_tutorial.py
[2025-12-13T10:22:41.435+0000] {processor.py:925} INFO - DAG(s) 'example_params_ui_tutorial' retrieved from /home/airflow/.local/lib/python3.12/site-packages/airflow/example_dags/example_params_ui_tutorial.py
[2025-12-13T10:22:41.589+0000] {logging_mixin.py:190} INFO - [2025-12-13T10:22:41.588+0000] {dag.py:3239} INFO - Sync 1 DAGs
[2025-12-13T10:22:41.648+0000] {logging_mixin.py:190} INFO - [2025-12-13T10:22:41.648+0000] {dag.py:4180} INFO - Setting next_dagrun for example_params_ui_tutorial to None, run_after=None
[2025-12-13T10:22:41.714+0000] {processor.py:208} INFO - Processing /home/airflow/.local/lib/python3.12/site-packages/airflow/example_dags/example_params_ui_tutorial.py took 0.343 seconds
[2025-12-13T10:23:12.465+0000] {processor.py:186} INFO - Started process (PID=941) to work on /home/airflow/.local/lib/python3.12/site-packages/airflow/example_dags/example_params_ui_tutorial.py
[2025-12-13T10:23:12.467+0000] {processor.py:914} INFO - Processing file /home/airflow/.local/lib/python3.12/site-packages/airflow/example_dags/example_params_ui_tutorial.py for tasks to queue
[2025-12-13T10:23:12.470+0000] {logging_mixin.py:190} INFO - [2025-12-13T10:23:12.469+0000] {dagbag.py:588} INFO - Filling up the DagBag from /home/airflow/.local/lib/python3.12/site-packages/airflow/example_dags/example_params_ui_tutorial.py
[2025-12-13T10:23:12.486+0000] {processor.py:925} INFO - DAG(s) 'example_params_ui_tutorial' retrieved from /home/airflow/.local/lib/python3.12/site-packages/airflow/example_dags/example_params_ui_tutorial.py
[2025-12-13T10:23:12.592+0000] {logging_mixin.py:190} INFO - [2025-12-13T10:23:12.592+0000] {dag.py:3239} INFO - Sync 1 DAGs
[2025-12-13T10:23:12.617+0000] {logging_mixin.py:190} INFO - [2025-12-13T10:23:12.616+0000] {dag.py:4180} INFO - Setting next_dagrun for example_params_ui_tutorial to None, run_after=None
[2025-12-13T10:23:12.652+0000] {processor.py:208} INFO - Processing /home/airflow/.local/lib/python3.12/site-packages/airflow/example_dags/example_params_ui_tutorial.py took 0.198 seconds
[2025-12-13T10:23:42.782+0000] {processor.py:186} INFO - Started process (PID=1003) to work on /home/airflow/.local/lib/python3.12/site-packages/airflow/example_dags/example_params_ui_tutorial.py
[2025-12-13T10:23:42.783+0000] {processor.py:914} INFO - Processing file /home/airflow/.local/lib/python3.12/site-packages/airflow/example_dags/example_params_ui_tutorial.py for tasks to queue
[2025-12-13T10:23:42.786+0000] {logging_mixin.py:190} INFO - [2025-12-13T10:23:42.786+0000] {dagbag.py:588} INFO - Filling up the DagBag from /home/airflow/.local/lib/python3.12/site-packages/airflow/example_dags/example_params_ui_tutorial.py
[2025-12-13T10:23:42.798+0000] {processor.py:925} INFO - DAG(s) 'example_params_ui_tutorial' retrieved from /home/airflow/.local/lib/python3.12/site-packages/airflow/example_dags/example_params_ui_tutorial.py
[2025-12-13T10:23:42.873+0000] {logging_mixin.py:190} INFO - [2025-12-13T10:23:42.873+0000] {dag.py:3239} INFO - Sync 1 DAGs
[2025-12-13T10:23:42.895+0000] {logging_mixin.py:190} INFO - [2025-12-13T10:23:42.895+0000] {dag.py:4180} INFO - Setting next_dagrun for example_params_ui_tutorial to None, run_after=None
[2025-12-13T10:23:42.923+0000] {processor.py:208} INFO - Processing /home/airflow/.local/lib/python3.12/site-packages/airflow/example_dags/example_params_ui_tutorial.py took 0.152 seconds
[2025-12-13T10:24:15.180+0000] {processor.py:186} INFO - Started process (PID=1076) to work on /home/airflow/.local/lib/python3.12/site-packages/airflow/example_dags/example_params_ui_tutorial.py
[2025-12-13T10:24:15.181+0000] {processor.py:914} INFO - Processing file /home/airflow/.local/lib/python3.12/site-packages/airflow/example_dags/example_params_ui_tutorial.py for tasks to queue
[2025-12-13T10:24:15.185+0000] {logging_mixin.py:190} INFO - [2025-12-13T10:24:15.184+0000] {dagbag.py:588} INFO - Filling up the DagBag from /home/airflow/.local/lib/python3.12/site-packages/airflow/example_dags/example_params_ui_tutorial.py
[2025-12-13T10:24:15.200+0000] {processor.py:925} INFO - DAG(s) 'example_params_ui_tutorial' retrieved from /home/airflow/.local/lib/python3.12/site-packages/airflow/example_dags/example_params_ui_tutorial.py
[2025-12-13T10:24:15.315+0000] {logging_mixin.py:190} INFO - [2025-12-13T10:24:15.315+0000] {dag.py:3239} INFO - Sync 1 DAGs
[2025-12-13T10:24:15.344+0000] {logging_mixin.py:190} INFO - [2025-12-13T10:24:15.344+0000] {dag.py:4180} INFO - Setting next_dagrun for example_params_ui_tutorial to None, run_after=None
[2025-12-13T10:24:15.370+0000] {processor.py:208} INFO - Processing /home/airflow/.local/lib/python3.12/site-packages/airflow/example_dags/example_params_ui_tutorial.py took 0.203 seconds
[2025-12-13T10:24:46.799+0000] {processor.py:186} INFO - Started process (PID=1140) to work on /home/airflow/.local/lib/python3.12/site-packages/airflow/example_dags/example_params_ui_tutorial.py
[2025-12-13T10:24:46.800+0000] {processor.py:914} INFO - Processing file /home/airflow/.local/lib/python3.12/site-packages/airflow/example_dags/example_params_ui_tutorial.py for tasks to queue
[2025-12-13T10:24:46.803+0000] {logging_mixin.py:190} INFO - [2025-12-13T10:24:46.803+0000] {dagbag.py:588} INFO - Filling up the DagBag from /home/airflow/.local/lib/python3.12/site-packages/airflow/example_dags/example_params_ui_tutorial.py
[2025-12-13T10:24:46.821+0000] {processor.py:925} INFO - DAG(s) 'example_params_ui_tutorial' retrieved from /home/airflow/.local/lib/python3.12/site-packages/airflow/example_dags/example_params_ui_tutorial.py
[2025-12-13T10:24:46.919+0000] {logging_mixin.py:190} INFO - [2025-12-13T10:24:46.918+0000] {dag.py:3239} INFO - Sync 1 DAGs
[2025-12-13T10:24:46.946+0000] {logging_mixin.py:190} INFO - [2025-12-13T10:24:46.945+0000] {dag.py:4180} INFO - Setting next_dagrun for example_params_ui_tutorial to None, run_after=None
[2025-12-13T10:24:46.978+0000] {processor.py:208} INFO - Processing /home/airflow/.local/lib/python3.12/site-packages/airflow/example_dags/example_params_ui_tutorial.py took 0.192 seconds
[2025-12-13T10:25:18.683+0000] {processor.py:186} INFO - Started process (PID=1203) to work on /home/airflow/.local/lib/python3.12/site-packages/airflow/example_dags/example_params_ui_tutorial.py
[2025-12-13T10:25:18.684+0000] {processor.py:914} INFO - Processing file /home/airflow/.local/lib/python3.12/site-packages/airflow/example_dags/example_params_ui_tutorial.py for tasks to queue
[2025-12-13T10:25:18.688+0000] {logging_mixin.py:190} INFO - [2025-12-13T10:25:18.688+0000] {dagbag.py:588} INFO - Filling up the DagBag from /home/airflow/.local/lib/python3.12/site-packages/airflow/example_dags/example_params_ui_tutorial.py
[2025-12-13T10:25:18.710+0000] {processor.py:925} INFO - DAG(s) 'example_params_ui_tutorial' retrieved from /home/airflow/.local/lib/python3.12/site-packages/airflow/example_dags/example_params_ui_tutorial.py
[2025-12-13T10:25:18.805+0000] {logging_mixin.py:190} INFO - [2025-12-13T10:25:18.804+0000] {dag.py:3239} INFO - Sync 1 DAGs
[2025-12-13T10:25:18.835+0000] {logging_mixin.py:190} INFO - [2025-12-13T10:25:18.835+0000] {dag.py:4180} INFO - Setting next_dagrun for example_params_ui_tutorial to None, run_after=None
[2025-12-13T10:25:18.866+0000] {processor.py:208} INFO - Processing /home/airflow/.local/lib/python3.12/site-packages/airflow/example_dags/example_params_ui_tutorial.py took 0.196 seconds
[2025-12-13T10:25:51.164+0000] {processor.py:186} INFO - Started process (PID=1269) to work on /home/airflow/.local/lib/python3.12/site-packages/airflow/example_dags/example_params_ui_tutorial.py
[2025-12-13T10:25:51.166+0000] {processor.py:914} INFO - Processing file /home/airflow/.local/lib/python3.12/site-packages/airflow/example_dags/example_params_ui_tutorial.py for tasks to queue
[2025-12-13T10:25:51.172+0000] {logging_mixin.py:190} INFO - [2025-12-13T10:25:51.171+0000] {dagbag.py:588} INFO - Filling up the DagBag from /home/airflow/.local/lib/python3.12/site-packages/airflow/example_dags/example_params_ui_tutorial.py
[2025-12-13T10:25:51.196+0000] {processor.py:925} INFO - DAG(s) 'example_params_ui_tutorial' retrieved from /home/airflow/.local/lib/python3.12/site-packages/airflow/example_dags/example_params_ui_tutorial.py
[2025-12-13T10:25:51.333+0000] {logging_mixin.py:190} INFO - [2025-12-13T10:25:51.333+0000] {dag.py:3239} INFO - Sync 1 DAGs
[2025-12-13T10:25:51.367+0000] {logging_mixin.py:190} INFO - [2025-12-13T10:25:51.367+0000] {dag.py:4180} INFO - Setting next_dagrun for example_params_ui_tutorial to None, run_after=None
[2025-12-13T10:25:51.415+0000] {processor.py:208} INFO - Processing /home/airflow/.local/lib/python3.12/site-packages/airflow/example_dags/example_params_ui_tutorial.py took 0.264 seconds
[2025-12-13T10:26:24.842+0000] {processor.py:186} INFO - Started process (PID=1337) to work on /home/airflow/.local/lib/python3.12/site-packages/airflow/example_dags/example_params_ui_tutorial.py
[2025-12-13T10:26:24.847+0000] {processor.py:914} INFO - Processing file /home/airflow/.local/lib/python3.12/site-packages/airflow/example_dags/example_params_ui_tutorial.py for tasks to queue
[2025-12-13T10:26:24.857+0000] {logging_mixin.py:190} INFO - [2025-12-13T10:26:24.857+0000] {dagbag.py:588} INFO - Filling up the DagBag from /home/airflow/.local/lib/python3.12/site-packages/airflow/example_dags/example_params_ui_tutorial.py
[2025-12-13T10:26:24.928+0000] {processor.py:925} INFO - DAG(s) 'example_params_ui_tutorial' retrieved from /home/airflow/.local/lib/python3.12/site-packages/airflow/example_dags/example_params_ui_tutorial.py
[2025-12-13T10:26:25.143+0000] {logging_mixin.py:190} INFO - [2025-12-13T10:26:25.142+0000] {dag.py:3239} INFO - Sync 1 DAGs
[2025-12-13T10:26:25.172+0000] {logging_mixin.py:190} INFO - [2025-12-13T10:26:25.172+0000] {dag.py:4180} INFO - Setting next_dagrun for example_params_ui_tutorial to None, run_after=None
[2025-12-13T10:26:25.225+0000] {processor.py:208} INFO - Processing /home/airflow/.local/lib/python3.12/site-packages/airflow/example_dags/example_params_ui_tutorial.py took 0.396 seconds
[2025-12-13T10:26:56.256+0000] {processor.py:186} INFO - Started process (PID=1400) to work on /home/airflow/.local/lib/python3.12/site-packages/airflow/example_dags/example_params_ui_tutorial.py
[2025-12-13T10:26:56.258+0000] {processor.py:914} INFO - Processing file /home/airflow/.local/lib/python3.12/site-packages/airflow/example_dags/example_params_ui_tutorial.py for tasks to queue
[2025-12-13T10:26:56.265+0000] {logging_mixin.py:190} INFO - [2025-12-13T10:26:56.264+0000] {dagbag.py:588} INFO - Filling up the DagBag from /home/airflow/.local/lib/python3.12/site-packages/airflow/example_dags/example_params_ui_tutorial.py
[2025-12-13T10:26:56.323+0000] {processor.py:925} INFO - DAG(s) 'example_params_ui_tutorial' retrieved from /home/airflow/.local/lib/python3.12/site-packages/airflow/example_dags/example_params_ui_tutorial.py
[2025-12-13T10:26:56.441+0000] {logging_mixin.py:190} INFO - [2025-12-13T10:26:56.441+0000] {dag.py:3239} INFO - Sync 1 DAGs
[2025-12-13T10:26:56.527+0000] {logging_mixin.py:190} INFO - [2025-12-13T10:26:56.525+0000] {dag.py:4180} INFO - Setting next_dagrun for example_params_ui_tutorial to None, run_after=None
[2025-12-13T10:26:56.628+0000] {processor.py:208} INFO - Processing /home/airflow/.local/lib/python3.12/site-packages/airflow/example_dags/example_params_ui_tutorial.py took 0.390 seconds
[2025-12-13T10:27:26.944+0000] {processor.py:186} INFO - Started process (PID=1463) to work on /home/airflow/.local/lib/python3.12/site-packages/airflow/example_dags/example_params_ui_tutorial.py
[2025-12-13T10:27:26.947+0000] {processor.py:914} INFO - Processing file /home/airflow/.local/lib/python3.12/site-packages/airflow/example_dags/example_params_ui_tutorial.py for tasks to queue
[2025-12-13T10:27:26.952+0000] {logging_mixin.py:190} INFO - [2025-12-13T10:27:26.951+0000] {dagbag.py:588} INFO - Filling up the DagBag from /home/airflow/.local/lib/python3.12/site-packages/airflow/example_dags/example_params_ui_tutorial.py
[2025-12-13T10:27:26.974+0000] {processor.py:925} INFO - DAG(s) 'example_params_ui_tutorial' retrieved from /home/airflow/.local/lib/python3.12/site-packages/airflow/example_dags/example_params_ui_tutorial.py
[2025-12-13T10:27:27.074+0000] {logging_mixin.py:190} INFO - [2025-12-13T10:27:27.073+0000] {dag.py:3239} INFO - Sync 1 DAGs
[2025-12-13T10:27:27.103+0000] {logging_mixin.py:190} INFO - [2025-12-13T10:27:27.103+0000] {dag.py:4180} INFO - Setting next_dagrun for example_params_ui_tutorial to None, run_after=None
[2025-12-13T10:27:27.136+0000] {processor.py:208} INFO - Processing /home/airflow/.local/lib/python3.12/site-packages/airflow/example_dags/example_params_ui_tutorial.py took 0.205 seconds
[2025-12-13T10:27:58.324+0000] {processor.py:186} INFO - Started process (PID=1525) to work on /home/airflow/.local/lib/python3.12/site-packages/airflow/example_dags/example_params_ui_tutorial.py
[2025-12-13T10:27:58.325+0000] {processor.py:914} INFO - Processing file /home/airflow/.local/lib/python3.12/site-packages/airflow/example_dags/example_params_ui_tutorial.py for tasks to queue
[2025-12-13T10:27:58.330+0000] {logging_mixin.py:190} INFO - [2025-12-13T10:27:58.329+0000] {dagbag.py:588} INFO - Filling up the DagBag from /home/airflow/.local/lib/python3.12/site-packages/airflow/example_dags/example_params_ui_tutorial.py
[2025-12-13T10:27:58.350+0000] {processor.py:925} INFO - DAG(s) 'example_params_ui_tutorial' retrieved from /home/airflow/.local/lib/python3.12/site-packages/airflow/example_dags/example_params_ui_tutorial.py
[2025-12-13T10:27:58.457+0000] {logging_mixin.py:190} INFO - [2025-12-13T10:27:58.457+0000] {dag.py:3239} INFO - Sync 1 DAGs
[2025-12-13T10:27:58.485+0000] {logging_mixin.py:190} INFO - [2025-12-13T10:27:58.485+0000] {dag.py:4180} INFO - Setting next_dagrun for example_params_ui_tutorial to None, run_after=None
[2025-12-13T10:27:58.514+0000] {processor.py:208} INFO - Processing /home/airflow/.local/lib/python3.12/site-packages/airflow/example_dags/example_params_ui_tutorial.py took 0.208 seconds
[2025-12-13T10:28:38.951+0000] {processor.py:186} INFO - Started process (PID=1600) to work on /home/airflow/.local/lib/python3.12/site-packages/airflow/example_dags/example_params_ui_tutorial.py
[2025-12-13T10:28:38.956+0000] {processor.py:914} INFO - Processing file /home/airflow/.local/lib/python3.12/site-packages/airflow/example_dags/example_params_ui_tutorial.py for tasks to queue
[2025-12-13T10:28:38.967+0000] {logging_mixin.py:190} INFO - [2025-12-13T10:28:38.965+0000] {dagbag.py:588} INFO - Filling up the DagBag from /home/airflow/.local/lib/python3.12/site-packages/airflow/example_dags/example_params_ui_tutorial.py
[2025-12-13T10:28:39.033+0000] {processor.py:925} INFO - DAG(s) 'example_params_ui_tutorial' retrieved from /home/airflow/.local/lib/python3.12/site-packages/airflow/example_dags/example_params_ui_tutorial.py
[2025-12-13T10:28:39.355+0000] {logging_mixin.py:190} INFO - [2025-12-13T10:28:39.355+0000] {dag.py:3239} INFO - Sync 1 DAGs
[2025-12-13T10:28:39.392+0000] {logging_mixin.py:190} INFO - [2025-12-13T10:28:39.391+0000] {dag.py:4180} INFO - Setting next_dagrun for example_params_ui_tutorial to None, run_after=None
[2025-12-13T10:28:39.448+0000] {processor.py:208} INFO - Processing /home/airflow/.local/lib/python3.12/site-packages/airflow/example_dags/example_params_ui_tutorial.py took 0.551 seconds
[2025-12-13T10:29:09.882+0000] {processor.py:186} INFO - Started process (PID=1663) to work on /home/airflow/.local/lib/python3.12/site-packages/airflow/example_dags/example_params_ui_tutorial.py
[2025-12-13T10:29:09.886+0000] {processor.py:914} INFO - Processing file /home/airflow/.local/lib/python3.12/site-packages/airflow/example_dags/example_params_ui_tutorial.py for tasks to queue
[2025-12-13T10:29:09.891+0000] {logging_mixin.py:190} INFO - [2025-12-13T10:29:09.890+0000] {dagbag.py:588} INFO - Filling up the DagBag from /home/airflow/.local/lib/python3.12/site-packages/airflow/example_dags/example_params_ui_tutorial.py
[2025-12-13T10:29:09.921+0000] {processor.py:925} INFO - DAG(s) 'example_params_ui_tutorial' retrieved from /home/airflow/.local/lib/python3.12/site-packages/airflow/example_dags/example_params_ui_tutorial.py
[2025-12-13T10:29:10.028+0000] {logging_mixin.py:190} INFO - [2025-12-13T10:29:10.028+0000] {dag.py:3239} INFO - Sync 1 DAGs
[2025-12-13T10:29:10.055+0000] {logging_mixin.py:190} INFO - [2025-12-13T10:29:10.054+0000] {dag.py:4180} INFO - Setting next_dagrun for example_params_ui_tutorial to None, run_after=None
[2025-12-13T10:29:10.087+0000] {processor.py:208} INFO - Processing /home/airflow/.local/lib/python3.12/site-packages/airflow/example_dags/example_params_ui_tutorial.py took 0.219 seconds
[2025-12-13T10:29:41.083+0000] {processor.py:186} INFO - Started process (PID=1725) to work on /home/airflow/.local/lib/python3.12/site-packages/airflow/example_dags/example_params_ui_tutorial.py
[2025-12-13T10:29:41.084+0000] {processor.py:914} INFO - Processing file /home/airflow/.local/lib/python3.12/site-packages/airflow/example_dags/example_params_ui_tutorial.py for tasks to queue
[2025-12-13T10:29:41.088+0000] {logging_mixin.py:190} INFO - [2025-12-13T10:29:41.087+0000] {dagbag.py:588} INFO - Filling up the DagBag from /home/airflow/.local/lib/python3.12/site-packages/airflow/example_dags/example_params_ui_tutorial.py
[2025-12-13T10:29:41.106+0000] {processor.py:925} INFO - DAG(s) 'example_params_ui_tutorial' retrieved from /home/airflow/.local/lib/python3.12/site-packages/airflow/example_dags/example_params_ui_tutorial.py
[2025-12-13T10:29:41.224+0000] {logging_mixin.py:190} INFO - [2025-12-13T10:29:41.224+0000] {dag.py:3239} INFO - Sync 1 DAGs
[2025-12-13T10:29:41.255+0000] {logging_mixin.py:190} INFO - [2025-12-13T10:29:41.255+0000] {dag.py:4180} INFO - Setting next_dagrun for example_params_ui_tutorial to None, run_after=None
[2025-12-13T10:29:41.312+0000] {processor.py:208} INFO - Processing /home/airflow/.local/lib/python3.12/site-packages/airflow/example_dags/example_params_ui_tutorial.py took 0.241 seconds
[2025-12-13T10:30:11.818+0000] {processor.py:186} INFO - Started process (PID=1787) to work on /home/airflow/.local/lib/python3.12/site-packages/airflow/example_dags/example_params_ui_tutorial.py
[2025-12-13T10:30:11.819+0000] {processor.py:914} INFO - Processing file /home/airflow/.local/lib/python3.12/site-packages/airflow/example_dags/example_params_ui_tutorial.py for tasks to queue
[2025-12-13T10:30:11.823+0000] {logging_mixin.py:190} INFO - [2025-12-13T10:30:11.823+0000] {dagbag.py:588} INFO - Filling up the DagBag from /home/airflow/.local/lib/python3.12/site-packages/airflow/example_dags/example_params_ui_tutorial.py
[2025-12-13T10:30:11.852+0000] {processor.py:925} INFO - DAG(s) 'example_params_ui_tutorial' retrieved from /home/airflow/.local/lib/python3.12/site-packages/airflow/example_dags/example_params_ui_tutorial.py
[2025-12-13T10:30:12.017+0000] {logging_mixin.py:190} INFO - [2025-12-13T10:30:12.017+0000] {dag.py:3239} INFO - Sync 1 DAGs
[2025-12-13T10:30:12.065+0000] {logging_mixin.py:190} INFO - [2025-12-13T10:30:12.064+0000] {dag.py:4180} INFO - Setting next_dagrun for example_params_ui_tutorial to None, run_after=None
[2025-12-13T10:30:12.120+0000] {processor.py:208} INFO - Processing /home/airflow/.local/lib/python3.12/site-packages/airflow/example_dags/example_params_ui_tutorial.py took 0.313 seconds
[2025-12-13T10:30:42.452+0000] {processor.py:186} INFO - Started process (PID=1850) to work on /home/airflow/.local/lib/python3.12/site-packages/airflow/example_dags/example_params_ui_tutorial.py
[2025-12-13T10:30:42.454+0000] {processor.py:914} INFO - Processing file /home/airflow/.local/lib/python3.12/site-packages/airflow/example_dags/example_params_ui_tutorial.py for tasks to queue
[2025-12-13T10:30:42.459+0000] {logging_mixin.py:190} INFO - [2025-12-13T10:30:42.458+0000] {dagbag.py:588} INFO - Filling up the DagBag from /home/airflow/.local/lib/python3.12/site-packages/airflow/example_dags/example_params_ui_tutorial.py
[2025-12-13T10:30:42.477+0000] {processor.py:925} INFO - DAG(s) 'example_params_ui_tutorial' retrieved from /home/airflow/.local/lib/python3.12/site-packages/airflow/example_dags/example_params_ui_tutorial.py
[2025-12-13T10:30:42.601+0000] {logging_mixin.py:190} INFO - [2025-12-13T10:30:42.601+0000] {dag.py:3239} INFO - Sync 1 DAGs
[2025-12-13T10:30:42.635+0000] {logging_mixin.py:190} INFO - [2025-12-13T10:30:42.634+0000] {dag.py:4180} INFO - Setting next_dagrun for example_params_ui_tutorial to None, run_after=None
[2025-12-13T10:30:42.673+0000] {processor.py:208} INFO - Processing /home/airflow/.local/lib/python3.12/site-packages/airflow/example_dags/example_params_ui_tutorial.py took 0.235 seconds
[2025-12-13T10:31:13.020+0000] {processor.py:186} INFO - Started process (PID=1913) to work on /home/airflow/.local/lib/python3.12/site-packages/airflow/example_dags/example_params_ui_tutorial.py
[2025-12-13T10:31:13.021+0000] {processor.py:914} INFO - Processing file /home/airflow/.local/lib/python3.12/site-packages/airflow/example_dags/example_params_ui_tutorial.py for tasks to queue
[2025-12-13T10:31:13.025+0000] {logging_mixin.py:190} INFO - [2025-12-13T10:31:13.025+0000] {dagbag.py:588} INFO - Filling up the DagBag from /home/airflow/.local/lib/python3.12/site-packages/airflow/example_dags/example_params_ui_tutorial.py
[2025-12-13T10:31:13.040+0000] {processor.py:925} INFO - DAG(s) 'example_params_ui_tutorial' retrieved from /home/airflow/.local/lib/python3.12/site-packages/airflow/example_dags/example_params_ui_tutorial.py
[2025-12-13T10:31:13.132+0000] {logging_mixin.py:190} INFO - [2025-12-13T10:31:13.132+0000] {dag.py:3239} INFO - Sync 1 DAGs
[2025-12-13T10:31:13.166+0000] {logging_mixin.py:190} INFO - [2025-12-13T10:31:13.165+0000] {dag.py:4180} INFO - Setting next_dagrun for example_params_ui_tutorial to None, run_after=None
[2025-12-13T10:31:13.207+0000] {processor.py:208} INFO - Processing /home/airflow/.local/lib/python3.12/site-packages/airflow/example_dags/example_params_ui_tutorial.py took 0.198 seconds
[2025-12-13T10:31:44.004+0000] {processor.py:186} INFO - Started process (PID=1976) to work on /home/airflow/.local/lib/python3.12/site-packages/airflow/example_dags/example_params_ui_tutorial.py
[2025-12-13T10:31:44.005+0000] {processor.py:914} INFO - Processing file /home/airflow/.local/lib/python3.12/site-packages/airflow/example_dags/example_params_ui_tutorial.py for tasks to queue
[2025-12-13T10:31:44.008+0000] {logging_mixin.py:190} INFO - [2025-12-13T10:31:44.007+0000] {dagbag.py:588} INFO - Filling up the DagBag from /home/airflow/.local/lib/python3.12/site-packages/airflow/example_dags/example_params_ui_tutorial.py
[2025-12-13T10:31:44.023+0000] {processor.py:925} INFO - DAG(s) 'example_params_ui_tutorial' retrieved from /home/airflow/.local/lib/python3.12/site-packages/airflow/example_dags/example_params_ui_tutorial.py
[2025-12-13T10:31:44.125+0000] {logging_mixin.py:190} INFO - [2025-12-13T10:31:44.125+0000] {dag.py:3239} INFO - Sync 1 DAGs
[2025-12-13T10:31:44.157+0000] {logging_mixin.py:190} INFO - [2025-12-13T10:31:44.156+0000] {dag.py:4180} INFO - Setting next_dagrun for example_params_ui_tutorial to None, run_after=None
[2025-12-13T10:31:44.190+0000] {processor.py:208} INFO - Processing /home/airflow/.local/lib/python3.12/site-packages/airflow/example_dags/example_params_ui_tutorial.py took 0.197 seconds
[2025-12-13T10:32:14.494+0000] {processor.py:186} INFO - Started process (PID=2038) to work on /home/airflow/.local/lib/python3.12/site-packages/airflow/example_dags/example_params_ui_tutorial.py
[2025-12-13T10:32:14.496+0000] {processor.py:914} INFO - Processing file /home/airflow/.local/lib/python3.12/site-packages/airflow/example_dags/example_params_ui_tutorial.py for tasks to queue
[2025-12-13T10:32:14.502+0000] {logging_mixin.py:190} INFO - [2025-12-13T10:32:14.501+0000] {dagbag.py:588} INFO - Filling up the DagBag from /home/airflow/.local/lib/python3.12/site-packages/airflow/example_dags/example_params_ui_tutorial.py
[2025-12-13T10:32:14.522+0000] {processor.py:925} INFO - DAG(s) 'example_params_ui_tutorial' retrieved from /home/airflow/.local/lib/python3.12/site-packages/airflow/example_dags/example_params_ui_tutorial.py
[2025-12-13T10:32:14.690+0000] {logging_mixin.py:190} INFO - [2025-12-13T10:32:14.690+0000] {dag.py:3239} INFO - Sync 1 DAGs
[2025-12-13T10:32:14.743+0000] {logging_mixin.py:190} INFO - [2025-12-13T10:32:14.742+0000] {dag.py:4180} INFO - Setting next_dagrun for example_params_ui_tutorial to None, run_after=None
[2025-12-13T10:32:14.809+0000] {processor.py:208} INFO - Processing /home/airflow/.local/lib/python3.12/site-packages/airflow/example_dags/example_params_ui_tutorial.py took 0.328 seconds
[2025-12-13T10:32:45.365+0000] {processor.py:186} INFO - Started process (PID=2101) to work on /home/airflow/.local/lib/python3.12/site-packages/airflow/example_dags/example_params_ui_tutorial.py
[2025-12-13T10:32:45.371+0000] {processor.py:914} INFO - Processing file /home/airflow/.local/lib/python3.12/site-packages/airflow/example_dags/example_params_ui_tutorial.py for tasks to queue
[2025-12-13T10:32:45.382+0000] {logging_mixin.py:190} INFO - [2025-12-13T10:32:45.381+0000] {dagbag.py:588} INFO - Filling up the DagBag from /home/airflow/.local/lib/python3.12/site-packages/airflow/example_dags/example_params_ui_tutorial.py
[2025-12-13T10:32:45.414+0000] {processor.py:925} INFO - DAG(s) 'example_params_ui_tutorial' retrieved from /home/airflow/.local/lib/python3.12/site-packages/airflow/example_dags/example_params_ui_tutorial.py
[2025-12-13T10:32:45.597+0000] {logging_mixin.py:190} INFO - [2025-12-13T10:32:45.597+0000] {dag.py:3239} INFO - Sync 1 DAGs
[2025-12-13T10:32:45.644+0000] {logging_mixin.py:190} INFO - [2025-12-13T10:32:45.643+0000] {dag.py:4180} INFO - Setting next_dagrun for example_params_ui_tutorial to None, run_after=None
[2025-12-13T10:32:45.694+0000] {processor.py:208} INFO - Processing /home/airflow/.local/lib/python3.12/site-packages/airflow/example_dags/example_params_ui_tutorial.py took 0.360 seconds
[2025-12-13T10:33:16.076+0000] {processor.py:186} INFO - Started process (PID=2164) to work on /home/airflow/.local/lib/python3.12/site-packages/airflow/example_dags/example_params_ui_tutorial.py
[2025-12-13T10:33:16.077+0000] {processor.py:914} INFO - Processing file /home/airflow/.local/lib/python3.12/site-packages/airflow/example_dags/example_params_ui_tutorial.py for tasks to queue
[2025-12-13T10:33:16.082+0000] {logging_mixin.py:190} INFO - [2025-12-13T10:33:16.081+0000] {dagbag.py:588} INFO - Filling up the DagBag from /home/airflow/.local/lib/python3.12/site-packages/airflow/example_dags/example_params_ui_tutorial.py
[2025-12-13T10:33:16.104+0000] {processor.py:925} INFO - DAG(s) 'example_params_ui_tutorial' retrieved from /home/airflow/.local/lib/python3.12/site-packages/airflow/example_dags/example_params_ui_tutorial.py
[2025-12-13T10:33:16.218+0000] {logging_mixin.py:190} INFO - [2025-12-13T10:33:16.218+0000] {dag.py:3239} INFO - Sync 1 DAGs
[2025-12-13T10:33:16.254+0000] {logging_mixin.py:190} INFO - [2025-12-13T10:33:16.254+0000] {dag.py:4180} INFO - Setting next_dagrun for example_params_ui_tutorial to None, run_after=None
[2025-12-13T10:33:16.294+0000] {processor.py:208} INFO - Processing /home/airflow/.local/lib/python3.12/site-packages/airflow/example_dags/example_params_ui_tutorial.py took 0.231 seconds
[2025-12-13T10:33:46.370+0000] {processor.py:186} INFO - Started process (PID=2226) to work on /home/airflow/.local/lib/python3.12/site-packages/airflow/example_dags/example_params_ui_tutorial.py
[2025-12-13T10:33:46.373+0000] {processor.py:914} INFO - Processing file /home/airflow/.local/lib/python3.12/site-packages/airflow/example_dags/example_params_ui_tutorial.py for tasks to queue
[2025-12-13T10:33:46.376+0000] {logging_mixin.py:190} INFO - [2025-12-13T10:33:46.376+0000] {dagbag.py:588} INFO - Filling up the DagBag from /home/airflow/.local/lib/python3.12/site-packages/airflow/example_dags/example_params_ui_tutorial.py
[2025-12-13T10:33:46.391+0000] {processor.py:925} INFO - DAG(s) 'example_params_ui_tutorial' retrieved from /home/airflow/.local/lib/python3.12/site-packages/airflow/example_dags/example_params_ui_tutorial.py
[2025-12-13T10:33:46.468+0000] {logging_mixin.py:190} INFO - [2025-12-13T10:33:46.468+0000] {dag.py:3239} INFO - Sync 1 DAGs
[2025-12-13T10:33:46.491+0000] {logging_mixin.py:190} INFO - [2025-12-13T10:33:46.491+0000] {dag.py:4180} INFO - Setting next_dagrun for example_params_ui_tutorial to None, run_after=None
[2025-12-13T10:33:46.522+0000] {processor.py:208} INFO - Processing /home/airflow/.local/lib/python3.12/site-packages/airflow/example_dags/example_params_ui_tutorial.py took 0.164 seconds
[2025-12-13T10:34:16.980+0000] {processor.py:186} INFO - Started process (PID=2290) to work on /home/airflow/.local/lib/python3.12/site-packages/airflow/example_dags/example_params_ui_tutorial.py
[2025-12-13T10:34:16.982+0000] {processor.py:914} INFO - Processing file /home/airflow/.local/lib/python3.12/site-packages/airflow/example_dags/example_params_ui_tutorial.py for tasks to queue
[2025-12-13T10:34:16.988+0000] {logging_mixin.py:190} INFO - [2025-12-13T10:34:16.987+0000] {dagbag.py:588} INFO - Filling up the DagBag from /home/airflow/.local/lib/python3.12/site-packages/airflow/example_dags/example_params_ui_tutorial.py
[2025-12-13T10:34:17.012+0000] {processor.py:925} INFO - DAG(s) 'example_params_ui_tutorial' retrieved from /home/airflow/.local/lib/python3.12/site-packages/airflow/example_dags/example_params_ui_tutorial.py
[2025-12-13T10:34:17.127+0000] {logging_mixin.py:190} INFO - [2025-12-13T10:34:17.126+0000] {dag.py:3239} INFO - Sync 1 DAGs
[2025-12-13T10:34:17.158+0000] {logging_mixin.py:190} INFO - [2025-12-13T10:34:17.157+0000] {dag.py:4180} INFO - Setting next_dagrun for example_params_ui_tutorial to None, run_after=None
[2025-12-13T10:34:17.188+0000] {processor.py:208} INFO - Processing /home/airflow/.local/lib/python3.12/site-packages/airflow/example_dags/example_params_ui_tutorial.py took 0.219 seconds
[2025-12-13T10:34:47.513+0000] {processor.py:186} INFO - Started process (PID=2359) to work on /home/airflow/.local/lib/python3.12/site-packages/airflow/example_dags/example_params_ui_tutorial.py
[2025-12-13T10:34:47.515+0000] {processor.py:914} INFO - Processing file /home/airflow/.local/lib/python3.12/site-packages/airflow/example_dags/example_params_ui_tutorial.py for tasks to queue
[2025-12-13T10:34:47.520+0000] {logging_mixin.py:190} INFO - [2025-12-13T10:34:47.519+0000] {dagbag.py:588} INFO - Filling up the DagBag from /home/airflow/.local/lib/python3.12/site-packages/airflow/example_dags/example_params_ui_tutorial.py
[2025-12-13T10:34:47.540+0000] {processor.py:925} INFO - DAG(s) 'example_params_ui_tutorial' retrieved from /home/airflow/.local/lib/python3.12/site-packages/airflow/example_dags/example_params_ui_tutorial.py
[2025-12-13T10:34:47.703+0000] {logging_mixin.py:190} INFO - [2025-12-13T10:34:47.702+0000] {dag.py:3239} INFO - Sync 1 DAGs
[2025-12-13T10:34:47.748+0000] {logging_mixin.py:190} INFO - [2025-12-13T10:34:47.747+0000] {dag.py:4180} INFO - Setting next_dagrun for example_params_ui_tutorial to None, run_after=None
[2025-12-13T10:34:47.794+0000] {processor.py:208} INFO - Processing /home/airflow/.local/lib/python3.12/site-packages/airflow/example_dags/example_params_ui_tutorial.py took 0.293 seconds
[2025-12-13T10:35:18.267+0000] {processor.py:186} INFO - Started process (PID=2422) to work on /home/airflow/.local/lib/python3.12/site-packages/airflow/example_dags/example_params_ui_tutorial.py
[2025-12-13T10:35:18.268+0000] {processor.py:914} INFO - Processing file /home/airflow/.local/lib/python3.12/site-packages/airflow/example_dags/example_params_ui_tutorial.py for tasks to queue
[2025-12-13T10:35:18.273+0000] {logging_mixin.py:190} INFO - [2025-12-13T10:35:18.273+0000] {dagbag.py:588} INFO - Filling up the DagBag from /home/airflow/.local/lib/python3.12/site-packages/airflow/example_dags/example_params_ui_tutorial.py
[2025-12-13T10:35:18.294+0000] {processor.py:925} INFO - DAG(s) 'example_params_ui_tutorial' retrieved from /home/airflow/.local/lib/python3.12/site-packages/airflow/example_dags/example_params_ui_tutorial.py
[2025-12-13T10:35:18.413+0000] {logging_mixin.py:190} INFO - [2025-12-13T10:35:18.413+0000] {dag.py:3239} INFO - Sync 1 DAGs
[2025-12-13T10:35:18.448+0000] {logging_mixin.py:190} INFO - [2025-12-13T10:35:18.447+0000] {dag.py:4180} INFO - Setting next_dagrun for example_params_ui_tutorial to None, run_after=None
[2025-12-13T10:35:18.486+0000] {processor.py:208} INFO - Processing /home/airflow/.local/lib/python3.12/site-packages/airflow/example_dags/example_params_ui_tutorial.py took 0.231 seconds
[2025-12-13T10:35:49.346+0000] {processor.py:186} INFO - Started process (PID=2485) to work on /home/airflow/.local/lib/python3.12/site-packages/airflow/example_dags/example_params_ui_tutorial.py
[2025-12-13T10:35:49.350+0000] {processor.py:914} INFO - Processing file /home/airflow/.local/lib/python3.12/site-packages/airflow/example_dags/example_params_ui_tutorial.py for tasks to queue
[2025-12-13T10:35:49.356+0000] {logging_mixin.py:190} INFO - [2025-12-13T10:35:49.355+0000] {dagbag.py:588} INFO - Filling up the DagBag from /home/airflow/.local/lib/python3.12/site-packages/airflow/example_dags/example_params_ui_tutorial.py
[2025-12-13T10:35:49.382+0000] {processor.py:925} INFO - DAG(s) 'example_params_ui_tutorial' retrieved from /home/airflow/.local/lib/python3.12/site-packages/airflow/example_dags/example_params_ui_tutorial.py
[2025-12-13T10:35:49.568+0000] {logging_mixin.py:190} INFO - [2025-12-13T10:35:49.567+0000] {dag.py:3239} INFO - Sync 1 DAGs
[2025-12-13T10:35:49.634+0000] {logging_mixin.py:190} INFO - [2025-12-13T10:35:49.634+0000] {dag.py:4180} INFO - Setting next_dagrun for example_params_ui_tutorial to None, run_after=None
[2025-12-13T10:35:49.725+0000] {processor.py:208} INFO - Processing /home/airflow/.local/lib/python3.12/site-packages/airflow/example_dags/example_params_ui_tutorial.py took 0.418 seconds
[2025-12-13T10:36:19.935+0000] {processor.py:186} INFO - Started process (PID=2548) to work on /home/airflow/.local/lib/python3.12/site-packages/airflow/example_dags/example_params_ui_tutorial.py
[2025-12-13T10:36:19.937+0000] {processor.py:914} INFO - Processing file /home/airflow/.local/lib/python3.12/site-packages/airflow/example_dags/example_params_ui_tutorial.py for tasks to queue
[2025-12-13T10:36:19.941+0000] {logging_mixin.py:190} INFO - [2025-12-13T10:36:19.940+0000] {dagbag.py:588} INFO - Filling up the DagBag from /home/airflow/.local/lib/python3.12/site-packages/airflow/example_dags/example_params_ui_tutorial.py
[2025-12-13T10:36:19.960+0000] {processor.py:925} INFO - DAG(s) 'example_params_ui_tutorial' retrieved from /home/airflow/.local/lib/python3.12/site-packages/airflow/example_dags/example_params_ui_tutorial.py
[2025-12-13T10:36:20.029+0000] {logging_mixin.py:190} INFO - [2025-12-13T10:36:20.029+0000] {dag.py:3239} INFO - Sync 1 DAGs
[2025-12-13T10:36:20.056+0000] {logging_mixin.py:190} INFO - [2025-12-13T10:36:20.055+0000] {dag.py:4180} INFO - Setting next_dagrun for example_params_ui_tutorial to None, run_after=None
[2025-12-13T10:36:20.085+0000] {processor.py:208} INFO - Processing /home/airflow/.local/lib/python3.12/site-packages/airflow/example_dags/example_params_ui_tutorial.py took 0.162 seconds
[2025-12-13T10:36:51.082+0000] {processor.py:186} INFO - Started process (PID=2611) to work on /home/airflow/.local/lib/python3.12/site-packages/airflow/example_dags/example_params_ui_tutorial.py
[2025-12-13T10:36:51.086+0000] {processor.py:914} INFO - Processing file /home/airflow/.local/lib/python3.12/site-packages/airflow/example_dags/example_params_ui_tutorial.py for tasks to queue
[2025-12-13T10:36:51.091+0000] {logging_mixin.py:190} INFO - [2025-12-13T10:36:51.090+0000] {dagbag.py:588} INFO - Filling up the DagBag from /home/airflow/.local/lib/python3.12/site-packages/airflow/example_dags/example_params_ui_tutorial.py
[2025-12-13T10:36:51.117+0000] {processor.py:925} INFO - DAG(s) 'example_params_ui_tutorial' retrieved from /home/airflow/.local/lib/python3.12/site-packages/airflow/example_dags/example_params_ui_tutorial.py
[2025-12-13T10:36:51.241+0000] {logging_mixin.py:190} INFO - [2025-12-13T10:36:51.240+0000] {dag.py:3239} INFO - Sync 1 DAGs
[2025-12-13T10:36:51.272+0000] {logging_mixin.py:190} INFO - [2025-12-13T10:36:51.272+0000] {dag.py:4180} INFO - Setting next_dagrun for example_params_ui_tutorial to None, run_after=None
[2025-12-13T10:36:51.315+0000] {processor.py:208} INFO - Processing /home/airflow/.local/lib/python3.12/site-packages/airflow/example_dags/example_params_ui_tutorial.py took 0.249 seconds
[2025-12-13T10:37:21.745+0000] {processor.py:186} INFO - Started process (PID=2673) to work on /home/airflow/.local/lib/python3.12/site-packages/airflow/example_dags/example_params_ui_tutorial.py
[2025-12-13T10:37:21.747+0000] {processor.py:914} INFO - Processing file /home/airflow/.local/lib/python3.12/site-packages/airflow/example_dags/example_params_ui_tutorial.py for tasks to queue
[2025-12-13T10:37:21.751+0000] {logging_mixin.py:190} INFO - [2025-12-13T10:37:21.750+0000] {dagbag.py:588} INFO - Filling up the DagBag from /home/airflow/.local/lib/python3.12/site-packages/airflow/example_dags/example_params_ui_tutorial.py
[2025-12-13T10:37:21.778+0000] {processor.py:925} INFO - DAG(s) 'example_params_ui_tutorial' retrieved from /home/airflow/.local/lib/python3.12/site-packages/airflow/example_dags/example_params_ui_tutorial.py
[2025-12-13T10:37:21.931+0000] {logging_mixin.py:190} INFO - [2025-12-13T10:37:21.931+0000] {dag.py:3239} INFO - Sync 1 DAGs
[2025-12-13T10:37:21.979+0000] {logging_mixin.py:190} INFO - [2025-12-13T10:37:21.978+0000] {dag.py:4180} INFO - Setting next_dagrun for example_params_ui_tutorial to None, run_after=None
[2025-12-13T10:37:22.033+0000] {processor.py:208} INFO - Processing /home/airflow/.local/lib/python3.12/site-packages/airflow/example_dags/example_params_ui_tutorial.py took 0.317 seconds
[2025-12-13T10:37:52.433+0000] {processor.py:186} INFO - Started process (PID=2735) to work on /home/airflow/.local/lib/python3.12/site-packages/airflow/example_dags/example_params_ui_tutorial.py
[2025-12-13T10:37:52.439+0000] {processor.py:914} INFO - Processing file /home/airflow/.local/lib/python3.12/site-packages/airflow/example_dags/example_params_ui_tutorial.py for tasks to queue
[2025-12-13T10:37:52.449+0000] {logging_mixin.py:190} INFO - [2025-12-13T10:37:52.448+0000] {dagbag.py:588} INFO - Filling up the DagBag from /home/airflow/.local/lib/python3.12/site-packages/airflow/example_dags/example_params_ui_tutorial.py
[2025-12-13T10:37:52.502+0000] {processor.py:925} INFO - DAG(s) 'example_params_ui_tutorial' retrieved from /home/airflow/.local/lib/python3.12/site-packages/airflow/example_dags/example_params_ui_tutorial.py
[2025-12-13T10:37:52.656+0000] {logging_mixin.py:190} INFO - [2025-12-13T10:37:52.656+0000] {dag.py:3239} INFO - Sync 1 DAGs
[2025-12-13T10:37:52.702+0000] {logging_mixin.py:190} INFO - [2025-12-13T10:37:52.702+0000] {dag.py:4180} INFO - Setting next_dagrun for example_params_ui_tutorial to None, run_after=None
[2025-12-13T10:37:52.750+0000] {processor.py:208} INFO - Processing /home/airflow/.local/lib/python3.12/site-packages/airflow/example_dags/example_params_ui_tutorial.py took 0.331 seconds
[2025-12-13T10:38:24.214+0000] {processor.py:186} INFO - Started process (PID=2798) to work on /home/airflow/.local/lib/python3.12/site-packages/airflow/example_dags/example_params_ui_tutorial.py
[2025-12-13T10:38:24.216+0000] {processor.py:914} INFO - Processing file /home/airflow/.local/lib/python3.12/site-packages/airflow/example_dags/example_params_ui_tutorial.py for tasks to queue
[2025-12-13T10:38:24.234+0000] {logging_mixin.py:190} INFO - [2025-12-13T10:38:24.233+0000] {dagbag.py:588} INFO - Filling up the DagBag from /home/airflow/.local/lib/python3.12/site-packages/airflow/example_dags/example_params_ui_tutorial.py
[2025-12-13T10:38:24.320+0000] {processor.py:925} INFO - DAG(s) 'example_params_ui_tutorial' retrieved from /home/airflow/.local/lib/python3.12/site-packages/airflow/example_dags/example_params_ui_tutorial.py
[2025-12-13T10:38:24.573+0000] {logging_mixin.py:190} INFO - [2025-12-13T10:38:24.573+0000] {dag.py:3239} INFO - Sync 1 DAGs
[2025-12-13T10:38:24.609+0000] {logging_mixin.py:190} INFO - [2025-12-13T10:38:24.608+0000] {dag.py:4180} INFO - Setting next_dagrun for example_params_ui_tutorial to None, run_after=None
[2025-12-13T10:38:24.670+0000] {processor.py:208} INFO - Processing /home/airflow/.local/lib/python3.12/site-packages/airflow/example_dags/example_params_ui_tutorial.py took 0.506 seconds
[2025-12-13T10:38:54.983+0000] {processor.py:186} INFO - Started process (PID=2860) to work on /home/airflow/.local/lib/python3.12/site-packages/airflow/example_dags/example_params_ui_tutorial.py
[2025-12-13T10:38:54.985+0000] {processor.py:914} INFO - Processing file /home/airflow/.local/lib/python3.12/site-packages/airflow/example_dags/example_params_ui_tutorial.py for tasks to queue
[2025-12-13T10:38:54.990+0000] {logging_mixin.py:190} INFO - [2025-12-13T10:38:54.989+0000] {dagbag.py:588} INFO - Filling up the DagBag from /home/airflow/.local/lib/python3.12/site-packages/airflow/example_dags/example_params_ui_tutorial.py
[2025-12-13T10:38:55.015+0000] {processor.py:925} INFO - DAG(s) 'example_params_ui_tutorial' retrieved from /home/airflow/.local/lib/python3.12/site-packages/airflow/example_dags/example_params_ui_tutorial.py
[2025-12-13T10:38:55.108+0000] {logging_mixin.py:190} INFO - [2025-12-13T10:38:55.107+0000] {dag.py:3239} INFO - Sync 1 DAGs
[2025-12-13T10:38:55.145+0000] {logging_mixin.py:190} INFO - [2025-12-13T10:38:55.144+0000] {dag.py:4180} INFO - Setting next_dagrun for example_params_ui_tutorial to None, run_after=None
[2025-12-13T10:38:55.201+0000] {processor.py:208} INFO - Processing /home/airflow/.local/lib/python3.12/site-packages/airflow/example_dags/example_params_ui_tutorial.py took 0.230 seconds
[2025-12-13T10:39:26.065+0000] {processor.py:186} INFO - Started process (PID=2925) to work on /home/airflow/.local/lib/python3.12/site-packages/airflow/example_dags/example_params_ui_tutorial.py
[2025-12-13T10:39:26.067+0000] {processor.py:914} INFO - Processing file /home/airflow/.local/lib/python3.12/site-packages/airflow/example_dags/example_params_ui_tutorial.py for tasks to queue
[2025-12-13T10:39:26.073+0000] {logging_mixin.py:190} INFO - [2025-12-13T10:39:26.073+0000] {dagbag.py:588} INFO - Filling up the DagBag from /home/airflow/.local/lib/python3.12/site-packages/airflow/example_dags/example_params_ui_tutorial.py
[2025-12-13T10:39:26.097+0000] {processor.py:925} INFO - DAG(s) 'example_params_ui_tutorial' retrieved from /home/airflow/.local/lib/python3.12/site-packages/airflow/example_dags/example_params_ui_tutorial.py
[2025-12-13T10:39:26.190+0000] {logging_mixin.py:190} INFO - [2025-12-13T10:39:26.190+0000] {dag.py:3239} INFO - Sync 1 DAGs
[2025-12-13T10:39:26.216+0000] {logging_mixin.py:190} INFO - [2025-12-13T10:39:26.216+0000] {dag.py:4180} INFO - Setting next_dagrun for example_params_ui_tutorial to None, run_after=None
[2025-12-13T10:39:26.242+0000] {processor.py:208} INFO - Processing /home/airflow/.local/lib/python3.12/site-packages/airflow/example_dags/example_params_ui_tutorial.py took 0.193 seconds
[2025-12-13T10:39:56.634+0000] {processor.py:186} INFO - Started process (PID=2988) to work on /home/airflow/.local/lib/python3.12/site-packages/airflow/example_dags/example_params_ui_tutorial.py
[2025-12-13T10:39:56.636+0000] {processor.py:914} INFO - Processing file /home/airflow/.local/lib/python3.12/site-packages/airflow/example_dags/example_params_ui_tutorial.py for tasks to queue
[2025-12-13T10:39:56.644+0000] {logging_mixin.py:190} INFO - [2025-12-13T10:39:56.643+0000] {dagbag.py:588} INFO - Filling up the DagBag from /home/airflow/.local/lib/python3.12/site-packages/airflow/example_dags/example_params_ui_tutorial.py
[2025-12-13T10:39:56.661+0000] {processor.py:925} INFO - DAG(s) 'example_params_ui_tutorial' retrieved from /home/airflow/.local/lib/python3.12/site-packages/airflow/example_dags/example_params_ui_tutorial.py
[2025-12-13T10:39:56.752+0000] {logging_mixin.py:190} INFO - [2025-12-13T10:39:56.751+0000] {dag.py:3239} INFO - Sync 1 DAGs
[2025-12-13T10:39:57.048+0000] {logging_mixin.py:190} INFO - [2025-12-13T10:39:57.047+0000] {dag.py:4180} INFO - Setting next_dagrun for example_params_ui_tutorial to None, run_after=None
[2025-12-13T10:39:57.073+0000] {processor.py:208} INFO - Processing /home/airflow/.local/lib/python3.12/site-packages/airflow/example_dags/example_params_ui_tutorial.py took 0.458 seconds
[2025-12-13T10:40:27.366+0000] {processor.py:186} INFO - Started process (PID=3051) to work on /home/airflow/.local/lib/python3.12/site-packages/airflow/example_dags/example_params_ui_tutorial.py
[2025-12-13T10:40:27.368+0000] {processor.py:914} INFO - Processing file /home/airflow/.local/lib/python3.12/site-packages/airflow/example_dags/example_params_ui_tutorial.py for tasks to queue
[2025-12-13T10:40:27.372+0000] {logging_mixin.py:190} INFO - [2025-12-13T10:40:27.371+0000] {dagbag.py:588} INFO - Filling up the DagBag from /home/airflow/.local/lib/python3.12/site-packages/airflow/example_dags/example_params_ui_tutorial.py
[2025-12-13T10:40:27.389+0000] {processor.py:925} INFO - DAG(s) 'example_params_ui_tutorial' retrieved from /home/airflow/.local/lib/python3.12/site-packages/airflow/example_dags/example_params_ui_tutorial.py
[2025-12-13T10:40:27.478+0000] {logging_mixin.py:190} INFO - [2025-12-13T10:40:27.478+0000] {dag.py:3239} INFO - Sync 1 DAGs
[2025-12-13T10:40:27.769+0000] {logging_mixin.py:190} INFO - [2025-12-13T10:40:27.768+0000] {dag.py:4180} INFO - Setting next_dagrun for example_params_ui_tutorial to None, run_after=None
[2025-12-13T10:40:27.800+0000] {processor.py:208} INFO - Processing /home/airflow/.local/lib/python3.12/site-packages/airflow/example_dags/example_params_ui_tutorial.py took 0.448 seconds
[2025-12-13T10:40:57.988+0000] {processor.py:186} INFO - Started process (PID=3114) to work on /home/airflow/.local/lib/python3.12/site-packages/airflow/example_dags/example_params_ui_tutorial.py
[2025-12-13T10:40:57.993+0000] {processor.py:914} INFO - Processing file /home/airflow/.local/lib/python3.12/site-packages/airflow/example_dags/example_params_ui_tutorial.py for tasks to queue
[2025-12-13T10:40:58.002+0000] {logging_mixin.py:190} INFO - [2025-12-13T10:40:58.002+0000] {dagbag.py:588} INFO - Filling up the DagBag from /home/airflow/.local/lib/python3.12/site-packages/airflow/example_dags/example_params_ui_tutorial.py
[2025-12-13T10:40:58.027+0000] {processor.py:925} INFO - DAG(s) 'example_params_ui_tutorial' retrieved from /home/airflow/.local/lib/python3.12/site-packages/airflow/example_dags/example_params_ui_tutorial.py
[2025-12-13T10:40:58.152+0000] {logging_mixin.py:190} INFO - [2025-12-13T10:40:58.152+0000] {dag.py:3239} INFO - Sync 1 DAGs
[2025-12-13T10:40:58.185+0000] {logging_mixin.py:190} INFO - [2025-12-13T10:40:58.184+0000] {dag.py:4180} INFO - Setting next_dagrun for example_params_ui_tutorial to None, run_after=None
[2025-12-13T10:40:58.223+0000] {processor.py:208} INFO - Processing /home/airflow/.local/lib/python3.12/site-packages/airflow/example_dags/example_params_ui_tutorial.py took 0.248 seconds
[2025-12-13T10:41:29.546+0000] {processor.py:186} INFO - Started process (PID=3177) to work on /home/airflow/.local/lib/python3.12/site-packages/airflow/example_dags/example_params_ui_tutorial.py
[2025-12-13T10:41:29.548+0000] {processor.py:914} INFO - Processing file /home/airflow/.local/lib/python3.12/site-packages/airflow/example_dags/example_params_ui_tutorial.py for tasks to queue
[2025-12-13T10:41:29.552+0000] {logging_mixin.py:190} INFO - [2025-12-13T10:41:29.551+0000] {dagbag.py:588} INFO - Filling up the DagBag from /home/airflow/.local/lib/python3.12/site-packages/airflow/example_dags/example_params_ui_tutorial.py
[2025-12-13T10:41:29.570+0000] {processor.py:925} INFO - DAG(s) 'example_params_ui_tutorial' retrieved from /home/airflow/.local/lib/python3.12/site-packages/airflow/example_dags/example_params_ui_tutorial.py
[2025-12-13T10:41:29.673+0000] {logging_mixin.py:190} INFO - [2025-12-13T10:41:29.672+0000] {dag.py:3239} INFO - Sync 1 DAGs
[2025-12-13T10:41:29.703+0000] {logging_mixin.py:190} INFO - [2025-12-13T10:41:29.703+0000] {dag.py:4180} INFO - Setting next_dagrun for example_params_ui_tutorial to None, run_after=None
[2025-12-13T10:41:29.736+0000] {processor.py:208} INFO - Processing /home/airflow/.local/lib/python3.12/site-packages/airflow/example_dags/example_params_ui_tutorial.py took 0.203 seconds
[2025-12-13T10:42:00.262+0000] {processor.py:186} INFO - Started process (PID=3239) to work on /home/airflow/.local/lib/python3.12/site-packages/airflow/example_dags/example_params_ui_tutorial.py
[2025-12-13T10:42:00.264+0000] {processor.py:914} INFO - Processing file /home/airflow/.local/lib/python3.12/site-packages/airflow/example_dags/example_params_ui_tutorial.py for tasks to queue
[2025-12-13T10:42:00.271+0000] {logging_mixin.py:190} INFO - [2025-12-13T10:42:00.270+0000] {dagbag.py:588} INFO - Filling up the DagBag from /home/airflow/.local/lib/python3.12/site-packages/airflow/example_dags/example_params_ui_tutorial.py
[2025-12-13T10:42:00.299+0000] {processor.py:925} INFO - DAG(s) 'example_params_ui_tutorial' retrieved from /home/airflow/.local/lib/python3.12/site-packages/airflow/example_dags/example_params_ui_tutorial.py
[2025-12-13T10:42:00.401+0000] {logging_mixin.py:190} INFO - [2025-12-13T10:42:00.401+0000] {dag.py:3239} INFO - Sync 1 DAGs
[2025-12-13T10:42:00.438+0000] {logging_mixin.py:190} INFO - [2025-12-13T10:42:00.437+0000] {dag.py:4180} INFO - Setting next_dagrun for example_params_ui_tutorial to None, run_after=None
[2025-12-13T10:42:00.492+0000] {processor.py:208} INFO - Processing /home/airflow/.local/lib/python3.12/site-packages/airflow/example_dags/example_params_ui_tutorial.py took 0.247 seconds
[2025-12-13T10:42:31.353+0000] {processor.py:186} INFO - Started process (PID=3302) to work on /home/airflow/.local/lib/python3.12/site-packages/airflow/example_dags/example_params_ui_tutorial.py
[2025-12-13T10:42:31.354+0000] {processor.py:914} INFO - Processing file /home/airflow/.local/lib/python3.12/site-packages/airflow/example_dags/example_params_ui_tutorial.py for tasks to queue
[2025-12-13T10:42:31.359+0000] {logging_mixin.py:190} INFO - [2025-12-13T10:42:31.358+0000] {dagbag.py:588} INFO - Filling up the DagBag from /home/airflow/.local/lib/python3.12/site-packages/airflow/example_dags/example_params_ui_tutorial.py
[2025-12-13T10:42:31.381+0000] {processor.py:925} INFO - DAG(s) 'example_params_ui_tutorial' retrieved from /home/airflow/.local/lib/python3.12/site-packages/airflow/example_dags/example_params_ui_tutorial.py
[2025-12-13T10:42:31.500+0000] {logging_mixin.py:190} INFO - [2025-12-13T10:42:31.500+0000] {dag.py:3239} INFO - Sync 1 DAGs
[2025-12-13T10:42:31.538+0000] {logging_mixin.py:190} INFO - [2025-12-13T10:42:31.537+0000] {dag.py:4180} INFO - Setting next_dagrun for example_params_ui_tutorial to None, run_after=None
[2025-12-13T10:42:31.593+0000] {processor.py:208} INFO - Processing /home/airflow/.local/lib/python3.12/site-packages/airflow/example_dags/example_params_ui_tutorial.py took 0.254 seconds
[2025-12-13T10:43:01.979+0000] {processor.py:186} INFO - Started process (PID=3365) to work on /home/airflow/.local/lib/python3.12/site-packages/airflow/example_dags/example_params_ui_tutorial.py
[2025-12-13T10:43:01.984+0000] {processor.py:914} INFO - Processing file /home/airflow/.local/lib/python3.12/site-packages/airflow/example_dags/example_params_ui_tutorial.py for tasks to queue
[2025-12-13T10:43:01.988+0000] {logging_mixin.py:190} INFO - [2025-12-13T10:43:01.988+0000] {dagbag.py:588} INFO - Filling up the DagBag from /home/airflow/.local/lib/python3.12/site-packages/airflow/example_dags/example_params_ui_tutorial.py
[2025-12-13T10:43:02.010+0000] {processor.py:925} INFO - DAG(s) 'example_params_ui_tutorial' retrieved from /home/airflow/.local/lib/python3.12/site-packages/airflow/example_dags/example_params_ui_tutorial.py
[2025-12-13T10:43:02.130+0000] {logging_mixin.py:190} INFO - [2025-12-13T10:43:02.129+0000] {dag.py:3239} INFO - Sync 1 DAGs
[2025-12-13T10:43:02.164+0000] {logging_mixin.py:190} INFO - [2025-12-13T10:43:02.164+0000] {dag.py:4180} INFO - Setting next_dagrun for example_params_ui_tutorial to None, run_after=None
[2025-12-13T10:43:02.200+0000] {processor.py:208} INFO - Processing /home/airflow/.local/lib/python3.12/site-packages/airflow/example_dags/example_params_ui_tutorial.py took 0.235 seconds
[2025-12-13T10:43:32.687+0000] {processor.py:186} INFO - Started process (PID=3428) to work on /home/airflow/.local/lib/python3.12/site-packages/airflow/example_dags/example_params_ui_tutorial.py
[2025-12-13T10:43:32.689+0000] {processor.py:914} INFO - Processing file /home/airflow/.local/lib/python3.12/site-packages/airflow/example_dags/example_params_ui_tutorial.py for tasks to queue
[2025-12-13T10:43:32.699+0000] {logging_mixin.py:190} INFO - [2025-12-13T10:43:32.698+0000] {dagbag.py:588} INFO - Filling up the DagBag from /home/airflow/.local/lib/python3.12/site-packages/airflow/example_dags/example_params_ui_tutorial.py
[2025-12-13T10:43:32.721+0000] {processor.py:925} INFO - DAG(s) 'example_params_ui_tutorial' retrieved from /home/airflow/.local/lib/python3.12/site-packages/airflow/example_dags/example_params_ui_tutorial.py
[2025-12-13T10:43:32.857+0000] {logging_mixin.py:190} INFO - [2025-12-13T10:43:32.857+0000] {dag.py:3239} INFO - Sync 1 DAGs
[2025-12-13T10:43:32.888+0000] {logging_mixin.py:190} INFO - [2025-12-13T10:43:32.888+0000] {dag.py:4180} INFO - Setting next_dagrun for example_params_ui_tutorial to None, run_after=None
[2025-12-13T10:43:32.936+0000] {processor.py:208} INFO - Processing /home/airflow/.local/lib/python3.12/site-packages/airflow/example_dags/example_params_ui_tutorial.py took 0.274 seconds
[2025-12-13T10:44:03.264+0000] {processor.py:186} INFO - Started process (PID=3490) to work on /home/airflow/.local/lib/python3.12/site-packages/airflow/example_dags/example_params_ui_tutorial.py
[2025-12-13T10:44:03.265+0000] {processor.py:914} INFO - Processing file /home/airflow/.local/lib/python3.12/site-packages/airflow/example_dags/example_params_ui_tutorial.py for tasks to queue
[2025-12-13T10:44:03.269+0000] {logging_mixin.py:190} INFO - [2025-12-13T10:44:03.268+0000] {dagbag.py:588} INFO - Filling up the DagBag from /home/airflow/.local/lib/python3.12/site-packages/airflow/example_dags/example_params_ui_tutorial.py
[2025-12-13T10:44:03.285+0000] {processor.py:925} INFO - DAG(s) 'example_params_ui_tutorial' retrieved from /home/airflow/.local/lib/python3.12/site-packages/airflow/example_dags/example_params_ui_tutorial.py
[2025-12-13T10:44:03.365+0000] {logging_mixin.py:190} INFO - [2025-12-13T10:44:03.364+0000] {dag.py:3239} INFO - Sync 1 DAGs
[2025-12-13T10:44:03.387+0000] {logging_mixin.py:190} INFO - [2025-12-13T10:44:03.386+0000] {dag.py:4180} INFO - Setting next_dagrun for example_params_ui_tutorial to None, run_after=None
[2025-12-13T10:44:03.413+0000] {processor.py:208} INFO - Processing /home/airflow/.local/lib/python3.12/site-packages/airflow/example_dags/example_params_ui_tutorial.py took 0.159 seconds
[2025-12-13T10:44:35.341+0000] {processor.py:186} INFO - Started process (PID=3554) to work on /home/airflow/.local/lib/python3.12/site-packages/airflow/example_dags/example_params_ui_tutorial.py
[2025-12-13T10:44:35.347+0000] {processor.py:914} INFO - Processing file /home/airflow/.local/lib/python3.12/site-packages/airflow/example_dags/example_params_ui_tutorial.py for tasks to queue
[2025-12-13T10:44:35.362+0000] {logging_mixin.py:190} INFO - [2025-12-13T10:44:35.360+0000] {dagbag.py:588} INFO - Filling up the DagBag from /home/airflow/.local/lib/python3.12/site-packages/airflow/example_dags/example_params_ui_tutorial.py
[2025-12-13T10:44:35.468+0000] {processor.py:925} INFO - DAG(s) 'example_params_ui_tutorial' retrieved from /home/airflow/.local/lib/python3.12/site-packages/airflow/example_dags/example_params_ui_tutorial.py
[2025-12-13T10:44:35.793+0000] {logging_mixin.py:190} INFO - [2025-12-13T10:44:35.792+0000] {dag.py:3239} INFO - Sync 1 DAGs
[2025-12-13T10:44:35.887+0000] {logging_mixin.py:190} INFO - [2025-12-13T10:44:35.886+0000] {dag.py:4180} INFO - Setting next_dagrun for example_params_ui_tutorial to None, run_after=None
[2025-12-13T10:44:36.025+0000] {processor.py:208} INFO - Processing /home/airflow/.local/lib/python3.12/site-packages/airflow/example_dags/example_params_ui_tutorial.py took 0.718 seconds
[2025-12-13T10:45:06.450+0000] {processor.py:186} INFO - Started process (PID=3617) to work on /home/airflow/.local/lib/python3.12/site-packages/airflow/example_dags/example_params_ui_tutorial.py
[2025-12-13T10:45:06.451+0000] {processor.py:914} INFO - Processing file /home/airflow/.local/lib/python3.12/site-packages/airflow/example_dags/example_params_ui_tutorial.py for tasks to queue
[2025-12-13T10:45:06.454+0000] {logging_mixin.py:190} INFO - [2025-12-13T10:45:06.454+0000] {dagbag.py:588} INFO - Filling up the DagBag from /home/airflow/.local/lib/python3.12/site-packages/airflow/example_dags/example_params_ui_tutorial.py
[2025-12-13T10:45:06.470+0000] {processor.py:925} INFO - DAG(s) 'example_params_ui_tutorial' retrieved from /home/airflow/.local/lib/python3.12/site-packages/airflow/example_dags/example_params_ui_tutorial.py
[2025-12-13T10:45:06.551+0000] {logging_mixin.py:190} INFO - [2025-12-13T10:45:06.551+0000] {dag.py:3239} INFO - Sync 1 DAGs
[2025-12-13T10:45:06.578+0000] {logging_mixin.py:190} INFO - [2025-12-13T10:45:06.577+0000] {dag.py:4180} INFO - Setting next_dagrun for example_params_ui_tutorial to None, run_after=None
[2025-12-13T10:45:06.606+0000] {processor.py:208} INFO - Processing /home/airflow/.local/lib/python3.12/site-packages/airflow/example_dags/example_params_ui_tutorial.py took 0.166 seconds
[2025-12-13T10:45:36.662+0000] {processor.py:186} INFO - Started process (PID=3679) to work on /home/airflow/.local/lib/python3.12/site-packages/airflow/example_dags/example_params_ui_tutorial.py
[2025-12-13T10:45:36.664+0000] {processor.py:914} INFO - Processing file /home/airflow/.local/lib/python3.12/site-packages/airflow/example_dags/example_params_ui_tutorial.py for tasks to queue
[2025-12-13T10:45:36.670+0000] {logging_mixin.py:190} INFO - [2025-12-13T10:45:36.668+0000] {dagbag.py:588} INFO - Filling up the DagBag from /home/airflow/.local/lib/python3.12/site-packages/airflow/example_dags/example_params_ui_tutorial.py
[2025-12-13T10:45:36.686+0000] {processor.py:925} INFO - DAG(s) 'example_params_ui_tutorial' retrieved from /home/airflow/.local/lib/python3.12/site-packages/airflow/example_dags/example_params_ui_tutorial.py
[2025-12-13T10:45:36.771+0000] {logging_mixin.py:190} INFO - [2025-12-13T10:45:36.771+0000] {dag.py:3239} INFO - Sync 1 DAGs
[2025-12-13T10:45:36.798+0000] {logging_mixin.py:190} INFO - [2025-12-13T10:45:36.798+0000] {dag.py:4180} INFO - Setting next_dagrun for example_params_ui_tutorial to None, run_after=None
[2025-12-13T10:45:36.824+0000] {processor.py:208} INFO - Processing /home/airflow/.local/lib/python3.12/site-packages/airflow/example_dags/example_params_ui_tutorial.py took 0.172 seconds
[2025-12-13T10:46:07.554+0000] {processor.py:186} INFO - Started process (PID=3743) to work on /home/airflow/.local/lib/python3.12/site-packages/airflow/example_dags/example_params_ui_tutorial.py
[2025-12-13T10:46:07.555+0000] {processor.py:914} INFO - Processing file /home/airflow/.local/lib/python3.12/site-packages/airflow/example_dags/example_params_ui_tutorial.py for tasks to queue
[2025-12-13T10:46:07.558+0000] {logging_mixin.py:190} INFO - [2025-12-13T10:46:07.557+0000] {dagbag.py:588} INFO - Filling up the DagBag from /home/airflow/.local/lib/python3.12/site-packages/airflow/example_dags/example_params_ui_tutorial.py
[2025-12-13T10:46:07.576+0000] {processor.py:925} INFO - DAG(s) 'example_params_ui_tutorial' retrieved from /home/airflow/.local/lib/python3.12/site-packages/airflow/example_dags/example_params_ui_tutorial.py
[2025-12-13T10:46:07.661+0000] {logging_mixin.py:190} INFO - [2025-12-13T10:46:07.661+0000] {dag.py:3239} INFO - Sync 1 DAGs
[2025-12-13T10:46:07.688+0000] {logging_mixin.py:190} INFO - [2025-12-13T10:46:07.688+0000] {dag.py:4180} INFO - Setting next_dagrun for example_params_ui_tutorial to None, run_after=None
[2025-12-13T10:46:07.712+0000] {processor.py:208} INFO - Processing /home/airflow/.local/lib/python3.12/site-packages/airflow/example_dags/example_params_ui_tutorial.py took 0.169 seconds
[2025-12-13T10:46:37.860+0000] {processor.py:186} INFO - Started process (PID=3806) to work on /home/airflow/.local/lib/python3.12/site-packages/airflow/example_dags/example_params_ui_tutorial.py
[2025-12-13T10:46:37.862+0000] {processor.py:914} INFO - Processing file /home/airflow/.local/lib/python3.12/site-packages/airflow/example_dags/example_params_ui_tutorial.py for tasks to queue
[2025-12-13T10:46:37.865+0000] {logging_mixin.py:190} INFO - [2025-12-13T10:46:37.865+0000] {dagbag.py:588} INFO - Filling up the DagBag from /home/airflow/.local/lib/python3.12/site-packages/airflow/example_dags/example_params_ui_tutorial.py
[2025-12-13T10:46:37.887+0000] {processor.py:925} INFO - DAG(s) 'example_params_ui_tutorial' retrieved from /home/airflow/.local/lib/python3.12/site-packages/airflow/example_dags/example_params_ui_tutorial.py
[2025-12-13T10:46:38.013+0000] {logging_mixin.py:190} INFO - [2025-12-13T10:46:38.013+0000] {dag.py:3239} INFO - Sync 1 DAGs
[2025-12-13T10:46:38.052+0000] {logging_mixin.py:190} INFO - [2025-12-13T10:46:38.051+0000] {dag.py:4180} INFO - Setting next_dagrun for example_params_ui_tutorial to None, run_after=None
[2025-12-13T10:46:38.122+0000] {processor.py:208} INFO - Processing /home/airflow/.local/lib/python3.12/site-packages/airflow/example_dags/example_params_ui_tutorial.py took 0.273 seconds
