[2025-12-13T10:16:27.255+0000] {processor.py:186} INFO - Started process (PID=129) to work on /home/airflow/.local/lib/python3.12/site-packages/airflow/example_dags/example_dynamic_task_mapping.py
[2025-12-13T10:16:27.260+0000] {processor.py:914} INFO - Processing file /home/airflow/.local/lib/python3.12/site-packages/airflow/example_dags/example_dynamic_task_mapping.py for tasks to queue
[2025-12-13T10:16:27.273+0000] {logging_mixin.py:190} INFO - [2025-12-13T10:16:27.272+0000] {dagbag.py:588} INFO - Filling up the DagBag from /home/airflow/.local/lib/python3.12/site-packages/airflow/example_dags/example_dynamic_task_mapping.py
[2025-12-13T10:16:27.358+0000] {processor.py:925} INFO - DAG(s) 'example_dynamic_task_mapping' retrieved from /home/airflow/.local/lib/python3.12/site-packages/airflow/example_dags/example_dynamic_task_mapping.py
[2025-12-13T10:16:27.926+0000] {logging_mixin.py:190} INFO - [2025-12-13T10:16:27.925+0000] {override.py:1911} INFO - Created Permission View: can edit on DAG:example_dynamic_task_mapping
[2025-12-13T10:16:27.968+0000] {logging_mixin.py:190} INFO - [2025-12-13T10:16:27.968+0000] {override.py:1911} INFO - Created Permission View: can delete on DAG:example_dynamic_task_mapping
[2025-12-13T10:16:27.998+0000] {logging_mixin.py:190} INFO - [2025-12-13T10:16:27.997+0000] {override.py:1911} INFO - Created Permission View: can read on DAG:example_dynamic_task_mapping
[2025-12-13T10:16:28.030+0000] {logging_mixin.py:190} INFO - [2025-12-13T10:16:28.029+0000] {override.py:1911} INFO - Created Permission View: can create on DAG Run:example_dynamic_task_mapping
[2025-12-13T10:16:28.051+0000] {logging_mixin.py:190} INFO - [2025-12-13T10:16:28.050+0000] {override.py:1911} INFO - Created Permission View: can delete on DAG Run:example_dynamic_task_mapping
[2025-12-13T10:16:28.082+0000] {logging_mixin.py:190} INFO - [2025-12-13T10:16:28.082+0000] {override.py:1911} INFO - Created Permission View: menu access on DAG Run:example_dynamic_task_mapping
[2025-12-13T10:16:28.121+0000] {logging_mixin.py:190} INFO - [2025-12-13T10:16:28.121+0000] {override.py:1911} INFO - Created Permission View: can read on DAG Run:example_dynamic_task_mapping
[2025-12-13T10:16:28.125+0000] {logging_mixin.py:190} INFO - [2025-12-13T10:16:28.122+0000] {dag.py:3239} INFO - Sync 1 DAGs
[2025-12-13T10:16:28.175+0000] {logging_mixin.py:190} INFO - [2025-12-13T10:16:28.172+0000] {dag.py:3262} INFO - Creating ORM DAG for example_dynamic_task_mapping
[2025-12-13T10:16:28.177+0000] {logging_mixin.py:190} INFO - [2025-12-13T10:16:28.176+0000] {dag.py:4180} INFO - Setting next_dagrun for example_dynamic_task_mapping to None, run_after=None
[2025-12-13T10:16:28.234+0000] {processor.py:208} INFO - Processing /home/airflow/.local/lib/python3.12/site-packages/airflow/example_dags/example_dynamic_task_mapping.py took 1.031 seconds
[2025-12-13T10:16:58.433+0000] {processor.py:186} INFO - Started process (PID=191) to work on /home/airflow/.local/lib/python3.12/site-packages/airflow/example_dags/example_dynamic_task_mapping.py
[2025-12-13T10:16:58.435+0000] {processor.py:914} INFO - Processing file /home/airflow/.local/lib/python3.12/site-packages/airflow/example_dags/example_dynamic_task_mapping.py for tasks to queue
[2025-12-13T10:16:58.438+0000] {logging_mixin.py:190} INFO - [2025-12-13T10:16:58.438+0000] {dagbag.py:588} INFO - Filling up the DagBag from /home/airflow/.local/lib/python3.12/site-packages/airflow/example_dags/example_dynamic_task_mapping.py
[2025-12-13T10:16:58.451+0000] {processor.py:925} INFO - DAG(s) 'example_dynamic_task_mapping' retrieved from /home/airflow/.local/lib/python3.12/site-packages/airflow/example_dags/example_dynamic_task_mapping.py
[2025-12-13T10:16:58.479+0000] {logging_mixin.py:190} INFO - [2025-12-13T10:16:58.478+0000] {dag.py:3239} INFO - Sync 1 DAGs
[2025-12-13T10:16:58.502+0000] {logging_mixin.py:190} INFO - [2025-12-13T10:16:58.501+0000] {dag.py:4180} INFO - Setting next_dagrun for example_dynamic_task_mapping to None, run_after=None
[2025-12-13T10:16:58.528+0000] {processor.py:208} INFO - Processing /home/airflow/.local/lib/python3.12/site-packages/airflow/example_dags/example_dynamic_task_mapping.py took 0.107 seconds
[2025-12-13T10:17:28.817+0000] {processor.py:186} INFO - Started process (PID=253) to work on /home/airflow/.local/lib/python3.12/site-packages/airflow/example_dags/example_dynamic_task_mapping.py
[2025-12-13T10:17:28.818+0000] {processor.py:914} INFO - Processing file /home/airflow/.local/lib/python3.12/site-packages/airflow/example_dags/example_dynamic_task_mapping.py for tasks to queue
[2025-12-13T10:17:28.825+0000] {logging_mixin.py:190} INFO - [2025-12-13T10:17:28.824+0000] {dagbag.py:588} INFO - Filling up the DagBag from /home/airflow/.local/lib/python3.12/site-packages/airflow/example_dags/example_dynamic_task_mapping.py
[2025-12-13T10:17:28.840+0000] {processor.py:925} INFO - DAG(s) 'example_dynamic_task_mapping' retrieved from /home/airflow/.local/lib/python3.12/site-packages/airflow/example_dags/example_dynamic_task_mapping.py
[2025-12-13T10:17:28.874+0000] {logging_mixin.py:190} INFO - [2025-12-13T10:17:28.873+0000] {dag.py:3239} INFO - Sync 1 DAGs
[2025-12-13T10:17:28.899+0000] {logging_mixin.py:190} INFO - [2025-12-13T10:17:28.899+0000] {dag.py:4180} INFO - Setting next_dagrun for example_dynamic_task_mapping to None, run_after=None
[2025-12-13T10:17:28.926+0000] {processor.py:208} INFO - Processing /home/airflow/.local/lib/python3.12/site-packages/airflow/example_dags/example_dynamic_task_mapping.py took 0.122 seconds
[2025-12-13T10:17:59.334+0000] {processor.py:186} INFO - Started process (PID=315) to work on /home/airflow/.local/lib/python3.12/site-packages/airflow/example_dags/example_dynamic_task_mapping.py
[2025-12-13T10:17:59.336+0000] {processor.py:914} INFO - Processing file /home/airflow/.local/lib/python3.12/site-packages/airflow/example_dags/example_dynamic_task_mapping.py for tasks to queue
[2025-12-13T10:17:59.341+0000] {logging_mixin.py:190} INFO - [2025-12-13T10:17:59.340+0000] {dagbag.py:588} INFO - Filling up the DagBag from /home/airflow/.local/lib/python3.12/site-packages/airflow/example_dags/example_dynamic_task_mapping.py
[2025-12-13T10:17:59.357+0000] {processor.py:925} INFO - DAG(s) 'example_dynamic_task_mapping' retrieved from /home/airflow/.local/lib/python3.12/site-packages/airflow/example_dags/example_dynamic_task_mapping.py
[2025-12-13T10:17:59.389+0000] {logging_mixin.py:190} INFO - [2025-12-13T10:17:59.388+0000] {dag.py:3239} INFO - Sync 1 DAGs
[2025-12-13T10:17:59.416+0000] {logging_mixin.py:190} INFO - [2025-12-13T10:17:59.416+0000] {dag.py:4180} INFO - Setting next_dagrun for example_dynamic_task_mapping to None, run_after=None
[2025-12-13T10:17:59.449+0000] {processor.py:208} INFO - Processing /home/airflow/.local/lib/python3.12/site-packages/airflow/example_dags/example_dynamic_task_mapping.py took 0.127 seconds
[2025-12-13T10:18:29.604+0000] {processor.py:186} INFO - Started process (PID=378) to work on /home/airflow/.local/lib/python3.12/site-packages/airflow/example_dags/example_dynamic_task_mapping.py
[2025-12-13T10:18:29.605+0000] {processor.py:914} INFO - Processing file /home/airflow/.local/lib/python3.12/site-packages/airflow/example_dags/example_dynamic_task_mapping.py for tasks to queue
[2025-12-13T10:18:29.609+0000] {logging_mixin.py:190} INFO - [2025-12-13T10:18:29.608+0000] {dagbag.py:588} INFO - Filling up the DagBag from /home/airflow/.local/lib/python3.12/site-packages/airflow/example_dags/example_dynamic_task_mapping.py
[2025-12-13T10:18:29.627+0000] {processor.py:925} INFO - DAG(s) 'example_dynamic_task_mapping' retrieved from /home/airflow/.local/lib/python3.12/site-packages/airflow/example_dags/example_dynamic_task_mapping.py
[2025-12-13T10:18:29.657+0000] {logging_mixin.py:190} INFO - [2025-12-13T10:18:29.657+0000] {dag.py:3239} INFO - Sync 1 DAGs
[2025-12-13T10:18:29.684+0000] {logging_mixin.py:190} INFO - [2025-12-13T10:18:29.683+0000] {dag.py:4180} INFO - Setting next_dagrun for example_dynamic_task_mapping to None, run_after=None
[2025-12-13T10:18:29.714+0000] {processor.py:208} INFO - Processing /home/airflow/.local/lib/python3.12/site-packages/airflow/example_dags/example_dynamic_task_mapping.py took 0.123 seconds
[2025-12-13T10:19:01.649+0000] {processor.py:186} INFO - Started process (PID=442) to work on /home/airflow/.local/lib/python3.12/site-packages/airflow/example_dags/example_dynamic_task_mapping.py
[2025-12-13T10:19:01.651+0000] {processor.py:914} INFO - Processing file /home/airflow/.local/lib/python3.12/site-packages/airflow/example_dags/example_dynamic_task_mapping.py for tasks to queue
[2025-12-13T10:19:01.655+0000] {logging_mixin.py:190} INFO - [2025-12-13T10:19:01.654+0000] {dagbag.py:588} INFO - Filling up the DagBag from /home/airflow/.local/lib/python3.12/site-packages/airflow/example_dags/example_dynamic_task_mapping.py
[2025-12-13T10:19:01.670+0000] {processor.py:925} INFO - DAG(s) 'example_dynamic_task_mapping' retrieved from /home/airflow/.local/lib/python3.12/site-packages/airflow/example_dags/example_dynamic_task_mapping.py
[2025-12-13T10:19:01.705+0000] {logging_mixin.py:190} INFO - [2025-12-13T10:19:01.705+0000] {dag.py:3239} INFO - Sync 1 DAGs
[2025-12-13T10:19:01.735+0000] {logging_mixin.py:190} INFO - [2025-12-13T10:19:01.735+0000] {dag.py:4180} INFO - Setting next_dagrun for example_dynamic_task_mapping to None, run_after=None
[2025-12-13T10:19:01.767+0000] {processor.py:208} INFO - Processing /home/airflow/.local/lib/python3.12/site-packages/airflow/example_dags/example_dynamic_task_mapping.py took 0.130 seconds
[2025-12-13T10:19:33.774+0000] {processor.py:186} INFO - Started process (PID=505) to work on /home/airflow/.local/lib/python3.12/site-packages/airflow/example_dags/example_dynamic_task_mapping.py
[2025-12-13T10:19:33.775+0000] {processor.py:914} INFO - Processing file /home/airflow/.local/lib/python3.12/site-packages/airflow/example_dags/example_dynamic_task_mapping.py for tasks to queue
[2025-12-13T10:19:33.779+0000] {logging_mixin.py:190} INFO - [2025-12-13T10:19:33.779+0000] {dagbag.py:588} INFO - Filling up the DagBag from /home/airflow/.local/lib/python3.12/site-packages/airflow/example_dags/example_dynamic_task_mapping.py
[2025-12-13T10:19:33.805+0000] {processor.py:925} INFO - DAG(s) 'example_dynamic_task_mapping' retrieved from /home/airflow/.local/lib/python3.12/site-packages/airflow/example_dags/example_dynamic_task_mapping.py
[2025-12-13T10:19:33.873+0000] {logging_mixin.py:190} INFO - [2025-12-13T10:19:33.872+0000] {dag.py:3239} INFO - Sync 1 DAGs
[2025-12-13T10:19:33.961+0000] {logging_mixin.py:190} INFO - [2025-12-13T10:19:33.960+0000] {dag.py:4180} INFO - Setting next_dagrun for example_dynamic_task_mapping to None, run_after=None
[2025-12-13T10:19:34.019+0000] {processor.py:208} INFO - Processing /home/airflow/.local/lib/python3.12/site-packages/airflow/example_dags/example_dynamic_task_mapping.py took 0.257 seconds
[2025-12-13T10:20:04.969+0000] {processor.py:186} INFO - Started process (PID=568) to work on /home/airflow/.local/lib/python3.12/site-packages/airflow/example_dags/example_dynamic_task_mapping.py
[2025-12-13T10:20:04.972+0000] {processor.py:914} INFO - Processing file /home/airflow/.local/lib/python3.12/site-packages/airflow/example_dags/example_dynamic_task_mapping.py for tasks to queue
[2025-12-13T10:20:04.979+0000] {logging_mixin.py:190} INFO - [2025-12-13T10:20:04.977+0000] {dagbag.py:588} INFO - Filling up the DagBag from /home/airflow/.local/lib/python3.12/site-packages/airflow/example_dags/example_dynamic_task_mapping.py
[2025-12-13T10:20:04.999+0000] {processor.py:925} INFO - DAG(s) 'example_dynamic_task_mapping' retrieved from /home/airflow/.local/lib/python3.12/site-packages/airflow/example_dags/example_dynamic_task_mapping.py
[2025-12-13T10:20:05.047+0000] {logging_mixin.py:190} INFO - [2025-12-13T10:20:05.046+0000] {dag.py:3239} INFO - Sync 1 DAGs
[2025-12-13T10:20:05.084+0000] {logging_mixin.py:190} INFO - [2025-12-13T10:20:05.083+0000] {dag.py:4180} INFO - Setting next_dagrun for example_dynamic_task_mapping to None, run_after=None
[2025-12-13T10:20:05.140+0000] {processor.py:208} INFO - Processing /home/airflow/.local/lib/python3.12/site-packages/airflow/example_dags/example_dynamic_task_mapping.py took 0.187 seconds
[2025-12-13T10:20:36.031+0000] {processor.py:186} INFO - Started process (PID=631) to work on /home/airflow/.local/lib/python3.12/site-packages/airflow/example_dags/example_dynamic_task_mapping.py
[2025-12-13T10:20:36.032+0000] {processor.py:914} INFO - Processing file /home/airflow/.local/lib/python3.12/site-packages/airflow/example_dags/example_dynamic_task_mapping.py for tasks to queue
[2025-12-13T10:20:36.038+0000] {logging_mixin.py:190} INFO - [2025-12-13T10:20:36.037+0000] {dagbag.py:588} INFO - Filling up the DagBag from /home/airflow/.local/lib/python3.12/site-packages/airflow/example_dags/example_dynamic_task_mapping.py
[2025-12-13T10:20:36.059+0000] {processor.py:925} INFO - DAG(s) 'example_dynamic_task_mapping' retrieved from /home/airflow/.local/lib/python3.12/site-packages/airflow/example_dags/example_dynamic_task_mapping.py
[2025-12-13T10:20:36.113+0000] {logging_mixin.py:190} INFO - [2025-12-13T10:20:36.113+0000] {dag.py:3239} INFO - Sync 1 DAGs
[2025-12-13T10:20:36.154+0000] {logging_mixin.py:190} INFO - [2025-12-13T10:20:36.154+0000] {dag.py:4180} INFO - Setting next_dagrun for example_dynamic_task_mapping to None, run_after=None
[2025-12-13T10:20:36.198+0000] {processor.py:208} INFO - Processing /home/airflow/.local/lib/python3.12/site-packages/airflow/example_dags/example_dynamic_task_mapping.py took 0.179 seconds
[2025-12-13T10:21:06.929+0000] {processor.py:186} INFO - Started process (PID=695) to work on /home/airflow/.local/lib/python3.12/site-packages/airflow/example_dags/example_dynamic_task_mapping.py
[2025-12-13T10:21:06.930+0000] {processor.py:914} INFO - Processing file /home/airflow/.local/lib/python3.12/site-packages/airflow/example_dags/example_dynamic_task_mapping.py for tasks to queue
[2025-12-13T10:21:06.934+0000] {logging_mixin.py:190} INFO - [2025-12-13T10:21:06.934+0000] {dagbag.py:588} INFO - Filling up the DagBag from /home/airflow/.local/lib/python3.12/site-packages/airflow/example_dags/example_dynamic_task_mapping.py
[2025-12-13T10:21:06.950+0000] {processor.py:925} INFO - DAG(s) 'example_dynamic_task_mapping' retrieved from /home/airflow/.local/lib/python3.12/site-packages/airflow/example_dags/example_dynamic_task_mapping.py
[2025-12-13T10:21:06.983+0000] {logging_mixin.py:190} INFO - [2025-12-13T10:21:06.983+0000] {dag.py:3239} INFO - Sync 1 DAGs
[2025-12-13T10:21:07.008+0000] {logging_mixin.py:190} INFO - [2025-12-13T10:21:07.007+0000] {dag.py:4180} INFO - Setting next_dagrun for example_dynamic_task_mapping to None, run_after=None
[2025-12-13T10:21:07.034+0000] {processor.py:208} INFO - Processing /home/airflow/.local/lib/python3.12/site-packages/airflow/example_dags/example_dynamic_task_mapping.py took 0.118 seconds
[2025-12-13T10:21:37.439+0000] {processor.py:186} INFO - Started process (PID=757) to work on /home/airflow/.local/lib/python3.12/site-packages/airflow/example_dags/example_dynamic_task_mapping.py
[2025-12-13T10:21:37.440+0000] {processor.py:914} INFO - Processing file /home/airflow/.local/lib/python3.12/site-packages/airflow/example_dags/example_dynamic_task_mapping.py for tasks to queue
[2025-12-13T10:21:37.444+0000] {logging_mixin.py:190} INFO - [2025-12-13T10:21:37.444+0000] {dagbag.py:588} INFO - Filling up the DagBag from /home/airflow/.local/lib/python3.12/site-packages/airflow/example_dags/example_dynamic_task_mapping.py
[2025-12-13T10:21:37.460+0000] {processor.py:925} INFO - DAG(s) 'example_dynamic_task_mapping' retrieved from /home/airflow/.local/lib/python3.12/site-packages/airflow/example_dags/example_dynamic_task_mapping.py
[2025-12-13T10:21:37.500+0000] {logging_mixin.py:190} INFO - [2025-12-13T10:21:37.500+0000] {dag.py:3239} INFO - Sync 1 DAGs
[2025-12-13T10:21:37.530+0000] {logging_mixin.py:190} INFO - [2025-12-13T10:21:37.529+0000] {dag.py:4180} INFO - Setting next_dagrun for example_dynamic_task_mapping to None, run_after=None
[2025-12-13T10:21:37.564+0000] {processor.py:208} INFO - Processing /home/airflow/.local/lib/python3.12/site-packages/airflow/example_dags/example_dynamic_task_mapping.py took 0.139 seconds
[2025-12-13T10:22:10.106+0000] {processor.py:186} INFO - Started process (PID=820) to work on /home/airflow/.local/lib/python3.12/site-packages/airflow/example_dags/example_dynamic_task_mapping.py
[2025-12-13T10:22:10.107+0000] {processor.py:914} INFO - Processing file /home/airflow/.local/lib/python3.12/site-packages/airflow/example_dags/example_dynamic_task_mapping.py for tasks to queue
[2025-12-13T10:22:10.114+0000] {logging_mixin.py:190} INFO - [2025-12-13T10:22:10.113+0000] {dagbag.py:588} INFO - Filling up the DagBag from /home/airflow/.local/lib/python3.12/site-packages/airflow/example_dags/example_dynamic_task_mapping.py
[2025-12-13T10:22:10.129+0000] {processor.py:925} INFO - DAG(s) 'example_dynamic_task_mapping' retrieved from /home/airflow/.local/lib/python3.12/site-packages/airflow/example_dags/example_dynamic_task_mapping.py
[2025-12-13T10:22:10.167+0000] {logging_mixin.py:190} INFO - [2025-12-13T10:22:10.167+0000] {dag.py:3239} INFO - Sync 1 DAGs
[2025-12-13T10:22:10.197+0000] {logging_mixin.py:190} INFO - [2025-12-13T10:22:10.197+0000] {dag.py:4180} INFO - Setting next_dagrun for example_dynamic_task_mapping to None, run_after=None
[2025-12-13T10:22:10.228+0000] {processor.py:208} INFO - Processing /home/airflow/.local/lib/python3.12/site-packages/airflow/example_dags/example_dynamic_task_mapping.py took 0.142 seconds
[2025-12-13T10:22:44.212+0000] {processor.py:186} INFO - Started process (PID=896) to work on /home/airflow/.local/lib/python3.12/site-packages/airflow/example_dags/example_dynamic_task_mapping.py
[2025-12-13T10:22:44.216+0000] {processor.py:914} INFO - Processing file /home/airflow/.local/lib/python3.12/site-packages/airflow/example_dags/example_dynamic_task_mapping.py for tasks to queue
[2025-12-13T10:22:44.232+0000] {logging_mixin.py:190} INFO - [2025-12-13T10:22:44.232+0000] {dagbag.py:588} INFO - Filling up the DagBag from /home/airflow/.local/lib/python3.12/site-packages/airflow/example_dags/example_dynamic_task_mapping.py
[2025-12-13T10:22:44.267+0000] {processor.py:925} INFO - DAG(s) 'example_dynamic_task_mapping' retrieved from /home/airflow/.local/lib/python3.12/site-packages/airflow/example_dags/example_dynamic_task_mapping.py
[2025-12-13T10:22:44.353+0000] {logging_mixin.py:190} INFO - [2025-12-13T10:22:44.352+0000] {dag.py:3239} INFO - Sync 1 DAGs
[2025-12-13T10:22:44.442+0000] {logging_mixin.py:190} INFO - [2025-12-13T10:22:44.441+0000] {dag.py:4180} INFO - Setting next_dagrun for example_dynamic_task_mapping to None, run_after=None
[2025-12-13T10:22:44.543+0000] {processor.py:208} INFO - Processing /home/airflow/.local/lib/python3.12/site-packages/airflow/example_dags/example_dynamic_task_mapping.py took 0.383 seconds
[2025-12-13T10:23:15.375+0000] {processor.py:186} INFO - Started process (PID=959) to work on /home/airflow/.local/lib/python3.12/site-packages/airflow/example_dags/example_dynamic_task_mapping.py
[2025-12-13T10:23:15.376+0000] {processor.py:914} INFO - Processing file /home/airflow/.local/lib/python3.12/site-packages/airflow/example_dags/example_dynamic_task_mapping.py for tasks to queue
[2025-12-13T10:23:15.379+0000] {logging_mixin.py:190} INFO - [2025-12-13T10:23:15.378+0000] {dagbag.py:588} INFO - Filling up the DagBag from /home/airflow/.local/lib/python3.12/site-packages/airflow/example_dags/example_dynamic_task_mapping.py
[2025-12-13T10:23:15.393+0000] {processor.py:925} INFO - DAG(s) 'example_dynamic_task_mapping' retrieved from /home/airflow/.local/lib/python3.12/site-packages/airflow/example_dags/example_dynamic_task_mapping.py
[2025-12-13T10:23:15.432+0000] {logging_mixin.py:190} INFO - [2025-12-13T10:23:15.432+0000] {dag.py:3239} INFO - Sync 1 DAGs
[2025-12-13T10:23:15.467+0000] {logging_mixin.py:190} INFO - [2025-12-13T10:23:15.466+0000] {dag.py:4180} INFO - Setting next_dagrun for example_dynamic_task_mapping to None, run_after=None
[2025-12-13T10:23:15.495+0000] {processor.py:208} INFO - Processing /home/airflow/.local/lib/python3.12/site-packages/airflow/example_dags/example_dynamic_task_mapping.py took 0.133 seconds
[2025-12-13T10:23:46.049+0000] {processor.py:186} INFO - Started process (PID=1023) to work on /home/airflow/.local/lib/python3.12/site-packages/airflow/example_dags/example_dynamic_task_mapping.py
[2025-12-13T10:23:46.050+0000] {processor.py:914} INFO - Processing file /home/airflow/.local/lib/python3.12/site-packages/airflow/example_dags/example_dynamic_task_mapping.py for tasks to queue
[2025-12-13T10:23:46.054+0000] {logging_mixin.py:190} INFO - [2025-12-13T10:23:46.054+0000] {dagbag.py:588} INFO - Filling up the DagBag from /home/airflow/.local/lib/python3.12/site-packages/airflow/example_dags/example_dynamic_task_mapping.py
[2025-12-13T10:23:46.069+0000] {processor.py:925} INFO - DAG(s) 'example_dynamic_task_mapping' retrieved from /home/airflow/.local/lib/python3.12/site-packages/airflow/example_dags/example_dynamic_task_mapping.py
[2025-12-13T10:23:46.107+0000] {logging_mixin.py:190} INFO - [2025-12-13T10:23:46.106+0000] {dag.py:3239} INFO - Sync 1 DAGs
[2025-12-13T10:23:46.139+0000] {logging_mixin.py:190} INFO - [2025-12-13T10:23:46.139+0000] {dag.py:4180} INFO - Setting next_dagrun for example_dynamic_task_mapping to None, run_after=None
[2025-12-13T10:23:46.170+0000] {processor.py:208} INFO - Processing /home/airflow/.local/lib/python3.12/site-packages/airflow/example_dags/example_dynamic_task_mapping.py took 0.134 seconds
[2025-12-13T10:24:16.956+0000] {processor.py:186} INFO - Started process (PID=1086) to work on /home/airflow/.local/lib/python3.12/site-packages/airflow/example_dags/example_dynamic_task_mapping.py
[2025-12-13T10:24:16.957+0000] {processor.py:914} INFO - Processing file /home/airflow/.local/lib/python3.12/site-packages/airflow/example_dags/example_dynamic_task_mapping.py for tasks to queue
[2025-12-13T10:24:16.961+0000] {logging_mixin.py:190} INFO - [2025-12-13T10:24:16.960+0000] {dagbag.py:588} INFO - Filling up the DagBag from /home/airflow/.local/lib/python3.12/site-packages/airflow/example_dags/example_dynamic_task_mapping.py
[2025-12-13T10:24:16.974+0000] {processor.py:925} INFO - DAG(s) 'example_dynamic_task_mapping' retrieved from /home/airflow/.local/lib/python3.12/site-packages/airflow/example_dags/example_dynamic_task_mapping.py
[2025-12-13T10:24:17.004+0000] {logging_mixin.py:190} INFO - [2025-12-13T10:24:17.004+0000] {dag.py:3239} INFO - Sync 1 DAGs
[2025-12-13T10:24:17.030+0000] {logging_mixin.py:190} INFO - [2025-12-13T10:24:17.030+0000] {dag.py:4180} INFO - Setting next_dagrun for example_dynamic_task_mapping to None, run_after=None
[2025-12-13T10:24:17.057+0000] {processor.py:208} INFO - Processing /home/airflow/.local/lib/python3.12/site-packages/airflow/example_dags/example_dynamic_task_mapping.py took 0.111 seconds
[2025-12-13T10:24:47.891+0000] {processor.py:186} INFO - Started process (PID=1148) to work on /home/airflow/.local/lib/python3.12/site-packages/airflow/example_dags/example_dynamic_task_mapping.py
[2025-12-13T10:24:47.892+0000] {processor.py:914} INFO - Processing file /home/airflow/.local/lib/python3.12/site-packages/airflow/example_dags/example_dynamic_task_mapping.py for tasks to queue
[2025-12-13T10:24:47.896+0000] {logging_mixin.py:190} INFO - [2025-12-13T10:24:47.895+0000] {dagbag.py:588} INFO - Filling up the DagBag from /home/airflow/.local/lib/python3.12/site-packages/airflow/example_dags/example_dynamic_task_mapping.py
[2025-12-13T10:24:47.911+0000] {processor.py:925} INFO - DAG(s) 'example_dynamic_task_mapping' retrieved from /home/airflow/.local/lib/python3.12/site-packages/airflow/example_dags/example_dynamic_task_mapping.py
[2025-12-13T10:24:47.948+0000] {logging_mixin.py:190} INFO - [2025-12-13T10:24:47.948+0000] {dag.py:3239} INFO - Sync 1 DAGs
[2025-12-13T10:24:47.986+0000] {logging_mixin.py:190} INFO - [2025-12-13T10:24:47.986+0000] {dag.py:4180} INFO - Setting next_dagrun for example_dynamic_task_mapping to None, run_after=None
[2025-12-13T10:24:48.023+0000] {processor.py:208} INFO - Processing /home/airflow/.local/lib/python3.12/site-packages/airflow/example_dags/example_dynamic_task_mapping.py took 0.143 seconds
[2025-12-13T10:25:20.176+0000] {processor.py:186} INFO - Started process (PID=1213) to work on /home/airflow/.local/lib/python3.12/site-packages/airflow/example_dags/example_dynamic_task_mapping.py
[2025-12-13T10:25:20.180+0000] {processor.py:914} INFO - Processing file /home/airflow/.local/lib/python3.12/site-packages/airflow/example_dags/example_dynamic_task_mapping.py for tasks to queue
[2025-12-13T10:25:20.198+0000] {logging_mixin.py:190} INFO - [2025-12-13T10:25:20.189+0000] {dagbag.py:588} INFO - Filling up the DagBag from /home/airflow/.local/lib/python3.12/site-packages/airflow/example_dags/example_dynamic_task_mapping.py
[2025-12-13T10:25:20.227+0000] {processor.py:925} INFO - DAG(s) 'example_dynamic_task_mapping' retrieved from /home/airflow/.local/lib/python3.12/site-packages/airflow/example_dags/example_dynamic_task_mapping.py
[2025-12-13T10:25:20.266+0000] {logging_mixin.py:190} INFO - [2025-12-13T10:25:20.265+0000] {dag.py:3239} INFO - Sync 1 DAGs
[2025-12-13T10:25:20.304+0000] {logging_mixin.py:190} INFO - [2025-12-13T10:25:20.303+0000] {dag.py:4180} INFO - Setting next_dagrun for example_dynamic_task_mapping to None, run_after=None
[2025-12-13T10:25:20.339+0000] {processor.py:208} INFO - Processing /home/airflow/.local/lib/python3.12/site-packages/airflow/example_dags/example_dynamic_task_mapping.py took 0.219 seconds
[2025-12-13T10:25:53.604+0000] {processor.py:186} INFO - Started process (PID=1281) to work on /home/airflow/.local/lib/python3.12/site-packages/airflow/example_dags/example_dynamic_task_mapping.py
[2025-12-13T10:25:53.607+0000] {processor.py:914} INFO - Processing file /home/airflow/.local/lib/python3.12/site-packages/airflow/example_dags/example_dynamic_task_mapping.py for tasks to queue
[2025-12-13T10:25:53.616+0000] {logging_mixin.py:190} INFO - [2025-12-13T10:25:53.616+0000] {dagbag.py:588} INFO - Filling up the DagBag from /home/airflow/.local/lib/python3.12/site-packages/airflow/example_dags/example_dynamic_task_mapping.py
[2025-12-13T10:25:53.658+0000] {processor.py:925} INFO - DAG(s) 'example_dynamic_task_mapping' retrieved from /home/airflow/.local/lib/python3.12/site-packages/airflow/example_dags/example_dynamic_task_mapping.py
[2025-12-13T10:25:53.755+0000] {logging_mixin.py:190} INFO - [2025-12-13T10:25:53.754+0000] {dag.py:3239} INFO - Sync 1 DAGs
[2025-12-13T10:25:53.797+0000] {logging_mixin.py:190} INFO - [2025-12-13T10:25:53.796+0000] {dag.py:4180} INFO - Setting next_dagrun for example_dynamic_task_mapping to None, run_after=None
[2025-12-13T10:25:53.890+0000] {processor.py:208} INFO - Processing /home/airflow/.local/lib/python3.12/site-packages/airflow/example_dags/example_dynamic_task_mapping.py took 0.315 seconds
[2025-12-13T10:26:26.697+0000] {processor.py:186} INFO - Started process (PID=1348) to work on /home/airflow/.local/lib/python3.12/site-packages/airflow/example_dags/example_dynamic_task_mapping.py
[2025-12-13T10:26:26.699+0000] {processor.py:914} INFO - Processing file /home/airflow/.local/lib/python3.12/site-packages/airflow/example_dags/example_dynamic_task_mapping.py for tasks to queue
[2025-12-13T10:26:26.703+0000] {logging_mixin.py:190} INFO - [2025-12-13T10:26:26.702+0000] {dagbag.py:588} INFO - Filling up the DagBag from /home/airflow/.local/lib/python3.12/site-packages/airflow/example_dags/example_dynamic_task_mapping.py
[2025-12-13T10:26:26.720+0000] {processor.py:925} INFO - DAG(s) 'example_dynamic_task_mapping' retrieved from /home/airflow/.local/lib/python3.12/site-packages/airflow/example_dags/example_dynamic_task_mapping.py
[2025-12-13T10:26:26.760+0000] {logging_mixin.py:190} INFO - [2025-12-13T10:26:26.760+0000] {dag.py:3239} INFO - Sync 1 DAGs
[2025-12-13T10:26:26.790+0000] {logging_mixin.py:190} INFO - [2025-12-13T10:26:26.790+0000] {dag.py:4180} INFO - Setting next_dagrun for example_dynamic_task_mapping to None, run_after=None
[2025-12-13T10:26:26.825+0000] {processor.py:208} INFO - Processing /home/airflow/.local/lib/python3.12/site-packages/airflow/example_dags/example_dynamic_task_mapping.py took 0.140 seconds
[2025-12-13T10:26:58.034+0000] {processor.py:186} INFO - Started process (PID=1410) to work on /home/airflow/.local/lib/python3.12/site-packages/airflow/example_dags/example_dynamic_task_mapping.py
[2025-12-13T10:26:58.036+0000] {processor.py:914} INFO - Processing file /home/airflow/.local/lib/python3.12/site-packages/airflow/example_dags/example_dynamic_task_mapping.py for tasks to queue
[2025-12-13T10:26:58.041+0000] {logging_mixin.py:190} INFO - [2025-12-13T10:26:58.040+0000] {dagbag.py:588} INFO - Filling up the DagBag from /home/airflow/.local/lib/python3.12/site-packages/airflow/example_dags/example_dynamic_task_mapping.py
[2025-12-13T10:26:58.057+0000] {processor.py:925} INFO - DAG(s) 'example_dynamic_task_mapping' retrieved from /home/airflow/.local/lib/python3.12/site-packages/airflow/example_dags/example_dynamic_task_mapping.py
[2025-12-13T10:26:58.104+0000] {logging_mixin.py:190} INFO - [2025-12-13T10:26:58.103+0000] {dag.py:3239} INFO - Sync 1 DAGs
[2025-12-13T10:26:58.141+0000] {logging_mixin.py:190} INFO - [2025-12-13T10:26:58.141+0000] {dag.py:4180} INFO - Setting next_dagrun for example_dynamic_task_mapping to None, run_after=None
[2025-12-13T10:26:58.181+0000] {processor.py:208} INFO - Processing /home/airflow/.local/lib/python3.12/site-packages/airflow/example_dags/example_dynamic_task_mapping.py took 0.161 seconds
[2025-12-13T10:27:28.506+0000] {processor.py:186} INFO - Started process (PID=1473) to work on /home/airflow/.local/lib/python3.12/site-packages/airflow/example_dags/example_dynamic_task_mapping.py
[2025-12-13T10:27:28.507+0000] {processor.py:914} INFO - Processing file /home/airflow/.local/lib/python3.12/site-packages/airflow/example_dags/example_dynamic_task_mapping.py for tasks to queue
[2025-12-13T10:27:28.511+0000] {logging_mixin.py:190} INFO - [2025-12-13T10:27:28.511+0000] {dagbag.py:588} INFO - Filling up the DagBag from /home/airflow/.local/lib/python3.12/site-packages/airflow/example_dags/example_dynamic_task_mapping.py
[2025-12-13T10:27:28.527+0000] {processor.py:925} INFO - DAG(s) 'example_dynamic_task_mapping' retrieved from /home/airflow/.local/lib/python3.12/site-packages/airflow/example_dags/example_dynamic_task_mapping.py
[2025-12-13T10:27:28.561+0000] {logging_mixin.py:190} INFO - [2025-12-13T10:27:28.561+0000] {dag.py:3239} INFO - Sync 1 DAGs
[2025-12-13T10:27:28.596+0000] {logging_mixin.py:190} INFO - [2025-12-13T10:27:28.595+0000] {dag.py:4180} INFO - Setting next_dagrun for example_dynamic_task_mapping to None, run_after=None
[2025-12-13T10:27:28.637+0000] {processor.py:208} INFO - Processing /home/airflow/.local/lib/python3.12/site-packages/airflow/example_dags/example_dynamic_task_mapping.py took 0.143 seconds
[2025-12-13T10:28:00.139+0000] {processor.py:186} INFO - Started process (PID=1535) to work on /home/airflow/.local/lib/python3.12/site-packages/airflow/example_dags/example_dynamic_task_mapping.py
[2025-12-13T10:28:00.141+0000] {processor.py:914} INFO - Processing file /home/airflow/.local/lib/python3.12/site-packages/airflow/example_dags/example_dynamic_task_mapping.py for tasks to queue
[2025-12-13T10:28:00.144+0000] {logging_mixin.py:190} INFO - [2025-12-13T10:28:00.143+0000] {dagbag.py:588} INFO - Filling up the DagBag from /home/airflow/.local/lib/python3.12/site-packages/airflow/example_dags/example_dynamic_task_mapping.py
[2025-12-13T10:28:00.159+0000] {processor.py:925} INFO - DAG(s) 'example_dynamic_task_mapping' retrieved from /home/airflow/.local/lib/python3.12/site-packages/airflow/example_dags/example_dynamic_task_mapping.py
[2025-12-13T10:28:00.191+0000] {logging_mixin.py:190} INFO - [2025-12-13T10:28:00.191+0000] {dag.py:3239} INFO - Sync 1 DAGs
[2025-12-13T10:28:00.225+0000] {logging_mixin.py:190} INFO - [2025-12-13T10:28:00.224+0000] {dag.py:4180} INFO - Setting next_dagrun for example_dynamic_task_mapping to None, run_after=None
[2025-12-13T10:28:00.256+0000] {processor.py:208} INFO - Processing /home/airflow/.local/lib/python3.12/site-packages/airflow/example_dags/example_dynamic_task_mapping.py took 0.127 seconds
[2025-12-13T10:28:41.176+0000] {processor.py:186} INFO - Started process (PID=1606) to work on /home/airflow/.local/lib/python3.12/site-packages/airflow/example_dags/example_dynamic_task_mapping.py
[2025-12-13T10:28:41.181+0000] {processor.py:914} INFO - Processing file /home/airflow/.local/lib/python3.12/site-packages/airflow/example_dags/example_dynamic_task_mapping.py for tasks to queue
[2025-12-13T10:28:41.198+0000] {logging_mixin.py:190} INFO - [2025-12-13T10:28:41.191+0000] {dagbag.py:588} INFO - Filling up the DagBag from /home/airflow/.local/lib/python3.12/site-packages/airflow/example_dags/example_dynamic_task_mapping.py
[2025-12-13T10:28:41.260+0000] {processor.py:925} INFO - DAG(s) 'example_dynamic_task_mapping' retrieved from /home/airflow/.local/lib/python3.12/site-packages/airflow/example_dags/example_dynamic_task_mapping.py
[2025-12-13T10:28:41.321+0000] {logging_mixin.py:190} INFO - [2025-12-13T10:28:41.321+0000] {dag.py:3239} INFO - Sync 1 DAGs
[2025-12-13T10:28:41.384+0000] {logging_mixin.py:190} INFO - [2025-12-13T10:28:41.383+0000] {dag.py:4180} INFO - Setting next_dagrun for example_dynamic_task_mapping to None, run_after=None
[2025-12-13T10:28:41.478+0000] {processor.py:208} INFO - Processing /home/airflow/.local/lib/python3.12/site-packages/airflow/example_dags/example_dynamic_task_mapping.py took 0.316 seconds
[2025-12-13T10:29:11.578+0000] {processor.py:186} INFO - Started process (PID=1668) to work on /home/airflow/.local/lib/python3.12/site-packages/airflow/example_dags/example_dynamic_task_mapping.py
[2025-12-13T10:29:11.579+0000] {processor.py:914} INFO - Processing file /home/airflow/.local/lib/python3.12/site-packages/airflow/example_dags/example_dynamic_task_mapping.py for tasks to queue
[2025-12-13T10:29:11.583+0000] {logging_mixin.py:190} INFO - [2025-12-13T10:29:11.582+0000] {dagbag.py:588} INFO - Filling up the DagBag from /home/airflow/.local/lib/python3.12/site-packages/airflow/example_dags/example_dynamic_task_mapping.py
[2025-12-13T10:29:11.596+0000] {processor.py:925} INFO - DAG(s) 'example_dynamic_task_mapping' retrieved from /home/airflow/.local/lib/python3.12/site-packages/airflow/example_dags/example_dynamic_task_mapping.py
[2025-12-13T10:29:11.629+0000] {logging_mixin.py:190} INFO - [2025-12-13T10:29:11.628+0000] {dag.py:3239} INFO - Sync 1 DAGs
[2025-12-13T10:29:11.655+0000] {logging_mixin.py:190} INFO - [2025-12-13T10:29:11.655+0000] {dag.py:4180} INFO - Setting next_dagrun for example_dynamic_task_mapping to None, run_after=None
[2025-12-13T10:29:11.683+0000] {processor.py:208} INFO - Processing /home/airflow/.local/lib/python3.12/site-packages/airflow/example_dags/example_dynamic_task_mapping.py took 0.115 seconds
[2025-12-13T10:29:42.771+0000] {processor.py:186} INFO - Started process (PID=1730) to work on /home/airflow/.local/lib/python3.12/site-packages/airflow/example_dags/example_dynamic_task_mapping.py
[2025-12-13T10:29:42.774+0000] {processor.py:914} INFO - Processing file /home/airflow/.local/lib/python3.12/site-packages/airflow/example_dags/example_dynamic_task_mapping.py for tasks to queue
[2025-12-13T10:29:42.788+0000] {logging_mixin.py:190} INFO - [2025-12-13T10:29:42.788+0000] {dagbag.py:588} INFO - Filling up the DagBag from /home/airflow/.local/lib/python3.12/site-packages/airflow/example_dags/example_dynamic_task_mapping.py
[2025-12-13T10:29:42.827+0000] {processor.py:925} INFO - DAG(s) 'example_dynamic_task_mapping' retrieved from /home/airflow/.local/lib/python3.12/site-packages/airflow/example_dags/example_dynamic_task_mapping.py
[2025-12-13T10:29:42.925+0000] {logging_mixin.py:190} INFO - [2025-12-13T10:29:42.924+0000] {dag.py:3239} INFO - Sync 1 DAGs
[2025-12-13T10:29:42.980+0000] {logging_mixin.py:190} INFO - [2025-12-13T10:29:42.979+0000] {dag.py:4180} INFO - Setting next_dagrun for example_dynamic_task_mapping to None, run_after=None
[2025-12-13T10:29:43.040+0000] {processor.py:208} INFO - Processing /home/airflow/.local/lib/python3.12/site-packages/airflow/example_dags/example_dynamic_task_mapping.py took 0.309 seconds
[2025-12-13T10:30:14.226+0000] {processor.py:186} INFO - Started process (PID=1794) to work on /home/airflow/.local/lib/python3.12/site-packages/airflow/example_dags/example_dynamic_task_mapping.py
[2025-12-13T10:30:14.228+0000] {processor.py:914} INFO - Processing file /home/airflow/.local/lib/python3.12/site-packages/airflow/example_dags/example_dynamic_task_mapping.py for tasks to queue
[2025-12-13T10:30:14.238+0000] {logging_mixin.py:190} INFO - [2025-12-13T10:30:14.237+0000] {dagbag.py:588} INFO - Filling up the DagBag from /home/airflow/.local/lib/python3.12/site-packages/airflow/example_dags/example_dynamic_task_mapping.py
[2025-12-13T10:30:14.286+0000] {processor.py:925} INFO - DAG(s) 'example_dynamic_task_mapping' retrieved from /home/airflow/.local/lib/python3.12/site-packages/airflow/example_dags/example_dynamic_task_mapping.py
[2025-12-13T10:30:14.362+0000] {logging_mixin.py:190} INFO - [2025-12-13T10:30:14.361+0000] {dag.py:3239} INFO - Sync 1 DAGs
[2025-12-13T10:30:14.440+0000] {logging_mixin.py:190} INFO - [2025-12-13T10:30:14.440+0000] {dag.py:4180} INFO - Setting next_dagrun for example_dynamic_task_mapping to None, run_after=None
[2025-12-13T10:30:14.531+0000] {processor.py:208} INFO - Processing /home/airflow/.local/lib/python3.12/site-packages/airflow/example_dags/example_dynamic_task_mapping.py took 0.352 seconds
[2025-12-13T10:30:45.473+0000] {processor.py:186} INFO - Started process (PID=1857) to work on /home/airflow/.local/lib/python3.12/site-packages/airflow/example_dags/example_dynamic_task_mapping.py
[2025-12-13T10:30:45.474+0000] {processor.py:914} INFO - Processing file /home/airflow/.local/lib/python3.12/site-packages/airflow/example_dags/example_dynamic_task_mapping.py for tasks to queue
[2025-12-13T10:30:45.478+0000] {logging_mixin.py:190} INFO - [2025-12-13T10:30:45.478+0000] {dagbag.py:588} INFO - Filling up the DagBag from /home/airflow/.local/lib/python3.12/site-packages/airflow/example_dags/example_dynamic_task_mapping.py
[2025-12-13T10:30:45.496+0000] {processor.py:925} INFO - DAG(s) 'example_dynamic_task_mapping' retrieved from /home/airflow/.local/lib/python3.12/site-packages/airflow/example_dags/example_dynamic_task_mapping.py
[2025-12-13T10:30:45.549+0000] {logging_mixin.py:190} INFO - [2025-12-13T10:30:45.548+0000] {dag.py:3239} INFO - Sync 1 DAGs
[2025-12-13T10:30:45.591+0000] {logging_mixin.py:190} INFO - [2025-12-13T10:30:45.590+0000] {dag.py:4180} INFO - Setting next_dagrun for example_dynamic_task_mapping to None, run_after=None
[2025-12-13T10:30:45.634+0000] {processor.py:208} INFO - Processing /home/airflow/.local/lib/python3.12/site-packages/airflow/example_dags/example_dynamic_task_mapping.py took 0.173 seconds
[2025-12-13T10:31:15.961+0000] {processor.py:186} INFO - Started process (PID=1919) to work on /home/airflow/.local/lib/python3.12/site-packages/airflow/example_dags/example_dynamic_task_mapping.py
[2025-12-13T10:31:15.967+0000] {processor.py:914} INFO - Processing file /home/airflow/.local/lib/python3.12/site-packages/airflow/example_dags/example_dynamic_task_mapping.py for tasks to queue
[2025-12-13T10:31:15.998+0000] {logging_mixin.py:190} INFO - [2025-12-13T10:31:15.991+0000] {dagbag.py:588} INFO - Filling up the DagBag from /home/airflow/.local/lib/python3.12/site-packages/airflow/example_dags/example_dynamic_task_mapping.py
[2025-12-13T10:31:16.027+0000] {processor.py:925} INFO - DAG(s) 'example_dynamic_task_mapping' retrieved from /home/airflow/.local/lib/python3.12/site-packages/airflow/example_dags/example_dynamic_task_mapping.py
[2025-12-13T10:31:16.063+0000] {logging_mixin.py:190} INFO - [2025-12-13T10:31:16.063+0000] {dag.py:3239} INFO - Sync 1 DAGs
[2025-12-13T10:31:16.096+0000] {logging_mixin.py:190} INFO - [2025-12-13T10:31:16.096+0000] {dag.py:4180} INFO - Setting next_dagrun for example_dynamic_task_mapping to None, run_after=None
[2025-12-13T10:31:16.136+0000] {processor.py:208} INFO - Processing /home/airflow/.local/lib/python3.12/site-packages/airflow/example_dags/example_dynamic_task_mapping.py took 0.188 seconds
[2025-12-13T10:31:46.316+0000] {processor.py:186} INFO - Started process (PID=1988) to work on /home/airflow/.local/lib/python3.12/site-packages/airflow/example_dags/example_dynamic_task_mapping.py
[2025-12-13T10:31:46.317+0000] {processor.py:914} INFO - Processing file /home/airflow/.local/lib/python3.12/site-packages/airflow/example_dags/example_dynamic_task_mapping.py for tasks to queue
[2025-12-13T10:31:46.320+0000] {logging_mixin.py:190} INFO - [2025-12-13T10:31:46.320+0000] {dagbag.py:588} INFO - Filling up the DagBag from /home/airflow/.local/lib/python3.12/site-packages/airflow/example_dags/example_dynamic_task_mapping.py
[2025-12-13T10:31:46.337+0000] {processor.py:925} INFO - DAG(s) 'example_dynamic_task_mapping' retrieved from /home/airflow/.local/lib/python3.12/site-packages/airflow/example_dags/example_dynamic_task_mapping.py
[2025-12-13T10:31:46.378+0000] {logging_mixin.py:190} INFO - [2025-12-13T10:31:46.377+0000] {dag.py:3239} INFO - Sync 1 DAGs
[2025-12-13T10:31:46.408+0000] {logging_mixin.py:190} INFO - [2025-12-13T10:31:46.408+0000] {dag.py:4180} INFO - Setting next_dagrun for example_dynamic_task_mapping to None, run_after=None
[2025-12-13T10:31:46.434+0000] {processor.py:208} INFO - Processing /home/airflow/.local/lib/python3.12/site-packages/airflow/example_dags/example_dynamic_task_mapping.py took 0.131 seconds
[2025-12-13T10:32:16.736+0000] {processor.py:186} INFO - Started process (PID=2051) to work on /home/airflow/.local/lib/python3.12/site-packages/airflow/example_dags/example_dynamic_task_mapping.py
[2025-12-13T10:32:16.739+0000] {processor.py:914} INFO - Processing file /home/airflow/.local/lib/python3.12/site-packages/airflow/example_dags/example_dynamic_task_mapping.py for tasks to queue
[2025-12-13T10:32:16.747+0000] {logging_mixin.py:190} INFO - [2025-12-13T10:32:16.747+0000] {dagbag.py:588} INFO - Filling up the DagBag from /home/airflow/.local/lib/python3.12/site-packages/airflow/example_dags/example_dynamic_task_mapping.py
[2025-12-13T10:32:16.776+0000] {processor.py:925} INFO - DAG(s) 'example_dynamic_task_mapping' retrieved from /home/airflow/.local/lib/python3.12/site-packages/airflow/example_dags/example_dynamic_task_mapping.py
[2025-12-13T10:32:16.836+0000] {logging_mixin.py:190} INFO - [2025-12-13T10:32:16.832+0000] {dag.py:3239} INFO - Sync 1 DAGs
[2025-12-13T10:32:16.889+0000] {logging_mixin.py:190} INFO - [2025-12-13T10:32:16.889+0000] {dag.py:4180} INFO - Setting next_dagrun for example_dynamic_task_mapping to None, run_after=None
[2025-12-13T10:32:16.924+0000] {processor.py:208} INFO - Processing /home/airflow/.local/lib/python3.12/site-packages/airflow/example_dags/example_dynamic_task_mapping.py took 0.204 seconds
[2025-12-13T10:32:47.023+0000] {processor.py:186} INFO - Started process (PID=2113) to work on /home/airflow/.local/lib/python3.12/site-packages/airflow/example_dags/example_dynamic_task_mapping.py
[2025-12-13T10:32:47.035+0000] {processor.py:914} INFO - Processing file /home/airflow/.local/lib/python3.12/site-packages/airflow/example_dags/example_dynamic_task_mapping.py for tasks to queue
[2025-12-13T10:32:47.062+0000] {logging_mixin.py:190} INFO - [2025-12-13T10:32:47.061+0000] {dagbag.py:588} INFO - Filling up the DagBag from /home/airflow/.local/lib/python3.12/site-packages/airflow/example_dags/example_dynamic_task_mapping.py
[2025-12-13T10:32:47.094+0000] {processor.py:925} INFO - DAG(s) 'example_dynamic_task_mapping' retrieved from /home/airflow/.local/lib/python3.12/site-packages/airflow/example_dags/example_dynamic_task_mapping.py
[2025-12-13T10:32:47.136+0000] {logging_mixin.py:190} INFO - [2025-12-13T10:32:47.136+0000] {dag.py:3239} INFO - Sync 1 DAGs
[2025-12-13T10:32:47.171+0000] {logging_mixin.py:190} INFO - [2025-12-13T10:32:47.171+0000] {dag.py:4180} INFO - Setting next_dagrun for example_dynamic_task_mapping to None, run_after=None
[2025-12-13T10:32:47.225+0000] {processor.py:208} INFO - Processing /home/airflow/.local/lib/python3.12/site-packages/airflow/example_dags/example_dynamic_task_mapping.py took 0.220 seconds
[2025-12-13T10:33:17.520+0000] {processor.py:186} INFO - Started process (PID=2175) to work on /home/airflow/.local/lib/python3.12/site-packages/airflow/example_dags/example_dynamic_task_mapping.py
[2025-12-13T10:33:17.522+0000] {processor.py:914} INFO - Processing file /home/airflow/.local/lib/python3.12/site-packages/airflow/example_dags/example_dynamic_task_mapping.py for tasks to queue
[2025-12-13T10:33:17.526+0000] {logging_mixin.py:190} INFO - [2025-12-13T10:33:17.526+0000] {dagbag.py:588} INFO - Filling up the DagBag from /home/airflow/.local/lib/python3.12/site-packages/airflow/example_dags/example_dynamic_task_mapping.py
[2025-12-13T10:33:17.543+0000] {processor.py:925} INFO - DAG(s) 'example_dynamic_task_mapping' retrieved from /home/airflow/.local/lib/python3.12/site-packages/airflow/example_dags/example_dynamic_task_mapping.py
[2025-12-13T10:33:17.583+0000] {logging_mixin.py:190} INFO - [2025-12-13T10:33:17.582+0000] {dag.py:3239} INFO - Sync 1 DAGs
[2025-12-13T10:33:17.614+0000] {logging_mixin.py:190} INFO - [2025-12-13T10:33:17.614+0000] {dag.py:4180} INFO - Setting next_dagrun for example_dynamic_task_mapping to None, run_after=None
[2025-12-13T10:33:17.651+0000] {processor.py:208} INFO - Processing /home/airflow/.local/lib/python3.12/site-packages/airflow/example_dags/example_dynamic_task_mapping.py took 0.144 seconds
[2025-12-13T10:33:48.126+0000] {processor.py:186} INFO - Started process (PID=2238) to work on /home/airflow/.local/lib/python3.12/site-packages/airflow/example_dags/example_dynamic_task_mapping.py
[2025-12-13T10:33:48.127+0000] {processor.py:914} INFO - Processing file /home/airflow/.local/lib/python3.12/site-packages/airflow/example_dags/example_dynamic_task_mapping.py for tasks to queue
[2025-12-13T10:33:48.130+0000] {logging_mixin.py:190} INFO - [2025-12-13T10:33:48.130+0000] {dagbag.py:588} INFO - Filling up the DagBag from /home/airflow/.local/lib/python3.12/site-packages/airflow/example_dags/example_dynamic_task_mapping.py
[2025-12-13T10:33:48.145+0000] {processor.py:925} INFO - DAG(s) 'example_dynamic_task_mapping' retrieved from /home/airflow/.local/lib/python3.12/site-packages/airflow/example_dags/example_dynamic_task_mapping.py
[2025-12-13T10:33:48.174+0000] {logging_mixin.py:190} INFO - [2025-12-13T10:33:48.173+0000] {dag.py:3239} INFO - Sync 1 DAGs
[2025-12-13T10:33:48.196+0000] {logging_mixin.py:190} INFO - [2025-12-13T10:33:48.196+0000] {dag.py:4180} INFO - Setting next_dagrun for example_dynamic_task_mapping to None, run_after=None
[2025-12-13T10:33:48.221+0000] {processor.py:208} INFO - Processing /home/airflow/.local/lib/python3.12/site-packages/airflow/example_dags/example_dynamic_task_mapping.py took 0.104 seconds
[2025-12-13T10:34:18.651+0000] {processor.py:186} INFO - Started process (PID=2302) to work on /home/airflow/.local/lib/python3.12/site-packages/airflow/example_dags/example_dynamic_task_mapping.py
[2025-12-13T10:34:18.652+0000] {processor.py:914} INFO - Processing file /home/airflow/.local/lib/python3.12/site-packages/airflow/example_dags/example_dynamic_task_mapping.py for tasks to queue
[2025-12-13T10:34:18.657+0000] {logging_mixin.py:190} INFO - [2025-12-13T10:34:18.656+0000] {dagbag.py:588} INFO - Filling up the DagBag from /home/airflow/.local/lib/python3.12/site-packages/airflow/example_dags/example_dynamic_task_mapping.py
[2025-12-13T10:34:18.675+0000] {processor.py:925} INFO - DAG(s) 'example_dynamic_task_mapping' retrieved from /home/airflow/.local/lib/python3.12/site-packages/airflow/example_dags/example_dynamic_task_mapping.py
[2025-12-13T10:34:18.720+0000] {logging_mixin.py:190} INFO - [2025-12-13T10:34:18.720+0000] {dag.py:3239} INFO - Sync 1 DAGs
[2025-12-13T10:34:18.754+0000] {logging_mixin.py:190} INFO - [2025-12-13T10:34:18.754+0000] {dag.py:4180} INFO - Setting next_dagrun for example_dynamic_task_mapping to None, run_after=None
[2025-12-13T10:34:18.785+0000] {processor.py:208} INFO - Processing /home/airflow/.local/lib/python3.12/site-packages/airflow/example_dags/example_dynamic_task_mapping.py took 0.147 seconds
[2025-12-13T10:34:49.247+0000] {processor.py:186} INFO - Started process (PID=2365) to work on /home/airflow/.local/lib/python3.12/site-packages/airflow/example_dags/example_dynamic_task_mapping.py
[2025-12-13T10:34:49.248+0000] {processor.py:914} INFO - Processing file /home/airflow/.local/lib/python3.12/site-packages/airflow/example_dags/example_dynamic_task_mapping.py for tasks to queue
[2025-12-13T10:34:49.251+0000] {logging_mixin.py:190} INFO - [2025-12-13T10:34:49.251+0000] {dagbag.py:588} INFO - Filling up the DagBag from /home/airflow/.local/lib/python3.12/site-packages/airflow/example_dags/example_dynamic_task_mapping.py
[2025-12-13T10:34:49.266+0000] {processor.py:925} INFO - DAG(s) 'example_dynamic_task_mapping' retrieved from /home/airflow/.local/lib/python3.12/site-packages/airflow/example_dags/example_dynamic_task_mapping.py
[2025-12-13T10:34:49.297+0000] {logging_mixin.py:190} INFO - [2025-12-13T10:34:49.297+0000] {dag.py:3239} INFO - Sync 1 DAGs
[2025-12-13T10:34:49.326+0000] {logging_mixin.py:190} INFO - [2025-12-13T10:34:49.326+0000] {dag.py:4180} INFO - Setting next_dagrun for example_dynamic_task_mapping to None, run_after=None
[2025-12-13T10:34:49.355+0000] {processor.py:208} INFO - Processing /home/airflow/.local/lib/python3.12/site-packages/airflow/example_dags/example_dynamic_task_mapping.py took 0.119 seconds
[2025-12-13T10:35:20.021+0000] {processor.py:186} INFO - Started process (PID=2428) to work on /home/airflow/.local/lib/python3.12/site-packages/airflow/example_dags/example_dynamic_task_mapping.py
[2025-12-13T10:35:20.023+0000] {processor.py:914} INFO - Processing file /home/airflow/.local/lib/python3.12/site-packages/airflow/example_dags/example_dynamic_task_mapping.py for tasks to queue
[2025-12-13T10:35:20.027+0000] {logging_mixin.py:190} INFO - [2025-12-13T10:35:20.026+0000] {dagbag.py:588} INFO - Filling up the DagBag from /home/airflow/.local/lib/python3.12/site-packages/airflow/example_dags/example_dynamic_task_mapping.py
[2025-12-13T10:35:20.043+0000] {processor.py:925} INFO - DAG(s) 'example_dynamic_task_mapping' retrieved from /home/airflow/.local/lib/python3.12/site-packages/airflow/example_dags/example_dynamic_task_mapping.py
[2025-12-13T10:35:20.080+0000] {logging_mixin.py:190} INFO - [2025-12-13T10:35:20.079+0000] {dag.py:3239} INFO - Sync 1 DAGs
[2025-12-13T10:35:20.111+0000] {logging_mixin.py:190} INFO - [2025-12-13T10:35:20.111+0000] {dag.py:4180} INFO - Setting next_dagrun for example_dynamic_task_mapping to None, run_after=None
[2025-12-13T10:35:20.151+0000] {processor.py:208} INFO - Processing /home/airflow/.local/lib/python3.12/site-packages/airflow/example_dags/example_dynamic_task_mapping.py took 0.142 seconds
[2025-12-13T10:35:50.925+0000] {processor.py:186} INFO - Started process (PID=2491) to work on /home/airflow/.local/lib/python3.12/site-packages/airflow/example_dags/example_dynamic_task_mapping.py
[2025-12-13T10:35:50.928+0000] {processor.py:914} INFO - Processing file /home/airflow/.local/lib/python3.12/site-packages/airflow/example_dags/example_dynamic_task_mapping.py for tasks to queue
[2025-12-13T10:35:50.937+0000] {logging_mixin.py:190} INFO - [2025-12-13T10:35:50.936+0000] {dagbag.py:588} INFO - Filling up the DagBag from /home/airflow/.local/lib/python3.12/site-packages/airflow/example_dags/example_dynamic_task_mapping.py
[2025-12-13T10:35:50.961+0000] {processor.py:925} INFO - DAG(s) 'example_dynamic_task_mapping' retrieved from /home/airflow/.local/lib/python3.12/site-packages/airflow/example_dags/example_dynamic_task_mapping.py
[2025-12-13T10:35:51.058+0000] {logging_mixin.py:190} INFO - [2025-12-13T10:35:51.057+0000] {dag.py:3239} INFO - Sync 1 DAGs
[2025-12-13T10:35:51.138+0000] {logging_mixin.py:190} INFO - [2025-12-13T10:35:51.138+0000] {dag.py:4180} INFO - Setting next_dagrun for example_dynamic_task_mapping to None, run_after=None
[2025-12-13T10:35:51.229+0000] {processor.py:208} INFO - Processing /home/airflow/.local/lib/python3.12/site-packages/airflow/example_dags/example_dynamic_task_mapping.py took 0.317 seconds
[2025-12-13T10:36:21.679+0000] {processor.py:186} INFO - Started process (PID=2554) to work on /home/airflow/.local/lib/python3.12/site-packages/airflow/example_dags/example_dynamic_task_mapping.py
[2025-12-13T10:36:21.681+0000] {processor.py:914} INFO - Processing file /home/airflow/.local/lib/python3.12/site-packages/airflow/example_dags/example_dynamic_task_mapping.py for tasks to queue
[2025-12-13T10:36:21.686+0000] {logging_mixin.py:190} INFO - [2025-12-13T10:36:21.685+0000] {dagbag.py:588} INFO - Filling up the DagBag from /home/airflow/.local/lib/python3.12/site-packages/airflow/example_dags/example_dynamic_task_mapping.py
[2025-12-13T10:36:21.708+0000] {processor.py:925} INFO - DAG(s) 'example_dynamic_task_mapping' retrieved from /home/airflow/.local/lib/python3.12/site-packages/airflow/example_dags/example_dynamic_task_mapping.py
[2025-12-13T10:36:21.752+0000] {logging_mixin.py:190} INFO - [2025-12-13T10:36:21.752+0000] {dag.py:3239} INFO - Sync 1 DAGs
[2025-12-13T10:36:21.784+0000] {logging_mixin.py:190} INFO - [2025-12-13T10:36:21.783+0000] {dag.py:4180} INFO - Setting next_dagrun for example_dynamic_task_mapping to None, run_after=None
[2025-12-13T10:36:21.820+0000] {processor.py:208} INFO - Processing /home/airflow/.local/lib/python3.12/site-packages/airflow/example_dags/example_dynamic_task_mapping.py took 0.158 seconds
[2025-12-13T10:36:53.102+0000] {processor.py:186} INFO - Started process (PID=2618) to work on /home/airflow/.local/lib/python3.12/site-packages/airflow/example_dags/example_dynamic_task_mapping.py
[2025-12-13T10:36:53.103+0000] {processor.py:914} INFO - Processing file /home/airflow/.local/lib/python3.12/site-packages/airflow/example_dags/example_dynamic_task_mapping.py for tasks to queue
[2025-12-13T10:36:53.107+0000] {logging_mixin.py:190} INFO - [2025-12-13T10:36:53.106+0000] {dagbag.py:588} INFO - Filling up the DagBag from /home/airflow/.local/lib/python3.12/site-packages/airflow/example_dags/example_dynamic_task_mapping.py
[2025-12-13T10:36:53.124+0000] {processor.py:925} INFO - DAG(s) 'example_dynamic_task_mapping' retrieved from /home/airflow/.local/lib/python3.12/site-packages/airflow/example_dags/example_dynamic_task_mapping.py
[2025-12-13T10:36:53.161+0000] {logging_mixin.py:190} INFO - [2025-12-13T10:36:53.160+0000] {dag.py:3239} INFO - Sync 1 DAGs
[2025-12-13T10:36:53.187+0000] {logging_mixin.py:190} INFO - [2025-12-13T10:36:53.187+0000] {dag.py:4180} INFO - Setting next_dagrun for example_dynamic_task_mapping to None, run_after=None
[2025-12-13T10:36:53.219+0000] {processor.py:208} INFO - Processing /home/airflow/.local/lib/python3.12/site-packages/airflow/example_dags/example_dynamic_task_mapping.py took 0.131 seconds
[2025-12-13T10:37:23.997+0000] {processor.py:186} INFO - Started process (PID=2681) to work on /home/airflow/.local/lib/python3.12/site-packages/airflow/example_dags/example_dynamic_task_mapping.py
[2025-12-13T10:37:23.999+0000] {processor.py:914} INFO - Processing file /home/airflow/.local/lib/python3.12/site-packages/airflow/example_dags/example_dynamic_task_mapping.py for tasks to queue
[2025-12-13T10:37:24.003+0000] {logging_mixin.py:190} INFO - [2025-12-13T10:37:24.002+0000] {dagbag.py:588} INFO - Filling up the DagBag from /home/airflow/.local/lib/python3.12/site-packages/airflow/example_dags/example_dynamic_task_mapping.py
[2025-12-13T10:37:24.020+0000] {processor.py:925} INFO - DAG(s) 'example_dynamic_task_mapping' retrieved from /home/airflow/.local/lib/python3.12/site-packages/airflow/example_dags/example_dynamic_task_mapping.py
[2025-12-13T10:37:24.063+0000] {logging_mixin.py:190} INFO - [2025-12-13T10:37:24.063+0000] {dag.py:3239} INFO - Sync 1 DAGs
[2025-12-13T10:37:24.097+0000] {logging_mixin.py:190} INFO - [2025-12-13T10:37:24.097+0000] {dag.py:4180} INFO - Setting next_dagrun for example_dynamic_task_mapping to None, run_after=None
[2025-12-13T10:37:24.140+0000] {processor.py:208} INFO - Processing /home/airflow/.local/lib/python3.12/site-packages/airflow/example_dags/example_dynamic_task_mapping.py took 0.155 seconds
[2025-12-13T10:37:56.409+0000] {processor.py:186} INFO - Started process (PID=2744) to work on /home/airflow/.local/lib/python3.12/site-packages/airflow/example_dags/example_dynamic_task_mapping.py
[2025-12-13T10:37:56.411+0000] {processor.py:914} INFO - Processing file /home/airflow/.local/lib/python3.12/site-packages/airflow/example_dags/example_dynamic_task_mapping.py for tasks to queue
[2025-12-13T10:37:56.416+0000] {logging_mixin.py:190} INFO - [2025-12-13T10:37:56.415+0000] {dagbag.py:588} INFO - Filling up the DagBag from /home/airflow/.local/lib/python3.12/site-packages/airflow/example_dags/example_dynamic_task_mapping.py
[2025-12-13T10:37:56.433+0000] {processor.py:925} INFO - DAG(s) 'example_dynamic_task_mapping' retrieved from /home/airflow/.local/lib/python3.12/site-packages/airflow/example_dags/example_dynamic_task_mapping.py
[2025-12-13T10:37:56.471+0000] {logging_mixin.py:190} INFO - [2025-12-13T10:37:56.471+0000] {dag.py:3239} INFO - Sync 1 DAGs
[2025-12-13T10:37:56.504+0000] {logging_mixin.py:190} INFO - [2025-12-13T10:37:56.504+0000] {dag.py:4180} INFO - Setting next_dagrun for example_dynamic_task_mapping to None, run_after=None
[2025-12-13T10:37:56.546+0000] {processor.py:208} INFO - Processing /home/airflow/.local/lib/python3.12/site-packages/airflow/example_dags/example_dynamic_task_mapping.py took 0.152 seconds
[2025-12-13T10:38:30.212+0000] {processor.py:186} INFO - Started process (PID=2809) to work on /home/airflow/.local/lib/python3.12/site-packages/airflow/example_dags/example_dynamic_task_mapping.py
[2025-12-13T10:38:30.217+0000] {processor.py:914} INFO - Processing file /home/airflow/.local/lib/python3.12/site-packages/airflow/example_dags/example_dynamic_task_mapping.py for tasks to queue
[2025-12-13T10:38:30.224+0000] {logging_mixin.py:190} INFO - [2025-12-13T10:38:30.223+0000] {dagbag.py:588} INFO - Filling up the DagBag from /home/airflow/.local/lib/python3.12/site-packages/airflow/example_dags/example_dynamic_task_mapping.py
[2025-12-13T10:38:30.253+0000] {processor.py:925} INFO - DAG(s) 'example_dynamic_task_mapping' retrieved from /home/airflow/.local/lib/python3.12/site-packages/airflow/example_dags/example_dynamic_task_mapping.py
[2025-12-13T10:38:30.291+0000] {logging_mixin.py:190} INFO - [2025-12-13T10:38:30.291+0000] {dag.py:3239} INFO - Sync 1 DAGs
[2025-12-13T10:38:30.325+0000] {logging_mixin.py:190} INFO - [2025-12-13T10:38:30.325+0000] {dag.py:4180} INFO - Setting next_dagrun for example_dynamic_task_mapping to None, run_after=None
[2025-12-13T10:38:30.381+0000] {processor.py:208} INFO - Processing /home/airflow/.local/lib/python3.12/site-packages/airflow/example_dags/example_dynamic_task_mapping.py took 0.199 seconds
[2025-12-13T10:39:00.577+0000] {processor.py:186} INFO - Started process (PID=2871) to work on /home/airflow/.local/lib/python3.12/site-packages/airflow/example_dags/example_dynamic_task_mapping.py
[2025-12-13T10:39:00.578+0000] {processor.py:914} INFO - Processing file /home/airflow/.local/lib/python3.12/site-packages/airflow/example_dags/example_dynamic_task_mapping.py for tasks to queue
[2025-12-13T10:39:00.583+0000] {logging_mixin.py:190} INFO - [2025-12-13T10:39:00.582+0000] {dagbag.py:588} INFO - Filling up the DagBag from /home/airflow/.local/lib/python3.12/site-packages/airflow/example_dags/example_dynamic_task_mapping.py
[2025-12-13T10:39:00.602+0000] {processor.py:925} INFO - DAG(s) 'example_dynamic_task_mapping' retrieved from /home/airflow/.local/lib/python3.12/site-packages/airflow/example_dags/example_dynamic_task_mapping.py
[2025-12-13T10:39:00.641+0000] {logging_mixin.py:190} INFO - [2025-12-13T10:39:00.641+0000] {dag.py:3239} INFO - Sync 1 DAGs
[2025-12-13T10:39:00.674+0000] {logging_mixin.py:190} INFO - [2025-12-13T10:39:00.674+0000] {dag.py:4180} INFO - Setting next_dagrun for example_dynamic_task_mapping to None, run_after=None
[2025-12-13T10:39:00.706+0000] {processor.py:208} INFO - Processing /home/airflow/.local/lib/python3.12/site-packages/airflow/example_dags/example_dynamic_task_mapping.py took 0.143 seconds
[2025-12-13T10:39:30.993+0000] {processor.py:186} INFO - Started process (PID=2935) to work on /home/airflow/.local/lib/python3.12/site-packages/airflow/example_dags/example_dynamic_task_mapping.py
[2025-12-13T10:39:30.994+0000] {processor.py:914} INFO - Processing file /home/airflow/.local/lib/python3.12/site-packages/airflow/example_dags/example_dynamic_task_mapping.py for tasks to queue
[2025-12-13T10:39:30.997+0000] {logging_mixin.py:190} INFO - [2025-12-13T10:39:30.997+0000] {dagbag.py:588} INFO - Filling up the DagBag from /home/airflow/.local/lib/python3.12/site-packages/airflow/example_dags/example_dynamic_task_mapping.py
[2025-12-13T10:39:31.012+0000] {processor.py:925} INFO - DAG(s) 'example_dynamic_task_mapping' retrieved from /home/airflow/.local/lib/python3.12/site-packages/airflow/example_dags/example_dynamic_task_mapping.py
[2025-12-13T10:39:31.045+0000] {logging_mixin.py:190} INFO - [2025-12-13T10:39:31.045+0000] {dag.py:3239} INFO - Sync 1 DAGs
[2025-12-13T10:39:31.072+0000] {logging_mixin.py:190} INFO - [2025-12-13T10:39:31.072+0000] {dag.py:4180} INFO - Setting next_dagrun for example_dynamic_task_mapping to None, run_after=None
[2025-12-13T10:39:31.103+0000] {processor.py:208} INFO - Processing /home/airflow/.local/lib/python3.12/site-packages/airflow/example_dags/example_dynamic_task_mapping.py took 0.123 seconds
[2025-12-13T10:40:01.394+0000] {processor.py:186} INFO - Started process (PID=2997) to work on /home/airflow/.local/lib/python3.12/site-packages/airflow/example_dags/example_dynamic_task_mapping.py
[2025-12-13T10:40:01.396+0000] {processor.py:914} INFO - Processing file /home/airflow/.local/lib/python3.12/site-packages/airflow/example_dags/example_dynamic_task_mapping.py for tasks to queue
[2025-12-13T10:40:01.399+0000] {logging_mixin.py:190} INFO - [2025-12-13T10:40:01.399+0000] {dagbag.py:588} INFO - Filling up the DagBag from /home/airflow/.local/lib/python3.12/site-packages/airflow/example_dags/example_dynamic_task_mapping.py
[2025-12-13T10:40:01.415+0000] {processor.py:925} INFO - DAG(s) 'example_dynamic_task_mapping' retrieved from /home/airflow/.local/lib/python3.12/site-packages/airflow/example_dags/example_dynamic_task_mapping.py
[2025-12-13T10:40:01.447+0000] {logging_mixin.py:190} INFO - [2025-12-13T10:40:01.447+0000] {dag.py:3239} INFO - Sync 1 DAGs
[2025-12-13T10:40:01.471+0000] {logging_mixin.py:190} INFO - [2025-12-13T10:40:01.470+0000] {dag.py:4180} INFO - Setting next_dagrun for example_dynamic_task_mapping to None, run_after=None
[2025-12-13T10:40:01.506+0000] {processor.py:208} INFO - Processing /home/airflow/.local/lib/python3.12/site-packages/airflow/example_dags/example_dynamic_task_mapping.py took 0.122 seconds
[2025-12-13T10:40:32.553+0000] {processor.py:186} INFO - Started process (PID=3060) to work on /home/airflow/.local/lib/python3.12/site-packages/airflow/example_dags/example_dynamic_task_mapping.py
[2025-12-13T10:40:32.554+0000] {processor.py:914} INFO - Processing file /home/airflow/.local/lib/python3.12/site-packages/airflow/example_dags/example_dynamic_task_mapping.py for tasks to queue
[2025-12-13T10:40:32.559+0000] {logging_mixin.py:190} INFO - [2025-12-13T10:40:32.558+0000] {dagbag.py:588} INFO - Filling up the DagBag from /home/airflow/.local/lib/python3.12/site-packages/airflow/example_dags/example_dynamic_task_mapping.py
[2025-12-13T10:40:32.575+0000] {processor.py:925} INFO - DAG(s) 'example_dynamic_task_mapping' retrieved from /home/airflow/.local/lib/python3.12/site-packages/airflow/example_dags/example_dynamic_task_mapping.py
[2025-12-13T10:40:32.617+0000] {logging_mixin.py:190} INFO - [2025-12-13T10:40:32.617+0000] {dag.py:3239} INFO - Sync 1 DAGs
[2025-12-13T10:40:32.886+0000] {logging_mixin.py:190} INFO - [2025-12-13T10:40:32.885+0000] {dag.py:4180} INFO - Setting next_dagrun for example_dynamic_task_mapping to None, run_after=None
[2025-12-13T10:40:32.913+0000] {processor.py:208} INFO - Processing /home/airflow/.local/lib/python3.12/site-packages/airflow/example_dags/example_dynamic_task_mapping.py took 0.371 seconds
[2025-12-13T10:41:03.430+0000] {processor.py:186} INFO - Started process (PID=3123) to work on /home/airflow/.local/lib/python3.12/site-packages/airflow/example_dags/example_dynamic_task_mapping.py
[2025-12-13T10:41:03.431+0000] {processor.py:914} INFO - Processing file /home/airflow/.local/lib/python3.12/site-packages/airflow/example_dags/example_dynamic_task_mapping.py for tasks to queue
[2025-12-13T10:41:03.436+0000] {logging_mixin.py:190} INFO - [2025-12-13T10:41:03.435+0000] {dagbag.py:588} INFO - Filling up the DagBag from /home/airflow/.local/lib/python3.12/site-packages/airflow/example_dags/example_dynamic_task_mapping.py
[2025-12-13T10:41:03.452+0000] {processor.py:925} INFO - DAG(s) 'example_dynamic_task_mapping' retrieved from /home/airflow/.local/lib/python3.12/site-packages/airflow/example_dags/example_dynamic_task_mapping.py
[2025-12-13T10:41:03.490+0000] {logging_mixin.py:190} INFO - [2025-12-13T10:41:03.490+0000] {dag.py:3239} INFO - Sync 1 DAGs
[2025-12-13T10:41:03.524+0000] {logging_mixin.py:190} INFO - [2025-12-13T10:41:03.524+0000] {dag.py:4180} INFO - Setting next_dagrun for example_dynamic_task_mapping to None, run_after=None
[2025-12-13T10:41:03.562+0000] {processor.py:208} INFO - Processing /home/airflow/.local/lib/python3.12/site-packages/airflow/example_dags/example_dynamic_task_mapping.py took 0.144 seconds
[2025-12-13T10:41:33.884+0000] {processor.py:186} INFO - Started process (PID=3185) to work on /home/airflow/.local/lib/python3.12/site-packages/airflow/example_dags/example_dynamic_task_mapping.py
[2025-12-13T10:41:33.885+0000] {processor.py:914} INFO - Processing file /home/airflow/.local/lib/python3.12/site-packages/airflow/example_dags/example_dynamic_task_mapping.py for tasks to queue
[2025-12-13T10:41:33.896+0000] {logging_mixin.py:190} INFO - [2025-12-13T10:41:33.895+0000] {dagbag.py:588} INFO - Filling up the DagBag from /home/airflow/.local/lib/python3.12/site-packages/airflow/example_dags/example_dynamic_task_mapping.py
[2025-12-13T10:41:33.935+0000] {processor.py:925} INFO - DAG(s) 'example_dynamic_task_mapping' retrieved from /home/airflow/.local/lib/python3.12/site-packages/airflow/example_dags/example_dynamic_task_mapping.py
[2025-12-13T10:41:34.038+0000] {logging_mixin.py:190} INFO - [2025-12-13T10:41:34.037+0000] {dag.py:3239} INFO - Sync 1 DAGs
[2025-12-13T10:41:34.116+0000] {logging_mixin.py:190} INFO - [2025-12-13T10:41:34.115+0000] {dag.py:4180} INFO - Setting next_dagrun for example_dynamic_task_mapping to None, run_after=None
[2025-12-13T10:41:34.206+0000] {processor.py:208} INFO - Processing /home/airflow/.local/lib/python3.12/site-packages/airflow/example_dags/example_dynamic_task_mapping.py took 0.350 seconds
[2025-12-13T10:42:05.549+0000] {processor.py:186} INFO - Started process (PID=3251) to work on /home/airflow/.local/lib/python3.12/site-packages/airflow/example_dags/example_dynamic_task_mapping.py
[2025-12-13T10:42:05.551+0000] {processor.py:914} INFO - Processing file /home/airflow/.local/lib/python3.12/site-packages/airflow/example_dags/example_dynamic_task_mapping.py for tasks to queue
[2025-12-13T10:42:05.554+0000] {logging_mixin.py:190} INFO - [2025-12-13T10:42:05.554+0000] {dagbag.py:588} INFO - Filling up the DagBag from /home/airflow/.local/lib/python3.12/site-packages/airflow/example_dags/example_dynamic_task_mapping.py
[2025-12-13T10:42:05.571+0000] {processor.py:925} INFO - DAG(s) 'example_dynamic_task_mapping' retrieved from /home/airflow/.local/lib/python3.12/site-packages/airflow/example_dags/example_dynamic_task_mapping.py
[2025-12-13T10:42:05.613+0000] {logging_mixin.py:190} INFO - [2025-12-13T10:42:05.612+0000] {dag.py:3239} INFO - Sync 1 DAGs
[2025-12-13T10:42:05.652+0000] {logging_mixin.py:190} INFO - [2025-12-13T10:42:05.651+0000] {dag.py:4180} INFO - Setting next_dagrun for example_dynamic_task_mapping to None, run_after=None
[2025-12-13T10:42:05.693+0000] {processor.py:208} INFO - Processing /home/airflow/.local/lib/python3.12/site-packages/airflow/example_dags/example_dynamic_task_mapping.py took 0.165 seconds
[2025-12-13T10:42:35.813+0000] {processor.py:186} INFO - Started process (PID=3314) to work on /home/airflow/.local/lib/python3.12/site-packages/airflow/example_dags/example_dynamic_task_mapping.py
[2025-12-13T10:42:35.815+0000] {processor.py:914} INFO - Processing file /home/airflow/.local/lib/python3.12/site-packages/airflow/example_dags/example_dynamic_task_mapping.py for tasks to queue
[2025-12-13T10:42:35.821+0000] {logging_mixin.py:190} INFO - [2025-12-13T10:42:35.820+0000] {dagbag.py:588} INFO - Filling up the DagBag from /home/airflow/.local/lib/python3.12/site-packages/airflow/example_dags/example_dynamic_task_mapping.py
[2025-12-13T10:42:35.837+0000] {processor.py:925} INFO - DAG(s) 'example_dynamic_task_mapping' retrieved from /home/airflow/.local/lib/python3.12/site-packages/airflow/example_dags/example_dynamic_task_mapping.py
[2025-12-13T10:42:35.874+0000] {logging_mixin.py:190} INFO - [2025-12-13T10:42:35.873+0000] {dag.py:3239} INFO - Sync 1 DAGs
[2025-12-13T10:42:35.907+0000] {logging_mixin.py:190} INFO - [2025-12-13T10:42:35.907+0000] {dag.py:4180} INFO - Setting next_dagrun for example_dynamic_task_mapping to None, run_after=None
[2025-12-13T10:42:35.942+0000] {processor.py:208} INFO - Processing /home/airflow/.local/lib/python3.12/site-packages/airflow/example_dags/example_dynamic_task_mapping.py took 0.142 seconds
[2025-12-13T10:43:06.216+0000] {processor.py:186} INFO - Started process (PID=3377) to work on /home/airflow/.local/lib/python3.12/site-packages/airflow/example_dags/example_dynamic_task_mapping.py
[2025-12-13T10:43:06.217+0000] {processor.py:914} INFO - Processing file /home/airflow/.local/lib/python3.12/site-packages/airflow/example_dags/example_dynamic_task_mapping.py for tasks to queue
[2025-12-13T10:43:06.221+0000] {logging_mixin.py:190} INFO - [2025-12-13T10:43:06.221+0000] {dagbag.py:588} INFO - Filling up the DagBag from /home/airflow/.local/lib/python3.12/site-packages/airflow/example_dags/example_dynamic_task_mapping.py
[2025-12-13T10:43:06.237+0000] {processor.py:925} INFO - DAG(s) 'example_dynamic_task_mapping' retrieved from /home/airflow/.local/lib/python3.12/site-packages/airflow/example_dags/example_dynamic_task_mapping.py
[2025-12-13T10:43:06.271+0000] {logging_mixin.py:190} INFO - [2025-12-13T10:43:06.271+0000] {dag.py:3239} INFO - Sync 1 DAGs
[2025-12-13T10:43:06.297+0000] {logging_mixin.py:190} INFO - [2025-12-13T10:43:06.297+0000] {dag.py:4180} INFO - Setting next_dagrun for example_dynamic_task_mapping to None, run_after=None
[2025-12-13T10:43:06.325+0000] {processor.py:208} INFO - Processing /home/airflow/.local/lib/python3.12/site-packages/airflow/example_dags/example_dynamic_task_mapping.py took 0.122 seconds
[2025-12-13T10:43:36.942+0000] {processor.py:186} INFO - Started process (PID=3440) to work on /home/airflow/.local/lib/python3.12/site-packages/airflow/example_dags/example_dynamic_task_mapping.py
[2025-12-13T10:43:36.943+0000] {processor.py:914} INFO - Processing file /home/airflow/.local/lib/python3.12/site-packages/airflow/example_dags/example_dynamic_task_mapping.py for tasks to queue
[2025-12-13T10:43:36.948+0000] {logging_mixin.py:190} INFO - [2025-12-13T10:43:36.947+0000] {dagbag.py:588} INFO - Filling up the DagBag from /home/airflow/.local/lib/python3.12/site-packages/airflow/example_dags/example_dynamic_task_mapping.py
[2025-12-13T10:43:36.967+0000] {processor.py:925} INFO - DAG(s) 'example_dynamic_task_mapping' retrieved from /home/airflow/.local/lib/python3.12/site-packages/airflow/example_dags/example_dynamic_task_mapping.py
[2025-12-13T10:43:37.009+0000] {logging_mixin.py:190} INFO - [2025-12-13T10:43:37.009+0000] {dag.py:3239} INFO - Sync 1 DAGs
[2025-12-13T10:43:37.039+0000] {logging_mixin.py:190} INFO - [2025-12-13T10:43:37.039+0000] {dag.py:4180} INFO - Setting next_dagrun for example_dynamic_task_mapping to None, run_after=None
[2025-12-13T10:43:37.079+0000] {processor.py:208} INFO - Processing /home/airflow/.local/lib/python3.12/site-packages/airflow/example_dags/example_dynamic_task_mapping.py took 0.157 seconds
[2025-12-13T10:44:11.068+0000] {processor.py:186} INFO - Started process (PID=3505) to work on /home/airflow/.local/lib/python3.12/site-packages/airflow/example_dags/example_dynamic_task_mapping.py
[2025-12-13T10:44:11.074+0000] {processor.py:914} INFO - Processing file /home/airflow/.local/lib/python3.12/site-packages/airflow/example_dags/example_dynamic_task_mapping.py for tasks to queue
[2025-12-13T10:44:11.086+0000] {logging_mixin.py:190} INFO - [2025-12-13T10:44:11.085+0000] {dagbag.py:588} INFO - Filling up the DagBag from /home/airflow/.local/lib/python3.12/site-packages/airflow/example_dags/example_dynamic_task_mapping.py
[2025-12-13T10:44:11.125+0000] {processor.py:925} INFO - DAG(s) 'example_dynamic_task_mapping' retrieved from /home/airflow/.local/lib/python3.12/site-packages/airflow/example_dags/example_dynamic_task_mapping.py
[2025-12-13T10:44:11.249+0000] {logging_mixin.py:190} INFO - [2025-12-13T10:44:11.248+0000] {dag.py:3239} INFO - Sync 1 DAGs
[2025-12-13T10:44:11.321+0000] {logging_mixin.py:190} INFO - [2025-12-13T10:44:11.320+0000] {dag.py:4180} INFO - Setting next_dagrun for example_dynamic_task_mapping to None, run_after=None
[2025-12-13T10:44:11.395+0000] {processor.py:208} INFO - Processing /home/airflow/.local/lib/python3.12/site-packages/airflow/example_dags/example_dynamic_task_mapping.py took 0.357 seconds
[2025-12-13T10:44:41.587+0000] {processor.py:186} INFO - Started process (PID=3567) to work on /home/airflow/.local/lib/python3.12/site-packages/airflow/example_dags/example_dynamic_task_mapping.py
[2025-12-13T10:44:41.590+0000] {processor.py:914} INFO - Processing file /home/airflow/.local/lib/python3.12/site-packages/airflow/example_dags/example_dynamic_task_mapping.py for tasks to queue
[2025-12-13T10:44:41.601+0000] {logging_mixin.py:190} INFO - [2025-12-13T10:44:41.598+0000] {dagbag.py:588} INFO - Filling up the DagBag from /home/airflow/.local/lib/python3.12/site-packages/airflow/example_dags/example_dynamic_task_mapping.py
[2025-12-13T10:44:41.638+0000] {processor.py:925} INFO - DAG(s) 'example_dynamic_task_mapping' retrieved from /home/airflow/.local/lib/python3.12/site-packages/airflow/example_dags/example_dynamic_task_mapping.py
[2025-12-13T10:44:41.720+0000] {logging_mixin.py:190} INFO - [2025-12-13T10:44:41.719+0000] {dag.py:3239} INFO - Sync 1 DAGs
[2025-12-13T10:44:41.789+0000] {logging_mixin.py:190} INFO - [2025-12-13T10:44:41.788+0000] {dag.py:4180} INFO - Setting next_dagrun for example_dynamic_task_mapping to None, run_after=None
[2025-12-13T10:44:41.855+0000] {processor.py:208} INFO - Processing /home/airflow/.local/lib/python3.12/site-packages/airflow/example_dags/example_dynamic_task_mapping.py took 0.295 seconds
[2025-12-13T10:45:12.880+0000] {processor.py:186} INFO - Started process (PID=3630) to work on /home/airflow/.local/lib/python3.12/site-packages/airflow/example_dags/example_dynamic_task_mapping.py
[2025-12-13T10:45:12.885+0000] {processor.py:914} INFO - Processing file /home/airflow/.local/lib/python3.12/site-packages/airflow/example_dags/example_dynamic_task_mapping.py for tasks to queue
[2025-12-13T10:45:12.889+0000] {logging_mixin.py:190} INFO - [2025-12-13T10:45:12.888+0000] {dagbag.py:588} INFO - Filling up the DagBag from /home/airflow/.local/lib/python3.12/site-packages/airflow/example_dags/example_dynamic_task_mapping.py
[2025-12-13T10:45:12.905+0000] {processor.py:925} INFO - DAG(s) 'example_dynamic_task_mapping' retrieved from /home/airflow/.local/lib/python3.12/site-packages/airflow/example_dags/example_dynamic_task_mapping.py
[2025-12-13T10:45:12.938+0000] {logging_mixin.py:190} INFO - [2025-12-13T10:45:12.937+0000] {dag.py:3239} INFO - Sync 1 DAGs
[2025-12-13T10:45:12.963+0000] {logging_mixin.py:190} INFO - [2025-12-13T10:45:12.963+0000] {dag.py:4180} INFO - Setting next_dagrun for example_dynamic_task_mapping to None, run_after=None
[2025-12-13T10:45:12.990+0000] {processor.py:208} INFO - Processing /home/airflow/.local/lib/python3.12/site-packages/airflow/example_dags/example_dynamic_task_mapping.py took 0.126 seconds
[2025-12-13T10:45:43.710+0000] {processor.py:186} INFO - Started process (PID=3693) to work on /home/airflow/.local/lib/python3.12/site-packages/airflow/example_dags/example_dynamic_task_mapping.py
[2025-12-13T10:45:43.711+0000] {processor.py:914} INFO - Processing file /home/airflow/.local/lib/python3.12/site-packages/airflow/example_dags/example_dynamic_task_mapping.py for tasks to queue
[2025-12-13T10:45:43.716+0000] {logging_mixin.py:190} INFO - [2025-12-13T10:45:43.716+0000] {dagbag.py:588} INFO - Filling up the DagBag from /home/airflow/.local/lib/python3.12/site-packages/airflow/example_dags/example_dynamic_task_mapping.py
[2025-12-13T10:45:43.730+0000] {processor.py:925} INFO - DAG(s) 'example_dynamic_task_mapping' retrieved from /home/airflow/.local/lib/python3.12/site-packages/airflow/example_dags/example_dynamic_task_mapping.py
[2025-12-13T10:45:43.762+0000] {logging_mixin.py:190} INFO - [2025-12-13T10:45:43.761+0000] {dag.py:3239} INFO - Sync 1 DAGs
[2025-12-13T10:45:43.788+0000] {logging_mixin.py:190} INFO - [2025-12-13T10:45:43.788+0000] {dag.py:4180} INFO - Setting next_dagrun for example_dynamic_task_mapping to None, run_after=None
[2025-12-13T10:45:43.812+0000] {processor.py:208} INFO - Processing /home/airflow/.local/lib/python3.12/site-packages/airflow/example_dags/example_dynamic_task_mapping.py took 0.113 seconds
[2025-12-13T10:46:14.309+0000] {processor.py:186} INFO - Started process (PID=3756) to work on /home/airflow/.local/lib/python3.12/site-packages/airflow/example_dags/example_dynamic_task_mapping.py
[2025-12-13T10:46:14.311+0000] {processor.py:914} INFO - Processing file /home/airflow/.local/lib/python3.12/site-packages/airflow/example_dags/example_dynamic_task_mapping.py for tasks to queue
[2025-12-13T10:46:14.315+0000] {logging_mixin.py:190} INFO - [2025-12-13T10:46:14.314+0000] {dagbag.py:588} INFO - Filling up the DagBag from /home/airflow/.local/lib/python3.12/site-packages/airflow/example_dags/example_dynamic_task_mapping.py
[2025-12-13T10:46:14.329+0000] {processor.py:925} INFO - DAG(s) 'example_dynamic_task_mapping' retrieved from /home/airflow/.local/lib/python3.12/site-packages/airflow/example_dags/example_dynamic_task_mapping.py
[2025-12-13T10:46:14.361+0000] {logging_mixin.py:190} INFO - [2025-12-13T10:46:14.361+0000] {dag.py:3239} INFO - Sync 1 DAGs
[2025-12-13T10:46:14.383+0000] {logging_mixin.py:190} INFO - [2025-12-13T10:46:14.383+0000] {dag.py:4180} INFO - Setting next_dagrun for example_dynamic_task_mapping to None, run_after=None
[2025-12-13T10:46:14.413+0000] {processor.py:208} INFO - Processing /home/airflow/.local/lib/python3.12/site-packages/airflow/example_dags/example_dynamic_task_mapping.py took 0.113 seconds
[2025-12-13T10:46:44.658+0000] {processor.py:186} INFO - Started process (PID=3819) to work on /home/airflow/.local/lib/python3.12/site-packages/airflow/example_dags/example_dynamic_task_mapping.py
[2025-12-13T10:46:44.659+0000] {processor.py:914} INFO - Processing file /home/airflow/.local/lib/python3.12/site-packages/airflow/example_dags/example_dynamic_task_mapping.py for tasks to queue
[2025-12-13T10:46:44.663+0000] {logging_mixin.py:190} INFO - [2025-12-13T10:46:44.662+0000] {dagbag.py:588} INFO - Filling up the DagBag from /home/airflow/.local/lib/python3.12/site-packages/airflow/example_dags/example_dynamic_task_mapping.py
[2025-12-13T10:46:44.676+0000] {processor.py:925} INFO - DAG(s) 'example_dynamic_task_mapping' retrieved from /home/airflow/.local/lib/python3.12/site-packages/airflow/example_dags/example_dynamic_task_mapping.py
[2025-12-13T10:46:44.721+0000] {logging_mixin.py:190} INFO - [2025-12-13T10:46:44.721+0000] {dag.py:3239} INFO - Sync 1 DAGs
[2025-12-13T10:46:44.755+0000] {logging_mixin.py:190} INFO - [2025-12-13T10:46:44.754+0000] {dag.py:4180} INFO - Setting next_dagrun for example_dynamic_task_mapping to None, run_after=None
[2025-12-13T10:46:44.788+0000] {processor.py:208} INFO - Processing /home/airflow/.local/lib/python3.12/site-packages/airflow/example_dags/example_dynamic_task_mapping.py took 0.140 seconds
