[2025-12-13T10:15:57.457+0000] {processor.py:186} INFO - Started process (PID=73) to work on /home/airflow/.local/lib/python3.12/site-packages/airflow/example_dags/example_python_operator.py
[2025-12-13T10:15:57.467+0000] {processor.py:914} INFO - Processing file /home/airflow/.local/lib/python3.12/site-packages/airflow/example_dags/example_python_operator.py for tasks to queue
[2025-12-13T10:15:57.480+0000] {logging_mixin.py:190} INFO - [2025-12-13T10:15:57.479+0000] {dagbag.py:588} INFO - Filling up the DagBag from /home/airflow/.local/lib/python3.12/site-packages/airflow/example_dags/example_python_operator.py
[2025-12-13T10:15:57.564+0000] {processor.py:925} INFO - DAG(s) 'example_python_operator' retrieved from /home/airflow/.local/lib/python3.12/site-packages/airflow/example_dags/example_python_operator.py
[2025-12-13T10:15:58.257+0000] {logging_mixin.py:190} INFO - [2025-12-13T10:15:58.256+0000] {override.py:1911} INFO - Created Permission View: can edit on DAG:example_python_operator
[2025-12-13T10:15:58.288+0000] {logging_mixin.py:190} INFO - [2025-12-13T10:15:58.287+0000] {override.py:1911} INFO - Created Permission View: can delete on DAG:example_python_operator
[2025-12-13T10:15:58.315+0000] {logging_mixin.py:190} INFO - [2025-12-13T10:15:58.312+0000] {override.py:1911} INFO - Created Permission View: can read on DAG:example_python_operator
[2025-12-13T10:15:58.331+0000] {logging_mixin.py:190} INFO - [2025-12-13T10:15:58.330+0000] {override.py:1911} INFO - Created Permission View: can create on DAG Run:example_python_operator
[2025-12-13T10:15:58.356+0000] {logging_mixin.py:190} INFO - [2025-12-13T10:15:58.355+0000] {override.py:1911} INFO - Created Permission View: can delete on DAG Run:example_python_operator
[2025-12-13T10:15:58.375+0000] {logging_mixin.py:190} INFO - [2025-12-13T10:15:58.375+0000] {override.py:1911} INFO - Created Permission View: menu access on DAG Run:example_python_operator
[2025-12-13T10:15:58.398+0000] {logging_mixin.py:190} INFO - [2025-12-13T10:15:58.397+0000] {override.py:1911} INFO - Created Permission View: can read on DAG Run:example_python_operator
[2025-12-13T10:15:58.398+0000] {logging_mixin.py:190} INFO - [2025-12-13T10:15:58.398+0000] {dag.py:3239} INFO - Sync 1 DAGs
[2025-12-13T10:15:58.449+0000] {logging_mixin.py:190} INFO - [2025-12-13T10:15:58.448+0000] {dag.py:3262} INFO - Creating ORM DAG for example_python_operator
[2025-12-13T10:15:58.450+0000] {logging_mixin.py:190} INFO - [2025-12-13T10:15:58.450+0000] {dag.py:4180} INFO - Setting next_dagrun for example_python_operator to None, run_after=None
[2025-12-13T10:15:58.496+0000] {processor.py:208} INFO - Processing /home/airflow/.local/lib/python3.12/site-packages/airflow/example_dags/example_python_operator.py took 1.079 seconds
[2025-12-13T10:16:29.800+0000] {processor.py:186} INFO - Started process (PID=136) to work on /home/airflow/.local/lib/python3.12/site-packages/airflow/example_dags/example_python_operator.py
[2025-12-13T10:16:29.802+0000] {processor.py:914} INFO - Processing file /home/airflow/.local/lib/python3.12/site-packages/airflow/example_dags/example_python_operator.py for tasks to queue
[2025-12-13T10:16:29.807+0000] {logging_mixin.py:190} INFO - [2025-12-13T10:16:29.806+0000] {dagbag.py:588} INFO - Filling up the DagBag from /home/airflow/.local/lib/python3.12/site-packages/airflow/example_dags/example_python_operator.py
[2025-12-13T10:16:29.860+0000] {processor.py:925} INFO - DAG(s) 'example_python_operator' retrieved from /home/airflow/.local/lib/python3.12/site-packages/airflow/example_dags/example_python_operator.py
[2025-12-13T10:16:29.921+0000] {logging_mixin.py:190} INFO - [2025-12-13T10:16:29.921+0000] {dag.py:3239} INFO - Sync 1 DAGs
[2025-12-13T10:16:30.022+0000] {logging_mixin.py:190} INFO - [2025-12-13T10:16:30.021+0000] {dag.py:4180} INFO - Setting next_dagrun for example_python_operator to None, run_after=None
[2025-12-13T10:16:30.119+0000] {processor.py:208} INFO - Processing /home/airflow/.local/lib/python3.12/site-packages/airflow/example_dags/example_python_operator.py took 0.332 seconds
[2025-12-13T10:17:01.146+0000] {processor.py:186} INFO - Started process (PID=199) to work on /home/airflow/.local/lib/python3.12/site-packages/airflow/example_dags/example_python_operator.py
[2025-12-13T10:17:01.147+0000] {processor.py:914} INFO - Processing file /home/airflow/.local/lib/python3.12/site-packages/airflow/example_dags/example_python_operator.py for tasks to queue
[2025-12-13T10:17:01.166+0000] {logging_mixin.py:190} INFO - [2025-12-13T10:17:01.165+0000] {dagbag.py:588} INFO - Filling up the DagBag from /home/airflow/.local/lib/python3.12/site-packages/airflow/example_dags/example_python_operator.py
[2025-12-13T10:17:01.221+0000] {processor.py:925} INFO - DAG(s) 'example_python_operator' retrieved from /home/airflow/.local/lib/python3.12/site-packages/airflow/example_dags/example_python_operator.py
[2025-12-13T10:17:01.363+0000] {logging_mixin.py:190} INFO - [2025-12-13T10:17:01.359+0000] {dag.py:3239} INFO - Sync 1 DAGs
[2025-12-13T10:17:01.501+0000] {logging_mixin.py:190} INFO - [2025-12-13T10:17:01.501+0000] {dag.py:4180} INFO - Setting next_dagrun for example_python_operator to None, run_after=None
[2025-12-13T10:17:01.612+0000] {processor.py:208} INFO - Processing /home/airflow/.local/lib/python3.12/site-packages/airflow/example_dags/example_python_operator.py took 0.507 seconds
[2025-12-13T10:17:32.383+0000] {processor.py:186} INFO - Started process (PID=261) to work on /home/airflow/.local/lib/python3.12/site-packages/airflow/example_dags/example_python_operator.py
[2025-12-13T10:17:32.385+0000] {processor.py:914} INFO - Processing file /home/airflow/.local/lib/python3.12/site-packages/airflow/example_dags/example_python_operator.py for tasks to queue
[2025-12-13T10:17:32.390+0000] {logging_mixin.py:190} INFO - [2025-12-13T10:17:32.389+0000] {dagbag.py:588} INFO - Filling up the DagBag from /home/airflow/.local/lib/python3.12/site-packages/airflow/example_dags/example_python_operator.py
[2025-12-13T10:17:32.412+0000] {processor.py:925} INFO - DAG(s) 'example_python_operator' retrieved from /home/airflow/.local/lib/python3.12/site-packages/airflow/example_dags/example_python_operator.py
[2025-12-13T10:17:32.450+0000] {logging_mixin.py:190} INFO - [2025-12-13T10:17:32.449+0000] {dag.py:3239} INFO - Sync 1 DAGs
[2025-12-13T10:17:32.475+0000] {logging_mixin.py:190} INFO - [2025-12-13T10:17:32.475+0000] {dag.py:4180} INFO - Setting next_dagrun for example_python_operator to None, run_after=None
[2025-12-13T10:17:32.505+0000] {processor.py:208} INFO - Processing /home/airflow/.local/lib/python3.12/site-packages/airflow/example_dags/example_python_operator.py took 0.135 seconds
[2025-12-13T10:18:02.711+0000] {processor.py:186} INFO - Started process (PID=324) to work on /home/airflow/.local/lib/python3.12/site-packages/airflow/example_dags/example_python_operator.py
[2025-12-13T10:18:02.712+0000] {processor.py:914} INFO - Processing file /home/airflow/.local/lib/python3.12/site-packages/airflow/example_dags/example_python_operator.py for tasks to queue
[2025-12-13T10:18:02.715+0000] {logging_mixin.py:190} INFO - [2025-12-13T10:18:02.714+0000] {dagbag.py:588} INFO - Filling up the DagBag from /home/airflow/.local/lib/python3.12/site-packages/airflow/example_dags/example_python_operator.py
[2025-12-13T10:18:02.734+0000] {processor.py:925} INFO - DAG(s) 'example_python_operator' retrieved from /home/airflow/.local/lib/python3.12/site-packages/airflow/example_dags/example_python_operator.py
[2025-12-13T10:18:02.770+0000] {logging_mixin.py:190} INFO - [2025-12-13T10:18:02.770+0000] {dag.py:3239} INFO - Sync 1 DAGs
[2025-12-13T10:18:02.797+0000] {logging_mixin.py:190} INFO - [2025-12-13T10:18:02.796+0000] {dag.py:4180} INFO - Setting next_dagrun for example_python_operator to None, run_after=None
[2025-12-13T10:18:02.826+0000] {processor.py:208} INFO - Processing /home/airflow/.local/lib/python3.12/site-packages/airflow/example_dags/example_python_operator.py took 0.127 seconds
[2025-12-13T10:18:33.213+0000] {processor.py:186} INFO - Started process (PID=387) to work on /home/airflow/.local/lib/python3.12/site-packages/airflow/example_dags/example_python_operator.py
[2025-12-13T10:18:33.215+0000] {processor.py:914} INFO - Processing file /home/airflow/.local/lib/python3.12/site-packages/airflow/example_dags/example_python_operator.py for tasks to queue
[2025-12-13T10:18:33.220+0000] {logging_mixin.py:190} INFO - [2025-12-13T10:18:33.219+0000] {dagbag.py:588} INFO - Filling up the DagBag from /home/airflow/.local/lib/python3.12/site-packages/airflow/example_dags/example_python_operator.py
[2025-12-13T10:18:33.246+0000] {processor.py:925} INFO - DAG(s) 'example_python_operator' retrieved from /home/airflow/.local/lib/python3.12/site-packages/airflow/example_dags/example_python_operator.py
[2025-12-13T10:18:33.284+0000] {logging_mixin.py:190} INFO - [2025-12-13T10:18:33.283+0000] {dag.py:3239} INFO - Sync 1 DAGs
[2025-12-13T10:18:33.311+0000] {logging_mixin.py:190} INFO - [2025-12-13T10:18:33.311+0000] {dag.py:4180} INFO - Setting next_dagrun for example_python_operator to None, run_after=None
[2025-12-13T10:18:33.342+0000] {processor.py:208} INFO - Processing /home/airflow/.local/lib/python3.12/site-packages/airflow/example_dags/example_python_operator.py took 0.145 seconds
[2025-12-13T10:19:04.177+0000] {processor.py:186} INFO - Started process (PID=449) to work on /home/airflow/.local/lib/python3.12/site-packages/airflow/example_dags/example_python_operator.py
[2025-12-13T10:19:04.178+0000] {processor.py:914} INFO - Processing file /home/airflow/.local/lib/python3.12/site-packages/airflow/example_dags/example_python_operator.py for tasks to queue
[2025-12-13T10:19:04.183+0000] {logging_mixin.py:190} INFO - [2025-12-13T10:19:04.182+0000] {dagbag.py:588} INFO - Filling up the DagBag from /home/airflow/.local/lib/python3.12/site-packages/airflow/example_dags/example_python_operator.py
[2025-12-13T10:19:04.201+0000] {processor.py:925} INFO - DAG(s) 'example_python_operator' retrieved from /home/airflow/.local/lib/python3.12/site-packages/airflow/example_dags/example_python_operator.py
[2025-12-13T10:19:04.238+0000] {logging_mixin.py:190} INFO - [2025-12-13T10:19:04.237+0000] {dag.py:3239} INFO - Sync 1 DAGs
[2025-12-13T10:19:04.266+0000] {logging_mixin.py:190} INFO - [2025-12-13T10:19:04.265+0000] {dag.py:4180} INFO - Setting next_dagrun for example_python_operator to None, run_after=None
[2025-12-13T10:19:04.298+0000] {processor.py:208} INFO - Processing /home/airflow/.local/lib/python3.12/site-packages/airflow/example_dags/example_python_operator.py took 0.132 seconds
[2025-12-13T10:19:34.609+0000] {processor.py:186} INFO - Started process (PID=511) to work on /home/airflow/.local/lib/python3.12/site-packages/airflow/example_dags/example_python_operator.py
[2025-12-13T10:19:34.613+0000] {processor.py:914} INFO - Processing file /home/airflow/.local/lib/python3.12/site-packages/airflow/example_dags/example_python_operator.py for tasks to queue
[2025-12-13T10:19:34.621+0000] {logging_mixin.py:190} INFO - [2025-12-13T10:19:34.620+0000] {dagbag.py:588} INFO - Filling up the DagBag from /home/airflow/.local/lib/python3.12/site-packages/airflow/example_dags/example_python_operator.py
[2025-12-13T10:19:34.678+0000] {processor.py:925} INFO - DAG(s) 'example_python_operator' retrieved from /home/airflow/.local/lib/python3.12/site-packages/airflow/example_dags/example_python_operator.py
[2025-12-13T10:19:34.807+0000] {logging_mixin.py:190} INFO - [2025-12-13T10:19:34.804+0000] {dag.py:3239} INFO - Sync 1 DAGs
[2025-12-13T10:19:34.855+0000] {logging_mixin.py:190} INFO - [2025-12-13T10:19:34.850+0000] {dag.py:4180} INFO - Setting next_dagrun for example_python_operator to None, run_after=None
[2025-12-13T10:19:34.912+0000] {processor.py:208} INFO - Processing /home/airflow/.local/lib/python3.12/site-packages/airflow/example_dags/example_python_operator.py took 0.317 seconds
[2025-12-13T10:20:06.010+0000] {processor.py:186} INFO - Started process (PID=574) to work on /home/airflow/.local/lib/python3.12/site-packages/airflow/example_dags/example_python_operator.py
[2025-12-13T10:20:06.015+0000] {processor.py:914} INFO - Processing file /home/airflow/.local/lib/python3.12/site-packages/airflow/example_dags/example_python_operator.py for tasks to queue
[2025-12-13T10:20:06.029+0000] {logging_mixin.py:190} INFO - [2025-12-13T10:20:06.028+0000] {dagbag.py:588} INFO - Filling up the DagBag from /home/airflow/.local/lib/python3.12/site-packages/airflow/example_dags/example_python_operator.py
[2025-12-13T10:20:06.107+0000] {processor.py:925} INFO - DAG(s) 'example_python_operator' retrieved from /home/airflow/.local/lib/python3.12/site-packages/airflow/example_dags/example_python_operator.py
[2025-12-13T10:20:06.234+0000] {logging_mixin.py:190} INFO - [2025-12-13T10:20:06.233+0000] {dag.py:3239} INFO - Sync 1 DAGs
[2025-12-13T10:20:06.286+0000] {logging_mixin.py:190} INFO - [2025-12-13T10:20:06.285+0000] {dag.py:4180} INFO - Setting next_dagrun for example_python_operator to None, run_after=None
[2025-12-13T10:20:06.357+0000] {processor.py:208} INFO - Processing /home/airflow/.local/lib/python3.12/site-packages/airflow/example_dags/example_python_operator.py took 0.386 seconds
[2025-12-13T10:20:36.476+0000] {processor.py:186} INFO - Started process (PID=637) to work on /home/airflow/.local/lib/python3.12/site-packages/airflow/example_dags/example_python_operator.py
[2025-12-13T10:20:36.477+0000] {processor.py:914} INFO - Processing file /home/airflow/.local/lib/python3.12/site-packages/airflow/example_dags/example_python_operator.py for tasks to queue
[2025-12-13T10:20:36.482+0000] {logging_mixin.py:190} INFO - [2025-12-13T10:20:36.481+0000] {dagbag.py:588} INFO - Filling up the DagBag from /home/airflow/.local/lib/python3.12/site-packages/airflow/example_dags/example_python_operator.py
[2025-12-13T10:20:36.500+0000] {processor.py:925} INFO - DAG(s) 'example_python_operator' retrieved from /home/airflow/.local/lib/python3.12/site-packages/airflow/example_dags/example_python_operator.py
[2025-12-13T10:20:36.536+0000] {logging_mixin.py:190} INFO - [2025-12-13T10:20:36.536+0000] {dag.py:3239} INFO - Sync 1 DAGs
[2025-12-13T10:20:36.560+0000] {logging_mixin.py:190} INFO - [2025-12-13T10:20:36.560+0000] {dag.py:4180} INFO - Setting next_dagrun for example_python_operator to None, run_after=None
[2025-12-13T10:20:36.590+0000] {processor.py:208} INFO - Processing /home/airflow/.local/lib/python3.12/site-packages/airflow/example_dags/example_python_operator.py took 0.128 seconds
[2025-12-13T10:21:06.721+0000] {processor.py:186} INFO - Started process (PID=693) to work on /home/airflow/.local/lib/python3.12/site-packages/airflow/example_dags/example_python_operator.py
[2025-12-13T10:21:06.723+0000] {processor.py:914} INFO - Processing file /home/airflow/.local/lib/python3.12/site-packages/airflow/example_dags/example_python_operator.py for tasks to queue
[2025-12-13T10:21:06.727+0000] {logging_mixin.py:190} INFO - [2025-12-13T10:21:06.727+0000] {dagbag.py:588} INFO - Filling up the DagBag from /home/airflow/.local/lib/python3.12/site-packages/airflow/example_dags/example_python_operator.py
[2025-12-13T10:21:06.754+0000] {processor.py:925} INFO - DAG(s) 'example_python_operator' retrieved from /home/airflow/.local/lib/python3.12/site-packages/airflow/example_dags/example_python_operator.py
[2025-12-13T10:21:06.810+0000] {logging_mixin.py:190} INFO - [2025-12-13T10:21:06.809+0000] {dag.py:3239} INFO - Sync 1 DAGs
[2025-12-13T10:21:06.844+0000] {logging_mixin.py:190} INFO - [2025-12-13T10:21:06.844+0000] {dag.py:4180} INFO - Setting next_dagrun for example_python_operator to None, run_after=None
[2025-12-13T10:21:06.876+0000] {processor.py:208} INFO - Processing /home/airflow/.local/lib/python3.12/site-packages/airflow/example_dags/example_python_operator.py took 0.167 seconds
[2025-12-13T10:21:37.073+0000] {processor.py:186} INFO - Started process (PID=755) to work on /home/airflow/.local/lib/python3.12/site-packages/airflow/example_dags/example_python_operator.py
[2025-12-13T10:21:37.074+0000] {processor.py:914} INFO - Processing file /home/airflow/.local/lib/python3.12/site-packages/airflow/example_dags/example_python_operator.py for tasks to queue
[2025-12-13T10:21:37.077+0000] {logging_mixin.py:190} INFO - [2025-12-13T10:21:37.077+0000] {dagbag.py:588} INFO - Filling up the DagBag from /home/airflow/.local/lib/python3.12/site-packages/airflow/example_dags/example_python_operator.py
[2025-12-13T10:21:37.096+0000] {processor.py:925} INFO - DAG(s) 'example_python_operator' retrieved from /home/airflow/.local/lib/python3.12/site-packages/airflow/example_dags/example_python_operator.py
[2025-12-13T10:21:37.134+0000] {logging_mixin.py:190} INFO - [2025-12-13T10:21:37.134+0000] {dag.py:3239} INFO - Sync 1 DAGs
[2025-12-13T10:21:37.157+0000] {logging_mixin.py:190} INFO - [2025-12-13T10:21:37.157+0000] {dag.py:4180} INFO - Setting next_dagrun for example_python_operator to None, run_after=None
[2025-12-13T10:21:37.184+0000] {processor.py:208} INFO - Processing /home/airflow/.local/lib/python3.12/site-packages/airflow/example_dags/example_python_operator.py took 0.122 seconds
[2025-12-13T10:22:08.652+0000] {processor.py:186} INFO - Started process (PID=814) to work on /home/airflow/.local/lib/python3.12/site-packages/airflow/example_dags/example_python_operator.py
[2025-12-13T10:22:08.655+0000] {processor.py:914} INFO - Processing file /home/airflow/.local/lib/python3.12/site-packages/airflow/example_dags/example_python_operator.py for tasks to queue
[2025-12-13T10:22:08.660+0000] {logging_mixin.py:190} INFO - [2025-12-13T10:22:08.659+0000] {dagbag.py:588} INFO - Filling up the DagBag from /home/airflow/.local/lib/python3.12/site-packages/airflow/example_dags/example_python_operator.py
[2025-12-13T10:22:08.700+0000] {processor.py:925} INFO - DAG(s) 'example_python_operator' retrieved from /home/airflow/.local/lib/python3.12/site-packages/airflow/example_dags/example_python_operator.py
[2025-12-13T10:22:08.795+0000] {logging_mixin.py:190} INFO - [2025-12-13T10:22:08.794+0000] {dag.py:3239} INFO - Sync 1 DAGs
[2025-12-13T10:22:08.899+0000] {logging_mixin.py:190} INFO - [2025-12-13T10:22:08.897+0000] {dag.py:4180} INFO - Setting next_dagrun for example_python_operator to None, run_after=None
[2025-12-13T10:22:09.051+0000] {processor.py:208} INFO - Processing /home/airflow/.local/lib/python3.12/site-packages/airflow/example_dags/example_python_operator.py took 0.411 seconds
[2025-12-13T10:22:39.345+0000] {processor.py:186} INFO - Started process (PID=873) to work on /home/airflow/.local/lib/python3.12/site-packages/airflow/example_dags/example_python_operator.py
[2025-12-13T10:22:39.350+0000] {processor.py:914} INFO - Processing file /home/airflow/.local/lib/python3.12/site-packages/airflow/example_dags/example_python_operator.py for tasks to queue
[2025-12-13T10:22:39.357+0000] {logging_mixin.py:190} INFO - [2025-12-13T10:22:39.357+0000] {dagbag.py:588} INFO - Filling up the DagBag from /home/airflow/.local/lib/python3.12/site-packages/airflow/example_dags/example_python_operator.py
[2025-12-13T10:22:39.412+0000] {processor.py:925} INFO - DAG(s) 'example_python_operator' retrieved from /home/airflow/.local/lib/python3.12/site-packages/airflow/example_dags/example_python_operator.py
[2025-12-13T10:22:39.525+0000] {logging_mixin.py:190} INFO - [2025-12-13T10:22:39.525+0000] {dag.py:3239} INFO - Sync 1 DAGs
[2025-12-13T10:22:39.599+0000] {logging_mixin.py:190} INFO - [2025-12-13T10:22:39.599+0000] {dag.py:4180} INFO - Setting next_dagrun for example_python_operator to None, run_after=None
[2025-12-13T10:22:39.678+0000] {processor.py:208} INFO - Processing /home/airflow/.local/lib/python3.12/site-packages/airflow/example_dags/example_python_operator.py took 0.363 seconds
[2025-12-13T10:23:10.410+0000] {processor.py:186} INFO - Started process (PID=931) to work on /home/airflow/.local/lib/python3.12/site-packages/airflow/example_dags/example_python_operator.py
[2025-12-13T10:23:10.411+0000] {processor.py:914} INFO - Processing file /home/airflow/.local/lib/python3.12/site-packages/airflow/example_dags/example_python_operator.py for tasks to queue
[2025-12-13T10:23:10.415+0000] {logging_mixin.py:190} INFO - [2025-12-13T10:23:10.415+0000] {dagbag.py:588} INFO - Filling up the DagBag from /home/airflow/.local/lib/python3.12/site-packages/airflow/example_dags/example_python_operator.py
[2025-12-13T10:23:10.436+0000] {processor.py:925} INFO - DAG(s) 'example_python_operator' retrieved from /home/airflow/.local/lib/python3.12/site-packages/airflow/example_dags/example_python_operator.py
[2025-12-13T10:23:10.482+0000] {logging_mixin.py:190} INFO - [2025-12-13T10:23:10.481+0000] {dag.py:3239} INFO - Sync 1 DAGs
[2025-12-13T10:23:10.507+0000] {logging_mixin.py:190} INFO - [2025-12-13T10:23:10.506+0000] {dag.py:4180} INFO - Setting next_dagrun for example_python_operator to None, run_after=None
[2025-12-13T10:23:10.539+0000] {processor.py:208} INFO - Processing /home/airflow/.local/lib/python3.12/site-packages/airflow/example_dags/example_python_operator.py took 0.141 seconds
[2025-12-13T10:23:41.544+0000] {processor.py:186} INFO - Started process (PID=992) to work on /home/airflow/.local/lib/python3.12/site-packages/airflow/example_dags/example_python_operator.py
[2025-12-13T10:23:41.545+0000] {processor.py:914} INFO - Processing file /home/airflow/.local/lib/python3.12/site-packages/airflow/example_dags/example_python_operator.py for tasks to queue
[2025-12-13T10:23:41.548+0000] {logging_mixin.py:190} INFO - [2025-12-13T10:23:41.548+0000] {dagbag.py:588} INFO - Filling up the DagBag from /home/airflow/.local/lib/python3.12/site-packages/airflow/example_dags/example_python_operator.py
[2025-12-13T10:23:41.566+0000] {processor.py:925} INFO - DAG(s) 'example_python_operator' retrieved from /home/airflow/.local/lib/python3.12/site-packages/airflow/example_dags/example_python_operator.py
[2025-12-13T10:23:41.614+0000] {logging_mixin.py:190} INFO - [2025-12-13T10:23:41.614+0000] {dag.py:3239} INFO - Sync 1 DAGs
[2025-12-13T10:23:41.647+0000] {logging_mixin.py:190} INFO - [2025-12-13T10:23:41.646+0000] {dag.py:4180} INFO - Setting next_dagrun for example_python_operator to None, run_after=None
[2025-12-13T10:23:41.674+0000] {processor.py:208} INFO - Processing /home/airflow/.local/lib/python3.12/site-packages/airflow/example_dags/example_python_operator.py took 0.141 seconds
[2025-12-13T10:24:12.003+0000] {processor.py:186} INFO - Started process (PID=1052) to work on /home/airflow/.local/lib/python3.12/site-packages/airflow/example_dags/example_python_operator.py
[2025-12-13T10:24:12.006+0000] {processor.py:914} INFO - Processing file /home/airflow/.local/lib/python3.12/site-packages/airflow/example_dags/example_python_operator.py for tasks to queue
[2025-12-13T10:24:12.011+0000] {logging_mixin.py:190} INFO - [2025-12-13T10:24:12.010+0000] {dagbag.py:588} INFO - Filling up the DagBag from /home/airflow/.local/lib/python3.12/site-packages/airflow/example_dags/example_python_operator.py
[2025-12-13T10:24:12.038+0000] {processor.py:925} INFO - DAG(s) 'example_python_operator' retrieved from /home/airflow/.local/lib/python3.12/site-packages/airflow/example_dags/example_python_operator.py
[2025-12-13T10:24:12.090+0000] {logging_mixin.py:190} INFO - [2025-12-13T10:24:12.090+0000] {dag.py:3239} INFO - Sync 1 DAGs
[2025-12-13T10:24:12.121+0000] {logging_mixin.py:190} INFO - [2025-12-13T10:24:12.121+0000] {dag.py:4180} INFO - Setting next_dagrun for example_python_operator to None, run_after=None
[2025-12-13T10:24:12.156+0000] {processor.py:208} INFO - Processing /home/airflow/.local/lib/python3.12/site-packages/airflow/example_dags/example_python_operator.py took 0.165 seconds
[2025-12-13T10:24:42.639+0000] {processor.py:186} INFO - Started process (PID=1115) to work on /home/airflow/.local/lib/python3.12/site-packages/airflow/example_dags/example_python_operator.py
[2025-12-13T10:24:42.640+0000] {processor.py:914} INFO - Processing file /home/airflow/.local/lib/python3.12/site-packages/airflow/example_dags/example_python_operator.py for tasks to queue
[2025-12-13T10:24:42.643+0000] {logging_mixin.py:190} INFO - [2025-12-13T10:24:42.643+0000] {dagbag.py:588} INFO - Filling up the DagBag from /home/airflow/.local/lib/python3.12/site-packages/airflow/example_dags/example_python_operator.py
[2025-12-13T10:24:42.661+0000] {processor.py:925} INFO - DAG(s) 'example_python_operator' retrieved from /home/airflow/.local/lib/python3.12/site-packages/airflow/example_dags/example_python_operator.py
[2025-12-13T10:24:42.696+0000] {logging_mixin.py:190} INFO - [2025-12-13T10:24:42.696+0000] {dag.py:3239} INFO - Sync 1 DAGs
[2025-12-13T10:24:42.719+0000] {logging_mixin.py:190} INFO - [2025-12-13T10:24:42.719+0000] {dag.py:4180} INFO - Setting next_dagrun for example_python_operator to None, run_after=None
[2025-12-13T10:24:42.742+0000] {processor.py:208} INFO - Processing /home/airflow/.local/lib/python3.12/site-packages/airflow/example_dags/example_python_operator.py took 0.113 seconds
[2025-12-13T10:25:12.916+0000] {processor.py:186} INFO - Started process (PID=1177) to work on /home/airflow/.local/lib/python3.12/site-packages/airflow/example_dags/example_python_operator.py
[2025-12-13T10:25:12.919+0000] {processor.py:914} INFO - Processing file /home/airflow/.local/lib/python3.12/site-packages/airflow/example_dags/example_python_operator.py for tasks to queue
[2025-12-13T10:25:12.923+0000] {logging_mixin.py:190} INFO - [2025-12-13T10:25:12.923+0000] {dagbag.py:588} INFO - Filling up the DagBag from /home/airflow/.local/lib/python3.12/site-packages/airflow/example_dags/example_python_operator.py
[2025-12-13T10:25:12.947+0000] {processor.py:925} INFO - DAG(s) 'example_python_operator' retrieved from /home/airflow/.local/lib/python3.12/site-packages/airflow/example_dags/example_python_operator.py
[2025-12-13T10:25:12.988+0000] {logging_mixin.py:190} INFO - [2025-12-13T10:25:12.988+0000] {dag.py:3239} INFO - Sync 1 DAGs
[2025-12-13T10:25:13.017+0000] {logging_mixin.py:190} INFO - [2025-12-13T10:25:13.016+0000] {dag.py:4180} INFO - Setting next_dagrun for example_python_operator to None, run_after=None
[2025-12-13T10:25:13.046+0000] {processor.py:208} INFO - Processing /home/airflow/.local/lib/python3.12/site-packages/airflow/example_dags/example_python_operator.py took 0.141 seconds
[2025-12-13T10:25:43.610+0000] {processor.py:186} INFO - Started process (PID=1240) to work on /home/airflow/.local/lib/python3.12/site-packages/airflow/example_dags/example_python_operator.py
[2025-12-13T10:25:43.612+0000] {processor.py:914} INFO - Processing file /home/airflow/.local/lib/python3.12/site-packages/airflow/example_dags/example_python_operator.py for tasks to queue
[2025-12-13T10:25:43.617+0000] {logging_mixin.py:190} INFO - [2025-12-13T10:25:43.616+0000] {dagbag.py:588} INFO - Filling up the DagBag from /home/airflow/.local/lib/python3.12/site-packages/airflow/example_dags/example_python_operator.py
[2025-12-13T10:25:43.639+0000] {processor.py:925} INFO - DAG(s) 'example_python_operator' retrieved from /home/airflow/.local/lib/python3.12/site-packages/airflow/example_dags/example_python_operator.py
[2025-12-13T10:25:43.676+0000] {logging_mixin.py:190} INFO - [2025-12-13T10:25:43.676+0000] {dag.py:3239} INFO - Sync 1 DAGs
[2025-12-13T10:25:43.713+0000] {logging_mixin.py:190} INFO - [2025-12-13T10:25:43.712+0000] {dag.py:4180} INFO - Setting next_dagrun for example_python_operator to None, run_after=None
[2025-12-13T10:25:43.760+0000] {processor.py:208} INFO - Processing /home/airflow/.local/lib/python3.12/site-packages/airflow/example_dags/example_python_operator.py took 0.171 seconds
[2025-12-13T10:26:14.162+0000] {processor.py:186} INFO - Started process (PID=1309) to work on /home/airflow/.local/lib/python3.12/site-packages/airflow/example_dags/example_python_operator.py
[2025-12-13T10:26:14.163+0000] {processor.py:914} INFO - Processing file /home/airflow/.local/lib/python3.12/site-packages/airflow/example_dags/example_python_operator.py for tasks to queue
[2025-12-13T10:26:14.168+0000] {logging_mixin.py:190} INFO - [2025-12-13T10:26:14.167+0000] {dagbag.py:588} INFO - Filling up the DagBag from /home/airflow/.local/lib/python3.12/site-packages/airflow/example_dags/example_python_operator.py
[2025-12-13T10:26:14.195+0000] {processor.py:925} INFO - DAG(s) 'example_python_operator' retrieved from /home/airflow/.local/lib/python3.12/site-packages/airflow/example_dags/example_python_operator.py
[2025-12-13T10:26:14.240+0000] {logging_mixin.py:190} INFO - [2025-12-13T10:26:14.239+0000] {dag.py:3239} INFO - Sync 1 DAGs
[2025-12-13T10:26:14.270+0000] {logging_mixin.py:190} INFO - [2025-12-13T10:26:14.270+0000] {dag.py:4180} INFO - Setting next_dagrun for example_python_operator to None, run_after=None
[2025-12-13T10:26:14.308+0000] {processor.py:208} INFO - Processing /home/airflow/.local/lib/python3.12/site-packages/airflow/example_dags/example_python_operator.py took 0.158 seconds
[2025-12-13T10:26:44.565+0000] {processor.py:186} INFO - Started process (PID=1372) to work on /home/airflow/.local/lib/python3.12/site-packages/airflow/example_dags/example_python_operator.py
[2025-12-13T10:26:44.567+0000] {processor.py:914} INFO - Processing file /home/airflow/.local/lib/python3.12/site-packages/airflow/example_dags/example_python_operator.py for tasks to queue
[2025-12-13T10:26:44.574+0000] {logging_mixin.py:190} INFO - [2025-12-13T10:26:44.573+0000] {dagbag.py:588} INFO - Filling up the DagBag from /home/airflow/.local/lib/python3.12/site-packages/airflow/example_dags/example_python_operator.py
[2025-12-13T10:26:44.607+0000] {processor.py:925} INFO - DAG(s) 'example_python_operator' retrieved from /home/airflow/.local/lib/python3.12/site-packages/airflow/example_dags/example_python_operator.py
[2025-12-13T10:26:44.660+0000] {logging_mixin.py:190} INFO - [2025-12-13T10:26:44.660+0000] {dag.py:3239} INFO - Sync 1 DAGs
[2025-12-13T10:26:44.691+0000] {logging_mixin.py:190} INFO - [2025-12-13T10:26:44.690+0000] {dag.py:4180} INFO - Setting next_dagrun for example_python_operator to None, run_after=None
[2025-12-13T10:26:44.736+0000] {processor.py:208} INFO - Processing /home/airflow/.local/lib/python3.12/site-packages/airflow/example_dags/example_python_operator.py took 0.191 seconds
[2025-12-13T10:27:15.350+0000] {processor.py:186} INFO - Started process (PID=1435) to work on /home/airflow/.local/lib/python3.12/site-packages/airflow/example_dags/example_python_operator.py
[2025-12-13T10:27:15.353+0000] {processor.py:914} INFO - Processing file /home/airflow/.local/lib/python3.12/site-packages/airflow/example_dags/example_python_operator.py for tasks to queue
[2025-12-13T10:27:15.356+0000] {logging_mixin.py:190} INFO - [2025-12-13T10:27:15.356+0000] {dagbag.py:588} INFO - Filling up the DagBag from /home/airflow/.local/lib/python3.12/site-packages/airflow/example_dags/example_python_operator.py
[2025-12-13T10:27:15.378+0000] {processor.py:925} INFO - DAG(s) 'example_python_operator' retrieved from /home/airflow/.local/lib/python3.12/site-packages/airflow/example_dags/example_python_operator.py
[2025-12-13T10:27:15.417+0000] {logging_mixin.py:190} INFO - [2025-12-13T10:27:15.417+0000] {dag.py:3239} INFO - Sync 1 DAGs
[2025-12-13T10:27:15.446+0000] {logging_mixin.py:190} INFO - [2025-12-13T10:27:15.445+0000] {dag.py:4180} INFO - Setting next_dagrun for example_python_operator to None, run_after=None
[2025-12-13T10:27:15.475+0000] {processor.py:208} INFO - Processing /home/airflow/.local/lib/python3.12/site-packages/airflow/example_dags/example_python_operator.py took 0.137 seconds
[2025-12-13T10:27:46.042+0000] {processor.py:186} INFO - Started process (PID=1497) to work on /home/airflow/.local/lib/python3.12/site-packages/airflow/example_dags/example_python_operator.py
[2025-12-13T10:27:46.043+0000] {processor.py:914} INFO - Processing file /home/airflow/.local/lib/python3.12/site-packages/airflow/example_dags/example_python_operator.py for tasks to queue
[2025-12-13T10:27:46.049+0000] {logging_mixin.py:190} INFO - [2025-12-13T10:27:46.048+0000] {dagbag.py:588} INFO - Filling up the DagBag from /home/airflow/.local/lib/python3.12/site-packages/airflow/example_dags/example_python_operator.py
[2025-12-13T10:27:46.078+0000] {processor.py:925} INFO - DAG(s) 'example_python_operator' retrieved from /home/airflow/.local/lib/python3.12/site-packages/airflow/example_dags/example_python_operator.py
[2025-12-13T10:27:46.125+0000] {logging_mixin.py:190} INFO - [2025-12-13T10:27:46.125+0000] {dag.py:3239} INFO - Sync 1 DAGs
[2025-12-13T10:27:46.160+0000] {logging_mixin.py:190} INFO - [2025-12-13T10:27:46.160+0000] {dag.py:4180} INFO - Setting next_dagrun for example_python_operator to None, run_after=None
[2025-12-13T10:27:46.203+0000] {processor.py:208} INFO - Processing /home/airflow/.local/lib/python3.12/site-packages/airflow/example_dags/example_python_operator.py took 0.174 seconds
[2025-12-13T10:28:16.781+0000] {processor.py:186} INFO - Started process (PID=1565) to work on /home/airflow/.local/lib/python3.12/site-packages/airflow/example_dags/example_python_operator.py
[2025-12-13T10:28:16.787+0000] {processor.py:914} INFO - Processing file /home/airflow/.local/lib/python3.12/site-packages/airflow/example_dags/example_python_operator.py for tasks to queue
[2025-12-13T10:28:16.793+0000] {logging_mixin.py:190} INFO - [2025-12-13T10:28:16.793+0000] {dagbag.py:588} INFO - Filling up the DagBag from /home/airflow/.local/lib/python3.12/site-packages/airflow/example_dags/example_python_operator.py
[2025-12-13T10:28:16.859+0000] {processor.py:925} INFO - DAG(s) 'example_python_operator' retrieved from /home/airflow/.local/lib/python3.12/site-packages/airflow/example_dags/example_python_operator.py
[2025-12-13T10:28:16.966+0000] {logging_mixin.py:190} INFO - [2025-12-13T10:28:16.966+0000] {dag.py:3239} INFO - Sync 1 DAGs
[2025-12-13T10:28:16.997+0000] {logging_mixin.py:190} INFO - [2025-12-13T10:28:16.996+0000] {dag.py:4180} INFO - Setting next_dagrun for example_python_operator to None, run_after=None
[2025-12-13T10:28:17.035+0000] {processor.py:208} INFO - Processing /home/airflow/.local/lib/python3.12/site-packages/airflow/example_dags/example_python_operator.py took 0.307 seconds
[2025-12-13T10:28:47.729+0000] {processor.py:186} INFO - Started process (PID=1628) to work on /home/airflow/.local/lib/python3.12/site-packages/airflow/example_dags/example_python_operator.py
[2025-12-13T10:28:47.731+0000] {processor.py:914} INFO - Processing file /home/airflow/.local/lib/python3.12/site-packages/airflow/example_dags/example_python_operator.py for tasks to queue
[2025-12-13T10:28:47.742+0000] {logging_mixin.py:190} INFO - [2025-12-13T10:28:47.738+0000] {dagbag.py:588} INFO - Filling up the DagBag from /home/airflow/.local/lib/python3.12/site-packages/airflow/example_dags/example_python_operator.py
[2025-12-13T10:28:47.788+0000] {processor.py:925} INFO - DAG(s) 'example_python_operator' retrieved from /home/airflow/.local/lib/python3.12/site-packages/airflow/example_dags/example_python_operator.py
[2025-12-13T10:28:47.851+0000] {logging_mixin.py:190} INFO - [2025-12-13T10:28:47.851+0000] {dag.py:3239} INFO - Sync 1 DAGs
[2025-12-13T10:28:47.891+0000] {logging_mixin.py:190} INFO - [2025-12-13T10:28:47.890+0000] {dag.py:4180} INFO - Setting next_dagrun for example_python_operator to None, run_after=None
[2025-12-13T10:28:47.936+0000] {processor.py:208} INFO - Processing /home/airflow/.local/lib/python3.12/site-packages/airflow/example_dags/example_python_operator.py took 0.241 seconds
[2025-12-13T10:29:18.619+0000] {processor.py:186} INFO - Started process (PID=1688) to work on /home/airflow/.local/lib/python3.12/site-packages/airflow/example_dags/example_python_operator.py
[2025-12-13T10:29:18.620+0000] {processor.py:914} INFO - Processing file /home/airflow/.local/lib/python3.12/site-packages/airflow/example_dags/example_python_operator.py for tasks to queue
[2025-12-13T10:29:18.625+0000] {logging_mixin.py:190} INFO - [2025-12-13T10:29:18.624+0000] {dagbag.py:588} INFO - Filling up the DagBag from /home/airflow/.local/lib/python3.12/site-packages/airflow/example_dags/example_python_operator.py
[2025-12-13T10:29:18.654+0000] {processor.py:925} INFO - DAG(s) 'example_python_operator' retrieved from /home/airflow/.local/lib/python3.12/site-packages/airflow/example_dags/example_python_operator.py
[2025-12-13T10:29:18.702+0000] {logging_mixin.py:190} INFO - [2025-12-13T10:29:18.702+0000] {dag.py:3239} INFO - Sync 1 DAGs
[2025-12-13T10:29:18.736+0000] {logging_mixin.py:190} INFO - [2025-12-13T10:29:18.735+0000] {dag.py:4180} INFO - Setting next_dagrun for example_python_operator to None, run_after=None
[2025-12-13T10:29:18.770+0000] {processor.py:208} INFO - Processing /home/airflow/.local/lib/python3.12/site-packages/airflow/example_dags/example_python_operator.py took 0.164 seconds
[2025-12-13T10:29:48.874+0000] {processor.py:186} INFO - Started process (PID=1750) to work on /home/airflow/.local/lib/python3.12/site-packages/airflow/example_dags/example_python_operator.py
[2025-12-13T10:29:48.876+0000] {processor.py:914} INFO - Processing file /home/airflow/.local/lib/python3.12/site-packages/airflow/example_dags/example_python_operator.py for tasks to queue
[2025-12-13T10:29:48.881+0000] {logging_mixin.py:190} INFO - [2025-12-13T10:29:48.880+0000] {dagbag.py:588} INFO - Filling up the DagBag from /home/airflow/.local/lib/python3.12/site-packages/airflow/example_dags/example_python_operator.py
[2025-12-13T10:29:48.904+0000] {processor.py:925} INFO - DAG(s) 'example_python_operator' retrieved from /home/airflow/.local/lib/python3.12/site-packages/airflow/example_dags/example_python_operator.py
[2025-12-13T10:29:48.944+0000] {logging_mixin.py:190} INFO - [2025-12-13T10:29:48.944+0000] {dag.py:3239} INFO - Sync 1 DAGs
[2025-12-13T10:29:48.971+0000] {logging_mixin.py:190} INFO - [2025-12-13T10:29:48.971+0000] {dag.py:4180} INFO - Setting next_dagrun for example_python_operator to None, run_after=None
[2025-12-13T10:29:48.997+0000] {processor.py:208} INFO - Processing /home/airflow/.local/lib/python3.12/site-packages/airflow/example_dags/example_python_operator.py took 0.134 seconds
[2025-12-13T10:30:19.120+0000] {processor.py:186} INFO - Started process (PID=1812) to work on /home/airflow/.local/lib/python3.12/site-packages/airflow/example_dags/example_python_operator.py
[2025-12-13T10:30:19.121+0000] {processor.py:914} INFO - Processing file /home/airflow/.local/lib/python3.12/site-packages/airflow/example_dags/example_python_operator.py for tasks to queue
[2025-12-13T10:30:19.124+0000] {logging_mixin.py:190} INFO - [2025-12-13T10:30:19.124+0000] {dagbag.py:588} INFO - Filling up the DagBag from /home/airflow/.local/lib/python3.12/site-packages/airflow/example_dags/example_python_operator.py
[2025-12-13T10:30:19.145+0000] {processor.py:925} INFO - DAG(s) 'example_python_operator' retrieved from /home/airflow/.local/lib/python3.12/site-packages/airflow/example_dags/example_python_operator.py
[2025-12-13T10:30:19.187+0000] {logging_mixin.py:190} INFO - [2025-12-13T10:30:19.186+0000] {dag.py:3239} INFO - Sync 1 DAGs
[2025-12-13T10:30:19.220+0000] {logging_mixin.py:190} INFO - [2025-12-13T10:30:19.220+0000] {dag.py:4180} INFO - Setting next_dagrun for example_python_operator to None, run_after=None
[2025-12-13T10:30:19.261+0000] {processor.py:208} INFO - Processing /home/airflow/.local/lib/python3.12/site-packages/airflow/example_dags/example_python_operator.py took 0.153 seconds
[2025-12-13T10:30:49.768+0000] {processor.py:186} INFO - Started process (PID=1875) to work on /home/airflow/.local/lib/python3.12/site-packages/airflow/example_dags/example_python_operator.py
[2025-12-13T10:30:49.770+0000] {processor.py:914} INFO - Processing file /home/airflow/.local/lib/python3.12/site-packages/airflow/example_dags/example_python_operator.py for tasks to queue
[2025-12-13T10:30:49.773+0000] {logging_mixin.py:190} INFO - [2025-12-13T10:30:49.772+0000] {dagbag.py:588} INFO - Filling up the DagBag from /home/airflow/.local/lib/python3.12/site-packages/airflow/example_dags/example_python_operator.py
[2025-12-13T10:30:49.797+0000] {processor.py:925} INFO - DAG(s) 'example_python_operator' retrieved from /home/airflow/.local/lib/python3.12/site-packages/airflow/example_dags/example_python_operator.py
[2025-12-13T10:30:49.837+0000] {logging_mixin.py:190} INFO - [2025-12-13T10:30:49.836+0000] {dag.py:3239} INFO - Sync 1 DAGs
[2025-12-13T10:30:49.862+0000] {logging_mixin.py:190} INFO - [2025-12-13T10:30:49.862+0000] {dag.py:4180} INFO - Setting next_dagrun for example_python_operator to None, run_after=None
[2025-12-13T10:30:49.891+0000] {processor.py:208} INFO - Processing /home/airflow/.local/lib/python3.12/site-packages/airflow/example_dags/example_python_operator.py took 0.136 seconds
[2025-12-13T10:31:20.494+0000] {processor.py:186} INFO - Started process (PID=1938) to work on /home/airflow/.local/lib/python3.12/site-packages/airflow/example_dags/example_python_operator.py
[2025-12-13T10:31:20.497+0000] {processor.py:914} INFO - Processing file /home/airflow/.local/lib/python3.12/site-packages/airflow/example_dags/example_python_operator.py for tasks to queue
[2025-12-13T10:31:20.500+0000] {logging_mixin.py:190} INFO - [2025-12-13T10:31:20.500+0000] {dagbag.py:588} INFO - Filling up the DagBag from /home/airflow/.local/lib/python3.12/site-packages/airflow/example_dags/example_python_operator.py
[2025-12-13T10:31:20.520+0000] {processor.py:925} INFO - DAG(s) 'example_python_operator' retrieved from /home/airflow/.local/lib/python3.12/site-packages/airflow/example_dags/example_python_operator.py
[2025-12-13T10:31:20.559+0000] {logging_mixin.py:190} INFO - [2025-12-13T10:31:20.558+0000] {dag.py:3239} INFO - Sync 1 DAGs
[2025-12-13T10:31:20.587+0000] {logging_mixin.py:190} INFO - [2025-12-13T10:31:20.587+0000] {dag.py:4180} INFO - Setting next_dagrun for example_python_operator to None, run_after=None
[2025-12-13T10:31:20.615+0000] {processor.py:208} INFO - Processing /home/airflow/.local/lib/python3.12/site-packages/airflow/example_dags/example_python_operator.py took 0.133 seconds
[2025-12-13T10:31:51.257+0000] {processor.py:186} INFO - Started process (PID=2001) to work on /home/airflow/.local/lib/python3.12/site-packages/airflow/example_dags/example_python_operator.py
[2025-12-13T10:31:51.263+0000] {processor.py:914} INFO - Processing file /home/airflow/.local/lib/python3.12/site-packages/airflow/example_dags/example_python_operator.py for tasks to queue
[2025-12-13T10:31:51.270+0000] {logging_mixin.py:190} INFO - [2025-12-13T10:31:51.269+0000] {dagbag.py:588} INFO - Filling up the DagBag from /home/airflow/.local/lib/python3.12/site-packages/airflow/example_dags/example_python_operator.py
[2025-12-13T10:31:51.310+0000] {processor.py:925} INFO - DAG(s) 'example_python_operator' retrieved from /home/airflow/.local/lib/python3.12/site-packages/airflow/example_dags/example_python_operator.py
[2025-12-13T10:31:51.358+0000] {logging_mixin.py:190} INFO - [2025-12-13T10:31:51.358+0000] {dag.py:3239} INFO - Sync 1 DAGs
[2025-12-13T10:31:51.397+0000] {logging_mixin.py:190} INFO - [2025-12-13T10:31:51.397+0000] {dag.py:4180} INFO - Setting next_dagrun for example_python_operator to None, run_after=None
[2025-12-13T10:31:51.437+0000] {processor.py:208} INFO - Processing /home/airflow/.local/lib/python3.12/site-packages/airflow/example_dags/example_python_operator.py took 0.201 seconds
[2025-12-13T10:32:22.283+0000] {processor.py:186} INFO - Started process (PID=2063) to work on /home/airflow/.local/lib/python3.12/site-packages/airflow/example_dags/example_python_operator.py
[2025-12-13T10:32:22.286+0000] {processor.py:914} INFO - Processing file /home/airflow/.local/lib/python3.12/site-packages/airflow/example_dags/example_python_operator.py for tasks to queue
[2025-12-13T10:32:22.291+0000] {logging_mixin.py:190} INFO - [2025-12-13T10:32:22.290+0000] {dagbag.py:588} INFO - Filling up the DagBag from /home/airflow/.local/lib/python3.12/site-packages/airflow/example_dags/example_python_operator.py
[2025-12-13T10:32:22.319+0000] {processor.py:925} INFO - DAG(s) 'example_python_operator' retrieved from /home/airflow/.local/lib/python3.12/site-packages/airflow/example_dags/example_python_operator.py
[2025-12-13T10:32:22.374+0000] {logging_mixin.py:190} INFO - [2025-12-13T10:32:22.374+0000] {dag.py:3239} INFO - Sync 1 DAGs
[2025-12-13T10:32:22.406+0000] {logging_mixin.py:190} INFO - [2025-12-13T10:32:22.405+0000] {dag.py:4180} INFO - Setting next_dagrun for example_python_operator to None, run_after=None
[2025-12-13T10:32:22.445+0000] {processor.py:208} INFO - Processing /home/airflow/.local/lib/python3.12/site-packages/airflow/example_dags/example_python_operator.py took 0.177 seconds
[2025-12-13T10:32:53.096+0000] {processor.py:186} INFO - Started process (PID=2126) to work on /home/airflow/.local/lib/python3.12/site-packages/airflow/example_dags/example_python_operator.py
[2025-12-13T10:32:53.099+0000] {processor.py:914} INFO - Processing file /home/airflow/.local/lib/python3.12/site-packages/airflow/example_dags/example_python_operator.py for tasks to queue
[2025-12-13T10:32:53.106+0000] {logging_mixin.py:190} INFO - [2025-12-13T10:32:53.105+0000] {dagbag.py:588} INFO - Filling up the DagBag from /home/airflow/.local/lib/python3.12/site-packages/airflow/example_dags/example_python_operator.py
[2025-12-13T10:32:53.149+0000] {processor.py:925} INFO - DAG(s) 'example_python_operator' retrieved from /home/airflow/.local/lib/python3.12/site-packages/airflow/example_dags/example_python_operator.py
[2025-12-13T10:32:53.197+0000] {logging_mixin.py:190} INFO - [2025-12-13T10:32:53.196+0000] {dag.py:3239} INFO - Sync 1 DAGs
[2025-12-13T10:32:53.229+0000] {logging_mixin.py:190} INFO - [2025-12-13T10:32:53.229+0000] {dag.py:4180} INFO - Setting next_dagrun for example_python_operator to None, run_after=None
[2025-12-13T10:32:53.273+0000] {processor.py:208} INFO - Processing /home/airflow/.local/lib/python3.12/site-packages/airflow/example_dags/example_python_operator.py took 0.192 seconds
[2025-12-13T10:33:23.761+0000] {processor.py:186} INFO - Started process (PID=2189) to work on /home/airflow/.local/lib/python3.12/site-packages/airflow/example_dags/example_python_operator.py
[2025-12-13T10:33:23.763+0000] {processor.py:914} INFO - Processing file /home/airflow/.local/lib/python3.12/site-packages/airflow/example_dags/example_python_operator.py for tasks to queue
[2025-12-13T10:33:23.769+0000] {logging_mixin.py:190} INFO - [2025-12-13T10:33:23.768+0000] {dagbag.py:588} INFO - Filling up the DagBag from /home/airflow/.local/lib/python3.12/site-packages/airflow/example_dags/example_python_operator.py
[2025-12-13T10:33:23.798+0000] {processor.py:925} INFO - DAG(s) 'example_python_operator' retrieved from /home/airflow/.local/lib/python3.12/site-packages/airflow/example_dags/example_python_operator.py
[2025-12-13T10:33:23.865+0000] {logging_mixin.py:190} INFO - [2025-12-13T10:33:23.864+0000] {dag.py:3239} INFO - Sync 1 DAGs
[2025-12-13T10:33:23.905+0000] {logging_mixin.py:190} INFO - [2025-12-13T10:33:23.904+0000] {dag.py:4180} INFO - Setting next_dagrun for example_python_operator to None, run_after=None
[2025-12-13T10:33:23.950+0000] {processor.py:208} INFO - Processing /home/airflow/.local/lib/python3.12/site-packages/airflow/example_dags/example_python_operator.py took 0.219 seconds
[2025-12-13T10:33:54.220+0000] {processor.py:186} INFO - Started process (PID=2252) to work on /home/airflow/.local/lib/python3.12/site-packages/airflow/example_dags/example_python_operator.py
[2025-12-13T10:33:54.223+0000] {processor.py:914} INFO - Processing file /home/airflow/.local/lib/python3.12/site-packages/airflow/example_dags/example_python_operator.py for tasks to queue
[2025-12-13T10:33:54.228+0000] {logging_mixin.py:190} INFO - [2025-12-13T10:33:54.227+0000] {dagbag.py:588} INFO - Filling up the DagBag from /home/airflow/.local/lib/python3.12/site-packages/airflow/example_dags/example_python_operator.py
[2025-12-13T10:33:54.248+0000] {processor.py:925} INFO - DAG(s) 'example_python_operator' retrieved from /home/airflow/.local/lib/python3.12/site-packages/airflow/example_dags/example_python_operator.py
[2025-12-13T10:33:54.284+0000] {logging_mixin.py:190} INFO - [2025-12-13T10:33:54.283+0000] {dag.py:3239} INFO - Sync 1 DAGs
[2025-12-13T10:33:54.314+0000] {logging_mixin.py:190} INFO - [2025-12-13T10:33:54.313+0000] {dag.py:4180} INFO - Setting next_dagrun for example_python_operator to None, run_after=None
[2025-12-13T10:33:54.342+0000] {processor.py:208} INFO - Processing /home/airflow/.local/lib/python3.12/site-packages/airflow/example_dags/example_python_operator.py took 0.133 seconds
[2025-12-13T10:34:24.560+0000] {processor.py:186} INFO - Started process (PID=2314) to work on /home/airflow/.local/lib/python3.12/site-packages/airflow/example_dags/example_python_operator.py
[2025-12-13T10:34:24.562+0000] {processor.py:914} INFO - Processing file /home/airflow/.local/lib/python3.12/site-packages/airflow/example_dags/example_python_operator.py for tasks to queue
[2025-12-13T10:34:24.566+0000] {logging_mixin.py:190} INFO - [2025-12-13T10:34:24.566+0000] {dagbag.py:588} INFO - Filling up the DagBag from /home/airflow/.local/lib/python3.12/site-packages/airflow/example_dags/example_python_operator.py
[2025-12-13T10:34:24.596+0000] {processor.py:925} INFO - DAG(s) 'example_python_operator' retrieved from /home/airflow/.local/lib/python3.12/site-packages/airflow/example_dags/example_python_operator.py
[2025-12-13T10:34:24.654+0000] {logging_mixin.py:190} INFO - [2025-12-13T10:34:24.654+0000] {dag.py:3239} INFO - Sync 1 DAGs
[2025-12-13T10:34:24.690+0000] {logging_mixin.py:190} INFO - [2025-12-13T10:34:24.690+0000] {dag.py:4180} INFO - Setting next_dagrun for example_python_operator to None, run_after=None
[2025-12-13T10:34:24.728+0000] {processor.py:208} INFO - Processing /home/airflow/.local/lib/python3.12/site-packages/airflow/example_dags/example_python_operator.py took 0.183 seconds
[2025-12-13T10:34:54.826+0000] {processor.py:186} INFO - Started process (PID=2377) to work on /home/airflow/.local/lib/python3.12/site-packages/airflow/example_dags/example_python_operator.py
[2025-12-13T10:34:54.827+0000] {processor.py:914} INFO - Processing file /home/airflow/.local/lib/python3.12/site-packages/airflow/example_dags/example_python_operator.py for tasks to queue
[2025-12-13T10:34:54.830+0000] {logging_mixin.py:190} INFO - [2025-12-13T10:34:54.830+0000] {dagbag.py:588} INFO - Filling up the DagBag from /home/airflow/.local/lib/python3.12/site-packages/airflow/example_dags/example_python_operator.py
[2025-12-13T10:34:54.849+0000] {processor.py:925} INFO - DAG(s) 'example_python_operator' retrieved from /home/airflow/.local/lib/python3.12/site-packages/airflow/example_dags/example_python_operator.py
[2025-12-13T10:34:54.887+0000] {logging_mixin.py:190} INFO - [2025-12-13T10:34:54.886+0000] {dag.py:3239} INFO - Sync 1 DAGs
[2025-12-13T10:34:54.914+0000] {logging_mixin.py:190} INFO - [2025-12-13T10:34:54.914+0000] {dag.py:4180} INFO - Setting next_dagrun for example_python_operator to None, run_after=None
[2025-12-13T10:34:54.939+0000] {processor.py:208} INFO - Processing /home/airflow/.local/lib/python3.12/site-packages/airflow/example_dags/example_python_operator.py took 0.123 seconds
[2025-12-13T10:35:25.156+0000] {processor.py:186} INFO - Started process (PID=2440) to work on /home/airflow/.local/lib/python3.12/site-packages/airflow/example_dags/example_python_operator.py
[2025-12-13T10:35:25.159+0000] {processor.py:914} INFO - Processing file /home/airflow/.local/lib/python3.12/site-packages/airflow/example_dags/example_python_operator.py for tasks to queue
[2025-12-13T10:35:25.163+0000] {logging_mixin.py:190} INFO - [2025-12-13T10:35:25.163+0000] {dagbag.py:588} INFO - Filling up the DagBag from /home/airflow/.local/lib/python3.12/site-packages/airflow/example_dags/example_python_operator.py
[2025-12-13T10:35:25.187+0000] {processor.py:925} INFO - DAG(s) 'example_python_operator' retrieved from /home/airflow/.local/lib/python3.12/site-packages/airflow/example_dags/example_python_operator.py
[2025-12-13T10:35:25.226+0000] {logging_mixin.py:190} INFO - [2025-12-13T10:35:25.225+0000] {dag.py:3239} INFO - Sync 1 DAGs
[2025-12-13T10:35:25.250+0000] {logging_mixin.py:190} INFO - [2025-12-13T10:35:25.250+0000] {dag.py:4180} INFO - Setting next_dagrun for example_python_operator to None, run_after=None
[2025-12-13T10:35:25.275+0000] {processor.py:208} INFO - Processing /home/airflow/.local/lib/python3.12/site-packages/airflow/example_dags/example_python_operator.py took 0.133 seconds
[2025-12-13T10:35:55.897+0000] {processor.py:186} INFO - Started process (PID=2503) to work on /home/airflow/.local/lib/python3.12/site-packages/airflow/example_dags/example_python_operator.py
[2025-12-13T10:35:55.899+0000] {processor.py:914} INFO - Processing file /home/airflow/.local/lib/python3.12/site-packages/airflow/example_dags/example_python_operator.py for tasks to queue
[2025-12-13T10:35:55.903+0000] {logging_mixin.py:190} INFO - [2025-12-13T10:35:55.902+0000] {dagbag.py:588} INFO - Filling up the DagBag from /home/airflow/.local/lib/python3.12/site-packages/airflow/example_dags/example_python_operator.py
[2025-12-13T10:35:55.929+0000] {processor.py:925} INFO - DAG(s) 'example_python_operator' retrieved from /home/airflow/.local/lib/python3.12/site-packages/airflow/example_dags/example_python_operator.py
[2025-12-13T10:35:55.993+0000] {logging_mixin.py:190} INFO - [2025-12-13T10:35:55.993+0000] {dag.py:3239} INFO - Sync 1 DAGs
[2025-12-13T10:35:56.036+0000] {logging_mixin.py:190} INFO - [2025-12-13T10:35:56.035+0000] {dag.py:4180} INFO - Setting next_dagrun for example_python_operator to None, run_after=None
[2025-12-13T10:35:56.103+0000] {processor.py:208} INFO - Processing /home/airflow/.local/lib/python3.12/site-packages/airflow/example_dags/example_python_operator.py took 0.227 seconds
[2025-12-13T10:36:26.938+0000] {processor.py:186} INFO - Started process (PID=2566) to work on /home/airflow/.local/lib/python3.12/site-packages/airflow/example_dags/example_python_operator.py
[2025-12-13T10:36:26.939+0000] {processor.py:914} INFO - Processing file /home/airflow/.local/lib/python3.12/site-packages/airflow/example_dags/example_python_operator.py for tasks to queue
[2025-12-13T10:36:26.942+0000] {logging_mixin.py:190} INFO - [2025-12-13T10:36:26.941+0000] {dagbag.py:588} INFO - Filling up the DagBag from /home/airflow/.local/lib/python3.12/site-packages/airflow/example_dags/example_python_operator.py
[2025-12-13T10:36:26.967+0000] {processor.py:925} INFO - DAG(s) 'example_python_operator' retrieved from /home/airflow/.local/lib/python3.12/site-packages/airflow/example_dags/example_python_operator.py
[2025-12-13T10:36:27.006+0000] {logging_mixin.py:190} INFO - [2025-12-13T10:36:27.006+0000] {dag.py:3239} INFO - Sync 1 DAGs
[2025-12-13T10:36:27.030+0000] {logging_mixin.py:190} INFO - [2025-12-13T10:36:27.030+0000] {dag.py:4180} INFO - Setting next_dagrun for example_python_operator to None, run_after=None
[2025-12-13T10:36:27.060+0000] {processor.py:208} INFO - Processing /home/airflow/.local/lib/python3.12/site-packages/airflow/example_dags/example_python_operator.py took 0.134 seconds
[2025-12-13T10:36:57.876+0000] {processor.py:186} INFO - Started process (PID=2629) to work on /home/airflow/.local/lib/python3.12/site-packages/airflow/example_dags/example_python_operator.py
[2025-12-13T10:36:57.878+0000] {processor.py:914} INFO - Processing file /home/airflow/.local/lib/python3.12/site-packages/airflow/example_dags/example_python_operator.py for tasks to queue
[2025-12-13T10:36:57.881+0000] {logging_mixin.py:190} INFO - [2025-12-13T10:36:57.881+0000] {dagbag.py:588} INFO - Filling up the DagBag from /home/airflow/.local/lib/python3.12/site-packages/airflow/example_dags/example_python_operator.py
[2025-12-13T10:36:57.906+0000] {processor.py:925} INFO - DAG(s) 'example_python_operator' retrieved from /home/airflow/.local/lib/python3.12/site-packages/airflow/example_dags/example_python_operator.py
[2025-12-13T10:36:57.944+0000] {logging_mixin.py:190} INFO - [2025-12-13T10:36:57.944+0000] {dag.py:3239} INFO - Sync 1 DAGs
[2025-12-13T10:36:57.966+0000] {logging_mixin.py:190} INFO - [2025-12-13T10:36:57.966+0000] {dag.py:4180} INFO - Setting next_dagrun for example_python_operator to None, run_after=None
[2025-12-13T10:36:57.994+0000] {processor.py:208} INFO - Processing /home/airflow/.local/lib/python3.12/site-packages/airflow/example_dags/example_python_operator.py took 0.131 seconds
[2025-12-13T10:37:28.132+0000] {processor.py:186} INFO - Started process (PID=2692) to work on /home/airflow/.local/lib/python3.12/site-packages/airflow/example_dags/example_python_operator.py
[2025-12-13T10:37:28.133+0000] {processor.py:914} INFO - Processing file /home/airflow/.local/lib/python3.12/site-packages/airflow/example_dags/example_python_operator.py for tasks to queue
[2025-12-13T10:37:28.137+0000] {logging_mixin.py:190} INFO - [2025-12-13T10:37:28.137+0000] {dagbag.py:588} INFO - Filling up the DagBag from /home/airflow/.local/lib/python3.12/site-packages/airflow/example_dags/example_python_operator.py
[2025-12-13T10:37:28.170+0000] {processor.py:925} INFO - DAG(s) 'example_python_operator' retrieved from /home/airflow/.local/lib/python3.12/site-packages/airflow/example_dags/example_python_operator.py
[2025-12-13T10:37:28.214+0000] {logging_mixin.py:190} INFO - [2025-12-13T10:37:28.213+0000] {dag.py:3239} INFO - Sync 1 DAGs
[2025-12-13T10:37:28.246+0000] {logging_mixin.py:190} INFO - [2025-12-13T10:37:28.245+0000] {dag.py:4180} INFO - Setting next_dagrun for example_python_operator to None, run_after=None
[2025-12-13T10:37:28.285+0000] {processor.py:208} INFO - Processing /home/airflow/.local/lib/python3.12/site-packages/airflow/example_dags/example_python_operator.py took 0.164 seconds
[2025-12-13T10:37:58.383+0000] {processor.py:186} INFO - Started process (PID=2755) to work on /home/airflow/.local/lib/python3.12/site-packages/airflow/example_dags/example_python_operator.py
[2025-12-13T10:37:58.384+0000] {processor.py:914} INFO - Processing file /home/airflow/.local/lib/python3.12/site-packages/airflow/example_dags/example_python_operator.py for tasks to queue
[2025-12-13T10:37:58.389+0000] {logging_mixin.py:190} INFO - [2025-12-13T10:37:58.388+0000] {dagbag.py:588} INFO - Filling up the DagBag from /home/airflow/.local/lib/python3.12/site-packages/airflow/example_dags/example_python_operator.py
[2025-12-13T10:37:58.415+0000] {processor.py:925} INFO - DAG(s) 'example_python_operator' retrieved from /home/airflow/.local/lib/python3.12/site-packages/airflow/example_dags/example_python_operator.py
[2025-12-13T10:37:58.453+0000] {logging_mixin.py:190} INFO - [2025-12-13T10:37:58.453+0000] {dag.py:3239} INFO - Sync 1 DAGs
[2025-12-13T10:37:58.487+0000] {logging_mixin.py:190} INFO - [2025-12-13T10:37:58.486+0000] {dag.py:4180} INFO - Setting next_dagrun for example_python_operator to None, run_after=None
[2025-12-13T10:37:58.521+0000] {processor.py:208} INFO - Processing /home/airflow/.local/lib/python3.12/site-packages/airflow/example_dags/example_python_operator.py took 0.149 seconds
[2025-12-13T10:38:30.733+0000] {processor.py:186} INFO - Started process (PID=2811) to work on /home/airflow/.local/lib/python3.12/site-packages/airflow/example_dags/example_python_operator.py
[2025-12-13T10:38:30.737+0000] {processor.py:914} INFO - Processing file /home/airflow/.local/lib/python3.12/site-packages/airflow/example_dags/example_python_operator.py for tasks to queue
[2025-12-13T10:38:30.748+0000] {logging_mixin.py:190} INFO - [2025-12-13T10:38:30.747+0000] {dagbag.py:588} INFO - Filling up the DagBag from /home/airflow/.local/lib/python3.12/site-packages/airflow/example_dags/example_python_operator.py
[2025-12-13T10:38:30.834+0000] {processor.py:925} INFO - DAG(s) 'example_python_operator' retrieved from /home/airflow/.local/lib/python3.12/site-packages/airflow/example_dags/example_python_operator.py
[2025-12-13T10:38:30.947+0000] {logging_mixin.py:190} INFO - [2025-12-13T10:38:30.946+0000] {dag.py:3239} INFO - Sync 1 DAGs
[2025-12-13T10:38:30.997+0000] {logging_mixin.py:190} INFO - [2025-12-13T10:38:30.997+0000] {dag.py:4180} INFO - Setting next_dagrun for example_python_operator to None, run_after=None
[2025-12-13T10:38:31.055+0000] {processor.py:208} INFO - Processing /home/airflow/.local/lib/python3.12/site-packages/airflow/example_dags/example_python_operator.py took 0.335 seconds
[2025-12-13T10:39:01.776+0000] {processor.py:186} INFO - Started process (PID=2873) to work on /home/airflow/.local/lib/python3.12/site-packages/airflow/example_dags/example_python_operator.py
[2025-12-13T10:39:01.779+0000] {processor.py:914} INFO - Processing file /home/airflow/.local/lib/python3.12/site-packages/airflow/example_dags/example_python_operator.py for tasks to queue
[2025-12-13T10:39:01.784+0000] {logging_mixin.py:190} INFO - [2025-12-13T10:39:01.783+0000] {dagbag.py:588} INFO - Filling up the DagBag from /home/airflow/.local/lib/python3.12/site-packages/airflow/example_dags/example_python_operator.py
[2025-12-13T10:39:01.819+0000] {processor.py:925} INFO - DAG(s) 'example_python_operator' retrieved from /home/airflow/.local/lib/python3.12/site-packages/airflow/example_dags/example_python_operator.py
[2025-12-13T10:39:01.869+0000] {logging_mixin.py:190} INFO - [2025-12-13T10:39:01.868+0000] {dag.py:3239} INFO - Sync 1 DAGs
[2025-12-13T10:39:01.906+0000] {logging_mixin.py:190} INFO - [2025-12-13T10:39:01.905+0000] {dag.py:4180} INFO - Setting next_dagrun for example_python_operator to None, run_after=None
[2025-12-13T10:39:01.943+0000] {processor.py:208} INFO - Processing /home/airflow/.local/lib/python3.12/site-packages/airflow/example_dags/example_python_operator.py took 0.181 seconds
[2025-12-13T10:39:32.015+0000] {processor.py:186} INFO - Started process (PID=2937) to work on /home/airflow/.local/lib/python3.12/site-packages/airflow/example_dags/example_python_operator.py
[2025-12-13T10:39:32.016+0000] {processor.py:914} INFO - Processing file /home/airflow/.local/lib/python3.12/site-packages/airflow/example_dags/example_python_operator.py for tasks to queue
[2025-12-13T10:39:32.020+0000] {logging_mixin.py:190} INFO - [2025-12-13T10:39:32.019+0000] {dagbag.py:588} INFO - Filling up the DagBag from /home/airflow/.local/lib/python3.12/site-packages/airflow/example_dags/example_python_operator.py
[2025-12-13T10:39:32.040+0000] {processor.py:925} INFO - DAG(s) 'example_python_operator' retrieved from /home/airflow/.local/lib/python3.12/site-packages/airflow/example_dags/example_python_operator.py
[2025-12-13T10:39:32.073+0000] {logging_mixin.py:190} INFO - [2025-12-13T10:39:32.073+0000] {dag.py:3239} INFO - Sync 1 DAGs
[2025-12-13T10:39:32.095+0000] {logging_mixin.py:190} INFO - [2025-12-13T10:39:32.095+0000] {dag.py:4180} INFO - Setting next_dagrun for example_python_operator to None, run_after=None
[2025-12-13T10:39:32.123+0000] {processor.py:208} INFO - Processing /home/airflow/.local/lib/python3.12/site-packages/airflow/example_dags/example_python_operator.py took 0.119 seconds
[2025-12-13T10:40:02.617+0000] {processor.py:186} INFO - Started process (PID=2999) to work on /home/airflow/.local/lib/python3.12/site-packages/airflow/example_dags/example_python_operator.py
[2025-12-13T10:40:02.618+0000] {processor.py:914} INFO - Processing file /home/airflow/.local/lib/python3.12/site-packages/airflow/example_dags/example_python_operator.py for tasks to queue
[2025-12-13T10:40:02.623+0000] {logging_mixin.py:190} INFO - [2025-12-13T10:40:02.622+0000] {dagbag.py:588} INFO - Filling up the DagBag from /home/airflow/.local/lib/python3.12/site-packages/airflow/example_dags/example_python_operator.py
[2025-12-13T10:40:02.649+0000] {processor.py:925} INFO - DAG(s) 'example_python_operator' retrieved from /home/airflow/.local/lib/python3.12/site-packages/airflow/example_dags/example_python_operator.py
[2025-12-13T10:40:02.696+0000] {logging_mixin.py:190} INFO - [2025-12-13T10:40:02.696+0000] {dag.py:3239} INFO - Sync 1 DAGs
[2025-12-13T10:40:02.727+0000] {logging_mixin.py:190} INFO - [2025-12-13T10:40:02.727+0000] {dag.py:4180} INFO - Setting next_dagrun for example_python_operator to None, run_after=None
[2025-12-13T10:40:02.759+0000] {processor.py:208} INFO - Processing /home/airflow/.local/lib/python3.12/site-packages/airflow/example_dags/example_python_operator.py took 0.154 seconds
[2025-12-13T10:40:32.962+0000] {processor.py:186} INFO - Started process (PID=3062) to work on /home/airflow/.local/lib/python3.12/site-packages/airflow/example_dags/example_python_operator.py
[2025-12-13T10:40:32.964+0000] {processor.py:914} INFO - Processing file /home/airflow/.local/lib/python3.12/site-packages/airflow/example_dags/example_python_operator.py for tasks to queue
[2025-12-13T10:40:32.969+0000] {logging_mixin.py:190} INFO - [2025-12-13T10:40:32.968+0000] {dagbag.py:588} INFO - Filling up the DagBag from /home/airflow/.local/lib/python3.12/site-packages/airflow/example_dags/example_python_operator.py
[2025-12-13T10:40:32.995+0000] {processor.py:925} INFO - DAG(s) 'example_python_operator' retrieved from /home/airflow/.local/lib/python3.12/site-packages/airflow/example_dags/example_python_operator.py
[2025-12-13T10:40:33.341+0000] {logging_mixin.py:190} INFO - [2025-12-13T10:40:33.341+0000] {dag.py:3239} INFO - Sync 1 DAGs
[2025-12-13T10:40:33.369+0000] {logging_mixin.py:190} INFO - [2025-12-13T10:40:33.369+0000] {dag.py:4180} INFO - Setting next_dagrun for example_python_operator to None, run_after=None
[2025-12-13T10:40:33.398+0000] {processor.py:208} INFO - Processing /home/airflow/.local/lib/python3.12/site-packages/airflow/example_dags/example_python_operator.py took 0.445 seconds
[2025-12-13T10:41:03.715+0000] {processor.py:186} INFO - Started process (PID=3125) to work on /home/airflow/.local/lib/python3.12/site-packages/airflow/example_dags/example_python_operator.py
[2025-12-13T10:41:03.716+0000] {processor.py:914} INFO - Processing file /home/airflow/.local/lib/python3.12/site-packages/airflow/example_dags/example_python_operator.py for tasks to queue
[2025-12-13T10:41:03.721+0000] {logging_mixin.py:190} INFO - [2025-12-13T10:41:03.720+0000] {dagbag.py:588} INFO - Filling up the DagBag from /home/airflow/.local/lib/python3.12/site-packages/airflow/example_dags/example_python_operator.py
[2025-12-13T10:41:03.750+0000] {processor.py:925} INFO - DAG(s) 'example_python_operator' retrieved from /home/airflow/.local/lib/python3.12/site-packages/airflow/example_dags/example_python_operator.py
[2025-12-13T10:41:03.798+0000] {logging_mixin.py:190} INFO - [2025-12-13T10:41:03.798+0000] {dag.py:3239} INFO - Sync 1 DAGs
[2025-12-13T10:41:03.833+0000] {logging_mixin.py:190} INFO - [2025-12-13T10:41:03.832+0000] {dag.py:4180} INFO - Setting next_dagrun for example_python_operator to None, run_after=None
[2025-12-13T10:41:03.867+0000] {processor.py:208} INFO - Processing /home/airflow/.local/lib/python3.12/site-packages/airflow/example_dags/example_python_operator.py took 0.166 seconds
[2025-12-13T10:41:34.130+0000] {processor.py:186} INFO - Started process (PID=3187) to work on /home/airflow/.local/lib/python3.12/site-packages/airflow/example_dags/example_python_operator.py
[2025-12-13T10:41:34.132+0000] {processor.py:914} INFO - Processing file /home/airflow/.local/lib/python3.12/site-packages/airflow/example_dags/example_python_operator.py for tasks to queue
[2025-12-13T10:41:34.145+0000] {logging_mixin.py:190} INFO - [2025-12-13T10:41:34.144+0000] {dagbag.py:588} INFO - Filling up the DagBag from /home/airflow/.local/lib/python3.12/site-packages/airflow/example_dags/example_python_operator.py
[2025-12-13T10:41:34.182+0000] {processor.py:925} INFO - DAG(s) 'example_python_operator' retrieved from /home/airflow/.local/lib/python3.12/site-packages/airflow/example_dags/example_python_operator.py
[2025-12-13T10:41:34.258+0000] {logging_mixin.py:190} INFO - [2025-12-13T10:41:34.258+0000] {dag.py:3239} INFO - Sync 1 DAGs
[2025-12-13T10:41:34.311+0000] {logging_mixin.py:190} INFO - [2025-12-13T10:41:34.310+0000] {dag.py:4180} INFO - Setting next_dagrun for example_python_operator to None, run_after=None
[2025-12-13T10:41:34.366+0000] {processor.py:208} INFO - Processing /home/airflow/.local/lib/python3.12/site-packages/airflow/example_dags/example_python_operator.py took 0.252 seconds
[2025-12-13T10:42:05.249+0000] {processor.py:186} INFO - Started process (PID=3249) to work on /home/airflow/.local/lib/python3.12/site-packages/airflow/example_dags/example_python_operator.py
[2025-12-13T10:42:05.257+0000] {processor.py:914} INFO - Processing file /home/airflow/.local/lib/python3.12/site-packages/airflow/example_dags/example_python_operator.py for tasks to queue
[2025-12-13T10:42:05.263+0000] {logging_mixin.py:190} INFO - [2025-12-13T10:42:05.262+0000] {dagbag.py:588} INFO - Filling up the DagBag from /home/airflow/.local/lib/python3.12/site-packages/airflow/example_dags/example_python_operator.py
[2025-12-13T10:42:05.306+0000] {processor.py:925} INFO - DAG(s) 'example_python_operator' retrieved from /home/airflow/.local/lib/python3.12/site-packages/airflow/example_dags/example_python_operator.py
[2025-12-13T10:42:05.375+0000] {logging_mixin.py:190} INFO - [2025-12-13T10:42:05.375+0000] {dag.py:3239} INFO - Sync 1 DAGs
[2025-12-13T10:42:05.409+0000] {logging_mixin.py:190} INFO - [2025-12-13T10:42:05.408+0000] {dag.py:4180} INFO - Setting next_dagrun for example_python_operator to None, run_after=None
[2025-12-13T10:42:05.459+0000] {processor.py:208} INFO - Processing /home/airflow/.local/lib/python3.12/site-packages/airflow/example_dags/example_python_operator.py took 0.232 seconds
[2025-12-13T10:42:35.581+0000] {processor.py:186} INFO - Started process (PID=3312) to work on /home/airflow/.local/lib/python3.12/site-packages/airflow/example_dags/example_python_operator.py
[2025-12-13T10:42:35.583+0000] {processor.py:914} INFO - Processing file /home/airflow/.local/lib/python3.12/site-packages/airflow/example_dags/example_python_operator.py for tasks to queue
[2025-12-13T10:42:35.587+0000] {logging_mixin.py:190} INFO - [2025-12-13T10:42:35.587+0000] {dagbag.py:588} INFO - Filling up the DagBag from /home/airflow/.local/lib/python3.12/site-packages/airflow/example_dags/example_python_operator.py
[2025-12-13T10:42:35.617+0000] {processor.py:925} INFO - DAG(s) 'example_python_operator' retrieved from /home/airflow/.local/lib/python3.12/site-packages/airflow/example_dags/example_python_operator.py
[2025-12-13T10:42:35.663+0000] {logging_mixin.py:190} INFO - [2025-12-13T10:42:35.662+0000] {dag.py:3239} INFO - Sync 1 DAGs
[2025-12-13T10:42:35.696+0000] {logging_mixin.py:190} INFO - [2025-12-13T10:42:35.695+0000] {dag.py:4180} INFO - Setting next_dagrun for example_python_operator to None, run_after=None
[2025-12-13T10:42:35.741+0000] {processor.py:208} INFO - Processing /home/airflow/.local/lib/python3.12/site-packages/airflow/example_dags/example_python_operator.py took 0.171 seconds
[2025-12-13T10:43:05.986+0000] {processor.py:186} INFO - Started process (PID=3375) to work on /home/airflow/.local/lib/python3.12/site-packages/airflow/example_dags/example_python_operator.py
[2025-12-13T10:43:05.991+0000] {processor.py:914} INFO - Processing file /home/airflow/.local/lib/python3.12/site-packages/airflow/example_dags/example_python_operator.py for tasks to queue
[2025-12-13T10:43:05.999+0000] {logging_mixin.py:190} INFO - [2025-12-13T10:43:05.995+0000] {dagbag.py:588} INFO - Filling up the DagBag from /home/airflow/.local/lib/python3.12/site-packages/airflow/example_dags/example_python_operator.py
[2025-12-13T10:43:06.027+0000] {processor.py:925} INFO - DAG(s) 'example_python_operator' retrieved from /home/airflow/.local/lib/python3.12/site-packages/airflow/example_dags/example_python_operator.py
[2025-12-13T10:43:06.076+0000] {logging_mixin.py:190} INFO - [2025-12-13T10:43:06.076+0000] {dag.py:3239} INFO - Sync 1 DAGs
[2025-12-13T10:43:06.112+0000] {logging_mixin.py:190} INFO - [2025-12-13T10:43:06.112+0000] {dag.py:4180} INFO - Setting next_dagrun for example_python_operator to None, run_after=None
[2025-12-13T10:43:06.154+0000] {processor.py:208} INFO - Processing /home/airflow/.local/lib/python3.12/site-packages/airflow/example_dags/example_python_operator.py took 0.187 seconds
[2025-12-13T10:43:36.349+0000] {processor.py:186} INFO - Started process (PID=3437) to work on /home/airflow/.local/lib/python3.12/site-packages/airflow/example_dags/example_python_operator.py
[2025-12-13T10:43:36.351+0000] {processor.py:914} INFO - Processing file /home/airflow/.local/lib/python3.12/site-packages/airflow/example_dags/example_python_operator.py for tasks to queue
[2025-12-13T10:43:36.357+0000] {logging_mixin.py:190} INFO - [2025-12-13T10:43:36.356+0000] {dagbag.py:588} INFO - Filling up the DagBag from /home/airflow/.local/lib/python3.12/site-packages/airflow/example_dags/example_python_operator.py
[2025-12-13T10:43:36.398+0000] {processor.py:925} INFO - DAG(s) 'example_python_operator' retrieved from /home/airflow/.local/lib/python3.12/site-packages/airflow/example_dags/example_python_operator.py
[2025-12-13T10:43:36.464+0000] {logging_mixin.py:190} INFO - [2025-12-13T10:43:36.464+0000] {dag.py:3239} INFO - Sync 1 DAGs
[2025-12-13T10:43:36.502+0000] {logging_mixin.py:190} INFO - [2025-12-13T10:43:36.502+0000] {dag.py:4180} INFO - Setting next_dagrun for example_python_operator to None, run_after=None
[2025-12-13T10:43:36.543+0000] {processor.py:208} INFO - Processing /home/airflow/.local/lib/python3.12/site-packages/airflow/example_dags/example_python_operator.py took 0.219 seconds
[2025-12-13T10:44:06.974+0000] {processor.py:186} INFO - Started process (PID=3495) to work on /home/airflow/.local/lib/python3.12/site-packages/airflow/example_dags/example_python_operator.py
[2025-12-13T10:44:06.977+0000] {processor.py:914} INFO - Processing file /home/airflow/.local/lib/python3.12/site-packages/airflow/example_dags/example_python_operator.py for tasks to queue
[2025-12-13T10:44:06.991+0000] {logging_mixin.py:190} INFO - [2025-12-13T10:44:06.988+0000] {dagbag.py:588} INFO - Filling up the DagBag from /home/airflow/.local/lib/python3.12/site-packages/airflow/example_dags/example_python_operator.py
[2025-12-13T10:44:07.056+0000] {processor.py:925} INFO - DAG(s) 'example_python_operator' retrieved from /home/airflow/.local/lib/python3.12/site-packages/airflow/example_dags/example_python_operator.py
[2025-12-13T10:44:07.170+0000] {logging_mixin.py:190} INFO - [2025-12-13T10:44:07.169+0000] {dag.py:3239} INFO - Sync 1 DAGs
[2025-12-13T10:44:07.249+0000] {logging_mixin.py:190} INFO - [2025-12-13T10:44:07.248+0000] {dag.py:4180} INFO - Setting next_dagrun for example_python_operator to None, run_after=None
[2025-12-13T10:44:07.352+0000] {processor.py:208} INFO - Processing /home/airflow/.local/lib/python3.12/site-packages/airflow/example_dags/example_python_operator.py took 0.409 seconds
[2025-12-13T10:44:37.993+0000] {processor.py:186} INFO - Started process (PID=3558) to work on /home/airflow/.local/lib/python3.12/site-packages/airflow/example_dags/example_python_operator.py
[2025-12-13T10:44:38.003+0000] {processor.py:914} INFO - Processing file /home/airflow/.local/lib/python3.12/site-packages/airflow/example_dags/example_python_operator.py for tasks to queue
[2025-12-13T10:44:38.023+0000] {logging_mixin.py:190} INFO - [2025-12-13T10:44:38.019+0000] {dagbag.py:588} INFO - Filling up the DagBag from /home/airflow/.local/lib/python3.12/site-packages/airflow/example_dags/example_python_operator.py
[2025-12-13T10:44:38.109+0000] {processor.py:925} INFO - DAG(s) 'example_python_operator' retrieved from /home/airflow/.local/lib/python3.12/site-packages/airflow/example_dags/example_python_operator.py
[2025-12-13T10:44:38.252+0000] {logging_mixin.py:190} INFO - [2025-12-13T10:44:38.251+0000] {dag.py:3239} INFO - Sync 1 DAGs
[2025-12-13T10:44:38.333+0000] {logging_mixin.py:190} INFO - [2025-12-13T10:44:38.332+0000] {dag.py:4180} INFO - Setting next_dagrun for example_python_operator to None, run_after=None
[2025-12-13T10:44:38.445+0000] {processor.py:208} INFO - Processing /home/airflow/.local/lib/python3.12/site-packages/airflow/example_dags/example_python_operator.py took 0.512 seconds
[2025-12-13T10:45:09.206+0000] {processor.py:186} INFO - Started process (PID=3621) to work on /home/airflow/.local/lib/python3.12/site-packages/airflow/example_dags/example_python_operator.py
[2025-12-13T10:45:09.207+0000] {processor.py:914} INFO - Processing file /home/airflow/.local/lib/python3.12/site-packages/airflow/example_dags/example_python_operator.py for tasks to queue
[2025-12-13T10:45:09.211+0000] {logging_mixin.py:190} INFO - [2025-12-13T10:45:09.210+0000] {dagbag.py:588} INFO - Filling up the DagBag from /home/airflow/.local/lib/python3.12/site-packages/airflow/example_dags/example_python_operator.py
[2025-12-13T10:45:09.228+0000] {processor.py:925} INFO - DAG(s) 'example_python_operator' retrieved from /home/airflow/.local/lib/python3.12/site-packages/airflow/example_dags/example_python_operator.py
[2025-12-13T10:45:09.266+0000] {logging_mixin.py:190} INFO - [2025-12-13T10:45:09.265+0000] {dag.py:3239} INFO - Sync 1 DAGs
[2025-12-13T10:45:09.289+0000] {logging_mixin.py:190} INFO - [2025-12-13T10:45:09.289+0000] {dag.py:4180} INFO - Setting next_dagrun for example_python_operator to None, run_after=None
[2025-12-13T10:45:09.316+0000] {processor.py:208} INFO - Processing /home/airflow/.local/lib/python3.12/site-packages/airflow/example_dags/example_python_operator.py took 0.121 seconds
[2025-12-13T10:45:40.068+0000] {processor.py:186} INFO - Started process (PID=3684) to work on /home/airflow/.local/lib/python3.12/site-packages/airflow/example_dags/example_python_operator.py
[2025-12-13T10:45:40.071+0000] {processor.py:914} INFO - Processing file /home/airflow/.local/lib/python3.12/site-packages/airflow/example_dags/example_python_operator.py for tasks to queue
[2025-12-13T10:45:40.075+0000] {logging_mixin.py:190} INFO - [2025-12-13T10:45:40.074+0000] {dagbag.py:588} INFO - Filling up the DagBag from /home/airflow/.local/lib/python3.12/site-packages/airflow/example_dags/example_python_operator.py
[2025-12-13T10:45:40.096+0000] {processor.py:925} INFO - DAG(s) 'example_python_operator' retrieved from /home/airflow/.local/lib/python3.12/site-packages/airflow/example_dags/example_python_operator.py
[2025-12-13T10:45:40.133+0000] {logging_mixin.py:190} INFO - [2025-12-13T10:45:40.132+0000] {dag.py:3239} INFO - Sync 1 DAGs
[2025-12-13T10:45:40.159+0000] {logging_mixin.py:190} INFO - [2025-12-13T10:45:40.158+0000] {dag.py:4180} INFO - Setting next_dagrun for example_python_operator to None, run_after=None
[2025-12-13T10:45:40.190+0000] {processor.py:208} INFO - Processing /home/airflow/.local/lib/python3.12/site-packages/airflow/example_dags/example_python_operator.py took 0.130 seconds
[2025-12-13T10:46:10.568+0000] {processor.py:186} INFO - Started process (PID=3747) to work on /home/airflow/.local/lib/python3.12/site-packages/airflow/example_dags/example_python_operator.py
[2025-12-13T10:46:10.569+0000] {processor.py:914} INFO - Processing file /home/airflow/.local/lib/python3.12/site-packages/airflow/example_dags/example_python_operator.py for tasks to queue
[2025-12-13T10:46:10.572+0000] {logging_mixin.py:190} INFO - [2025-12-13T10:46:10.572+0000] {dagbag.py:588} INFO - Filling up the DagBag from /home/airflow/.local/lib/python3.12/site-packages/airflow/example_dags/example_python_operator.py
[2025-12-13T10:46:10.590+0000] {processor.py:925} INFO - DAG(s) 'example_python_operator' retrieved from /home/airflow/.local/lib/python3.12/site-packages/airflow/example_dags/example_python_operator.py
[2025-12-13T10:46:10.625+0000] {logging_mixin.py:190} INFO - [2025-12-13T10:46:10.625+0000] {dag.py:3239} INFO - Sync 1 DAGs
[2025-12-13T10:46:10.647+0000] {logging_mixin.py:190} INFO - [2025-12-13T10:46:10.647+0000] {dag.py:4180} INFO - Setting next_dagrun for example_python_operator to None, run_after=None
[2025-12-13T10:46:10.675+0000] {processor.py:208} INFO - Processing /home/airflow/.local/lib/python3.12/site-packages/airflow/example_dags/example_python_operator.py took 0.117 seconds
[2025-12-13T10:46:41.559+0000] {processor.py:186} INFO - Started process (PID=3810) to work on /home/airflow/.local/lib/python3.12/site-packages/airflow/example_dags/example_python_operator.py
[2025-12-13T10:46:41.560+0000] {processor.py:914} INFO - Processing file /home/airflow/.local/lib/python3.12/site-packages/airflow/example_dags/example_python_operator.py for tasks to queue
[2025-12-13T10:46:41.564+0000] {logging_mixin.py:190} INFO - [2025-12-13T10:46:41.563+0000] {dagbag.py:588} INFO - Filling up the DagBag from /home/airflow/.local/lib/python3.12/site-packages/airflow/example_dags/example_python_operator.py
[2025-12-13T10:46:41.588+0000] {processor.py:925} INFO - DAG(s) 'example_python_operator' retrieved from /home/airflow/.local/lib/python3.12/site-packages/airflow/example_dags/example_python_operator.py
[2025-12-13T10:46:41.628+0000] {logging_mixin.py:190} INFO - [2025-12-13T10:46:41.627+0000] {dag.py:3239} INFO - Sync 1 DAGs
[2025-12-13T10:46:41.672+0000] {logging_mixin.py:190} INFO - [2025-12-13T10:46:41.671+0000] {dag.py:4180} INFO - Setting next_dagrun for example_python_operator to None, run_after=None
[2025-12-13T10:46:41.727+0000] {processor.py:208} INFO - Processing /home/airflow/.local/lib/python3.12/site-packages/airflow/example_dags/example_python_operator.py took 0.179 seconds
