[2025-12-13T10:16:04.360+0000] {processor.py:186} INFO - Started process (PID=84) to work on /home/airflow/.local/lib/python3.12/site-packages/airflow/example_dags/example_task_group.py
[2025-12-13T10:16:04.361+0000] {processor.py:914} INFO - Processing file /home/airflow/.local/lib/python3.12/site-packages/airflow/example_dags/example_task_group.py for tasks to queue
[2025-12-13T10:16:04.365+0000] {logging_mixin.py:190} INFO - [2025-12-13T10:16:04.365+0000] {dagbag.py:588} INFO - Filling up the DagBag from /home/airflow/.local/lib/python3.12/site-packages/airflow/example_dags/example_task_group.py
[2025-12-13T10:16:04.389+0000] {processor.py:925} INFO - DAG(s) 'example_task_group' retrieved from /home/airflow/.local/lib/python3.12/site-packages/airflow/example_dags/example_task_group.py
[2025-12-13T10:16:04.633+0000] {logging_mixin.py:190} INFO - [2025-12-13T10:16:04.631+0000] {override.py:1911} INFO - Created Permission View: can edit on DAG:example_task_group
[2025-12-13T10:16:04.687+0000] {logging_mixin.py:190} INFO - [2025-12-13T10:16:04.686+0000] {override.py:1911} INFO - Created Permission View: can delete on DAG:example_task_group
[2025-12-13T10:16:04.718+0000] {logging_mixin.py:190} INFO - [2025-12-13T10:16:04.718+0000] {override.py:1911} INFO - Created Permission View: can read on DAG:example_task_group
[2025-12-13T10:16:04.759+0000] {logging_mixin.py:190} INFO - [2025-12-13T10:16:04.758+0000] {override.py:1911} INFO - Created Permission View: can create on DAG Run:example_task_group
[2025-12-13T10:16:04.794+0000] {logging_mixin.py:190} INFO - [2025-12-13T10:16:04.794+0000] {override.py:1911} INFO - Created Permission View: can delete on DAG Run:example_task_group
[2025-12-13T10:16:04.827+0000] {logging_mixin.py:190} INFO - [2025-12-13T10:16:04.826+0000] {override.py:1911} INFO - Created Permission View: menu access on DAG Run:example_task_group
[2025-12-13T10:16:04.841+0000] {logging_mixin.py:190} INFO - [2025-12-13T10:16:04.840+0000] {override.py:1911} INFO - Created Permission View: can read on DAG Run:example_task_group
[2025-12-13T10:16:04.842+0000] {logging_mixin.py:190} INFO - [2025-12-13T10:16:04.841+0000] {dag.py:3239} INFO - Sync 1 DAGs
[2025-12-13T10:16:04.870+0000] {logging_mixin.py:190} INFO - [2025-12-13T10:16:04.870+0000] {dag.py:3262} INFO - Creating ORM DAG for example_task_group
[2025-12-13T10:16:04.871+0000] {logging_mixin.py:190} INFO - [2025-12-13T10:16:04.871+0000] {dag.py:4180} INFO - Setting next_dagrun for example_task_group to None, run_after=None
[2025-12-13T10:16:04.920+0000] {processor.py:208} INFO - Processing /home/airflow/.local/lib/python3.12/site-packages/airflow/example_dags/example_task_group.py took 0.572 seconds
[2025-12-13T10:16:35.170+0000] {processor.py:186} INFO - Started process (PID=146) to work on /home/airflow/.local/lib/python3.12/site-packages/airflow/example_dags/example_task_group.py
[2025-12-13T10:16:35.172+0000] {processor.py:914} INFO - Processing file /home/airflow/.local/lib/python3.12/site-packages/airflow/example_dags/example_task_group.py for tasks to queue
[2025-12-13T10:16:35.179+0000] {logging_mixin.py:190} INFO - [2025-12-13T10:16:35.178+0000] {dagbag.py:588} INFO - Filling up the DagBag from /home/airflow/.local/lib/python3.12/site-packages/airflow/example_dags/example_task_group.py
[2025-12-13T10:16:35.197+0000] {processor.py:925} INFO - DAG(s) 'example_task_group' retrieved from /home/airflow/.local/lib/python3.12/site-packages/airflow/example_dags/example_task_group.py
[2025-12-13T10:16:35.241+0000] {logging_mixin.py:190} INFO - [2025-12-13T10:16:35.240+0000] {dag.py:3239} INFO - Sync 1 DAGs
[2025-12-13T10:16:35.273+0000] {logging_mixin.py:190} INFO - [2025-12-13T10:16:35.273+0000] {dag.py:4180} INFO - Setting next_dagrun for example_task_group to None, run_after=None
[2025-12-13T10:16:35.309+0000] {processor.py:208} INFO - Processing /home/airflow/.local/lib/python3.12/site-packages/airflow/example_dags/example_task_group.py took 0.150 seconds
[2025-12-13T10:17:05.724+0000] {processor.py:186} INFO - Started process (PID=209) to work on /home/airflow/.local/lib/python3.12/site-packages/airflow/example_dags/example_task_group.py
[2025-12-13T10:17:05.725+0000] {processor.py:914} INFO - Processing file /home/airflow/.local/lib/python3.12/site-packages/airflow/example_dags/example_task_group.py for tasks to queue
[2025-12-13T10:17:05.730+0000] {logging_mixin.py:190} INFO - [2025-12-13T10:17:05.729+0000] {dagbag.py:588} INFO - Filling up the DagBag from /home/airflow/.local/lib/python3.12/site-packages/airflow/example_dags/example_task_group.py
[2025-12-13T10:17:05.762+0000] {processor.py:925} INFO - DAG(s) 'example_task_group' retrieved from /home/airflow/.local/lib/python3.12/site-packages/airflow/example_dags/example_task_group.py
[2025-12-13T10:17:05.811+0000] {logging_mixin.py:190} INFO - [2025-12-13T10:17:05.810+0000] {dag.py:3239} INFO - Sync 1 DAGs
[2025-12-13T10:17:05.848+0000] {logging_mixin.py:190} INFO - [2025-12-13T10:17:05.847+0000] {dag.py:4180} INFO - Setting next_dagrun for example_task_group to None, run_after=None
[2025-12-13T10:17:05.905+0000] {processor.py:208} INFO - Processing /home/airflow/.local/lib/python3.12/site-packages/airflow/example_dags/example_task_group.py took 0.205 seconds
[2025-12-13T10:17:36.334+0000] {processor.py:186} INFO - Started process (PID=271) to work on /home/airflow/.local/lib/python3.12/site-packages/airflow/example_dags/example_task_group.py
[2025-12-13T10:17:36.338+0000] {processor.py:914} INFO - Processing file /home/airflow/.local/lib/python3.12/site-packages/airflow/example_dags/example_task_group.py for tasks to queue
[2025-12-13T10:17:36.343+0000] {logging_mixin.py:190} INFO - [2025-12-13T10:17:36.342+0000] {dagbag.py:588} INFO - Filling up the DagBag from /home/airflow/.local/lib/python3.12/site-packages/airflow/example_dags/example_task_group.py
[2025-12-13T10:17:36.361+0000] {processor.py:925} INFO - DAG(s) 'example_task_group' retrieved from /home/airflow/.local/lib/python3.12/site-packages/airflow/example_dags/example_task_group.py
[2025-12-13T10:17:36.399+0000] {logging_mixin.py:190} INFO - [2025-12-13T10:17:36.399+0000] {dag.py:3239} INFO - Sync 1 DAGs
[2025-12-13T10:17:36.428+0000] {logging_mixin.py:190} INFO - [2025-12-13T10:17:36.428+0000] {dag.py:4180} INFO - Setting next_dagrun for example_task_group to None, run_after=None
[2025-12-13T10:17:36.463+0000] {processor.py:208} INFO - Processing /home/airflow/.local/lib/python3.12/site-packages/airflow/example_dags/example_task_group.py took 0.139 seconds
[2025-12-13T10:18:06.592+0000] {processor.py:186} INFO - Started process (PID=334) to work on /home/airflow/.local/lib/python3.12/site-packages/airflow/example_dags/example_task_group.py
[2025-12-13T10:18:06.593+0000] {processor.py:914} INFO - Processing file /home/airflow/.local/lib/python3.12/site-packages/airflow/example_dags/example_task_group.py for tasks to queue
[2025-12-13T10:18:06.598+0000] {logging_mixin.py:190} INFO - [2025-12-13T10:18:06.597+0000] {dagbag.py:588} INFO - Filling up the DagBag from /home/airflow/.local/lib/python3.12/site-packages/airflow/example_dags/example_task_group.py
[2025-12-13T10:18:06.613+0000] {processor.py:925} INFO - DAG(s) 'example_task_group' retrieved from /home/airflow/.local/lib/python3.12/site-packages/airflow/example_dags/example_task_group.py
[2025-12-13T10:18:06.654+0000] {logging_mixin.py:190} INFO - [2025-12-13T10:18:06.653+0000] {dag.py:3239} INFO - Sync 1 DAGs
[2025-12-13T10:18:06.686+0000] {logging_mixin.py:190} INFO - [2025-12-13T10:18:06.685+0000] {dag.py:4180} INFO - Setting next_dagrun for example_task_group to None, run_after=None
[2025-12-13T10:18:06.718+0000] {processor.py:208} INFO - Processing /home/airflow/.local/lib/python3.12/site-packages/airflow/example_dags/example_task_group.py took 0.138 seconds
[2025-12-13T10:18:37.088+0000] {processor.py:186} INFO - Started process (PID=397) to work on /home/airflow/.local/lib/python3.12/site-packages/airflow/example_dags/example_task_group.py
[2025-12-13T10:18:37.091+0000] {processor.py:914} INFO - Processing file /home/airflow/.local/lib/python3.12/site-packages/airflow/example_dags/example_task_group.py for tasks to queue
[2025-12-13T10:18:37.098+0000] {logging_mixin.py:190} INFO - [2025-12-13T10:18:37.097+0000] {dagbag.py:588} INFO - Filling up the DagBag from /home/airflow/.local/lib/python3.12/site-packages/airflow/example_dags/example_task_group.py
[2025-12-13T10:18:37.114+0000] {processor.py:925} INFO - DAG(s) 'example_task_group' retrieved from /home/airflow/.local/lib/python3.12/site-packages/airflow/example_dags/example_task_group.py
[2025-12-13T10:18:37.165+0000] {logging_mixin.py:190} INFO - [2025-12-13T10:18:37.164+0000] {dag.py:3239} INFO - Sync 1 DAGs
[2025-12-13T10:18:37.193+0000] {logging_mixin.py:190} INFO - [2025-12-13T10:18:37.193+0000] {dag.py:4180} INFO - Setting next_dagrun for example_task_group to None, run_after=None
[2025-12-13T10:18:37.228+0000] {processor.py:208} INFO - Processing /home/airflow/.local/lib/python3.12/site-packages/airflow/example_dags/example_task_group.py took 0.151 seconds
[2025-12-13T10:19:08.124+0000] {processor.py:186} INFO - Started process (PID=460) to work on /home/airflow/.local/lib/python3.12/site-packages/airflow/example_dags/example_task_group.py
[2025-12-13T10:19:08.125+0000] {processor.py:914} INFO - Processing file /home/airflow/.local/lib/python3.12/site-packages/airflow/example_dags/example_task_group.py for tasks to queue
[2025-12-13T10:19:08.130+0000] {logging_mixin.py:190} INFO - [2025-12-13T10:19:08.129+0000] {dagbag.py:588} INFO - Filling up the DagBag from /home/airflow/.local/lib/python3.12/site-packages/airflow/example_dags/example_task_group.py
[2025-12-13T10:19:08.153+0000] {processor.py:925} INFO - DAG(s) 'example_task_group' retrieved from /home/airflow/.local/lib/python3.12/site-packages/airflow/example_dags/example_task_group.py
[2025-12-13T10:19:08.197+0000] {logging_mixin.py:190} INFO - [2025-12-13T10:19:08.197+0000] {dag.py:3239} INFO - Sync 1 DAGs
[2025-12-13T10:19:08.226+0000] {logging_mixin.py:190} INFO - [2025-12-13T10:19:08.225+0000] {dag.py:4180} INFO - Setting next_dagrun for example_task_group to None, run_after=None
[2025-12-13T10:19:08.263+0000] {processor.py:208} INFO - Processing /home/airflow/.local/lib/python3.12/site-packages/airflow/example_dags/example_task_group.py took 0.151 seconds
[2025-12-13T10:19:38.776+0000] {processor.py:186} INFO - Started process (PID=523) to work on /home/airflow/.local/lib/python3.12/site-packages/airflow/example_dags/example_task_group.py
[2025-12-13T10:19:38.778+0000] {processor.py:914} INFO - Processing file /home/airflow/.local/lib/python3.12/site-packages/airflow/example_dags/example_task_group.py for tasks to queue
[2025-12-13T10:19:38.783+0000] {logging_mixin.py:190} INFO - [2025-12-13T10:19:38.782+0000] {dagbag.py:588} INFO - Filling up the DagBag from /home/airflow/.local/lib/python3.12/site-packages/airflow/example_dags/example_task_group.py
[2025-12-13T10:19:38.802+0000] {processor.py:925} INFO - DAG(s) 'example_task_group' retrieved from /home/airflow/.local/lib/python3.12/site-packages/airflow/example_dags/example_task_group.py
[2025-12-13T10:19:38.861+0000] {logging_mixin.py:190} INFO - [2025-12-13T10:19:38.861+0000] {dag.py:3239} INFO - Sync 1 DAGs
[2025-12-13T10:19:38.896+0000] {logging_mixin.py:190} INFO - [2025-12-13T10:19:38.896+0000] {dag.py:4180} INFO - Setting next_dagrun for example_task_group to None, run_after=None
[2025-12-13T10:19:38.951+0000] {processor.py:208} INFO - Processing /home/airflow/.local/lib/python3.12/site-packages/airflow/example_dags/example_task_group.py took 0.196 seconds
[2025-12-13T10:20:09.531+0000] {processor.py:186} INFO - Started process (PID=585) to work on /home/airflow/.local/lib/python3.12/site-packages/airflow/example_dags/example_task_group.py
[2025-12-13T10:20:09.533+0000] {processor.py:914} INFO - Processing file /home/airflow/.local/lib/python3.12/site-packages/airflow/example_dags/example_task_group.py for tasks to queue
[2025-12-13T10:20:09.537+0000] {logging_mixin.py:190} INFO - [2025-12-13T10:20:09.537+0000] {dagbag.py:588} INFO - Filling up the DagBag from /home/airflow/.local/lib/python3.12/site-packages/airflow/example_dags/example_task_group.py
[2025-12-13T10:20:09.555+0000] {processor.py:925} INFO - DAG(s) 'example_task_group' retrieved from /home/airflow/.local/lib/python3.12/site-packages/airflow/example_dags/example_task_group.py
[2025-12-13T10:20:09.598+0000] {logging_mixin.py:190} INFO - [2025-12-13T10:20:09.597+0000] {dag.py:3239} INFO - Sync 1 DAGs
[2025-12-13T10:20:09.629+0000] {logging_mixin.py:190} INFO - [2025-12-13T10:20:09.628+0000] {dag.py:4180} INFO - Setting next_dagrun for example_task_group to None, run_after=None
[2025-12-13T10:20:09.659+0000] {processor.py:208} INFO - Processing /home/airflow/.local/lib/python3.12/site-packages/airflow/example_dags/example_task_group.py took 0.147 seconds
[2025-12-13T10:20:39.799+0000] {processor.py:186} INFO - Started process (PID=648) to work on /home/airflow/.local/lib/python3.12/site-packages/airflow/example_dags/example_task_group.py
[2025-12-13T10:20:39.800+0000] {processor.py:914} INFO - Processing file /home/airflow/.local/lib/python3.12/site-packages/airflow/example_dags/example_task_group.py for tasks to queue
[2025-12-13T10:20:39.803+0000] {logging_mixin.py:190} INFO - [2025-12-13T10:20:39.803+0000] {dagbag.py:588} INFO - Filling up the DagBag from /home/airflow/.local/lib/python3.12/site-packages/airflow/example_dags/example_task_group.py
[2025-12-13T10:20:39.820+0000] {processor.py:925} INFO - DAG(s) 'example_task_group' retrieved from /home/airflow/.local/lib/python3.12/site-packages/airflow/example_dags/example_task_group.py
[2025-12-13T10:20:39.863+0000] {logging_mixin.py:190} INFO - [2025-12-13T10:20:39.862+0000] {dag.py:3239} INFO - Sync 1 DAGs
[2025-12-13T10:20:39.883+0000] {logging_mixin.py:190} INFO - [2025-12-13T10:20:39.883+0000] {dag.py:4180} INFO - Setting next_dagrun for example_task_group to None, run_after=None
[2025-12-13T10:20:39.914+0000] {processor.py:208} INFO - Processing /home/airflow/.local/lib/python3.12/site-packages/airflow/example_dags/example_task_group.py took 0.128 seconds
[2025-12-13T10:21:09.994+0000] {processor.py:186} INFO - Started process (PID=711) to work on /home/airflow/.local/lib/python3.12/site-packages/airflow/example_dags/example_task_group.py
[2025-12-13T10:21:09.995+0000] {processor.py:914} INFO - Processing file /home/airflow/.local/lib/python3.12/site-packages/airflow/example_dags/example_task_group.py for tasks to queue
[2025-12-13T10:21:10.001+0000] {logging_mixin.py:190} INFO - [2025-12-13T10:21:10.000+0000] {dagbag.py:588} INFO - Filling up the DagBag from /home/airflow/.local/lib/python3.12/site-packages/airflow/example_dags/example_task_group.py
[2025-12-13T10:21:10.019+0000] {processor.py:925} INFO - DAG(s) 'example_task_group' retrieved from /home/airflow/.local/lib/python3.12/site-packages/airflow/example_dags/example_task_group.py
[2025-12-13T10:21:10.077+0000] {logging_mixin.py:190} INFO - [2025-12-13T10:21:10.076+0000] {dag.py:3239} INFO - Sync 1 DAGs
[2025-12-13T10:21:10.166+0000] {logging_mixin.py:190} INFO - [2025-12-13T10:21:10.166+0000] {dag.py:4180} INFO - Setting next_dagrun for example_task_group to None, run_after=None
[2025-12-13T10:21:10.233+0000] {processor.py:208} INFO - Processing /home/airflow/.local/lib/python3.12/site-packages/airflow/example_dags/example_task_group.py took 0.255 seconds
[2025-12-13T10:21:40.418+0000] {processor.py:186} INFO - Started process (PID=774) to work on /home/airflow/.local/lib/python3.12/site-packages/airflow/example_dags/example_task_group.py
[2025-12-13T10:21:40.419+0000] {processor.py:914} INFO - Processing file /home/airflow/.local/lib/python3.12/site-packages/airflow/example_dags/example_task_group.py for tasks to queue
[2025-12-13T10:21:40.423+0000] {logging_mixin.py:190} INFO - [2025-12-13T10:21:40.423+0000] {dagbag.py:588} INFO - Filling up the DagBag from /home/airflow/.local/lib/python3.12/site-packages/airflow/example_dags/example_task_group.py
[2025-12-13T10:21:40.441+0000] {processor.py:925} INFO - DAG(s) 'example_task_group' retrieved from /home/airflow/.local/lib/python3.12/site-packages/airflow/example_dags/example_task_group.py
[2025-12-13T10:21:40.493+0000] {logging_mixin.py:190} INFO - [2025-12-13T10:21:40.493+0000] {dag.py:3239} INFO - Sync 1 DAGs
[2025-12-13T10:21:40.527+0000] {logging_mixin.py:190} INFO - [2025-12-13T10:21:40.527+0000] {dag.py:4180} INFO - Setting next_dagrun for example_task_group to None, run_after=None
[2025-12-13T10:21:40.566+0000] {processor.py:208} INFO - Processing /home/airflow/.local/lib/python3.12/site-packages/airflow/example_dags/example_task_group.py took 0.160 seconds
[2025-12-13T10:22:11.770+0000] {processor.py:186} INFO - Started process (PID=836) to work on /home/airflow/.local/lib/python3.12/site-packages/airflow/example_dags/example_task_group.py
[2025-12-13T10:22:11.772+0000] {processor.py:914} INFO - Processing file /home/airflow/.local/lib/python3.12/site-packages/airflow/example_dags/example_task_group.py for tasks to queue
[2025-12-13T10:22:11.776+0000] {logging_mixin.py:190} INFO - [2025-12-13T10:22:11.775+0000] {dagbag.py:588} INFO - Filling up the DagBag from /home/airflow/.local/lib/python3.12/site-packages/airflow/example_dags/example_task_group.py
[2025-12-13T10:22:11.794+0000] {processor.py:925} INFO - DAG(s) 'example_task_group' retrieved from /home/airflow/.local/lib/python3.12/site-packages/airflow/example_dags/example_task_group.py
[2025-12-13T10:22:11.838+0000] {logging_mixin.py:190} INFO - [2025-12-13T10:22:11.838+0000] {dag.py:3239} INFO - Sync 1 DAGs
[2025-12-13T10:22:11.870+0000] {logging_mixin.py:190} INFO - [2025-12-13T10:22:11.870+0000] {dag.py:4180} INFO - Setting next_dagrun for example_task_group to None, run_after=None
[2025-12-13T10:22:11.907+0000] {processor.py:208} INFO - Processing /home/airflow/.local/lib/python3.12/site-packages/airflow/example_dags/example_task_group.py took 0.151 seconds
[2025-12-13T10:22:45.646+0000] {processor.py:186} INFO - Started process (PID=904) to work on /home/airflow/.local/lib/python3.12/site-packages/airflow/example_dags/example_task_group.py
[2025-12-13T10:22:45.656+0000] {processor.py:914} INFO - Processing file /home/airflow/.local/lib/python3.12/site-packages/airflow/example_dags/example_task_group.py for tasks to queue
[2025-12-13T10:22:45.666+0000] {logging_mixin.py:190} INFO - [2025-12-13T10:22:45.666+0000] {dagbag.py:588} INFO - Filling up the DagBag from /home/airflow/.local/lib/python3.12/site-packages/airflow/example_dags/example_task_group.py
[2025-12-13T10:22:45.708+0000] {processor.py:925} INFO - DAG(s) 'example_task_group' retrieved from /home/airflow/.local/lib/python3.12/site-packages/airflow/example_dags/example_task_group.py
[2025-12-13T10:22:45.798+0000] {logging_mixin.py:190} INFO - [2025-12-13T10:22:45.798+0000] {dag.py:3239} INFO - Sync 1 DAGs
[2025-12-13T10:22:45.894+0000] {logging_mixin.py:190} INFO - [2025-12-13T10:22:45.893+0000] {dag.py:4180} INFO - Setting next_dagrun for example_task_group to None, run_after=None
[2025-12-13T10:22:46.054+0000] {processor.py:208} INFO - Processing /home/airflow/.local/lib/python3.12/site-packages/airflow/example_dags/example_task_group.py took 0.444 seconds
[2025-12-13T10:23:16.726+0000] {processor.py:186} INFO - Started process (PID=967) to work on /home/airflow/.local/lib/python3.12/site-packages/airflow/example_dags/example_task_group.py
[2025-12-13T10:23:16.727+0000] {processor.py:914} INFO - Processing file /home/airflow/.local/lib/python3.12/site-packages/airflow/example_dags/example_task_group.py for tasks to queue
[2025-12-13T10:23:16.732+0000] {logging_mixin.py:190} INFO - [2025-12-13T10:23:16.731+0000] {dagbag.py:588} INFO - Filling up the DagBag from /home/airflow/.local/lib/python3.12/site-packages/airflow/example_dags/example_task_group.py
[2025-12-13T10:23:16.747+0000] {processor.py:925} INFO - DAG(s) 'example_task_group' retrieved from /home/airflow/.local/lib/python3.12/site-packages/airflow/example_dags/example_task_group.py
[2025-12-13T10:23:16.784+0000] {logging_mixin.py:190} INFO - [2025-12-13T10:23:16.783+0000] {dag.py:3239} INFO - Sync 1 DAGs
[2025-12-13T10:23:16.811+0000] {logging_mixin.py:190} INFO - [2025-12-13T10:23:16.810+0000] {dag.py:4180} INFO - Setting next_dagrun for example_task_group to None, run_after=None
[2025-12-13T10:23:16.839+0000] {processor.py:208} INFO - Processing /home/airflow/.local/lib/python3.12/site-packages/airflow/example_dags/example_task_group.py took 0.128 seconds
[2025-12-13T10:23:47.483+0000] {processor.py:186} INFO - Started process (PID=1030) to work on /home/airflow/.local/lib/python3.12/site-packages/airflow/example_dags/example_task_group.py
[2025-12-13T10:23:47.484+0000] {processor.py:914} INFO - Processing file /home/airflow/.local/lib/python3.12/site-packages/airflow/example_dags/example_task_group.py for tasks to queue
[2025-12-13T10:23:47.489+0000] {logging_mixin.py:190} INFO - [2025-12-13T10:23:47.488+0000] {dagbag.py:588} INFO - Filling up the DagBag from /home/airflow/.local/lib/python3.12/site-packages/airflow/example_dags/example_task_group.py
[2025-12-13T10:23:47.506+0000] {processor.py:925} INFO - DAG(s) 'example_task_group' retrieved from /home/airflow/.local/lib/python3.12/site-packages/airflow/example_dags/example_task_group.py
[2025-12-13T10:23:47.549+0000] {logging_mixin.py:190} INFO - [2025-12-13T10:23:47.549+0000] {dag.py:3239} INFO - Sync 1 DAGs
[2025-12-13T10:23:47.577+0000] {logging_mixin.py:190} INFO - [2025-12-13T10:23:47.577+0000] {dag.py:4180} INFO - Setting next_dagrun for example_task_group to None, run_after=None
[2025-12-13T10:23:47.611+0000] {processor.py:208} INFO - Processing /home/airflow/.local/lib/python3.12/site-packages/airflow/example_dags/example_task_group.py took 0.139 seconds
[2025-12-13T10:24:18.358+0000] {processor.py:186} INFO - Started process (PID=1093) to work on /home/airflow/.local/lib/python3.12/site-packages/airflow/example_dags/example_task_group.py
[2025-12-13T10:24:18.360+0000] {processor.py:914} INFO - Processing file /home/airflow/.local/lib/python3.12/site-packages/airflow/example_dags/example_task_group.py for tasks to queue
[2025-12-13T10:24:18.365+0000] {logging_mixin.py:190} INFO - [2025-12-13T10:24:18.364+0000] {dagbag.py:588} INFO - Filling up the DagBag from /home/airflow/.local/lib/python3.12/site-packages/airflow/example_dags/example_task_group.py
[2025-12-13T10:24:18.383+0000] {processor.py:925} INFO - DAG(s) 'example_task_group' retrieved from /home/airflow/.local/lib/python3.12/site-packages/airflow/example_dags/example_task_group.py
[2025-12-13T10:24:18.424+0000] {logging_mixin.py:190} INFO - [2025-12-13T10:24:18.423+0000] {dag.py:3239} INFO - Sync 1 DAGs
[2025-12-13T10:24:18.460+0000] {logging_mixin.py:190} INFO - [2025-12-13T10:24:18.460+0000] {dag.py:4180} INFO - Setting next_dagrun for example_task_group to None, run_after=None
[2025-12-13T10:24:18.502+0000] {processor.py:208} INFO - Processing /home/airflow/.local/lib/python3.12/site-packages/airflow/example_dags/example_task_group.py took 0.155 seconds
[2025-12-13T10:24:48.780+0000] {processor.py:186} INFO - Started process (PID=1155) to work on /home/airflow/.local/lib/python3.12/site-packages/airflow/example_dags/example_task_group.py
[2025-12-13T10:24:48.781+0000] {processor.py:914} INFO - Processing file /home/airflow/.local/lib/python3.12/site-packages/airflow/example_dags/example_task_group.py for tasks to queue
[2025-12-13T10:24:48.784+0000] {logging_mixin.py:190} INFO - [2025-12-13T10:24:48.784+0000] {dagbag.py:588} INFO - Filling up the DagBag from /home/airflow/.local/lib/python3.12/site-packages/airflow/example_dags/example_task_group.py
[2025-12-13T10:24:48.800+0000] {processor.py:925} INFO - DAG(s) 'example_task_group' retrieved from /home/airflow/.local/lib/python3.12/site-packages/airflow/example_dags/example_task_group.py
[2025-12-13T10:24:48.835+0000] {logging_mixin.py:190} INFO - [2025-12-13T10:24:48.835+0000] {dag.py:3239} INFO - Sync 1 DAGs
[2025-12-13T10:24:48.864+0000] {logging_mixin.py:190} INFO - [2025-12-13T10:24:48.863+0000] {dag.py:4180} INFO - Setting next_dagrun for example_task_group to None, run_after=None
[2025-12-13T10:24:48.895+0000] {processor.py:208} INFO - Processing /home/airflow/.local/lib/python3.12/site-packages/airflow/example_dags/example_task_group.py took 0.124 seconds
[2025-12-13T10:25:19.386+0000] {processor.py:186} INFO - Started process (PID=1209) to work on /home/airflow/.local/lib/python3.12/site-packages/airflow/example_dags/example_task_group.py
[2025-12-13T10:25:19.389+0000] {processor.py:914} INFO - Processing file /home/airflow/.local/lib/python3.12/site-packages/airflow/example_dags/example_task_group.py for tasks to queue
[2025-12-13T10:25:19.394+0000] {logging_mixin.py:190} INFO - [2025-12-13T10:25:19.393+0000] {dagbag.py:588} INFO - Filling up the DagBag from /home/airflow/.local/lib/python3.12/site-packages/airflow/example_dags/example_task_group.py
[2025-12-13T10:25:19.411+0000] {processor.py:925} INFO - DAG(s) 'example_task_group' retrieved from /home/airflow/.local/lib/python3.12/site-packages/airflow/example_dags/example_task_group.py
[2025-12-13T10:25:19.457+0000] {logging_mixin.py:190} INFO - [2025-12-13T10:25:19.457+0000] {dag.py:3239} INFO - Sync 1 DAGs
[2025-12-13T10:25:19.491+0000] {logging_mixin.py:190} INFO - [2025-12-13T10:25:19.491+0000] {dag.py:4180} INFO - Setting next_dagrun for example_task_group to None, run_after=None
[2025-12-13T10:25:19.528+0000] {processor.py:208} INFO - Processing /home/airflow/.local/lib/python3.12/site-packages/airflow/example_dags/example_task_group.py took 0.152 seconds
[2025-12-13T10:25:50.414+0000] {processor.py:186} INFO - Started process (PID=1263) to work on /home/airflow/.local/lib/python3.12/site-packages/airflow/example_dags/example_task_group.py
[2025-12-13T10:25:50.416+0000] {processor.py:914} INFO - Processing file /home/airflow/.local/lib/python3.12/site-packages/airflow/example_dags/example_task_group.py for tasks to queue
[2025-12-13T10:25:50.426+0000] {logging_mixin.py:190} INFO - [2025-12-13T10:25:50.422+0000] {dagbag.py:588} INFO - Filling up the DagBag from /home/airflow/.local/lib/python3.12/site-packages/airflow/example_dags/example_task_group.py
[2025-12-13T10:25:50.452+0000] {processor.py:925} INFO - DAG(s) 'example_task_group' retrieved from /home/airflow/.local/lib/python3.12/site-packages/airflow/example_dags/example_task_group.py
[2025-12-13T10:25:50.511+0000] {logging_mixin.py:190} INFO - [2025-12-13T10:25:50.510+0000] {dag.py:3239} INFO - Sync 1 DAGs
[2025-12-13T10:25:50.543+0000] {logging_mixin.py:190} INFO - [2025-12-13T10:25:50.543+0000] {dag.py:4180} INFO - Setting next_dagrun for example_task_group to None, run_after=None
[2025-12-13T10:25:50.602+0000] {processor.py:208} INFO - Processing /home/airflow/.local/lib/python3.12/site-packages/airflow/example_dags/example_task_group.py took 0.200 seconds
[2025-12-13T10:26:21.932+0000] {processor.py:186} INFO - Started process (PID=1324) to work on /home/airflow/.local/lib/python3.12/site-packages/airflow/example_dags/example_task_group.py
[2025-12-13T10:26:21.939+0000] {processor.py:914} INFO - Processing file /home/airflow/.local/lib/python3.12/site-packages/airflow/example_dags/example_task_group.py for tasks to queue
[2025-12-13T10:26:21.952+0000] {logging_mixin.py:190} INFO - [2025-12-13T10:26:21.951+0000] {dagbag.py:588} INFO - Filling up the DagBag from /home/airflow/.local/lib/python3.12/site-packages/airflow/example_dags/example_task_group.py
[2025-12-13T10:26:22.013+0000] {processor.py:925} INFO - DAG(s) 'example_task_group' retrieved from /home/airflow/.local/lib/python3.12/site-packages/airflow/example_dags/example_task_group.py
[2025-12-13T10:26:22.107+0000] {logging_mixin.py:190} INFO - [2025-12-13T10:26:22.107+0000] {dag.py:3239} INFO - Sync 1 DAGs
[2025-12-13T10:26:22.194+0000] {logging_mixin.py:190} INFO - [2025-12-13T10:26:22.193+0000] {dag.py:4180} INFO - Setting next_dagrun for example_task_group to None, run_after=None
[2025-12-13T10:26:22.271+0000] {processor.py:208} INFO - Processing /home/airflow/.local/lib/python3.12/site-packages/airflow/example_dags/example_task_group.py took 0.383 seconds
[2025-12-13T10:26:52.717+0000] {processor.py:186} INFO - Started process (PID=1386) to work on /home/airflow/.local/lib/python3.12/site-packages/airflow/example_dags/example_task_group.py
[2025-12-13T10:26:52.718+0000] {processor.py:914} INFO - Processing file /home/airflow/.local/lib/python3.12/site-packages/airflow/example_dags/example_task_group.py for tasks to queue
[2025-12-13T10:26:52.722+0000] {logging_mixin.py:190} INFO - [2025-12-13T10:26:52.721+0000] {dagbag.py:588} INFO - Filling up the DagBag from /home/airflow/.local/lib/python3.12/site-packages/airflow/example_dags/example_task_group.py
[2025-12-13T10:26:52.736+0000] {processor.py:925} INFO - DAG(s) 'example_task_group' retrieved from /home/airflow/.local/lib/python3.12/site-packages/airflow/example_dags/example_task_group.py
[2025-12-13T10:26:52.771+0000] {logging_mixin.py:190} INFO - [2025-12-13T10:26:52.771+0000] {dag.py:3239} INFO - Sync 1 DAGs
[2025-12-13T10:26:52.800+0000] {logging_mixin.py:190} INFO - [2025-12-13T10:26:52.799+0000] {dag.py:4180} INFO - Setting next_dagrun for example_task_group to None, run_after=None
[2025-12-13T10:26:52.833+0000] {processor.py:208} INFO - Processing /home/airflow/.local/lib/python3.12/site-packages/airflow/example_dags/example_task_group.py took 0.126 seconds
[2025-12-13T10:27:22.980+0000] {processor.py:186} INFO - Started process (PID=1449) to work on /home/airflow/.local/lib/python3.12/site-packages/airflow/example_dags/example_task_group.py
[2025-12-13T10:27:22.981+0000] {processor.py:914} INFO - Processing file /home/airflow/.local/lib/python3.12/site-packages/airflow/example_dags/example_task_group.py for tasks to queue
[2025-12-13T10:27:22.986+0000] {logging_mixin.py:190} INFO - [2025-12-13T10:27:22.985+0000] {dagbag.py:588} INFO - Filling up the DagBag from /home/airflow/.local/lib/python3.12/site-packages/airflow/example_dags/example_task_group.py
[2025-12-13T10:27:23.002+0000] {processor.py:925} INFO - DAG(s) 'example_task_group' retrieved from /home/airflow/.local/lib/python3.12/site-packages/airflow/example_dags/example_task_group.py
[2025-12-13T10:27:23.046+0000] {logging_mixin.py:190} INFO - [2025-12-13T10:27:23.045+0000] {dag.py:3239} INFO - Sync 1 DAGs
[2025-12-13T10:27:23.079+0000] {logging_mixin.py:190} INFO - [2025-12-13T10:27:23.078+0000] {dag.py:4180} INFO - Setting next_dagrun for example_task_group to None, run_after=None
[2025-12-13T10:27:23.114+0000] {processor.py:208} INFO - Processing /home/airflow/.local/lib/python3.12/site-packages/airflow/example_dags/example_task_group.py took 0.143 seconds
[2025-12-13T10:27:53.252+0000] {processor.py:186} INFO - Started process (PID=1510) to work on /home/airflow/.local/lib/python3.12/site-packages/airflow/example_dags/example_task_group.py
[2025-12-13T10:27:53.254+0000] {processor.py:914} INFO - Processing file /home/airflow/.local/lib/python3.12/site-packages/airflow/example_dags/example_task_group.py for tasks to queue
[2025-12-13T10:27:53.259+0000] {logging_mixin.py:190} INFO - [2025-12-13T10:27:53.258+0000] {dagbag.py:588} INFO - Filling up the DagBag from /home/airflow/.local/lib/python3.12/site-packages/airflow/example_dags/example_task_group.py
[2025-12-13T10:27:53.275+0000] {processor.py:925} INFO - DAG(s) 'example_task_group' retrieved from /home/airflow/.local/lib/python3.12/site-packages/airflow/example_dags/example_task_group.py
[2025-12-13T10:27:53.312+0000] {logging_mixin.py:190} INFO - [2025-12-13T10:27:53.312+0000] {dag.py:3239} INFO - Sync 1 DAGs
[2025-12-13T10:27:53.346+0000] {logging_mixin.py:190} INFO - [2025-12-13T10:27:53.345+0000] {dag.py:4180} INFO - Setting next_dagrun for example_task_group to None, run_after=None
[2025-12-13T10:27:53.421+0000] {processor.py:208} INFO - Processing /home/airflow/.local/lib/python3.12/site-packages/airflow/example_dags/example_task_group.py took 0.180 seconds
[2025-12-13T10:28:25.159+0000] {processor.py:186} INFO - Started process (PID=1577) to work on /home/airflow/.local/lib/python3.12/site-packages/airflow/example_dags/example_task_group.py
[2025-12-13T10:28:25.180+0000] {processor.py:914} INFO - Processing file /home/airflow/.local/lib/python3.12/site-packages/airflow/example_dags/example_task_group.py for tasks to queue
[2025-12-13T10:28:25.189+0000] {logging_mixin.py:190} INFO - [2025-12-13T10:28:25.188+0000] {dagbag.py:588} INFO - Filling up the DagBag from /home/airflow/.local/lib/python3.12/site-packages/airflow/example_dags/example_task_group.py
[2025-12-13T10:28:25.286+0000] {processor.py:925} INFO - DAG(s) 'example_task_group' retrieved from /home/airflow/.local/lib/python3.12/site-packages/airflow/example_dags/example_task_group.py
[2025-12-13T10:28:25.432+0000] {logging_mixin.py:190} INFO - [2025-12-13T10:28:25.429+0000] {dag.py:3239} INFO - Sync 1 DAGs
[2025-12-13T10:28:25.604+0000] {logging_mixin.py:190} INFO - [2025-12-13T10:28:25.599+0000] {dag.py:4180} INFO - Setting next_dagrun for example_task_group to None, run_after=None
[2025-12-13T10:28:25.819+0000] {processor.py:208} INFO - Processing /home/airflow/.local/lib/python3.12/site-packages/airflow/example_dags/example_task_group.py took 0.716 seconds
[2025-12-13T10:28:56.252+0000] {processor.py:186} INFO - Started process (PID=1641) to work on /home/airflow/.local/lib/python3.12/site-packages/airflow/example_dags/example_task_group.py
[2025-12-13T10:28:56.253+0000] {processor.py:914} INFO - Processing file /home/airflow/.local/lib/python3.12/site-packages/airflow/example_dags/example_task_group.py for tasks to queue
[2025-12-13T10:28:56.258+0000] {logging_mixin.py:190} INFO - [2025-12-13T10:28:56.257+0000] {dagbag.py:588} INFO - Filling up the DagBag from /home/airflow/.local/lib/python3.12/site-packages/airflow/example_dags/example_task_group.py
[2025-12-13T10:28:56.276+0000] {processor.py:925} INFO - DAG(s) 'example_task_group' retrieved from /home/airflow/.local/lib/python3.12/site-packages/airflow/example_dags/example_task_group.py
[2025-12-13T10:28:56.322+0000] {logging_mixin.py:190} INFO - [2025-12-13T10:28:56.322+0000] {dag.py:3239} INFO - Sync 1 DAGs
[2025-12-13T10:28:56.356+0000] {logging_mixin.py:190} INFO - [2025-12-13T10:28:56.356+0000] {dag.py:4180} INFO - Setting next_dagrun for example_task_group to None, run_after=None
[2025-12-13T10:28:56.393+0000] {processor.py:208} INFO - Processing /home/airflow/.local/lib/python3.12/site-packages/airflow/example_dags/example_task_group.py took 0.153 seconds
[2025-12-13T10:29:26.765+0000] {processor.py:186} INFO - Started process (PID=1702) to work on /home/airflow/.local/lib/python3.12/site-packages/airflow/example_dags/example_task_group.py
[2025-12-13T10:29:26.767+0000] {processor.py:914} INFO - Processing file /home/airflow/.local/lib/python3.12/site-packages/airflow/example_dags/example_task_group.py for tasks to queue
[2025-12-13T10:29:26.771+0000] {logging_mixin.py:190} INFO - [2025-12-13T10:29:26.771+0000] {dagbag.py:588} INFO - Filling up the DagBag from /home/airflow/.local/lib/python3.12/site-packages/airflow/example_dags/example_task_group.py
[2025-12-13T10:29:26.790+0000] {processor.py:925} INFO - DAG(s) 'example_task_group' retrieved from /home/airflow/.local/lib/python3.12/site-packages/airflow/example_dags/example_task_group.py
[2025-12-13T10:29:26.836+0000] {logging_mixin.py:190} INFO - [2025-12-13T10:29:26.836+0000] {dag.py:3239} INFO - Sync 1 DAGs
[2025-12-13T10:29:26.874+0000] {logging_mixin.py:190} INFO - [2025-12-13T10:29:26.873+0000] {dag.py:4180} INFO - Setting next_dagrun for example_task_group to None, run_after=None
[2025-12-13T10:29:26.914+0000] {processor.py:208} INFO - Processing /home/airflow/.local/lib/python3.12/site-packages/airflow/example_dags/example_task_group.py took 0.162 seconds
[2025-12-13T10:29:57.441+0000] {processor.py:186} INFO - Started process (PID=1765) to work on /home/airflow/.local/lib/python3.12/site-packages/airflow/example_dags/example_task_group.py
[2025-12-13T10:29:57.443+0000] {processor.py:914} INFO - Processing file /home/airflow/.local/lib/python3.12/site-packages/airflow/example_dags/example_task_group.py for tasks to queue
[2025-12-13T10:29:57.448+0000] {logging_mixin.py:190} INFO - [2025-12-13T10:29:57.447+0000] {dagbag.py:588} INFO - Filling up the DagBag from /home/airflow/.local/lib/python3.12/site-packages/airflow/example_dags/example_task_group.py
[2025-12-13T10:29:57.466+0000] {processor.py:925} INFO - DAG(s) 'example_task_group' retrieved from /home/airflow/.local/lib/python3.12/site-packages/airflow/example_dags/example_task_group.py
[2025-12-13T10:29:57.513+0000] {logging_mixin.py:190} INFO - [2025-12-13T10:29:57.513+0000] {dag.py:3239} INFO - Sync 1 DAGs
[2025-12-13T10:29:57.540+0000] {logging_mixin.py:190} INFO - [2025-12-13T10:29:57.540+0000] {dag.py:4180} INFO - Setting next_dagrun for example_task_group to None, run_after=None
[2025-12-13T10:29:57.582+0000] {processor.py:208} INFO - Processing /home/airflow/.local/lib/python3.12/site-packages/airflow/example_dags/example_task_group.py took 0.154 seconds
[2025-12-13T10:30:27.825+0000] {processor.py:186} INFO - Started process (PID=1828) to work on /home/airflow/.local/lib/python3.12/site-packages/airflow/example_dags/example_task_group.py
[2025-12-13T10:30:27.827+0000] {processor.py:914} INFO - Processing file /home/airflow/.local/lib/python3.12/site-packages/airflow/example_dags/example_task_group.py for tasks to queue
[2025-12-13T10:30:27.831+0000] {logging_mixin.py:190} INFO - [2025-12-13T10:30:27.831+0000] {dagbag.py:588} INFO - Filling up the DagBag from /home/airflow/.local/lib/python3.12/site-packages/airflow/example_dags/example_task_group.py
[2025-12-13T10:30:27.847+0000] {processor.py:925} INFO - DAG(s) 'example_task_group' retrieved from /home/airflow/.local/lib/python3.12/site-packages/airflow/example_dags/example_task_group.py
[2025-12-13T10:30:27.883+0000] {logging_mixin.py:190} INFO - [2025-12-13T10:30:27.883+0000] {dag.py:3239} INFO - Sync 1 DAGs
[2025-12-13T10:30:27.913+0000] {logging_mixin.py:190} INFO - [2025-12-13T10:30:27.913+0000] {dag.py:4180} INFO - Setting next_dagrun for example_task_group to None, run_after=None
[2025-12-13T10:30:27.942+0000] {processor.py:208} INFO - Processing /home/airflow/.local/lib/python3.12/site-packages/airflow/example_dags/example_task_group.py took 0.130 seconds
[2025-12-13T10:30:58.474+0000] {processor.py:186} INFO - Started process (PID=1891) to work on /home/airflow/.local/lib/python3.12/site-packages/airflow/example_dags/example_task_group.py
[2025-12-13T10:30:58.476+0000] {processor.py:914} INFO - Processing file /home/airflow/.local/lib/python3.12/site-packages/airflow/example_dags/example_task_group.py for tasks to queue
[2025-12-13T10:30:58.484+0000] {logging_mixin.py:190} INFO - [2025-12-13T10:30:58.483+0000] {dagbag.py:588} INFO - Filling up the DagBag from /home/airflow/.local/lib/python3.12/site-packages/airflow/example_dags/example_task_group.py
[2025-12-13T10:30:58.503+0000] {processor.py:925} INFO - DAG(s) 'example_task_group' retrieved from /home/airflow/.local/lib/python3.12/site-packages/airflow/example_dags/example_task_group.py
[2025-12-13T10:30:58.541+0000] {logging_mixin.py:190} INFO - [2025-12-13T10:30:58.540+0000] {dag.py:3239} INFO - Sync 1 DAGs
[2025-12-13T10:30:58.568+0000] {logging_mixin.py:190} INFO - [2025-12-13T10:30:58.567+0000] {dag.py:4180} INFO - Setting next_dagrun for example_task_group to None, run_after=None
[2025-12-13T10:30:58.601+0000] {processor.py:208} INFO - Processing /home/airflow/.local/lib/python3.12/site-packages/airflow/example_dags/example_task_group.py took 0.142 seconds
[2025-12-13T10:31:29.098+0000] {processor.py:186} INFO - Started process (PID=1954) to work on /home/airflow/.local/lib/python3.12/site-packages/airflow/example_dags/example_task_group.py
[2025-12-13T10:31:29.100+0000] {processor.py:914} INFO - Processing file /home/airflow/.local/lib/python3.12/site-packages/airflow/example_dags/example_task_group.py for tasks to queue
[2025-12-13T10:31:29.104+0000] {logging_mixin.py:190} INFO - [2025-12-13T10:31:29.103+0000] {dagbag.py:588} INFO - Filling up the DagBag from /home/airflow/.local/lib/python3.12/site-packages/airflow/example_dags/example_task_group.py
[2025-12-13T10:31:29.124+0000] {processor.py:925} INFO - DAG(s) 'example_task_group' retrieved from /home/airflow/.local/lib/python3.12/site-packages/airflow/example_dags/example_task_group.py
[2025-12-13T10:31:29.166+0000] {logging_mixin.py:190} INFO - [2025-12-13T10:31:29.165+0000] {dag.py:3239} INFO - Sync 1 DAGs
[2025-12-13T10:31:29.203+0000] {logging_mixin.py:190} INFO - [2025-12-13T10:31:29.203+0000] {dag.py:4180} INFO - Setting next_dagrun for example_task_group to None, run_after=None
[2025-12-13T10:31:29.249+0000] {processor.py:208} INFO - Processing /home/airflow/.local/lib/python3.12/site-packages/airflow/example_dags/example_task_group.py took 0.163 seconds
[2025-12-13T10:32:00.622+0000] {processor.py:186} INFO - Started process (PID=2014) to work on /home/airflow/.local/lib/python3.12/site-packages/airflow/example_dags/example_task_group.py
[2025-12-13T10:32:00.624+0000] {processor.py:914} INFO - Processing file /home/airflow/.local/lib/python3.12/site-packages/airflow/example_dags/example_task_group.py for tasks to queue
[2025-12-13T10:32:00.628+0000] {logging_mixin.py:190} INFO - [2025-12-13T10:32:00.627+0000] {dagbag.py:588} INFO - Filling up the DagBag from /home/airflow/.local/lib/python3.12/site-packages/airflow/example_dags/example_task_group.py
[2025-12-13T10:32:00.647+0000] {processor.py:925} INFO - DAG(s) 'example_task_group' retrieved from /home/airflow/.local/lib/python3.12/site-packages/airflow/example_dags/example_task_group.py
[2025-12-13T10:32:00.694+0000] {logging_mixin.py:190} INFO - [2025-12-13T10:32:00.694+0000] {dag.py:3239} INFO - Sync 1 DAGs
[2025-12-13T10:32:00.728+0000] {logging_mixin.py:190} INFO - [2025-12-13T10:32:00.728+0000] {dag.py:4180} INFO - Setting next_dagrun for example_task_group to None, run_after=None
[2025-12-13T10:32:00.783+0000] {processor.py:208} INFO - Processing /home/airflow/.local/lib/python3.12/site-packages/airflow/example_dags/example_task_group.py took 0.173 seconds
[2025-12-13T10:32:32.092+0000] {processor.py:186} INFO - Started process (PID=2077) to work on /home/airflow/.local/lib/python3.12/site-packages/airflow/example_dags/example_task_group.py
[2025-12-13T10:32:32.094+0000] {processor.py:914} INFO - Processing file /home/airflow/.local/lib/python3.12/site-packages/airflow/example_dags/example_task_group.py for tasks to queue
[2025-12-13T10:32:32.100+0000] {logging_mixin.py:190} INFO - [2025-12-13T10:32:32.099+0000] {dagbag.py:588} INFO - Filling up the DagBag from /home/airflow/.local/lib/python3.12/site-packages/airflow/example_dags/example_task_group.py
[2025-12-13T10:32:32.123+0000] {processor.py:925} INFO - DAG(s) 'example_task_group' retrieved from /home/airflow/.local/lib/python3.12/site-packages/airflow/example_dags/example_task_group.py
[2025-12-13T10:32:32.180+0000] {logging_mixin.py:190} INFO - [2025-12-13T10:32:32.179+0000] {dag.py:3239} INFO - Sync 1 DAGs
[2025-12-13T10:32:32.215+0000] {logging_mixin.py:190} INFO - [2025-12-13T10:32:32.215+0000] {dag.py:4180} INFO - Setting next_dagrun for example_task_group to None, run_after=None
[2025-12-13T10:32:32.255+0000] {processor.py:208} INFO - Processing /home/airflow/.local/lib/python3.12/site-packages/airflow/example_dags/example_task_group.py took 0.174 seconds
[2025-12-13T10:33:04.490+0000] {processor.py:186} INFO - Started process (PID=2140) to work on /home/airflow/.local/lib/python3.12/site-packages/airflow/example_dags/example_task_group.py
[2025-12-13T10:33:04.491+0000] {processor.py:914} INFO - Processing file /home/airflow/.local/lib/python3.12/site-packages/airflow/example_dags/example_task_group.py for tasks to queue
[2025-12-13T10:33:04.495+0000] {logging_mixin.py:190} INFO - [2025-12-13T10:33:04.495+0000] {dagbag.py:588} INFO - Filling up the DagBag from /home/airflow/.local/lib/python3.12/site-packages/airflow/example_dags/example_task_group.py
[2025-12-13T10:33:04.516+0000] {processor.py:925} INFO - DAG(s) 'example_task_group' retrieved from /home/airflow/.local/lib/python3.12/site-packages/airflow/example_dags/example_task_group.py
[2025-12-13T10:33:04.557+0000] {logging_mixin.py:190} INFO - [2025-12-13T10:33:04.556+0000] {dag.py:3239} INFO - Sync 1 DAGs
[2025-12-13T10:33:04.582+0000] {logging_mixin.py:190} INFO - [2025-12-13T10:33:04.582+0000] {dag.py:4180} INFO - Setting next_dagrun for example_task_group to None, run_after=None
[2025-12-13T10:33:04.620+0000] {processor.py:208} INFO - Processing /home/airflow/.local/lib/python3.12/site-packages/airflow/example_dags/example_task_group.py took 0.146 seconds
[2025-12-13T10:33:35.181+0000] {processor.py:186} INFO - Started process (PID=2202) to work on /home/airflow/.local/lib/python3.12/site-packages/airflow/example_dags/example_task_group.py
[2025-12-13T10:33:35.183+0000] {processor.py:914} INFO - Processing file /home/airflow/.local/lib/python3.12/site-packages/airflow/example_dags/example_task_group.py for tasks to queue
[2025-12-13T10:33:35.187+0000] {logging_mixin.py:190} INFO - [2025-12-13T10:33:35.186+0000] {dagbag.py:588} INFO - Filling up the DagBag from /home/airflow/.local/lib/python3.12/site-packages/airflow/example_dags/example_task_group.py
[2025-12-13T10:33:35.205+0000] {processor.py:925} INFO - DAG(s) 'example_task_group' retrieved from /home/airflow/.local/lib/python3.12/site-packages/airflow/example_dags/example_task_group.py
[2025-12-13T10:33:35.248+0000] {logging_mixin.py:190} INFO - [2025-12-13T10:33:35.248+0000] {dag.py:3239} INFO - Sync 1 DAGs
[2025-12-13T10:33:35.275+0000] {logging_mixin.py:190} INFO - [2025-12-13T10:33:35.275+0000] {dag.py:4180} INFO - Setting next_dagrun for example_task_group to None, run_after=None
[2025-12-13T10:33:35.316+0000] {processor.py:208} INFO - Processing /home/airflow/.local/lib/python3.12/site-packages/airflow/example_dags/example_task_group.py took 0.148 seconds
[2025-12-13T10:34:06.088+0000] {processor.py:186} INFO - Started process (PID=2265) to work on /home/airflow/.local/lib/python3.12/site-packages/airflow/example_dags/example_task_group.py
[2025-12-13T10:34:06.090+0000] {processor.py:914} INFO - Processing file /home/airflow/.local/lib/python3.12/site-packages/airflow/example_dags/example_task_group.py for tasks to queue
[2025-12-13T10:34:06.096+0000] {logging_mixin.py:190} INFO - [2025-12-13T10:34:06.093+0000] {dagbag.py:588} INFO - Filling up the DagBag from /home/airflow/.local/lib/python3.12/site-packages/airflow/example_dags/example_task_group.py
[2025-12-13T10:34:06.114+0000] {processor.py:925} INFO - DAG(s) 'example_task_group' retrieved from /home/airflow/.local/lib/python3.12/site-packages/airflow/example_dags/example_task_group.py
[2025-12-13T10:34:06.160+0000] {logging_mixin.py:190} INFO - [2025-12-13T10:34:06.160+0000] {dag.py:3239} INFO - Sync 1 DAGs
[2025-12-13T10:34:06.190+0000] {logging_mixin.py:190} INFO - [2025-12-13T10:34:06.190+0000] {dag.py:4180} INFO - Setting next_dagrun for example_task_group to None, run_after=None
[2025-12-13T10:34:06.223+0000] {processor.py:208} INFO - Processing /home/airflow/.local/lib/python3.12/site-packages/airflow/example_dags/example_task_group.py took 0.147 seconds
[2025-12-13T10:34:36.891+0000] {processor.py:186} INFO - Started process (PID=2327) to work on /home/airflow/.local/lib/python3.12/site-packages/airflow/example_dags/example_task_group.py
[2025-12-13T10:34:36.892+0000] {processor.py:914} INFO - Processing file /home/airflow/.local/lib/python3.12/site-packages/airflow/example_dags/example_task_group.py for tasks to queue
[2025-12-13T10:34:36.896+0000] {logging_mixin.py:190} INFO - [2025-12-13T10:34:36.896+0000] {dagbag.py:588} INFO - Filling up the DagBag from /home/airflow/.local/lib/python3.12/site-packages/airflow/example_dags/example_task_group.py
[2025-12-13T10:34:36.911+0000] {processor.py:925} INFO - DAG(s) 'example_task_group' retrieved from /home/airflow/.local/lib/python3.12/site-packages/airflow/example_dags/example_task_group.py
[2025-12-13T10:34:36.947+0000] {logging_mixin.py:190} INFO - [2025-12-13T10:34:36.946+0000] {dag.py:3239} INFO - Sync 1 DAGs
[2025-12-13T10:34:36.980+0000] {logging_mixin.py:190} INFO - [2025-12-13T10:34:36.979+0000] {dag.py:4180} INFO - Setting next_dagrun for example_task_group to None, run_after=None
[2025-12-13T10:34:37.027+0000] {processor.py:208} INFO - Processing /home/airflow/.local/lib/python3.12/site-packages/airflow/example_dags/example_task_group.py took 0.148 seconds
[2025-12-13T10:35:07.560+0000] {processor.py:186} INFO - Started process (PID=2390) to work on /home/airflow/.local/lib/python3.12/site-packages/airflow/example_dags/example_task_group.py
[2025-12-13T10:35:07.562+0000] {processor.py:914} INFO - Processing file /home/airflow/.local/lib/python3.12/site-packages/airflow/example_dags/example_task_group.py for tasks to queue
[2025-12-13T10:35:07.566+0000] {logging_mixin.py:190} INFO - [2025-12-13T10:35:07.565+0000] {dagbag.py:588} INFO - Filling up the DagBag from /home/airflow/.local/lib/python3.12/site-packages/airflow/example_dags/example_task_group.py
[2025-12-13T10:35:07.583+0000] {processor.py:925} INFO - DAG(s) 'example_task_group' retrieved from /home/airflow/.local/lib/python3.12/site-packages/airflow/example_dags/example_task_group.py
[2025-12-13T10:35:07.631+0000] {logging_mixin.py:190} INFO - [2025-12-13T10:35:07.631+0000] {dag.py:3239} INFO - Sync 1 DAGs
[2025-12-13T10:35:07.666+0000] {logging_mixin.py:190} INFO - [2025-12-13T10:35:07.665+0000] {dag.py:4180} INFO - Setting next_dagrun for example_task_group to None, run_after=None
[2025-12-13T10:35:07.699+0000] {processor.py:208} INFO - Processing /home/airflow/.local/lib/python3.12/site-packages/airflow/example_dags/example_task_group.py took 0.152 seconds
[2025-12-13T10:35:37.751+0000] {processor.py:186} INFO - Started process (PID=2453) to work on /home/airflow/.local/lib/python3.12/site-packages/airflow/example_dags/example_task_group.py
[2025-12-13T10:35:37.753+0000] {processor.py:914} INFO - Processing file /home/airflow/.local/lib/python3.12/site-packages/airflow/example_dags/example_task_group.py for tasks to queue
[2025-12-13T10:35:37.757+0000] {logging_mixin.py:190} INFO - [2025-12-13T10:35:37.756+0000] {dagbag.py:588} INFO - Filling up the DagBag from /home/airflow/.local/lib/python3.12/site-packages/airflow/example_dags/example_task_group.py
[2025-12-13T10:35:37.769+0000] {processor.py:925} INFO - DAG(s) 'example_task_group' retrieved from /home/airflow/.local/lib/python3.12/site-packages/airflow/example_dags/example_task_group.py
[2025-12-13T10:35:37.804+0000] {logging_mixin.py:190} INFO - [2025-12-13T10:35:37.804+0000] {dag.py:3239} INFO - Sync 1 DAGs
[2025-12-13T10:35:37.839+0000] {logging_mixin.py:190} INFO - [2025-12-13T10:35:37.839+0000] {dag.py:4180} INFO - Setting next_dagrun for example_task_group to None, run_after=None
[2025-12-13T10:35:37.895+0000] {processor.py:208} INFO - Processing /home/airflow/.local/lib/python3.12/site-packages/airflow/example_dags/example_task_group.py took 0.152 seconds
[2025-12-13T10:36:09.889+0000] {processor.py:186} INFO - Started process (PID=2516) to work on /home/airflow/.local/lib/python3.12/site-packages/airflow/example_dags/example_task_group.py
[2025-12-13T10:36:09.891+0000] {processor.py:914} INFO - Processing file /home/airflow/.local/lib/python3.12/site-packages/airflow/example_dags/example_task_group.py for tasks to queue
[2025-12-13T10:36:09.897+0000] {logging_mixin.py:190} INFO - [2025-12-13T10:36:09.896+0000] {dagbag.py:588} INFO - Filling up the DagBag from /home/airflow/.local/lib/python3.12/site-packages/airflow/example_dags/example_task_group.py
[2025-12-13T10:36:09.923+0000] {processor.py:925} INFO - DAG(s) 'example_task_group' retrieved from /home/airflow/.local/lib/python3.12/site-packages/airflow/example_dags/example_task_group.py
[2025-12-13T10:36:09.969+0000] {logging_mixin.py:190} INFO - [2025-12-13T10:36:09.968+0000] {dag.py:3239} INFO - Sync 1 DAGs
[2025-12-13T10:36:09.998+0000] {logging_mixin.py:190} INFO - [2025-12-13T10:36:09.997+0000] {dag.py:4180} INFO - Setting next_dagrun for example_task_group to None, run_after=None
[2025-12-13T10:36:10.033+0000] {processor.py:208} INFO - Processing /home/airflow/.local/lib/python3.12/site-packages/airflow/example_dags/example_task_group.py took 0.157 seconds
[2025-12-13T10:36:40.486+0000] {processor.py:186} INFO - Started process (PID=2579) to work on /home/airflow/.local/lib/python3.12/site-packages/airflow/example_dags/example_task_group.py
[2025-12-13T10:36:40.488+0000] {processor.py:914} INFO - Processing file /home/airflow/.local/lib/python3.12/site-packages/airflow/example_dags/example_task_group.py for tasks to queue
[2025-12-13T10:36:40.492+0000] {logging_mixin.py:190} INFO - [2025-12-13T10:36:40.491+0000] {dagbag.py:588} INFO - Filling up the DagBag from /home/airflow/.local/lib/python3.12/site-packages/airflow/example_dags/example_task_group.py
[2025-12-13T10:36:40.506+0000] {processor.py:925} INFO - DAG(s) 'example_task_group' retrieved from /home/airflow/.local/lib/python3.12/site-packages/airflow/example_dags/example_task_group.py
[2025-12-13T10:36:40.540+0000] {logging_mixin.py:190} INFO - [2025-12-13T10:36:40.539+0000] {dag.py:3239} INFO - Sync 1 DAGs
[2025-12-13T10:36:40.563+0000] {logging_mixin.py:190} INFO - [2025-12-13T10:36:40.562+0000] {dag.py:4180} INFO - Setting next_dagrun for example_task_group to None, run_after=None
[2025-12-13T10:36:40.588+0000] {processor.py:208} INFO - Processing /home/airflow/.local/lib/python3.12/site-packages/airflow/example_dags/example_task_group.py took 0.114 seconds
[2025-12-13T10:37:10.796+0000] {processor.py:186} INFO - Started process (PID=2641) to work on /home/airflow/.local/lib/python3.12/site-packages/airflow/example_dags/example_task_group.py
[2025-12-13T10:37:10.797+0000] {processor.py:914} INFO - Processing file /home/airflow/.local/lib/python3.12/site-packages/airflow/example_dags/example_task_group.py for tasks to queue
[2025-12-13T10:37:10.802+0000] {logging_mixin.py:190} INFO - [2025-12-13T10:37:10.801+0000] {dagbag.py:588} INFO - Filling up the DagBag from /home/airflow/.local/lib/python3.12/site-packages/airflow/example_dags/example_task_group.py
[2025-12-13T10:37:10.819+0000] {processor.py:925} INFO - DAG(s) 'example_task_group' retrieved from /home/airflow/.local/lib/python3.12/site-packages/airflow/example_dags/example_task_group.py
[2025-12-13T10:37:10.856+0000] {logging_mixin.py:190} INFO - [2025-12-13T10:37:10.856+0000] {dag.py:3239} INFO - Sync 1 DAGs
[2025-12-13T10:37:10.880+0000] {logging_mixin.py:190} INFO - [2025-12-13T10:37:10.879+0000] {dag.py:4180} INFO - Setting next_dagrun for example_task_group to None, run_after=None
[2025-12-13T10:37:10.911+0000] {processor.py:208} INFO - Processing /home/airflow/.local/lib/python3.12/site-packages/airflow/example_dags/example_task_group.py took 0.128 seconds
[2025-12-13T10:37:41.463+0000] {processor.py:186} INFO - Started process (PID=2704) to work on /home/airflow/.local/lib/python3.12/site-packages/airflow/example_dags/example_task_group.py
[2025-12-13T10:37:41.464+0000] {processor.py:914} INFO - Processing file /home/airflow/.local/lib/python3.12/site-packages/airflow/example_dags/example_task_group.py for tasks to queue
[2025-12-13T10:37:41.471+0000] {logging_mixin.py:190} INFO - [2025-12-13T10:37:41.471+0000] {dagbag.py:588} INFO - Filling up the DagBag from /home/airflow/.local/lib/python3.12/site-packages/airflow/example_dags/example_task_group.py
[2025-12-13T10:37:41.489+0000] {processor.py:925} INFO - DAG(s) 'example_task_group' retrieved from /home/airflow/.local/lib/python3.12/site-packages/airflow/example_dags/example_task_group.py
[2025-12-13T10:37:41.544+0000] {logging_mixin.py:190} INFO - [2025-12-13T10:37:41.543+0000] {dag.py:3239} INFO - Sync 1 DAGs
[2025-12-13T10:37:41.579+0000] {logging_mixin.py:190} INFO - [2025-12-13T10:37:41.579+0000] {dag.py:4180} INFO - Setting next_dagrun for example_task_group to None, run_after=None
[2025-12-13T10:37:41.622+0000] {processor.py:208} INFO - Processing /home/airflow/.local/lib/python3.12/site-packages/airflow/example_dags/example_task_group.py took 0.170 seconds
[2025-12-13T10:38:12.232+0000] {processor.py:186} INFO - Started process (PID=2767) to work on /home/airflow/.local/lib/python3.12/site-packages/airflow/example_dags/example_task_group.py
[2025-12-13T10:38:12.234+0000] {processor.py:914} INFO - Processing file /home/airflow/.local/lib/python3.12/site-packages/airflow/example_dags/example_task_group.py for tasks to queue
[2025-12-13T10:38:12.240+0000] {logging_mixin.py:190} INFO - [2025-12-13T10:38:12.239+0000] {dagbag.py:588} INFO - Filling up the DagBag from /home/airflow/.local/lib/python3.12/site-packages/airflow/example_dags/example_task_group.py
[2025-12-13T10:38:12.260+0000] {processor.py:925} INFO - DAG(s) 'example_task_group' retrieved from /home/airflow/.local/lib/python3.12/site-packages/airflow/example_dags/example_task_group.py
[2025-12-13T10:38:12.310+0000] {logging_mixin.py:190} INFO - [2025-12-13T10:38:12.310+0000] {dag.py:3239} INFO - Sync 1 DAGs
[2025-12-13T10:38:12.345+0000] {logging_mixin.py:190} INFO - [2025-12-13T10:38:12.344+0000] {dag.py:4180} INFO - Setting next_dagrun for example_task_group to None, run_after=None
[2025-12-13T10:38:12.379+0000] {processor.py:208} INFO - Processing /home/airflow/.local/lib/python3.12/site-packages/airflow/example_dags/example_task_group.py took 0.159 seconds
[2025-12-13T10:38:43.490+0000] {processor.py:186} INFO - Started process (PID=2831) to work on /home/airflow/.local/lib/python3.12/site-packages/airflow/example_dags/example_task_group.py
[2025-12-13T10:38:43.492+0000] {processor.py:914} INFO - Processing file /home/airflow/.local/lib/python3.12/site-packages/airflow/example_dags/example_task_group.py for tasks to queue
[2025-12-13T10:38:43.498+0000] {logging_mixin.py:190} INFO - [2025-12-13T10:38:43.498+0000] {dagbag.py:588} INFO - Filling up the DagBag from /home/airflow/.local/lib/python3.12/site-packages/airflow/example_dags/example_task_group.py
[2025-12-13T10:38:43.521+0000] {processor.py:925} INFO - DAG(s) 'example_task_group' retrieved from /home/airflow/.local/lib/python3.12/site-packages/airflow/example_dags/example_task_group.py
[2025-12-13T10:38:43.570+0000] {logging_mixin.py:190} INFO - [2025-12-13T10:38:43.569+0000] {dag.py:3239} INFO - Sync 1 DAGs
[2025-12-13T10:38:43.930+0000] {logging_mixin.py:190} INFO - [2025-12-13T10:38:43.930+0000] {dag.py:4180} INFO - Setting next_dagrun for example_task_group to None, run_after=None
[2025-12-13T10:38:43.977+0000] {processor.py:208} INFO - Processing /home/airflow/.local/lib/python3.12/site-packages/airflow/example_dags/example_task_group.py took 0.504 seconds
[2025-12-13T10:39:14.483+0000] {processor.py:186} INFO - Started process (PID=2894) to work on /home/airflow/.local/lib/python3.12/site-packages/airflow/example_dags/example_task_group.py
[2025-12-13T10:39:14.485+0000] {processor.py:914} INFO - Processing file /home/airflow/.local/lib/python3.12/site-packages/airflow/example_dags/example_task_group.py for tasks to queue
[2025-12-13T10:39:14.491+0000] {logging_mixin.py:190} INFO - [2025-12-13T10:39:14.490+0000] {dagbag.py:588} INFO - Filling up the DagBag from /home/airflow/.local/lib/python3.12/site-packages/airflow/example_dags/example_task_group.py
[2025-12-13T10:39:14.504+0000] {processor.py:925} INFO - DAG(s) 'example_task_group' retrieved from /home/airflow/.local/lib/python3.12/site-packages/airflow/example_dags/example_task_group.py
[2025-12-13T10:39:14.543+0000] {logging_mixin.py:190} INFO - [2025-12-13T10:39:14.542+0000] {dag.py:3239} INFO - Sync 1 DAGs
[2025-12-13T10:39:14.563+0000] {logging_mixin.py:190} INFO - [2025-12-13T10:39:14.563+0000] {dag.py:4180} INFO - Setting next_dagrun for example_task_group to None, run_after=None
[2025-12-13T10:39:14.592+0000] {processor.py:208} INFO - Processing /home/airflow/.local/lib/python3.12/site-packages/airflow/example_dags/example_task_group.py took 0.120 seconds
[2025-12-13T10:39:45.361+0000] {processor.py:186} INFO - Started process (PID=2957) to work on /home/airflow/.local/lib/python3.12/site-packages/airflow/example_dags/example_task_group.py
[2025-12-13T10:39:45.363+0000] {processor.py:914} INFO - Processing file /home/airflow/.local/lib/python3.12/site-packages/airflow/example_dags/example_task_group.py for tasks to queue
[2025-12-13T10:39:45.368+0000] {logging_mixin.py:190} INFO - [2025-12-13T10:39:45.367+0000] {dagbag.py:588} INFO - Filling up the DagBag from /home/airflow/.local/lib/python3.12/site-packages/airflow/example_dags/example_task_group.py
[2025-12-13T10:39:45.385+0000] {processor.py:925} INFO - DAG(s) 'example_task_group' retrieved from /home/airflow/.local/lib/python3.12/site-packages/airflow/example_dags/example_task_group.py
[2025-12-13T10:39:45.426+0000] {logging_mixin.py:190} INFO - [2025-12-13T10:39:45.426+0000] {dag.py:3239} INFO - Sync 1 DAGs
[2025-12-13T10:39:45.457+0000] {logging_mixin.py:190} INFO - [2025-12-13T10:39:45.456+0000] {dag.py:4180} INFO - Setting next_dagrun for example_task_group to None, run_after=None
[2025-12-13T10:39:45.490+0000] {processor.py:208} INFO - Processing /home/airflow/.local/lib/python3.12/site-packages/airflow/example_dags/example_task_group.py took 0.140 seconds
[2025-12-13T10:40:15.577+0000] {processor.py:186} INFO - Started process (PID=3019) to work on /home/airflow/.local/lib/python3.12/site-packages/airflow/example_dags/example_task_group.py
[2025-12-13T10:40:15.578+0000] {processor.py:914} INFO - Processing file /home/airflow/.local/lib/python3.12/site-packages/airflow/example_dags/example_task_group.py for tasks to queue
[2025-12-13T10:40:15.582+0000] {logging_mixin.py:190} INFO - [2025-12-13T10:40:15.582+0000] {dagbag.py:588} INFO - Filling up the DagBag from /home/airflow/.local/lib/python3.12/site-packages/airflow/example_dags/example_task_group.py
[2025-12-13T10:40:15.599+0000] {processor.py:925} INFO - DAG(s) 'example_task_group' retrieved from /home/airflow/.local/lib/python3.12/site-packages/airflow/example_dags/example_task_group.py
[2025-12-13T10:40:15.635+0000] {logging_mixin.py:190} INFO - [2025-12-13T10:40:15.635+0000] {dag.py:3239} INFO - Sync 1 DAGs
[2025-12-13T10:40:15.668+0000] {logging_mixin.py:190} INFO - [2025-12-13T10:40:15.667+0000] {dag.py:4180} INFO - Setting next_dagrun for example_task_group to None, run_after=None
[2025-12-13T10:40:15.700+0000] {processor.py:208} INFO - Processing /home/airflow/.local/lib/python3.12/site-packages/airflow/example_dags/example_task_group.py took 0.133 seconds
[2025-12-13T10:40:46.725+0000] {processor.py:186} INFO - Started process (PID=3083) to work on /home/airflow/.local/lib/python3.12/site-packages/airflow/example_dags/example_task_group.py
[2025-12-13T10:40:46.728+0000] {processor.py:914} INFO - Processing file /home/airflow/.local/lib/python3.12/site-packages/airflow/example_dags/example_task_group.py for tasks to queue
[2025-12-13T10:40:47.047+0000] {logging_mixin.py:190} INFO - [2025-12-13T10:40:47.047+0000] {dagbag.py:588} INFO - Filling up the DagBag from /home/airflow/.local/lib/python3.12/site-packages/airflow/example_dags/example_task_group.py
[2025-12-13T10:40:47.060+0000] {processor.py:925} INFO - DAG(s) 'example_task_group' retrieved from /home/airflow/.local/lib/python3.12/site-packages/airflow/example_dags/example_task_group.py
[2025-12-13T10:40:47.102+0000] {logging_mixin.py:190} INFO - [2025-12-13T10:40:47.101+0000] {dag.py:3239} INFO - Sync 1 DAGs
[2025-12-13T10:40:47.132+0000] {logging_mixin.py:190} INFO - [2025-12-13T10:40:47.132+0000] {dag.py:4180} INFO - Setting next_dagrun for example_task_group to None, run_after=None
[2025-12-13T10:40:47.167+0000] {processor.py:208} INFO - Processing /home/airflow/.local/lib/python3.12/site-packages/airflow/example_dags/example_task_group.py took 0.457 seconds
[2025-12-13T10:41:17.685+0000] {processor.py:186} INFO - Started process (PID=3146) to work on /home/airflow/.local/lib/python3.12/site-packages/airflow/example_dags/example_task_group.py
[2025-12-13T10:41:17.687+0000] {processor.py:914} INFO - Processing file /home/airflow/.local/lib/python3.12/site-packages/airflow/example_dags/example_task_group.py for tasks to queue
[2025-12-13T10:41:17.692+0000] {logging_mixin.py:190} INFO - [2025-12-13T10:41:17.691+0000] {dagbag.py:588} INFO - Filling up the DagBag from /home/airflow/.local/lib/python3.12/site-packages/airflow/example_dags/example_task_group.py
[2025-12-13T10:41:17.711+0000] {processor.py:925} INFO - DAG(s) 'example_task_group' retrieved from /home/airflow/.local/lib/python3.12/site-packages/airflow/example_dags/example_task_group.py
[2025-12-13T10:41:17.744+0000] {logging_mixin.py:190} INFO - [2025-12-13T10:41:17.744+0000] {dag.py:3239} INFO - Sync 1 DAGs
[2025-12-13T10:41:17.768+0000] {logging_mixin.py:190} INFO - [2025-12-13T10:41:17.768+0000] {dag.py:4180} INFO - Setting next_dagrun for example_task_group to None, run_after=None
[2025-12-13T10:41:17.801+0000] {processor.py:208} INFO - Processing /home/airflow/.local/lib/python3.12/site-packages/airflow/example_dags/example_task_group.py took 0.129 seconds
[2025-12-13T10:41:48.325+0000] {processor.py:186} INFO - Started process (PID=3209) to work on /home/airflow/.local/lib/python3.12/site-packages/airflow/example_dags/example_task_group.py
[2025-12-13T10:41:48.326+0000] {processor.py:914} INFO - Processing file /home/airflow/.local/lib/python3.12/site-packages/airflow/example_dags/example_task_group.py for tasks to queue
[2025-12-13T10:41:48.331+0000] {logging_mixin.py:190} INFO - [2025-12-13T10:41:48.330+0000] {dagbag.py:588} INFO - Filling up the DagBag from /home/airflow/.local/lib/python3.12/site-packages/airflow/example_dags/example_task_group.py
[2025-12-13T10:41:48.350+0000] {processor.py:925} INFO - DAG(s) 'example_task_group' retrieved from /home/airflow/.local/lib/python3.12/site-packages/airflow/example_dags/example_task_group.py
[2025-12-13T10:41:48.393+0000] {logging_mixin.py:190} INFO - [2025-12-13T10:41:48.392+0000] {dag.py:3239} INFO - Sync 1 DAGs
[2025-12-13T10:41:48.427+0000] {logging_mixin.py:190} INFO - [2025-12-13T10:41:48.426+0000] {dag.py:4180} INFO - Setting next_dagrun for example_task_group to None, run_after=None
[2025-12-13T10:41:48.472+0000] {processor.py:208} INFO - Processing /home/airflow/.local/lib/python3.12/site-packages/airflow/example_dags/example_task_group.py took 0.159 seconds
[2025-12-13T10:42:19.368+0000] {processor.py:186} INFO - Started process (PID=3272) to work on /home/airflow/.local/lib/python3.12/site-packages/airflow/example_dags/example_task_group.py
[2025-12-13T10:42:19.369+0000] {processor.py:914} INFO - Processing file /home/airflow/.local/lib/python3.12/site-packages/airflow/example_dags/example_task_group.py for tasks to queue
[2025-12-13T10:42:19.374+0000] {logging_mixin.py:190} INFO - [2025-12-13T10:42:19.373+0000] {dagbag.py:588} INFO - Filling up the DagBag from /home/airflow/.local/lib/python3.12/site-packages/airflow/example_dags/example_task_group.py
[2025-12-13T10:42:19.395+0000] {processor.py:925} INFO - DAG(s) 'example_task_group' retrieved from /home/airflow/.local/lib/python3.12/site-packages/airflow/example_dags/example_task_group.py
[2025-12-13T10:42:19.449+0000] {logging_mixin.py:190} INFO - [2025-12-13T10:42:19.448+0000] {dag.py:3239} INFO - Sync 1 DAGs
[2025-12-13T10:42:19.483+0000] {logging_mixin.py:190} INFO - [2025-12-13T10:42:19.483+0000] {dag.py:4180} INFO - Setting next_dagrun for example_task_group to None, run_after=None
[2025-12-13T10:42:19.518+0000] {processor.py:208} INFO - Processing /home/airflow/.local/lib/python3.12/site-packages/airflow/example_dags/example_task_group.py took 0.168 seconds
[2025-12-13T10:42:49.901+0000] {processor.py:186} INFO - Started process (PID=3335) to work on /home/airflow/.local/lib/python3.12/site-packages/airflow/example_dags/example_task_group.py
[2025-12-13T10:42:49.905+0000] {processor.py:914} INFO - Processing file /home/airflow/.local/lib/python3.12/site-packages/airflow/example_dags/example_task_group.py for tasks to queue
[2025-12-13T10:42:49.913+0000] {logging_mixin.py:190} INFO - [2025-12-13T10:42:49.910+0000] {dagbag.py:588} INFO - Filling up the DagBag from /home/airflow/.local/lib/python3.12/site-packages/airflow/example_dags/example_task_group.py
[2025-12-13T10:42:49.962+0000] {processor.py:925} INFO - DAG(s) 'example_task_group' retrieved from /home/airflow/.local/lib/python3.12/site-packages/airflow/example_dags/example_task_group.py
[2025-12-13T10:42:50.042+0000] {logging_mixin.py:190} INFO - [2025-12-13T10:42:50.041+0000] {dag.py:3239} INFO - Sync 1 DAGs
[2025-12-13T10:42:50.120+0000] {logging_mixin.py:190} INFO - [2025-12-13T10:42:50.120+0000] {dag.py:4180} INFO - Setting next_dagrun for example_task_group to None, run_after=None
[2025-12-13T10:42:50.181+0000] {processor.py:208} INFO - Processing /home/airflow/.local/lib/python3.12/site-packages/airflow/example_dags/example_task_group.py took 0.304 seconds
[2025-12-13T10:43:20.706+0000] {processor.py:186} INFO - Started process (PID=3404) to work on /home/airflow/.local/lib/python3.12/site-packages/airflow/example_dags/example_task_group.py
[2025-12-13T10:43:20.708+0000] {processor.py:914} INFO - Processing file /home/airflow/.local/lib/python3.12/site-packages/airflow/example_dags/example_task_group.py for tasks to queue
[2025-12-13T10:43:20.729+0000] {logging_mixin.py:190} INFO - [2025-12-13T10:43:20.719+0000] {dagbag.py:588} INFO - Filling up the DagBag from /home/airflow/.local/lib/python3.12/site-packages/airflow/example_dags/example_task_group.py
[2025-12-13T10:43:20.759+0000] {processor.py:925} INFO - DAG(s) 'example_task_group' retrieved from /home/airflow/.local/lib/python3.12/site-packages/airflow/example_dags/example_task_group.py
[2025-12-13T10:43:20.821+0000] {logging_mixin.py:190} INFO - [2025-12-13T10:43:20.820+0000] {dag.py:3239} INFO - Sync 1 DAGs
[2025-12-13T10:43:20.870+0000] {logging_mixin.py:190} INFO - [2025-12-13T10:43:20.869+0000] {dag.py:4180} INFO - Setting next_dagrun for example_task_group to None, run_after=None
[2025-12-13T10:43:20.943+0000] {processor.py:208} INFO - Processing /home/airflow/.local/lib/python3.12/site-packages/airflow/example_dags/example_task_group.py took 0.267 seconds
[2025-12-13T10:43:51.701+0000] {processor.py:186} INFO - Started process (PID=3467) to work on /home/airflow/.local/lib/python3.12/site-packages/airflow/example_dags/example_task_group.py
[2025-12-13T10:43:51.702+0000] {processor.py:914} INFO - Processing file /home/airflow/.local/lib/python3.12/site-packages/airflow/example_dags/example_task_group.py for tasks to queue
[2025-12-13T10:43:51.707+0000] {logging_mixin.py:190} INFO - [2025-12-13T10:43:51.707+0000] {dagbag.py:588} INFO - Filling up the DagBag from /home/airflow/.local/lib/python3.12/site-packages/airflow/example_dags/example_task_group.py
[2025-12-13T10:43:51.731+0000] {processor.py:925} INFO - DAG(s) 'example_task_group' retrieved from /home/airflow/.local/lib/python3.12/site-packages/airflow/example_dags/example_task_group.py
[2025-12-13T10:43:51.789+0000] {logging_mixin.py:190} INFO - [2025-12-13T10:43:51.788+0000] {dag.py:3239} INFO - Sync 1 DAGs
[2025-12-13T10:43:51.825+0000] {logging_mixin.py:190} INFO - [2025-12-13T10:43:51.825+0000] {dag.py:4180} INFO - Setting next_dagrun for example_task_group to None, run_after=None
[2025-12-13T10:43:51.867+0000] {processor.py:208} INFO - Processing /home/airflow/.local/lib/python3.12/site-packages/airflow/example_dags/example_task_group.py took 0.181 seconds
[2025-12-13T10:44:23.330+0000] {processor.py:186} INFO - Started process (PID=3530) to work on /home/airflow/.local/lib/python3.12/site-packages/airflow/example_dags/example_task_group.py
[2025-12-13T10:44:23.334+0000] {processor.py:914} INFO - Processing file /home/airflow/.local/lib/python3.12/site-packages/airflow/example_dags/example_task_group.py for tasks to queue
[2025-12-13T10:44:23.346+0000] {logging_mixin.py:190} INFO - [2025-12-13T10:44:23.345+0000] {dagbag.py:588} INFO - Filling up the DagBag from /home/airflow/.local/lib/python3.12/site-packages/airflow/example_dags/example_task_group.py
[2025-12-13T10:44:23.389+0000] {processor.py:925} INFO - DAG(s) 'example_task_group' retrieved from /home/airflow/.local/lib/python3.12/site-packages/airflow/example_dags/example_task_group.py
[2025-12-13T10:44:23.488+0000] {logging_mixin.py:190} INFO - [2025-12-13T10:44:23.487+0000] {dag.py:3239} INFO - Sync 1 DAGs
[2025-12-13T10:44:23.562+0000] {logging_mixin.py:190} INFO - [2025-12-13T10:44:23.561+0000] {dag.py:4180} INFO - Setting next_dagrun for example_task_group to None, run_after=None
[2025-12-13T10:44:23.649+0000] {processor.py:208} INFO - Processing /home/airflow/.local/lib/python3.12/site-packages/airflow/example_dags/example_task_group.py took 0.347 seconds
[2025-12-13T10:44:54.171+0000] {processor.py:186} INFO - Started process (PID=3592) to work on /home/airflow/.local/lib/python3.12/site-packages/airflow/example_dags/example_task_group.py
[2025-12-13T10:44:54.173+0000] {processor.py:914} INFO - Processing file /home/airflow/.local/lib/python3.12/site-packages/airflow/example_dags/example_task_group.py for tasks to queue
[2025-12-13T10:44:54.181+0000] {logging_mixin.py:190} INFO - [2025-12-13T10:44:54.180+0000] {dagbag.py:588} INFO - Filling up the DagBag from /home/airflow/.local/lib/python3.12/site-packages/airflow/example_dags/example_task_group.py
[2025-12-13T10:44:54.204+0000] {processor.py:925} INFO - DAG(s) 'example_task_group' retrieved from /home/airflow/.local/lib/python3.12/site-packages/airflow/example_dags/example_task_group.py
[2025-12-13T10:44:54.292+0000] {logging_mixin.py:190} INFO - [2025-12-13T10:44:54.292+0000] {dag.py:3239} INFO - Sync 1 DAGs
[2025-12-13T10:44:54.355+0000] {logging_mixin.py:190} INFO - [2025-12-13T10:44:54.354+0000] {dag.py:4180} INFO - Setting next_dagrun for example_task_group to None, run_after=None
[2025-12-13T10:44:54.422+0000] {processor.py:208} INFO - Processing /home/airflow/.local/lib/python3.12/site-packages/airflow/example_dags/example_task_group.py took 0.270 seconds
[2025-12-13T10:45:24.676+0000] {processor.py:186} INFO - Started process (PID=3655) to work on /home/airflow/.local/lib/python3.12/site-packages/airflow/example_dags/example_task_group.py
[2025-12-13T10:45:24.680+0000] {processor.py:914} INFO - Processing file /home/airflow/.local/lib/python3.12/site-packages/airflow/example_dags/example_task_group.py for tasks to queue
[2025-12-13T10:45:24.685+0000] {logging_mixin.py:190} INFO - [2025-12-13T10:45:24.685+0000] {dagbag.py:588} INFO - Filling up the DagBag from /home/airflow/.local/lib/python3.12/site-packages/airflow/example_dags/example_task_group.py
[2025-12-13T10:45:24.700+0000] {processor.py:925} INFO - DAG(s) 'example_task_group' retrieved from /home/airflow/.local/lib/python3.12/site-packages/airflow/example_dags/example_task_group.py
[2025-12-13T10:45:24.741+0000] {logging_mixin.py:190} INFO - [2025-12-13T10:45:24.741+0000] {dag.py:3239} INFO - Sync 1 DAGs
[2025-12-13T10:45:24.768+0000] {logging_mixin.py:190} INFO - [2025-12-13T10:45:24.767+0000] {dag.py:4180} INFO - Setting next_dagrun for example_task_group to None, run_after=None
[2025-12-13T10:45:24.798+0000] {processor.py:208} INFO - Processing /home/airflow/.local/lib/python3.12/site-packages/airflow/example_dags/example_task_group.py took 0.138 seconds
[2025-12-13T10:45:54.987+0000] {processor.py:186} INFO - Started process (PID=3717) to work on /home/airflow/.local/lib/python3.12/site-packages/airflow/example_dags/example_task_group.py
[2025-12-13T10:45:54.989+0000] {processor.py:914} INFO - Processing file /home/airflow/.local/lib/python3.12/site-packages/airflow/example_dags/example_task_group.py for tasks to queue
[2025-12-13T10:45:54.997+0000] {logging_mixin.py:190} INFO - [2025-12-13T10:45:54.994+0000] {dagbag.py:588} INFO - Filling up the DagBag from /home/airflow/.local/lib/python3.12/site-packages/airflow/example_dags/example_task_group.py
[2025-12-13T10:45:55.019+0000] {processor.py:925} INFO - DAG(s) 'example_task_group' retrieved from /home/airflow/.local/lib/python3.12/site-packages/airflow/example_dags/example_task_group.py
[2025-12-13T10:45:55.062+0000] {logging_mixin.py:190} INFO - [2025-12-13T10:45:55.061+0000] {dag.py:3239} INFO - Sync 1 DAGs
[2025-12-13T10:45:55.090+0000] {logging_mixin.py:190} INFO - [2025-12-13T10:45:55.090+0000] {dag.py:4180} INFO - Setting next_dagrun for example_task_group to None, run_after=None
[2025-12-13T10:45:55.124+0000] {processor.py:208} INFO - Processing /home/airflow/.local/lib/python3.12/site-packages/airflow/example_dags/example_task_group.py took 0.149 seconds
[2025-12-13T10:46:25.974+0000] {processor.py:186} INFO - Started process (PID=3780) to work on /home/airflow/.local/lib/python3.12/site-packages/airflow/example_dags/example_task_group.py
[2025-12-13T10:46:25.975+0000] {processor.py:914} INFO - Processing file /home/airflow/.local/lib/python3.12/site-packages/airflow/example_dags/example_task_group.py for tasks to queue
[2025-12-13T10:46:25.979+0000] {logging_mixin.py:190} INFO - [2025-12-13T10:46:25.978+0000] {dagbag.py:588} INFO - Filling up the DagBag from /home/airflow/.local/lib/python3.12/site-packages/airflow/example_dags/example_task_group.py
[2025-12-13T10:46:25.998+0000] {processor.py:925} INFO - DAG(s) 'example_task_group' retrieved from /home/airflow/.local/lib/python3.12/site-packages/airflow/example_dags/example_task_group.py
[2025-12-13T10:46:26.063+0000] {logging_mixin.py:190} INFO - [2025-12-13T10:46:26.063+0000] {dag.py:3239} INFO - Sync 1 DAGs
[2025-12-13T10:46:26.107+0000] {logging_mixin.py:190} INFO - [2025-12-13T10:46:26.106+0000] {dag.py:4180} INFO - Setting next_dagrun for example_task_group to None, run_after=None
[2025-12-13T10:46:26.148+0000] {processor.py:208} INFO - Processing /home/airflow/.local/lib/python3.12/site-packages/airflow/example_dags/example_task_group.py took 0.186 seconds
[2025-12-13T10:46:56.517+0000] {processor.py:186} INFO - Started process (PID=3842) to work on /home/airflow/.local/lib/python3.12/site-packages/airflow/example_dags/example_task_group.py
[2025-12-13T10:46:56.523+0000] {processor.py:914} INFO - Processing file /home/airflow/.local/lib/python3.12/site-packages/airflow/example_dags/example_task_group.py for tasks to queue
[2025-12-13T10:46:56.532+0000] {logging_mixin.py:190} INFO - [2025-12-13T10:46:56.531+0000] {dagbag.py:588} INFO - Filling up the DagBag from /home/airflow/.local/lib/python3.12/site-packages/airflow/example_dags/example_task_group.py
[2025-12-13T10:46:56.574+0000] {processor.py:925} INFO - DAG(s) 'example_task_group' retrieved from /home/airflow/.local/lib/python3.12/site-packages/airflow/example_dags/example_task_group.py
[2025-12-13T10:46:56.681+0000] {logging_mixin.py:190} INFO - [2025-12-13T10:46:56.680+0000] {dag.py:3239} INFO - Sync 1 DAGs
[2025-12-13T10:46:56.756+0000] {logging_mixin.py:190} INFO - [2025-12-13T10:46:56.755+0000] {dag.py:4180} INFO - Setting next_dagrun for example_task_group to None, run_after=None
[2025-12-13T10:46:56.859+0000] {processor.py:208} INFO - Processing /home/airflow/.local/lib/python3.12/site-packages/airflow/example_dags/example_task_group.py took 0.372 seconds
