[2025-12-13T10:16:27.195+0000] {processor.py:186} INFO - Started process (PID=128) to work on /home/airflow/.local/lib/python3.12/site-packages/airflow/example_dags/example_branch_operator.py
[2025-12-13T10:16:27.199+0000] {processor.py:914} INFO - Processing file /home/airflow/.local/lib/python3.12/site-packages/airflow/example_dags/example_branch_operator.py for tasks to queue
[2025-12-13T10:16:27.220+0000] {logging_mixin.py:190} INFO - [2025-12-13T10:16:27.208+0000] {dagbag.py:588} INFO - Filling up the DagBag from /home/airflow/.local/lib/python3.12/site-packages/airflow/example_dags/example_branch_operator.py
[2025-12-13T10:16:27.400+0000] {processor.py:925} INFO - DAG(s) 'example_branch_operator' retrieved from /home/airflow/.local/lib/python3.12/site-packages/airflow/example_dags/example_branch_operator.py
[2025-12-13T10:16:28.161+0000] {logging_mixin.py:190} INFO - [2025-12-13T10:16:28.160+0000] {override.py:1911} INFO - Created Permission View: can edit on DAG:example_branch_operator
[2025-12-13T10:16:28.191+0000] {logging_mixin.py:190} INFO - [2025-12-13T10:16:28.190+0000] {override.py:1911} INFO - Created Permission View: can delete on DAG:example_branch_operator
[2025-12-13T10:16:28.214+0000] {logging_mixin.py:190} INFO - [2025-12-13T10:16:28.213+0000] {override.py:1911} INFO - Created Permission View: can read on DAG:example_branch_operator
[2025-12-13T10:16:28.239+0000] {logging_mixin.py:190} INFO - [2025-12-13T10:16:28.238+0000] {override.py:1911} INFO - Created Permission View: can create on DAG Run:example_branch_operator
[2025-12-13T10:16:28.255+0000] {logging_mixin.py:190} INFO - [2025-12-13T10:16:28.255+0000] {override.py:1911} INFO - Created Permission View: can delete on DAG Run:example_branch_operator
[2025-12-13T10:16:28.290+0000] {logging_mixin.py:190} INFO - [2025-12-13T10:16:28.289+0000] {override.py:1911} INFO - Created Permission View: menu access on DAG Run:example_branch_operator
[2025-12-13T10:16:28.324+0000] {logging_mixin.py:190} INFO - [2025-12-13T10:16:28.324+0000] {override.py:1911} INFO - Created Permission View: can read on DAG Run:example_branch_operator
[2025-12-13T10:16:28.325+0000] {logging_mixin.py:190} INFO - [2025-12-13T10:16:28.325+0000] {dag.py:3239} INFO - Sync 1 DAGs
[2025-12-13T10:16:28.393+0000] {logging_mixin.py:190} INFO - [2025-12-13T10:16:28.392+0000] {dag.py:3262} INFO - Creating ORM DAG for example_branch_operator
[2025-12-13T10:16:28.491+0000] {logging_mixin.py:190} INFO - [2025-12-13T10:16:28.491+0000] {dag.py:4180} INFO - Setting next_dagrun for example_branch_operator to 2025-12-12 00:00:00+00:00, run_after=2025-12-13 00:00:00+00:00
[2025-12-13T10:16:28.546+0000] {processor.py:208} INFO - Processing /home/airflow/.local/lib/python3.12/site-packages/airflow/example_dags/example_branch_operator.py took 1.387 seconds
[2025-12-13T10:16:59.463+0000] {processor.py:186} INFO - Started process (PID=192) to work on /home/airflow/.local/lib/python3.12/site-packages/airflow/example_dags/example_branch_operator.py
[2025-12-13T10:16:59.466+0000] {processor.py:914} INFO - Processing file /home/airflow/.local/lib/python3.12/site-packages/airflow/example_dags/example_branch_operator.py for tasks to queue
[2025-12-13T10:16:59.471+0000] {logging_mixin.py:190} INFO - [2025-12-13T10:16:59.470+0000] {dagbag.py:588} INFO - Filling up the DagBag from /home/airflow/.local/lib/python3.12/site-packages/airflow/example_dags/example_branch_operator.py
[2025-12-13T10:16:59.503+0000] {processor.py:925} INFO - DAG(s) 'example_branch_operator' retrieved from /home/airflow/.local/lib/python3.12/site-packages/airflow/example_dags/example_branch_operator.py
[2025-12-13T10:16:59.571+0000] {logging_mixin.py:190} INFO - [2025-12-13T10:16:59.571+0000] {dag.py:3239} INFO - Sync 1 DAGs
[2025-12-13T10:16:59.626+0000] {logging_mixin.py:190} INFO - [2025-12-13T10:16:59.625+0000] {dag.py:4180} INFO - Setting next_dagrun for example_branch_operator to 2025-12-12 00:00:00+00:00, run_after=2025-12-13 00:00:00+00:00
[2025-12-13T10:16:59.662+0000] {processor.py:208} INFO - Processing /home/airflow/.local/lib/python3.12/site-packages/airflow/example_dags/example_branch_operator.py took 0.212 seconds
[2025-12-13T10:17:29.879+0000] {processor.py:186} INFO - Started process (PID=254) to work on /home/airflow/.local/lib/python3.12/site-packages/airflow/example_dags/example_branch_operator.py
[2025-12-13T10:17:29.881+0000] {processor.py:914} INFO - Processing file /home/airflow/.local/lib/python3.12/site-packages/airflow/example_dags/example_branch_operator.py for tasks to queue
[2025-12-13T10:17:29.884+0000] {logging_mixin.py:190} INFO - [2025-12-13T10:17:29.884+0000] {dagbag.py:588} INFO - Filling up the DagBag from /home/airflow/.local/lib/python3.12/site-packages/airflow/example_dags/example_branch_operator.py
[2025-12-13T10:17:29.918+0000] {processor.py:925} INFO - DAG(s) 'example_branch_operator' retrieved from /home/airflow/.local/lib/python3.12/site-packages/airflow/example_dags/example_branch_operator.py
[2025-12-13T10:17:29.977+0000] {logging_mixin.py:190} INFO - [2025-12-13T10:17:29.977+0000] {dag.py:3239} INFO - Sync 1 DAGs
[2025-12-13T10:17:30.030+0000] {logging_mixin.py:190} INFO - [2025-12-13T10:17:30.030+0000] {dag.py:4180} INFO - Setting next_dagrun for example_branch_operator to 2025-12-12 00:00:00+00:00, run_after=2025-12-13 00:00:00+00:00
[2025-12-13T10:17:30.060+0000] {processor.py:208} INFO - Processing /home/airflow/.local/lib/python3.12/site-packages/airflow/example_dags/example_branch_operator.py took 0.193 seconds
[2025-12-13T10:18:00.403+0000] {processor.py:186} INFO - Started process (PID=317) to work on /home/airflow/.local/lib/python3.12/site-packages/airflow/example_dags/example_branch_operator.py
[2025-12-13T10:18:00.404+0000] {processor.py:914} INFO - Processing file /home/airflow/.local/lib/python3.12/site-packages/airflow/example_dags/example_branch_operator.py for tasks to queue
[2025-12-13T10:18:00.409+0000] {logging_mixin.py:190} INFO - [2025-12-13T10:18:00.408+0000] {dagbag.py:588} INFO - Filling up the DagBag from /home/airflow/.local/lib/python3.12/site-packages/airflow/example_dags/example_branch_operator.py
[2025-12-13T10:18:00.443+0000] {processor.py:925} INFO - DAG(s) 'example_branch_operator' retrieved from /home/airflow/.local/lib/python3.12/site-packages/airflow/example_dags/example_branch_operator.py
[2025-12-13T10:18:00.493+0000] {logging_mixin.py:190} INFO - [2025-12-13T10:18:00.493+0000] {dag.py:3239} INFO - Sync 1 DAGs
[2025-12-13T10:18:00.544+0000] {logging_mixin.py:190} INFO - [2025-12-13T10:18:00.544+0000] {dag.py:4180} INFO - Setting next_dagrun for example_branch_operator to 2025-12-12 00:00:00+00:00, run_after=2025-12-13 00:00:00+00:00
[2025-12-13T10:18:00.574+0000] {processor.py:208} INFO - Processing /home/airflow/.local/lib/python3.12/site-packages/airflow/example_dags/example_branch_operator.py took 0.182 seconds
[2025-12-13T10:18:30.667+0000] {processor.py:186} INFO - Started process (PID=379) to work on /home/airflow/.local/lib/python3.12/site-packages/airflow/example_dags/example_branch_operator.py
[2025-12-13T10:18:30.668+0000] {processor.py:914} INFO - Processing file /home/airflow/.local/lib/python3.12/site-packages/airflow/example_dags/example_branch_operator.py for tasks to queue
[2025-12-13T10:18:30.674+0000] {logging_mixin.py:190} INFO - [2025-12-13T10:18:30.673+0000] {dagbag.py:588} INFO - Filling up the DagBag from /home/airflow/.local/lib/python3.12/site-packages/airflow/example_dags/example_branch_operator.py
[2025-12-13T10:18:30.702+0000] {processor.py:925} INFO - DAG(s) 'example_branch_operator' retrieved from /home/airflow/.local/lib/python3.12/site-packages/airflow/example_dags/example_branch_operator.py
[2025-12-13T10:18:30.757+0000] {logging_mixin.py:190} INFO - [2025-12-13T10:18:30.757+0000] {dag.py:3239} INFO - Sync 1 DAGs
[2025-12-13T10:18:30.817+0000] {logging_mixin.py:190} INFO - [2025-12-13T10:18:30.817+0000] {dag.py:4180} INFO - Setting next_dagrun for example_branch_operator to 2025-12-12 00:00:00+00:00, run_after=2025-12-13 00:00:00+00:00
[2025-12-13T10:18:30.855+0000] {processor.py:208} INFO - Processing /home/airflow/.local/lib/python3.12/site-packages/airflow/example_dags/example_branch_operator.py took 0.200 seconds
[2025-12-13T10:19:01.515+0000] {processor.py:186} INFO - Started process (PID=441) to work on /home/airflow/.local/lib/python3.12/site-packages/airflow/example_dags/example_branch_operator.py
[2025-12-13T10:19:01.517+0000] {processor.py:914} INFO - Processing file /home/airflow/.local/lib/python3.12/site-packages/airflow/example_dags/example_branch_operator.py for tasks to queue
[2025-12-13T10:19:01.525+0000] {logging_mixin.py:190} INFO - [2025-12-13T10:19:01.524+0000] {dagbag.py:588} INFO - Filling up the DagBag from /home/airflow/.local/lib/python3.12/site-packages/airflow/example_dags/example_branch_operator.py
[2025-12-13T10:19:01.601+0000] {processor.py:925} INFO - DAG(s) 'example_branch_operator' retrieved from /home/airflow/.local/lib/python3.12/site-packages/airflow/example_dags/example_branch_operator.py
[2025-12-13T10:19:01.683+0000] {logging_mixin.py:190} INFO - [2025-12-13T10:19:01.683+0000] {dag.py:3239} INFO - Sync 1 DAGs
[2025-12-13T10:19:01.741+0000] {logging_mixin.py:190} INFO - [2025-12-13T10:19:01.741+0000] {dag.py:4180} INFO - Setting next_dagrun for example_branch_operator to 2025-12-12 00:00:00+00:00, run_after=2025-12-13 00:00:00+00:00
[2025-12-13T10:19:01.778+0000] {processor.py:208} INFO - Processing /home/airflow/.local/lib/python3.12/site-packages/airflow/example_dags/example_branch_operator.py took 0.279 seconds
[2025-12-13T10:19:33.528+0000] {processor.py:186} INFO - Started process (PID=504) to work on /home/airflow/.local/lib/python3.12/site-packages/airflow/example_dags/example_branch_operator.py
[2025-12-13T10:19:33.529+0000] {processor.py:914} INFO - Processing file /home/airflow/.local/lib/python3.12/site-packages/airflow/example_dags/example_branch_operator.py for tasks to queue
[2025-12-13T10:19:33.534+0000] {logging_mixin.py:190} INFO - [2025-12-13T10:19:33.533+0000] {dagbag.py:588} INFO - Filling up the DagBag from /home/airflow/.local/lib/python3.12/site-packages/airflow/example_dags/example_branch_operator.py
[2025-12-13T10:19:33.620+0000] {processor.py:925} INFO - DAG(s) 'example_branch_operator' retrieved from /home/airflow/.local/lib/python3.12/site-packages/airflow/example_dags/example_branch_operator.py
[2025-12-13T10:19:33.714+0000] {logging_mixin.py:190} INFO - [2025-12-13T10:19:33.714+0000] {dag.py:3239} INFO - Sync 1 DAGs
[2025-12-13T10:19:33.772+0000] {logging_mixin.py:190} INFO - [2025-12-13T10:19:33.772+0000] {dag.py:4180} INFO - Setting next_dagrun for example_branch_operator to 2025-12-12 00:00:00+00:00, run_after=2025-12-13 00:00:00+00:00
[2025-12-13T10:19:33.806+0000] {processor.py:208} INFO - Processing /home/airflow/.local/lib/python3.12/site-packages/airflow/example_dags/example_branch_operator.py took 0.290 seconds
[2025-12-13T10:20:04.667+0000] {processor.py:186} INFO - Started process (PID=567) to work on /home/airflow/.local/lib/python3.12/site-packages/airflow/example_dags/example_branch_operator.py
[2025-12-13T10:20:04.671+0000] {processor.py:914} INFO - Processing file /home/airflow/.local/lib/python3.12/site-packages/airflow/example_dags/example_branch_operator.py for tasks to queue
[2025-12-13T10:20:04.679+0000] {logging_mixin.py:190} INFO - [2025-12-13T10:20:04.678+0000] {dagbag.py:588} INFO - Filling up the DagBag from /home/airflow/.local/lib/python3.12/site-packages/airflow/example_dags/example_branch_operator.py
[2025-12-13T10:20:04.729+0000] {processor.py:925} INFO - DAG(s) 'example_branch_operator' retrieved from /home/airflow/.local/lib/python3.12/site-packages/airflow/example_dags/example_branch_operator.py
[2025-12-13T10:20:04.823+0000] {logging_mixin.py:190} INFO - [2025-12-13T10:20:04.822+0000] {dag.py:3239} INFO - Sync 1 DAGs
[2025-12-13T10:20:04.943+0000] {logging_mixin.py:190} INFO - [2025-12-13T10:20:04.942+0000] {dag.py:4180} INFO - Setting next_dagrun for example_branch_operator to 2025-12-12 00:00:00+00:00, run_after=2025-12-13 00:00:00+00:00
[2025-12-13T10:20:05.017+0000] {processor.py:208} INFO - Processing /home/airflow/.local/lib/python3.12/site-packages/airflow/example_dags/example_branch_operator.py took 0.362 seconds
[2025-12-13T10:20:35.827+0000] {processor.py:186} INFO - Started process (PID=630) to work on /home/airflow/.local/lib/python3.12/site-packages/airflow/example_dags/example_branch_operator.py
[2025-12-13T10:20:35.828+0000] {processor.py:914} INFO - Processing file /home/airflow/.local/lib/python3.12/site-packages/airflow/example_dags/example_branch_operator.py for tasks to queue
[2025-12-13T10:20:35.832+0000] {logging_mixin.py:190} INFO - [2025-12-13T10:20:35.831+0000] {dagbag.py:588} INFO - Filling up the DagBag from /home/airflow/.local/lib/python3.12/site-packages/airflow/example_dags/example_branch_operator.py
[2025-12-13T10:20:35.863+0000] {processor.py:925} INFO - DAG(s) 'example_branch_operator' retrieved from /home/airflow/.local/lib/python3.12/site-packages/airflow/example_dags/example_branch_operator.py
[2025-12-13T10:20:35.906+0000] {logging_mixin.py:190} INFO - [2025-12-13T10:20:35.906+0000] {dag.py:3239} INFO - Sync 1 DAGs
[2025-12-13T10:20:35.948+0000] {logging_mixin.py:190} INFO - [2025-12-13T10:20:35.948+0000] {dag.py:4180} INFO - Setting next_dagrun for example_branch_operator to 2025-12-12 00:00:00+00:00, run_after=2025-12-13 00:00:00+00:00
[2025-12-13T10:20:35.978+0000] {processor.py:208} INFO - Processing /home/airflow/.local/lib/python3.12/site-packages/airflow/example_dags/example_branch_operator.py took 0.161 seconds
[2025-12-13T10:21:06.520+0000] {processor.py:186} INFO - Started process (PID=692) to work on /home/airflow/.local/lib/python3.12/site-packages/airflow/example_dags/example_branch_operator.py
[2025-12-13T10:21:06.521+0000] {processor.py:914} INFO - Processing file /home/airflow/.local/lib/python3.12/site-packages/airflow/example_dags/example_branch_operator.py for tasks to queue
[2025-12-13T10:21:06.524+0000] {logging_mixin.py:190} INFO - [2025-12-13T10:21:06.524+0000] {dagbag.py:588} INFO - Filling up the DagBag from /home/airflow/.local/lib/python3.12/site-packages/airflow/example_dags/example_branch_operator.py
[2025-12-13T10:21:06.553+0000] {processor.py:925} INFO - DAG(s) 'example_branch_operator' retrieved from /home/airflow/.local/lib/python3.12/site-packages/airflow/example_dags/example_branch_operator.py
[2025-12-13T10:21:06.597+0000] {logging_mixin.py:190} INFO - [2025-12-13T10:21:06.596+0000] {dag.py:3239} INFO - Sync 1 DAGs
[2025-12-13T10:21:06.634+0000] {logging_mixin.py:190} INFO - [2025-12-13T10:21:06.634+0000] {dag.py:4180} INFO - Setting next_dagrun for example_branch_operator to 2025-12-12 00:00:00+00:00, run_after=2025-12-13 00:00:00+00:00
[2025-12-13T10:21:06.664+0000] {processor.py:208} INFO - Processing /home/airflow/.local/lib/python3.12/site-packages/airflow/example_dags/example_branch_operator.py took 0.155 seconds
[2025-12-13T10:21:37.229+0000] {processor.py:186} INFO - Started process (PID=756) to work on /home/airflow/.local/lib/python3.12/site-packages/airflow/example_dags/example_branch_operator.py
[2025-12-13T10:21:37.230+0000] {processor.py:914} INFO - Processing file /home/airflow/.local/lib/python3.12/site-packages/airflow/example_dags/example_branch_operator.py for tasks to queue
[2025-12-13T10:21:37.233+0000] {logging_mixin.py:190} INFO - [2025-12-13T10:21:37.233+0000] {dagbag.py:588} INFO - Filling up the DagBag from /home/airflow/.local/lib/python3.12/site-packages/airflow/example_dags/example_branch_operator.py
[2025-12-13T10:21:37.265+0000] {processor.py:925} INFO - DAG(s) 'example_branch_operator' retrieved from /home/airflow/.local/lib/python3.12/site-packages/airflow/example_dags/example_branch_operator.py
[2025-12-13T10:21:37.310+0000] {logging_mixin.py:190} INFO - [2025-12-13T10:21:37.310+0000] {dag.py:3239} INFO - Sync 1 DAGs
[2025-12-13T10:21:37.351+0000] {logging_mixin.py:190} INFO - [2025-12-13T10:21:37.351+0000] {dag.py:4180} INFO - Setting next_dagrun for example_branch_operator to 2025-12-12 00:00:00+00:00, run_after=2025-12-13 00:00:00+00:00
[2025-12-13T10:21:37.383+0000] {processor.py:208} INFO - Processing /home/airflow/.local/lib/python3.12/site-packages/airflow/example_dags/example_branch_operator.py took 0.165 seconds
[2025-12-13T10:22:09.880+0000] {processor.py:186} INFO - Started process (PID=819) to work on /home/airflow/.local/lib/python3.12/site-packages/airflow/example_dags/example_branch_operator.py
[2025-12-13T10:22:09.883+0000] {processor.py:914} INFO - Processing file /home/airflow/.local/lib/python3.12/site-packages/airflow/example_dags/example_branch_operator.py for tasks to queue
[2025-12-13T10:22:09.890+0000] {logging_mixin.py:190} INFO - [2025-12-13T10:22:09.890+0000] {dagbag.py:588} INFO - Filling up the DagBag from /home/airflow/.local/lib/python3.12/site-packages/airflow/example_dags/example_branch_operator.py
[2025-12-13T10:22:09.946+0000] {processor.py:925} INFO - DAG(s) 'example_branch_operator' retrieved from /home/airflow/.local/lib/python3.12/site-packages/airflow/example_dags/example_branch_operator.py
[2025-12-13T10:22:10.022+0000] {logging_mixin.py:190} INFO - [2025-12-13T10:22:10.021+0000] {dag.py:3239} INFO - Sync 1 DAGs
[2025-12-13T10:22:10.093+0000] {logging_mixin.py:190} INFO - [2025-12-13T10:22:10.092+0000] {dag.py:4180} INFO - Setting next_dagrun for example_branch_operator to 2025-12-12 00:00:00+00:00, run_after=2025-12-13 00:00:00+00:00
[2025-12-13T10:22:10.131+0000] {processor.py:208} INFO - Processing /home/airflow/.local/lib/python3.12/site-packages/airflow/example_dags/example_branch_operator.py took 0.267 seconds
[2025-12-13T10:22:43.969+0000] {processor.py:186} INFO - Started process (PID=895) to work on /home/airflow/.local/lib/python3.12/site-packages/airflow/example_dags/example_branch_operator.py
[2025-12-13T10:22:43.973+0000] {processor.py:914} INFO - Processing file /home/airflow/.local/lib/python3.12/site-packages/airflow/example_dags/example_branch_operator.py for tasks to queue
[2025-12-13T10:22:43.981+0000] {logging_mixin.py:190} INFO - [2025-12-13T10:22:43.980+0000] {dagbag.py:588} INFO - Filling up the DagBag from /home/airflow/.local/lib/python3.12/site-packages/airflow/example_dags/example_branch_operator.py
[2025-12-13T10:22:44.031+0000] {processor.py:925} INFO - DAG(s) 'example_branch_operator' retrieved from /home/airflow/.local/lib/python3.12/site-packages/airflow/example_dags/example_branch_operator.py
[2025-12-13T10:22:44.113+0000] {logging_mixin.py:190} INFO - [2025-12-13T10:22:44.113+0000] {dag.py:3239} INFO - Sync 1 DAGs
[2025-12-13T10:22:44.212+0000] {logging_mixin.py:190} INFO - [2025-12-13T10:22:44.212+0000] {dag.py:4180} INFO - Setting next_dagrun for example_branch_operator to 2025-12-12 00:00:00+00:00, run_after=2025-12-13 00:00:00+00:00
[2025-12-13T10:22:44.276+0000] {processor.py:208} INFO - Processing /home/airflow/.local/lib/python3.12/site-packages/airflow/example_dags/example_branch_operator.py took 0.318 seconds
[2025-12-13T10:23:14.354+0000] {processor.py:186} INFO - Started process (PID=958) to work on /home/airflow/.local/lib/python3.12/site-packages/airflow/example_dags/example_branch_operator.py
[2025-12-13T10:23:14.355+0000] {processor.py:914} INFO - Processing file /home/airflow/.local/lib/python3.12/site-packages/airflow/example_dags/example_branch_operator.py for tasks to queue
[2025-12-13T10:23:14.358+0000] {logging_mixin.py:190} INFO - [2025-12-13T10:23:14.357+0000] {dagbag.py:588} INFO - Filling up the DagBag from /home/airflow/.local/lib/python3.12/site-packages/airflow/example_dags/example_branch_operator.py
[2025-12-13T10:23:14.386+0000] {processor.py:925} INFO - DAG(s) 'example_branch_operator' retrieved from /home/airflow/.local/lib/python3.12/site-packages/airflow/example_dags/example_branch_operator.py
[2025-12-13T10:23:14.433+0000] {logging_mixin.py:190} INFO - [2025-12-13T10:23:14.433+0000] {dag.py:3239} INFO - Sync 1 DAGs
[2025-12-13T10:23:14.474+0000] {logging_mixin.py:190} INFO - [2025-12-13T10:23:14.473+0000] {dag.py:4180} INFO - Setting next_dagrun for example_branch_operator to 2025-12-12 00:00:00+00:00, run_after=2025-12-13 00:00:00+00:00
[2025-12-13T10:23:14.501+0000] {processor.py:208} INFO - Processing /home/airflow/.local/lib/python3.12/site-packages/airflow/example_dags/example_branch_operator.py took 0.156 seconds
[2025-12-13T10:23:44.999+0000] {processor.py:186} INFO - Started process (PID=1021) to work on /home/airflow/.local/lib/python3.12/site-packages/airflow/example_dags/example_branch_operator.py
[2025-12-13T10:23:45.000+0000] {processor.py:914} INFO - Processing file /home/airflow/.local/lib/python3.12/site-packages/airflow/example_dags/example_branch_operator.py for tasks to queue
[2025-12-13T10:23:45.004+0000] {logging_mixin.py:190} INFO - [2025-12-13T10:23:45.003+0000] {dagbag.py:588} INFO - Filling up the DagBag from /home/airflow/.local/lib/python3.12/site-packages/airflow/example_dags/example_branch_operator.py
[2025-12-13T10:23:45.035+0000] {processor.py:925} INFO - DAG(s) 'example_branch_operator' retrieved from /home/airflow/.local/lib/python3.12/site-packages/airflow/example_dags/example_branch_operator.py
[2025-12-13T10:23:45.081+0000] {logging_mixin.py:190} INFO - [2025-12-13T10:23:45.080+0000] {dag.py:3239} INFO - Sync 1 DAGs
[2025-12-13T10:23:45.120+0000] {logging_mixin.py:190} INFO - [2025-12-13T10:23:45.119+0000] {dag.py:4180} INFO - Setting next_dagrun for example_branch_operator to 2025-12-12 00:00:00+00:00, run_after=2025-12-13 00:00:00+00:00
[2025-12-13T10:23:45.145+0000] {processor.py:208} INFO - Processing /home/airflow/.local/lib/python3.12/site-packages/airflow/example_dags/example_branch_operator.py took 0.155 seconds
[2025-12-13T10:24:16.555+0000] {processor.py:186} INFO - Started process (PID=1084) to work on /home/airflow/.local/lib/python3.12/site-packages/airflow/example_dags/example_branch_operator.py
[2025-12-13T10:24:16.556+0000] {processor.py:914} INFO - Processing file /home/airflow/.local/lib/python3.12/site-packages/airflow/example_dags/example_branch_operator.py for tasks to queue
[2025-12-13T10:24:16.560+0000] {logging_mixin.py:190} INFO - [2025-12-13T10:24:16.559+0000] {dagbag.py:588} INFO - Filling up the DagBag from /home/airflow/.local/lib/python3.12/site-packages/airflow/example_dags/example_branch_operator.py
[2025-12-13T10:24:16.594+0000] {processor.py:925} INFO - DAG(s) 'example_branch_operator' retrieved from /home/airflow/.local/lib/python3.12/site-packages/airflow/example_dags/example_branch_operator.py
[2025-12-13T10:24:16.644+0000] {logging_mixin.py:190} INFO - [2025-12-13T10:24:16.644+0000] {dag.py:3239} INFO - Sync 1 DAGs
[2025-12-13T10:24:16.690+0000] {logging_mixin.py:190} INFO - [2025-12-13T10:24:16.689+0000] {dag.py:4180} INFO - Setting next_dagrun for example_branch_operator to 2025-12-12 00:00:00+00:00, run_after=2025-12-13 00:00:00+00:00
[2025-12-13T10:24:16.722+0000] {processor.py:208} INFO - Processing /home/airflow/.local/lib/python3.12/site-packages/airflow/example_dags/example_branch_operator.py took 0.177 seconds
[2025-12-13T10:24:47.679+0000] {processor.py:186} INFO - Started process (PID=1147) to work on /home/airflow/.local/lib/python3.12/site-packages/airflow/example_dags/example_branch_operator.py
[2025-12-13T10:24:47.681+0000] {processor.py:914} INFO - Processing file /home/airflow/.local/lib/python3.12/site-packages/airflow/example_dags/example_branch_operator.py for tasks to queue
[2025-12-13T10:24:47.685+0000] {logging_mixin.py:190} INFO - [2025-12-13T10:24:47.684+0000] {dagbag.py:588} INFO - Filling up the DagBag from /home/airflow/.local/lib/python3.12/site-packages/airflow/example_dags/example_branch_operator.py
[2025-12-13T10:24:47.723+0000] {processor.py:925} INFO - DAG(s) 'example_branch_operator' retrieved from /home/airflow/.local/lib/python3.12/site-packages/airflow/example_dags/example_branch_operator.py
[2025-12-13T10:24:47.778+0000] {logging_mixin.py:190} INFO - [2025-12-13T10:24:47.777+0000] {dag.py:3239} INFO - Sync 1 DAGs
[2025-12-13T10:24:47.817+0000] {logging_mixin.py:190} INFO - [2025-12-13T10:24:47.817+0000] {dag.py:4180} INFO - Setting next_dagrun for example_branch_operator to 2025-12-12 00:00:00+00:00, run_after=2025-12-13 00:00:00+00:00
[2025-12-13T10:24:47.846+0000] {processor.py:208} INFO - Processing /home/airflow/.local/lib/python3.12/site-packages/airflow/example_dags/example_branch_operator.py took 0.178 seconds
[2025-12-13T10:25:19.811+0000] {processor.py:186} INFO - Started process (PID=1212) to work on /home/airflow/.local/lib/python3.12/site-packages/airflow/example_dags/example_branch_operator.py
[2025-12-13T10:25:19.812+0000] {processor.py:914} INFO - Processing file /home/airflow/.local/lib/python3.12/site-packages/airflow/example_dags/example_branch_operator.py for tasks to queue
[2025-12-13T10:25:19.816+0000] {logging_mixin.py:190} INFO - [2025-12-13T10:25:19.816+0000] {dagbag.py:588} INFO - Filling up the DagBag from /home/airflow/.local/lib/python3.12/site-packages/airflow/example_dags/example_branch_operator.py
[2025-12-13T10:25:19.857+0000] {processor.py:925} INFO - DAG(s) 'example_branch_operator' retrieved from /home/airflow/.local/lib/python3.12/site-packages/airflow/example_dags/example_branch_operator.py
[2025-12-13T10:25:19.919+0000] {logging_mixin.py:190} INFO - [2025-12-13T10:25:19.919+0000] {dag.py:3239} INFO - Sync 1 DAGs
[2025-12-13T10:25:19.972+0000] {logging_mixin.py:190} INFO - [2025-12-13T10:25:19.972+0000] {dag.py:4180} INFO - Setting next_dagrun for example_branch_operator to 2025-12-12 00:00:00+00:00, run_after=2025-12-13 00:00:00+00:00
[2025-12-13T10:25:20.007+0000] {processor.py:208} INFO - Processing /home/airflow/.local/lib/python3.12/site-packages/airflow/example_dags/example_branch_operator.py took 0.209 seconds
[2025-12-13T10:25:51.911+0000] {processor.py:186} INFO - Started process (PID=1274) to work on /home/airflow/.local/lib/python3.12/site-packages/airflow/example_dags/example_branch_operator.py
[2025-12-13T10:25:51.912+0000] {processor.py:914} INFO - Processing file /home/airflow/.local/lib/python3.12/site-packages/airflow/example_dags/example_branch_operator.py for tasks to queue
[2025-12-13T10:25:51.915+0000] {logging_mixin.py:190} INFO - [2025-12-13T10:25:51.915+0000] {dagbag.py:588} INFO - Filling up the DagBag from /home/airflow/.local/lib/python3.12/site-packages/airflow/example_dags/example_branch_operator.py
[2025-12-13T10:25:51.946+0000] {processor.py:925} INFO - DAG(s) 'example_branch_operator' retrieved from /home/airflow/.local/lib/python3.12/site-packages/airflow/example_dags/example_branch_operator.py
[2025-12-13T10:25:52.004+0000] {logging_mixin.py:190} INFO - [2025-12-13T10:25:52.004+0000] {dag.py:3239} INFO - Sync 1 DAGs
[2025-12-13T10:25:52.049+0000] {logging_mixin.py:190} INFO - [2025-12-13T10:25:52.049+0000] {dag.py:4180} INFO - Setting next_dagrun for example_branch_operator to 2025-12-12 00:00:00+00:00, run_after=2025-12-13 00:00:00+00:00
[2025-12-13T10:25:52.080+0000] {processor.py:208} INFO - Processing /home/airflow/.local/lib/python3.12/site-packages/airflow/example_dags/example_branch_operator.py took 0.180 seconds
[2025-12-13T10:26:25.761+0000] {processor.py:186} INFO - Started process (PID=1342) to work on /home/airflow/.local/lib/python3.12/site-packages/airflow/example_dags/example_branch_operator.py
[2025-12-13T10:26:25.762+0000] {processor.py:914} INFO - Processing file /home/airflow/.local/lib/python3.12/site-packages/airflow/example_dags/example_branch_operator.py for tasks to queue
[2025-12-13T10:26:25.766+0000] {logging_mixin.py:190} INFO - [2025-12-13T10:26:25.765+0000] {dagbag.py:588} INFO - Filling up the DagBag from /home/airflow/.local/lib/python3.12/site-packages/airflow/example_dags/example_branch_operator.py
[2025-12-13T10:26:25.805+0000] {processor.py:925} INFO - DAG(s) 'example_branch_operator' retrieved from /home/airflow/.local/lib/python3.12/site-packages/airflow/example_dags/example_branch_operator.py
[2025-12-13T10:26:25.854+0000] {logging_mixin.py:190} INFO - [2025-12-13T10:26:25.854+0000] {dag.py:3239} INFO - Sync 1 DAGs
[2025-12-13T10:26:25.900+0000] {logging_mixin.py:190} INFO - [2025-12-13T10:26:25.900+0000] {dag.py:4180} INFO - Setting next_dagrun for example_branch_operator to 2025-12-12 00:00:00+00:00, run_after=2025-12-13 00:00:00+00:00
[2025-12-13T10:26:25.934+0000] {processor.py:208} INFO - Processing /home/airflow/.local/lib/python3.12/site-packages/airflow/example_dags/example_branch_operator.py took 0.187 seconds
[2025-12-13T10:26:57.320+0000] {processor.py:186} INFO - Started process (PID=1405) to work on /home/airflow/.local/lib/python3.12/site-packages/airflow/example_dags/example_branch_operator.py
[2025-12-13T10:26:57.321+0000] {processor.py:914} INFO - Processing file /home/airflow/.local/lib/python3.12/site-packages/airflow/example_dags/example_branch_operator.py for tasks to queue
[2025-12-13T10:26:57.325+0000] {logging_mixin.py:190} INFO - [2025-12-13T10:26:57.325+0000] {dagbag.py:588} INFO - Filling up the DagBag from /home/airflow/.local/lib/python3.12/site-packages/airflow/example_dags/example_branch_operator.py
[2025-12-13T10:26:57.364+0000] {processor.py:925} INFO - DAG(s) 'example_branch_operator' retrieved from /home/airflow/.local/lib/python3.12/site-packages/airflow/example_dags/example_branch_operator.py
[2025-12-13T10:26:57.432+0000] {logging_mixin.py:190} INFO - [2025-12-13T10:26:57.432+0000] {dag.py:3239} INFO - Sync 1 DAGs
[2025-12-13T10:26:57.543+0000] {logging_mixin.py:190} INFO - [2025-12-13T10:26:57.542+0000] {dag.py:4180} INFO - Setting next_dagrun for example_branch_operator to 2025-12-12 00:00:00+00:00, run_after=2025-12-13 00:00:00+00:00
[2025-12-13T10:26:57.590+0000] {processor.py:208} INFO - Processing /home/airflow/.local/lib/python3.12/site-packages/airflow/example_dags/example_branch_operator.py took 0.282 seconds
[2025-12-13T10:27:28.037+0000] {processor.py:186} INFO - Started process (PID=1469) to work on /home/airflow/.local/lib/python3.12/site-packages/airflow/example_dags/example_branch_operator.py
[2025-12-13T10:27:28.038+0000] {processor.py:914} INFO - Processing file /home/airflow/.local/lib/python3.12/site-packages/airflow/example_dags/example_branch_operator.py for tasks to queue
[2025-12-13T10:27:28.041+0000] {logging_mixin.py:190} INFO - [2025-12-13T10:27:28.041+0000] {dagbag.py:588} INFO - Filling up the DagBag from /home/airflow/.local/lib/python3.12/site-packages/airflow/example_dags/example_branch_operator.py
[2025-12-13T10:27:28.076+0000] {processor.py:925} INFO - DAG(s) 'example_branch_operator' retrieved from /home/airflow/.local/lib/python3.12/site-packages/airflow/example_dags/example_branch_operator.py
[2025-12-13T10:27:28.141+0000] {logging_mixin.py:190} INFO - [2025-12-13T10:27:28.140+0000] {dag.py:3239} INFO - Sync 1 DAGs
[2025-12-13T10:27:28.202+0000] {logging_mixin.py:190} INFO - [2025-12-13T10:27:28.202+0000] {dag.py:4180} INFO - Setting next_dagrun for example_branch_operator to 2025-12-12 00:00:00+00:00, run_after=2025-12-13 00:00:00+00:00
[2025-12-13T10:27:28.236+0000] {processor.py:208} INFO - Processing /home/airflow/.local/lib/python3.12/site-packages/airflow/example_dags/example_branch_operator.py took 0.208 seconds
[2025-12-13T10:28:00.028+0000] {processor.py:186} INFO - Started process (PID=1534) to work on /home/airflow/.local/lib/python3.12/site-packages/airflow/example_dags/example_branch_operator.py
[2025-12-13T10:28:00.029+0000] {processor.py:914} INFO - Processing file /home/airflow/.local/lib/python3.12/site-packages/airflow/example_dags/example_branch_operator.py for tasks to queue
[2025-12-13T10:28:00.034+0000] {logging_mixin.py:190} INFO - [2025-12-13T10:28:00.033+0000] {dagbag.py:588} INFO - Filling up the DagBag from /home/airflow/.local/lib/python3.12/site-packages/airflow/example_dags/example_branch_operator.py
[2025-12-13T10:28:00.076+0000] {processor.py:925} INFO - DAG(s) 'example_branch_operator' retrieved from /home/airflow/.local/lib/python3.12/site-packages/airflow/example_dags/example_branch_operator.py
[2025-12-13T10:28:00.130+0000] {logging_mixin.py:190} INFO - [2025-12-13T10:28:00.130+0000] {dag.py:3239} INFO - Sync 1 DAGs
[2025-12-13T10:28:00.170+0000] {logging_mixin.py:190} INFO - [2025-12-13T10:28:00.169+0000] {dag.py:4180} INFO - Setting next_dagrun for example_branch_operator to 2025-12-12 00:00:00+00:00, run_after=2025-12-13 00:00:00+00:00
[2025-12-13T10:28:00.198+0000] {processor.py:208} INFO - Processing /home/airflow/.local/lib/python3.12/site-packages/airflow/example_dags/example_branch_operator.py took 0.181 seconds
[2025-12-13T10:28:41.162+0000] {processor.py:186} INFO - Started process (PID=1605) to work on /home/airflow/.local/lib/python3.12/site-packages/airflow/example_dags/example_branch_operator.py
[2025-12-13T10:28:41.165+0000] {processor.py:914} INFO - Processing file /home/airflow/.local/lib/python3.12/site-packages/airflow/example_dags/example_branch_operator.py for tasks to queue
[2025-12-13T10:28:41.172+0000] {logging_mixin.py:190} INFO - [2025-12-13T10:28:41.171+0000] {dagbag.py:588} INFO - Filling up the DagBag from /home/airflow/.local/lib/python3.12/site-packages/airflow/example_dags/example_branch_operator.py
[2025-12-13T10:28:41.215+0000] {processor.py:925} INFO - DAG(s) 'example_branch_operator' retrieved from /home/airflow/.local/lib/python3.12/site-packages/airflow/example_dags/example_branch_operator.py
[2025-12-13T10:28:41.321+0000] {logging_mixin.py:190} INFO - [2025-12-13T10:28:41.321+0000] {dag.py:3239} INFO - Sync 1 DAGs
[2025-12-13T10:28:41.439+0000] {logging_mixin.py:190} INFO - [2025-12-13T10:28:41.438+0000] {dag.py:4180} INFO - Setting next_dagrun for example_branch_operator to 2025-12-12 00:00:00+00:00, run_after=2025-12-13 00:00:00+00:00
[2025-12-13T10:28:41.539+0000] {processor.py:208} INFO - Processing /home/airflow/.local/lib/python3.12/site-packages/airflow/example_dags/example_branch_operator.py took 0.428 seconds
[2025-12-13T10:29:11.744+0000] {processor.py:186} INFO - Started process (PID=1669) to work on /home/airflow/.local/lib/python3.12/site-packages/airflow/example_dags/example_branch_operator.py
[2025-12-13T10:29:11.747+0000] {processor.py:914} INFO - Processing file /home/airflow/.local/lib/python3.12/site-packages/airflow/example_dags/example_branch_operator.py for tasks to queue
[2025-12-13T10:29:11.752+0000] {logging_mixin.py:190} INFO - [2025-12-13T10:29:11.751+0000] {dagbag.py:588} INFO - Filling up the DagBag from /home/airflow/.local/lib/python3.12/site-packages/airflow/example_dags/example_branch_operator.py
[2025-12-13T10:29:11.798+0000] {processor.py:925} INFO - DAG(s) 'example_branch_operator' retrieved from /home/airflow/.local/lib/python3.12/site-packages/airflow/example_dags/example_branch_operator.py
[2025-12-13T10:29:11.862+0000] {logging_mixin.py:190} INFO - [2025-12-13T10:29:11.862+0000] {dag.py:3239} INFO - Sync 1 DAGs
[2025-12-13T10:29:11.907+0000] {logging_mixin.py:190} INFO - [2025-12-13T10:29:11.907+0000] {dag.py:4180} INFO - Setting next_dagrun for example_branch_operator to 2025-12-12 00:00:00+00:00, run_after=2025-12-13 00:00:00+00:00
[2025-12-13T10:29:11.938+0000] {processor.py:208} INFO - Processing /home/airflow/.local/lib/python3.12/site-packages/airflow/example_dags/example_branch_operator.py took 0.207 seconds
[2025-12-13T10:29:42.975+0000] {processor.py:186} INFO - Started process (PID=1731) to work on /home/airflow/.local/lib/python3.12/site-packages/airflow/example_dags/example_branch_operator.py
[2025-12-13T10:29:42.977+0000] {processor.py:914} INFO - Processing file /home/airflow/.local/lib/python3.12/site-packages/airflow/example_dags/example_branch_operator.py for tasks to queue
[2025-12-13T10:29:42.985+0000] {logging_mixin.py:190} INFO - [2025-12-13T10:29:42.984+0000] {dagbag.py:588} INFO - Filling up the DagBag from /home/airflow/.local/lib/python3.12/site-packages/airflow/example_dags/example_branch_operator.py
[2025-12-13T10:29:43.046+0000] {processor.py:925} INFO - DAG(s) 'example_branch_operator' retrieved from /home/airflow/.local/lib/python3.12/site-packages/airflow/example_dags/example_branch_operator.py
[2025-12-13T10:29:43.142+0000] {logging_mixin.py:190} INFO - [2025-12-13T10:29:43.142+0000] {dag.py:3239} INFO - Sync 1 DAGs
[2025-12-13T10:29:43.228+0000] {logging_mixin.py:190} INFO - [2025-12-13T10:29:43.227+0000] {dag.py:4180} INFO - Setting next_dagrun for example_branch_operator to 2025-12-12 00:00:00+00:00, run_after=2025-12-13 00:00:00+00:00
[2025-12-13T10:29:43.292+0000] {processor.py:208} INFO - Processing /home/airflow/.local/lib/python3.12/site-packages/airflow/example_dags/example_branch_operator.py took 0.340 seconds
[2025-12-13T10:30:13.786+0000] {processor.py:186} INFO - Started process (PID=1793) to work on /home/airflow/.local/lib/python3.12/site-packages/airflow/example_dags/example_branch_operator.py
[2025-12-13T10:30:13.789+0000] {processor.py:914} INFO - Processing file /home/airflow/.local/lib/python3.12/site-packages/airflow/example_dags/example_branch_operator.py for tasks to queue
[2025-12-13T10:30:13.793+0000] {logging_mixin.py:190} INFO - [2025-12-13T10:30:13.792+0000] {dagbag.py:588} INFO - Filling up the DagBag from /home/airflow/.local/lib/python3.12/site-packages/airflow/example_dags/example_branch_operator.py
[2025-12-13T10:30:13.833+0000] {processor.py:925} INFO - DAG(s) 'example_branch_operator' retrieved from /home/airflow/.local/lib/python3.12/site-packages/airflow/example_dags/example_branch_operator.py
[2025-12-13T10:30:13.897+0000] {logging_mixin.py:190} INFO - [2025-12-13T10:30:13.896+0000] {dag.py:3239} INFO - Sync 1 DAGs
[2025-12-13T10:30:13.953+0000] {logging_mixin.py:190} INFO - [2025-12-13T10:30:13.952+0000] {dag.py:4180} INFO - Setting next_dagrun for example_branch_operator to 2025-12-12 00:00:00+00:00, run_after=2025-12-13 00:00:00+00:00
[2025-12-13T10:30:14.039+0000] {processor.py:208} INFO - Processing /home/airflow/.local/lib/python3.12/site-packages/airflow/example_dags/example_branch_operator.py took 0.267 seconds
[2025-12-13T10:30:44.387+0000] {processor.py:186} INFO - Started process (PID=1855) to work on /home/airflow/.local/lib/python3.12/site-packages/airflow/example_dags/example_branch_operator.py
[2025-12-13T10:30:44.388+0000] {processor.py:914} INFO - Processing file /home/airflow/.local/lib/python3.12/site-packages/airflow/example_dags/example_branch_operator.py for tasks to queue
[2025-12-13T10:30:44.392+0000] {logging_mixin.py:190} INFO - [2025-12-13T10:30:44.391+0000] {dagbag.py:588} INFO - Filling up the DagBag from /home/airflow/.local/lib/python3.12/site-packages/airflow/example_dags/example_branch_operator.py
[2025-12-13T10:30:44.432+0000] {processor.py:925} INFO - DAG(s) 'example_branch_operator' retrieved from /home/airflow/.local/lib/python3.12/site-packages/airflow/example_dags/example_branch_operator.py
[2025-12-13T10:30:44.486+0000] {logging_mixin.py:190} INFO - [2025-12-13T10:30:44.485+0000] {dag.py:3239} INFO - Sync 1 DAGs
[2025-12-13T10:30:44.531+0000] {logging_mixin.py:190} INFO - [2025-12-13T10:30:44.531+0000] {dag.py:4180} INFO - Setting next_dagrun for example_branch_operator to 2025-12-12 00:00:00+00:00, run_after=2025-12-13 00:00:00+00:00
[2025-12-13T10:30:44.560+0000] {processor.py:208} INFO - Processing /home/airflow/.local/lib/python3.12/site-packages/airflow/example_dags/example_branch_operator.py took 0.189 seconds
[2025-12-13T10:31:14.851+0000] {processor.py:186} INFO - Started process (PID=1918) to work on /home/airflow/.local/lib/python3.12/site-packages/airflow/example_dags/example_branch_operator.py
[2025-12-13T10:31:14.854+0000] {processor.py:914} INFO - Processing file /home/airflow/.local/lib/python3.12/site-packages/airflow/example_dags/example_branch_operator.py for tasks to queue
[2025-12-13T10:31:14.861+0000] {logging_mixin.py:190} INFO - [2025-12-13T10:31:14.859+0000] {dagbag.py:588} INFO - Filling up the DagBag from /home/airflow/.local/lib/python3.12/site-packages/airflow/example_dags/example_branch_operator.py
[2025-12-13T10:31:14.901+0000] {processor.py:925} INFO - DAG(s) 'example_branch_operator' retrieved from /home/airflow/.local/lib/python3.12/site-packages/airflow/example_dags/example_branch_operator.py
[2025-12-13T10:31:14.965+0000] {logging_mixin.py:190} INFO - [2025-12-13T10:31:14.964+0000] {dag.py:3239} INFO - Sync 1 DAGs
[2025-12-13T10:31:15.022+0000] {logging_mixin.py:190} INFO - [2025-12-13T10:31:15.022+0000] {dag.py:4180} INFO - Setting next_dagrun for example_branch_operator to 2025-12-12 00:00:00+00:00, run_after=2025-12-13 00:00:00+00:00
[2025-12-13T10:31:15.054+0000] {processor.py:208} INFO - Processing /home/airflow/.local/lib/python3.12/site-packages/airflow/example_dags/example_branch_operator.py took 0.218 seconds
[2025-12-13T10:31:45.116+0000] {processor.py:186} INFO - Started process (PID=1981) to work on /home/airflow/.local/lib/python3.12/site-packages/airflow/example_dags/example_branch_operator.py
[2025-12-13T10:31:45.117+0000] {processor.py:914} INFO - Processing file /home/airflow/.local/lib/python3.12/site-packages/airflow/example_dags/example_branch_operator.py for tasks to queue
[2025-12-13T10:31:45.120+0000] {logging_mixin.py:190} INFO - [2025-12-13T10:31:45.119+0000] {dagbag.py:588} INFO - Filling up the DagBag from /home/airflow/.local/lib/python3.12/site-packages/airflow/example_dags/example_branch_operator.py
[2025-12-13T10:31:45.147+0000] {processor.py:925} INFO - DAG(s) 'example_branch_operator' retrieved from /home/airflow/.local/lib/python3.12/site-packages/airflow/example_dags/example_branch_operator.py
[2025-12-13T10:31:45.197+0000] {logging_mixin.py:190} INFO - [2025-12-13T10:31:45.196+0000] {dag.py:3239} INFO - Sync 1 DAGs
[2025-12-13T10:31:45.238+0000] {logging_mixin.py:190} INFO - [2025-12-13T10:31:45.237+0000] {dag.py:4180} INFO - Setting next_dagrun for example_branch_operator to 2025-12-12 00:00:00+00:00, run_after=2025-12-13 00:00:00+00:00
[2025-12-13T10:31:45.261+0000] {processor.py:208} INFO - Processing /home/airflow/.local/lib/python3.12/site-packages/airflow/example_dags/example_branch_operator.py took 0.156 seconds
[2025-12-13T10:32:16.083+0000] {processor.py:186} INFO - Started process (PID=2044) to work on /home/airflow/.local/lib/python3.12/site-packages/airflow/example_dags/example_branch_operator.py
[2025-12-13T10:32:16.089+0000] {processor.py:914} INFO - Processing file /home/airflow/.local/lib/python3.12/site-packages/airflow/example_dags/example_branch_operator.py for tasks to queue
[2025-12-13T10:32:16.099+0000] {logging_mixin.py:190} INFO - [2025-12-13T10:32:16.099+0000] {dagbag.py:588} INFO - Filling up the DagBag from /home/airflow/.local/lib/python3.12/site-packages/airflow/example_dags/example_branch_operator.py
[2025-12-13T10:32:16.287+0000] {processor.py:925} INFO - DAG(s) 'example_branch_operator' retrieved from /home/airflow/.local/lib/python3.12/site-packages/airflow/example_dags/example_branch_operator.py
[2025-12-13T10:32:16.459+0000] {logging_mixin.py:190} INFO - [2025-12-13T10:32:16.458+0000] {dag.py:3239} INFO - Sync 1 DAGs
[2025-12-13T10:32:16.557+0000] {logging_mixin.py:190} INFO - [2025-12-13T10:32:16.556+0000] {dag.py:4180} INFO - Setting next_dagrun for example_branch_operator to 2025-12-12 00:00:00+00:00, run_after=2025-12-13 00:00:00+00:00
[2025-12-13T10:32:16.625+0000] {processor.py:208} INFO - Processing /home/airflow/.local/lib/python3.12/site-packages/airflow/example_dags/example_branch_operator.py took 0.623 seconds
[2025-12-13T10:32:46.863+0000] {processor.py:186} INFO - Started process (PID=2112) to work on /home/airflow/.local/lib/python3.12/site-packages/airflow/example_dags/example_branch_operator.py
[2025-12-13T10:32:46.872+0000] {processor.py:914} INFO - Processing file /home/airflow/.local/lib/python3.12/site-packages/airflow/example_dags/example_branch_operator.py for tasks to queue
[2025-12-13T10:32:46.887+0000] {logging_mixin.py:190} INFO - [2025-12-13T10:32:46.879+0000] {dagbag.py:588} INFO - Filling up the DagBag from /home/airflow/.local/lib/python3.12/site-packages/airflow/example_dags/example_branch_operator.py
[2025-12-13T10:32:47.119+0000] {processor.py:925} INFO - DAG(s) 'example_branch_operator' retrieved from /home/airflow/.local/lib/python3.12/site-packages/airflow/example_dags/example_branch_operator.py
[2025-12-13T10:32:47.312+0000] {logging_mixin.py:190} INFO - [2025-12-13T10:32:47.311+0000] {dag.py:3239} INFO - Sync 1 DAGs
[2025-12-13T10:32:47.490+0000] {logging_mixin.py:190} INFO - [2025-12-13T10:32:47.490+0000] {dag.py:4180} INFO - Setting next_dagrun for example_branch_operator to 2025-12-12 00:00:00+00:00, run_after=2025-12-13 00:00:00+00:00
[2025-12-13T10:32:47.558+0000] {processor.py:208} INFO - Processing /home/airflow/.local/lib/python3.12/site-packages/airflow/example_dags/example_branch_operator.py took 0.744 seconds
[2025-12-13T10:33:17.723+0000] {processor.py:186} INFO - Started process (PID=2176) to work on /home/airflow/.local/lib/python3.12/site-packages/airflow/example_dags/example_branch_operator.py
[2025-12-13T10:33:17.724+0000] {processor.py:914} INFO - Processing file /home/airflow/.local/lib/python3.12/site-packages/airflow/example_dags/example_branch_operator.py for tasks to queue
[2025-12-13T10:33:17.728+0000] {logging_mixin.py:190} INFO - [2025-12-13T10:33:17.728+0000] {dagbag.py:588} INFO - Filling up the DagBag from /home/airflow/.local/lib/python3.12/site-packages/airflow/example_dags/example_branch_operator.py
[2025-12-13T10:33:17.780+0000] {processor.py:925} INFO - DAG(s) 'example_branch_operator' retrieved from /home/airflow/.local/lib/python3.12/site-packages/airflow/example_dags/example_branch_operator.py
[2025-12-13T10:33:17.882+0000] {logging_mixin.py:190} INFO - [2025-12-13T10:33:17.881+0000] {dag.py:3239} INFO - Sync 1 DAGs
[2025-12-13T10:33:18.007+0000] {logging_mixin.py:190} INFO - [2025-12-13T10:33:18.006+0000] {dag.py:4180} INFO - Setting next_dagrun for example_branch_operator to 2025-12-12 00:00:00+00:00, run_after=2025-12-13 00:00:00+00:00
[2025-12-13T10:33:18.059+0000] {processor.py:208} INFO - Processing /home/airflow/.local/lib/python3.12/site-packages/airflow/example_dags/example_branch_operator.py took 0.350 seconds
[2025-12-13T10:33:48.267+0000] {processor.py:186} INFO - Started process (PID=2239) to work on /home/airflow/.local/lib/python3.12/site-packages/airflow/example_dags/example_branch_operator.py
[2025-12-13T10:33:48.269+0000] {processor.py:914} INFO - Processing file /home/airflow/.local/lib/python3.12/site-packages/airflow/example_dags/example_branch_operator.py for tasks to queue
[2025-12-13T10:33:48.274+0000] {logging_mixin.py:190} INFO - [2025-12-13T10:33:48.273+0000] {dagbag.py:588} INFO - Filling up the DagBag from /home/airflow/.local/lib/python3.12/site-packages/airflow/example_dags/example_branch_operator.py
[2025-12-13T10:33:48.307+0000] {processor.py:925} INFO - DAG(s) 'example_branch_operator' retrieved from /home/airflow/.local/lib/python3.12/site-packages/airflow/example_dags/example_branch_operator.py
[2025-12-13T10:33:48.368+0000] {logging_mixin.py:190} INFO - [2025-12-13T10:33:48.367+0000] {dag.py:3239} INFO - Sync 1 DAGs
[2025-12-13T10:33:48.407+0000] {logging_mixin.py:190} INFO - [2025-12-13T10:33:48.407+0000] {dag.py:4180} INFO - Setting next_dagrun for example_branch_operator to 2025-12-12 00:00:00+00:00, run_after=2025-12-13 00:00:00+00:00
[2025-12-13T10:33:48.436+0000] {processor.py:208} INFO - Processing /home/airflow/.local/lib/python3.12/site-packages/airflow/example_dags/example_branch_operator.py took 0.179 seconds
[2025-12-13T10:34:18.512+0000] {processor.py:186} INFO - Started process (PID=2301) to work on /home/airflow/.local/lib/python3.12/site-packages/airflow/example_dags/example_branch_operator.py
[2025-12-13T10:34:18.514+0000] {processor.py:914} INFO - Processing file /home/airflow/.local/lib/python3.12/site-packages/airflow/example_dags/example_branch_operator.py for tasks to queue
[2025-12-13T10:34:18.517+0000] {logging_mixin.py:190} INFO - [2025-12-13T10:34:18.517+0000] {dagbag.py:588} INFO - Filling up the DagBag from /home/airflow/.local/lib/python3.12/site-packages/airflow/example_dags/example_branch_operator.py
[2025-12-13T10:34:18.546+0000] {processor.py:925} INFO - DAG(s) 'example_branch_operator' retrieved from /home/airflow/.local/lib/python3.12/site-packages/airflow/example_dags/example_branch_operator.py
[2025-12-13T10:34:18.613+0000] {logging_mixin.py:190} INFO - [2025-12-13T10:34:18.612+0000] {dag.py:3239} INFO - Sync 1 DAGs
[2025-12-13T10:34:18.666+0000] {logging_mixin.py:190} INFO - [2025-12-13T10:34:18.665+0000] {dag.py:4180} INFO - Setting next_dagrun for example_branch_operator to 2025-12-12 00:00:00+00:00, run_after=2025-12-13 00:00:00+00:00
[2025-12-13T10:34:18.701+0000] {processor.py:208} INFO - Processing /home/airflow/.local/lib/python3.12/site-packages/airflow/example_dags/example_branch_operator.py took 0.200 seconds
[2025-12-13T10:34:49.121+0000] {processor.py:186} INFO - Started process (PID=2364) to work on /home/airflow/.local/lib/python3.12/site-packages/airflow/example_dags/example_branch_operator.py
[2025-12-13T10:34:49.122+0000] {processor.py:914} INFO - Processing file /home/airflow/.local/lib/python3.12/site-packages/airflow/example_dags/example_branch_operator.py for tasks to queue
[2025-12-13T10:34:49.125+0000] {logging_mixin.py:190} INFO - [2025-12-13T10:34:49.125+0000] {dagbag.py:588} INFO - Filling up the DagBag from /home/airflow/.local/lib/python3.12/site-packages/airflow/example_dags/example_branch_operator.py
[2025-12-13T10:34:49.157+0000] {processor.py:925} INFO - DAG(s) 'example_branch_operator' retrieved from /home/airflow/.local/lib/python3.12/site-packages/airflow/example_dags/example_branch_operator.py
[2025-12-13T10:34:49.220+0000] {logging_mixin.py:190} INFO - [2025-12-13T10:34:49.220+0000] {dag.py:3239} INFO - Sync 1 DAGs
[2025-12-13T10:34:49.265+0000] {logging_mixin.py:190} INFO - [2025-12-13T10:34:49.265+0000] {dag.py:4180} INFO - Setting next_dagrun for example_branch_operator to 2025-12-12 00:00:00+00:00, run_after=2025-12-13 00:00:00+00:00
[2025-12-13T10:34:49.294+0000] {processor.py:208} INFO - Processing /home/airflow/.local/lib/python3.12/site-packages/airflow/example_dags/example_branch_operator.py took 0.185 seconds
[2025-12-13T10:35:19.899+0000] {processor.py:186} INFO - Started process (PID=2427) to work on /home/airflow/.local/lib/python3.12/site-packages/airflow/example_dags/example_branch_operator.py
[2025-12-13T10:35:19.902+0000] {processor.py:914} INFO - Processing file /home/airflow/.local/lib/python3.12/site-packages/airflow/example_dags/example_branch_operator.py for tasks to queue
[2025-12-13T10:35:19.912+0000] {logging_mixin.py:190} INFO - [2025-12-13T10:35:19.911+0000] {dagbag.py:588} INFO - Filling up the DagBag from /home/airflow/.local/lib/python3.12/site-packages/airflow/example_dags/example_branch_operator.py
[2025-12-13T10:35:19.953+0000] {processor.py:925} INFO - DAG(s) 'example_branch_operator' retrieved from /home/airflow/.local/lib/python3.12/site-packages/airflow/example_dags/example_branch_operator.py
[2025-12-13T10:35:20.022+0000] {logging_mixin.py:190} INFO - [2025-12-13T10:35:20.022+0000] {dag.py:3239} INFO - Sync 1 DAGs
[2025-12-13T10:35:20.077+0000] {logging_mixin.py:190} INFO - [2025-12-13T10:35:20.077+0000] {dag.py:4180} INFO - Setting next_dagrun for example_branch_operator to 2025-12-12 00:00:00+00:00, run_after=2025-12-13 00:00:00+00:00
[2025-12-13T10:35:20.113+0000] {processor.py:208} INFO - Processing /home/airflow/.local/lib/python3.12/site-packages/airflow/example_dags/example_branch_operator.py took 0.239 seconds
[2025-12-13T10:35:50.925+0000] {processor.py:186} INFO - Started process (PID=2490) to work on /home/airflow/.local/lib/python3.12/site-packages/airflow/example_dags/example_branch_operator.py
[2025-12-13T10:35:50.927+0000] {processor.py:914} INFO - Processing file /home/airflow/.local/lib/python3.12/site-packages/airflow/example_dags/example_branch_operator.py for tasks to queue
[2025-12-13T10:35:50.937+0000] {logging_mixin.py:190} INFO - [2025-12-13T10:35:50.936+0000] {dagbag.py:588} INFO - Filling up the DagBag from /home/airflow/.local/lib/python3.12/site-packages/airflow/example_dags/example_branch_operator.py
[2025-12-13T10:35:51.035+0000] {processor.py:925} INFO - DAG(s) 'example_branch_operator' retrieved from /home/airflow/.local/lib/python3.12/site-packages/airflow/example_dags/example_branch_operator.py
[2025-12-13T10:35:51.184+0000] {logging_mixin.py:190} INFO - [2025-12-13T10:35:51.184+0000] {dag.py:3239} INFO - Sync 1 DAGs
[2025-12-13T10:35:51.279+0000] {logging_mixin.py:190} INFO - [2025-12-13T10:35:51.279+0000] {dag.py:4180} INFO - Setting next_dagrun for example_branch_operator to 2025-12-12 00:00:00+00:00, run_after=2025-12-13 00:00:00+00:00
[2025-12-13T10:35:51.366+0000] {processor.py:208} INFO - Processing /home/airflow/.local/lib/python3.12/site-packages/airflow/example_dags/example_branch_operator.py took 0.460 seconds
[2025-12-13T10:36:21.656+0000] {processor.py:186} INFO - Started process (PID=2553) to work on /home/airflow/.local/lib/python3.12/site-packages/airflow/example_dags/example_branch_operator.py
[2025-12-13T10:36:21.658+0000] {processor.py:914} INFO - Processing file /home/airflow/.local/lib/python3.12/site-packages/airflow/example_dags/example_branch_operator.py for tasks to queue
[2025-12-13T10:36:21.664+0000] {logging_mixin.py:190} INFO - [2025-12-13T10:36:21.663+0000] {dagbag.py:588} INFO - Filling up the DagBag from /home/airflow/.local/lib/python3.12/site-packages/airflow/example_dags/example_branch_operator.py
[2025-12-13T10:36:21.712+0000] {processor.py:925} INFO - DAG(s) 'example_branch_operator' retrieved from /home/airflow/.local/lib/python3.12/site-packages/airflow/example_dags/example_branch_operator.py
[2025-12-13T10:36:21.795+0000] {logging_mixin.py:190} INFO - [2025-12-13T10:36:21.794+0000] {dag.py:3239} INFO - Sync 1 DAGs
[2025-12-13T10:36:21.853+0000] {logging_mixin.py:190} INFO - [2025-12-13T10:36:21.853+0000] {dag.py:4180} INFO - Setting next_dagrun for example_branch_operator to 2025-12-12 00:00:00+00:00, run_after=2025-12-13 00:00:00+00:00
[2025-12-13T10:36:21.884+0000] {processor.py:208} INFO - Processing /home/airflow/.local/lib/python3.12/site-packages/airflow/example_dags/example_branch_operator.py took 0.244 seconds
[2025-12-13T10:36:52.875+0000] {processor.py:186} INFO - Started process (PID=2617) to work on /home/airflow/.local/lib/python3.12/site-packages/airflow/example_dags/example_branch_operator.py
[2025-12-13T10:36:52.877+0000] {processor.py:914} INFO - Processing file /home/airflow/.local/lib/python3.12/site-packages/airflow/example_dags/example_branch_operator.py for tasks to queue
[2025-12-13T10:36:52.882+0000] {logging_mixin.py:190} INFO - [2025-12-13T10:36:52.881+0000] {dagbag.py:588} INFO - Filling up the DagBag from /home/airflow/.local/lib/python3.12/site-packages/airflow/example_dags/example_branch_operator.py
[2025-12-13T10:36:52.917+0000] {processor.py:925} INFO - DAG(s) 'example_branch_operator' retrieved from /home/airflow/.local/lib/python3.12/site-packages/airflow/example_dags/example_branch_operator.py
[2025-12-13T10:36:52.975+0000] {logging_mixin.py:190} INFO - [2025-12-13T10:36:52.975+0000] {dag.py:3239} INFO - Sync 1 DAGs
[2025-12-13T10:36:53.017+0000] {logging_mixin.py:190} INFO - [2025-12-13T10:36:53.017+0000] {dag.py:4180} INFO - Setting next_dagrun for example_branch_operator to 2025-12-12 00:00:00+00:00, run_after=2025-12-13 00:00:00+00:00
[2025-12-13T10:36:53.054+0000] {processor.py:208} INFO - Processing /home/airflow/.local/lib/python3.12/site-packages/airflow/example_dags/example_branch_operator.py took 0.190 seconds
[2025-12-13T10:37:23.907+0000] {processor.py:186} INFO - Started process (PID=2680) to work on /home/airflow/.local/lib/python3.12/site-packages/airflow/example_dags/example_branch_operator.py
[2025-12-13T10:37:23.910+0000] {processor.py:914} INFO - Processing file /home/airflow/.local/lib/python3.12/site-packages/airflow/example_dags/example_branch_operator.py for tasks to queue
[2025-12-13T10:37:23.914+0000] {logging_mixin.py:190} INFO - [2025-12-13T10:37:23.913+0000] {dagbag.py:588} INFO - Filling up the DagBag from /home/airflow/.local/lib/python3.12/site-packages/airflow/example_dags/example_branch_operator.py
[2025-12-13T10:37:23.960+0000] {processor.py:925} INFO - DAG(s) 'example_branch_operator' retrieved from /home/airflow/.local/lib/python3.12/site-packages/airflow/example_dags/example_branch_operator.py
[2025-12-13T10:37:24.032+0000] {logging_mixin.py:190} INFO - [2025-12-13T10:37:24.032+0000] {dag.py:3239} INFO - Sync 1 DAGs
[2025-12-13T10:37:24.115+0000] {logging_mixin.py:190} INFO - [2025-12-13T10:37:24.114+0000] {dag.py:4180} INFO - Setting next_dagrun for example_branch_operator to 2025-12-12 00:00:00+00:00, run_after=2025-12-13 00:00:00+00:00
[2025-12-13T10:37:24.169+0000] {processor.py:208} INFO - Processing /home/airflow/.local/lib/python3.12/site-packages/airflow/example_dags/example_branch_operator.py took 0.276 seconds
[2025-12-13T10:37:55.791+0000] {processor.py:186} INFO - Started process (PID=2743) to work on /home/airflow/.local/lib/python3.12/site-packages/airflow/example_dags/example_branch_operator.py
[2025-12-13T10:37:55.794+0000] {processor.py:914} INFO - Processing file /home/airflow/.local/lib/python3.12/site-packages/airflow/example_dags/example_branch_operator.py for tasks to queue
[2025-12-13T10:37:55.801+0000] {logging_mixin.py:190} INFO - [2025-12-13T10:37:55.800+0000] {dagbag.py:588} INFO - Filling up the DagBag from /home/airflow/.local/lib/python3.12/site-packages/airflow/example_dags/example_branch_operator.py
[2025-12-13T10:37:55.857+0000] {processor.py:925} INFO - DAG(s) 'example_branch_operator' retrieved from /home/airflow/.local/lib/python3.12/site-packages/airflow/example_dags/example_branch_operator.py
[2025-12-13T10:37:55.921+0000] {logging_mixin.py:190} INFO - [2025-12-13T10:37:55.921+0000] {dag.py:3239} INFO - Sync 1 DAGs
[2025-12-13T10:37:55.983+0000] {logging_mixin.py:190} INFO - [2025-12-13T10:37:55.982+0000] {dag.py:4180} INFO - Setting next_dagrun for example_branch_operator to 2025-12-12 00:00:00+00:00, run_after=2025-12-13 00:00:00+00:00
[2025-12-13T10:37:56.341+0000] {processor.py:208} INFO - Processing /home/airflow/.local/lib/python3.12/site-packages/airflow/example_dags/example_branch_operator.py took 0.579 seconds
[2025-12-13T10:38:29.434+0000] {processor.py:186} INFO - Started process (PID=2808) to work on /home/airflow/.local/lib/python3.12/site-packages/airflow/example_dags/example_branch_operator.py
[2025-12-13T10:38:29.435+0000] {processor.py:914} INFO - Processing file /home/airflow/.local/lib/python3.12/site-packages/airflow/example_dags/example_branch_operator.py for tasks to queue
[2025-12-13T10:38:29.440+0000] {logging_mixin.py:190} INFO - [2025-12-13T10:38:29.439+0000] {dagbag.py:588} INFO - Filling up the DagBag from /home/airflow/.local/lib/python3.12/site-packages/airflow/example_dags/example_branch_operator.py
[2025-12-13T10:38:29.546+0000] {processor.py:925} INFO - DAG(s) 'example_branch_operator' retrieved from /home/airflow/.local/lib/python3.12/site-packages/airflow/example_dags/example_branch_operator.py
[2025-12-13T10:38:29.618+0000] {logging_mixin.py:190} INFO - [2025-12-13T10:38:29.617+0000] {dag.py:3239} INFO - Sync 1 DAGs
[2025-12-13T10:38:29.674+0000] {logging_mixin.py:190} INFO - [2025-12-13T10:38:29.673+0000] {dag.py:4180} INFO - Setting next_dagrun for example_branch_operator to 2025-12-12 00:00:00+00:00, run_after=2025-12-13 00:00:00+00:00
[2025-12-13T10:38:30.085+0000] {processor.py:208} INFO - Processing /home/airflow/.local/lib/python3.12/site-packages/airflow/example_dags/example_branch_operator.py took 0.679 seconds
[2025-12-13T10:39:00.341+0000] {processor.py:186} INFO - Started process (PID=2870) to work on /home/airflow/.local/lib/python3.12/site-packages/airflow/example_dags/example_branch_operator.py
[2025-12-13T10:39:00.342+0000] {processor.py:914} INFO - Processing file /home/airflow/.local/lib/python3.12/site-packages/airflow/example_dags/example_branch_operator.py for tasks to queue
[2025-12-13T10:39:00.347+0000] {logging_mixin.py:190} INFO - [2025-12-13T10:39:00.346+0000] {dagbag.py:588} INFO - Filling up the DagBag from /home/airflow/.local/lib/python3.12/site-packages/airflow/example_dags/example_branch_operator.py
[2025-12-13T10:39:00.387+0000] {processor.py:925} INFO - DAG(s) 'example_branch_operator' retrieved from /home/airflow/.local/lib/python3.12/site-packages/airflow/example_dags/example_branch_operator.py
[2025-12-13T10:39:00.458+0000] {logging_mixin.py:190} INFO - [2025-12-13T10:39:00.457+0000] {dag.py:3239} INFO - Sync 1 DAGs
[2025-12-13T10:39:00.517+0000] {logging_mixin.py:190} INFO - [2025-12-13T10:39:00.516+0000] {dag.py:4180} INFO - Setting next_dagrun for example_branch_operator to 2025-12-12 00:00:00+00:00, run_after=2025-12-13 00:00:00+00:00
[2025-12-13T10:39:00.564+0000] {processor.py:208} INFO - Processing /home/airflow/.local/lib/python3.12/site-packages/airflow/example_dags/example_branch_operator.py took 0.236 seconds
[2025-12-13T10:39:30.773+0000] {processor.py:186} INFO - Started process (PID=2934) to work on /home/airflow/.local/lib/python3.12/site-packages/airflow/example_dags/example_branch_operator.py
[2025-12-13T10:39:30.775+0000] {processor.py:914} INFO - Processing file /home/airflow/.local/lib/python3.12/site-packages/airflow/example_dags/example_branch_operator.py for tasks to queue
[2025-12-13T10:39:30.780+0000] {logging_mixin.py:190} INFO - [2025-12-13T10:39:30.779+0000] {dagbag.py:588} INFO - Filling up the DagBag from /home/airflow/.local/lib/python3.12/site-packages/airflow/example_dags/example_branch_operator.py
[2025-12-13T10:39:30.811+0000] {processor.py:925} INFO - DAG(s) 'example_branch_operator' retrieved from /home/airflow/.local/lib/python3.12/site-packages/airflow/example_dags/example_branch_operator.py
[2025-12-13T10:39:30.861+0000] {logging_mixin.py:190} INFO - [2025-12-13T10:39:30.861+0000] {dag.py:3239} INFO - Sync 1 DAGs
[2025-12-13T10:39:30.907+0000] {logging_mixin.py:190} INFO - [2025-12-13T10:39:30.907+0000] {dag.py:4180} INFO - Setting next_dagrun for example_branch_operator to 2025-12-12 00:00:00+00:00, run_after=2025-12-13 00:00:00+00:00
[2025-12-13T10:39:30.937+0000] {processor.py:208} INFO - Processing /home/airflow/.local/lib/python3.12/site-packages/airflow/example_dags/example_branch_operator.py took 0.175 seconds
[2025-12-13T10:40:01.383+0000] {processor.py:186} INFO - Started process (PID=2996) to work on /home/airflow/.local/lib/python3.12/site-packages/airflow/example_dags/example_branch_operator.py
[2025-12-13T10:40:01.384+0000] {processor.py:914} INFO - Processing file /home/airflow/.local/lib/python3.12/site-packages/airflow/example_dags/example_branch_operator.py for tasks to queue
[2025-12-13T10:40:01.389+0000] {logging_mixin.py:190} INFO - [2025-12-13T10:40:01.388+0000] {dagbag.py:588} INFO - Filling up the DagBag from /home/airflow/.local/lib/python3.12/site-packages/airflow/example_dags/example_branch_operator.py
[2025-12-13T10:40:01.418+0000] {processor.py:925} INFO - DAG(s) 'example_branch_operator' retrieved from /home/airflow/.local/lib/python3.12/site-packages/airflow/example_dags/example_branch_operator.py
[2025-12-13T10:40:01.475+0000] {logging_mixin.py:190} INFO - [2025-12-13T10:40:01.474+0000] {dag.py:3239} INFO - Sync 1 DAGs
[2025-12-13T10:40:01.527+0000] {logging_mixin.py:190} INFO - [2025-12-13T10:40:01.527+0000] {dag.py:4180} INFO - Setting next_dagrun for example_branch_operator to 2025-12-12 00:00:00+00:00, run_after=2025-12-13 00:00:00+00:00
[2025-12-13T10:40:01.557+0000] {processor.py:208} INFO - Processing /home/airflow/.local/lib/python3.12/site-packages/airflow/example_dags/example_branch_operator.py took 0.187 seconds
[2025-12-13T10:40:32.127+0000] {processor.py:186} INFO - Started process (PID=3059) to work on /home/airflow/.local/lib/python3.12/site-packages/airflow/example_dags/example_branch_operator.py
[2025-12-13T10:40:32.128+0000] {processor.py:914} INFO - Processing file /home/airflow/.local/lib/python3.12/site-packages/airflow/example_dags/example_branch_operator.py for tasks to queue
[2025-12-13T10:40:32.131+0000] {logging_mixin.py:190} INFO - [2025-12-13T10:40:32.131+0000] {dagbag.py:588} INFO - Filling up the DagBag from /home/airflow/.local/lib/python3.12/site-packages/airflow/example_dags/example_branch_operator.py
[2025-12-13T10:40:32.161+0000] {processor.py:925} INFO - DAG(s) 'example_branch_operator' retrieved from /home/airflow/.local/lib/python3.12/site-packages/airflow/example_dags/example_branch_operator.py
[2025-12-13T10:40:32.501+0000] {logging_mixin.py:190} INFO - [2025-12-13T10:40:32.501+0000] {dag.py:3239} INFO - Sync 1 DAGs
[2025-12-13T10:40:32.543+0000] {logging_mixin.py:190} INFO - [2025-12-13T10:40:32.543+0000] {dag.py:4180} INFO - Setting next_dagrun for example_branch_operator to 2025-12-12 00:00:00+00:00, run_after=2025-12-13 00:00:00+00:00
[2025-12-13T10:40:32.569+0000] {processor.py:208} INFO - Processing /home/airflow/.local/lib/python3.12/site-packages/airflow/example_dags/example_branch_operator.py took 0.452 seconds
[2025-12-13T10:41:03.180+0000] {processor.py:186} INFO - Started process (PID=3122) to work on /home/airflow/.local/lib/python3.12/site-packages/airflow/example_dags/example_branch_operator.py
[2025-12-13T10:41:03.181+0000] {processor.py:914} INFO - Processing file /home/airflow/.local/lib/python3.12/site-packages/airflow/example_dags/example_branch_operator.py for tasks to queue
[2025-12-13T10:41:03.186+0000] {logging_mixin.py:190} INFO - [2025-12-13T10:41:03.185+0000] {dagbag.py:588} INFO - Filling up the DagBag from /home/airflow/.local/lib/python3.12/site-packages/airflow/example_dags/example_branch_operator.py
[2025-12-13T10:41:03.228+0000] {processor.py:925} INFO - DAG(s) 'example_branch_operator' retrieved from /home/airflow/.local/lib/python3.12/site-packages/airflow/example_dags/example_branch_operator.py
[2025-12-13T10:41:03.298+0000] {logging_mixin.py:190} INFO - [2025-12-13T10:41:03.297+0000] {dag.py:3239} INFO - Sync 1 DAGs
[2025-12-13T10:41:03.348+0000] {logging_mixin.py:190} INFO - [2025-12-13T10:41:03.347+0000] {dag.py:4180} INFO - Setting next_dagrun for example_branch_operator to 2025-12-12 00:00:00+00:00, run_after=2025-12-13 00:00:00+00:00
[2025-12-13T10:41:03.377+0000] {processor.py:208} INFO - Processing /home/airflow/.local/lib/python3.12/site-packages/airflow/example_dags/example_branch_operator.py took 0.210 seconds
[2025-12-13T10:41:33.500+0000] {processor.py:186} INFO - Started process (PID=3184) to work on /home/airflow/.local/lib/python3.12/site-packages/airflow/example_dags/example_branch_operator.py
[2025-12-13T10:41:33.504+0000] {processor.py:914} INFO - Processing file /home/airflow/.local/lib/python3.12/site-packages/airflow/example_dags/example_branch_operator.py for tasks to queue
[2025-12-13T10:41:33.509+0000] {logging_mixin.py:190} INFO - [2025-12-13T10:41:33.508+0000] {dagbag.py:588} INFO - Filling up the DagBag from /home/airflow/.local/lib/python3.12/site-packages/airflow/example_dags/example_branch_operator.py
[2025-12-13T10:41:33.577+0000] {processor.py:925} INFO - DAG(s) 'example_branch_operator' retrieved from /home/airflow/.local/lib/python3.12/site-packages/airflow/example_dags/example_branch_operator.py
[2025-12-13T10:41:33.658+0000] {logging_mixin.py:190} INFO - [2025-12-13T10:41:33.657+0000] {dag.py:3239} INFO - Sync 1 DAGs
[2025-12-13T10:41:33.735+0000] {logging_mixin.py:190} INFO - [2025-12-13T10:41:33.735+0000] {dag.py:4180} INFO - Setting next_dagrun for example_branch_operator to 2025-12-12 00:00:00+00:00, run_after=2025-12-13 00:00:00+00:00
[2025-12-13T10:41:33.788+0000] {processor.py:208} INFO - Processing /home/airflow/.local/lib/python3.12/site-packages/airflow/example_dags/example_branch_operator.py took 0.309 seconds
[2025-12-13T10:42:03.912+0000] {processor.py:186} INFO - Started process (PID=3247) to work on /home/airflow/.local/lib/python3.12/site-packages/airflow/example_dags/example_branch_operator.py
[2025-12-13T10:42:03.915+0000] {processor.py:914} INFO - Processing file /home/airflow/.local/lib/python3.12/site-packages/airflow/example_dags/example_branch_operator.py for tasks to queue
[2025-12-13T10:42:03.920+0000] {logging_mixin.py:190} INFO - [2025-12-13T10:42:03.919+0000] {dagbag.py:588} INFO - Filling up the DagBag from /home/airflow/.local/lib/python3.12/site-packages/airflow/example_dags/example_branch_operator.py
[2025-12-13T10:42:03.961+0000] {processor.py:925} INFO - DAG(s) 'example_branch_operator' retrieved from /home/airflow/.local/lib/python3.12/site-packages/airflow/example_dags/example_branch_operator.py
[2025-12-13T10:42:04.026+0000] {logging_mixin.py:190} INFO - [2025-12-13T10:42:04.025+0000] {dag.py:3239} INFO - Sync 1 DAGs
[2025-12-13T10:42:04.099+0000] {logging_mixin.py:190} INFO - [2025-12-13T10:42:04.099+0000] {dag.py:4180} INFO - Setting next_dagrun for example_branch_operator to 2025-12-12 00:00:00+00:00, run_after=2025-12-13 00:00:00+00:00
[2025-12-13T10:42:04.142+0000] {processor.py:208} INFO - Processing /home/airflow/.local/lib/python3.12/site-packages/airflow/example_dags/example_branch_operator.py took 0.243 seconds
[2025-12-13T10:42:34.233+0000] {processor.py:186} INFO - Started process (PID=3310) to work on /home/airflow/.local/lib/python3.12/site-packages/airflow/example_dags/example_branch_operator.py
[2025-12-13T10:42:34.234+0000] {processor.py:914} INFO - Processing file /home/airflow/.local/lib/python3.12/site-packages/airflow/example_dags/example_branch_operator.py for tasks to queue
[2025-12-13T10:42:34.239+0000] {logging_mixin.py:190} INFO - [2025-12-13T10:42:34.238+0000] {dagbag.py:588} INFO - Filling up the DagBag from /home/airflow/.local/lib/python3.12/site-packages/airflow/example_dags/example_branch_operator.py
[2025-12-13T10:42:34.277+0000] {processor.py:925} INFO - DAG(s) 'example_branch_operator' retrieved from /home/airflow/.local/lib/python3.12/site-packages/airflow/example_dags/example_branch_operator.py
[2025-12-13T10:42:34.335+0000] {logging_mixin.py:190} INFO - [2025-12-13T10:42:34.334+0000] {dag.py:3239} INFO - Sync 1 DAGs
[2025-12-13T10:42:34.384+0000] {logging_mixin.py:190} INFO - [2025-12-13T10:42:34.384+0000] {dag.py:4180} INFO - Setting next_dagrun for example_branch_operator to 2025-12-12 00:00:00+00:00, run_after=2025-12-13 00:00:00+00:00
[2025-12-13T10:42:34.416+0000] {processor.py:208} INFO - Processing /home/airflow/.local/lib/python3.12/site-packages/airflow/example_dags/example_branch_operator.py took 0.196 seconds
[2025-12-13T10:43:05.259+0000] {processor.py:186} INFO - Started process (PID=3373) to work on /home/airflow/.local/lib/python3.12/site-packages/airflow/example_dags/example_branch_operator.py
[2025-12-13T10:43:05.261+0000] {processor.py:914} INFO - Processing file /home/airflow/.local/lib/python3.12/site-packages/airflow/example_dags/example_branch_operator.py for tasks to queue
[2025-12-13T10:43:05.265+0000] {logging_mixin.py:190} INFO - [2025-12-13T10:43:05.265+0000] {dagbag.py:588} INFO - Filling up the DagBag from /home/airflow/.local/lib/python3.12/site-packages/airflow/example_dags/example_branch_operator.py
[2025-12-13T10:43:05.304+0000] {processor.py:925} INFO - DAG(s) 'example_branch_operator' retrieved from /home/airflow/.local/lib/python3.12/site-packages/airflow/example_dags/example_branch_operator.py
[2025-12-13T10:43:05.366+0000] {logging_mixin.py:190} INFO - [2025-12-13T10:43:05.366+0000] {dag.py:3239} INFO - Sync 1 DAGs
[2025-12-13T10:43:05.420+0000] {logging_mixin.py:190} INFO - [2025-12-13T10:43:05.419+0000] {dag.py:4180} INFO - Setting next_dagrun for example_branch_operator to 2025-12-12 00:00:00+00:00, run_after=2025-12-13 00:00:00+00:00
[2025-12-13T10:43:05.457+0000] {processor.py:208} INFO - Processing /home/airflow/.local/lib/python3.12/site-packages/airflow/example_dags/example_branch_operator.py took 0.214 seconds
[2025-12-13T10:43:36.043+0000] {processor.py:186} INFO - Started process (PID=3435) to work on /home/airflow/.local/lib/python3.12/site-packages/airflow/example_dags/example_branch_operator.py
[2025-12-13T10:43:36.044+0000] {processor.py:914} INFO - Processing file /home/airflow/.local/lib/python3.12/site-packages/airflow/example_dags/example_branch_operator.py for tasks to queue
[2025-12-13T10:43:36.048+0000] {logging_mixin.py:190} INFO - [2025-12-13T10:43:36.048+0000] {dagbag.py:588} INFO - Filling up the DagBag from /home/airflow/.local/lib/python3.12/site-packages/airflow/example_dags/example_branch_operator.py
[2025-12-13T10:43:36.089+0000] {processor.py:925} INFO - DAG(s) 'example_branch_operator' retrieved from /home/airflow/.local/lib/python3.12/site-packages/airflow/example_dags/example_branch_operator.py
[2025-12-13T10:43:36.185+0000] {logging_mixin.py:190} INFO - [2025-12-13T10:43:36.185+0000] {dag.py:3239} INFO - Sync 1 DAGs
[2025-12-13T10:43:36.254+0000] {logging_mixin.py:190} INFO - [2025-12-13T10:43:36.254+0000] {dag.py:4180} INFO - Setting next_dagrun for example_branch_operator to 2025-12-12 00:00:00+00:00, run_after=2025-12-13 00:00:00+00:00
[2025-12-13T10:43:36.329+0000] {processor.py:208} INFO - Processing /home/airflow/.local/lib/python3.12/site-packages/airflow/example_dags/example_branch_operator.py took 0.297 seconds
[2025-12-13T10:44:08.277+0000] {processor.py:186} INFO - Started process (PID=3499) to work on /home/airflow/.local/lib/python3.12/site-packages/airflow/example_dags/example_branch_operator.py
[2025-12-13T10:44:08.280+0000] {processor.py:914} INFO - Processing file /home/airflow/.local/lib/python3.12/site-packages/airflow/example_dags/example_branch_operator.py for tasks to queue
[2025-12-13T10:44:08.288+0000] {logging_mixin.py:190} INFO - [2025-12-13T10:44:08.287+0000] {dagbag.py:588} INFO - Filling up the DagBag from /home/airflow/.local/lib/python3.12/site-packages/airflow/example_dags/example_branch_operator.py
[2025-12-13T10:44:08.380+0000] {processor.py:925} INFO - DAG(s) 'example_branch_operator' retrieved from /home/airflow/.local/lib/python3.12/site-packages/airflow/example_dags/example_branch_operator.py
[2025-12-13T10:44:08.529+0000] {logging_mixin.py:190} INFO - [2025-12-13T10:44:08.524+0000] {dag.py:3239} INFO - Sync 1 DAGs
[2025-12-13T10:44:08.670+0000] {logging_mixin.py:190} INFO - [2025-12-13T10:44:08.669+0000] {dag.py:4180} INFO - Setting next_dagrun for example_branch_operator to 2025-12-12 00:00:00+00:00, run_after=2025-12-13 00:00:00+00:00
[2025-12-13T10:44:08.756+0000] {processor.py:208} INFO - Processing /home/airflow/.local/lib/python3.12/site-packages/airflow/example_dags/example_branch_operator.py took 0.507 seconds
[2025-12-13T10:44:39.343+0000] {processor.py:186} INFO - Started process (PID=3562) to work on /home/airflow/.local/lib/python3.12/site-packages/airflow/example_dags/example_branch_operator.py
[2025-12-13T10:44:39.346+0000] {processor.py:914} INFO - Processing file /home/airflow/.local/lib/python3.12/site-packages/airflow/example_dags/example_branch_operator.py for tasks to queue
[2025-12-13T10:44:39.357+0000] {logging_mixin.py:190} INFO - [2025-12-13T10:44:39.356+0000] {dagbag.py:588} INFO - Filling up the DagBag from /home/airflow/.local/lib/python3.12/site-packages/airflow/example_dags/example_branch_operator.py
[2025-12-13T10:44:39.471+0000] {processor.py:925} INFO - DAG(s) 'example_branch_operator' retrieved from /home/airflow/.local/lib/python3.12/site-packages/airflow/example_dags/example_branch_operator.py
[2025-12-13T10:44:39.667+0000] {logging_mixin.py:190} INFO - [2025-12-13T10:44:39.666+0000] {dag.py:3239} INFO - Sync 1 DAGs
[2025-12-13T10:44:39.785+0000] {logging_mixin.py:190} INFO - [2025-12-13T10:44:39.784+0000] {dag.py:4180} INFO - Setting next_dagrun for example_branch_operator to 2025-12-12 00:00:00+00:00, run_after=2025-12-13 00:00:00+00:00
[2025-12-13T10:44:39.858+0000] {processor.py:208} INFO - Processing /home/airflow/.local/lib/python3.12/site-packages/airflow/example_dags/example_branch_operator.py took 0.546 seconds
[2025-12-13T10:45:10.429+0000] {processor.py:186} INFO - Started process (PID=3625) to work on /home/airflow/.local/lib/python3.12/site-packages/airflow/example_dags/example_branch_operator.py
[2025-12-13T10:45:10.430+0000] {processor.py:914} INFO - Processing file /home/airflow/.local/lib/python3.12/site-packages/airflow/example_dags/example_branch_operator.py for tasks to queue
[2025-12-13T10:45:10.433+0000] {logging_mixin.py:190} INFO - [2025-12-13T10:45:10.432+0000] {dagbag.py:588} INFO - Filling up the DagBag from /home/airflow/.local/lib/python3.12/site-packages/airflow/example_dags/example_branch_operator.py
[2025-12-13T10:45:10.461+0000] {processor.py:925} INFO - DAG(s) 'example_branch_operator' retrieved from /home/airflow/.local/lib/python3.12/site-packages/airflow/example_dags/example_branch_operator.py
[2025-12-13T10:45:10.516+0000] {logging_mixin.py:190} INFO - [2025-12-13T10:45:10.516+0000] {dag.py:3239} INFO - Sync 1 DAGs
[2025-12-13T10:45:10.562+0000] {logging_mixin.py:190} INFO - [2025-12-13T10:45:10.562+0000] {dag.py:4180} INFO - Setting next_dagrun for example_branch_operator to 2025-12-12 00:00:00+00:00, run_after=2025-12-13 00:00:00+00:00
[2025-12-13T10:45:10.610+0000] {processor.py:208} INFO - Processing /home/airflow/.local/lib/python3.12/site-packages/airflow/example_dags/example_branch_operator.py took 0.192 seconds
[2025-12-13T10:45:41.315+0000] {processor.py:186} INFO - Started process (PID=3689) to work on /home/airflow/.local/lib/python3.12/site-packages/airflow/example_dags/example_branch_operator.py
[2025-12-13T10:45:41.316+0000] {processor.py:914} INFO - Processing file /home/airflow/.local/lib/python3.12/site-packages/airflow/example_dags/example_branch_operator.py for tasks to queue
[2025-12-13T10:45:41.320+0000] {logging_mixin.py:190} INFO - [2025-12-13T10:45:41.319+0000] {dagbag.py:588} INFO - Filling up the DagBag from /home/airflow/.local/lib/python3.12/site-packages/airflow/example_dags/example_branch_operator.py
[2025-12-13T10:45:41.350+0000] {processor.py:925} INFO - DAG(s) 'example_branch_operator' retrieved from /home/airflow/.local/lib/python3.12/site-packages/airflow/example_dags/example_branch_operator.py
[2025-12-13T10:45:41.399+0000] {logging_mixin.py:190} INFO - [2025-12-13T10:45:41.398+0000] {dag.py:3239} INFO - Sync 1 DAGs
[2025-12-13T10:45:41.441+0000] {logging_mixin.py:190} INFO - [2025-12-13T10:45:41.441+0000] {dag.py:4180} INFO - Setting next_dagrun for example_branch_operator to 2025-12-12 00:00:00+00:00, run_after=2025-12-13 00:00:00+00:00
[2025-12-13T10:45:41.472+0000] {processor.py:208} INFO - Processing /home/airflow/.local/lib/python3.12/site-packages/airflow/example_dags/example_branch_operator.py took 0.168 seconds
[2025-12-13T10:46:11.944+0000] {processor.py:186} INFO - Started process (PID=3752) to work on /home/airflow/.local/lib/python3.12/site-packages/airflow/example_dags/example_branch_operator.py
[2025-12-13T10:46:11.945+0000] {processor.py:914} INFO - Processing file /home/airflow/.local/lib/python3.12/site-packages/airflow/example_dags/example_branch_operator.py for tasks to queue
[2025-12-13T10:46:11.948+0000] {logging_mixin.py:190} INFO - [2025-12-13T10:46:11.948+0000] {dagbag.py:588} INFO - Filling up the DagBag from /home/airflow/.local/lib/python3.12/site-packages/airflow/example_dags/example_branch_operator.py
[2025-12-13T10:46:11.979+0000] {processor.py:925} INFO - DAG(s) 'example_branch_operator' retrieved from /home/airflow/.local/lib/python3.12/site-packages/airflow/example_dags/example_branch_operator.py
[2025-12-13T10:46:12.027+0000] {logging_mixin.py:190} INFO - [2025-12-13T10:46:12.027+0000] {dag.py:3239} INFO - Sync 1 DAGs
[2025-12-13T10:46:12.071+0000] {logging_mixin.py:190} INFO - [2025-12-13T10:46:12.071+0000] {dag.py:4180} INFO - Setting next_dagrun for example_branch_operator to 2025-12-12 00:00:00+00:00, run_after=2025-12-13 00:00:00+00:00
[2025-12-13T10:46:12.098+0000] {processor.py:208} INFO - Processing /home/airflow/.local/lib/python3.12/site-packages/airflow/example_dags/example_branch_operator.py took 0.166 seconds
[2025-12-13T10:46:43.096+0000] {processor.py:186} INFO - Started process (PID=3815) to work on /home/airflow/.local/lib/python3.12/site-packages/airflow/example_dags/example_branch_operator.py
[2025-12-13T10:46:43.099+0000] {processor.py:914} INFO - Processing file /home/airflow/.local/lib/python3.12/site-packages/airflow/example_dags/example_branch_operator.py for tasks to queue
[2025-12-13T10:46:43.105+0000] {logging_mixin.py:190} INFO - [2025-12-13T10:46:43.104+0000] {dagbag.py:588} INFO - Filling up the DagBag from /home/airflow/.local/lib/python3.12/site-packages/airflow/example_dags/example_branch_operator.py
[2025-12-13T10:46:43.163+0000] {processor.py:925} INFO - DAG(s) 'example_branch_operator' retrieved from /home/airflow/.local/lib/python3.12/site-packages/airflow/example_dags/example_branch_operator.py
[2025-12-13T10:46:43.226+0000] {logging_mixin.py:190} INFO - [2025-12-13T10:46:43.226+0000] {dag.py:3239} INFO - Sync 1 DAGs
[2025-12-13T10:46:43.286+0000] {logging_mixin.py:190} INFO - [2025-12-13T10:46:43.286+0000] {dag.py:4180} INFO - Setting next_dagrun for example_branch_operator to 2025-12-12 00:00:00+00:00, run_after=2025-12-13 00:00:00+00:00
[2025-12-13T10:46:43.327+0000] {processor.py:208} INFO - Processing /home/airflow/.local/lib/python3.12/site-packages/airflow/example_dags/example_branch_operator.py took 0.247 seconds
