[2025-12-13T10:16:02.271+0000] {processor.py:186} INFO - Started process (PID=81) to work on /home/airflow/.local/lib/python3.12/site-packages/airflow/example_dags/example_nested_branch_dag.py
[2025-12-13T10:16:02.272+0000] {processor.py:914} INFO - Processing file /home/airflow/.local/lib/python3.12/site-packages/airflow/example_dags/example_nested_branch_dag.py for tasks to queue
[2025-12-13T10:16:02.276+0000] {logging_mixin.py:190} INFO - [2025-12-13T10:16:02.276+0000] {dagbag.py:588} INFO - Filling up the DagBag from /home/airflow/.local/lib/python3.12/site-packages/airflow/example_dags/example_nested_branch_dag.py
[2025-12-13T10:16:02.314+0000] {processor.py:925} INFO - DAG(s) 'example_nested_branch_dag' retrieved from /home/airflow/.local/lib/python3.12/site-packages/airflow/example_dags/example_nested_branch_dag.py
[2025-12-13T10:16:02.612+0000] {logging_mixin.py:190} INFO - [2025-12-13T10:16:02.611+0000] {override.py:1911} INFO - Created Permission View: can edit on DAG:example_nested_branch_dag
[2025-12-13T10:16:02.639+0000] {logging_mixin.py:190} INFO - [2025-12-13T10:16:02.638+0000] {override.py:1911} INFO - Created Permission View: can delete on DAG:example_nested_branch_dag
[2025-12-13T10:16:02.653+0000] {logging_mixin.py:190} INFO - [2025-12-13T10:16:02.653+0000] {override.py:1911} INFO - Created Permission View: can read on DAG:example_nested_branch_dag
[2025-12-13T10:16:02.663+0000] {logging_mixin.py:190} INFO - [2025-12-13T10:16:02.663+0000] {override.py:1911} INFO - Created Permission View: can create on DAG Run:example_nested_branch_dag
[2025-12-13T10:16:02.674+0000] {logging_mixin.py:190} INFO - [2025-12-13T10:16:02.674+0000] {override.py:1911} INFO - Created Permission View: can delete on DAG Run:example_nested_branch_dag
[2025-12-13T10:16:02.685+0000] {logging_mixin.py:190} INFO - [2025-12-13T10:16:02.685+0000] {override.py:1911} INFO - Created Permission View: menu access on DAG Run:example_nested_branch_dag
[2025-12-13T10:16:02.701+0000] {logging_mixin.py:190} INFO - [2025-12-13T10:16:02.701+0000] {override.py:1911} INFO - Created Permission View: can read on DAG Run:example_nested_branch_dag
[2025-12-13T10:16:02.702+0000] {logging_mixin.py:190} INFO - [2025-12-13T10:16:02.702+0000] {dag.py:3239} INFO - Sync 1 DAGs
[2025-12-13T10:16:02.733+0000] {logging_mixin.py:190} INFO - [2025-12-13T10:16:02.732+0000] {dag.py:3262} INFO - Creating ORM DAG for example_nested_branch_dag
[2025-12-13T10:16:02.760+0000] {logging_mixin.py:190} INFO - [2025-12-13T10:16:02.758+0000] {dag.py:4180} INFO - Setting next_dagrun for example_nested_branch_dag to 2025-12-12 00:00:00+00:00, run_after=2025-12-13 00:00:00+00:00
[2025-12-13T10:16:02.824+0000] {processor.py:208} INFO - Processing /home/airflow/.local/lib/python3.12/site-packages/airflow/example_dags/example_nested_branch_dag.py took 0.576 seconds
[2025-12-13T10:16:32.939+0000] {processor.py:186} INFO - Started process (PID=143) to work on /home/airflow/.local/lib/python3.12/site-packages/airflow/example_dags/example_nested_branch_dag.py
[2025-12-13T10:16:32.940+0000] {processor.py:914} INFO - Processing file /home/airflow/.local/lib/python3.12/site-packages/airflow/example_dags/example_nested_branch_dag.py for tasks to queue
[2025-12-13T10:16:32.945+0000] {logging_mixin.py:190} INFO - [2025-12-13T10:16:32.944+0000] {dagbag.py:588} INFO - Filling up the DagBag from /home/airflow/.local/lib/python3.12/site-packages/airflow/example_dags/example_nested_branch_dag.py
[2025-12-13T10:16:32.971+0000] {processor.py:925} INFO - DAG(s) 'example_nested_branch_dag' retrieved from /home/airflow/.local/lib/python3.12/site-packages/airflow/example_dags/example_nested_branch_dag.py
[2025-12-13T10:16:33.015+0000] {logging_mixin.py:190} INFO - [2025-12-13T10:16:33.015+0000] {dag.py:3239} INFO - Sync 1 DAGs
[2025-12-13T10:16:33.051+0000] {logging_mixin.py:190} INFO - [2025-12-13T10:16:33.051+0000] {dag.py:4180} INFO - Setting next_dagrun for example_nested_branch_dag to 2025-12-12 00:00:00+00:00, run_after=2025-12-13 00:00:00+00:00
[2025-12-13T10:16:33.075+0000] {processor.py:208} INFO - Processing /home/airflow/.local/lib/python3.12/site-packages/airflow/example_dags/example_nested_branch_dag.py took 0.149 seconds
[2025-12-13T10:17:03.637+0000] {processor.py:186} INFO - Started process (PID=206) to work on /home/airflow/.local/lib/python3.12/site-packages/airflow/example_dags/example_nested_branch_dag.py
[2025-12-13T10:17:03.639+0000] {processor.py:914} INFO - Processing file /home/airflow/.local/lib/python3.12/site-packages/airflow/example_dags/example_nested_branch_dag.py for tasks to queue
[2025-12-13T10:17:03.665+0000] {logging_mixin.py:190} INFO - [2025-12-13T10:17:03.664+0000] {dagbag.py:588} INFO - Filling up the DagBag from /home/airflow/.local/lib/python3.12/site-packages/airflow/example_dags/example_nested_branch_dag.py
[2025-12-13T10:17:03.742+0000] {processor.py:925} INFO - DAG(s) 'example_nested_branch_dag' retrieved from /home/airflow/.local/lib/python3.12/site-packages/airflow/example_dags/example_nested_branch_dag.py
[2025-12-13T10:17:03.836+0000] {logging_mixin.py:190} INFO - [2025-12-13T10:17:03.835+0000] {dag.py:3239} INFO - Sync 1 DAGs
[2025-12-13T10:17:03.891+0000] {logging_mixin.py:190} INFO - [2025-12-13T10:17:03.891+0000] {dag.py:4180} INFO - Setting next_dagrun for example_nested_branch_dag to 2025-12-12 00:00:00+00:00, run_after=2025-12-13 00:00:00+00:00
[2025-12-13T10:17:03.952+0000] {processor.py:208} INFO - Processing /home/airflow/.local/lib/python3.12/site-packages/airflow/example_dags/example_nested_branch_dag.py took 0.368 seconds
[2025-12-13T10:17:34.106+0000] {processor.py:186} INFO - Started process (PID=268) to work on /home/airflow/.local/lib/python3.12/site-packages/airflow/example_dags/example_nested_branch_dag.py
[2025-12-13T10:17:34.107+0000] {processor.py:914} INFO - Processing file /home/airflow/.local/lib/python3.12/site-packages/airflow/example_dags/example_nested_branch_dag.py for tasks to queue
[2025-12-13T10:17:34.111+0000] {logging_mixin.py:190} INFO - [2025-12-13T10:17:34.111+0000] {dagbag.py:588} INFO - Filling up the DagBag from /home/airflow/.local/lib/python3.12/site-packages/airflow/example_dags/example_nested_branch_dag.py
[2025-12-13T10:17:34.135+0000] {processor.py:925} INFO - DAG(s) 'example_nested_branch_dag' retrieved from /home/airflow/.local/lib/python3.12/site-packages/airflow/example_dags/example_nested_branch_dag.py
[2025-12-13T10:17:34.178+0000] {logging_mixin.py:190} INFO - [2025-12-13T10:17:34.177+0000] {dag.py:3239} INFO - Sync 1 DAGs
[2025-12-13T10:17:34.218+0000] {logging_mixin.py:190} INFO - [2025-12-13T10:17:34.218+0000] {dag.py:4180} INFO - Setting next_dagrun for example_nested_branch_dag to 2025-12-12 00:00:00+00:00, run_after=2025-12-13 00:00:00+00:00
[2025-12-13T10:17:34.256+0000] {processor.py:208} INFO - Processing /home/airflow/.local/lib/python3.12/site-packages/airflow/example_dags/example_nested_branch_dag.py took 0.162 seconds
[2025-12-13T10:18:04.380+0000] {processor.py:186} INFO - Started process (PID=331) to work on /home/airflow/.local/lib/python3.12/site-packages/airflow/example_dags/example_nested_branch_dag.py
[2025-12-13T10:18:04.381+0000] {processor.py:914} INFO - Processing file /home/airflow/.local/lib/python3.12/site-packages/airflow/example_dags/example_nested_branch_dag.py for tasks to queue
[2025-12-13T10:18:04.385+0000] {logging_mixin.py:190} INFO - [2025-12-13T10:18:04.385+0000] {dagbag.py:588} INFO - Filling up the DagBag from /home/airflow/.local/lib/python3.12/site-packages/airflow/example_dags/example_nested_branch_dag.py
[2025-12-13T10:18:04.407+0000] {processor.py:925} INFO - DAG(s) 'example_nested_branch_dag' retrieved from /home/airflow/.local/lib/python3.12/site-packages/airflow/example_dags/example_nested_branch_dag.py
[2025-12-13T10:18:04.451+0000] {logging_mixin.py:190} INFO - [2025-12-13T10:18:04.451+0000] {dag.py:3239} INFO - Sync 1 DAGs
[2025-12-13T10:18:04.492+0000] {logging_mixin.py:190} INFO - [2025-12-13T10:18:04.491+0000] {dag.py:4180} INFO - Setting next_dagrun for example_nested_branch_dag to 2025-12-12 00:00:00+00:00, run_after=2025-12-13 00:00:00+00:00
[2025-12-13T10:18:04.516+0000] {processor.py:208} INFO - Processing /home/airflow/.local/lib/python3.12/site-packages/airflow/example_dags/example_nested_branch_dag.py took 0.147 seconds
[2025-12-13T10:18:34.845+0000] {processor.py:186} INFO - Started process (PID=394) to work on /home/airflow/.local/lib/python3.12/site-packages/airflow/example_dags/example_nested_branch_dag.py
[2025-12-13T10:18:34.846+0000] {processor.py:914} INFO - Processing file /home/airflow/.local/lib/python3.12/site-packages/airflow/example_dags/example_nested_branch_dag.py for tasks to queue
[2025-12-13T10:18:34.851+0000] {logging_mixin.py:190} INFO - [2025-12-13T10:18:34.850+0000] {dagbag.py:588} INFO - Filling up the DagBag from /home/airflow/.local/lib/python3.12/site-packages/airflow/example_dags/example_nested_branch_dag.py
[2025-12-13T10:18:34.871+0000] {processor.py:925} INFO - DAG(s) 'example_nested_branch_dag' retrieved from /home/airflow/.local/lib/python3.12/site-packages/airflow/example_dags/example_nested_branch_dag.py
[2025-12-13T10:18:34.912+0000] {logging_mixin.py:190} INFO - [2025-12-13T10:18:34.912+0000] {dag.py:3239} INFO - Sync 1 DAGs
[2025-12-13T10:18:34.962+0000] {logging_mixin.py:190} INFO - [2025-12-13T10:18:34.962+0000] {dag.py:4180} INFO - Setting next_dagrun for example_nested_branch_dag to 2025-12-12 00:00:00+00:00, run_after=2025-12-13 00:00:00+00:00
[2025-12-13T10:18:34.994+0000] {processor.py:208} INFO - Processing /home/airflow/.local/lib/python3.12/site-packages/airflow/example_dags/example_nested_branch_dag.py took 0.157 seconds
[2025-12-13T10:19:05.898+0000] {processor.py:186} INFO - Started process (PID=457) to work on /home/airflow/.local/lib/python3.12/site-packages/airflow/example_dags/example_nested_branch_dag.py
[2025-12-13T10:19:05.899+0000] {processor.py:914} INFO - Processing file /home/airflow/.local/lib/python3.12/site-packages/airflow/example_dags/example_nested_branch_dag.py for tasks to queue
[2025-12-13T10:19:05.904+0000] {logging_mixin.py:190} INFO - [2025-12-13T10:19:05.903+0000] {dagbag.py:588} INFO - Filling up the DagBag from /home/airflow/.local/lib/python3.12/site-packages/airflow/example_dags/example_nested_branch_dag.py
[2025-12-13T10:19:05.928+0000] {processor.py:925} INFO - DAG(s) 'example_nested_branch_dag' retrieved from /home/airflow/.local/lib/python3.12/site-packages/airflow/example_dags/example_nested_branch_dag.py
[2025-12-13T10:19:05.965+0000] {logging_mixin.py:190} INFO - [2025-12-13T10:19:05.964+0000] {dag.py:3239} INFO - Sync 1 DAGs
[2025-12-13T10:19:06.019+0000] {logging_mixin.py:190} INFO - [2025-12-13T10:19:06.019+0000] {dag.py:4180} INFO - Setting next_dagrun for example_nested_branch_dag to 2025-12-12 00:00:00+00:00, run_after=2025-12-13 00:00:00+00:00
[2025-12-13T10:19:06.049+0000] {processor.py:208} INFO - Processing /home/airflow/.local/lib/python3.12/site-packages/airflow/example_dags/example_nested_branch_dag.py took 0.164 seconds
[2025-12-13T10:19:36.869+0000] {processor.py:186} INFO - Started process (PID=519) to work on /home/airflow/.local/lib/python3.12/site-packages/airflow/example_dags/example_nested_branch_dag.py
[2025-12-13T10:19:36.871+0000] {processor.py:914} INFO - Processing file /home/airflow/.local/lib/python3.12/site-packages/airflow/example_dags/example_nested_branch_dag.py for tasks to queue
[2025-12-13T10:19:36.878+0000] {logging_mixin.py:190} INFO - [2025-12-13T10:19:36.876+0000] {dagbag.py:588} INFO - Filling up the DagBag from /home/airflow/.local/lib/python3.12/site-packages/airflow/example_dags/example_nested_branch_dag.py
[2025-12-13T10:19:36.911+0000] {processor.py:925} INFO - DAG(s) 'example_nested_branch_dag' retrieved from /home/airflow/.local/lib/python3.12/site-packages/airflow/example_dags/example_nested_branch_dag.py
[2025-12-13T10:19:36.959+0000] {logging_mixin.py:190} INFO - [2025-12-13T10:19:36.958+0000] {dag.py:3239} INFO - Sync 1 DAGs
[2025-12-13T10:19:37.012+0000] {logging_mixin.py:190} INFO - [2025-12-13T10:19:37.012+0000] {dag.py:4180} INFO - Setting next_dagrun for example_nested_branch_dag to 2025-12-12 00:00:00+00:00, run_after=2025-12-13 00:00:00+00:00
[2025-12-13T10:19:37.058+0000] {processor.py:208} INFO - Processing /home/airflow/.local/lib/python3.12/site-packages/airflow/example_dags/example_nested_branch_dag.py took 0.200 seconds
[2025-12-13T10:20:07.125+0000] {processor.py:186} INFO - Started process (PID=581) to work on /home/airflow/.local/lib/python3.12/site-packages/airflow/example_dags/example_nested_branch_dag.py
[2025-12-13T10:20:07.131+0000] {processor.py:914} INFO - Processing file /home/airflow/.local/lib/python3.12/site-packages/airflow/example_dags/example_nested_branch_dag.py for tasks to queue
[2025-12-13T10:20:07.136+0000] {logging_mixin.py:190} INFO - [2025-12-13T10:20:07.135+0000] {dagbag.py:588} INFO - Filling up the DagBag from /home/airflow/.local/lib/python3.12/site-packages/airflow/example_dags/example_nested_branch_dag.py
[2025-12-13T10:20:07.163+0000] {processor.py:925} INFO - DAG(s) 'example_nested_branch_dag' retrieved from /home/airflow/.local/lib/python3.12/site-packages/airflow/example_dags/example_nested_branch_dag.py
[2025-12-13T10:20:07.208+0000] {logging_mixin.py:190} INFO - [2025-12-13T10:20:07.208+0000] {dag.py:3239} INFO - Sync 1 DAGs
[2025-12-13T10:20:07.243+0000] {logging_mixin.py:190} INFO - [2025-12-13T10:20:07.242+0000] {dag.py:4180} INFO - Setting next_dagrun for example_nested_branch_dag to 2025-12-12 00:00:00+00:00, run_after=2025-12-13 00:00:00+00:00
[2025-12-13T10:20:07.266+0000] {processor.py:208} INFO - Processing /home/airflow/.local/lib/python3.12/site-packages/airflow/example_dags/example_nested_branch_dag.py took 0.155 seconds
[2025-12-13T10:20:37.394+0000] {processor.py:186} INFO - Started process (PID=644) to work on /home/airflow/.local/lib/python3.12/site-packages/airflow/example_dags/example_nested_branch_dag.py
[2025-12-13T10:20:37.395+0000] {processor.py:914} INFO - Processing file /home/airflow/.local/lib/python3.12/site-packages/airflow/example_dags/example_nested_branch_dag.py for tasks to queue
[2025-12-13T10:20:37.398+0000] {logging_mixin.py:190} INFO - [2025-12-13T10:20:37.398+0000] {dagbag.py:588} INFO - Filling up the DagBag from /home/airflow/.local/lib/python3.12/site-packages/airflow/example_dags/example_nested_branch_dag.py
[2025-12-13T10:20:37.415+0000] {processor.py:925} INFO - DAG(s) 'example_nested_branch_dag' retrieved from /home/airflow/.local/lib/python3.12/site-packages/airflow/example_dags/example_nested_branch_dag.py
[2025-12-13T10:20:37.462+0000] {logging_mixin.py:190} INFO - [2025-12-13T10:20:37.462+0000] {dag.py:3239} INFO - Sync 1 DAGs
[2025-12-13T10:20:37.506+0000] {logging_mixin.py:190} INFO - [2025-12-13T10:20:37.505+0000] {dag.py:4180} INFO - Setting next_dagrun for example_nested_branch_dag to 2025-12-12 00:00:00+00:00, run_after=2025-12-13 00:00:00+00:00
[2025-12-13T10:20:37.534+0000] {processor.py:208} INFO - Processing /home/airflow/.local/lib/python3.12/site-packages/airflow/example_dags/example_nested_branch_dag.py took 0.153 seconds
[2025-12-13T10:21:08.408+0000] {processor.py:186} INFO - Started process (PID=706) to work on /home/airflow/.local/lib/python3.12/site-packages/airflow/example_dags/example_nested_branch_dag.py
[2025-12-13T10:21:08.409+0000] {processor.py:914} INFO - Processing file /home/airflow/.local/lib/python3.12/site-packages/airflow/example_dags/example_nested_branch_dag.py for tasks to queue
[2025-12-13T10:21:08.414+0000] {logging_mixin.py:190} INFO - [2025-12-13T10:21:08.413+0000] {dagbag.py:588} INFO - Filling up the DagBag from /home/airflow/.local/lib/python3.12/site-packages/airflow/example_dags/example_nested_branch_dag.py
[2025-12-13T10:21:08.439+0000] {processor.py:925} INFO - DAG(s) 'example_nested_branch_dag' retrieved from /home/airflow/.local/lib/python3.12/site-packages/airflow/example_dags/example_nested_branch_dag.py
[2025-12-13T10:21:08.481+0000] {logging_mixin.py:190} INFO - [2025-12-13T10:21:08.480+0000] {dag.py:3239} INFO - Sync 1 DAGs
[2025-12-13T10:21:08.537+0000] {logging_mixin.py:190} INFO - [2025-12-13T10:21:08.537+0000] {dag.py:4180} INFO - Setting next_dagrun for example_nested_branch_dag to 2025-12-12 00:00:00+00:00, run_after=2025-12-13 00:00:00+00:00
[2025-12-13T10:21:08.572+0000] {processor.py:208} INFO - Processing /home/airflow/.local/lib/python3.12/site-packages/airflow/example_dags/example_nested_branch_dag.py took 0.178 seconds
[2025-12-13T10:21:39.308+0000] {processor.py:186} INFO - Started process (PID=768) to work on /home/airflow/.local/lib/python3.12/site-packages/airflow/example_dags/example_nested_branch_dag.py
[2025-12-13T10:21:39.310+0000] {processor.py:914} INFO - Processing file /home/airflow/.local/lib/python3.12/site-packages/airflow/example_dags/example_nested_branch_dag.py for tasks to queue
[2025-12-13T10:21:39.315+0000] {logging_mixin.py:190} INFO - [2025-12-13T10:21:39.314+0000] {dagbag.py:588} INFO - Filling up the DagBag from /home/airflow/.local/lib/python3.12/site-packages/airflow/example_dags/example_nested_branch_dag.py
[2025-12-13T10:21:39.346+0000] {processor.py:925} INFO - DAG(s) 'example_nested_branch_dag' retrieved from /home/airflow/.local/lib/python3.12/site-packages/airflow/example_dags/example_nested_branch_dag.py
[2025-12-13T10:21:39.396+0000] {logging_mixin.py:190} INFO - [2025-12-13T10:21:39.395+0000] {dag.py:3239} INFO - Sync 1 DAGs
[2025-12-13T10:21:39.453+0000] {logging_mixin.py:190} INFO - [2025-12-13T10:21:39.452+0000] {dag.py:4180} INFO - Setting next_dagrun for example_nested_branch_dag to 2025-12-12 00:00:00+00:00, run_after=2025-12-13 00:00:00+00:00
[2025-12-13T10:21:39.488+0000] {processor.py:208} INFO - Processing /home/airflow/.local/lib/python3.12/site-packages/airflow/example_dags/example_nested_branch_dag.py took 0.193 seconds
[2025-12-13T10:22:11.275+0000] {processor.py:186} INFO - Started process (PID=832) to work on /home/airflow/.local/lib/python3.12/site-packages/airflow/example_dags/example_nested_branch_dag.py
[2025-12-13T10:22:11.276+0000] {processor.py:914} INFO - Processing file /home/airflow/.local/lib/python3.12/site-packages/airflow/example_dags/example_nested_branch_dag.py for tasks to queue
[2025-12-13T10:22:11.280+0000] {logging_mixin.py:190} INFO - [2025-12-13T10:22:11.280+0000] {dagbag.py:588} INFO - Filling up the DagBag from /home/airflow/.local/lib/python3.12/site-packages/airflow/example_dags/example_nested_branch_dag.py
[2025-12-13T10:22:11.303+0000] {processor.py:925} INFO - DAG(s) 'example_nested_branch_dag' retrieved from /home/airflow/.local/lib/python3.12/site-packages/airflow/example_dags/example_nested_branch_dag.py
[2025-12-13T10:22:11.345+0000] {logging_mixin.py:190} INFO - [2025-12-13T10:22:11.344+0000] {dag.py:3239} INFO - Sync 1 DAGs
[2025-12-13T10:22:11.396+0000] {logging_mixin.py:190} INFO - [2025-12-13T10:22:11.396+0000] {dag.py:4180} INFO - Setting next_dagrun for example_nested_branch_dag to 2025-12-12 00:00:00+00:00, run_after=2025-12-13 00:00:00+00:00
[2025-12-13T10:22:11.428+0000] {processor.py:208} INFO - Processing /home/airflow/.local/lib/python3.12/site-packages/airflow/example_dags/example_nested_branch_dag.py took 0.165 seconds
[2025-12-13T10:22:42.746+0000] {processor.py:186} INFO - Started process (PID=884) to work on /home/airflow/.local/lib/python3.12/site-packages/airflow/example_dags/example_nested_branch_dag.py
[2025-12-13T10:22:42.747+0000] {processor.py:914} INFO - Processing file /home/airflow/.local/lib/python3.12/site-packages/airflow/example_dags/example_nested_branch_dag.py for tasks to queue
[2025-12-13T10:22:42.751+0000] {logging_mixin.py:190} INFO - [2025-12-13T10:22:42.751+0000] {dagbag.py:588} INFO - Filling up the DagBag from /home/airflow/.local/lib/python3.12/site-packages/airflow/example_dags/example_nested_branch_dag.py
[2025-12-13T10:22:42.775+0000] {processor.py:925} INFO - DAG(s) 'example_nested_branch_dag' retrieved from /home/airflow/.local/lib/python3.12/site-packages/airflow/example_dags/example_nested_branch_dag.py
[2025-12-13T10:22:42.822+0000] {logging_mixin.py:190} INFO - [2025-12-13T10:22:42.822+0000] {dag.py:3239} INFO - Sync 1 DAGs
[2025-12-13T10:22:42.904+0000] {logging_mixin.py:190} INFO - [2025-12-13T10:22:42.903+0000] {dag.py:4180} INFO - Setting next_dagrun for example_nested_branch_dag to 2025-12-12 00:00:00+00:00, run_after=2025-12-13 00:00:00+00:00
[2025-12-13T10:22:42.949+0000] {processor.py:208} INFO - Processing /home/airflow/.local/lib/python3.12/site-packages/airflow/example_dags/example_nested_branch_dag.py took 0.218 seconds
[2025-12-13T10:23:13.470+0000] {processor.py:186} INFO - Started process (PID=952) to work on /home/airflow/.local/lib/python3.12/site-packages/airflow/example_dags/example_nested_branch_dag.py
[2025-12-13T10:23:13.471+0000] {processor.py:914} INFO - Processing file /home/airflow/.local/lib/python3.12/site-packages/airflow/example_dags/example_nested_branch_dag.py for tasks to queue
[2025-12-13T10:23:13.474+0000] {logging_mixin.py:190} INFO - [2025-12-13T10:23:13.473+0000] {dagbag.py:588} INFO - Filling up the DagBag from /home/airflow/.local/lib/python3.12/site-packages/airflow/example_dags/example_nested_branch_dag.py
[2025-12-13T10:23:13.496+0000] {processor.py:925} INFO - DAG(s) 'example_nested_branch_dag' retrieved from /home/airflow/.local/lib/python3.12/site-packages/airflow/example_dags/example_nested_branch_dag.py
[2025-12-13T10:23:13.539+0000] {logging_mixin.py:190} INFO - [2025-12-13T10:23:13.538+0000] {dag.py:3239} INFO - Sync 1 DAGs
[2025-12-13T10:23:13.600+0000] {logging_mixin.py:190} INFO - [2025-12-13T10:23:13.600+0000] {dag.py:4180} INFO - Setting next_dagrun for example_nested_branch_dag to 2025-12-12 00:00:00+00:00, run_after=2025-12-13 00:00:00+00:00
[2025-12-13T10:23:13.645+0000] {processor.py:208} INFO - Processing /home/airflow/.local/lib/python3.12/site-packages/airflow/example_dags/example_nested_branch_dag.py took 0.189 seconds
[2025-12-13T10:23:43.791+0000] {processor.py:186} INFO - Started process (PID=1015) to work on /home/airflow/.local/lib/python3.12/site-packages/airflow/example_dags/example_nested_branch_dag.py
[2025-12-13T10:23:43.792+0000] {processor.py:914} INFO - Processing file /home/airflow/.local/lib/python3.12/site-packages/airflow/example_dags/example_nested_branch_dag.py for tasks to queue
[2025-12-13T10:23:43.796+0000] {logging_mixin.py:190} INFO - [2025-12-13T10:23:43.796+0000] {dagbag.py:588} INFO - Filling up the DagBag from /home/airflow/.local/lib/python3.12/site-packages/airflow/example_dags/example_nested_branch_dag.py
[2025-12-13T10:23:43.822+0000] {processor.py:925} INFO - DAG(s) 'example_nested_branch_dag' retrieved from /home/airflow/.local/lib/python3.12/site-packages/airflow/example_dags/example_nested_branch_dag.py
[2025-12-13T10:23:43.870+0000] {logging_mixin.py:190} INFO - [2025-12-13T10:23:43.869+0000] {dag.py:3239} INFO - Sync 1 DAGs
[2025-12-13T10:23:43.917+0000] {logging_mixin.py:190} INFO - [2025-12-13T10:23:43.917+0000] {dag.py:4180} INFO - Setting next_dagrun for example_nested_branch_dag to 2025-12-12 00:00:00+00:00, run_after=2025-12-13 00:00:00+00:00
[2025-12-13T10:23:43.948+0000] {processor.py:208} INFO - Processing /home/airflow/.local/lib/python3.12/site-packages/airflow/example_dags/example_nested_branch_dag.py took 0.169 seconds
[2025-12-13T10:24:15.420+0000] {processor.py:186} INFO - Started process (PID=1078) to work on /home/airflow/.local/lib/python3.12/site-packages/airflow/example_dags/example_nested_branch_dag.py
[2025-12-13T10:24:15.421+0000] {processor.py:914} INFO - Processing file /home/airflow/.local/lib/python3.12/site-packages/airflow/example_dags/example_nested_branch_dag.py for tasks to queue
[2025-12-13T10:24:15.425+0000] {logging_mixin.py:190} INFO - [2025-12-13T10:24:15.425+0000] {dagbag.py:588} INFO - Filling up the DagBag from /home/airflow/.local/lib/python3.12/site-packages/airflow/example_dags/example_nested_branch_dag.py
[2025-12-13T10:24:15.448+0000] {processor.py:925} INFO - DAG(s) 'example_nested_branch_dag' retrieved from /home/airflow/.local/lib/python3.12/site-packages/airflow/example_dags/example_nested_branch_dag.py
[2025-12-13T10:24:15.493+0000] {logging_mixin.py:190} INFO - [2025-12-13T10:24:15.493+0000] {dag.py:3239} INFO - Sync 1 DAGs
[2025-12-13T10:24:15.542+0000] {logging_mixin.py:190} INFO - [2025-12-13T10:24:15.542+0000] {dag.py:4180} INFO - Setting next_dagrun for example_nested_branch_dag to 2025-12-12 00:00:00+00:00, run_after=2025-12-13 00:00:00+00:00
[2025-12-13T10:24:15.575+0000] {processor.py:208} INFO - Processing /home/airflow/.local/lib/python3.12/site-packages/airflow/example_dags/example_nested_branch_dag.py took 0.165 seconds
[2025-12-13T10:24:46.762+0000] {processor.py:186} INFO - Started process (PID=1139) to work on /home/airflow/.local/lib/python3.12/site-packages/airflow/example_dags/example_nested_branch_dag.py
[2025-12-13T10:24:46.764+0000] {processor.py:914} INFO - Processing file /home/airflow/.local/lib/python3.12/site-packages/airflow/example_dags/example_nested_branch_dag.py for tasks to queue
[2025-12-13T10:24:46.768+0000] {logging_mixin.py:190} INFO - [2025-12-13T10:24:46.767+0000] {dagbag.py:588} INFO - Filling up the DagBag from /home/airflow/.local/lib/python3.12/site-packages/airflow/example_dags/example_nested_branch_dag.py
[2025-12-13T10:24:46.787+0000] {processor.py:925} INFO - DAG(s) 'example_nested_branch_dag' retrieved from /home/airflow/.local/lib/python3.12/site-packages/airflow/example_dags/example_nested_branch_dag.py
[2025-12-13T10:24:46.821+0000] {logging_mixin.py:190} INFO - [2025-12-13T10:24:46.820+0000] {dag.py:3239} INFO - Sync 1 DAGs
[2025-12-13T10:24:46.866+0000] {logging_mixin.py:190} INFO - [2025-12-13T10:24:46.866+0000] {dag.py:4180} INFO - Setting next_dagrun for example_nested_branch_dag to 2025-12-12 00:00:00+00:00, run_after=2025-12-13 00:00:00+00:00
[2025-12-13T10:24:46.896+0000] {processor.py:208} INFO - Processing /home/airflow/.local/lib/python3.12/site-packages/airflow/example_dags/example_nested_branch_dag.py took 0.144 seconds
[2025-12-13T10:25:17.706+0000] {processor.py:186} INFO - Started process (PID=1195) to work on /home/airflow/.local/lib/python3.12/site-packages/airflow/example_dags/example_nested_branch_dag.py
[2025-12-13T10:25:17.708+0000] {processor.py:914} INFO - Processing file /home/airflow/.local/lib/python3.12/site-packages/airflow/example_dags/example_nested_branch_dag.py for tasks to queue
[2025-12-13T10:25:17.711+0000] {logging_mixin.py:190} INFO - [2025-12-13T10:25:17.711+0000] {dagbag.py:588} INFO - Filling up the DagBag from /home/airflow/.local/lib/python3.12/site-packages/airflow/example_dags/example_nested_branch_dag.py
[2025-12-13T10:25:17.732+0000] {processor.py:925} INFO - DAG(s) 'example_nested_branch_dag' retrieved from /home/airflow/.local/lib/python3.12/site-packages/airflow/example_dags/example_nested_branch_dag.py
[2025-12-13T10:25:17.773+0000] {logging_mixin.py:190} INFO - [2025-12-13T10:25:17.773+0000] {dag.py:3239} INFO - Sync 1 DAGs
[2025-12-13T10:25:17.822+0000] {logging_mixin.py:190} INFO - [2025-12-13T10:25:17.822+0000] {dag.py:4180} INFO - Setting next_dagrun for example_nested_branch_dag to 2025-12-12 00:00:00+00:00, run_after=2025-12-13 00:00:00+00:00
[2025-12-13T10:25:17.853+0000] {processor.py:208} INFO - Processing /home/airflow/.local/lib/python3.12/site-packages/airflow/example_dags/example_nested_branch_dag.py took 0.158 seconds
[2025-12-13T10:25:49.179+0000] {processor.py:186} INFO - Started process (PID=1257) to work on /home/airflow/.local/lib/python3.12/site-packages/airflow/example_dags/example_nested_branch_dag.py
[2025-12-13T10:25:49.180+0000] {processor.py:914} INFO - Processing file /home/airflow/.local/lib/python3.12/site-packages/airflow/example_dags/example_nested_branch_dag.py for tasks to queue
[2025-12-13T10:25:49.184+0000] {logging_mixin.py:190} INFO - [2025-12-13T10:25:49.184+0000] {dagbag.py:588} INFO - Filling up the DagBag from /home/airflow/.local/lib/python3.12/site-packages/airflow/example_dags/example_nested_branch_dag.py
[2025-12-13T10:25:49.208+0000] {processor.py:925} INFO - DAG(s) 'example_nested_branch_dag' retrieved from /home/airflow/.local/lib/python3.12/site-packages/airflow/example_dags/example_nested_branch_dag.py
[2025-12-13T10:25:49.254+0000] {logging_mixin.py:190} INFO - [2025-12-13T10:25:49.253+0000] {dag.py:3239} INFO - Sync 1 DAGs
[2025-12-13T10:25:49.308+0000] {logging_mixin.py:190} INFO - [2025-12-13T10:25:49.308+0000] {dag.py:4180} INFO - Setting next_dagrun for example_nested_branch_dag to 2025-12-12 00:00:00+00:00, run_after=2025-12-13 00:00:00+00:00
[2025-12-13T10:25:49.342+0000] {processor.py:208} INFO - Processing /home/airflow/.local/lib/python3.12/site-packages/airflow/example_dags/example_nested_branch_dag.py took 0.175 seconds
[2025-12-13T10:26:20.305+0000] {processor.py:186} INFO - Started process (PID=1319) to work on /home/airflow/.local/lib/python3.12/site-packages/airflow/example_dags/example_nested_branch_dag.py
[2025-12-13T10:26:20.307+0000] {processor.py:914} INFO - Processing file /home/airflow/.local/lib/python3.12/site-packages/airflow/example_dags/example_nested_branch_dag.py for tasks to queue
[2025-12-13T10:26:20.326+0000] {logging_mixin.py:190} INFO - [2025-12-13T10:26:20.320+0000] {dagbag.py:588} INFO - Filling up the DagBag from /home/airflow/.local/lib/python3.12/site-packages/airflow/example_dags/example_nested_branch_dag.py
[2025-12-13T10:26:20.403+0000] {processor.py:925} INFO - DAG(s) 'example_nested_branch_dag' retrieved from /home/airflow/.local/lib/python3.12/site-packages/airflow/example_dags/example_nested_branch_dag.py
[2025-12-13T10:26:20.541+0000] {logging_mixin.py:190} INFO - [2025-12-13T10:26:20.541+0000] {dag.py:3239} INFO - Sync 1 DAGs
[2025-12-13T10:26:20.652+0000] {logging_mixin.py:190} INFO - [2025-12-13T10:26:20.651+0000] {dag.py:4180} INFO - Setting next_dagrun for example_nested_branch_dag to 2025-12-12 00:00:00+00:00, run_after=2025-12-13 00:00:00+00:00
[2025-12-13T10:26:20.725+0000] {processor.py:208} INFO - Processing /home/airflow/.local/lib/python3.12/site-packages/airflow/example_dags/example_nested_branch_dag.py took 0.466 seconds
[2025-12-13T10:26:50.881+0000] {processor.py:186} INFO - Started process (PID=1381) to work on /home/airflow/.local/lib/python3.12/site-packages/airflow/example_dags/example_nested_branch_dag.py
[2025-12-13T10:26:50.883+0000] {processor.py:914} INFO - Processing file /home/airflow/.local/lib/python3.12/site-packages/airflow/example_dags/example_nested_branch_dag.py for tasks to queue
[2025-12-13T10:26:50.886+0000] {logging_mixin.py:190} INFO - [2025-12-13T10:26:50.885+0000] {dagbag.py:588} INFO - Filling up the DagBag from /home/airflow/.local/lib/python3.12/site-packages/airflow/example_dags/example_nested_branch_dag.py
[2025-12-13T10:26:50.909+0000] {processor.py:925} INFO - DAG(s) 'example_nested_branch_dag' retrieved from /home/airflow/.local/lib/python3.12/site-packages/airflow/example_dags/example_nested_branch_dag.py
[2025-12-13T10:26:50.943+0000] {logging_mixin.py:190} INFO - [2025-12-13T10:26:50.943+0000] {dag.py:3239} INFO - Sync 1 DAGs
[2025-12-13T10:26:50.995+0000] {logging_mixin.py:190} INFO - [2025-12-13T10:26:50.995+0000] {dag.py:4180} INFO - Setting next_dagrun for example_nested_branch_dag to 2025-12-12 00:00:00+00:00, run_after=2025-12-13 00:00:00+00:00
[2025-12-13T10:26:51.029+0000] {processor.py:208} INFO - Processing /home/airflow/.local/lib/python3.12/site-packages/airflow/example_dags/example_nested_branch_dag.py took 0.158 seconds
[2025-12-13T10:27:21.169+0000] {processor.py:186} INFO - Started process (PID=1444) to work on /home/airflow/.local/lib/python3.12/site-packages/airflow/example_dags/example_nested_branch_dag.py
[2025-12-13T10:27:21.170+0000] {processor.py:914} INFO - Processing file /home/airflow/.local/lib/python3.12/site-packages/airflow/example_dags/example_nested_branch_dag.py for tasks to queue
[2025-12-13T10:27:21.174+0000] {logging_mixin.py:190} INFO - [2025-12-13T10:27:21.173+0000] {dagbag.py:588} INFO - Filling up the DagBag from /home/airflow/.local/lib/python3.12/site-packages/airflow/example_dags/example_nested_branch_dag.py
[2025-12-13T10:27:21.199+0000] {processor.py:925} INFO - DAG(s) 'example_nested_branch_dag' retrieved from /home/airflow/.local/lib/python3.12/site-packages/airflow/example_dags/example_nested_branch_dag.py
[2025-12-13T10:27:21.241+0000] {logging_mixin.py:190} INFO - [2025-12-13T10:27:21.240+0000] {dag.py:3239} INFO - Sync 1 DAGs
[2025-12-13T10:27:21.333+0000] {logging_mixin.py:190} INFO - [2025-12-13T10:27:21.333+0000] {dag.py:4180} INFO - Setting next_dagrun for example_nested_branch_dag to 2025-12-12 00:00:00+00:00, run_after=2025-12-13 00:00:00+00:00
[2025-12-13T10:27:21.383+0000] {processor.py:208} INFO - Processing /home/airflow/.local/lib/python3.12/site-packages/airflow/example_dags/example_nested_branch_dag.py took 0.227 seconds
[2025-12-13T10:27:51.831+0000] {processor.py:186} INFO - Started process (PID=1506) to work on /home/airflow/.local/lib/python3.12/site-packages/airflow/example_dags/example_nested_branch_dag.py
[2025-12-13T10:27:51.832+0000] {processor.py:914} INFO - Processing file /home/airflow/.local/lib/python3.12/site-packages/airflow/example_dags/example_nested_branch_dag.py for tasks to queue
[2025-12-13T10:27:51.835+0000] {logging_mixin.py:190} INFO - [2025-12-13T10:27:51.835+0000] {dagbag.py:588} INFO - Filling up the DagBag from /home/airflow/.local/lib/python3.12/site-packages/airflow/example_dags/example_nested_branch_dag.py
[2025-12-13T10:27:51.854+0000] {processor.py:925} INFO - DAG(s) 'example_nested_branch_dag' retrieved from /home/airflow/.local/lib/python3.12/site-packages/airflow/example_dags/example_nested_branch_dag.py
[2025-12-13T10:27:51.888+0000] {logging_mixin.py:190} INFO - [2025-12-13T10:27:51.887+0000] {dag.py:3239} INFO - Sync 1 DAGs
[2025-12-13T10:27:51.930+0000] {logging_mixin.py:190} INFO - [2025-12-13T10:27:51.930+0000] {dag.py:4180} INFO - Setting next_dagrun for example_nested_branch_dag to 2025-12-12 00:00:00+00:00, run_after=2025-12-13 00:00:00+00:00
[2025-12-13T10:27:51.957+0000] {processor.py:208} INFO - Processing /home/airflow/.local/lib/python3.12/site-packages/airflow/example_dags/example_nested_branch_dag.py took 0.135 seconds
[2025-12-13T10:28:23.426+0000] {processor.py:186} INFO - Started process (PID=1574) to work on /home/airflow/.local/lib/python3.12/site-packages/airflow/example_dags/example_nested_branch_dag.py
[2025-12-13T10:28:23.451+0000] {processor.py:914} INFO - Processing file /home/airflow/.local/lib/python3.12/site-packages/airflow/example_dags/example_nested_branch_dag.py for tasks to queue
[2025-12-13T10:28:23.461+0000] {logging_mixin.py:190} INFO - [2025-12-13T10:28:23.456+0000] {dagbag.py:588} INFO - Filling up the DagBag from /home/airflow/.local/lib/python3.12/site-packages/airflow/example_dags/example_nested_branch_dag.py
[2025-12-13T10:28:23.515+0000] {processor.py:925} INFO - DAG(s) 'example_nested_branch_dag' retrieved from /home/airflow/.local/lib/python3.12/site-packages/airflow/example_dags/example_nested_branch_dag.py
[2025-12-13T10:28:23.597+0000] {logging_mixin.py:190} INFO - [2025-12-13T10:28:23.596+0000] {dag.py:3239} INFO - Sync 1 DAGs
[2025-12-13T10:28:23.786+0000] {logging_mixin.py:190} INFO - [2025-12-13T10:28:23.786+0000] {dag.py:4180} INFO - Setting next_dagrun for example_nested_branch_dag to 2025-12-12 00:00:00+00:00, run_after=2025-12-13 00:00:00+00:00
[2025-12-13T10:28:24.063+0000] {processor.py:208} INFO - Processing /home/airflow/.local/lib/python3.12/site-packages/airflow/example_dags/example_nested_branch_dag.py took 0.738 seconds
[2025-12-13T10:28:54.503+0000] {processor.py:186} INFO - Started process (PID=1637) to work on /home/airflow/.local/lib/python3.12/site-packages/airflow/example_dags/example_nested_branch_dag.py
[2025-12-13T10:28:54.507+0000] {processor.py:914} INFO - Processing file /home/airflow/.local/lib/python3.12/site-packages/airflow/example_dags/example_nested_branch_dag.py for tasks to queue
[2025-12-13T10:28:54.518+0000] {logging_mixin.py:190} INFO - [2025-12-13T10:28:54.517+0000] {dagbag.py:588} INFO - Filling up the DagBag from /home/airflow/.local/lib/python3.12/site-packages/airflow/example_dags/example_nested_branch_dag.py
[2025-12-13T10:28:54.546+0000] {processor.py:925} INFO - DAG(s) 'example_nested_branch_dag' retrieved from /home/airflow/.local/lib/python3.12/site-packages/airflow/example_dags/example_nested_branch_dag.py
[2025-12-13T10:28:54.598+0000] {logging_mixin.py:190} INFO - [2025-12-13T10:28:54.598+0000] {dag.py:3239} INFO - Sync 1 DAGs
[2025-12-13T10:28:54.648+0000] {logging_mixin.py:190} INFO - [2025-12-13T10:28:54.648+0000] {dag.py:4180} INFO - Setting next_dagrun for example_nested_branch_dag to 2025-12-12 00:00:00+00:00, run_after=2025-12-13 00:00:00+00:00
[2025-12-13T10:28:54.686+0000] {processor.py:208} INFO - Processing /home/airflow/.local/lib/python3.12/site-packages/airflow/example_dags/example_nested_branch_dag.py took 0.196 seconds
[2025-12-13T10:29:25.377+0000] {processor.py:186} INFO - Started process (PID=1699) to work on /home/airflow/.local/lib/python3.12/site-packages/airflow/example_dags/example_nested_branch_dag.py
[2025-12-13T10:29:25.378+0000] {processor.py:914} INFO - Processing file /home/airflow/.local/lib/python3.12/site-packages/airflow/example_dags/example_nested_branch_dag.py for tasks to queue
[2025-12-13T10:29:25.381+0000] {logging_mixin.py:190} INFO - [2025-12-13T10:29:25.381+0000] {dagbag.py:588} INFO - Filling up the DagBag from /home/airflow/.local/lib/python3.12/site-packages/airflow/example_dags/example_nested_branch_dag.py
[2025-12-13T10:29:25.404+0000] {processor.py:925} INFO - DAG(s) 'example_nested_branch_dag' retrieved from /home/airflow/.local/lib/python3.12/site-packages/airflow/example_dags/example_nested_branch_dag.py
[2025-12-13T10:29:25.441+0000] {logging_mixin.py:190} INFO - [2025-12-13T10:29:25.441+0000] {dag.py:3239} INFO - Sync 1 DAGs
[2025-12-13T10:29:25.491+0000] {logging_mixin.py:190} INFO - [2025-12-13T10:29:25.491+0000] {dag.py:4180} INFO - Setting next_dagrun for example_nested_branch_dag to 2025-12-12 00:00:00+00:00, run_after=2025-12-13 00:00:00+00:00
[2025-12-13T10:29:25.518+0000] {processor.py:208} INFO - Processing /home/airflow/.local/lib/python3.12/site-packages/airflow/example_dags/example_nested_branch_dag.py took 0.153 seconds
[2025-12-13T10:29:55.924+0000] {processor.py:186} INFO - Started process (PID=1762) to work on /home/airflow/.local/lib/python3.12/site-packages/airflow/example_dags/example_nested_branch_dag.py
[2025-12-13T10:29:55.925+0000] {processor.py:914} INFO - Processing file /home/airflow/.local/lib/python3.12/site-packages/airflow/example_dags/example_nested_branch_dag.py for tasks to queue
[2025-12-13T10:29:55.929+0000] {logging_mixin.py:190} INFO - [2025-12-13T10:29:55.928+0000] {dagbag.py:588} INFO - Filling up the DagBag from /home/airflow/.local/lib/python3.12/site-packages/airflow/example_dags/example_nested_branch_dag.py
[2025-12-13T10:29:55.952+0000] {processor.py:925} INFO - DAG(s) 'example_nested_branch_dag' retrieved from /home/airflow/.local/lib/python3.12/site-packages/airflow/example_dags/example_nested_branch_dag.py
[2025-12-13T10:29:55.990+0000] {logging_mixin.py:190} INFO - [2025-12-13T10:29:55.989+0000] {dag.py:3239} INFO - Sync 1 DAGs
[2025-12-13T10:29:56.031+0000] {logging_mixin.py:190} INFO - [2025-12-13T10:29:56.031+0000] {dag.py:4180} INFO - Setting next_dagrun for example_nested_branch_dag to 2025-12-12 00:00:00+00:00, run_after=2025-12-13 00:00:00+00:00
[2025-12-13T10:29:56.060+0000] {processor.py:208} INFO - Processing /home/airflow/.local/lib/python3.12/site-packages/airflow/example_dags/example_nested_branch_dag.py took 0.144 seconds
[2025-12-13T10:30:26.506+0000] {processor.py:186} INFO - Started process (PID=1825) to work on /home/airflow/.local/lib/python3.12/site-packages/airflow/example_dags/example_nested_branch_dag.py
[2025-12-13T10:30:26.507+0000] {processor.py:914} INFO - Processing file /home/airflow/.local/lib/python3.12/site-packages/airflow/example_dags/example_nested_branch_dag.py for tasks to queue
[2025-12-13T10:30:26.512+0000] {logging_mixin.py:190} INFO - [2025-12-13T10:30:26.511+0000] {dagbag.py:588} INFO - Filling up the DagBag from /home/airflow/.local/lib/python3.12/site-packages/airflow/example_dags/example_nested_branch_dag.py
[2025-12-13T10:30:26.537+0000] {processor.py:925} INFO - DAG(s) 'example_nested_branch_dag' retrieved from /home/airflow/.local/lib/python3.12/site-packages/airflow/example_dags/example_nested_branch_dag.py
[2025-12-13T10:30:26.571+0000] {logging_mixin.py:190} INFO - [2025-12-13T10:30:26.571+0000] {dag.py:3239} INFO - Sync 1 DAGs
[2025-12-13T10:30:26.627+0000] {logging_mixin.py:190} INFO - [2025-12-13T10:30:26.626+0000] {dag.py:4180} INFO - Setting next_dagrun for example_nested_branch_dag to 2025-12-12 00:00:00+00:00, run_after=2025-12-13 00:00:00+00:00
[2025-12-13T10:30:26.655+0000] {processor.py:208} INFO - Processing /home/airflow/.local/lib/python3.12/site-packages/airflow/example_dags/example_nested_branch_dag.py took 0.163 seconds
[2025-12-13T10:30:57.646+0000] {processor.py:186} INFO - Started process (PID=1888) to work on /home/airflow/.local/lib/python3.12/site-packages/airflow/example_dags/example_nested_branch_dag.py
[2025-12-13T10:30:57.647+0000] {processor.py:914} INFO - Processing file /home/airflow/.local/lib/python3.12/site-packages/airflow/example_dags/example_nested_branch_dag.py for tasks to queue
[2025-12-13T10:30:57.651+0000] {logging_mixin.py:190} INFO - [2025-12-13T10:30:57.651+0000] {dagbag.py:588} INFO - Filling up the DagBag from /home/airflow/.local/lib/python3.12/site-packages/airflow/example_dags/example_nested_branch_dag.py
[2025-12-13T10:30:57.676+0000] {processor.py:925} INFO - DAG(s) 'example_nested_branch_dag' retrieved from /home/airflow/.local/lib/python3.12/site-packages/airflow/example_dags/example_nested_branch_dag.py
[2025-12-13T10:30:57.758+0000] {logging_mixin.py:190} INFO - [2025-12-13T10:30:57.757+0000] {dag.py:3239} INFO - Sync 1 DAGs
[2025-12-13T10:30:57.820+0000] {logging_mixin.py:190} INFO - [2025-12-13T10:30:57.820+0000] {dag.py:4180} INFO - Setting next_dagrun for example_nested_branch_dag to 2025-12-12 00:00:00+00:00, run_after=2025-12-13 00:00:00+00:00
[2025-12-13T10:30:57.860+0000] {processor.py:208} INFO - Processing /home/airflow/.local/lib/python3.12/site-packages/airflow/example_dags/example_nested_branch_dag.py took 0.226 seconds
[2025-12-13T10:31:28.497+0000] {processor.py:186} INFO - Started process (PID=1950) to work on /home/airflow/.local/lib/python3.12/site-packages/airflow/example_dags/example_nested_branch_dag.py
[2025-12-13T10:31:28.499+0000] {processor.py:914} INFO - Processing file /home/airflow/.local/lib/python3.12/site-packages/airflow/example_dags/example_nested_branch_dag.py for tasks to queue
[2025-12-13T10:31:28.504+0000] {logging_mixin.py:190} INFO - [2025-12-13T10:31:28.503+0000] {dagbag.py:588} INFO - Filling up the DagBag from /home/airflow/.local/lib/python3.12/site-packages/airflow/example_dags/example_nested_branch_dag.py
[2025-12-13T10:31:28.539+0000] {processor.py:925} INFO - DAG(s) 'example_nested_branch_dag' retrieved from /home/airflow/.local/lib/python3.12/site-packages/airflow/example_dags/example_nested_branch_dag.py
[2025-12-13T10:31:28.620+0000] {logging_mixin.py:190} INFO - [2025-12-13T10:31:28.619+0000] {dag.py:3239} INFO - Sync 1 DAGs
[2025-12-13T10:31:28.693+0000] {logging_mixin.py:190} INFO - [2025-12-13T10:31:28.692+0000] {dag.py:4180} INFO - Setting next_dagrun for example_nested_branch_dag to 2025-12-12 00:00:00+00:00, run_after=2025-12-13 00:00:00+00:00
[2025-12-13T10:31:28.726+0000] {processor.py:208} INFO - Processing /home/airflow/.local/lib/python3.12/site-packages/airflow/example_dags/example_nested_branch_dag.py took 0.249 seconds
[2025-12-13T10:32:00.244+0000] {processor.py:186} INFO - Started process (PID=2011) to work on /home/airflow/.local/lib/python3.12/site-packages/airflow/example_dags/example_nested_branch_dag.py
[2025-12-13T10:32:00.246+0000] {processor.py:914} INFO - Processing file /home/airflow/.local/lib/python3.12/site-packages/airflow/example_dags/example_nested_branch_dag.py for tasks to queue
[2025-12-13T10:32:00.251+0000] {logging_mixin.py:190} INFO - [2025-12-13T10:32:00.250+0000] {dagbag.py:588} INFO - Filling up the DagBag from /home/airflow/.local/lib/python3.12/site-packages/airflow/example_dags/example_nested_branch_dag.py
[2025-12-13T10:32:00.280+0000] {processor.py:925} INFO - DAG(s) 'example_nested_branch_dag' retrieved from /home/airflow/.local/lib/python3.12/site-packages/airflow/example_dags/example_nested_branch_dag.py
[2025-12-13T10:32:00.334+0000] {logging_mixin.py:190} INFO - [2025-12-13T10:32:00.334+0000] {dag.py:3239} INFO - Sync 1 DAGs
[2025-12-13T10:32:00.399+0000] {logging_mixin.py:190} INFO - [2025-12-13T10:32:00.398+0000] {dag.py:4180} INFO - Setting next_dagrun for example_nested_branch_dag to 2025-12-12 00:00:00+00:00, run_after=2025-12-13 00:00:00+00:00
[2025-12-13T10:32:00.449+0000] {processor.py:208} INFO - Processing /home/airflow/.local/lib/python3.12/site-packages/airflow/example_dags/example_nested_branch_dag.py took 0.217 seconds
[2025-12-13T10:32:31.781+0000] {processor.py:186} INFO - Started process (PID=2074) to work on /home/airflow/.local/lib/python3.12/site-packages/airflow/example_dags/example_nested_branch_dag.py
[2025-12-13T10:32:31.782+0000] {processor.py:914} INFO - Processing file /home/airflow/.local/lib/python3.12/site-packages/airflow/example_dags/example_nested_branch_dag.py for tasks to queue
[2025-12-13T10:32:31.787+0000] {logging_mixin.py:190} INFO - [2025-12-13T10:32:31.786+0000] {dagbag.py:588} INFO - Filling up the DagBag from /home/airflow/.local/lib/python3.12/site-packages/airflow/example_dags/example_nested_branch_dag.py
[2025-12-13T10:32:31.815+0000] {processor.py:925} INFO - DAG(s) 'example_nested_branch_dag' retrieved from /home/airflow/.local/lib/python3.12/site-packages/airflow/example_dags/example_nested_branch_dag.py
[2025-12-13T10:32:31.858+0000] {logging_mixin.py:190} INFO - [2025-12-13T10:32:31.858+0000] {dag.py:3239} INFO - Sync 1 DAGs
[2025-12-13T10:32:31.919+0000] {logging_mixin.py:190} INFO - [2025-12-13T10:32:31.918+0000] {dag.py:4180} INFO - Setting next_dagrun for example_nested_branch_dag to 2025-12-12 00:00:00+00:00, run_after=2025-12-13 00:00:00+00:00
[2025-12-13T10:32:31.968+0000] {processor.py:208} INFO - Processing /home/airflow/.local/lib/python3.12/site-packages/airflow/example_dags/example_nested_branch_dag.py took 0.199 seconds
[2025-12-13T10:33:03.654+0000] {processor.py:186} INFO - Started process (PID=2137) to work on /home/airflow/.local/lib/python3.12/site-packages/airflow/example_dags/example_nested_branch_dag.py
[2025-12-13T10:33:03.656+0000] {processor.py:914} INFO - Processing file /home/airflow/.local/lib/python3.12/site-packages/airflow/example_dags/example_nested_branch_dag.py for tasks to queue
[2025-12-13T10:33:03.660+0000] {logging_mixin.py:190} INFO - [2025-12-13T10:33:03.660+0000] {dagbag.py:588} INFO - Filling up the DagBag from /home/airflow/.local/lib/python3.12/site-packages/airflow/example_dags/example_nested_branch_dag.py
[2025-12-13T10:33:03.684+0000] {processor.py:925} INFO - DAG(s) 'example_nested_branch_dag' retrieved from /home/airflow/.local/lib/python3.12/site-packages/airflow/example_dags/example_nested_branch_dag.py
[2025-12-13T10:33:03.745+0000] {logging_mixin.py:190} INFO - [2025-12-13T10:33:03.744+0000] {dag.py:3239} INFO - Sync 1 DAGs
[2025-12-13T10:33:03.815+0000] {logging_mixin.py:190} INFO - [2025-12-13T10:33:03.814+0000] {dag.py:4180} INFO - Setting next_dagrun for example_nested_branch_dag to 2025-12-12 00:00:00+00:00, run_after=2025-12-13 00:00:00+00:00
[2025-12-13T10:33:03.870+0000] {processor.py:208} INFO - Processing /home/airflow/.local/lib/python3.12/site-packages/airflow/example_dags/example_nested_branch_dag.py took 0.228 seconds
[2025-12-13T10:33:34.815+0000] {processor.py:186} INFO - Started process (PID=2199) to work on /home/airflow/.local/lib/python3.12/site-packages/airflow/example_dags/example_nested_branch_dag.py
[2025-12-13T10:33:34.817+0000] {processor.py:914} INFO - Processing file /home/airflow/.local/lib/python3.12/site-packages/airflow/example_dags/example_nested_branch_dag.py for tasks to queue
[2025-12-13T10:33:34.820+0000] {logging_mixin.py:190} INFO - [2025-12-13T10:33:34.820+0000] {dagbag.py:588} INFO - Filling up the DagBag from /home/airflow/.local/lib/python3.12/site-packages/airflow/example_dags/example_nested_branch_dag.py
[2025-12-13T10:33:34.840+0000] {processor.py:925} INFO - DAG(s) 'example_nested_branch_dag' retrieved from /home/airflow/.local/lib/python3.12/site-packages/airflow/example_dags/example_nested_branch_dag.py
[2025-12-13T10:33:34.894+0000] {logging_mixin.py:190} INFO - [2025-12-13T10:33:34.894+0000] {dag.py:3239} INFO - Sync 1 DAGs
[2025-12-13T10:33:34.947+0000] {logging_mixin.py:190} INFO - [2025-12-13T10:33:34.947+0000] {dag.py:4180} INFO - Setting next_dagrun for example_nested_branch_dag to 2025-12-12 00:00:00+00:00, run_after=2025-12-13 00:00:00+00:00
[2025-12-13T10:33:34.990+0000] {processor.py:208} INFO - Processing /home/airflow/.local/lib/python3.12/site-packages/airflow/example_dags/example_nested_branch_dag.py took 0.185 seconds
[2025-12-13T10:34:05.166+0000] {processor.py:186} INFO - Started process (PID=2261) to work on /home/airflow/.local/lib/python3.12/site-packages/airflow/example_dags/example_nested_branch_dag.py
[2025-12-13T10:34:05.171+0000] {processor.py:914} INFO - Processing file /home/airflow/.local/lib/python3.12/site-packages/airflow/example_dags/example_nested_branch_dag.py for tasks to queue
[2025-12-13T10:34:05.182+0000] {logging_mixin.py:190} INFO - [2025-12-13T10:34:05.181+0000] {dagbag.py:588} INFO - Filling up the DagBag from /home/airflow/.local/lib/python3.12/site-packages/airflow/example_dags/example_nested_branch_dag.py
[2025-12-13T10:34:05.238+0000] {processor.py:925} INFO - DAG(s) 'example_nested_branch_dag' retrieved from /home/airflow/.local/lib/python3.12/site-packages/airflow/example_dags/example_nested_branch_dag.py
[2025-12-13T10:34:05.321+0000] {logging_mixin.py:190} INFO - [2025-12-13T10:34:05.321+0000] {dag.py:3239} INFO - Sync 1 DAGs
[2025-12-13T10:34:05.403+0000] {logging_mixin.py:190} INFO - [2025-12-13T10:34:05.402+0000] {dag.py:4180} INFO - Setting next_dagrun for example_nested_branch_dag to 2025-12-12 00:00:00+00:00, run_after=2025-12-13 00:00:00+00:00
[2025-12-13T10:34:05.461+0000] {processor.py:208} INFO - Processing /home/airflow/.local/lib/python3.12/site-packages/airflow/example_dags/example_nested_branch_dag.py took 0.313 seconds
[2025-12-13T10:34:36.440+0000] {processor.py:186} INFO - Started process (PID=2324) to work on /home/airflow/.local/lib/python3.12/site-packages/airflow/example_dags/example_nested_branch_dag.py
[2025-12-13T10:34:36.443+0000] {processor.py:914} INFO - Processing file /home/airflow/.local/lib/python3.12/site-packages/airflow/example_dags/example_nested_branch_dag.py for tasks to queue
[2025-12-13T10:34:36.448+0000] {logging_mixin.py:190} INFO - [2025-12-13T10:34:36.447+0000] {dagbag.py:588} INFO - Filling up the DagBag from /home/airflow/.local/lib/python3.12/site-packages/airflow/example_dags/example_nested_branch_dag.py
[2025-12-13T10:34:36.474+0000] {processor.py:925} INFO - DAG(s) 'example_nested_branch_dag' retrieved from /home/airflow/.local/lib/python3.12/site-packages/airflow/example_dags/example_nested_branch_dag.py
[2025-12-13T10:34:36.529+0000] {logging_mixin.py:190} INFO - [2025-12-13T10:34:36.526+0000] {dag.py:3239} INFO - Sync 1 DAGs
[2025-12-13T10:34:36.601+0000] {logging_mixin.py:190} INFO - [2025-12-13T10:34:36.601+0000] {dag.py:4180} INFO - Setting next_dagrun for example_nested_branch_dag to 2025-12-12 00:00:00+00:00, run_after=2025-12-13 00:00:00+00:00
[2025-12-13T10:34:36.638+0000] {processor.py:208} INFO - Processing /home/airflow/.local/lib/python3.12/site-packages/airflow/example_dags/example_nested_branch_dag.py took 0.235 seconds
[2025-12-13T10:35:07.057+0000] {processor.py:186} INFO - Started process (PID=2387) to work on /home/airflow/.local/lib/python3.12/site-packages/airflow/example_dags/example_nested_branch_dag.py
[2025-12-13T10:35:07.058+0000] {processor.py:914} INFO - Processing file /home/airflow/.local/lib/python3.12/site-packages/airflow/example_dags/example_nested_branch_dag.py for tasks to queue
[2025-12-13T10:35:07.062+0000] {logging_mixin.py:190} INFO - [2025-12-13T10:35:07.061+0000] {dagbag.py:588} INFO - Filling up the DagBag from /home/airflow/.local/lib/python3.12/site-packages/airflow/example_dags/example_nested_branch_dag.py
[2025-12-13T10:35:07.085+0000] {processor.py:925} INFO - DAG(s) 'example_nested_branch_dag' retrieved from /home/airflow/.local/lib/python3.12/site-packages/airflow/example_dags/example_nested_branch_dag.py
[2025-12-13T10:35:07.123+0000] {logging_mixin.py:190} INFO - [2025-12-13T10:35:07.123+0000] {dag.py:3239} INFO - Sync 1 DAGs
[2025-12-13T10:35:07.167+0000] {logging_mixin.py:190} INFO - [2025-12-13T10:35:07.167+0000] {dag.py:4180} INFO - Setting next_dagrun for example_nested_branch_dag to 2025-12-12 00:00:00+00:00, run_after=2025-12-13 00:00:00+00:00
[2025-12-13T10:35:07.194+0000] {processor.py:208} INFO - Processing /home/airflow/.local/lib/python3.12/site-packages/airflow/example_dags/example_nested_branch_dag.py took 0.148 seconds
[2025-12-13T10:35:37.272+0000] {processor.py:186} INFO - Started process (PID=2450) to work on /home/airflow/.local/lib/python3.12/site-packages/airflow/example_dags/example_nested_branch_dag.py
[2025-12-13T10:35:37.273+0000] {processor.py:914} INFO - Processing file /home/airflow/.local/lib/python3.12/site-packages/airflow/example_dags/example_nested_branch_dag.py for tasks to queue
[2025-12-13T10:35:37.277+0000] {logging_mixin.py:190} INFO - [2025-12-13T10:35:37.277+0000] {dagbag.py:588} INFO - Filling up the DagBag from /home/airflow/.local/lib/python3.12/site-packages/airflow/example_dags/example_nested_branch_dag.py
[2025-12-13T10:35:37.299+0000] {processor.py:925} INFO - DAG(s) 'example_nested_branch_dag' retrieved from /home/airflow/.local/lib/python3.12/site-packages/airflow/example_dags/example_nested_branch_dag.py
[2025-12-13T10:35:37.345+0000] {logging_mixin.py:190} INFO - [2025-12-13T10:35:37.345+0000] {dag.py:3239} INFO - Sync 1 DAGs
[2025-12-13T10:35:37.386+0000] {logging_mixin.py:190} INFO - [2025-12-13T10:35:37.386+0000] {dag.py:4180} INFO - Setting next_dagrun for example_nested_branch_dag to 2025-12-12 00:00:00+00:00, run_after=2025-12-13 00:00:00+00:00
[2025-12-13T10:35:37.421+0000] {processor.py:208} INFO - Processing /home/airflow/.local/lib/python3.12/site-packages/airflow/example_dags/example_nested_branch_dag.py took 0.163 seconds
[2025-12-13T10:36:08.368+0000] {processor.py:186} INFO - Started process (PID=2513) to work on /home/airflow/.local/lib/python3.12/site-packages/airflow/example_dags/example_nested_branch_dag.py
[2025-12-13T10:36:08.379+0000] {processor.py:914} INFO - Processing file /home/airflow/.local/lib/python3.12/site-packages/airflow/example_dags/example_nested_branch_dag.py for tasks to queue
[2025-12-13T10:36:08.401+0000] {logging_mixin.py:190} INFO - [2025-12-13T10:36:08.400+0000] {dagbag.py:588} INFO - Filling up the DagBag from /home/airflow/.local/lib/python3.12/site-packages/airflow/example_dags/example_nested_branch_dag.py
[2025-12-13T10:36:08.486+0000] {processor.py:925} INFO - DAG(s) 'example_nested_branch_dag' retrieved from /home/airflow/.local/lib/python3.12/site-packages/airflow/example_dags/example_nested_branch_dag.py
[2025-12-13T10:36:08.569+0000] {logging_mixin.py:190} INFO - [2025-12-13T10:36:08.568+0000] {dag.py:3239} INFO - Sync 1 DAGs
[2025-12-13T10:36:08.652+0000] {logging_mixin.py:190} INFO - [2025-12-13T10:36:08.652+0000] {dag.py:4180} INFO - Setting next_dagrun for example_nested_branch_dag to 2025-12-12 00:00:00+00:00, run_after=2025-12-13 00:00:00+00:00
[2025-12-13T10:36:08.705+0000] {processor.py:208} INFO - Processing /home/airflow/.local/lib/python3.12/site-packages/airflow/example_dags/example_nested_branch_dag.py took 0.379 seconds
[2025-12-13T10:36:38.846+0000] {processor.py:186} INFO - Started process (PID=2575) to work on /home/airflow/.local/lib/python3.12/site-packages/airflow/example_dags/example_nested_branch_dag.py
[2025-12-13T10:36:38.847+0000] {processor.py:914} INFO - Processing file /home/airflow/.local/lib/python3.12/site-packages/airflow/example_dags/example_nested_branch_dag.py for tasks to queue
[2025-12-13T10:36:38.851+0000] {logging_mixin.py:190} INFO - [2025-12-13T10:36:38.851+0000] {dagbag.py:588} INFO - Filling up the DagBag from /home/airflow/.local/lib/python3.12/site-packages/airflow/example_dags/example_nested_branch_dag.py
[2025-12-13T10:36:38.878+0000] {processor.py:925} INFO - DAG(s) 'example_nested_branch_dag' retrieved from /home/airflow/.local/lib/python3.12/site-packages/airflow/example_dags/example_nested_branch_dag.py
[2025-12-13T10:36:38.922+0000] {logging_mixin.py:190} INFO - [2025-12-13T10:36:38.922+0000] {dag.py:3239} INFO - Sync 1 DAGs
[2025-12-13T10:36:38.978+0000] {logging_mixin.py:190} INFO - [2025-12-13T10:36:38.977+0000] {dag.py:4180} INFO - Setting next_dagrun for example_nested_branch_dag to 2025-12-12 00:00:00+00:00, run_after=2025-12-13 00:00:00+00:00
[2025-12-13T10:36:39.015+0000] {processor.py:208} INFO - Processing /home/airflow/.local/lib/python3.12/site-packages/airflow/example_dags/example_nested_branch_dag.py took 0.182 seconds
[2025-12-13T10:37:09.172+0000] {processor.py:186} INFO - Started process (PID=2638) to work on /home/airflow/.local/lib/python3.12/site-packages/airflow/example_dags/example_nested_branch_dag.py
[2025-12-13T10:37:09.174+0000] {processor.py:914} INFO - Processing file /home/airflow/.local/lib/python3.12/site-packages/airflow/example_dags/example_nested_branch_dag.py for tasks to queue
[2025-12-13T10:37:09.179+0000] {logging_mixin.py:190} INFO - [2025-12-13T10:37:09.178+0000] {dagbag.py:588} INFO - Filling up the DagBag from /home/airflow/.local/lib/python3.12/site-packages/airflow/example_dags/example_nested_branch_dag.py
[2025-12-13T10:37:09.211+0000] {processor.py:925} INFO - DAG(s) 'example_nested_branch_dag' retrieved from /home/airflow/.local/lib/python3.12/site-packages/airflow/example_dags/example_nested_branch_dag.py
[2025-12-13T10:37:09.257+0000] {logging_mixin.py:190} INFO - [2025-12-13T10:37:09.257+0000] {dag.py:3239} INFO - Sync 1 DAGs
[2025-12-13T10:37:09.317+0000] {logging_mixin.py:190} INFO - [2025-12-13T10:37:09.317+0000] {dag.py:4180} INFO - Setting next_dagrun for example_nested_branch_dag to 2025-12-12 00:00:00+00:00, run_after=2025-12-13 00:00:00+00:00
[2025-12-13T10:37:09.349+0000] {processor.py:208} INFO - Processing /home/airflow/.local/lib/python3.12/site-packages/airflow/example_dags/example_nested_branch_dag.py took 0.191 seconds
[2025-12-13T10:37:39.967+0000] {processor.py:186} INFO - Started process (PID=2701) to work on /home/airflow/.local/lib/python3.12/site-packages/airflow/example_dags/example_nested_branch_dag.py
[2025-12-13T10:37:39.968+0000] {processor.py:914} INFO - Processing file /home/airflow/.local/lib/python3.12/site-packages/airflow/example_dags/example_nested_branch_dag.py for tasks to queue
[2025-12-13T10:37:39.973+0000] {logging_mixin.py:190} INFO - [2025-12-13T10:37:39.972+0000] {dagbag.py:588} INFO - Filling up the DagBag from /home/airflow/.local/lib/python3.12/site-packages/airflow/example_dags/example_nested_branch_dag.py
[2025-12-13T10:37:40.000+0000] {processor.py:925} INFO - DAG(s) 'example_nested_branch_dag' retrieved from /home/airflow/.local/lib/python3.12/site-packages/airflow/example_dags/example_nested_branch_dag.py
[2025-12-13T10:37:40.065+0000] {logging_mixin.py:190} INFO - [2025-12-13T10:37:40.065+0000] {dag.py:3239} INFO - Sync 1 DAGs
[2025-12-13T10:37:40.142+0000] {logging_mixin.py:190} INFO - [2025-12-13T10:37:40.141+0000] {dag.py:4180} INFO - Setting next_dagrun for example_nested_branch_dag to 2025-12-12 00:00:00+00:00, run_after=2025-12-13 00:00:00+00:00
[2025-12-13T10:37:40.184+0000] {processor.py:208} INFO - Processing /home/airflow/.local/lib/python3.12/site-packages/airflow/example_dags/example_nested_branch_dag.py took 0.241 seconds
[2025-12-13T10:38:10.717+0000] {processor.py:186} INFO - Started process (PID=2764) to work on /home/airflow/.local/lib/python3.12/site-packages/airflow/example_dags/example_nested_branch_dag.py
[2025-12-13T10:38:10.722+0000] {processor.py:914} INFO - Processing file /home/airflow/.local/lib/python3.12/site-packages/airflow/example_dags/example_nested_branch_dag.py for tasks to queue
[2025-12-13T10:38:10.726+0000] {logging_mixin.py:190} INFO - [2025-12-13T10:38:10.725+0000] {dagbag.py:588} INFO - Filling up the DagBag from /home/airflow/.local/lib/python3.12/site-packages/airflow/example_dags/example_nested_branch_dag.py
[2025-12-13T10:38:10.779+0000] {processor.py:925} INFO - DAG(s) 'example_nested_branch_dag' retrieved from /home/airflow/.local/lib/python3.12/site-packages/airflow/example_dags/example_nested_branch_dag.py
[2025-12-13T10:38:10.825+0000] {logging_mixin.py:190} INFO - [2025-12-13T10:38:10.825+0000] {dag.py:3239} INFO - Sync 1 DAGs
[2025-12-13T10:38:10.879+0000] {logging_mixin.py:190} INFO - [2025-12-13T10:38:10.878+0000] {dag.py:4180} INFO - Setting next_dagrun for example_nested_branch_dag to 2025-12-12 00:00:00+00:00, run_after=2025-12-13 00:00:00+00:00
[2025-12-13T10:38:10.931+0000] {processor.py:208} INFO - Processing /home/airflow/.local/lib/python3.12/site-packages/airflow/example_dags/example_nested_branch_dag.py took 0.227 seconds
[2025-12-13T10:38:41.097+0000] {processor.py:186} INFO - Started process (PID=2827) to work on /home/airflow/.local/lib/python3.12/site-packages/airflow/example_dags/example_nested_branch_dag.py
[2025-12-13T10:38:41.103+0000] {processor.py:914} INFO - Processing file /home/airflow/.local/lib/python3.12/site-packages/airflow/example_dags/example_nested_branch_dag.py for tasks to queue
[2025-12-13T10:38:41.115+0000] {logging_mixin.py:190} INFO - [2025-12-13T10:38:41.114+0000] {dagbag.py:588} INFO - Filling up the DagBag from /home/airflow/.local/lib/python3.12/site-packages/airflow/example_dags/example_nested_branch_dag.py
[2025-12-13T10:38:41.189+0000] {processor.py:925} INFO - DAG(s) 'example_nested_branch_dag' retrieved from /home/airflow/.local/lib/python3.12/site-packages/airflow/example_dags/example_nested_branch_dag.py
[2025-12-13T10:38:41.274+0000] {logging_mixin.py:190} INFO - [2025-12-13T10:38:41.273+0000] {dag.py:3239} INFO - Sync 1 DAGs
[2025-12-13T10:38:41.702+0000] {logging_mixin.py:190} INFO - [2025-12-13T10:38:41.701+0000] {dag.py:4180} INFO - Setting next_dagrun for example_nested_branch_dag to 2025-12-12 00:00:00+00:00, run_after=2025-12-13 00:00:00+00:00
[2025-12-13T10:38:41.737+0000] {processor.py:208} INFO - Processing /home/airflow/.local/lib/python3.12/site-packages/airflow/example_dags/example_nested_branch_dag.py took 0.661 seconds
[2025-12-13T10:39:12.616+0000] {processor.py:186} INFO - Started process (PID=2890) to work on /home/airflow/.local/lib/python3.12/site-packages/airflow/example_dags/example_nested_branch_dag.py
[2025-12-13T10:39:12.617+0000] {processor.py:914} INFO - Processing file /home/airflow/.local/lib/python3.12/site-packages/airflow/example_dags/example_nested_branch_dag.py for tasks to queue
[2025-12-13T10:39:12.621+0000] {logging_mixin.py:190} INFO - [2025-12-13T10:39:12.620+0000] {dagbag.py:588} INFO - Filling up the DagBag from /home/airflow/.local/lib/python3.12/site-packages/airflow/example_dags/example_nested_branch_dag.py
[2025-12-13T10:39:12.642+0000] {processor.py:925} INFO - DAG(s) 'example_nested_branch_dag' retrieved from /home/airflow/.local/lib/python3.12/site-packages/airflow/example_dags/example_nested_branch_dag.py
[2025-12-13T10:39:12.680+0000] {logging_mixin.py:190} INFO - [2025-12-13T10:39:12.679+0000] {dag.py:3239} INFO - Sync 1 DAGs
[2025-12-13T10:39:12.727+0000] {logging_mixin.py:190} INFO - [2025-12-13T10:39:12.726+0000] {dag.py:4180} INFO - Setting next_dagrun for example_nested_branch_dag to 2025-12-12 00:00:00+00:00, run_after=2025-12-13 00:00:00+00:00
[2025-12-13T10:39:12.760+0000] {processor.py:208} INFO - Processing /home/airflow/.local/lib/python3.12/site-packages/airflow/example_dags/example_nested_branch_dag.py took 0.158 seconds
[2025-12-13T10:39:42.868+0000] {processor.py:186} INFO - Started process (PID=2954) to work on /home/airflow/.local/lib/python3.12/site-packages/airflow/example_dags/example_nested_branch_dag.py
[2025-12-13T10:39:42.870+0000] {processor.py:914} INFO - Processing file /home/airflow/.local/lib/python3.12/site-packages/airflow/example_dags/example_nested_branch_dag.py for tasks to queue
[2025-12-13T10:39:42.875+0000] {logging_mixin.py:190} INFO - [2025-12-13T10:39:42.874+0000] {dagbag.py:588} INFO - Filling up the DagBag from /home/airflow/.local/lib/python3.12/site-packages/airflow/example_dags/example_nested_branch_dag.py
[2025-12-13T10:39:42.906+0000] {processor.py:925} INFO - DAG(s) 'example_nested_branch_dag' retrieved from /home/airflow/.local/lib/python3.12/site-packages/airflow/example_dags/example_nested_branch_dag.py
[2025-12-13T10:39:42.964+0000] {logging_mixin.py:190} INFO - [2025-12-13T10:39:42.963+0000] {dag.py:3239} INFO - Sync 1 DAGs
[2025-12-13T10:39:43.027+0000] {logging_mixin.py:190} INFO - [2025-12-13T10:39:43.026+0000] {dag.py:4180} INFO - Setting next_dagrun for example_nested_branch_dag to 2025-12-12 00:00:00+00:00, run_after=2025-12-13 00:00:00+00:00
[2025-12-13T10:39:43.068+0000] {processor.py:208} INFO - Processing /home/airflow/.local/lib/python3.12/site-packages/airflow/example_dags/example_nested_branch_dag.py took 0.219 seconds
[2025-12-13T10:40:13.192+0000] {processor.py:186} INFO - Started process (PID=3017) to work on /home/airflow/.local/lib/python3.12/site-packages/airflow/example_dags/example_nested_branch_dag.py
[2025-12-13T10:40:13.194+0000] {processor.py:914} INFO - Processing file /home/airflow/.local/lib/python3.12/site-packages/airflow/example_dags/example_nested_branch_dag.py for tasks to queue
[2025-12-13T10:40:13.198+0000] {logging_mixin.py:190} INFO - [2025-12-13T10:40:13.197+0000] {dagbag.py:588} INFO - Filling up the DagBag from /home/airflow/.local/lib/python3.12/site-packages/airflow/example_dags/example_nested_branch_dag.py
[2025-12-13T10:40:13.224+0000] {processor.py:925} INFO - DAG(s) 'example_nested_branch_dag' retrieved from /home/airflow/.local/lib/python3.12/site-packages/airflow/example_dags/example_nested_branch_dag.py
[2025-12-13T10:40:13.267+0000] {logging_mixin.py:190} INFO - [2025-12-13T10:40:13.266+0000] {dag.py:3239} INFO - Sync 1 DAGs
[2025-12-13T10:40:13.321+0000] {logging_mixin.py:190} INFO - [2025-12-13T10:40:13.321+0000] {dag.py:4180} INFO - Setting next_dagrun for example_nested_branch_dag to 2025-12-12 00:00:00+00:00, run_after=2025-12-13 00:00:00+00:00
[2025-12-13T10:40:13.372+0000] {processor.py:208} INFO - Processing /home/airflow/.local/lib/python3.12/site-packages/airflow/example_dags/example_nested_branch_dag.py took 0.193 seconds
[2025-12-13T10:40:43.717+0000] {processor.py:186} INFO - Started process (PID=3080) to work on /home/airflow/.local/lib/python3.12/site-packages/airflow/example_dags/example_nested_branch_dag.py
[2025-12-13T10:40:43.719+0000] {processor.py:914} INFO - Processing file /home/airflow/.local/lib/python3.12/site-packages/airflow/example_dags/example_nested_branch_dag.py for tasks to queue
[2025-12-13T10:40:43.723+0000] {logging_mixin.py:190} INFO - [2025-12-13T10:40:43.723+0000] {dagbag.py:588} INFO - Filling up the DagBag from /home/airflow/.local/lib/python3.12/site-packages/airflow/example_dags/example_nested_branch_dag.py
[2025-12-13T10:40:44.020+0000] {processor.py:925} INFO - DAG(s) 'example_nested_branch_dag' retrieved from /home/airflow/.local/lib/python3.12/site-packages/airflow/example_dags/example_nested_branch_dag.py
[2025-12-13T10:40:44.053+0000] {logging_mixin.py:190} INFO - [2025-12-13T10:40:44.053+0000] {dag.py:3239} INFO - Sync 1 DAGs
[2025-12-13T10:40:44.100+0000] {logging_mixin.py:190} INFO - [2025-12-13T10:40:44.099+0000] {dag.py:4180} INFO - Setting next_dagrun for example_nested_branch_dag to 2025-12-12 00:00:00+00:00, run_after=2025-12-13 00:00:00+00:00
[2025-12-13T10:40:44.130+0000] {processor.py:208} INFO - Processing /home/airflow/.local/lib/python3.12/site-packages/airflow/example_dags/example_nested_branch_dag.py took 0.425 seconds
[2025-12-13T10:41:14.297+0000] {processor.py:186} INFO - Started process (PID=3143) to work on /home/airflow/.local/lib/python3.12/site-packages/airflow/example_dags/example_nested_branch_dag.py
[2025-12-13T10:41:14.298+0000] {processor.py:914} INFO - Processing file /home/airflow/.local/lib/python3.12/site-packages/airflow/example_dags/example_nested_branch_dag.py for tasks to queue
[2025-12-13T10:41:14.302+0000] {logging_mixin.py:190} INFO - [2025-12-13T10:41:14.301+0000] {dagbag.py:588} INFO - Filling up the DagBag from /home/airflow/.local/lib/python3.12/site-packages/airflow/example_dags/example_nested_branch_dag.py
[2025-12-13T10:41:14.325+0000] {processor.py:925} INFO - DAG(s) 'example_nested_branch_dag' retrieved from /home/airflow/.local/lib/python3.12/site-packages/airflow/example_dags/example_nested_branch_dag.py
[2025-12-13T10:41:14.364+0000] {logging_mixin.py:190} INFO - [2025-12-13T10:41:14.364+0000] {dag.py:3239} INFO - Sync 1 DAGs
[2025-12-13T10:41:14.415+0000] {logging_mixin.py:190} INFO - [2025-12-13T10:41:14.415+0000] {dag.py:4180} INFO - Setting next_dagrun for example_nested_branch_dag to 2025-12-12 00:00:00+00:00, run_after=2025-12-13 00:00:00+00:00
[2025-12-13T10:41:14.453+0000] {processor.py:208} INFO - Processing /home/airflow/.local/lib/python3.12/site-packages/airflow/example_dags/example_nested_branch_dag.py took 0.166 seconds
[2025-12-13T10:41:45.025+0000] {processor.py:186} INFO - Started process (PID=3206) to work on /home/airflow/.local/lib/python3.12/site-packages/airflow/example_dags/example_nested_branch_dag.py
[2025-12-13T10:41:45.027+0000] {processor.py:914} INFO - Processing file /home/airflow/.local/lib/python3.12/site-packages/airflow/example_dags/example_nested_branch_dag.py for tasks to queue
[2025-12-13T10:41:45.032+0000] {logging_mixin.py:190} INFO - [2025-12-13T10:41:45.031+0000] {dagbag.py:588} INFO - Filling up the DagBag from /home/airflow/.local/lib/python3.12/site-packages/airflow/example_dags/example_nested_branch_dag.py
[2025-12-13T10:41:45.059+0000] {processor.py:925} INFO - DAG(s) 'example_nested_branch_dag' retrieved from /home/airflow/.local/lib/python3.12/site-packages/airflow/example_dags/example_nested_branch_dag.py
[2025-12-13T10:41:45.115+0000] {logging_mixin.py:190} INFO - [2025-12-13T10:41:45.115+0000] {dag.py:3239} INFO - Sync 1 DAGs
[2025-12-13T10:41:45.169+0000] {logging_mixin.py:190} INFO - [2025-12-13T10:41:45.169+0000] {dag.py:4180} INFO - Setting next_dagrun for example_nested_branch_dag to 2025-12-12 00:00:00+00:00, run_after=2025-12-13 00:00:00+00:00
[2025-12-13T10:41:45.208+0000] {processor.py:208} INFO - Processing /home/airflow/.local/lib/python3.12/site-packages/airflow/example_dags/example_nested_branch_dag.py took 0.198 seconds
[2025-12-13T10:42:15.830+0000] {processor.py:186} INFO - Started process (PID=3269) to work on /home/airflow/.local/lib/python3.12/site-packages/airflow/example_dags/example_nested_branch_dag.py
[2025-12-13T10:42:15.834+0000] {processor.py:914} INFO - Processing file /home/airflow/.local/lib/python3.12/site-packages/airflow/example_dags/example_nested_branch_dag.py for tasks to queue
[2025-12-13T10:42:15.841+0000] {logging_mixin.py:190} INFO - [2025-12-13T10:42:15.839+0000] {dagbag.py:588} INFO - Filling up the DagBag from /home/airflow/.local/lib/python3.12/site-packages/airflow/example_dags/example_nested_branch_dag.py
[2025-12-13T10:42:15.873+0000] {processor.py:925} INFO - DAG(s) 'example_nested_branch_dag' retrieved from /home/airflow/.local/lib/python3.12/site-packages/airflow/example_dags/example_nested_branch_dag.py
[2025-12-13T10:42:15.921+0000] {logging_mixin.py:190} INFO - [2025-12-13T10:42:15.920+0000] {dag.py:3239} INFO - Sync 1 DAGs
[2025-12-13T10:42:15.975+0000] {logging_mixin.py:190} INFO - [2025-12-13T10:42:15.975+0000] {dag.py:4180} INFO - Setting next_dagrun for example_nested_branch_dag to 2025-12-12 00:00:00+00:00, run_after=2025-12-13 00:00:00+00:00
[2025-12-13T10:42:16.026+0000] {processor.py:208} INFO - Processing /home/airflow/.local/lib/python3.12/site-packages/airflow/example_dags/example_nested_branch_dag.py took 0.208 seconds
[2025-12-13T10:42:46.117+0000] {processor.py:186} INFO - Started process (PID=3331) to work on /home/airflow/.local/lib/python3.12/site-packages/airflow/example_dags/example_nested_branch_dag.py
[2025-12-13T10:42:46.118+0000] {processor.py:914} INFO - Processing file /home/airflow/.local/lib/python3.12/site-packages/airflow/example_dags/example_nested_branch_dag.py for tasks to queue
[2025-12-13T10:42:46.123+0000] {logging_mixin.py:190} INFO - [2025-12-13T10:42:46.122+0000] {dagbag.py:588} INFO - Filling up the DagBag from /home/airflow/.local/lib/python3.12/site-packages/airflow/example_dags/example_nested_branch_dag.py
[2025-12-13T10:42:46.146+0000] {processor.py:925} INFO - DAG(s) 'example_nested_branch_dag' retrieved from /home/airflow/.local/lib/python3.12/site-packages/airflow/example_dags/example_nested_branch_dag.py
[2025-12-13T10:42:46.195+0000] {logging_mixin.py:190} INFO - [2025-12-13T10:42:46.194+0000] {dag.py:3239} INFO - Sync 1 DAGs
[2025-12-13T10:42:46.244+0000] {logging_mixin.py:190} INFO - [2025-12-13T10:42:46.244+0000] {dag.py:4180} INFO - Setting next_dagrun for example_nested_branch_dag to 2025-12-12 00:00:00+00:00, run_after=2025-12-13 00:00:00+00:00
[2025-12-13T10:42:46.273+0000] {processor.py:208} INFO - Processing /home/airflow/.local/lib/python3.12/site-packages/airflow/example_dags/example_nested_branch_dag.py took 0.168 seconds
[2025-12-13T10:43:16.519+0000] {processor.py:186} INFO - Started process (PID=3394) to work on /home/airflow/.local/lib/python3.12/site-packages/airflow/example_dags/example_nested_branch_dag.py
[2025-12-13T10:43:16.522+0000] {processor.py:914} INFO - Processing file /home/airflow/.local/lib/python3.12/site-packages/airflow/example_dags/example_nested_branch_dag.py for tasks to queue
[2025-12-13T10:43:16.530+0000] {logging_mixin.py:190} INFO - [2025-12-13T10:43:16.530+0000] {dagbag.py:588} INFO - Filling up the DagBag from /home/airflow/.local/lib/python3.12/site-packages/airflow/example_dags/example_nested_branch_dag.py
[2025-12-13T10:43:16.578+0000] {processor.py:925} INFO - DAG(s) 'example_nested_branch_dag' retrieved from /home/airflow/.local/lib/python3.12/site-packages/airflow/example_dags/example_nested_branch_dag.py
[2025-12-13T10:43:16.691+0000] {logging_mixin.py:190} INFO - [2025-12-13T10:43:16.689+0000] {dag.py:3239} INFO - Sync 1 DAGs
[2025-12-13T10:43:16.835+0000] {logging_mixin.py:190} INFO - [2025-12-13T10:43:16.834+0000] {dag.py:4180} INFO - Setting next_dagrun for example_nested_branch_dag to 2025-12-12 00:00:00+00:00, run_after=2025-12-13 00:00:00+00:00
[2025-12-13T10:43:16.895+0000] {processor.py:208} INFO - Processing /home/airflow/.local/lib/python3.12/site-packages/airflow/example_dags/example_nested_branch_dag.py took 0.410 seconds
[2025-12-13T10:43:47.130+0000] {processor.py:186} INFO - Started process (PID=3456) to work on /home/airflow/.local/lib/python3.12/site-packages/airflow/example_dags/example_nested_branch_dag.py
[2025-12-13T10:43:47.131+0000] {processor.py:914} INFO - Processing file /home/airflow/.local/lib/python3.12/site-packages/airflow/example_dags/example_nested_branch_dag.py for tasks to queue
[2025-12-13T10:43:47.135+0000] {logging_mixin.py:190} INFO - [2025-12-13T10:43:47.135+0000] {dagbag.py:588} INFO - Filling up the DagBag from /home/airflow/.local/lib/python3.12/site-packages/airflow/example_dags/example_nested_branch_dag.py
[2025-12-13T10:43:47.159+0000] {processor.py:925} INFO - DAG(s) 'example_nested_branch_dag' retrieved from /home/airflow/.local/lib/python3.12/site-packages/airflow/example_dags/example_nested_branch_dag.py
[2025-12-13T10:43:47.201+0000] {logging_mixin.py:190} INFO - [2025-12-13T10:43:47.201+0000] {dag.py:3239} INFO - Sync 1 DAGs
[2025-12-13T10:43:47.253+0000] {logging_mixin.py:190} INFO - [2025-12-13T10:43:47.253+0000] {dag.py:4180} INFO - Setting next_dagrun for example_nested_branch_dag to 2025-12-12 00:00:00+00:00, run_after=2025-12-13 00:00:00+00:00
[2025-12-13T10:43:47.285+0000] {processor.py:208} INFO - Processing /home/airflow/.local/lib/python3.12/site-packages/airflow/example_dags/example_nested_branch_dag.py took 0.168 seconds
[2025-12-13T10:44:17.467+0000] {processor.py:186} INFO - Started process (PID=3517) to work on /home/airflow/.local/lib/python3.12/site-packages/airflow/example_dags/example_nested_branch_dag.py
[2025-12-13T10:44:17.471+0000] {processor.py:914} INFO - Processing file /home/airflow/.local/lib/python3.12/site-packages/airflow/example_dags/example_nested_branch_dag.py for tasks to queue
[2025-12-13T10:44:17.482+0000] {logging_mixin.py:190} INFO - [2025-12-13T10:44:17.479+0000] {dagbag.py:588} INFO - Filling up the DagBag from /home/airflow/.local/lib/python3.12/site-packages/airflow/example_dags/example_nested_branch_dag.py
[2025-12-13T10:44:17.574+0000] {processor.py:925} INFO - DAG(s) 'example_nested_branch_dag' retrieved from /home/airflow/.local/lib/python3.12/site-packages/airflow/example_dags/example_nested_branch_dag.py
[2025-12-13T10:44:17.679+0000] {logging_mixin.py:190} INFO - [2025-12-13T10:44:17.678+0000] {dag.py:3239} INFO - Sync 1 DAGs
[2025-12-13T10:44:17.820+0000] {logging_mixin.py:190} INFO - [2025-12-13T10:44:17.818+0000] {dag.py:4180} INFO - Setting next_dagrun for example_nested_branch_dag to 2025-12-12 00:00:00+00:00, run_after=2025-12-13 00:00:00+00:00
[2025-12-13T10:44:17.899+0000] {processor.py:208} INFO - Processing /home/airflow/.local/lib/python3.12/site-packages/airflow/example_dags/example_nested_branch_dag.py took 0.460 seconds
[2025-12-13T10:44:49.268+0000] {processor.py:186} INFO - Started process (PID=3579) to work on /home/airflow/.local/lib/python3.12/site-packages/airflow/example_dags/example_nested_branch_dag.py
[2025-12-13T10:44:49.270+0000] {processor.py:914} INFO - Processing file /home/airflow/.local/lib/python3.12/site-packages/airflow/example_dags/example_nested_branch_dag.py for tasks to queue
[2025-12-13T10:44:49.275+0000] {logging_mixin.py:190} INFO - [2025-12-13T10:44:49.275+0000] {dagbag.py:588} INFO - Filling up the DagBag from /home/airflow/.local/lib/python3.12/site-packages/airflow/example_dags/example_nested_branch_dag.py
[2025-12-13T10:44:49.306+0000] {processor.py:925} INFO - DAG(s) 'example_nested_branch_dag' retrieved from /home/airflow/.local/lib/python3.12/site-packages/airflow/example_dags/example_nested_branch_dag.py
[2025-12-13T10:44:49.359+0000] {logging_mixin.py:190} INFO - [2025-12-13T10:44:49.358+0000] {dag.py:3239} INFO - Sync 1 DAGs
[2025-12-13T10:44:49.421+0000] {logging_mixin.py:190} INFO - [2025-12-13T10:44:49.420+0000] {dag.py:4180} INFO - Setting next_dagrun for example_nested_branch_dag to 2025-12-12 00:00:00+00:00, run_after=2025-12-13 00:00:00+00:00
[2025-12-13T10:44:49.466+0000] {processor.py:208} INFO - Processing /home/airflow/.local/lib/python3.12/site-packages/airflow/example_dags/example_nested_branch_dag.py took 0.219 seconds
[2025-12-13T10:45:19.967+0000] {processor.py:186} INFO - Started process (PID=3642) to work on /home/airflow/.local/lib/python3.12/site-packages/airflow/example_dags/example_nested_branch_dag.py
[2025-12-13T10:45:19.968+0000] {processor.py:914} INFO - Processing file /home/airflow/.local/lib/python3.12/site-packages/airflow/example_dags/example_nested_branch_dag.py for tasks to queue
[2025-12-13T10:45:19.972+0000] {logging_mixin.py:190} INFO - [2025-12-13T10:45:19.971+0000] {dagbag.py:588} INFO - Filling up the DagBag from /home/airflow/.local/lib/python3.12/site-packages/airflow/example_dags/example_nested_branch_dag.py
[2025-12-13T10:45:19.995+0000] {processor.py:925} INFO - DAG(s) 'example_nested_branch_dag' retrieved from /home/airflow/.local/lib/python3.12/site-packages/airflow/example_dags/example_nested_branch_dag.py
[2025-12-13T10:45:20.041+0000] {logging_mixin.py:190} INFO - [2025-12-13T10:45:20.040+0000] {dag.py:3239} INFO - Sync 1 DAGs
[2025-12-13T10:45:20.096+0000] {logging_mixin.py:190} INFO - [2025-12-13T10:45:20.096+0000] {dag.py:4180} INFO - Setting next_dagrun for example_nested_branch_dag to 2025-12-12 00:00:00+00:00, run_after=2025-12-13 00:00:00+00:00
[2025-12-13T10:45:20.134+0000] {processor.py:208} INFO - Processing /home/airflow/.local/lib/python3.12/site-packages/airflow/example_dags/example_nested_branch_dag.py took 0.182 seconds
[2025-12-13T10:45:50.685+0000] {processor.py:186} INFO - Started process (PID=3705) to work on /home/airflow/.local/lib/python3.12/site-packages/airflow/example_dags/example_nested_branch_dag.py
[2025-12-13T10:45:50.686+0000] {processor.py:914} INFO - Processing file /home/airflow/.local/lib/python3.12/site-packages/airflow/example_dags/example_nested_branch_dag.py for tasks to queue
[2025-12-13T10:45:50.691+0000] {logging_mixin.py:190} INFO - [2025-12-13T10:45:50.690+0000] {dagbag.py:588} INFO - Filling up the DagBag from /home/airflow/.local/lib/python3.12/site-packages/airflow/example_dags/example_nested_branch_dag.py
[2025-12-13T10:45:50.715+0000] {processor.py:925} INFO - DAG(s) 'example_nested_branch_dag' retrieved from /home/airflow/.local/lib/python3.12/site-packages/airflow/example_dags/example_nested_branch_dag.py
[2025-12-13T10:45:50.764+0000] {logging_mixin.py:190} INFO - [2025-12-13T10:45:50.764+0000] {dag.py:3239} INFO - Sync 1 DAGs
[2025-12-13T10:45:50.807+0000] {logging_mixin.py:190} INFO - [2025-12-13T10:45:50.807+0000] {dag.py:4180} INFO - Setting next_dagrun for example_nested_branch_dag to 2025-12-12 00:00:00+00:00, run_after=2025-12-13 00:00:00+00:00
[2025-12-13T10:45:50.831+0000] {processor.py:208} INFO - Processing /home/airflow/.local/lib/python3.12/site-packages/airflow/example_dags/example_nested_branch_dag.py took 0.159 seconds
[2025-12-13T10:46:21.247+0000] {processor.py:186} INFO - Started process (PID=3768) to work on /home/airflow/.local/lib/python3.12/site-packages/airflow/example_dags/example_nested_branch_dag.py
[2025-12-13T10:46:21.249+0000] {processor.py:914} INFO - Processing file /home/airflow/.local/lib/python3.12/site-packages/airflow/example_dags/example_nested_branch_dag.py for tasks to queue
[2025-12-13T10:46:21.253+0000] {logging_mixin.py:190} INFO - [2025-12-13T10:46:21.252+0000] {dagbag.py:588} INFO - Filling up the DagBag from /home/airflow/.local/lib/python3.12/site-packages/airflow/example_dags/example_nested_branch_dag.py
[2025-12-13T10:46:21.280+0000] {processor.py:925} INFO - DAG(s) 'example_nested_branch_dag' retrieved from /home/airflow/.local/lib/python3.12/site-packages/airflow/example_dags/example_nested_branch_dag.py
[2025-12-13T10:46:21.322+0000] {logging_mixin.py:190} INFO - [2025-12-13T10:46:21.322+0000] {dag.py:3239} INFO - Sync 1 DAGs
[2025-12-13T10:46:21.378+0000] {logging_mixin.py:190} INFO - [2025-12-13T10:46:21.378+0000] {dag.py:4180} INFO - Setting next_dagrun for example_nested_branch_dag to 2025-12-12 00:00:00+00:00, run_after=2025-12-13 00:00:00+00:00
[2025-12-13T10:46:21.424+0000] {processor.py:208} INFO - Processing /home/airflow/.local/lib/python3.12/site-packages/airflow/example_dags/example_nested_branch_dag.py took 0.191 seconds
[2025-12-13T10:46:51.557+0000] {processor.py:186} INFO - Started process (PID=3831) to work on /home/airflow/.local/lib/python3.12/site-packages/airflow/example_dags/example_nested_branch_dag.py
[2025-12-13T10:46:51.559+0000] {processor.py:914} INFO - Processing file /home/airflow/.local/lib/python3.12/site-packages/airflow/example_dags/example_nested_branch_dag.py for tasks to queue
[2025-12-13T10:46:51.562+0000] {logging_mixin.py:190} INFO - [2025-12-13T10:46:51.562+0000] {dagbag.py:588} INFO - Filling up the DagBag from /home/airflow/.local/lib/python3.12/site-packages/airflow/example_dags/example_nested_branch_dag.py
[2025-12-13T10:46:51.581+0000] {processor.py:925} INFO - DAG(s) 'example_nested_branch_dag' retrieved from /home/airflow/.local/lib/python3.12/site-packages/airflow/example_dags/example_nested_branch_dag.py
[2025-12-13T10:46:51.620+0000] {logging_mixin.py:190} INFO - [2025-12-13T10:46:51.620+0000] {dag.py:3239} INFO - Sync 1 DAGs
[2025-12-13T10:46:51.673+0000] {logging_mixin.py:190} INFO - [2025-12-13T10:46:51.672+0000] {dag.py:4180} INFO - Setting next_dagrun for example_nested_branch_dag to 2025-12-12 00:00:00+00:00, run_after=2025-12-13 00:00:00+00:00
[2025-12-13T10:46:51.718+0000] {processor.py:208} INFO - Processing /home/airflow/.local/lib/python3.12/site-packages/airflow/example_dags/example_nested_branch_dag.py took 0.171 seconds
