[2025-12-13T10:16:26.494+0000] {processor.py:186} INFO - Started process (PID=127) to work on /home/airflow/.local/lib/python3.12/site-packages/airflow/example_dags/example_setup_teardown.py
[2025-12-13T10:16:26.496+0000] {processor.py:914} INFO - Processing file /home/airflow/.local/lib/python3.12/site-packages/airflow/example_dags/example_setup_teardown.py for tasks to queue
[2025-12-13T10:16:26.502+0000] {logging_mixin.py:190} INFO - [2025-12-13T10:16:26.501+0000] {dagbag.py:588} INFO - Filling up the DagBag from /home/airflow/.local/lib/python3.12/site-packages/airflow/example_dags/example_setup_teardown.py
[2025-12-13T10:16:26.519+0000] {processor.py:925} INFO - DAG(s) 'example_setup_teardown' retrieved from /home/airflow/.local/lib/python3.12/site-packages/airflow/example_dags/example_setup_teardown.py
[2025-12-13T10:16:26.815+0000] {logging_mixin.py:190} INFO - [2025-12-13T10:16:26.814+0000] {override.py:1911} INFO - Created Permission View: can edit on DAG:example_setup_teardown
[2025-12-13T10:16:26.849+0000] {logging_mixin.py:190} INFO - [2025-12-13T10:16:26.849+0000] {override.py:1911} INFO - Created Permission View: can delete on DAG:example_setup_teardown
[2025-12-13T10:16:26.861+0000] {logging_mixin.py:190} INFO - [2025-12-13T10:16:26.861+0000] {override.py:1911} INFO - Created Permission View: can read on DAG:example_setup_teardown
[2025-12-13T10:16:26.886+0000] {logging_mixin.py:190} INFO - [2025-12-13T10:16:26.886+0000] {override.py:1911} INFO - Created Permission View: can create on DAG Run:example_setup_teardown
[2025-12-13T10:16:26.909+0000] {logging_mixin.py:190} INFO - [2025-12-13T10:16:26.908+0000] {override.py:1911} INFO - Created Permission View: can delete on DAG Run:example_setup_teardown
[2025-12-13T10:16:26.932+0000] {logging_mixin.py:190} INFO - [2025-12-13T10:16:26.932+0000] {override.py:1911} INFO - Created Permission View: menu access on DAG Run:example_setup_teardown
[2025-12-13T10:16:26.947+0000] {logging_mixin.py:190} INFO - [2025-12-13T10:16:26.945+0000] {override.py:1911} INFO - Created Permission View: can read on DAG Run:example_setup_teardown
[2025-12-13T10:16:26.948+0000] {logging_mixin.py:190} INFO - [2025-12-13T10:16:26.947+0000] {dag.py:3239} INFO - Sync 1 DAGs
[2025-12-13T10:16:27.010+0000] {logging_mixin.py:190} INFO - [2025-12-13T10:16:27.008+0000] {dag.py:3262} INFO - Creating ORM DAG for example_setup_teardown
[2025-12-13T10:16:27.012+0000] {logging_mixin.py:190} INFO - [2025-12-13T10:16:27.011+0000] {dag.py:4180} INFO - Setting next_dagrun for example_setup_teardown to None, run_after=None
[2025-12-13T10:16:27.071+0000] {processor.py:208} INFO - Processing /home/airflow/.local/lib/python3.12/site-packages/airflow/example_dags/example_setup_teardown.py took 0.627 seconds
[2025-12-13T10:16:57.215+0000] {processor.py:186} INFO - Started process (PID=190) to work on /home/airflow/.local/lib/python3.12/site-packages/airflow/example_dags/example_setup_teardown.py
[2025-12-13T10:16:57.217+0000] {processor.py:914} INFO - Processing file /home/airflow/.local/lib/python3.12/site-packages/airflow/example_dags/example_setup_teardown.py for tasks to queue
[2025-12-13T10:16:57.222+0000] {logging_mixin.py:190} INFO - [2025-12-13T10:16:57.221+0000] {dagbag.py:588} INFO - Filling up the DagBag from /home/airflow/.local/lib/python3.12/site-packages/airflow/example_dags/example_setup_teardown.py
[2025-12-13T10:16:57.243+0000] {processor.py:925} INFO - DAG(s) 'example_setup_teardown' retrieved from /home/airflow/.local/lib/python3.12/site-packages/airflow/example_dags/example_setup_teardown.py
[2025-12-13T10:16:57.294+0000] {logging_mixin.py:190} INFO - [2025-12-13T10:16:57.293+0000] {dag.py:3239} INFO - Sync 1 DAGs
[2025-12-13T10:16:57.340+0000] {logging_mixin.py:190} INFO - [2025-12-13T10:16:57.339+0000] {dag.py:4180} INFO - Setting next_dagrun for example_setup_teardown to None, run_after=None
[2025-12-13T10:16:57.374+0000] {processor.py:208} INFO - Processing /home/airflow/.local/lib/python3.12/site-packages/airflow/example_dags/example_setup_teardown.py took 0.169 seconds
[2025-12-13T10:17:27.709+0000] {processor.py:186} INFO - Started process (PID=251) to work on /home/airflow/.local/lib/python3.12/site-packages/airflow/example_dags/example_setup_teardown.py
[2025-12-13T10:17:27.710+0000] {processor.py:914} INFO - Processing file /home/airflow/.local/lib/python3.12/site-packages/airflow/example_dags/example_setup_teardown.py for tasks to queue
[2025-12-13T10:17:27.714+0000] {logging_mixin.py:190} INFO - [2025-12-13T10:17:27.713+0000] {dagbag.py:588} INFO - Filling up the DagBag from /home/airflow/.local/lib/python3.12/site-packages/airflow/example_dags/example_setup_teardown.py
[2025-12-13T10:17:27.727+0000] {processor.py:925} INFO - DAG(s) 'example_setup_teardown' retrieved from /home/airflow/.local/lib/python3.12/site-packages/airflow/example_dags/example_setup_teardown.py
[2025-12-13T10:17:27.757+0000] {logging_mixin.py:190} INFO - [2025-12-13T10:17:27.757+0000] {dag.py:3239} INFO - Sync 1 DAGs
[2025-12-13T10:17:27.780+0000] {logging_mixin.py:190} INFO - [2025-12-13T10:17:27.779+0000] {dag.py:4180} INFO - Setting next_dagrun for example_setup_teardown to None, run_after=None
[2025-12-13T10:17:27.806+0000] {processor.py:208} INFO - Processing /home/airflow/.local/lib/python3.12/site-packages/airflow/example_dags/example_setup_teardown.py took 0.109 seconds
[2025-12-13T10:17:58.224+0000] {processor.py:186} INFO - Started process (PID=314) to work on /home/airflow/.local/lib/python3.12/site-packages/airflow/example_dags/example_setup_teardown.py
[2025-12-13T10:17:58.225+0000] {processor.py:914} INFO - Processing file /home/airflow/.local/lib/python3.12/site-packages/airflow/example_dags/example_setup_teardown.py for tasks to queue
[2025-12-13T10:17:58.228+0000] {logging_mixin.py:190} INFO - [2025-12-13T10:17:58.228+0000] {dagbag.py:588} INFO - Filling up the DagBag from /home/airflow/.local/lib/python3.12/site-packages/airflow/example_dags/example_setup_teardown.py
[2025-12-13T10:17:58.241+0000] {processor.py:925} INFO - DAG(s) 'example_setup_teardown' retrieved from /home/airflow/.local/lib/python3.12/site-packages/airflow/example_dags/example_setup_teardown.py
[2025-12-13T10:17:58.271+0000] {logging_mixin.py:190} INFO - [2025-12-13T10:17:58.270+0000] {dag.py:3239} INFO - Sync 1 DAGs
[2025-12-13T10:17:58.292+0000] {logging_mixin.py:190} INFO - [2025-12-13T10:17:58.291+0000] {dag.py:4180} INFO - Setting next_dagrun for example_setup_teardown to None, run_after=None
[2025-12-13T10:17:58.318+0000] {processor.py:208} INFO - Processing /home/airflow/.local/lib/python3.12/site-packages/airflow/example_dags/example_setup_teardown.py took 0.105 seconds
[2025-12-13T10:18:28.435+0000] {processor.py:186} INFO - Started process (PID=377) to work on /home/airflow/.local/lib/python3.12/site-packages/airflow/example_dags/example_setup_teardown.py
[2025-12-13T10:18:28.437+0000] {processor.py:914} INFO - Processing file /home/airflow/.local/lib/python3.12/site-packages/airflow/example_dags/example_setup_teardown.py for tasks to queue
[2025-12-13T10:18:28.440+0000] {logging_mixin.py:190} INFO - [2025-12-13T10:18:28.440+0000] {dagbag.py:588} INFO - Filling up the DagBag from /home/airflow/.local/lib/python3.12/site-packages/airflow/example_dags/example_setup_teardown.py
[2025-12-13T10:18:28.455+0000] {processor.py:925} INFO - DAG(s) 'example_setup_teardown' retrieved from /home/airflow/.local/lib/python3.12/site-packages/airflow/example_dags/example_setup_teardown.py
[2025-12-13T10:18:28.491+0000] {logging_mixin.py:190} INFO - [2025-12-13T10:18:28.490+0000] {dag.py:3239} INFO - Sync 1 DAGs
[2025-12-13T10:18:28.519+0000] {logging_mixin.py:190} INFO - [2025-12-13T10:18:28.518+0000] {dag.py:4180} INFO - Setting next_dagrun for example_setup_teardown to None, run_after=None
[2025-12-13T10:18:28.548+0000] {processor.py:208} INFO - Processing /home/airflow/.local/lib/python3.12/site-packages/airflow/example_dags/example_setup_teardown.py took 0.125 seconds
[2025-12-13T10:19:01.397+0000] {processor.py:186} INFO - Started process (PID=440) to work on /home/airflow/.local/lib/python3.12/site-packages/airflow/example_dags/example_setup_teardown.py
[2025-12-13T10:19:01.398+0000] {processor.py:914} INFO - Processing file /home/airflow/.local/lib/python3.12/site-packages/airflow/example_dags/example_setup_teardown.py for tasks to queue
[2025-12-13T10:19:01.403+0000] {logging_mixin.py:190} INFO - [2025-12-13T10:19:01.403+0000] {dagbag.py:588} INFO - Filling up the DagBag from /home/airflow/.local/lib/python3.12/site-packages/airflow/example_dags/example_setup_teardown.py
[2025-12-13T10:19:01.428+0000] {processor.py:925} INFO - DAG(s) 'example_setup_teardown' retrieved from /home/airflow/.local/lib/python3.12/site-packages/airflow/example_dags/example_setup_teardown.py
[2025-12-13T10:19:01.486+0000] {logging_mixin.py:190} INFO - [2025-12-13T10:19:01.485+0000] {dag.py:3239} INFO - Sync 1 DAGs
[2025-12-13T10:19:01.528+0000] {logging_mixin.py:190} INFO - [2025-12-13T10:19:01.528+0000] {dag.py:4180} INFO - Setting next_dagrun for example_setup_teardown to None, run_after=None
[2025-12-13T10:19:01.575+0000] {processor.py:208} INFO - Processing /home/airflow/.local/lib/python3.12/site-packages/airflow/example_dags/example_setup_teardown.py took 0.200 seconds
[2025-12-13T10:19:33.458+0000] {processor.py:186} INFO - Started process (PID=503) to work on /home/airflow/.local/lib/python3.12/site-packages/airflow/example_dags/example_setup_teardown.py
[2025-12-13T10:19:33.462+0000] {processor.py:914} INFO - Processing file /home/airflow/.local/lib/python3.12/site-packages/airflow/example_dags/example_setup_teardown.py for tasks to queue
[2025-12-13T10:19:33.477+0000] {logging_mixin.py:190} INFO - [2025-12-13T10:19:33.473+0000] {dagbag.py:588} INFO - Filling up the DagBag from /home/airflow/.local/lib/python3.12/site-packages/airflow/example_dags/example_setup_teardown.py
[2025-12-13T10:19:33.524+0000] {processor.py:925} INFO - DAG(s) 'example_setup_teardown' retrieved from /home/airflow/.local/lib/python3.12/site-packages/airflow/example_dags/example_setup_teardown.py
[2025-12-13T10:19:33.618+0000] {logging_mixin.py:190} INFO - [2025-12-13T10:19:33.618+0000] {dag.py:3239} INFO - Sync 1 DAGs
[2025-12-13T10:19:33.660+0000] {logging_mixin.py:190} INFO - [2025-12-13T10:19:33.659+0000] {dag.py:4180} INFO - Setting next_dagrun for example_setup_teardown to None, run_after=None
[2025-12-13T10:19:33.705+0000] {processor.py:208} INFO - Processing /home/airflow/.local/lib/python3.12/site-packages/airflow/example_dags/example_setup_teardown.py took 0.290 seconds
[2025-12-13T10:20:04.658+0000] {processor.py:186} INFO - Started process (PID=566) to work on /home/airflow/.local/lib/python3.12/site-packages/airflow/example_dags/example_setup_teardown.py
[2025-12-13T10:20:04.660+0000] {processor.py:914} INFO - Processing file /home/airflow/.local/lib/python3.12/site-packages/airflow/example_dags/example_setup_teardown.py for tasks to queue
[2025-12-13T10:20:04.665+0000] {logging_mixin.py:190} INFO - [2025-12-13T10:20:04.665+0000] {dagbag.py:588} INFO - Filling up the DagBag from /home/airflow/.local/lib/python3.12/site-packages/airflow/example_dags/example_setup_teardown.py
[2025-12-13T10:20:04.686+0000] {processor.py:925} INFO - DAG(s) 'example_setup_teardown' retrieved from /home/airflow/.local/lib/python3.12/site-packages/airflow/example_dags/example_setup_teardown.py
[2025-12-13T10:20:04.761+0000] {logging_mixin.py:190} INFO - [2025-12-13T10:20:04.761+0000] {dag.py:3239} INFO - Sync 1 DAGs
[2025-12-13T10:20:04.795+0000] {logging_mixin.py:190} INFO - [2025-12-13T10:20:04.795+0000] {dag.py:4180} INFO - Setting next_dagrun for example_setup_teardown to None, run_after=None
[2025-12-13T10:20:04.888+0000] {processor.py:208} INFO - Processing /home/airflow/.local/lib/python3.12/site-packages/airflow/example_dags/example_setup_teardown.py took 0.246 seconds
[2025-12-13T10:20:35.672+0000] {processor.py:186} INFO - Started process (PID=629) to work on /home/airflow/.local/lib/python3.12/site-packages/airflow/example_dags/example_setup_teardown.py
[2025-12-13T10:20:35.673+0000] {processor.py:914} INFO - Processing file /home/airflow/.local/lib/python3.12/site-packages/airflow/example_dags/example_setup_teardown.py for tasks to queue
[2025-12-13T10:20:35.676+0000] {logging_mixin.py:190} INFO - [2025-12-13T10:20:35.675+0000] {dagbag.py:588} INFO - Filling up the DagBag from /home/airflow/.local/lib/python3.12/site-packages/airflow/example_dags/example_setup_teardown.py
[2025-12-13T10:20:35.691+0000] {processor.py:925} INFO - DAG(s) 'example_setup_teardown' retrieved from /home/airflow/.local/lib/python3.12/site-packages/airflow/example_dags/example_setup_teardown.py
[2025-12-13T10:20:35.721+0000] {logging_mixin.py:190} INFO - [2025-12-13T10:20:35.721+0000] {dag.py:3239} INFO - Sync 1 DAGs
[2025-12-13T10:20:35.746+0000] {logging_mixin.py:190} INFO - [2025-12-13T10:20:35.745+0000] {dag.py:4180} INFO - Setting next_dagrun for example_setup_teardown to None, run_after=None
[2025-12-13T10:20:35.778+0000] {processor.py:208} INFO - Processing /home/airflow/.local/lib/python3.12/site-packages/airflow/example_dags/example_setup_teardown.py took 0.114 seconds
[2025-12-13T10:21:06.323+0000] {processor.py:186} INFO - Started process (PID=691) to work on /home/airflow/.local/lib/python3.12/site-packages/airflow/example_dags/example_setup_teardown.py
[2025-12-13T10:21:06.325+0000] {processor.py:914} INFO - Processing file /home/airflow/.local/lib/python3.12/site-packages/airflow/example_dags/example_setup_teardown.py for tasks to queue
[2025-12-13T10:21:06.328+0000] {logging_mixin.py:190} INFO - [2025-12-13T10:21:06.328+0000] {dagbag.py:588} INFO - Filling up the DagBag from /home/airflow/.local/lib/python3.12/site-packages/airflow/example_dags/example_setup_teardown.py
[2025-12-13T10:21:06.344+0000] {processor.py:925} INFO - DAG(s) 'example_setup_teardown' retrieved from /home/airflow/.local/lib/python3.12/site-packages/airflow/example_dags/example_setup_teardown.py
[2025-12-13T10:21:06.379+0000] {logging_mixin.py:190} INFO - [2025-12-13T10:21:06.378+0000] {dag.py:3239} INFO - Sync 1 DAGs
[2025-12-13T10:21:06.411+0000] {logging_mixin.py:190} INFO - [2025-12-13T10:21:06.411+0000] {dag.py:4180} INFO - Setting next_dagrun for example_setup_teardown to None, run_after=None
[2025-12-13T10:21:06.464+0000] {processor.py:208} INFO - Processing /home/airflow/.local/lib/python3.12/site-packages/airflow/example_dags/example_setup_teardown.py took 0.151 seconds
[2025-12-13T10:21:36.909+0000] {processor.py:186} INFO - Started process (PID=754) to work on /home/airflow/.local/lib/python3.12/site-packages/airflow/example_dags/example_setup_teardown.py
[2025-12-13T10:21:36.910+0000] {processor.py:914} INFO - Processing file /home/airflow/.local/lib/python3.12/site-packages/airflow/example_dags/example_setup_teardown.py for tasks to queue
[2025-12-13T10:21:36.915+0000] {logging_mixin.py:190} INFO - [2025-12-13T10:21:36.914+0000] {dagbag.py:588} INFO - Filling up the DagBag from /home/airflow/.local/lib/python3.12/site-packages/airflow/example_dags/example_setup_teardown.py
[2025-12-13T10:21:36.932+0000] {processor.py:925} INFO - DAG(s) 'example_setup_teardown' retrieved from /home/airflow/.local/lib/python3.12/site-packages/airflow/example_dags/example_setup_teardown.py
[2025-12-13T10:21:36.974+0000] {logging_mixin.py:190} INFO - [2025-12-13T10:21:36.974+0000] {dag.py:3239} INFO - Sync 1 DAGs
[2025-12-13T10:21:37.002+0000] {logging_mixin.py:190} INFO - [2025-12-13T10:21:37.002+0000] {dag.py:4180} INFO - Setting next_dagrun for example_setup_teardown to None, run_after=None
[2025-12-13T10:21:37.032+0000] {processor.py:208} INFO - Processing /home/airflow/.local/lib/python3.12/site-packages/airflow/example_dags/example_setup_teardown.py took 0.135 seconds
[2025-12-13T10:22:09.852+0000] {processor.py:186} INFO - Started process (PID=818) to work on /home/airflow/.local/lib/python3.12/site-packages/airflow/example_dags/example_setup_teardown.py
[2025-12-13T10:22:09.855+0000] {processor.py:914} INFO - Processing file /home/airflow/.local/lib/python3.12/site-packages/airflow/example_dags/example_setup_teardown.py for tasks to queue
[2025-12-13T10:22:09.864+0000] {logging_mixin.py:190} INFO - [2025-12-13T10:22:09.864+0000] {dagbag.py:588} INFO - Filling up the DagBag from /home/airflow/.local/lib/python3.12/site-packages/airflow/example_dags/example_setup_teardown.py
[2025-12-13T10:22:09.888+0000] {processor.py:925} INFO - DAG(s) 'example_setup_teardown' retrieved from /home/airflow/.local/lib/python3.12/site-packages/airflow/example_dags/example_setup_teardown.py
[2025-12-13T10:22:09.936+0000] {logging_mixin.py:190} INFO - [2025-12-13T10:22:09.935+0000] {dag.py:3239} INFO - Sync 1 DAGs
[2025-12-13T10:22:09.972+0000] {logging_mixin.py:190} INFO - [2025-12-13T10:22:09.972+0000] {dag.py:4180} INFO - Setting next_dagrun for example_setup_teardown to None, run_after=None
[2025-12-13T10:22:10.018+0000] {processor.py:208} INFO - Processing /home/airflow/.local/lib/python3.12/site-packages/airflow/example_dags/example_setup_teardown.py took 0.182 seconds
[2025-12-13T10:22:43.747+0000] {processor.py:186} INFO - Started process (PID=894) to work on /home/airflow/.local/lib/python3.12/site-packages/airflow/example_dags/example_setup_teardown.py
[2025-12-13T10:22:43.752+0000] {processor.py:914} INFO - Processing file /home/airflow/.local/lib/python3.12/site-packages/airflow/example_dags/example_setup_teardown.py for tasks to queue
[2025-12-13T10:22:43.759+0000] {logging_mixin.py:190} INFO - [2025-12-13T10:22:43.758+0000] {dagbag.py:588} INFO - Filling up the DagBag from /home/airflow/.local/lib/python3.12/site-packages/airflow/example_dags/example_setup_teardown.py
[2025-12-13T10:22:43.776+0000] {processor.py:925} INFO - DAG(s) 'example_setup_teardown' retrieved from /home/airflow/.local/lib/python3.12/site-packages/airflow/example_dags/example_setup_teardown.py
[2025-12-13T10:22:43.831+0000] {logging_mixin.py:190} INFO - [2025-12-13T10:22:43.830+0000] {dag.py:3239} INFO - Sync 1 DAGs
[2025-12-13T10:22:43.867+0000] {logging_mixin.py:190} INFO - [2025-12-13T10:22:43.866+0000] {dag.py:4180} INFO - Setting next_dagrun for example_setup_teardown to None, run_after=None
[2025-12-13T10:22:43.908+0000] {processor.py:208} INFO - Processing /home/airflow/.local/lib/python3.12/site-packages/airflow/example_dags/example_setup_teardown.py took 0.173 seconds
[2025-12-13T10:23:14.007+0000] {processor.py:186} INFO - Started process (PID=956) to work on /home/airflow/.local/lib/python3.12/site-packages/airflow/example_dags/example_setup_teardown.py
[2025-12-13T10:23:14.008+0000] {processor.py:914} INFO - Processing file /home/airflow/.local/lib/python3.12/site-packages/airflow/example_dags/example_setup_teardown.py for tasks to queue
[2025-12-13T10:23:14.011+0000] {logging_mixin.py:190} INFO - [2025-12-13T10:23:14.010+0000] {dagbag.py:588} INFO - Filling up the DagBag from /home/airflow/.local/lib/python3.12/site-packages/airflow/example_dags/example_setup_teardown.py
[2025-12-13T10:23:14.025+0000] {processor.py:925} INFO - DAG(s) 'example_setup_teardown' retrieved from /home/airflow/.local/lib/python3.12/site-packages/airflow/example_dags/example_setup_teardown.py
[2025-12-13T10:23:14.056+0000] {logging_mixin.py:190} INFO - [2025-12-13T10:23:14.056+0000] {dag.py:3239} INFO - Sync 1 DAGs
[2025-12-13T10:23:14.083+0000] {logging_mixin.py:190} INFO - [2025-12-13T10:23:14.082+0000] {dag.py:4180} INFO - Setting next_dagrun for example_setup_teardown to None, run_after=None
[2025-12-13T10:23:14.108+0000] {processor.py:208} INFO - Processing /home/airflow/.local/lib/python3.12/site-packages/airflow/example_dags/example_setup_teardown.py took 0.115 seconds
[2025-12-13T10:23:44.852+0000] {processor.py:186} INFO - Started process (PID=1020) to work on /home/airflow/.local/lib/python3.12/site-packages/airflow/example_dags/example_setup_teardown.py
[2025-12-13T10:23:44.854+0000] {processor.py:914} INFO - Processing file /home/airflow/.local/lib/python3.12/site-packages/airflow/example_dags/example_setup_teardown.py for tasks to queue
[2025-12-13T10:23:44.858+0000] {logging_mixin.py:190} INFO - [2025-12-13T10:23:44.857+0000] {dagbag.py:588} INFO - Filling up the DagBag from /home/airflow/.local/lib/python3.12/site-packages/airflow/example_dags/example_setup_teardown.py
[2025-12-13T10:23:44.874+0000] {processor.py:925} INFO - DAG(s) 'example_setup_teardown' retrieved from /home/airflow/.local/lib/python3.12/site-packages/airflow/example_dags/example_setup_teardown.py
[2025-12-13T10:23:44.911+0000] {logging_mixin.py:190} INFO - [2025-12-13T10:23:44.910+0000] {dag.py:3239} INFO - Sync 1 DAGs
[2025-12-13T10:23:44.939+0000] {logging_mixin.py:190} INFO - [2025-12-13T10:23:44.938+0000] {dag.py:4180} INFO - Setting next_dagrun for example_setup_teardown to None, run_after=None
[2025-12-13T10:23:44.973+0000] {processor.py:208} INFO - Processing /home/airflow/.local/lib/python3.12/site-packages/airflow/example_dags/example_setup_teardown.py took 0.134 seconds
[2025-12-13T10:24:16.382+0000] {processor.py:186} INFO - Started process (PID=1083) to work on /home/airflow/.local/lib/python3.12/site-packages/airflow/example_dags/example_setup_teardown.py
[2025-12-13T10:24:16.383+0000] {processor.py:914} INFO - Processing file /home/airflow/.local/lib/python3.12/site-packages/airflow/example_dags/example_setup_teardown.py for tasks to queue
[2025-12-13T10:24:16.386+0000] {logging_mixin.py:190} INFO - [2025-12-13T10:24:16.386+0000] {dagbag.py:588} INFO - Filling up the DagBag from /home/airflow/.local/lib/python3.12/site-packages/airflow/example_dags/example_setup_teardown.py
[2025-12-13T10:24:16.402+0000] {processor.py:925} INFO - DAG(s) 'example_setup_teardown' retrieved from /home/airflow/.local/lib/python3.12/site-packages/airflow/example_dags/example_setup_teardown.py
[2025-12-13T10:24:16.439+0000] {logging_mixin.py:190} INFO - [2025-12-13T10:24:16.439+0000] {dag.py:3239} INFO - Sync 1 DAGs
[2025-12-13T10:24:16.464+0000] {logging_mixin.py:190} INFO - [2025-12-13T10:24:16.464+0000] {dag.py:4180} INFO - Setting next_dagrun for example_setup_teardown to None, run_after=None
[2025-12-13T10:24:16.492+0000] {processor.py:208} INFO - Processing /home/airflow/.local/lib/python3.12/site-packages/airflow/example_dags/example_setup_teardown.py took 0.123 seconds
[2025-12-13T10:24:47.357+0000] {processor.py:186} INFO - Started process (PID=1144) to work on /home/airflow/.local/lib/python3.12/site-packages/airflow/example_dags/example_setup_teardown.py
[2025-12-13T10:24:47.358+0000] {processor.py:914} INFO - Processing file /home/airflow/.local/lib/python3.12/site-packages/airflow/example_dags/example_setup_teardown.py for tasks to queue
[2025-12-13T10:24:47.363+0000] {logging_mixin.py:190} INFO - [2025-12-13T10:24:47.362+0000] {dagbag.py:588} INFO - Filling up the DagBag from /home/airflow/.local/lib/python3.12/site-packages/airflow/example_dags/example_setup_teardown.py
[2025-12-13T10:24:47.376+0000] {processor.py:925} INFO - DAG(s) 'example_setup_teardown' retrieved from /home/airflow/.local/lib/python3.12/site-packages/airflow/example_dags/example_setup_teardown.py
[2025-12-13T10:24:47.406+0000] {logging_mixin.py:190} INFO - [2025-12-13T10:24:47.406+0000] {dag.py:3239} INFO - Sync 1 DAGs
[2025-12-13T10:24:47.428+0000] {logging_mixin.py:190} INFO - [2025-12-13T10:24:47.427+0000] {dag.py:4180} INFO - Setting next_dagrun for example_setup_teardown to None, run_after=None
[2025-12-13T10:24:47.457+0000] {processor.py:208} INFO - Processing /home/airflow/.local/lib/python3.12/site-packages/airflow/example_dags/example_setup_teardown.py took 0.108 seconds
[2025-12-13T10:25:19.592+0000] {processor.py:186} INFO - Started process (PID=1211) to work on /home/airflow/.local/lib/python3.12/site-packages/airflow/example_dags/example_setup_teardown.py
[2025-12-13T10:25:19.594+0000] {processor.py:914} INFO - Processing file /home/airflow/.local/lib/python3.12/site-packages/airflow/example_dags/example_setup_teardown.py for tasks to queue
[2025-12-13T10:25:19.598+0000] {logging_mixin.py:190} INFO - [2025-12-13T10:25:19.598+0000] {dagbag.py:588} INFO - Filling up the DagBag from /home/airflow/.local/lib/python3.12/site-packages/airflow/example_dags/example_setup_teardown.py
[2025-12-13T10:25:19.623+0000] {processor.py:925} INFO - DAG(s) 'example_setup_teardown' retrieved from /home/airflow/.local/lib/python3.12/site-packages/airflow/example_dags/example_setup_teardown.py
[2025-12-13T10:25:19.672+0000] {logging_mixin.py:190} INFO - [2025-12-13T10:25:19.671+0000] {dag.py:3239} INFO - Sync 1 DAGs
[2025-12-13T10:25:19.710+0000] {logging_mixin.py:190} INFO - [2025-12-13T10:25:19.709+0000] {dag.py:4180} INFO - Setting next_dagrun for example_setup_teardown to None, run_after=None
[2025-12-13T10:25:19.745+0000] {processor.py:208} INFO - Processing /home/airflow/.local/lib/python3.12/site-packages/airflow/example_dags/example_setup_teardown.py took 0.165 seconds
[2025-12-13T10:25:51.718+0000] {processor.py:186} INFO - Started process (PID=1273) to work on /home/airflow/.local/lib/python3.12/site-packages/airflow/example_dags/example_setup_teardown.py
[2025-12-13T10:25:51.723+0000] {processor.py:914} INFO - Processing file /home/airflow/.local/lib/python3.12/site-packages/airflow/example_dags/example_setup_teardown.py for tasks to queue
[2025-12-13T10:25:51.727+0000] {logging_mixin.py:190} INFO - [2025-12-13T10:25:51.726+0000] {dagbag.py:588} INFO - Filling up the DagBag from /home/airflow/.local/lib/python3.12/site-packages/airflow/example_dags/example_setup_teardown.py
[2025-12-13T10:25:51.744+0000] {processor.py:925} INFO - DAG(s) 'example_setup_teardown' retrieved from /home/airflow/.local/lib/python3.12/site-packages/airflow/example_dags/example_setup_teardown.py
[2025-12-13T10:25:51.783+0000] {logging_mixin.py:190} INFO - [2025-12-13T10:25:51.783+0000] {dag.py:3239} INFO - Sync 1 DAGs
[2025-12-13T10:25:51.816+0000] {logging_mixin.py:190} INFO - [2025-12-13T10:25:51.815+0000] {dag.py:4180} INFO - Setting next_dagrun for example_setup_teardown to None, run_after=None
[2025-12-13T10:25:51.850+0000] {processor.py:208} INFO - Processing /home/airflow/.local/lib/python3.12/site-packages/airflow/example_dags/example_setup_teardown.py took 0.145 seconds
[2025-12-13T10:26:25.554+0000] {processor.py:186} INFO - Started process (PID=1341) to work on /home/airflow/.local/lib/python3.12/site-packages/airflow/example_dags/example_setup_teardown.py
[2025-12-13T10:26:25.555+0000] {processor.py:914} INFO - Processing file /home/airflow/.local/lib/python3.12/site-packages/airflow/example_dags/example_setup_teardown.py for tasks to queue
[2025-12-13T10:26:25.567+0000] {logging_mixin.py:190} INFO - [2025-12-13T10:26:25.566+0000] {dagbag.py:588} INFO - Filling up the DagBag from /home/airflow/.local/lib/python3.12/site-packages/airflow/example_dags/example_setup_teardown.py
[2025-12-13T10:26:25.597+0000] {processor.py:925} INFO - DAG(s) 'example_setup_teardown' retrieved from /home/airflow/.local/lib/python3.12/site-packages/airflow/example_dags/example_setup_teardown.py
[2025-12-13T10:26:25.643+0000] {logging_mixin.py:190} INFO - [2025-12-13T10:26:25.643+0000] {dag.py:3239} INFO - Sync 1 DAGs
[2025-12-13T10:26:25.673+0000] {logging_mixin.py:190} INFO - [2025-12-13T10:26:25.672+0000] {dag.py:4180} INFO - Setting next_dagrun for example_setup_teardown to None, run_after=None
[2025-12-13T10:26:25.705+0000] {processor.py:208} INFO - Processing /home/airflow/.local/lib/python3.12/site-packages/airflow/example_dags/example_setup_teardown.py took 0.170 seconds
[2025-12-13T10:26:57.174+0000] {processor.py:186} INFO - Started process (PID=1404) to work on /home/airflow/.local/lib/python3.12/site-packages/airflow/example_dags/example_setup_teardown.py
[2025-12-13T10:26:57.179+0000] {processor.py:914} INFO - Processing file /home/airflow/.local/lib/python3.12/site-packages/airflow/example_dags/example_setup_teardown.py for tasks to queue
[2025-12-13T10:26:57.186+0000] {logging_mixin.py:190} INFO - [2025-12-13T10:26:57.185+0000] {dagbag.py:588} INFO - Filling up the DagBag from /home/airflow/.local/lib/python3.12/site-packages/airflow/example_dags/example_setup_teardown.py
[2025-12-13T10:26:57.211+0000] {processor.py:925} INFO - DAG(s) 'example_setup_teardown' retrieved from /home/airflow/.local/lib/python3.12/site-packages/airflow/example_dags/example_setup_teardown.py
[2025-12-13T10:26:57.256+0000] {logging_mixin.py:190} INFO - [2025-12-13T10:26:57.256+0000] {dag.py:3239} INFO - Sync 1 DAGs
[2025-12-13T10:26:57.288+0000] {logging_mixin.py:190} INFO - [2025-12-13T10:26:57.287+0000] {dag.py:4180} INFO - Setting next_dagrun for example_setup_teardown to None, run_after=None
[2025-12-13T10:26:57.330+0000] {processor.py:208} INFO - Processing /home/airflow/.local/lib/python3.12/site-packages/airflow/example_dags/example_setup_teardown.py took 0.181 seconds
[2025-12-13T10:27:27.668+0000] {processor.py:186} INFO - Started process (PID=1467) to work on /home/airflow/.local/lib/python3.12/site-packages/airflow/example_dags/example_setup_teardown.py
[2025-12-13T10:27:27.669+0000] {processor.py:914} INFO - Processing file /home/airflow/.local/lib/python3.12/site-packages/airflow/example_dags/example_setup_teardown.py for tasks to queue
[2025-12-13T10:27:27.677+0000] {logging_mixin.py:190} INFO - [2025-12-13T10:27:27.676+0000] {dagbag.py:588} INFO - Filling up the DagBag from /home/airflow/.local/lib/python3.12/site-packages/airflow/example_dags/example_setup_teardown.py
[2025-12-13T10:27:27.699+0000] {processor.py:925} INFO - DAG(s) 'example_setup_teardown' retrieved from /home/airflow/.local/lib/python3.12/site-packages/airflow/example_dags/example_setup_teardown.py
[2025-12-13T10:27:27.749+0000] {logging_mixin.py:190} INFO - [2025-12-13T10:27:27.748+0000] {dag.py:3239} INFO - Sync 1 DAGs
[2025-12-13T10:27:27.782+0000] {logging_mixin.py:190} INFO - [2025-12-13T10:27:27.782+0000] {dag.py:4180} INFO - Setting next_dagrun for example_setup_teardown to None, run_after=None
[2025-12-13T10:27:27.823+0000] {processor.py:208} INFO - Processing /home/airflow/.local/lib/python3.12/site-packages/airflow/example_dags/example_setup_teardown.py took 0.169 seconds
[2025-12-13T10:27:59.965+0000] {processor.py:186} INFO - Started process (PID=1533) to work on /home/airflow/.local/lib/python3.12/site-packages/airflow/example_dags/example_setup_teardown.py
[2025-12-13T10:27:59.967+0000] {processor.py:914} INFO - Processing file /home/airflow/.local/lib/python3.12/site-packages/airflow/example_dags/example_setup_teardown.py for tasks to queue
[2025-12-13T10:27:59.971+0000] {logging_mixin.py:190} INFO - [2025-12-13T10:27:59.970+0000] {dagbag.py:588} INFO - Filling up the DagBag from /home/airflow/.local/lib/python3.12/site-packages/airflow/example_dags/example_setup_teardown.py
[2025-12-13T10:27:59.989+0000] {processor.py:925} INFO - DAG(s) 'example_setup_teardown' retrieved from /home/airflow/.local/lib/python3.12/site-packages/airflow/example_dags/example_setup_teardown.py
[2025-12-13T10:28:00.029+0000] {logging_mixin.py:190} INFO - [2025-12-13T10:28:00.028+0000] {dag.py:3239} INFO - Sync 1 DAGs
[2025-12-13T10:28:00.059+0000] {logging_mixin.py:190} INFO - [2025-12-13T10:28:00.058+0000] {dag.py:4180} INFO - Setting next_dagrun for example_setup_teardown to None, run_after=None
[2025-12-13T10:28:00.088+0000] {processor.py:208} INFO - Processing /home/airflow/.local/lib/python3.12/site-packages/airflow/example_dags/example_setup_teardown.py took 0.136 seconds
[2025-12-13T10:28:40.572+0000] {processor.py:186} INFO - Started process (PID=1604) to work on /home/airflow/.local/lib/python3.12/site-packages/airflow/example_dags/example_setup_teardown.py
[2025-12-13T10:28:40.582+0000] {processor.py:914} INFO - Processing file /home/airflow/.local/lib/python3.12/site-packages/airflow/example_dags/example_setup_teardown.py for tasks to queue
[2025-12-13T10:28:40.589+0000] {logging_mixin.py:190} INFO - [2025-12-13T10:28:40.588+0000] {dagbag.py:588} INFO - Filling up the DagBag from /home/airflow/.local/lib/python3.12/site-packages/airflow/example_dags/example_setup_teardown.py
[2025-12-13T10:28:40.657+0000] {processor.py:925} INFO - DAG(s) 'example_setup_teardown' retrieved from /home/airflow/.local/lib/python3.12/site-packages/airflow/example_dags/example_setup_teardown.py
[2025-12-13T10:28:40.810+0000] {logging_mixin.py:190} INFO - [2025-12-13T10:28:40.809+0000] {dag.py:3239} INFO - Sync 1 DAGs
[2025-12-13T10:28:40.914+0000] {logging_mixin.py:190} INFO - [2025-12-13T10:28:40.913+0000] {dag.py:4180} INFO - Setting next_dagrun for example_setup_teardown to None, run_after=None
[2025-12-13T10:28:41.049+0000] {processor.py:208} INFO - Processing /home/airflow/.local/lib/python3.12/site-packages/airflow/example_dags/example_setup_teardown.py took 0.512 seconds
[2025-12-13T10:29:11.429+0000] {processor.py:186} INFO - Started process (PID=1667) to work on /home/airflow/.local/lib/python3.12/site-packages/airflow/example_dags/example_setup_teardown.py
[2025-12-13T10:29:11.430+0000] {processor.py:914} INFO - Processing file /home/airflow/.local/lib/python3.12/site-packages/airflow/example_dags/example_setup_teardown.py for tasks to queue
[2025-12-13T10:29:11.434+0000] {logging_mixin.py:190} INFO - [2025-12-13T10:29:11.434+0000] {dagbag.py:588} INFO - Filling up the DagBag from /home/airflow/.local/lib/python3.12/site-packages/airflow/example_dags/example_setup_teardown.py
[2025-12-13T10:29:11.451+0000] {processor.py:925} INFO - DAG(s) 'example_setup_teardown' retrieved from /home/airflow/.local/lib/python3.12/site-packages/airflow/example_dags/example_setup_teardown.py
[2025-12-13T10:29:11.484+0000] {logging_mixin.py:190} INFO - [2025-12-13T10:29:11.483+0000] {dag.py:3239} INFO - Sync 1 DAGs
[2025-12-13T10:29:11.507+0000] {logging_mixin.py:190} INFO - [2025-12-13T10:29:11.507+0000] {dag.py:4180} INFO - Setting next_dagrun for example_setup_teardown to None, run_after=None
[2025-12-13T10:29:11.535+0000] {processor.py:208} INFO - Processing /home/airflow/.local/lib/python3.12/site-packages/airflow/example_dags/example_setup_teardown.py took 0.116 seconds
[2025-12-13T10:29:42.439+0000] {processor.py:186} INFO - Started process (PID=1729) to work on /home/airflow/.local/lib/python3.12/site-packages/airflow/example_dags/example_setup_teardown.py
[2025-12-13T10:29:42.441+0000] {processor.py:914} INFO - Processing file /home/airflow/.local/lib/python3.12/site-packages/airflow/example_dags/example_setup_teardown.py for tasks to queue
[2025-12-13T10:29:42.453+0000] {logging_mixin.py:190} INFO - [2025-12-13T10:29:42.449+0000] {dagbag.py:588} INFO - Filling up the DagBag from /home/airflow/.local/lib/python3.12/site-packages/airflow/example_dags/example_setup_teardown.py
[2025-12-13T10:29:42.484+0000] {processor.py:925} INFO - DAG(s) 'example_setup_teardown' retrieved from /home/airflow/.local/lib/python3.12/site-packages/airflow/example_dags/example_setup_teardown.py
[2025-12-13T10:29:42.544+0000] {logging_mixin.py:190} INFO - [2025-12-13T10:29:42.544+0000] {dag.py:3239} INFO - Sync 1 DAGs
[2025-12-13T10:29:42.591+0000] {logging_mixin.py:190} INFO - [2025-12-13T10:29:42.591+0000] {dag.py:4180} INFO - Setting next_dagrun for example_setup_teardown to None, run_after=None
[2025-12-13T10:29:42.660+0000] {processor.py:208} INFO - Processing /home/airflow/.local/lib/python3.12/site-packages/airflow/example_dags/example_setup_teardown.py took 0.247 seconds
[2025-12-13T10:30:12.749+0000] {processor.py:186} INFO - Started process (PID=1791) to work on /home/airflow/.local/lib/python3.12/site-packages/airflow/example_dags/example_setup_teardown.py
[2025-12-13T10:30:12.751+0000] {processor.py:914} INFO - Processing file /home/airflow/.local/lib/python3.12/site-packages/airflow/example_dags/example_setup_teardown.py for tasks to queue
[2025-12-13T10:30:12.757+0000] {logging_mixin.py:190} INFO - [2025-12-13T10:30:12.756+0000] {dagbag.py:588} INFO - Filling up the DagBag from /home/airflow/.local/lib/python3.12/site-packages/airflow/example_dags/example_setup_teardown.py
[2025-12-13T10:30:12.780+0000] {processor.py:925} INFO - DAG(s) 'example_setup_teardown' retrieved from /home/airflow/.local/lib/python3.12/site-packages/airflow/example_dags/example_setup_teardown.py
[2025-12-13T10:30:12.831+0000] {logging_mixin.py:190} INFO - [2025-12-13T10:30:12.831+0000] {dag.py:3239} INFO - Sync 1 DAGs
[2025-12-13T10:30:12.868+0000] {logging_mixin.py:190} INFO - [2025-12-13T10:30:12.868+0000] {dag.py:4180} INFO - Setting next_dagrun for example_setup_teardown to None, run_after=None
[2025-12-13T10:30:12.907+0000] {processor.py:208} INFO - Processing /home/airflow/.local/lib/python3.12/site-packages/airflow/example_dags/example_setup_teardown.py took 0.172 seconds
[2025-12-13T10:30:43.161+0000] {processor.py:186} INFO - Started process (PID=1854) to work on /home/airflow/.local/lib/python3.12/site-packages/airflow/example_dags/example_setup_teardown.py
[2025-12-13T10:30:43.165+0000] {processor.py:914} INFO - Processing file /home/airflow/.local/lib/python3.12/site-packages/airflow/example_dags/example_setup_teardown.py for tasks to queue
[2025-12-13T10:30:43.171+0000] {logging_mixin.py:190} INFO - [2025-12-13T10:30:43.171+0000] {dagbag.py:588} INFO - Filling up the DagBag from /home/airflow/.local/lib/python3.12/site-packages/airflow/example_dags/example_setup_teardown.py
[2025-12-13T10:30:43.198+0000] {processor.py:925} INFO - DAG(s) 'example_setup_teardown' retrieved from /home/airflow/.local/lib/python3.12/site-packages/airflow/example_dags/example_setup_teardown.py
[2025-12-13T10:30:43.237+0000] {logging_mixin.py:190} INFO - [2025-12-13T10:30:43.236+0000] {dag.py:3239} INFO - Sync 1 DAGs
[2025-12-13T10:30:43.270+0000] {logging_mixin.py:190} INFO - [2025-12-13T10:30:43.270+0000] {dag.py:4180} INFO - Setting next_dagrun for example_setup_teardown to None, run_after=None
[2025-12-13T10:30:43.308+0000] {processor.py:208} INFO - Processing /home/airflow/.local/lib/python3.12/site-packages/airflow/example_dags/example_setup_teardown.py took 0.160 seconds
[2025-12-13T10:31:13.745+0000] {processor.py:186} INFO - Started process (PID=1917) to work on /home/airflow/.local/lib/python3.12/site-packages/airflow/example_dags/example_setup_teardown.py
[2025-12-13T10:31:13.746+0000] {processor.py:914} INFO - Processing file /home/airflow/.local/lib/python3.12/site-packages/airflow/example_dags/example_setup_teardown.py for tasks to queue
[2025-12-13T10:31:13.751+0000] {logging_mixin.py:190} INFO - [2025-12-13T10:31:13.750+0000] {dagbag.py:588} INFO - Filling up the DagBag from /home/airflow/.local/lib/python3.12/site-packages/airflow/example_dags/example_setup_teardown.py
[2025-12-13T10:31:13.769+0000] {processor.py:925} INFO - DAG(s) 'example_setup_teardown' retrieved from /home/airflow/.local/lib/python3.12/site-packages/airflow/example_dags/example_setup_teardown.py
[2025-12-13T10:31:13.809+0000] {logging_mixin.py:190} INFO - [2025-12-13T10:31:13.809+0000] {dag.py:3239} INFO - Sync 1 DAGs
[2025-12-13T10:31:13.835+0000] {logging_mixin.py:190} INFO - [2025-12-13T10:31:13.835+0000] {dag.py:4180} INFO - Setting next_dagrun for example_setup_teardown to None, run_after=None
[2025-12-13T10:31:13.871+0000] {processor.py:208} INFO - Processing /home/airflow/.local/lib/python3.12/site-packages/airflow/example_dags/example_setup_teardown.py took 0.135 seconds
[2025-12-13T10:31:44.870+0000] {processor.py:186} INFO - Started process (PID=1980) to work on /home/airflow/.local/lib/python3.12/site-packages/airflow/example_dags/example_setup_teardown.py
[2025-12-13T10:31:44.871+0000] {processor.py:914} INFO - Processing file /home/airflow/.local/lib/python3.12/site-packages/airflow/example_dags/example_setup_teardown.py for tasks to queue
[2025-12-13T10:31:44.874+0000] {logging_mixin.py:190} INFO - [2025-12-13T10:31:44.874+0000] {dagbag.py:588} INFO - Filling up the DagBag from /home/airflow/.local/lib/python3.12/site-packages/airflow/example_dags/example_setup_teardown.py
[2025-12-13T10:31:44.888+0000] {processor.py:925} INFO - DAG(s) 'example_setup_teardown' retrieved from /home/airflow/.local/lib/python3.12/site-packages/airflow/example_dags/example_setup_teardown.py
[2025-12-13T10:31:44.922+0000] {logging_mixin.py:190} INFO - [2025-12-13T10:31:44.922+0000] {dag.py:3239} INFO - Sync 1 DAGs
[2025-12-13T10:31:44.951+0000] {logging_mixin.py:190} INFO - [2025-12-13T10:31:44.950+0000] {dag.py:4180} INFO - Setting next_dagrun for example_setup_teardown to None, run_after=None
[2025-12-13T10:31:44.981+0000] {processor.py:208} INFO - Processing /home/airflow/.local/lib/python3.12/site-packages/airflow/example_dags/example_setup_teardown.py took 0.120 seconds
[2025-12-13T10:32:15.506+0000] {processor.py:186} INFO - Started process (PID=2043) to work on /home/airflow/.local/lib/python3.12/site-packages/airflow/example_dags/example_setup_teardown.py
[2025-12-13T10:32:15.508+0000] {processor.py:914} INFO - Processing file /home/airflow/.local/lib/python3.12/site-packages/airflow/example_dags/example_setup_teardown.py for tasks to queue
[2025-12-13T10:32:15.516+0000] {logging_mixin.py:190} INFO - [2025-12-13T10:32:15.516+0000] {dagbag.py:588} INFO - Filling up the DagBag from /home/airflow/.local/lib/python3.12/site-packages/airflow/example_dags/example_setup_teardown.py
[2025-12-13T10:32:15.550+0000] {processor.py:925} INFO - DAG(s) 'example_setup_teardown' retrieved from /home/airflow/.local/lib/python3.12/site-packages/airflow/example_dags/example_setup_teardown.py
[2025-12-13T10:32:15.645+0000] {logging_mixin.py:190} INFO - [2025-12-13T10:32:15.645+0000] {dag.py:3239} INFO - Sync 1 DAGs
[2025-12-13T10:32:15.716+0000] {logging_mixin.py:190} INFO - [2025-12-13T10:32:15.716+0000] {dag.py:4180} INFO - Setting next_dagrun for example_setup_teardown to None, run_after=None
[2025-12-13T10:32:15.829+0000] {processor.py:208} INFO - Processing /home/airflow/.local/lib/python3.12/site-packages/airflow/example_dags/example_setup_teardown.py took 0.336 seconds
[2025-12-13T10:32:46.622+0000] {processor.py:186} INFO - Started process (PID=2111) to work on /home/airflow/.local/lib/python3.12/site-packages/airflow/example_dags/example_setup_teardown.py
[2025-12-13T10:32:46.625+0000] {processor.py:914} INFO - Processing file /home/airflow/.local/lib/python3.12/site-packages/airflow/example_dags/example_setup_teardown.py for tasks to queue
[2025-12-13T10:32:46.642+0000] {logging_mixin.py:190} INFO - [2025-12-13T10:32:46.639+0000] {dagbag.py:588} INFO - Filling up the DagBag from /home/airflow/.local/lib/python3.12/site-packages/airflow/example_dags/example_setup_teardown.py
[2025-12-13T10:32:46.675+0000] {processor.py:925} INFO - DAG(s) 'example_setup_teardown' retrieved from /home/airflow/.local/lib/python3.12/site-packages/airflow/example_dags/example_setup_teardown.py
[2025-12-13T10:32:46.813+0000] {logging_mixin.py:190} INFO - [2025-12-13T10:32:46.812+0000] {dag.py:3239} INFO - Sync 1 DAGs
[2025-12-13T10:32:46.850+0000] {logging_mixin.py:190} INFO - [2025-12-13T10:32:46.850+0000] {dag.py:4180} INFO - Setting next_dagrun for example_setup_teardown to None, run_after=None
[2025-12-13T10:32:46.905+0000] {processor.py:208} INFO - Processing /home/airflow/.local/lib/python3.12/site-packages/airflow/example_dags/example_setup_teardown.py took 0.298 seconds
[2025-12-13T10:33:17.274+0000] {processor.py:186} INFO - Started process (PID=2174) to work on /home/airflow/.local/lib/python3.12/site-packages/airflow/example_dags/example_setup_teardown.py
[2025-12-13T10:33:17.279+0000] {processor.py:914} INFO - Processing file /home/airflow/.local/lib/python3.12/site-packages/airflow/example_dags/example_setup_teardown.py for tasks to queue
[2025-12-13T10:33:17.289+0000] {logging_mixin.py:190} INFO - [2025-12-13T10:33:17.288+0000] {dagbag.py:588} INFO - Filling up the DagBag from /home/airflow/.local/lib/python3.12/site-packages/airflow/example_dags/example_setup_teardown.py
[2025-12-13T10:33:17.327+0000] {processor.py:925} INFO - DAG(s) 'example_setup_teardown' retrieved from /home/airflow/.local/lib/python3.12/site-packages/airflow/example_dags/example_setup_teardown.py
[2025-12-13T10:33:17.381+0000] {logging_mixin.py:190} INFO - [2025-12-13T10:33:17.380+0000] {dag.py:3239} INFO - Sync 1 DAGs
[2025-12-13T10:33:17.414+0000] {logging_mixin.py:190} INFO - [2025-12-13T10:33:17.414+0000] {dag.py:4180} INFO - Setting next_dagrun for example_setup_teardown to None, run_after=None
[2025-12-13T10:33:17.457+0000] {processor.py:208} INFO - Processing /home/airflow/.local/lib/python3.12/site-packages/airflow/example_dags/example_setup_teardown.py took 0.200 seconds
[2025-12-13T10:33:47.977+0000] {processor.py:186} INFO - Started process (PID=2237) to work on /home/airflow/.local/lib/python3.12/site-packages/airflow/example_dags/example_setup_teardown.py
[2025-12-13T10:33:47.978+0000] {processor.py:914} INFO - Processing file /home/airflow/.local/lib/python3.12/site-packages/airflow/example_dags/example_setup_teardown.py for tasks to queue
[2025-12-13T10:33:47.983+0000] {logging_mixin.py:190} INFO - [2025-12-13T10:33:47.982+0000] {dagbag.py:588} INFO - Filling up the DagBag from /home/airflow/.local/lib/python3.12/site-packages/airflow/example_dags/example_setup_teardown.py
[2025-12-13T10:33:47.995+0000] {processor.py:925} INFO - DAG(s) 'example_setup_teardown' retrieved from /home/airflow/.local/lib/python3.12/site-packages/airflow/example_dags/example_setup_teardown.py
[2025-12-13T10:33:48.031+0000] {logging_mixin.py:190} INFO - [2025-12-13T10:33:48.030+0000] {dag.py:3239} INFO - Sync 1 DAGs
[2025-12-13T10:33:48.054+0000] {logging_mixin.py:190} INFO - [2025-12-13T10:33:48.054+0000] {dag.py:4180} INFO - Setting next_dagrun for example_setup_teardown to None, run_after=None
[2025-12-13T10:33:48.083+0000] {processor.py:208} INFO - Processing /home/airflow/.local/lib/python3.12/site-packages/airflow/example_dags/example_setup_teardown.py took 0.117 seconds
[2025-12-13T10:34:18.474+0000] {processor.py:186} INFO - Started process (PID=2300) to work on /home/airflow/.local/lib/python3.12/site-packages/airflow/example_dags/example_setup_teardown.py
[2025-12-13T10:34:18.476+0000] {processor.py:914} INFO - Processing file /home/airflow/.local/lib/python3.12/site-packages/airflow/example_dags/example_setup_teardown.py for tasks to queue
[2025-12-13T10:34:18.480+0000] {logging_mixin.py:190} INFO - [2025-12-13T10:34:18.479+0000] {dagbag.py:588} INFO - Filling up the DagBag from /home/airflow/.local/lib/python3.12/site-packages/airflow/example_dags/example_setup_teardown.py
[2025-12-13T10:34:18.494+0000] {processor.py:925} INFO - DAG(s) 'example_setup_teardown' retrieved from /home/airflow/.local/lib/python3.12/site-packages/airflow/example_dags/example_setup_teardown.py
[2025-12-13T10:34:18.535+0000] {logging_mixin.py:190} INFO - [2025-12-13T10:34:18.534+0000] {dag.py:3239} INFO - Sync 1 DAGs
[2025-12-13T10:34:18.563+0000] {logging_mixin.py:190} INFO - [2025-12-13T10:34:18.562+0000] {dag.py:4180} INFO - Setting next_dagrun for example_setup_teardown to None, run_after=None
[2025-12-13T10:34:18.593+0000] {processor.py:208} INFO - Processing /home/airflow/.local/lib/python3.12/site-packages/airflow/example_dags/example_setup_teardown.py took 0.130 seconds
[2025-12-13T10:34:49.091+0000] {processor.py:186} INFO - Started process (PID=2363) to work on /home/airflow/.local/lib/python3.12/site-packages/airflow/example_dags/example_setup_teardown.py
[2025-12-13T10:34:49.092+0000] {processor.py:914} INFO - Processing file /home/airflow/.local/lib/python3.12/site-packages/airflow/example_dags/example_setup_teardown.py for tasks to queue
[2025-12-13T10:34:49.097+0000] {logging_mixin.py:190} INFO - [2025-12-13T10:34:49.096+0000] {dagbag.py:588} INFO - Filling up the DagBag from /home/airflow/.local/lib/python3.12/site-packages/airflow/example_dags/example_setup_teardown.py
[2025-12-13T10:34:49.113+0000] {processor.py:925} INFO - DAG(s) 'example_setup_teardown' retrieved from /home/airflow/.local/lib/python3.12/site-packages/airflow/example_dags/example_setup_teardown.py
[2025-12-13T10:34:49.143+0000] {logging_mixin.py:190} INFO - [2025-12-13T10:34:49.142+0000] {dag.py:3239} INFO - Sync 1 DAGs
[2025-12-13T10:34:49.167+0000] {logging_mixin.py:190} INFO - [2025-12-13T10:34:49.167+0000] {dag.py:4180} INFO - Setting next_dagrun for example_setup_teardown to None, run_after=None
[2025-12-13T10:34:49.196+0000] {processor.py:208} INFO - Processing /home/airflow/.local/lib/python3.12/site-packages/airflow/example_dags/example_setup_teardown.py took 0.117 seconds
[2025-12-13T10:35:19.829+0000] {processor.py:186} INFO - Started process (PID=2426) to work on /home/airflow/.local/lib/python3.12/site-packages/airflow/example_dags/example_setup_teardown.py
[2025-12-13T10:35:19.831+0000] {processor.py:914} INFO - Processing file /home/airflow/.local/lib/python3.12/site-packages/airflow/example_dags/example_setup_teardown.py for tasks to queue
[2025-12-13T10:35:19.836+0000] {logging_mixin.py:190} INFO - [2025-12-13T10:35:19.835+0000] {dagbag.py:588} INFO - Filling up the DagBag from /home/airflow/.local/lib/python3.12/site-packages/airflow/example_dags/example_setup_teardown.py
[2025-12-13T10:35:19.854+0000] {processor.py:925} INFO - DAG(s) 'example_setup_teardown' retrieved from /home/airflow/.local/lib/python3.12/site-packages/airflow/example_dags/example_setup_teardown.py
[2025-12-13T10:35:19.895+0000] {logging_mixin.py:190} INFO - [2025-12-13T10:35:19.895+0000] {dag.py:3239} INFO - Sync 1 DAGs
[2025-12-13T10:35:19.927+0000] {logging_mixin.py:190} INFO - [2025-12-13T10:35:19.926+0000] {dag.py:4180} INFO - Setting next_dagrun for example_setup_teardown to None, run_after=None
[2025-12-13T10:35:19.961+0000] {processor.py:208} INFO - Processing /home/airflow/.local/lib/python3.12/site-packages/airflow/example_dags/example_setup_teardown.py took 0.146 seconds
[2025-12-13T10:35:50.604+0000] {processor.py:186} INFO - Started process (PID=2489) to work on /home/airflow/.local/lib/python3.12/site-packages/airflow/example_dags/example_setup_teardown.py
[2025-12-13T10:35:50.608+0000] {processor.py:914} INFO - Processing file /home/airflow/.local/lib/python3.12/site-packages/airflow/example_dags/example_setup_teardown.py for tasks to queue
[2025-12-13T10:35:50.615+0000] {logging_mixin.py:190} INFO - [2025-12-13T10:35:50.613+0000] {dagbag.py:588} INFO - Filling up the DagBag from /home/airflow/.local/lib/python3.12/site-packages/airflow/example_dags/example_setup_teardown.py
[2025-12-13T10:35:50.642+0000] {processor.py:925} INFO - DAG(s) 'example_setup_teardown' retrieved from /home/airflow/.local/lib/python3.12/site-packages/airflow/example_dags/example_setup_teardown.py
[2025-12-13T10:35:50.716+0000] {logging_mixin.py:190} INFO - [2025-12-13T10:35:50.716+0000] {dag.py:3239} INFO - Sync 1 DAGs
[2025-12-13T10:35:50.763+0000] {logging_mixin.py:190} INFO - [2025-12-13T10:35:50.762+0000] {dag.py:4180} INFO - Setting next_dagrun for example_setup_teardown to None, run_after=None
[2025-12-13T10:35:50.848+0000] {processor.py:208} INFO - Processing /home/airflow/.local/lib/python3.12/site-packages/airflow/example_dags/example_setup_teardown.py took 0.263 seconds
[2025-12-13T10:36:21.488+0000] {processor.py:186} INFO - Started process (PID=2552) to work on /home/airflow/.local/lib/python3.12/site-packages/airflow/example_dags/example_setup_teardown.py
[2025-12-13T10:36:21.489+0000] {processor.py:914} INFO - Processing file /home/airflow/.local/lib/python3.12/site-packages/airflow/example_dags/example_setup_teardown.py for tasks to queue
[2025-12-13T10:36:21.493+0000] {logging_mixin.py:190} INFO - [2025-12-13T10:36:21.493+0000] {dagbag.py:588} INFO - Filling up the DagBag from /home/airflow/.local/lib/python3.12/site-packages/airflow/example_dags/example_setup_teardown.py
[2025-12-13T10:36:21.507+0000] {processor.py:925} INFO - DAG(s) 'example_setup_teardown' retrieved from /home/airflow/.local/lib/python3.12/site-packages/airflow/example_dags/example_setup_teardown.py
[2025-12-13T10:36:21.538+0000] {logging_mixin.py:190} INFO - [2025-12-13T10:36:21.537+0000] {dag.py:3239} INFO - Sync 1 DAGs
[2025-12-13T10:36:21.562+0000] {logging_mixin.py:190} INFO - [2025-12-13T10:36:21.561+0000] {dag.py:4180} INFO - Setting next_dagrun for example_setup_teardown to None, run_after=None
[2025-12-13T10:36:21.596+0000] {processor.py:208} INFO - Processing /home/airflow/.local/lib/python3.12/site-packages/airflow/example_dags/example_setup_teardown.py took 0.118 seconds
[2025-12-13T10:36:52.628+0000] {processor.py:186} INFO - Started process (PID=2616) to work on /home/airflow/.local/lib/python3.12/site-packages/airflow/example_dags/example_setup_teardown.py
[2025-12-13T10:36:52.631+0000] {processor.py:914} INFO - Processing file /home/airflow/.local/lib/python3.12/site-packages/airflow/example_dags/example_setup_teardown.py for tasks to queue
[2025-12-13T10:36:52.643+0000] {logging_mixin.py:190} INFO - [2025-12-13T10:36:52.642+0000] {dagbag.py:588} INFO - Filling up the DagBag from /home/airflow/.local/lib/python3.12/site-packages/airflow/example_dags/example_setup_teardown.py
[2025-12-13T10:36:52.677+0000] {processor.py:925} INFO - DAG(s) 'example_setup_teardown' retrieved from /home/airflow/.local/lib/python3.12/site-packages/airflow/example_dags/example_setup_teardown.py
[2025-12-13T10:36:52.729+0000] {logging_mixin.py:190} INFO - [2025-12-13T10:36:52.728+0000] {dag.py:3239} INFO - Sync 1 DAGs
[2025-12-13T10:36:52.766+0000] {logging_mixin.py:190} INFO - [2025-12-13T10:36:52.766+0000] {dag.py:4180} INFO - Setting next_dagrun for example_setup_teardown to None, run_after=None
[2025-12-13T10:36:52.814+0000] {processor.py:208} INFO - Processing /home/airflow/.local/lib/python3.12/site-packages/airflow/example_dags/example_setup_teardown.py took 0.200 seconds
[2025-12-13T10:37:23.791+0000] {processor.py:186} INFO - Started process (PID=2679) to work on /home/airflow/.local/lib/python3.12/site-packages/airflow/example_dags/example_setup_teardown.py
[2025-12-13T10:37:23.793+0000] {processor.py:914} INFO - Processing file /home/airflow/.local/lib/python3.12/site-packages/airflow/example_dags/example_setup_teardown.py for tasks to queue
[2025-12-13T10:37:23.798+0000] {logging_mixin.py:190} INFO - [2025-12-13T10:37:23.797+0000] {dagbag.py:588} INFO - Filling up the DagBag from /home/airflow/.local/lib/python3.12/site-packages/airflow/example_dags/example_setup_teardown.py
[2025-12-13T10:37:23.816+0000] {processor.py:925} INFO - DAG(s) 'example_setup_teardown' retrieved from /home/airflow/.local/lib/python3.12/site-packages/airflow/example_dags/example_setup_teardown.py
[2025-12-13T10:37:23.860+0000] {logging_mixin.py:190} INFO - [2025-12-13T10:37:23.859+0000] {dag.py:3239} INFO - Sync 1 DAGs
[2025-12-13T10:37:23.895+0000] {logging_mixin.py:190} INFO - [2025-12-13T10:37:23.895+0000] {dag.py:4180} INFO - Setting next_dagrun for example_setup_teardown to None, run_after=None
[2025-12-13T10:37:23.932+0000] {processor.py:208} INFO - Processing /home/airflow/.local/lib/python3.12/site-packages/airflow/example_dags/example_setup_teardown.py took 0.153 seconds
[2025-12-13T10:37:55.467+0000] {processor.py:186} INFO - Started process (PID=2742) to work on /home/airflow/.local/lib/python3.12/site-packages/airflow/example_dags/example_setup_teardown.py
[2025-12-13T10:37:55.468+0000] {processor.py:914} INFO - Processing file /home/airflow/.local/lib/python3.12/site-packages/airflow/example_dags/example_setup_teardown.py for tasks to queue
[2025-12-13T10:37:55.474+0000] {logging_mixin.py:190} INFO - [2025-12-13T10:37:55.474+0000] {dagbag.py:588} INFO - Filling up the DagBag from /home/airflow/.local/lib/python3.12/site-packages/airflow/example_dags/example_setup_teardown.py
[2025-12-13T10:37:55.497+0000] {processor.py:925} INFO - DAG(s) 'example_setup_teardown' retrieved from /home/airflow/.local/lib/python3.12/site-packages/airflow/example_dags/example_setup_teardown.py
[2025-12-13T10:37:55.559+0000] {logging_mixin.py:190} INFO - [2025-12-13T10:37:55.558+0000] {dag.py:3239} INFO - Sync 1 DAGs
[2025-12-13T10:37:55.602+0000] {logging_mixin.py:190} INFO - [2025-12-13T10:37:55.601+0000] {dag.py:4180} INFO - Setting next_dagrun for example_setup_teardown to None, run_after=None
[2025-12-13T10:37:55.653+0000] {processor.py:208} INFO - Processing /home/airflow/.local/lib/python3.12/site-packages/airflow/example_dags/example_setup_teardown.py took 0.198 seconds
[2025-12-13T10:38:29.002+0000] {processor.py:186} INFO - Started process (PID=2807) to work on /home/airflow/.local/lib/python3.12/site-packages/airflow/example_dags/example_setup_teardown.py
[2025-12-13T10:38:29.006+0000] {processor.py:914} INFO - Processing file /home/airflow/.local/lib/python3.12/site-packages/airflow/example_dags/example_setup_teardown.py for tasks to queue
[2025-12-13T10:38:29.015+0000] {logging_mixin.py:190} INFO - [2025-12-13T10:38:29.014+0000] {dagbag.py:588} INFO - Filling up the DagBag from /home/airflow/.local/lib/python3.12/site-packages/airflow/example_dags/example_setup_teardown.py
[2025-12-13T10:38:29.060+0000] {processor.py:925} INFO - DAG(s) 'example_setup_teardown' retrieved from /home/airflow/.local/lib/python3.12/site-packages/airflow/example_dags/example_setup_teardown.py
[2025-12-13T10:38:29.154+0000] {logging_mixin.py:190} INFO - [2025-12-13T10:38:29.152+0000] {dag.py:3239} INFO - Sync 1 DAGs
[2025-12-13T10:38:29.206+0000] {logging_mixin.py:190} INFO - [2025-12-13T10:38:29.206+0000] {dag.py:4180} INFO - Setting next_dagrun for example_setup_teardown to None, run_after=None
[2025-12-13T10:38:29.285+0000] {processor.py:208} INFO - Processing /home/airflow/.local/lib/python3.12/site-packages/airflow/example_dags/example_setup_teardown.py took 0.323 seconds
[2025-12-13T10:38:59.370+0000] {processor.py:186} INFO - Started process (PID=2869) to work on /home/airflow/.local/lib/python3.12/site-packages/airflow/example_dags/example_setup_teardown.py
[2025-12-13T10:38:59.372+0000] {processor.py:914} INFO - Processing file /home/airflow/.local/lib/python3.12/site-packages/airflow/example_dags/example_setup_teardown.py for tasks to queue
[2025-12-13T10:38:59.376+0000] {logging_mixin.py:190} INFO - [2025-12-13T10:38:59.375+0000] {dagbag.py:588} INFO - Filling up the DagBag from /home/airflow/.local/lib/python3.12/site-packages/airflow/example_dags/example_setup_teardown.py
[2025-12-13T10:38:59.393+0000] {processor.py:925} INFO - DAG(s) 'example_setup_teardown' retrieved from /home/airflow/.local/lib/python3.12/site-packages/airflow/example_dags/example_setup_teardown.py
[2025-12-13T10:38:59.431+0000] {logging_mixin.py:190} INFO - [2025-12-13T10:38:59.431+0000] {dag.py:3239} INFO - Sync 1 DAGs
[2025-12-13T10:38:59.461+0000] {logging_mixin.py:190} INFO - [2025-12-13T10:38:59.460+0000] {dag.py:4180} INFO - Setting next_dagrun for example_setup_teardown to None, run_after=None
[2025-12-13T10:38:59.493+0000] {processor.py:208} INFO - Processing /home/airflow/.local/lib/python3.12/site-packages/airflow/example_dags/example_setup_teardown.py took 0.135 seconds
[2025-12-13T10:39:29.717+0000] {processor.py:186} INFO - Started process (PID=2932) to work on /home/airflow/.local/lib/python3.12/site-packages/airflow/example_dags/example_setup_teardown.py
[2025-12-13T10:39:29.718+0000] {processor.py:914} INFO - Processing file /home/airflow/.local/lib/python3.12/site-packages/airflow/example_dags/example_setup_teardown.py for tasks to queue
[2025-12-13T10:39:29.722+0000] {logging_mixin.py:190} INFO - [2025-12-13T10:39:29.721+0000] {dagbag.py:588} INFO - Filling up the DagBag from /home/airflow/.local/lib/python3.12/site-packages/airflow/example_dags/example_setup_teardown.py
[2025-12-13T10:39:29.737+0000] {processor.py:925} INFO - DAG(s) 'example_setup_teardown' retrieved from /home/airflow/.local/lib/python3.12/site-packages/airflow/example_dags/example_setup_teardown.py
[2025-12-13T10:39:29.769+0000] {logging_mixin.py:190} INFO - [2025-12-13T10:39:29.769+0000] {dag.py:3239} INFO - Sync 1 DAGs
[2025-12-13T10:39:29.794+0000] {logging_mixin.py:190} INFO - [2025-12-13T10:39:29.794+0000] {dag.py:4180} INFO - Setting next_dagrun for example_setup_teardown to None, run_after=None
[2025-12-13T10:39:29.821+0000] {processor.py:208} INFO - Processing /home/airflow/.local/lib/python3.12/site-packages/airflow/example_dags/example_setup_teardown.py took 0.114 seconds
[2025-12-13T10:40:00.987+0000] {processor.py:186} INFO - Started process (PID=2995) to work on /home/airflow/.local/lib/python3.12/site-packages/airflow/example_dags/example_setup_teardown.py
[2025-12-13T10:40:00.988+0000] {processor.py:914} INFO - Processing file /home/airflow/.local/lib/python3.12/site-packages/airflow/example_dags/example_setup_teardown.py for tasks to queue
[2025-12-13T10:40:00.992+0000] {logging_mixin.py:190} INFO - [2025-12-13T10:40:00.991+0000] {dagbag.py:588} INFO - Filling up the DagBag from /home/airflow/.local/lib/python3.12/site-packages/airflow/example_dags/example_setup_teardown.py
[2025-12-13T10:40:01.007+0000] {processor.py:925} INFO - DAG(s) 'example_setup_teardown' retrieved from /home/airflow/.local/lib/python3.12/site-packages/airflow/example_dags/example_setup_teardown.py
[2025-12-13T10:40:01.280+0000] {logging_mixin.py:190} INFO - [2025-12-13T10:40:01.280+0000] {dag.py:3239} INFO - Sync 1 DAGs
[2025-12-13T10:40:01.300+0000] {logging_mixin.py:190} INFO - [2025-12-13T10:40:01.300+0000] {dag.py:4180} INFO - Setting next_dagrun for example_setup_teardown to None, run_after=None
[2025-12-13T10:40:01.327+0000] {processor.py:208} INFO - Processing /home/airflow/.local/lib/python3.12/site-packages/airflow/example_dags/example_setup_teardown.py took 0.348 seconds
[2025-12-13T10:40:31.707+0000] {processor.py:186} INFO - Started process (PID=3058) to work on /home/airflow/.local/lib/python3.12/site-packages/airflow/example_dags/example_setup_teardown.py
[2025-12-13T10:40:31.708+0000] {processor.py:914} INFO - Processing file /home/airflow/.local/lib/python3.12/site-packages/airflow/example_dags/example_setup_teardown.py for tasks to queue
[2025-12-13T10:40:31.712+0000] {logging_mixin.py:190} INFO - [2025-12-13T10:40:31.711+0000] {dagbag.py:588} INFO - Filling up the DagBag from /home/airflow/.local/lib/python3.12/site-packages/airflow/example_dags/example_setup_teardown.py
[2025-12-13T10:40:31.729+0000] {processor.py:925} INFO - DAG(s) 'example_setup_teardown' retrieved from /home/airflow/.local/lib/python3.12/site-packages/airflow/example_dags/example_setup_teardown.py
[2025-12-13T10:40:31.761+0000] {logging_mixin.py:190} INFO - [2025-12-13T10:40:31.760+0000] {dag.py:3239} INFO - Sync 1 DAGs
[2025-12-13T10:40:32.036+0000] {logging_mixin.py:190} INFO - [2025-12-13T10:40:32.036+0000] {dag.py:4180} INFO - Setting next_dagrun for example_setup_teardown to None, run_after=None
[2025-12-13T10:40:32.066+0000] {processor.py:208} INFO - Processing /home/airflow/.local/lib/python3.12/site-packages/airflow/example_dags/example_setup_teardown.py took 0.370 seconds
[2025-12-13T10:41:02.123+0000] {processor.py:186} INFO - Started process (PID=3120) to work on /home/airflow/.local/lib/python3.12/site-packages/airflow/example_dags/example_setup_teardown.py
[2025-12-13T10:41:02.125+0000] {processor.py:914} INFO - Processing file /home/airflow/.local/lib/python3.12/site-packages/airflow/example_dags/example_setup_teardown.py for tasks to queue
[2025-12-13T10:41:02.128+0000] {logging_mixin.py:190} INFO - [2025-12-13T10:41:02.127+0000] {dagbag.py:588} INFO - Filling up the DagBag from /home/airflow/.local/lib/python3.12/site-packages/airflow/example_dags/example_setup_teardown.py
[2025-12-13T10:41:02.143+0000] {processor.py:925} INFO - DAG(s) 'example_setup_teardown' retrieved from /home/airflow/.local/lib/python3.12/site-packages/airflow/example_dags/example_setup_teardown.py
[2025-12-13T10:41:02.184+0000] {logging_mixin.py:190} INFO - [2025-12-13T10:41:02.183+0000] {dag.py:3239} INFO - Sync 1 DAGs
[2025-12-13T10:41:02.213+0000] {logging_mixin.py:190} INFO - [2025-12-13T10:41:02.212+0000] {dag.py:4180} INFO - Setting next_dagrun for example_setup_teardown to None, run_after=None
[2025-12-13T10:41:02.253+0000] {processor.py:208} INFO - Processing /home/airflow/.local/lib/python3.12/site-packages/airflow/example_dags/example_setup_teardown.py took 0.140 seconds
[2025-12-13T10:41:32.332+0000] {processor.py:186} INFO - Started process (PID=3183) to work on /home/airflow/.local/lib/python3.12/site-packages/airflow/example_dags/example_setup_teardown.py
[2025-12-13T10:41:32.333+0000] {processor.py:914} INFO - Processing file /home/airflow/.local/lib/python3.12/site-packages/airflow/example_dags/example_setup_teardown.py for tasks to queue
[2025-12-13T10:41:32.339+0000] {logging_mixin.py:190} INFO - [2025-12-13T10:41:32.338+0000] {dagbag.py:588} INFO - Filling up the DagBag from /home/airflow/.local/lib/python3.12/site-packages/airflow/example_dags/example_setup_teardown.py
[2025-12-13T10:41:32.358+0000] {processor.py:925} INFO - DAG(s) 'example_setup_teardown' retrieved from /home/airflow/.local/lib/python3.12/site-packages/airflow/example_dags/example_setup_teardown.py
[2025-12-13T10:41:32.396+0000] {logging_mixin.py:190} INFO - [2025-12-13T10:41:32.395+0000] {dag.py:3239} INFO - Sync 1 DAGs
[2025-12-13T10:41:32.430+0000] {logging_mixin.py:190} INFO - [2025-12-13T10:41:32.430+0000] {dag.py:4180} INFO - Setting next_dagrun for example_setup_teardown to None, run_after=None
[2025-12-13T10:41:32.462+0000] {processor.py:208} INFO - Processing /home/airflow/.local/lib/python3.12/site-packages/airflow/example_dags/example_setup_teardown.py took 0.143 seconds
[2025-12-13T10:42:02.878+0000] {processor.py:186} INFO - Started process (PID=3246) to work on /home/airflow/.local/lib/python3.12/site-packages/airflow/example_dags/example_setup_teardown.py
[2025-12-13T10:42:02.881+0000] {processor.py:914} INFO - Processing file /home/airflow/.local/lib/python3.12/site-packages/airflow/example_dags/example_setup_teardown.py for tasks to queue
[2025-12-13T10:42:02.885+0000] {logging_mixin.py:190} INFO - [2025-12-13T10:42:02.884+0000] {dagbag.py:588} INFO - Filling up the DagBag from /home/airflow/.local/lib/python3.12/site-packages/airflow/example_dags/example_setup_teardown.py
[2025-12-13T10:42:02.904+0000] {processor.py:925} INFO - DAG(s) 'example_setup_teardown' retrieved from /home/airflow/.local/lib/python3.12/site-packages/airflow/example_dags/example_setup_teardown.py
[2025-12-13T10:42:02.947+0000] {logging_mixin.py:190} INFO - [2025-12-13T10:42:02.946+0000] {dag.py:3239} INFO - Sync 1 DAGs
[2025-12-13T10:42:02.980+0000] {logging_mixin.py:190} INFO - [2025-12-13T10:42:02.979+0000] {dag.py:4180} INFO - Setting next_dagrun for example_setup_teardown to None, run_after=None
[2025-12-13T10:42:03.017+0000] {processor.py:208} INFO - Processing /home/airflow/.local/lib/python3.12/site-packages/airflow/example_dags/example_setup_teardown.py took 0.150 seconds
[2025-12-13T10:42:34.040+0000] {processor.py:186} INFO - Started process (PID=3309) to work on /home/airflow/.local/lib/python3.12/site-packages/airflow/example_dags/example_setup_teardown.py
[2025-12-13T10:42:34.041+0000] {processor.py:914} INFO - Processing file /home/airflow/.local/lib/python3.12/site-packages/airflow/example_dags/example_setup_teardown.py for tasks to queue
[2025-12-13T10:42:34.046+0000] {logging_mixin.py:190} INFO - [2025-12-13T10:42:34.045+0000] {dagbag.py:588} INFO - Filling up the DagBag from /home/airflow/.local/lib/python3.12/site-packages/airflow/example_dags/example_setup_teardown.py
[2025-12-13T10:42:34.065+0000] {processor.py:925} INFO - DAG(s) 'example_setup_teardown' retrieved from /home/airflow/.local/lib/python3.12/site-packages/airflow/example_dags/example_setup_teardown.py
[2025-12-13T10:42:34.108+0000] {logging_mixin.py:190} INFO - [2025-12-13T10:42:34.108+0000] {dag.py:3239} INFO - Sync 1 DAGs
[2025-12-13T10:42:34.141+0000] {logging_mixin.py:190} INFO - [2025-12-13T10:42:34.141+0000] {dag.py:4180} INFO - Setting next_dagrun for example_setup_teardown to None, run_after=None
[2025-12-13T10:42:34.176+0000] {processor.py:208} INFO - Processing /home/airflow/.local/lib/python3.12/site-packages/airflow/example_dags/example_setup_teardown.py took 0.151 seconds
[2025-12-13T10:43:05.056+0000] {processor.py:186} INFO - Started process (PID=3372) to work on /home/airflow/.local/lib/python3.12/site-packages/airflow/example_dags/example_setup_teardown.py
[2025-12-13T10:43:05.061+0000] {processor.py:914} INFO - Processing file /home/airflow/.local/lib/python3.12/site-packages/airflow/example_dags/example_setup_teardown.py for tasks to queue
[2025-12-13T10:43:05.065+0000] {logging_mixin.py:190} INFO - [2025-12-13T10:43:05.064+0000] {dagbag.py:588} INFO - Filling up the DagBag from /home/airflow/.local/lib/python3.12/site-packages/airflow/example_dags/example_setup_teardown.py
[2025-12-13T10:43:05.082+0000] {processor.py:925} INFO - DAG(s) 'example_setup_teardown' retrieved from /home/airflow/.local/lib/python3.12/site-packages/airflow/example_dags/example_setup_teardown.py
[2025-12-13T10:43:05.121+0000] {logging_mixin.py:190} INFO - [2025-12-13T10:43:05.121+0000] {dag.py:3239} INFO - Sync 1 DAGs
[2025-12-13T10:43:05.154+0000] {logging_mixin.py:190} INFO - [2025-12-13T10:43:05.153+0000] {dag.py:4180} INFO - Setting next_dagrun for example_setup_teardown to None, run_after=None
[2025-12-13T10:43:05.191+0000] {processor.py:208} INFO - Processing /home/airflow/.local/lib/python3.12/site-packages/airflow/example_dags/example_setup_teardown.py took 0.148 seconds
[2025-12-13T10:43:35.979+0000] {processor.py:186} INFO - Started process (PID=3434) to work on /home/airflow/.local/lib/python3.12/site-packages/airflow/example_dags/example_setup_teardown.py
[2025-12-13T10:43:35.980+0000] {processor.py:914} INFO - Processing file /home/airflow/.local/lib/python3.12/site-packages/airflow/example_dags/example_setup_teardown.py for tasks to queue
[2025-12-13T10:43:35.985+0000] {logging_mixin.py:190} INFO - [2025-12-13T10:43:35.984+0000] {dagbag.py:588} INFO - Filling up the DagBag from /home/airflow/.local/lib/python3.12/site-packages/airflow/example_dags/example_setup_teardown.py
[2025-12-13T10:43:36.004+0000] {processor.py:925} INFO - DAG(s) 'example_setup_teardown' retrieved from /home/airflow/.local/lib/python3.12/site-packages/airflow/example_dags/example_setup_teardown.py
[2025-12-13T10:43:36.047+0000] {logging_mixin.py:190} INFO - [2025-12-13T10:43:36.046+0000] {dag.py:3239} INFO - Sync 1 DAGs
[2025-12-13T10:43:36.079+0000] {logging_mixin.py:190} INFO - [2025-12-13T10:43:36.078+0000] {dag.py:4180} INFO - Setting next_dagrun for example_setup_teardown to None, run_after=None
[2025-12-13T10:43:36.120+0000] {processor.py:208} INFO - Processing /home/airflow/.local/lib/python3.12/site-packages/airflow/example_dags/example_setup_teardown.py took 0.154 seconds
[2025-12-13T10:44:07.766+0000] {processor.py:186} INFO - Started process (PID=3498) to work on /home/airflow/.local/lib/python3.12/site-packages/airflow/example_dags/example_setup_teardown.py
[2025-12-13T10:44:07.768+0000] {processor.py:914} INFO - Processing file /home/airflow/.local/lib/python3.12/site-packages/airflow/example_dags/example_setup_teardown.py for tasks to queue
[2025-12-13T10:44:07.778+0000] {logging_mixin.py:190} INFO - [2025-12-13T10:44:07.777+0000] {dagbag.py:588} INFO - Filling up the DagBag from /home/airflow/.local/lib/python3.12/site-packages/airflow/example_dags/example_setup_teardown.py
[2025-12-13T10:44:07.821+0000] {processor.py:925} INFO - DAG(s) 'example_setup_teardown' retrieved from /home/airflow/.local/lib/python3.12/site-packages/airflow/example_dags/example_setup_teardown.py
[2025-12-13T10:44:07.922+0000] {logging_mixin.py:190} INFO - [2025-12-13T10:44:07.921+0000] {dag.py:3239} INFO - Sync 1 DAGs
[2025-12-13T10:44:08.006+0000] {logging_mixin.py:190} INFO - [2025-12-13T10:44:08.005+0000] {dag.py:4180} INFO - Setting next_dagrun for example_setup_teardown to None, run_after=None
[2025-12-13T10:44:08.123+0000] {processor.py:208} INFO - Processing /home/airflow/.local/lib/python3.12/site-packages/airflow/example_dags/example_setup_teardown.py took 0.388 seconds
[2025-12-13T10:44:38.813+0000] {processor.py:186} INFO - Started process (PID=3561) to work on /home/airflow/.local/lib/python3.12/site-packages/airflow/example_dags/example_setup_teardown.py
[2025-12-13T10:44:38.816+0000] {processor.py:914} INFO - Processing file /home/airflow/.local/lib/python3.12/site-packages/airflow/example_dags/example_setup_teardown.py for tasks to queue
[2025-12-13T10:44:38.826+0000] {logging_mixin.py:190} INFO - [2025-12-13T10:44:38.825+0000] {dagbag.py:588} INFO - Filling up the DagBag from /home/airflow/.local/lib/python3.12/site-packages/airflow/example_dags/example_setup_teardown.py
[2025-12-13T10:44:38.867+0000] {processor.py:925} INFO - DAG(s) 'example_setup_teardown' retrieved from /home/airflow/.local/lib/python3.12/site-packages/airflow/example_dags/example_setup_teardown.py
[2025-12-13T10:44:39.050+0000] {logging_mixin.py:190} INFO - [2025-12-13T10:44:39.049+0000] {dag.py:3239} INFO - Sync 1 DAGs
[2025-12-13T10:44:39.147+0000] {logging_mixin.py:190} INFO - [2025-12-13T10:44:39.145+0000] {dag.py:4180} INFO - Setting next_dagrun for example_setup_teardown to None, run_after=None
[2025-12-13T10:44:39.267+0000] {processor.py:208} INFO - Processing /home/airflow/.local/lib/python3.12/site-packages/airflow/example_dags/example_setup_teardown.py took 0.483 seconds
[2025-12-13T10:45:09.406+0000] {processor.py:186} INFO - Started process (PID=3624) to work on /home/airflow/.local/lib/python3.12/site-packages/airflow/example_dags/example_setup_teardown.py
[2025-12-13T10:45:09.407+0000] {processor.py:914} INFO - Processing file /home/airflow/.local/lib/python3.12/site-packages/airflow/example_dags/example_setup_teardown.py for tasks to queue
[2025-12-13T10:45:09.411+0000] {logging_mixin.py:190} INFO - [2025-12-13T10:45:09.411+0000] {dagbag.py:588} INFO - Filling up the DagBag from /home/airflow/.local/lib/python3.12/site-packages/airflow/example_dags/example_setup_teardown.py
[2025-12-13T10:45:09.424+0000] {processor.py:925} INFO - DAG(s) 'example_setup_teardown' retrieved from /home/airflow/.local/lib/python3.12/site-packages/airflow/example_dags/example_setup_teardown.py
[2025-12-13T10:45:09.454+0000] {logging_mixin.py:190} INFO - [2025-12-13T10:45:09.453+0000] {dag.py:3239} INFO - Sync 1 DAGs
[2025-12-13T10:45:09.475+0000] {logging_mixin.py:190} INFO - [2025-12-13T10:45:09.474+0000] {dag.py:4180} INFO - Setting next_dagrun for example_setup_teardown to None, run_after=None
[2025-12-13T10:45:09.502+0000] {processor.py:208} INFO - Processing /home/airflow/.local/lib/python3.12/site-packages/airflow/example_dags/example_setup_teardown.py took 0.105 seconds
[2025-12-13T10:45:40.281+0000] {processor.py:186} INFO - Started process (PID=3687) to work on /home/airflow/.local/lib/python3.12/site-packages/airflow/example_dags/example_setup_teardown.py
[2025-12-13T10:45:40.282+0000] {processor.py:914} INFO - Processing file /home/airflow/.local/lib/python3.12/site-packages/airflow/example_dags/example_setup_teardown.py for tasks to queue
[2025-12-13T10:45:40.288+0000] {logging_mixin.py:190} INFO - [2025-12-13T10:45:40.287+0000] {dagbag.py:588} INFO - Filling up the DagBag from /home/airflow/.local/lib/python3.12/site-packages/airflow/example_dags/example_setup_teardown.py
[2025-12-13T10:45:40.306+0000] {processor.py:925} INFO - DAG(s) 'example_setup_teardown' retrieved from /home/airflow/.local/lib/python3.12/site-packages/airflow/example_dags/example_setup_teardown.py
[2025-12-13T10:45:40.341+0000] {logging_mixin.py:190} INFO - [2025-12-13T10:45:40.341+0000] {dag.py:3239} INFO - Sync 1 DAGs
[2025-12-13T10:45:40.368+0000] {logging_mixin.py:190} INFO - [2025-12-13T10:45:40.368+0000] {dag.py:4180} INFO - Setting next_dagrun for example_setup_teardown to None, run_after=None
[2025-12-13T10:45:40.391+0000] {processor.py:208} INFO - Processing /home/airflow/.local/lib/python3.12/site-packages/airflow/example_dags/example_setup_teardown.py took 0.121 seconds
[2025-12-13T10:46:10.783+0000] {processor.py:186} INFO - Started process (PID=3750) to work on /home/airflow/.local/lib/python3.12/site-packages/airflow/example_dags/example_setup_teardown.py
[2025-12-13T10:46:10.785+0000] {processor.py:914} INFO - Processing file /home/airflow/.local/lib/python3.12/site-packages/airflow/example_dags/example_setup_teardown.py for tasks to queue
[2025-12-13T10:46:10.788+0000] {logging_mixin.py:190} INFO - [2025-12-13T10:46:10.788+0000] {dagbag.py:588} INFO - Filling up the DagBag from /home/airflow/.local/lib/python3.12/site-packages/airflow/example_dags/example_setup_teardown.py
[2025-12-13T10:46:10.804+0000] {processor.py:925} INFO - DAG(s) 'example_setup_teardown' retrieved from /home/airflow/.local/lib/python3.12/site-packages/airflow/example_dags/example_setup_teardown.py
[2025-12-13T10:46:10.836+0000] {logging_mixin.py:190} INFO - [2025-12-13T10:46:10.836+0000] {dag.py:3239} INFO - Sync 1 DAGs
[2025-12-13T10:46:10.864+0000] {logging_mixin.py:190} INFO - [2025-12-13T10:46:10.864+0000] {dag.py:4180} INFO - Setting next_dagrun for example_setup_teardown to None, run_after=None
[2025-12-13T10:46:10.893+0000] {processor.py:208} INFO - Processing /home/airflow/.local/lib/python3.12/site-packages/airflow/example_dags/example_setup_teardown.py took 0.119 seconds
[2025-12-13T10:46:41.897+0000] {processor.py:186} INFO - Started process (PID=3813) to work on /home/airflow/.local/lib/python3.12/site-packages/airflow/example_dags/example_setup_teardown.py
[2025-12-13T10:46:41.898+0000] {processor.py:914} INFO - Processing file /home/airflow/.local/lib/python3.12/site-packages/airflow/example_dags/example_setup_teardown.py for tasks to queue
[2025-12-13T10:46:41.902+0000] {logging_mixin.py:190} INFO - [2025-12-13T10:46:41.901+0000] {dagbag.py:588} INFO - Filling up the DagBag from /home/airflow/.local/lib/python3.12/site-packages/airflow/example_dags/example_setup_teardown.py
[2025-12-13T10:46:41.916+0000] {processor.py:925} INFO - DAG(s) 'example_setup_teardown' retrieved from /home/airflow/.local/lib/python3.12/site-packages/airflow/example_dags/example_setup_teardown.py
[2025-12-13T10:46:41.953+0000] {logging_mixin.py:190} INFO - [2025-12-13T10:46:41.952+0000] {dag.py:3239} INFO - Sync 1 DAGs
[2025-12-13T10:46:41.980+0000] {logging_mixin.py:190} INFO - [2025-12-13T10:46:41.979+0000] {dag.py:4180} INFO - Setting next_dagrun for example_setup_teardown to None, run_after=None
[2025-12-13T10:46:42.011+0000] {processor.py:208} INFO - Processing /home/airflow/.local/lib/python3.12/site-packages/airflow/example_dags/example_setup_teardown.py took 0.125 seconds
