[2025-12-13T10:16:02.912+0000] {processor.py:186} INFO - Started process (PID=82) to work on /home/airflow/.local/lib/python3.12/site-packages/airflow/example_dags/example_local_kubernetes_executor.py
[2025-12-13T10:16:02.913+0000] {processor.py:914} INFO - Processing file /home/airflow/.local/lib/python3.12/site-packages/airflow/example_dags/example_local_kubernetes_executor.py for tasks to queue
[2025-12-13T10:16:02.918+0000] {logging_mixin.py:190} INFO - [2025-12-13T10:16:02.917+0000] {dagbag.py:588} INFO - Filling up the DagBag from /home/airflow/.local/lib/python3.12/site-packages/airflow/example_dags/example_local_kubernetes_executor.py
[2025-12-13T10:16:02.945+0000] {processor.py:925} INFO - DAG(s) 'example_local_kubernetes_executor' retrieved from /home/airflow/.local/lib/python3.12/site-packages/airflow/example_dags/example_local_kubernetes_executor.py
[2025-12-13T10:16:03.207+0000] {logging_mixin.py:190} INFO - [2025-12-13T10:16:03.206+0000] {override.py:1911} INFO - Created Permission View: can edit on DAG:example_local_kubernetes_executor
[2025-12-13T10:16:03.232+0000] {logging_mixin.py:190} INFO - [2025-12-13T10:16:03.231+0000] {override.py:1911} INFO - Created Permission View: can delete on DAG:example_local_kubernetes_executor
[2025-12-13T10:16:03.245+0000] {logging_mixin.py:190} INFO - [2025-12-13T10:16:03.244+0000] {override.py:1911} INFO - Created Permission View: can read on DAG:example_local_kubernetes_executor
[2025-12-13T10:16:03.272+0000] {logging_mixin.py:190} INFO - [2025-12-13T10:16:03.272+0000] {override.py:1911} INFO - Created Permission View: can create on DAG Run:example_local_kubernetes_executor
[2025-12-13T10:16:03.297+0000] {logging_mixin.py:190} INFO - [2025-12-13T10:16:03.297+0000] {override.py:1911} INFO - Created Permission View: can delete on DAG Run:example_local_kubernetes_executor
[2025-12-13T10:16:03.318+0000] {logging_mixin.py:190} INFO - [2025-12-13T10:16:03.316+0000] {override.py:1911} INFO - Created Permission View: menu access on DAG Run:example_local_kubernetes_executor
[2025-12-13T10:16:03.334+0000] {logging_mixin.py:190} INFO - [2025-12-13T10:16:03.334+0000] {override.py:1911} INFO - Created Permission View: can read on DAG Run:example_local_kubernetes_executor
[2025-12-13T10:16:03.335+0000] {logging_mixin.py:190} INFO - [2025-12-13T10:16:03.335+0000] {dag.py:3239} INFO - Sync 1 DAGs
[2025-12-13T10:16:03.365+0000] {logging_mixin.py:190} INFO - [2025-12-13T10:16:03.364+0000] {dag.py:3262} INFO - Creating ORM DAG for example_local_kubernetes_executor
[2025-12-13T10:16:03.366+0000] {logging_mixin.py:190} INFO - [2025-12-13T10:16:03.366+0000] {dag.py:4180} INFO - Setting next_dagrun for example_local_kubernetes_executor to None, run_after=None
[2025-12-13T10:16:03.405+0000] {processor.py:208} INFO - Processing /home/airflow/.local/lib/python3.12/site-packages/airflow/example_dags/example_local_kubernetes_executor.py took 0.506 seconds
[2025-12-13T10:16:34.073+0000] {processor.py:186} INFO - Started process (PID=144) to work on /home/airflow/.local/lib/python3.12/site-packages/airflow/example_dags/example_local_kubernetes_executor.py
[2025-12-13T10:16:34.077+0000] {processor.py:914} INFO - Processing file /home/airflow/.local/lib/python3.12/site-packages/airflow/example_dags/example_local_kubernetes_executor.py for tasks to queue
[2025-12-13T10:16:34.083+0000] {logging_mixin.py:190} INFO - [2025-12-13T10:16:34.082+0000] {dagbag.py:588} INFO - Filling up the DagBag from /home/airflow/.local/lib/python3.12/site-packages/airflow/example_dags/example_local_kubernetes_executor.py
[2025-12-13T10:16:34.111+0000] {processor.py:925} INFO - DAG(s) 'example_local_kubernetes_executor' retrieved from /home/airflow/.local/lib/python3.12/site-packages/airflow/example_dags/example_local_kubernetes_executor.py
[2025-12-13T10:16:34.189+0000] {logging_mixin.py:190} INFO - [2025-12-13T10:16:34.189+0000] {dag.py:3239} INFO - Sync 1 DAGs
[2025-12-13T10:16:34.222+0000] {logging_mixin.py:190} INFO - [2025-12-13T10:16:34.221+0000] {dag.py:4180} INFO - Setting next_dagrun for example_local_kubernetes_executor to None, run_after=None
[2025-12-13T10:16:34.259+0000] {processor.py:208} INFO - Processing /home/airflow/.local/lib/python3.12/site-packages/airflow/example_dags/example_local_kubernetes_executor.py took 0.204 seconds
[2025-12-13T10:17:04.674+0000] {processor.py:186} INFO - Started process (PID=207) to work on /home/airflow/.local/lib/python3.12/site-packages/airflow/example_dags/example_local_kubernetes_executor.py
[2025-12-13T10:17:04.676+0000] {processor.py:914} INFO - Processing file /home/airflow/.local/lib/python3.12/site-packages/airflow/example_dags/example_local_kubernetes_executor.py for tasks to queue
[2025-12-13T10:17:04.683+0000] {logging_mixin.py:190} INFO - [2025-12-13T10:17:04.682+0000] {dagbag.py:588} INFO - Filling up the DagBag from /home/airflow/.local/lib/python3.12/site-packages/airflow/example_dags/example_local_kubernetes_executor.py
[2025-12-13T10:17:04.732+0000] {processor.py:925} INFO - DAG(s) 'example_local_kubernetes_executor' retrieved from /home/airflow/.local/lib/python3.12/site-packages/airflow/example_dags/example_local_kubernetes_executor.py
[2025-12-13T10:17:04.813+0000] {logging_mixin.py:190} INFO - [2025-12-13T10:17:04.813+0000] {dag.py:3239} INFO - Sync 1 DAGs
[2025-12-13T10:17:04.850+0000] {logging_mixin.py:190} INFO - [2025-12-13T10:17:04.850+0000] {dag.py:4180} INFO - Setting next_dagrun for example_local_kubernetes_executor to None, run_after=None
[2025-12-13T10:17:04.884+0000] {processor.py:208} INFO - Processing /home/airflow/.local/lib/python3.12/site-packages/airflow/example_dags/example_local_kubernetes_executor.py took 0.236 seconds
[2025-12-13T10:17:35.292+0000] {processor.py:186} INFO - Started process (PID=269) to work on /home/airflow/.local/lib/python3.12/site-packages/airflow/example_dags/example_local_kubernetes_executor.py
[2025-12-13T10:17:35.295+0000] {processor.py:914} INFO - Processing file /home/airflow/.local/lib/python3.12/site-packages/airflow/example_dags/example_local_kubernetes_executor.py for tasks to queue
[2025-12-13T10:17:35.298+0000] {logging_mixin.py:190} INFO - [2025-12-13T10:17:35.298+0000] {dagbag.py:588} INFO - Filling up the DagBag from /home/airflow/.local/lib/python3.12/site-packages/airflow/example_dags/example_local_kubernetes_executor.py
[2025-12-13T10:17:35.314+0000] {processor.py:925} INFO - DAG(s) 'example_local_kubernetes_executor' retrieved from /home/airflow/.local/lib/python3.12/site-packages/airflow/example_dags/example_local_kubernetes_executor.py
[2025-12-13T10:17:35.362+0000] {logging_mixin.py:190} INFO - [2025-12-13T10:17:35.362+0000] {dag.py:3239} INFO - Sync 1 DAGs
[2025-12-13T10:17:35.391+0000] {logging_mixin.py:190} INFO - [2025-12-13T10:17:35.390+0000] {dag.py:4180} INFO - Setting next_dagrun for example_local_kubernetes_executor to None, run_after=None
[2025-12-13T10:17:35.418+0000] {processor.py:208} INFO - Processing /home/airflow/.local/lib/python3.12/site-packages/airflow/example_dags/example_local_kubernetes_executor.py took 0.137 seconds
[2025-12-13T10:18:05.482+0000] {processor.py:186} INFO - Started process (PID=332) to work on /home/airflow/.local/lib/python3.12/site-packages/airflow/example_dags/example_local_kubernetes_executor.py
[2025-12-13T10:18:05.483+0000] {processor.py:914} INFO - Processing file /home/airflow/.local/lib/python3.12/site-packages/airflow/example_dags/example_local_kubernetes_executor.py for tasks to queue
[2025-12-13T10:18:05.486+0000] {logging_mixin.py:190} INFO - [2025-12-13T10:18:05.486+0000] {dagbag.py:588} INFO - Filling up the DagBag from /home/airflow/.local/lib/python3.12/site-packages/airflow/example_dags/example_local_kubernetes_executor.py
[2025-12-13T10:18:05.501+0000] {processor.py:925} INFO - DAG(s) 'example_local_kubernetes_executor' retrieved from /home/airflow/.local/lib/python3.12/site-packages/airflow/example_dags/example_local_kubernetes_executor.py
[2025-12-13T10:18:05.561+0000] {logging_mixin.py:190} INFO - [2025-12-13T10:18:05.560+0000] {dag.py:3239} INFO - Sync 1 DAGs
[2025-12-13T10:18:05.584+0000] {logging_mixin.py:190} INFO - [2025-12-13T10:18:05.583+0000] {dag.py:4180} INFO - Setting next_dagrun for example_local_kubernetes_executor to None, run_after=None
[2025-12-13T10:18:05.608+0000] {processor.py:208} INFO - Processing /home/airflow/.local/lib/python3.12/site-packages/airflow/example_dags/example_local_kubernetes_executor.py took 0.136 seconds
[2025-12-13T10:18:36.040+0000] {processor.py:186} INFO - Started process (PID=395) to work on /home/airflow/.local/lib/python3.12/site-packages/airflow/example_dags/example_local_kubernetes_executor.py
[2025-12-13T10:18:36.043+0000] {processor.py:914} INFO - Processing file /home/airflow/.local/lib/python3.12/site-packages/airflow/example_dags/example_local_kubernetes_executor.py for tasks to queue
[2025-12-13T10:18:36.047+0000] {logging_mixin.py:190} INFO - [2025-12-13T10:18:36.047+0000] {dagbag.py:588} INFO - Filling up the DagBag from /home/airflow/.local/lib/python3.12/site-packages/airflow/example_dags/example_local_kubernetes_executor.py
[2025-12-13T10:18:36.065+0000] {processor.py:925} INFO - DAG(s) 'example_local_kubernetes_executor' retrieved from /home/airflow/.local/lib/python3.12/site-packages/airflow/example_dags/example_local_kubernetes_executor.py
[2025-12-13T10:18:36.120+0000] {logging_mixin.py:190} INFO - [2025-12-13T10:18:36.119+0000] {dag.py:3239} INFO - Sync 1 DAGs
[2025-12-13T10:18:36.150+0000] {logging_mixin.py:190} INFO - [2025-12-13T10:18:36.149+0000] {dag.py:4180} INFO - Setting next_dagrun for example_local_kubernetes_executor to None, run_after=None
[2025-12-13T10:18:36.177+0000] {processor.py:208} INFO - Processing /home/airflow/.local/lib/python3.12/site-packages/airflow/example_dags/example_local_kubernetes_executor.py took 0.149 seconds
[2025-12-13T10:19:07.055+0000] {processor.py:186} INFO - Started process (PID=458) to work on /home/airflow/.local/lib/python3.12/site-packages/airflow/example_dags/example_local_kubernetes_executor.py
[2025-12-13T10:19:07.056+0000] {processor.py:914} INFO - Processing file /home/airflow/.local/lib/python3.12/site-packages/airflow/example_dags/example_local_kubernetes_executor.py for tasks to queue
[2025-12-13T10:19:07.059+0000] {logging_mixin.py:190} INFO - [2025-12-13T10:19:07.059+0000] {dagbag.py:588} INFO - Filling up the DagBag from /home/airflow/.local/lib/python3.12/site-packages/airflow/example_dags/example_local_kubernetes_executor.py
[2025-12-13T10:19:07.075+0000] {processor.py:925} INFO - DAG(s) 'example_local_kubernetes_executor' retrieved from /home/airflow/.local/lib/python3.12/site-packages/airflow/example_dags/example_local_kubernetes_executor.py
[2025-12-13T10:19:07.125+0000] {logging_mixin.py:190} INFO - [2025-12-13T10:19:07.125+0000] {dag.py:3239} INFO - Sync 1 DAGs
[2025-12-13T10:19:07.153+0000] {logging_mixin.py:190} INFO - [2025-12-13T10:19:07.152+0000] {dag.py:4180} INFO - Setting next_dagrun for example_local_kubernetes_executor to None, run_after=None
[2025-12-13T10:19:07.179+0000] {processor.py:208} INFO - Processing /home/airflow/.local/lib/python3.12/site-packages/airflow/example_dags/example_local_kubernetes_executor.py took 0.133 seconds
[2025-12-13T10:19:37.315+0000] {processor.py:186} INFO - Started process (PID=521) to work on /home/airflow/.local/lib/python3.12/site-packages/airflow/example_dags/example_local_kubernetes_executor.py
[2025-12-13T10:19:37.319+0000] {processor.py:914} INFO - Processing file /home/airflow/.local/lib/python3.12/site-packages/airflow/example_dags/example_local_kubernetes_executor.py for tasks to queue
[2025-12-13T10:19:37.332+0000] {logging_mixin.py:190} INFO - [2025-12-13T10:19:37.332+0000] {dagbag.py:588} INFO - Filling up the DagBag from /home/airflow/.local/lib/python3.12/site-packages/airflow/example_dags/example_local_kubernetes_executor.py
[2025-12-13T10:19:37.361+0000] {processor.py:925} INFO - DAG(s) 'example_local_kubernetes_executor' retrieved from /home/airflow/.local/lib/python3.12/site-packages/airflow/example_dags/example_local_kubernetes_executor.py
[2025-12-13T10:19:37.446+0000] {logging_mixin.py:190} INFO - [2025-12-13T10:19:37.446+0000] {dag.py:3239} INFO - Sync 1 DAGs
[2025-12-13T10:19:37.488+0000] {logging_mixin.py:190} INFO - [2025-12-13T10:19:37.487+0000] {dag.py:4180} INFO - Setting next_dagrun for example_local_kubernetes_executor to None, run_after=None
[2025-12-13T10:19:37.563+0000] {processor.py:208} INFO - Processing /home/airflow/.local/lib/python3.12/site-packages/airflow/example_dags/example_local_kubernetes_executor.py took 0.276 seconds
[2025-12-13T10:20:08.324+0000] {processor.py:186} INFO - Started process (PID=583) to work on /home/airflow/.local/lib/python3.12/site-packages/airflow/example_dags/example_local_kubernetes_executor.py
[2025-12-13T10:20:08.325+0000] {processor.py:914} INFO - Processing file /home/airflow/.local/lib/python3.12/site-packages/airflow/example_dags/example_local_kubernetes_executor.py for tasks to queue
[2025-12-13T10:20:08.327+0000] {logging_mixin.py:190} INFO - [2025-12-13T10:20:08.327+0000] {dagbag.py:588} INFO - Filling up the DagBag from /home/airflow/.local/lib/python3.12/site-packages/airflow/example_dags/example_local_kubernetes_executor.py
[2025-12-13T10:20:08.342+0000] {processor.py:925} INFO - DAG(s) 'example_local_kubernetes_executor' retrieved from /home/airflow/.local/lib/python3.12/site-packages/airflow/example_dags/example_local_kubernetes_executor.py
[2025-12-13T10:20:08.400+0000] {logging_mixin.py:190} INFO - [2025-12-13T10:20:08.400+0000] {dag.py:3239} INFO - Sync 1 DAGs
[2025-12-13T10:20:08.435+0000] {logging_mixin.py:190} INFO - [2025-12-13T10:20:08.435+0000] {dag.py:4180} INFO - Setting next_dagrun for example_local_kubernetes_executor to None, run_after=None
[2025-12-13T10:20:08.468+0000] {processor.py:208} INFO - Processing /home/airflow/.local/lib/python3.12/site-packages/airflow/example_dags/example_local_kubernetes_executor.py took 0.155 seconds
[2025-12-13T10:20:38.591+0000] {processor.py:186} INFO - Started process (PID=646) to work on /home/airflow/.local/lib/python3.12/site-packages/airflow/example_dags/example_local_kubernetes_executor.py
[2025-12-13T10:20:38.592+0000] {processor.py:914} INFO - Processing file /home/airflow/.local/lib/python3.12/site-packages/airflow/example_dags/example_local_kubernetes_executor.py for tasks to queue
[2025-12-13T10:20:38.597+0000] {logging_mixin.py:190} INFO - [2025-12-13T10:20:38.596+0000] {dagbag.py:588} INFO - Filling up the DagBag from /home/airflow/.local/lib/python3.12/site-packages/airflow/example_dags/example_local_kubernetes_executor.py
[2025-12-13T10:20:38.612+0000] {processor.py:925} INFO - DAG(s) 'example_local_kubernetes_executor' retrieved from /home/airflow/.local/lib/python3.12/site-packages/airflow/example_dags/example_local_kubernetes_executor.py
[2025-12-13T10:20:38.669+0000] {logging_mixin.py:190} INFO - [2025-12-13T10:20:38.669+0000] {dag.py:3239} INFO - Sync 1 DAGs
[2025-12-13T10:20:38.696+0000] {logging_mixin.py:190} INFO - [2025-12-13T10:20:38.695+0000] {dag.py:4180} INFO - Setting next_dagrun for example_local_kubernetes_executor to None, run_after=None
[2025-12-13T10:20:38.725+0000] {processor.py:208} INFO - Processing /home/airflow/.local/lib/python3.12/site-packages/airflow/example_dags/example_local_kubernetes_executor.py took 0.145 seconds
[2025-12-13T10:21:08.794+0000] {processor.py:186} INFO - Started process (PID=709) to work on /home/airflow/.local/lib/python3.12/site-packages/airflow/example_dags/example_local_kubernetes_executor.py
[2025-12-13T10:21:08.795+0000] {processor.py:914} INFO - Processing file /home/airflow/.local/lib/python3.12/site-packages/airflow/example_dags/example_local_kubernetes_executor.py for tasks to queue
[2025-12-13T10:21:08.800+0000] {logging_mixin.py:190} INFO - [2025-12-13T10:21:08.799+0000] {dagbag.py:588} INFO - Filling up the DagBag from /home/airflow/.local/lib/python3.12/site-packages/airflow/example_dags/example_local_kubernetes_executor.py
[2025-12-13T10:21:08.815+0000] {processor.py:925} INFO - DAG(s) 'example_local_kubernetes_executor' retrieved from /home/airflow/.local/lib/python3.12/site-packages/airflow/example_dags/example_local_kubernetes_executor.py
[2025-12-13T10:21:08.868+0000] {logging_mixin.py:190} INFO - [2025-12-13T10:21:08.867+0000] {dag.py:3239} INFO - Sync 1 DAGs
[2025-12-13T10:21:08.889+0000] {logging_mixin.py:190} INFO - [2025-12-13T10:21:08.889+0000] {dag.py:4180} INFO - Setting next_dagrun for example_local_kubernetes_executor to None, run_after=None
[2025-12-13T10:21:08.914+0000] {processor.py:208} INFO - Processing /home/airflow/.local/lib/python3.12/site-packages/airflow/example_dags/example_local_kubernetes_executor.py took 0.129 seconds
[2025-12-13T10:21:40.013+0000] {processor.py:186} INFO - Started process (PID=772) to work on /home/airflow/.local/lib/python3.12/site-packages/airflow/example_dags/example_local_kubernetes_executor.py
[2025-12-13T10:21:40.016+0000] {processor.py:914} INFO - Processing file /home/airflow/.local/lib/python3.12/site-packages/airflow/example_dags/example_local_kubernetes_executor.py for tasks to queue
[2025-12-13T10:21:40.025+0000] {logging_mixin.py:190} INFO - [2025-12-13T10:21:40.023+0000] {dagbag.py:588} INFO - Filling up the DagBag from /home/airflow/.local/lib/python3.12/site-packages/airflow/example_dags/example_local_kubernetes_executor.py
[2025-12-13T10:21:40.048+0000] {processor.py:925} INFO - DAG(s) 'example_local_kubernetes_executor' retrieved from /home/airflow/.local/lib/python3.12/site-packages/airflow/example_dags/example_local_kubernetes_executor.py
[2025-12-13T10:21:40.122+0000] {logging_mixin.py:190} INFO - [2025-12-13T10:21:40.121+0000] {dag.py:3239} INFO - Sync 1 DAGs
[2025-12-13T10:21:40.153+0000] {logging_mixin.py:190} INFO - [2025-12-13T10:21:40.152+0000] {dag.py:4180} INFO - Setting next_dagrun for example_local_kubernetes_executor to None, run_after=None
[2025-12-13T10:21:40.191+0000] {processor.py:208} INFO - Processing /home/airflow/.local/lib/python3.12/site-packages/airflow/example_dags/example_local_kubernetes_executor.py took 0.192 seconds
[2025-12-13T10:22:11.396+0000] {processor.py:186} INFO - Started process (PID=833) to work on /home/airflow/.local/lib/python3.12/site-packages/airflow/example_dags/example_local_kubernetes_executor.py
[2025-12-13T10:22:11.398+0000] {processor.py:914} INFO - Processing file /home/airflow/.local/lib/python3.12/site-packages/airflow/example_dags/example_local_kubernetes_executor.py for tasks to queue
[2025-12-13T10:22:11.404+0000] {logging_mixin.py:190} INFO - [2025-12-13T10:22:11.401+0000] {dagbag.py:588} INFO - Filling up the DagBag from /home/airflow/.local/lib/python3.12/site-packages/airflow/example_dags/example_local_kubernetes_executor.py
[2025-12-13T10:22:11.427+0000] {processor.py:925} INFO - DAG(s) 'example_local_kubernetes_executor' retrieved from /home/airflow/.local/lib/python3.12/site-packages/airflow/example_dags/example_local_kubernetes_executor.py
[2025-12-13T10:22:11.501+0000] {logging_mixin.py:190} INFO - [2025-12-13T10:22:11.501+0000] {dag.py:3239} INFO - Sync 1 DAGs
[2025-12-13T10:22:11.545+0000] {logging_mixin.py:190} INFO - [2025-12-13T10:22:11.544+0000] {dag.py:4180} INFO - Setting next_dagrun for example_local_kubernetes_executor to None, run_after=None
[2025-12-13T10:22:11.584+0000] {processor.py:208} INFO - Processing /home/airflow/.local/lib/python3.12/site-packages/airflow/example_dags/example_local_kubernetes_executor.py took 0.201 seconds
[2025-12-13T10:22:45.144+0000] {processor.py:186} INFO - Started process (PID=902) to work on /home/airflow/.local/lib/python3.12/site-packages/airflow/example_dags/example_local_kubernetes_executor.py
[2025-12-13T10:22:45.146+0000] {processor.py:914} INFO - Processing file /home/airflow/.local/lib/python3.12/site-packages/airflow/example_dags/example_local_kubernetes_executor.py for tasks to queue
[2025-12-13T10:22:45.150+0000] {logging_mixin.py:190} INFO - [2025-12-13T10:22:45.149+0000] {dagbag.py:588} INFO - Filling up the DagBag from /home/airflow/.local/lib/python3.12/site-packages/airflow/example_dags/example_local_kubernetes_executor.py
[2025-12-13T10:22:45.168+0000] {processor.py:925} INFO - DAG(s) 'example_local_kubernetes_executor' retrieved from /home/airflow/.local/lib/python3.12/site-packages/airflow/example_dags/example_local_kubernetes_executor.py
[2025-12-13T10:22:45.344+0000] {logging_mixin.py:190} INFO - [2025-12-13T10:22:45.344+0000] {dag.py:3239} INFO - Sync 1 DAGs
[2025-12-13T10:22:45.416+0000] {logging_mixin.py:190} INFO - [2025-12-13T10:22:45.415+0000] {dag.py:4180} INFO - Setting next_dagrun for example_local_kubernetes_executor to None, run_after=None
[2025-12-13T10:22:45.474+0000] {processor.py:208} INFO - Processing /home/airflow/.local/lib/python3.12/site-packages/airflow/example_dags/example_local_kubernetes_executor.py took 0.343 seconds
[2025-12-13T10:23:15.689+0000] {processor.py:186} INFO - Started process (PID=965) to work on /home/airflow/.local/lib/python3.12/site-packages/airflow/example_dags/example_local_kubernetes_executor.py
[2025-12-13T10:23:15.690+0000] {processor.py:914} INFO - Processing file /home/airflow/.local/lib/python3.12/site-packages/airflow/example_dags/example_local_kubernetes_executor.py for tasks to queue
[2025-12-13T10:23:15.694+0000] {logging_mixin.py:190} INFO - [2025-12-13T10:23:15.694+0000] {dagbag.py:588} INFO - Filling up the DagBag from /home/airflow/.local/lib/python3.12/site-packages/airflow/example_dags/example_local_kubernetes_executor.py
[2025-12-13T10:23:15.709+0000] {processor.py:925} INFO - DAG(s) 'example_local_kubernetes_executor' retrieved from /home/airflow/.local/lib/python3.12/site-packages/airflow/example_dags/example_local_kubernetes_executor.py
[2025-12-13T10:23:15.763+0000] {logging_mixin.py:190} INFO - [2025-12-13T10:23:15.763+0000] {dag.py:3239} INFO - Sync 1 DAGs
[2025-12-13T10:23:15.790+0000] {logging_mixin.py:190} INFO - [2025-12-13T10:23:15.789+0000] {dag.py:4180} INFO - Setting next_dagrun for example_local_kubernetes_executor to None, run_after=None
[2025-12-13T10:23:15.819+0000] {processor.py:208} INFO - Processing /home/airflow/.local/lib/python3.12/site-packages/airflow/example_dags/example_local_kubernetes_executor.py took 0.139 seconds
[2025-12-13T10:23:46.034+0000] {processor.py:186} INFO - Started process (PID=1022) to work on /home/airflow/.local/lib/python3.12/site-packages/airflow/example_dags/example_local_kubernetes_executor.py
[2025-12-13T10:23:46.035+0000] {processor.py:914} INFO - Processing file /home/airflow/.local/lib/python3.12/site-packages/airflow/example_dags/example_local_kubernetes_executor.py for tasks to queue
[2025-12-13T10:23:46.039+0000] {logging_mixin.py:190} INFO - [2025-12-13T10:23:46.038+0000] {dagbag.py:588} INFO - Filling up the DagBag from /home/airflow/.local/lib/python3.12/site-packages/airflow/example_dags/example_local_kubernetes_executor.py
[2025-12-13T10:23:46.056+0000] {processor.py:925} INFO - DAG(s) 'example_local_kubernetes_executor' retrieved from /home/airflow/.local/lib/python3.12/site-packages/airflow/example_dags/example_local_kubernetes_executor.py
[2025-12-13T10:23:46.114+0000] {logging_mixin.py:190} INFO - [2025-12-13T10:23:46.114+0000] {dag.py:3239} INFO - Sync 1 DAGs
[2025-12-13T10:23:46.138+0000] {logging_mixin.py:190} INFO - [2025-12-13T10:23:46.138+0000] {dag.py:4180} INFO - Setting next_dagrun for example_local_kubernetes_executor to None, run_after=None
[2025-12-13T10:23:46.170+0000] {processor.py:208} INFO - Processing /home/airflow/.local/lib/python3.12/site-packages/airflow/example_dags/example_local_kubernetes_executor.py took 0.149 seconds
[2025-12-13T10:24:16.775+0000] {processor.py:186} INFO - Started process (PID=1085) to work on /home/airflow/.local/lib/python3.12/site-packages/airflow/example_dags/example_local_kubernetes_executor.py
[2025-12-13T10:24:16.776+0000] {processor.py:914} INFO - Processing file /home/airflow/.local/lib/python3.12/site-packages/airflow/example_dags/example_local_kubernetes_executor.py for tasks to queue
[2025-12-13T10:24:16.779+0000] {logging_mixin.py:190} INFO - [2025-12-13T10:24:16.778+0000] {dagbag.py:588} INFO - Filling up the DagBag from /home/airflow/.local/lib/python3.12/site-packages/airflow/example_dags/example_local_kubernetes_executor.py
[2025-12-13T10:24:16.793+0000] {processor.py:925} INFO - DAG(s) 'example_local_kubernetes_executor' retrieved from /home/airflow/.local/lib/python3.12/site-packages/airflow/example_dags/example_local_kubernetes_executor.py
[2025-12-13T10:24:16.853+0000] {logging_mixin.py:190} INFO - [2025-12-13T10:24:16.852+0000] {dag.py:3239} INFO - Sync 1 DAGs
[2025-12-13T10:24:16.880+0000] {logging_mixin.py:190} INFO - [2025-12-13T10:24:16.880+0000] {dag.py:4180} INFO - Setting next_dagrun for example_local_kubernetes_executor to None, run_after=None
[2025-12-13T10:24:16.912+0000] {processor.py:208} INFO - Processing /home/airflow/.local/lib/python3.12/site-packages/airflow/example_dags/example_local_kubernetes_executor.py took 0.147 seconds
[2025-12-13T10:24:47.504+0000] {processor.py:186} INFO - Started process (PID=1145) to work on /home/airflow/.local/lib/python3.12/site-packages/airflow/example_dags/example_local_kubernetes_executor.py
[2025-12-13T10:24:47.506+0000] {processor.py:914} INFO - Processing file /home/airflow/.local/lib/python3.12/site-packages/airflow/example_dags/example_local_kubernetes_executor.py for tasks to queue
[2025-12-13T10:24:47.508+0000] {logging_mixin.py:190} INFO - [2025-12-13T10:24:47.508+0000] {dagbag.py:588} INFO - Filling up the DagBag from /home/airflow/.local/lib/python3.12/site-packages/airflow/example_dags/example_local_kubernetes_executor.py
[2025-12-13T10:24:47.522+0000] {processor.py:925} INFO - DAG(s) 'example_local_kubernetes_executor' retrieved from /home/airflow/.local/lib/python3.12/site-packages/airflow/example_dags/example_local_kubernetes_executor.py
[2025-12-13T10:24:47.571+0000] {logging_mixin.py:190} INFO - [2025-12-13T10:24:47.571+0000] {dag.py:3239} INFO - Sync 1 DAGs
[2025-12-13T10:24:47.593+0000] {logging_mixin.py:190} INFO - [2025-12-13T10:24:47.592+0000] {dag.py:4180} INFO - Setting next_dagrun for example_local_kubernetes_executor to None, run_after=None
[2025-12-13T10:24:47.622+0000] {processor.py:208} INFO - Processing /home/airflow/.local/lib/python3.12/site-packages/airflow/example_dags/example_local_kubernetes_executor.py took 0.131 seconds
[2025-12-13T10:25:19.081+0000] {processor.py:186} INFO - Started process (PID=1207) to work on /home/airflow/.local/lib/python3.12/site-packages/airflow/example_dags/example_local_kubernetes_executor.py
[2025-12-13T10:25:19.082+0000] {processor.py:914} INFO - Processing file /home/airflow/.local/lib/python3.12/site-packages/airflow/example_dags/example_local_kubernetes_executor.py for tasks to queue
[2025-12-13T10:25:19.086+0000] {logging_mixin.py:190} INFO - [2025-12-13T10:25:19.086+0000] {dagbag.py:588} INFO - Filling up the DagBag from /home/airflow/.local/lib/python3.12/site-packages/airflow/example_dags/example_local_kubernetes_executor.py
[2025-12-13T10:25:19.105+0000] {processor.py:925} INFO - DAG(s) 'example_local_kubernetes_executor' retrieved from /home/airflow/.local/lib/python3.12/site-packages/airflow/example_dags/example_local_kubernetes_executor.py
[2025-12-13T10:25:19.160+0000] {logging_mixin.py:190} INFO - [2025-12-13T10:25:19.160+0000] {dag.py:3239} INFO - Sync 1 DAGs
[2025-12-13T10:25:19.185+0000] {logging_mixin.py:190} INFO - [2025-12-13T10:25:19.184+0000] {dag.py:4180} INFO - Setting next_dagrun for example_local_kubernetes_executor to None, run_after=None
[2025-12-13T10:25:19.214+0000] {processor.py:208} INFO - Processing /home/airflow/.local/lib/python3.12/site-packages/airflow/example_dags/example_local_kubernetes_executor.py took 0.145 seconds
[2025-12-13T10:25:50.133+0000] {processor.py:186} INFO - Started process (PID=1261) to work on /home/airflow/.local/lib/python3.12/site-packages/airflow/example_dags/example_local_kubernetes_executor.py
[2025-12-13T10:25:50.153+0000] {processor.py:914} INFO - Processing file /home/airflow/.local/lib/python3.12/site-packages/airflow/example_dags/example_local_kubernetes_executor.py for tasks to queue
[2025-12-13T10:25:50.157+0000] {logging_mixin.py:190} INFO - [2025-12-13T10:25:50.156+0000] {dagbag.py:588} INFO - Filling up the DagBag from /home/airflow/.local/lib/python3.12/site-packages/airflow/example_dags/example_local_kubernetes_executor.py
[2025-12-13T10:25:50.183+0000] {processor.py:925} INFO - DAG(s) 'example_local_kubernetes_executor' retrieved from /home/airflow/.local/lib/python3.12/site-packages/airflow/example_dags/example_local_kubernetes_executor.py
[2025-12-13T10:25:50.258+0000] {logging_mixin.py:190} INFO - [2025-12-13T10:25:50.257+0000] {dag.py:3239} INFO - Sync 1 DAGs
[2025-12-13T10:25:50.291+0000] {logging_mixin.py:190} INFO - [2025-12-13T10:25:50.291+0000] {dag.py:4180} INFO - Setting next_dagrun for example_local_kubernetes_executor to None, run_after=None
[2025-12-13T10:25:50.340+0000] {processor.py:208} INFO - Processing /home/airflow/.local/lib/python3.12/site-packages/airflow/example_dags/example_local_kubernetes_executor.py took 0.219 seconds
[2025-12-13T10:26:21.146+0000] {processor.py:186} INFO - Started process (PID=1322) to work on /home/airflow/.local/lib/python3.12/site-packages/airflow/example_dags/example_local_kubernetes_executor.py
[2025-12-13T10:26:21.147+0000] {processor.py:914} INFO - Processing file /home/airflow/.local/lib/python3.12/site-packages/airflow/example_dags/example_local_kubernetes_executor.py for tasks to queue
[2025-12-13T10:26:21.159+0000] {logging_mixin.py:190} INFO - [2025-12-13T10:26:21.157+0000] {dagbag.py:588} INFO - Filling up the DagBag from /home/airflow/.local/lib/python3.12/site-packages/airflow/example_dags/example_local_kubernetes_executor.py
[2025-12-13T10:26:21.181+0000] {processor.py:925} INFO - DAG(s) 'example_local_kubernetes_executor' retrieved from /home/airflow/.local/lib/python3.12/site-packages/airflow/example_dags/example_local_kubernetes_executor.py
[2025-12-13T10:26:21.259+0000] {logging_mixin.py:190} INFO - [2025-12-13T10:26:21.258+0000] {dag.py:3239} INFO - Sync 1 DAGs
[2025-12-13T10:26:21.317+0000] {logging_mixin.py:190} INFO - [2025-12-13T10:26:21.317+0000] {dag.py:4180} INFO - Setting next_dagrun for example_local_kubernetes_executor to None, run_after=None
[2025-12-13T10:26:21.356+0000] {processor.py:208} INFO - Processing /home/airflow/.local/lib/python3.12/site-packages/airflow/example_dags/example_local_kubernetes_executor.py took 0.233 seconds
[2025-12-13T10:26:52.119+0000] {processor.py:186} INFO - Started process (PID=1383) to work on /home/airflow/.local/lib/python3.12/site-packages/airflow/example_dags/example_local_kubernetes_executor.py
[2025-12-13T10:26:52.121+0000] {processor.py:914} INFO - Processing file /home/airflow/.local/lib/python3.12/site-packages/airflow/example_dags/example_local_kubernetes_executor.py for tasks to queue
[2025-12-13T10:26:52.126+0000] {logging_mixin.py:190} INFO - [2025-12-13T10:26:52.125+0000] {dagbag.py:588} INFO - Filling up the DagBag from /home/airflow/.local/lib/python3.12/site-packages/airflow/example_dags/example_local_kubernetes_executor.py
[2025-12-13T10:26:52.148+0000] {processor.py:925} INFO - DAG(s) 'example_local_kubernetes_executor' retrieved from /home/airflow/.local/lib/python3.12/site-packages/airflow/example_dags/example_local_kubernetes_executor.py
[2025-12-13T10:26:52.215+0000] {logging_mixin.py:190} INFO - [2025-12-13T10:26:52.214+0000] {dag.py:3239} INFO - Sync 1 DAGs
[2025-12-13T10:26:52.242+0000] {logging_mixin.py:190} INFO - [2025-12-13T10:26:52.242+0000] {dag.py:4180} INFO - Setting next_dagrun for example_local_kubernetes_executor to None, run_after=None
[2025-12-13T10:26:52.272+0000] {processor.py:208} INFO - Processing /home/airflow/.local/lib/python3.12/site-packages/airflow/example_dags/example_local_kubernetes_executor.py took 0.175 seconds
[2025-12-13T10:27:22.417+0000] {processor.py:186} INFO - Started process (PID=1445) to work on /home/airflow/.local/lib/python3.12/site-packages/airflow/example_dags/example_local_kubernetes_executor.py
[2025-12-13T10:27:22.417+0000] {processor.py:914} INFO - Processing file /home/airflow/.local/lib/python3.12/site-packages/airflow/example_dags/example_local_kubernetes_executor.py for tasks to queue
[2025-12-13T10:27:22.421+0000] {logging_mixin.py:190} INFO - [2025-12-13T10:27:22.421+0000] {dagbag.py:588} INFO - Filling up the DagBag from /home/airflow/.local/lib/python3.12/site-packages/airflow/example_dags/example_local_kubernetes_executor.py
[2025-12-13T10:27:22.436+0000] {processor.py:925} INFO - DAG(s) 'example_local_kubernetes_executor' retrieved from /home/airflow/.local/lib/python3.12/site-packages/airflow/example_dags/example_local_kubernetes_executor.py
[2025-12-13T10:27:22.485+0000] {logging_mixin.py:190} INFO - [2025-12-13T10:27:22.485+0000] {dag.py:3239} INFO - Sync 1 DAGs
[2025-12-13T10:27:22.511+0000] {logging_mixin.py:190} INFO - [2025-12-13T10:27:22.510+0000] {dag.py:4180} INFO - Setting next_dagrun for example_local_kubernetes_executor to None, run_after=None
[2025-12-13T10:27:22.539+0000] {processor.py:208} INFO - Processing /home/airflow/.local/lib/python3.12/site-packages/airflow/example_dags/example_local_kubernetes_executor.py took 0.135 seconds
[2025-12-13T10:27:53.019+0000] {processor.py:186} INFO - Started process (PID=1507) to work on /home/airflow/.local/lib/python3.12/site-packages/airflow/example_dags/example_local_kubernetes_executor.py
[2025-12-13T10:27:53.022+0000] {processor.py:914} INFO - Processing file /home/airflow/.local/lib/python3.12/site-packages/airflow/example_dags/example_local_kubernetes_executor.py for tasks to queue
[2025-12-13T10:27:53.027+0000] {logging_mixin.py:190} INFO - [2025-12-13T10:27:53.026+0000] {dagbag.py:588} INFO - Filling up the DagBag from /home/airflow/.local/lib/python3.12/site-packages/airflow/example_dags/example_local_kubernetes_executor.py
[2025-12-13T10:27:53.049+0000] {processor.py:925} INFO - DAG(s) 'example_local_kubernetes_executor' retrieved from /home/airflow/.local/lib/python3.12/site-packages/airflow/example_dags/example_local_kubernetes_executor.py
[2025-12-13T10:27:53.129+0000] {logging_mixin.py:190} INFO - [2025-12-13T10:27:53.128+0000] {dag.py:3239} INFO - Sync 1 DAGs
[2025-12-13T10:27:53.161+0000] {logging_mixin.py:190} INFO - [2025-12-13T10:27:53.161+0000] {dag.py:4180} INFO - Setting next_dagrun for example_local_kubernetes_executor to None, run_after=None
[2025-12-13T10:27:53.197+0000] {processor.py:208} INFO - Processing /home/airflow/.local/lib/python3.12/site-packages/airflow/example_dags/example_local_kubernetes_executor.py took 0.191 seconds
[2025-12-13T10:28:24.211+0000] {processor.py:186} INFO - Started process (PID=1575) to work on /home/airflow/.local/lib/python3.12/site-packages/airflow/example_dags/example_local_kubernetes_executor.py
[2025-12-13T10:28:24.217+0000] {processor.py:914} INFO - Processing file /home/airflow/.local/lib/python3.12/site-packages/airflow/example_dags/example_local_kubernetes_executor.py for tasks to queue
[2025-12-13T10:28:24.224+0000] {logging_mixin.py:190} INFO - [2025-12-13T10:28:24.223+0000] {dagbag.py:588} INFO - Filling up the DagBag from /home/airflow/.local/lib/python3.12/site-packages/airflow/example_dags/example_local_kubernetes_executor.py
[2025-12-13T10:28:24.259+0000] {processor.py:925} INFO - DAG(s) 'example_local_kubernetes_executor' retrieved from /home/airflow/.local/lib/python3.12/site-packages/airflow/example_dags/example_local_kubernetes_executor.py
[2025-12-13T10:28:24.447+0000] {logging_mixin.py:190} INFO - [2025-12-13T10:28:24.446+0000] {dag.py:3239} INFO - Sync 1 DAGs
[2025-12-13T10:28:24.532+0000] {logging_mixin.py:190} INFO - [2025-12-13T10:28:24.531+0000] {dag.py:4180} INFO - Setting next_dagrun for example_local_kubernetes_executor to None, run_after=None
[2025-12-13T10:28:24.696+0000] {processor.py:208} INFO - Processing /home/airflow/.local/lib/python3.12/site-packages/airflow/example_dags/example_local_kubernetes_executor.py took 0.523 seconds
[2025-12-13T10:28:55.766+0000] {processor.py:186} INFO - Started process (PID=1638) to work on /home/airflow/.local/lib/python3.12/site-packages/airflow/example_dags/example_local_kubernetes_executor.py
[2025-12-13T10:28:55.769+0000] {processor.py:914} INFO - Processing file /home/airflow/.local/lib/python3.12/site-packages/airflow/example_dags/example_local_kubernetes_executor.py for tasks to queue
[2025-12-13T10:28:55.774+0000] {logging_mixin.py:190} INFO - [2025-12-13T10:28:55.773+0000] {dagbag.py:588} INFO - Filling up the DagBag from /home/airflow/.local/lib/python3.12/site-packages/airflow/example_dags/example_local_kubernetes_executor.py
[2025-12-13T10:28:55.794+0000] {processor.py:925} INFO - DAG(s) 'example_local_kubernetes_executor' retrieved from /home/airflow/.local/lib/python3.12/site-packages/airflow/example_dags/example_local_kubernetes_executor.py
[2025-12-13T10:28:55.915+0000] {logging_mixin.py:190} INFO - [2025-12-13T10:28:55.913+0000] {dag.py:3239} INFO - Sync 1 DAGs
[2025-12-13T10:28:55.947+0000] {logging_mixin.py:190} INFO - [2025-12-13T10:28:55.946+0000] {dag.py:4180} INFO - Setting next_dagrun for example_local_kubernetes_executor to None, run_after=None
[2025-12-13T10:28:56.002+0000] {processor.py:208} INFO - Processing /home/airflow/.local/lib/python3.12/site-packages/airflow/example_dags/example_local_kubernetes_executor.py took 0.267 seconds
[2025-12-13T10:29:26.548+0000] {processor.py:186} INFO - Started process (PID=1700) to work on /home/airflow/.local/lib/python3.12/site-packages/airflow/example_dags/example_local_kubernetes_executor.py
[2025-12-13T10:29:26.550+0000] {processor.py:914} INFO - Processing file /home/airflow/.local/lib/python3.12/site-packages/airflow/example_dags/example_local_kubernetes_executor.py for tasks to queue
[2025-12-13T10:29:26.555+0000] {logging_mixin.py:190} INFO - [2025-12-13T10:29:26.554+0000] {dagbag.py:588} INFO - Filling up the DagBag from /home/airflow/.local/lib/python3.12/site-packages/airflow/example_dags/example_local_kubernetes_executor.py
[2025-12-13T10:29:26.582+0000] {processor.py:925} INFO - DAG(s) 'example_local_kubernetes_executor' retrieved from /home/airflow/.local/lib/python3.12/site-packages/airflow/example_dags/example_local_kubernetes_executor.py
[2025-12-13T10:29:26.665+0000] {logging_mixin.py:190} INFO - [2025-12-13T10:29:26.664+0000] {dag.py:3239} INFO - Sync 1 DAGs
[2025-12-13T10:29:26.696+0000] {logging_mixin.py:190} INFO - [2025-12-13T10:29:26.696+0000] {dag.py:4180} INFO - Setting next_dagrun for example_local_kubernetes_executor to None, run_after=None
[2025-12-13T10:29:26.731+0000] {processor.py:208} INFO - Processing /home/airflow/.local/lib/python3.12/site-packages/airflow/example_dags/example_local_kubernetes_executor.py took 0.195 seconds
[2025-12-13T10:29:57.141+0000] {processor.py:186} INFO - Started process (PID=1763) to work on /home/airflow/.local/lib/python3.12/site-packages/airflow/example_dags/example_local_kubernetes_executor.py
[2025-12-13T10:29:57.148+0000] {processor.py:914} INFO - Processing file /home/airflow/.local/lib/python3.12/site-packages/airflow/example_dags/example_local_kubernetes_executor.py for tasks to queue
[2025-12-13T10:29:57.153+0000] {logging_mixin.py:190} INFO - [2025-12-13T10:29:57.151+0000] {dagbag.py:588} INFO - Filling up the DagBag from /home/airflow/.local/lib/python3.12/site-packages/airflow/example_dags/example_local_kubernetes_executor.py
[2025-12-13T10:29:57.185+0000] {processor.py:925} INFO - DAG(s) 'example_local_kubernetes_executor' retrieved from /home/airflow/.local/lib/python3.12/site-packages/airflow/example_dags/example_local_kubernetes_executor.py
[2025-12-13T10:29:57.296+0000] {logging_mixin.py:190} INFO - [2025-12-13T10:29:57.295+0000] {dag.py:3239} INFO - Sync 1 DAGs
[2025-12-13T10:29:57.352+0000] {logging_mixin.py:190} INFO - [2025-12-13T10:29:57.351+0000] {dag.py:4180} INFO - Setting next_dagrun for example_local_kubernetes_executor to None, run_after=None
[2025-12-13T10:29:57.401+0000] {processor.py:208} INFO - Processing /home/airflow/.local/lib/python3.12/site-packages/airflow/example_dags/example_local_kubernetes_executor.py took 0.280 seconds
[2025-12-13T10:30:27.651+0000] {processor.py:186} INFO - Started process (PID=1826) to work on /home/airflow/.local/lib/python3.12/site-packages/airflow/example_dags/example_local_kubernetes_executor.py
[2025-12-13T10:30:27.654+0000] {processor.py:914} INFO - Processing file /home/airflow/.local/lib/python3.12/site-packages/airflow/example_dags/example_local_kubernetes_executor.py for tasks to queue
[2025-12-13T10:30:27.659+0000] {logging_mixin.py:190} INFO - [2025-12-13T10:30:27.658+0000] {dagbag.py:588} INFO - Filling up the DagBag from /home/airflow/.local/lib/python3.12/site-packages/airflow/example_dags/example_local_kubernetes_executor.py
[2025-12-13T10:30:27.678+0000] {processor.py:925} INFO - DAG(s) 'example_local_kubernetes_executor' retrieved from /home/airflow/.local/lib/python3.12/site-packages/airflow/example_dags/example_local_kubernetes_executor.py
[2025-12-13T10:30:27.739+0000] {logging_mixin.py:190} INFO - [2025-12-13T10:30:27.738+0000] {dag.py:3239} INFO - Sync 1 DAGs
[2025-12-13T10:30:27.764+0000] {logging_mixin.py:190} INFO - [2025-12-13T10:30:27.764+0000] {dag.py:4180} INFO - Setting next_dagrun for example_local_kubernetes_executor to None, run_after=None
[2025-12-13T10:30:27.794+0000] {processor.py:208} INFO - Processing /home/airflow/.local/lib/python3.12/site-packages/airflow/example_dags/example_local_kubernetes_executor.py took 0.157 seconds
[2025-12-13T10:30:57.935+0000] {processor.py:186} INFO - Started process (PID=1889) to work on /home/airflow/.local/lib/python3.12/site-packages/airflow/example_dags/example_local_kubernetes_executor.py
[2025-12-13T10:30:57.936+0000] {processor.py:914} INFO - Processing file /home/airflow/.local/lib/python3.12/site-packages/airflow/example_dags/example_local_kubernetes_executor.py for tasks to queue
[2025-12-13T10:30:57.941+0000] {logging_mixin.py:190} INFO - [2025-12-13T10:30:57.940+0000] {dagbag.py:588} INFO - Filling up the DagBag from /home/airflow/.local/lib/python3.12/site-packages/airflow/example_dags/example_local_kubernetes_executor.py
[2025-12-13T10:30:57.965+0000] {processor.py:925} INFO - DAG(s) 'example_local_kubernetes_executor' retrieved from /home/airflow/.local/lib/python3.12/site-packages/airflow/example_dags/example_local_kubernetes_executor.py
[2025-12-13T10:30:58.160+0000] {logging_mixin.py:190} INFO - [2025-12-13T10:30:58.158+0000] {dag.py:3239} INFO - Sync 1 DAGs
[2025-12-13T10:30:58.211+0000] {logging_mixin.py:190} INFO - [2025-12-13T10:30:58.210+0000] {dag.py:4180} INFO - Setting next_dagrun for example_local_kubernetes_executor to None, run_after=None
[2025-12-13T10:30:58.263+0000] {processor.py:208} INFO - Processing /home/airflow/.local/lib/python3.12/site-packages/airflow/example_dags/example_local_kubernetes_executor.py took 0.341 seconds
[2025-12-13T10:31:28.675+0000] {processor.py:186} INFO - Started process (PID=1951) to work on /home/airflow/.local/lib/python3.12/site-packages/airflow/example_dags/example_local_kubernetes_executor.py
[2025-12-13T10:31:28.677+0000] {processor.py:914} INFO - Processing file /home/airflow/.local/lib/python3.12/site-packages/airflow/example_dags/example_local_kubernetes_executor.py for tasks to queue
[2025-12-13T10:31:28.683+0000] {logging_mixin.py:190} INFO - [2025-12-13T10:31:28.682+0000] {dagbag.py:588} INFO - Filling up the DagBag from /home/airflow/.local/lib/python3.12/site-packages/airflow/example_dags/example_local_kubernetes_executor.py
[2025-12-13T10:31:28.706+0000] {processor.py:925} INFO - DAG(s) 'example_local_kubernetes_executor' retrieved from /home/airflow/.local/lib/python3.12/site-packages/airflow/example_dags/example_local_kubernetes_executor.py
[2025-12-13T10:31:28.781+0000] {logging_mixin.py:190} INFO - [2025-12-13T10:31:28.781+0000] {dag.py:3239} INFO - Sync 1 DAGs
[2025-12-13T10:31:28.814+0000] {logging_mixin.py:190} INFO - [2025-12-13T10:31:28.814+0000] {dag.py:4180} INFO - Setting next_dagrun for example_local_kubernetes_executor to None, run_after=None
[2025-12-13T10:31:28.846+0000] {processor.py:208} INFO - Processing /home/airflow/.local/lib/python3.12/site-packages/airflow/example_dags/example_local_kubernetes_executor.py took 0.189 seconds
[2025-12-13T10:32:00.339+0000] {processor.py:186} INFO - Started process (PID=2012) to work on /home/airflow/.local/lib/python3.12/site-packages/airflow/example_dags/example_local_kubernetes_executor.py
[2025-12-13T10:32:00.342+0000] {processor.py:914} INFO - Processing file /home/airflow/.local/lib/python3.12/site-packages/airflow/example_dags/example_local_kubernetes_executor.py for tasks to queue
[2025-12-13T10:32:00.346+0000] {logging_mixin.py:190} INFO - [2025-12-13T10:32:00.345+0000] {dagbag.py:588} INFO - Filling up the DagBag from /home/airflow/.local/lib/python3.12/site-packages/airflow/example_dags/example_local_kubernetes_executor.py
[2025-12-13T10:32:00.395+0000] {processor.py:925} INFO - DAG(s) 'example_local_kubernetes_executor' retrieved from /home/airflow/.local/lib/python3.12/site-packages/airflow/example_dags/example_local_kubernetes_executor.py
[2025-12-13T10:32:00.473+0000] {logging_mixin.py:190} INFO - [2025-12-13T10:32:00.472+0000] {dag.py:3239} INFO - Sync 1 DAGs
[2025-12-13T10:32:00.508+0000] {logging_mixin.py:190} INFO - [2025-12-13T10:32:00.507+0000] {dag.py:4180} INFO - Setting next_dagrun for example_local_kubernetes_executor to None, run_after=None
[2025-12-13T10:32:00.546+0000] {processor.py:208} INFO - Processing /home/airflow/.local/lib/python3.12/site-packages/airflow/example_dags/example_local_kubernetes_executor.py took 0.230 seconds
[2025-12-13T10:32:31.854+0000] {processor.py:186} INFO - Started process (PID=2075) to work on /home/airflow/.local/lib/python3.12/site-packages/airflow/example_dags/example_local_kubernetes_executor.py
[2025-12-13T10:32:31.856+0000] {processor.py:914} INFO - Processing file /home/airflow/.local/lib/python3.12/site-packages/airflow/example_dags/example_local_kubernetes_executor.py for tasks to queue
[2025-12-13T10:32:31.859+0000] {logging_mixin.py:190} INFO - [2025-12-13T10:32:31.859+0000] {dagbag.py:588} INFO - Filling up the DagBag from /home/airflow/.local/lib/python3.12/site-packages/airflow/example_dags/example_local_kubernetes_executor.py
[2025-12-13T10:32:31.881+0000] {processor.py:925} INFO - DAG(s) 'example_local_kubernetes_executor' retrieved from /home/airflow/.local/lib/python3.12/site-packages/airflow/example_dags/example_local_kubernetes_executor.py
[2025-12-13T10:32:31.957+0000] {logging_mixin.py:190} INFO - [2025-12-13T10:32:31.956+0000] {dag.py:3239} INFO - Sync 1 DAGs
[2025-12-13T10:32:31.990+0000] {logging_mixin.py:190} INFO - [2025-12-13T10:32:31.990+0000] {dag.py:4180} INFO - Setting next_dagrun for example_local_kubernetes_executor to None, run_after=None
[2025-12-13T10:32:32.027+0000] {processor.py:208} INFO - Processing /home/airflow/.local/lib/python3.12/site-packages/airflow/example_dags/example_local_kubernetes_executor.py took 0.186 seconds
[2025-12-13T10:33:03.964+0000] {processor.py:186} INFO - Started process (PID=2138) to work on /home/airflow/.local/lib/python3.12/site-packages/airflow/example_dags/example_local_kubernetes_executor.py
[2025-12-13T10:33:03.967+0000] {processor.py:914} INFO - Processing file /home/airflow/.local/lib/python3.12/site-packages/airflow/example_dags/example_local_kubernetes_executor.py for tasks to queue
[2025-12-13T10:33:03.976+0000] {logging_mixin.py:190} INFO - [2025-12-13T10:33:03.975+0000] {dagbag.py:588} INFO - Filling up the DagBag from /home/airflow/.local/lib/python3.12/site-packages/airflow/example_dags/example_local_kubernetes_executor.py
[2025-12-13T10:33:04.022+0000] {processor.py:925} INFO - DAG(s) 'example_local_kubernetes_executor' retrieved from /home/airflow/.local/lib/python3.12/site-packages/airflow/example_dags/example_local_kubernetes_executor.py
[2025-12-13T10:33:04.171+0000] {logging_mixin.py:190} INFO - [2025-12-13T10:33:04.170+0000] {dag.py:3239} INFO - Sync 1 DAGs
[2025-12-13T10:33:04.203+0000] {logging_mixin.py:190} INFO - [2025-12-13T10:33:04.203+0000] {dag.py:4180} INFO - Setting next_dagrun for example_local_kubernetes_executor to None, run_after=None
[2025-12-13T10:33:04.237+0000] {processor.py:208} INFO - Processing /home/airflow/.local/lib/python3.12/site-packages/airflow/example_dags/example_local_kubernetes_executor.py took 0.290 seconds
[2025-12-13T10:33:34.832+0000] {processor.py:186} INFO - Started process (PID=2200) to work on /home/airflow/.local/lib/python3.12/site-packages/airflow/example_dags/example_local_kubernetes_executor.py
[2025-12-13T10:33:34.834+0000] {processor.py:914} INFO - Processing file /home/airflow/.local/lib/python3.12/site-packages/airflow/example_dags/example_local_kubernetes_executor.py for tasks to queue
[2025-12-13T10:33:34.837+0000] {logging_mixin.py:190} INFO - [2025-12-13T10:33:34.836+0000] {dagbag.py:588} INFO - Filling up the DagBag from /home/airflow/.local/lib/python3.12/site-packages/airflow/example_dags/example_local_kubernetes_executor.py
[2025-12-13T10:33:34.855+0000] {processor.py:925} INFO - DAG(s) 'example_local_kubernetes_executor' retrieved from /home/airflow/.local/lib/python3.12/site-packages/airflow/example_dags/example_local_kubernetes_executor.py
[2025-12-13T10:33:34.912+0000] {logging_mixin.py:190} INFO - [2025-12-13T10:33:34.912+0000] {dag.py:3239} INFO - Sync 1 DAGs
[2025-12-13T10:33:34.944+0000] {logging_mixin.py:190} INFO - [2025-12-13T10:33:34.943+0000] {dag.py:4180} INFO - Setting next_dagrun for example_local_kubernetes_executor to None, run_after=None
[2025-12-13T10:33:34.976+0000] {processor.py:208} INFO - Processing /home/airflow/.local/lib/python3.12/site-packages/airflow/example_dags/example_local_kubernetes_executor.py took 0.156 seconds
[2025-12-13T10:34:05.579+0000] {processor.py:186} INFO - Started process (PID=2262) to work on /home/airflow/.local/lib/python3.12/site-packages/airflow/example_dags/example_local_kubernetes_executor.py
[2025-12-13T10:34:05.583+0000] {processor.py:914} INFO - Processing file /home/airflow/.local/lib/python3.12/site-packages/airflow/example_dags/example_local_kubernetes_executor.py for tasks to queue
[2025-12-13T10:34:05.590+0000] {logging_mixin.py:190} INFO - [2025-12-13T10:34:05.589+0000] {dagbag.py:588} INFO - Filling up the DagBag from /home/airflow/.local/lib/python3.12/site-packages/airflow/example_dags/example_local_kubernetes_executor.py
[2025-12-13T10:34:05.627+0000] {processor.py:925} INFO - DAG(s) 'example_local_kubernetes_executor' retrieved from /home/airflow/.local/lib/python3.12/site-packages/airflow/example_dags/example_local_kubernetes_executor.py
[2025-12-13T10:34:05.708+0000] {logging_mixin.py:190} INFO - [2025-12-13T10:34:05.708+0000] {dag.py:3239} INFO - Sync 1 DAGs
[2025-12-13T10:34:05.747+0000] {logging_mixin.py:190} INFO - [2025-12-13T10:34:05.747+0000] {dag.py:4180} INFO - Setting next_dagrun for example_local_kubernetes_executor to None, run_after=None
[2025-12-13T10:34:05.797+0000] {processor.py:208} INFO - Processing /home/airflow/.local/lib/python3.12/site-packages/airflow/example_dags/example_local_kubernetes_executor.py took 0.232 seconds
[2025-12-13T10:34:36.666+0000] {processor.py:186} INFO - Started process (PID=2325) to work on /home/airflow/.local/lib/python3.12/site-packages/airflow/example_dags/example_local_kubernetes_executor.py
[2025-12-13T10:34:36.669+0000] {processor.py:914} INFO - Processing file /home/airflow/.local/lib/python3.12/site-packages/airflow/example_dags/example_local_kubernetes_executor.py for tasks to queue
[2025-12-13T10:34:36.673+0000] {logging_mixin.py:190} INFO - [2025-12-13T10:34:36.672+0000] {dagbag.py:588} INFO - Filling up the DagBag from /home/airflow/.local/lib/python3.12/site-packages/airflow/example_dags/example_local_kubernetes_executor.py
[2025-12-13T10:34:36.698+0000] {processor.py:925} INFO - DAG(s) 'example_local_kubernetes_executor' retrieved from /home/airflow/.local/lib/python3.12/site-packages/airflow/example_dags/example_local_kubernetes_executor.py
[2025-12-13T10:34:36.767+0000] {logging_mixin.py:190} INFO - [2025-12-13T10:34:36.767+0000] {dag.py:3239} INFO - Sync 1 DAGs
[2025-12-13T10:34:36.805+0000] {logging_mixin.py:190} INFO - [2025-12-13T10:34:36.804+0000] {dag.py:4180} INFO - Setting next_dagrun for example_local_kubernetes_executor to None, run_after=None
[2025-12-13T10:34:36.834+0000] {processor.py:208} INFO - Processing /home/airflow/.local/lib/python3.12/site-packages/airflow/example_dags/example_local_kubernetes_executor.py took 0.181 seconds
[2025-12-13T10:35:07.231+0000] {processor.py:186} INFO - Started process (PID=2388) to work on /home/airflow/.local/lib/python3.12/site-packages/airflow/example_dags/example_local_kubernetes_executor.py
[2025-12-13T10:35:07.232+0000] {processor.py:914} INFO - Processing file /home/airflow/.local/lib/python3.12/site-packages/airflow/example_dags/example_local_kubernetes_executor.py for tasks to queue
[2025-12-13T10:35:07.235+0000] {logging_mixin.py:190} INFO - [2025-12-13T10:35:07.234+0000] {dagbag.py:588} INFO - Filling up the DagBag from /home/airflow/.local/lib/python3.12/site-packages/airflow/example_dags/example_local_kubernetes_executor.py
[2025-12-13T10:35:07.252+0000] {processor.py:925} INFO - DAG(s) 'example_local_kubernetes_executor' retrieved from /home/airflow/.local/lib/python3.12/site-packages/airflow/example_dags/example_local_kubernetes_executor.py
[2025-12-13T10:35:07.300+0000] {logging_mixin.py:190} INFO - [2025-12-13T10:35:07.300+0000] {dag.py:3239} INFO - Sync 1 DAGs
[2025-12-13T10:35:07.326+0000] {logging_mixin.py:190} INFO - [2025-12-13T10:35:07.325+0000] {dag.py:4180} INFO - Setting next_dagrun for example_local_kubernetes_executor to None, run_after=None
[2025-12-13T10:35:07.357+0000] {processor.py:208} INFO - Processing /home/airflow/.local/lib/python3.12/site-packages/airflow/example_dags/example_local_kubernetes_executor.py took 0.135 seconds
[2025-12-13T10:35:37.460+0000] {processor.py:186} INFO - Started process (PID=2451) to work on /home/airflow/.local/lib/python3.12/site-packages/airflow/example_dags/example_local_kubernetes_executor.py
[2025-12-13T10:35:37.461+0000] {processor.py:914} INFO - Processing file /home/airflow/.local/lib/python3.12/site-packages/airflow/example_dags/example_local_kubernetes_executor.py for tasks to queue
[2025-12-13T10:35:37.464+0000] {logging_mixin.py:190} INFO - [2025-12-13T10:35:37.464+0000] {dagbag.py:588} INFO - Filling up the DagBag from /home/airflow/.local/lib/python3.12/site-packages/airflow/example_dags/example_local_kubernetes_executor.py
[2025-12-13T10:35:37.478+0000] {processor.py:925} INFO - DAG(s) 'example_local_kubernetes_executor' retrieved from /home/airflow/.local/lib/python3.12/site-packages/airflow/example_dags/example_local_kubernetes_executor.py
[2025-12-13T10:35:37.525+0000] {logging_mixin.py:190} INFO - [2025-12-13T10:35:37.525+0000] {dag.py:3239} INFO - Sync 1 DAGs
[2025-12-13T10:35:37.546+0000] {logging_mixin.py:190} INFO - [2025-12-13T10:35:37.546+0000] {dag.py:4180} INFO - Setting next_dagrun for example_local_kubernetes_executor to None, run_after=None
[2025-12-13T10:35:37.571+0000] {processor.py:208} INFO - Processing /home/airflow/.local/lib/python3.12/site-packages/airflow/example_dags/example_local_kubernetes_executor.py took 0.121 seconds
[2025-12-13T10:36:08.804+0000] {processor.py:186} INFO - Started process (PID=2514) to work on /home/airflow/.local/lib/python3.12/site-packages/airflow/example_dags/example_local_kubernetes_executor.py
[2025-12-13T10:36:08.808+0000] {processor.py:914} INFO - Processing file /home/airflow/.local/lib/python3.12/site-packages/airflow/example_dags/example_local_kubernetes_executor.py for tasks to queue
[2025-12-13T10:36:08.817+0000] {logging_mixin.py:190} INFO - [2025-12-13T10:36:08.816+0000] {dagbag.py:588} INFO - Filling up the DagBag from /home/airflow/.local/lib/python3.12/site-packages/airflow/example_dags/example_local_kubernetes_executor.py
[2025-12-13T10:36:08.864+0000] {processor.py:925} INFO - DAG(s) 'example_local_kubernetes_executor' retrieved from /home/airflow/.local/lib/python3.12/site-packages/airflow/example_dags/example_local_kubernetes_executor.py
[2025-12-13T10:36:09.191+0000] {logging_mixin.py:190} INFO - [2025-12-13T10:36:09.191+0000] {dag.py:3239} INFO - Sync 1 DAGs
[2025-12-13T10:36:09.354+0000] {logging_mixin.py:190} INFO - [2025-12-13T10:36:09.354+0000] {dag.py:4180} INFO - Setting next_dagrun for example_local_kubernetes_executor to None, run_after=None
[2025-12-13T10:36:09.534+0000] {processor.py:208} INFO - Processing /home/airflow/.local/lib/python3.12/site-packages/airflow/example_dags/example_local_kubernetes_executor.py took 0.744 seconds
[2025-12-13T10:36:40.087+0000] {processor.py:186} INFO - Started process (PID=2577) to work on /home/airflow/.local/lib/python3.12/site-packages/airflow/example_dags/example_local_kubernetes_executor.py
[2025-12-13T10:36:40.089+0000] {processor.py:914} INFO - Processing file /home/airflow/.local/lib/python3.12/site-packages/airflow/example_dags/example_local_kubernetes_executor.py for tasks to queue
[2025-12-13T10:36:40.092+0000] {logging_mixin.py:190} INFO - [2025-12-13T10:36:40.092+0000] {dagbag.py:588} INFO - Filling up the DagBag from /home/airflow/.local/lib/python3.12/site-packages/airflow/example_dags/example_local_kubernetes_executor.py
[2025-12-13T10:36:40.111+0000] {processor.py:925} INFO - DAG(s) 'example_local_kubernetes_executor' retrieved from /home/airflow/.local/lib/python3.12/site-packages/airflow/example_dags/example_local_kubernetes_executor.py
[2025-12-13T10:36:40.174+0000] {logging_mixin.py:190} INFO - [2025-12-13T10:36:40.173+0000] {dag.py:3239} INFO - Sync 1 DAGs
[2025-12-13T10:36:40.203+0000] {logging_mixin.py:190} INFO - [2025-12-13T10:36:40.202+0000] {dag.py:4180} INFO - Setting next_dagrun for example_local_kubernetes_executor to None, run_after=None
[2025-12-13T10:36:40.236+0000] {processor.py:208} INFO - Processing /home/airflow/.local/lib/python3.12/site-packages/airflow/example_dags/example_local_kubernetes_executor.py took 0.162 seconds
[2025-12-13T10:37:10.424+0000] {processor.py:186} INFO - Started process (PID=2639) to work on /home/airflow/.local/lib/python3.12/site-packages/airflow/example_dags/example_local_kubernetes_executor.py
[2025-12-13T10:37:10.427+0000] {processor.py:914} INFO - Processing file /home/airflow/.local/lib/python3.12/site-packages/airflow/example_dags/example_local_kubernetes_executor.py for tasks to queue
[2025-12-13T10:37:10.432+0000] {logging_mixin.py:190} INFO - [2025-12-13T10:37:10.431+0000] {dagbag.py:588} INFO - Filling up the DagBag from /home/airflow/.local/lib/python3.12/site-packages/airflow/example_dags/example_local_kubernetes_executor.py
[2025-12-13T10:37:10.450+0000] {processor.py:925} INFO - DAG(s) 'example_local_kubernetes_executor' retrieved from /home/airflow/.local/lib/python3.12/site-packages/airflow/example_dags/example_local_kubernetes_executor.py
[2025-12-13T10:37:10.508+0000] {logging_mixin.py:190} INFO - [2025-12-13T10:37:10.508+0000] {dag.py:3239} INFO - Sync 1 DAGs
[2025-12-13T10:37:10.534+0000] {logging_mixin.py:190} INFO - [2025-12-13T10:37:10.534+0000] {dag.py:4180} INFO - Setting next_dagrun for example_local_kubernetes_executor to None, run_after=None
[2025-12-13T10:37:10.569+0000] {processor.py:208} INFO - Processing /home/airflow/.local/lib/python3.12/site-packages/airflow/example_dags/example_local_kubernetes_executor.py took 0.161 seconds
[2025-12-13T10:37:41.224+0000] {processor.py:186} INFO - Started process (PID=2702) to work on /home/airflow/.local/lib/python3.12/site-packages/airflow/example_dags/example_local_kubernetes_executor.py
[2025-12-13T10:37:41.226+0000] {processor.py:914} INFO - Processing file /home/airflow/.local/lib/python3.12/site-packages/airflow/example_dags/example_local_kubernetes_executor.py for tasks to queue
[2025-12-13T10:37:41.237+0000] {logging_mixin.py:190} INFO - [2025-12-13T10:37:41.235+0000] {dagbag.py:588} INFO - Filling up the DagBag from /home/airflow/.local/lib/python3.12/site-packages/airflow/example_dags/example_local_kubernetes_executor.py
[2025-12-13T10:37:41.258+0000] {processor.py:925} INFO - DAG(s) 'example_local_kubernetes_executor' retrieved from /home/airflow/.local/lib/python3.12/site-packages/airflow/example_dags/example_local_kubernetes_executor.py
[2025-12-13T10:37:41.329+0000] {logging_mixin.py:190} INFO - [2025-12-13T10:37:41.328+0000] {dag.py:3239} INFO - Sync 1 DAGs
[2025-12-13T10:37:41.361+0000] {logging_mixin.py:190} INFO - [2025-12-13T10:37:41.361+0000] {dag.py:4180} INFO - Setting next_dagrun for example_local_kubernetes_executor to None, run_after=None
[2025-12-13T10:37:41.399+0000] {processor.py:208} INFO - Processing /home/airflow/.local/lib/python3.12/site-packages/airflow/example_dags/example_local_kubernetes_executor.py took 0.204 seconds
[2025-12-13T10:38:12.020+0000] {processor.py:186} INFO - Started process (PID=2765) to work on /home/airflow/.local/lib/python3.12/site-packages/airflow/example_dags/example_local_kubernetes_executor.py
[2025-12-13T10:38:12.022+0000] {processor.py:914} INFO - Processing file /home/airflow/.local/lib/python3.12/site-packages/airflow/example_dags/example_local_kubernetes_executor.py for tasks to queue
[2025-12-13T10:38:12.027+0000] {logging_mixin.py:190} INFO - [2025-12-13T10:38:12.026+0000] {dagbag.py:588} INFO - Filling up the DagBag from /home/airflow/.local/lib/python3.12/site-packages/airflow/example_dags/example_local_kubernetes_executor.py
[2025-12-13T10:38:12.048+0000] {processor.py:925} INFO - DAG(s) 'example_local_kubernetes_executor' retrieved from /home/airflow/.local/lib/python3.12/site-packages/airflow/example_dags/example_local_kubernetes_executor.py
[2025-12-13T10:38:12.126+0000] {logging_mixin.py:190} INFO - [2025-12-13T10:38:12.125+0000] {dag.py:3239} INFO - Sync 1 DAGs
[2025-12-13T10:38:12.157+0000] {logging_mixin.py:190} INFO - [2025-12-13T10:38:12.156+0000] {dag.py:4180} INFO - Setting next_dagrun for example_local_kubernetes_executor to None, run_after=None
[2025-12-13T10:38:12.196+0000] {processor.py:208} INFO - Processing /home/airflow/.local/lib/python3.12/site-packages/airflow/example_dags/example_local_kubernetes_executor.py took 0.193 seconds
[2025-12-13T10:38:42.812+0000] {processor.py:186} INFO - Started process (PID=2829) to work on /home/airflow/.local/lib/python3.12/site-packages/airflow/example_dags/example_local_kubernetes_executor.py
[2025-12-13T10:38:42.813+0000] {processor.py:914} INFO - Processing file /home/airflow/.local/lib/python3.12/site-packages/airflow/example_dags/example_local_kubernetes_executor.py for tasks to queue
[2025-12-13T10:38:42.817+0000] {logging_mixin.py:190} INFO - [2025-12-13T10:38:42.817+0000] {dagbag.py:588} INFO - Filling up the DagBag from /home/airflow/.local/lib/python3.12/site-packages/airflow/example_dags/example_local_kubernetes_executor.py
[2025-12-13T10:38:42.838+0000] {processor.py:925} INFO - DAG(s) 'example_local_kubernetes_executor' retrieved from /home/airflow/.local/lib/python3.12/site-packages/airflow/example_dags/example_local_kubernetes_executor.py
[2025-12-13T10:38:42.911+0000] {logging_mixin.py:190} INFO - [2025-12-13T10:38:42.911+0000] {dag.py:3239} INFO - Sync 1 DAGs
[2025-12-13T10:38:43.352+0000] {logging_mixin.py:190} INFO - [2025-12-13T10:38:43.352+0000] {dag.py:4180} INFO - Setting next_dagrun for example_local_kubernetes_executor to None, run_after=None
[2025-12-13T10:38:43.409+0000] {processor.py:208} INFO - Processing /home/airflow/.local/lib/python3.12/site-packages/airflow/example_dags/example_local_kubernetes_executor.py took 0.609 seconds
[2025-12-13T10:39:13.803+0000] {processor.py:186} INFO - Started process (PID=2891) to work on /home/airflow/.local/lib/python3.12/site-packages/airflow/example_dags/example_local_kubernetes_executor.py
[2025-12-13T10:39:13.806+0000] {processor.py:914} INFO - Processing file /home/airflow/.local/lib/python3.12/site-packages/airflow/example_dags/example_local_kubernetes_executor.py for tasks to queue
[2025-12-13T10:39:13.813+0000] {logging_mixin.py:190} INFO - [2025-12-13T10:39:13.811+0000] {dagbag.py:588} INFO - Filling up the DagBag from /home/airflow/.local/lib/python3.12/site-packages/airflow/example_dags/example_local_kubernetes_executor.py
[2025-12-13T10:39:13.830+0000] {processor.py:925} INFO - DAG(s) 'example_local_kubernetes_executor' retrieved from /home/airflow/.local/lib/python3.12/site-packages/airflow/example_dags/example_local_kubernetes_executor.py
[2025-12-13T10:39:13.892+0000] {logging_mixin.py:190} INFO - [2025-12-13T10:39:13.891+0000] {dag.py:3239} INFO - Sync 1 DAGs
[2025-12-13T10:39:13.919+0000] {logging_mixin.py:190} INFO - [2025-12-13T10:39:13.919+0000] {dag.py:4180} INFO - Setting next_dagrun for example_local_kubernetes_executor to None, run_after=None
[2025-12-13T10:39:14.246+0000] {processor.py:208} INFO - Processing /home/airflow/.local/lib/python3.12/site-packages/airflow/example_dags/example_local_kubernetes_executor.py took 0.455 seconds
[2025-12-13T10:39:45.098+0000] {processor.py:186} INFO - Started process (PID=2955) to work on /home/airflow/.local/lib/python3.12/site-packages/airflow/example_dags/example_local_kubernetes_executor.py
[2025-12-13T10:39:45.104+0000] {processor.py:914} INFO - Processing file /home/airflow/.local/lib/python3.12/site-packages/airflow/example_dags/example_local_kubernetes_executor.py for tasks to queue
[2025-12-13T10:39:45.109+0000] {logging_mixin.py:190} INFO - [2025-12-13T10:39:45.108+0000] {dagbag.py:588} INFO - Filling up the DagBag from /home/airflow/.local/lib/python3.12/site-packages/airflow/example_dags/example_local_kubernetes_executor.py
[2025-12-13T10:39:45.127+0000] {processor.py:925} INFO - DAG(s) 'example_local_kubernetes_executor' retrieved from /home/airflow/.local/lib/python3.12/site-packages/airflow/example_dags/example_local_kubernetes_executor.py
[2025-12-13T10:39:45.192+0000] {logging_mixin.py:190} INFO - [2025-12-13T10:39:45.191+0000] {dag.py:3239} INFO - Sync 1 DAGs
[2025-12-13T10:39:45.262+0000] {logging_mixin.py:190} INFO - [2025-12-13T10:39:45.261+0000] {dag.py:4180} INFO - Setting next_dagrun for example_local_kubernetes_executor to None, run_after=None
[2025-12-13T10:39:45.607+0000] {processor.py:208} INFO - Processing /home/airflow/.local/lib/python3.12/site-packages/airflow/example_dags/example_local_kubernetes_executor.py took 0.520 seconds
[2025-12-13T10:40:15.749+0000] {processor.py:186} INFO - Started process (PID=3020) to work on /home/airflow/.local/lib/python3.12/site-packages/airflow/example_dags/example_local_kubernetes_executor.py
[2025-12-13T10:40:15.750+0000] {processor.py:914} INFO - Processing file /home/airflow/.local/lib/python3.12/site-packages/airflow/example_dags/example_local_kubernetes_executor.py for tasks to queue
[2025-12-13T10:40:15.755+0000] {logging_mixin.py:190} INFO - [2025-12-13T10:40:15.755+0000] {dagbag.py:588} INFO - Filling up the DagBag from /home/airflow/.local/lib/python3.12/site-packages/airflow/example_dags/example_local_kubernetes_executor.py
[2025-12-13T10:40:15.770+0000] {processor.py:925} INFO - DAG(s) 'example_local_kubernetes_executor' retrieved from /home/airflow/.local/lib/python3.12/site-packages/airflow/example_dags/example_local_kubernetes_executor.py
[2025-12-13T10:40:15.822+0000] {logging_mixin.py:190} INFO - [2025-12-13T10:40:15.821+0000] {dag.py:3239} INFO - Sync 1 DAGs
[2025-12-13T10:40:15.843+0000] {logging_mixin.py:190} INFO - [2025-12-13T10:40:15.842+0000] {dag.py:4180} INFO - Setting next_dagrun for example_local_kubernetes_executor to None, run_after=None
[2025-12-13T10:40:15.873+0000] {processor.py:208} INFO - Processing /home/airflow/.local/lib/python3.12/site-packages/airflow/example_dags/example_local_kubernetes_executor.py took 0.134 seconds
[2025-12-13T10:40:46.178+0000] {processor.py:186} INFO - Started process (PID=3081) to work on /home/airflow/.local/lib/python3.12/site-packages/airflow/example_dags/example_local_kubernetes_executor.py
[2025-12-13T10:40:46.183+0000] {processor.py:914} INFO - Processing file /home/airflow/.local/lib/python3.12/site-packages/airflow/example_dags/example_local_kubernetes_executor.py for tasks to queue
[2025-12-13T10:40:46.189+0000] {logging_mixin.py:190} INFO - [2025-12-13T10:40:46.188+0000] {dagbag.py:588} INFO - Filling up the DagBag from /home/airflow/.local/lib/python3.12/site-packages/airflow/example_dags/example_local_kubernetes_executor.py
[2025-12-13T10:40:46.519+0000] {processor.py:925} INFO - DAG(s) 'example_local_kubernetes_executor' retrieved from /home/airflow/.local/lib/python3.12/site-packages/airflow/example_dags/example_local_kubernetes_executor.py
[2025-12-13T10:40:46.577+0000] {logging_mixin.py:190} INFO - [2025-12-13T10:40:46.576+0000] {dag.py:3239} INFO - Sync 1 DAGs
[2025-12-13T10:40:46.603+0000] {logging_mixin.py:190} INFO - [2025-12-13T10:40:46.603+0000] {dag.py:4180} INFO - Setting next_dagrun for example_local_kubernetes_executor to None, run_after=None
[2025-12-13T10:40:46.649+0000] {processor.py:208} INFO - Processing /home/airflow/.local/lib/python3.12/site-packages/airflow/example_dags/example_local_kubernetes_executor.py took 0.485 seconds
[2025-12-13T10:41:17.510+0000] {processor.py:186} INFO - Started process (PID=3144) to work on /home/airflow/.local/lib/python3.12/site-packages/airflow/example_dags/example_local_kubernetes_executor.py
[2025-12-13T10:41:17.512+0000] {processor.py:914} INFO - Processing file /home/airflow/.local/lib/python3.12/site-packages/airflow/example_dags/example_local_kubernetes_executor.py for tasks to queue
[2025-12-13T10:41:17.518+0000] {logging_mixin.py:190} INFO - [2025-12-13T10:41:17.517+0000] {dagbag.py:588} INFO - Filling up the DagBag from /home/airflow/.local/lib/python3.12/site-packages/airflow/example_dags/example_local_kubernetes_executor.py
[2025-12-13T10:41:17.537+0000] {processor.py:925} INFO - DAG(s) 'example_local_kubernetes_executor' retrieved from /home/airflow/.local/lib/python3.12/site-packages/airflow/example_dags/example_local_kubernetes_executor.py
[2025-12-13T10:41:17.601+0000] {logging_mixin.py:190} INFO - [2025-12-13T10:41:17.600+0000] {dag.py:3239} INFO - Sync 1 DAGs
[2025-12-13T10:41:17.631+0000] {logging_mixin.py:190} INFO - [2025-12-13T10:41:17.631+0000] {dag.py:4180} INFO - Setting next_dagrun for example_local_kubernetes_executor to None, run_after=None
[2025-12-13T10:41:17.665+0000] {processor.py:208} INFO - Processing /home/airflow/.local/lib/python3.12/site-packages/airflow/example_dags/example_local_kubernetes_executor.py took 0.169 seconds
[2025-12-13T10:41:48.099+0000] {processor.py:186} INFO - Started process (PID=3207) to work on /home/airflow/.local/lib/python3.12/site-packages/airflow/example_dags/example_local_kubernetes_executor.py
[2025-12-13T10:41:48.102+0000] {processor.py:914} INFO - Processing file /home/airflow/.local/lib/python3.12/site-packages/airflow/example_dags/example_local_kubernetes_executor.py for tasks to queue
[2025-12-13T10:41:48.109+0000] {logging_mixin.py:190} INFO - [2025-12-13T10:41:48.108+0000] {dagbag.py:588} INFO - Filling up the DagBag from /home/airflow/.local/lib/python3.12/site-packages/airflow/example_dags/example_local_kubernetes_executor.py
[2025-12-13T10:41:48.129+0000] {processor.py:925} INFO - DAG(s) 'example_local_kubernetes_executor' retrieved from /home/airflow/.local/lib/python3.12/site-packages/airflow/example_dags/example_local_kubernetes_executor.py
[2025-12-13T10:41:48.205+0000] {logging_mixin.py:190} INFO - [2025-12-13T10:41:48.205+0000] {dag.py:3239} INFO - Sync 1 DAGs
[2025-12-13T10:41:48.241+0000] {logging_mixin.py:190} INFO - [2025-12-13T10:41:48.241+0000] {dag.py:4180} INFO - Setting next_dagrun for example_local_kubernetes_executor to None, run_after=None
[2025-12-13T10:41:48.277+0000] {processor.py:208} INFO - Processing /home/airflow/.local/lib/python3.12/site-packages/airflow/example_dags/example_local_kubernetes_executor.py took 0.191 seconds
[2025-12-13T10:42:19.131+0000] {processor.py:186} INFO - Started process (PID=3270) to work on /home/airflow/.local/lib/python3.12/site-packages/airflow/example_dags/example_local_kubernetes_executor.py
[2025-12-13T10:42:19.133+0000] {processor.py:914} INFO - Processing file /home/airflow/.local/lib/python3.12/site-packages/airflow/example_dags/example_local_kubernetes_executor.py for tasks to queue
[2025-12-13T10:42:19.141+0000] {logging_mixin.py:190} INFO - [2025-12-13T10:42:19.140+0000] {dagbag.py:588} INFO - Filling up the DagBag from /home/airflow/.local/lib/python3.12/site-packages/airflow/example_dags/example_local_kubernetes_executor.py
[2025-12-13T10:42:19.163+0000] {processor.py:925} INFO - DAG(s) 'example_local_kubernetes_executor' retrieved from /home/airflow/.local/lib/python3.12/site-packages/airflow/example_dags/example_local_kubernetes_executor.py
[2025-12-13T10:42:19.238+0000] {logging_mixin.py:190} INFO - [2025-12-13T10:42:19.237+0000] {dag.py:3239} INFO - Sync 1 DAGs
[2025-12-13T10:42:19.267+0000] {logging_mixin.py:190} INFO - [2025-12-13T10:42:19.267+0000] {dag.py:4180} INFO - Setting next_dagrun for example_local_kubernetes_executor to None, run_after=None
[2025-12-13T10:42:19.303+0000] {processor.py:208} INFO - Processing /home/airflow/.local/lib/python3.12/site-packages/airflow/example_dags/example_local_kubernetes_executor.py took 0.189 seconds
[2025-12-13T10:42:49.416+0000] {processor.py:186} INFO - Started process (PID=3333) to work on /home/airflow/.local/lib/python3.12/site-packages/airflow/example_dags/example_local_kubernetes_executor.py
[2025-12-13T10:42:49.420+0000] {processor.py:914} INFO - Processing file /home/airflow/.local/lib/python3.12/site-packages/airflow/example_dags/example_local_kubernetes_executor.py for tasks to queue
[2025-12-13T10:42:49.433+0000] {logging_mixin.py:190} INFO - [2025-12-13T10:42:49.429+0000] {dagbag.py:588} INFO - Filling up the DagBag from /home/airflow/.local/lib/python3.12/site-packages/airflow/example_dags/example_local_kubernetes_executor.py
[2025-12-13T10:42:49.471+0000] {processor.py:925} INFO - DAG(s) 'example_local_kubernetes_executor' retrieved from /home/airflow/.local/lib/python3.12/site-packages/airflow/example_dags/example_local_kubernetes_executor.py
[2025-12-13T10:42:49.668+0000] {logging_mixin.py:190} INFO - [2025-12-13T10:42:49.667+0000] {dag.py:3239} INFO - Sync 1 DAGs
[2025-12-13T10:42:49.768+0000] {logging_mixin.py:190} INFO - [2025-12-13T10:42:49.767+0000] {dag.py:4180} INFO - Setting next_dagrun for example_local_kubernetes_executor to None, run_after=None
[2025-12-13T10:42:49.868+0000] {processor.py:208} INFO - Processing /home/airflow/.local/lib/python3.12/site-packages/airflow/example_dags/example_local_kubernetes_executor.py took 0.495 seconds
[2025-12-13T10:43:20.158+0000] {processor.py:186} INFO - Started process (PID=3396) to work on /home/airflow/.local/lib/python3.12/site-packages/airflow/example_dags/example_local_kubernetes_executor.py
[2025-12-13T10:43:20.161+0000] {processor.py:914} INFO - Processing file /home/airflow/.local/lib/python3.12/site-packages/airflow/example_dags/example_local_kubernetes_executor.py for tasks to queue
[2025-12-13T10:43:20.176+0000] {logging_mixin.py:190} INFO - [2025-12-13T10:43:20.173+0000] {dagbag.py:588} INFO - Filling up the DagBag from /home/airflow/.local/lib/python3.12/site-packages/airflow/example_dags/example_local_kubernetes_executor.py
[2025-12-13T10:43:20.195+0000] {processor.py:925} INFO - DAG(s) 'example_local_kubernetes_executor' retrieved from /home/airflow/.local/lib/python3.12/site-packages/airflow/example_dags/example_local_kubernetes_executor.py
[2025-12-13T10:43:20.459+0000] {logging_mixin.py:190} INFO - [2025-12-13T10:43:20.459+0000] {dag.py:3239} INFO - Sync 1 DAGs
[2025-12-13T10:43:20.614+0000] {logging_mixin.py:190} INFO - [2025-12-13T10:43:20.613+0000] {dag.py:4180} INFO - Setting next_dagrun for example_local_kubernetes_executor to None, run_after=None
[2025-12-13T10:43:20.767+0000] {processor.py:208} INFO - Processing /home/airflow/.local/lib/python3.12/site-packages/airflow/example_dags/example_local_kubernetes_executor.py took 0.656 seconds
[2025-12-13T10:43:51.405+0000] {processor.py:186} INFO - Started process (PID=3465) to work on /home/airflow/.local/lib/python3.12/site-packages/airflow/example_dags/example_local_kubernetes_executor.py
[2025-12-13T10:43:51.407+0000] {processor.py:914} INFO - Processing file /home/airflow/.local/lib/python3.12/site-packages/airflow/example_dags/example_local_kubernetes_executor.py for tasks to queue
[2025-12-13T10:43:51.414+0000] {logging_mixin.py:190} INFO - [2025-12-13T10:43:51.413+0000] {dagbag.py:588} INFO - Filling up the DagBag from /home/airflow/.local/lib/python3.12/site-packages/airflow/example_dags/example_local_kubernetes_executor.py
[2025-12-13T10:43:51.435+0000] {processor.py:925} INFO - DAG(s) 'example_local_kubernetes_executor' retrieved from /home/airflow/.local/lib/python3.12/site-packages/airflow/example_dags/example_local_kubernetes_executor.py
[2025-12-13T10:43:51.543+0000] {logging_mixin.py:190} INFO - [2025-12-13T10:43:51.541+0000] {dag.py:3239} INFO - Sync 1 DAGs
[2025-12-13T10:43:51.583+0000] {logging_mixin.py:190} INFO - [2025-12-13T10:43:51.582+0000] {dag.py:4180} INFO - Setting next_dagrun for example_local_kubernetes_executor to None, run_after=None
[2025-12-13T10:43:51.624+0000] {processor.py:208} INFO - Processing /home/airflow/.local/lib/python3.12/site-packages/airflow/example_dags/example_local_kubernetes_executor.py took 0.235 seconds
[2025-12-13T10:44:21.969+0000] {processor.py:186} INFO - Started process (PID=3528) to work on /home/airflow/.local/lib/python3.12/site-packages/airflow/example_dags/example_local_kubernetes_executor.py
[2025-12-13T10:44:21.974+0000] {processor.py:914} INFO - Processing file /home/airflow/.local/lib/python3.12/site-packages/airflow/example_dags/example_local_kubernetes_executor.py for tasks to queue
[2025-12-13T10:44:22.024+0000] {logging_mixin.py:190} INFO - [2025-12-13T10:44:22.011+0000] {dagbag.py:588} INFO - Filling up the DagBag from /home/airflow/.local/lib/python3.12/site-packages/airflow/example_dags/example_local_kubernetes_executor.py
[2025-12-13T10:44:22.091+0000] {processor.py:925} INFO - DAG(s) 'example_local_kubernetes_executor' retrieved from /home/airflow/.local/lib/python3.12/site-packages/airflow/example_dags/example_local_kubernetes_executor.py
[2025-12-13T10:44:22.318+0000] {logging_mixin.py:190} INFO - [2025-12-13T10:44:22.317+0000] {dag.py:3239} INFO - Sync 1 DAGs
[2025-12-13T10:44:22.440+0000] {logging_mixin.py:190} INFO - [2025-12-13T10:44:22.439+0000] {dag.py:4180} INFO - Setting next_dagrun for example_local_kubernetes_executor to None, run_after=None
[2025-12-13T10:44:22.676+0000] {processor.py:208} INFO - Processing /home/airflow/.local/lib/python3.12/site-packages/airflow/example_dags/example_local_kubernetes_executor.py took 0.755 seconds
[2025-12-13T10:44:52.900+0000] {processor.py:186} INFO - Started process (PID=3590) to work on /home/airflow/.local/lib/python3.12/site-packages/airflow/example_dags/example_local_kubernetes_executor.py
[2025-12-13T10:44:52.901+0000] {processor.py:914} INFO - Processing file /home/airflow/.local/lib/python3.12/site-packages/airflow/example_dags/example_local_kubernetes_executor.py for tasks to queue
[2025-12-13T10:44:52.907+0000] {logging_mixin.py:190} INFO - [2025-12-13T10:44:52.906+0000] {dagbag.py:588} INFO - Filling up the DagBag from /home/airflow/.local/lib/python3.12/site-packages/airflow/example_dags/example_local_kubernetes_executor.py
[2025-12-13T10:44:52.928+0000] {processor.py:925} INFO - DAG(s) 'example_local_kubernetes_executor' retrieved from /home/airflow/.local/lib/python3.12/site-packages/airflow/example_dags/example_local_kubernetes_executor.py
[2025-12-13T10:44:52.995+0000] {logging_mixin.py:190} INFO - [2025-12-13T10:44:52.995+0000] {dag.py:3239} INFO - Sync 1 DAGs
[2025-12-13T10:44:53.036+0000] {logging_mixin.py:190} INFO - [2025-12-13T10:44:53.036+0000] {dag.py:4180} INFO - Setting next_dagrun for example_local_kubernetes_executor to None, run_after=None
[2025-12-13T10:44:53.074+0000] {processor.py:208} INFO - Processing /home/airflow/.local/lib/python3.12/site-packages/airflow/example_dags/example_local_kubernetes_executor.py took 0.188 seconds
[2025-12-13T10:45:23.717+0000] {processor.py:186} INFO - Started process (PID=3652) to work on /home/airflow/.local/lib/python3.12/site-packages/airflow/example_dags/example_local_kubernetes_executor.py
[2025-12-13T10:45:23.722+0000] {processor.py:914} INFO - Processing file /home/airflow/.local/lib/python3.12/site-packages/airflow/example_dags/example_local_kubernetes_executor.py for tasks to queue
[2025-12-13T10:45:23.728+0000] {logging_mixin.py:190} INFO - [2025-12-13T10:45:23.728+0000] {dagbag.py:588} INFO - Filling up the DagBag from /home/airflow/.local/lib/python3.12/site-packages/airflow/example_dags/example_local_kubernetes_executor.py
[2025-12-13T10:45:23.749+0000] {processor.py:925} INFO - DAG(s) 'example_local_kubernetes_executor' retrieved from /home/airflow/.local/lib/python3.12/site-packages/airflow/example_dags/example_local_kubernetes_executor.py
[2025-12-13T10:45:23.807+0000] {logging_mixin.py:190} INFO - [2025-12-13T10:45:23.806+0000] {dag.py:3239} INFO - Sync 1 DAGs
[2025-12-13T10:45:23.839+0000] {logging_mixin.py:190} INFO - [2025-12-13T10:45:23.838+0000] {dag.py:4180} INFO - Setting next_dagrun for example_local_kubernetes_executor to None, run_after=None
[2025-12-13T10:45:23.874+0000] {processor.py:208} INFO - Processing /home/airflow/.local/lib/python3.12/site-packages/airflow/example_dags/example_local_kubernetes_executor.py took 0.171 seconds
[2025-12-13T10:45:53.947+0000] {processor.py:186} INFO - Started process (PID=3715) to work on /home/airflow/.local/lib/python3.12/site-packages/airflow/example_dags/example_local_kubernetes_executor.py
[2025-12-13T10:45:53.949+0000] {processor.py:914} INFO - Processing file /home/airflow/.local/lib/python3.12/site-packages/airflow/example_dags/example_local_kubernetes_executor.py for tasks to queue
[2025-12-13T10:45:53.954+0000] {logging_mixin.py:190} INFO - [2025-12-13T10:45:53.953+0000] {dagbag.py:588} INFO - Filling up the DagBag from /home/airflow/.local/lib/python3.12/site-packages/airflow/example_dags/example_local_kubernetes_executor.py
[2025-12-13T10:45:53.971+0000] {processor.py:925} INFO - DAG(s) 'example_local_kubernetes_executor' retrieved from /home/airflow/.local/lib/python3.12/site-packages/airflow/example_dags/example_local_kubernetes_executor.py
[2025-12-13T10:45:54.024+0000] {logging_mixin.py:190} INFO - [2025-12-13T10:45:54.024+0000] {dag.py:3239} INFO - Sync 1 DAGs
[2025-12-13T10:45:54.049+0000] {logging_mixin.py:190} INFO - [2025-12-13T10:45:54.048+0000] {dag.py:4180} INFO - Setting next_dagrun for example_local_kubernetes_executor to None, run_after=None
[2025-12-13T10:45:54.081+0000] {processor.py:208} INFO - Processing /home/airflow/.local/lib/python3.12/site-packages/airflow/example_dags/example_local_kubernetes_executor.py took 0.145 seconds
[2025-12-13T10:46:24.601+0000] {processor.py:186} INFO - Started process (PID=3777) to work on /home/airflow/.local/lib/python3.12/site-packages/airflow/example_dags/example_local_kubernetes_executor.py
[2025-12-13T10:46:24.603+0000] {processor.py:914} INFO - Processing file /home/airflow/.local/lib/python3.12/site-packages/airflow/example_dags/example_local_kubernetes_executor.py for tasks to queue
[2025-12-13T10:46:24.613+0000] {logging_mixin.py:190} INFO - [2025-12-13T10:46:24.613+0000] {dagbag.py:588} INFO - Filling up the DagBag from /home/airflow/.local/lib/python3.12/site-packages/airflow/example_dags/example_local_kubernetes_executor.py
[2025-12-13T10:46:24.660+0000] {processor.py:925} INFO - DAG(s) 'example_local_kubernetes_executor' retrieved from /home/airflow/.local/lib/python3.12/site-packages/airflow/example_dags/example_local_kubernetes_executor.py
[2025-12-13T10:46:24.780+0000] {logging_mixin.py:190} INFO - [2025-12-13T10:46:24.780+0000] {dag.py:3239} INFO - Sync 1 DAGs
[2025-12-13T10:46:24.821+0000] {logging_mixin.py:190} INFO - [2025-12-13T10:46:24.820+0000] {dag.py:4180} INFO - Setting next_dagrun for example_local_kubernetes_executor to None, run_after=None
[2025-12-13T10:46:24.864+0000] {processor.py:208} INFO - Processing /home/airflow/.local/lib/python3.12/site-packages/airflow/example_dags/example_local_kubernetes_executor.py took 0.283 seconds
[2025-12-13T10:46:55.088+0000] {processor.py:186} INFO - Started process (PID=3840) to work on /home/airflow/.local/lib/python3.12/site-packages/airflow/example_dags/example_local_kubernetes_executor.py
[2025-12-13T10:46:55.091+0000] {processor.py:914} INFO - Processing file /home/airflow/.local/lib/python3.12/site-packages/airflow/example_dags/example_local_kubernetes_executor.py for tasks to queue
[2025-12-13T10:46:55.095+0000] {logging_mixin.py:190} INFO - [2025-12-13T10:46:55.094+0000] {dagbag.py:588} INFO - Filling up the DagBag from /home/airflow/.local/lib/python3.12/site-packages/airflow/example_dags/example_local_kubernetes_executor.py
[2025-12-13T10:46:55.124+0000] {processor.py:925} INFO - DAG(s) 'example_local_kubernetes_executor' retrieved from /home/airflow/.local/lib/python3.12/site-packages/airflow/example_dags/example_local_kubernetes_executor.py
[2025-12-13T10:46:55.230+0000] {logging_mixin.py:190} INFO - [2025-12-13T10:46:55.229+0000] {dag.py:3239} INFO - Sync 1 DAGs
[2025-12-13T10:46:55.272+0000] {logging_mixin.py:190} INFO - [2025-12-13T10:46:55.272+0000] {dag.py:4180} INFO - Setting next_dagrun for example_local_kubernetes_executor to None, run_after=None
[2025-12-13T10:46:55.313+0000] {processor.py:208} INFO - Processing /home/airflow/.local/lib/python3.12/site-packages/airflow/example_dags/example_local_kubernetes_executor.py took 0.242 seconds
