[2025-12-13T10:16:05.067+0000] {processor.py:186} INFO - Started process (PID=85) to work on /home/airflow/.local/lib/python3.12/site-packages/airflow/example_dags/example_bash_decorator.py
[2025-12-13T10:16:05.077+0000] {processor.py:914} INFO - Processing file /home/airflow/.local/lib/python3.12/site-packages/airflow/example_dags/example_bash_decorator.py for tasks to queue
[2025-12-13T10:16:05.088+0000] {logging_mixin.py:190} INFO - [2025-12-13T10:16:05.087+0000] {dagbag.py:588} INFO - Filling up the DagBag from /home/airflow/.local/lib/python3.12/site-packages/airflow/example_dags/example_bash_decorator.py
[2025-12-13T10:16:05.157+0000] {processor.py:925} INFO - DAG(s) 'example_bash_decorator' retrieved from /home/airflow/.local/lib/python3.12/site-packages/airflow/example_dags/example_bash_decorator.py
[2025-12-13T10:16:05.434+0000] {logging_mixin.py:190} INFO - [2025-12-13T10:16:05.431+0000] {override.py:1911} INFO - Created Permission View: can edit on DAG:example_bash_decorator
[2025-12-13T10:16:05.455+0000] {logging_mixin.py:190} INFO - [2025-12-13T10:16:05.455+0000] {override.py:1911} INFO - Created Permission View: can delete on DAG:example_bash_decorator
[2025-12-13T10:16:05.468+0000] {logging_mixin.py:190} INFO - [2025-12-13T10:16:05.467+0000] {override.py:1911} INFO - Created Permission View: can read on DAG:example_bash_decorator
[2025-12-13T10:16:05.501+0000] {logging_mixin.py:190} INFO - [2025-12-13T10:16:05.501+0000] {override.py:1911} INFO - Created Permission View: can create on DAG Run:example_bash_decorator
[2025-12-13T10:16:05.532+0000] {logging_mixin.py:190} INFO - [2025-12-13T10:16:05.531+0000] {override.py:1911} INFO - Created Permission View: can delete on DAG Run:example_bash_decorator
[2025-12-13T10:16:05.550+0000] {logging_mixin.py:190} INFO - [2025-12-13T10:16:05.549+0000] {override.py:1911} INFO - Created Permission View: menu access on DAG Run:example_bash_decorator
[2025-12-13T10:16:05.578+0000] {logging_mixin.py:190} INFO - [2025-12-13T10:16:05.577+0000] {override.py:1911} INFO - Created Permission View: can read on DAG Run:example_bash_decorator
[2025-12-13T10:16:05.579+0000] {logging_mixin.py:190} INFO - [2025-12-13T10:16:05.578+0000] {dag.py:3239} INFO - Sync 1 DAGs
[2025-12-13T10:16:05.618+0000] {logging_mixin.py:190} INFO - [2025-12-13T10:16:05.618+0000] {dag.py:3262} INFO - Creating ORM DAG for example_bash_decorator
[2025-12-13T10:16:05.620+0000] {logging_mixin.py:190} INFO - [2025-12-13T10:16:05.619+0000] {dag.py:4180} INFO - Setting next_dagrun for example_bash_decorator to None, run_after=None
[2025-12-13T10:16:05.665+0000] {processor.py:208} INFO - Processing /home/airflow/.local/lib/python3.12/site-packages/airflow/example_dags/example_bash_decorator.py took 0.615 seconds
[2025-12-13T10:16:36.339+0000] {processor.py:186} INFO - Started process (PID=147) to work on /home/airflow/.local/lib/python3.12/site-packages/airflow/example_dags/example_bash_decorator.py
[2025-12-13T10:16:36.343+0000] {processor.py:914} INFO - Processing file /home/airflow/.local/lib/python3.12/site-packages/airflow/example_dags/example_bash_decorator.py for tasks to queue
[2025-12-13T10:16:36.349+0000] {logging_mixin.py:190} INFO - [2025-12-13T10:16:36.349+0000] {dagbag.py:588} INFO - Filling up the DagBag from /home/airflow/.local/lib/python3.12/site-packages/airflow/example_dags/example_bash_decorator.py
[2025-12-13T10:16:36.386+0000] {processor.py:925} INFO - DAG(s) 'example_bash_decorator' retrieved from /home/airflow/.local/lib/python3.12/site-packages/airflow/example_dags/example_bash_decorator.py
[2025-12-13T10:16:36.440+0000] {logging_mixin.py:190} INFO - [2025-12-13T10:16:36.439+0000] {dag.py:3239} INFO - Sync 1 DAGs
[2025-12-13T10:16:36.469+0000] {logging_mixin.py:190} INFO - [2025-12-13T10:16:36.469+0000] {dag.py:4180} INFO - Setting next_dagrun for example_bash_decorator to None, run_after=None
[2025-12-13T10:16:36.501+0000] {processor.py:208} INFO - Processing /home/airflow/.local/lib/python3.12/site-packages/airflow/example_dags/example_bash_decorator.py took 0.176 seconds
[2025-12-13T10:17:06.962+0000] {processor.py:186} INFO - Started process (PID=210) to work on /home/airflow/.local/lib/python3.12/site-packages/airflow/example_dags/example_bash_decorator.py
[2025-12-13T10:17:06.967+0000] {processor.py:914} INFO - Processing file /home/airflow/.local/lib/python3.12/site-packages/airflow/example_dags/example_bash_decorator.py for tasks to queue
[2025-12-13T10:17:06.978+0000] {logging_mixin.py:190} INFO - [2025-12-13T10:17:06.975+0000] {dagbag.py:588} INFO - Filling up the DagBag from /home/airflow/.local/lib/python3.12/site-packages/airflow/example_dags/example_bash_decorator.py
[2025-12-13T10:17:07.015+0000] {processor.py:925} INFO - DAG(s) 'example_bash_decorator' retrieved from /home/airflow/.local/lib/python3.12/site-packages/airflow/example_dags/example_bash_decorator.py
[2025-12-13T10:17:07.074+0000] {logging_mixin.py:190} INFO - [2025-12-13T10:17:07.074+0000] {dag.py:3239} INFO - Sync 1 DAGs
[2025-12-13T10:17:07.156+0000] {logging_mixin.py:190} INFO - [2025-12-13T10:17:07.155+0000] {dag.py:4180} INFO - Setting next_dagrun for example_bash_decorator to None, run_after=None
[2025-12-13T10:17:07.227+0000] {processor.py:208} INFO - Processing /home/airflow/.local/lib/python3.12/site-packages/airflow/example_dags/example_bash_decorator.py took 0.289 seconds
[2025-12-13T10:17:37.505+0000] {processor.py:186} INFO - Started process (PID=272) to work on /home/airflow/.local/lib/python3.12/site-packages/airflow/example_dags/example_bash_decorator.py
[2025-12-13T10:17:37.507+0000] {processor.py:914} INFO - Processing file /home/airflow/.local/lib/python3.12/site-packages/airflow/example_dags/example_bash_decorator.py for tasks to queue
[2025-12-13T10:17:37.511+0000] {logging_mixin.py:190} INFO - [2025-12-13T10:17:37.510+0000] {dagbag.py:588} INFO - Filling up the DagBag from /home/airflow/.local/lib/python3.12/site-packages/airflow/example_dags/example_bash_decorator.py
[2025-12-13T10:17:37.550+0000] {processor.py:925} INFO - DAG(s) 'example_bash_decorator' retrieved from /home/airflow/.local/lib/python3.12/site-packages/airflow/example_dags/example_bash_decorator.py
[2025-12-13T10:17:37.608+0000] {logging_mixin.py:190} INFO - [2025-12-13T10:17:37.607+0000] {dag.py:3239} INFO - Sync 1 DAGs
[2025-12-13T10:17:37.639+0000] {logging_mixin.py:190} INFO - [2025-12-13T10:17:37.639+0000] {dag.py:4180} INFO - Setting next_dagrun for example_bash_decorator to None, run_after=None
[2025-12-13T10:17:37.687+0000] {processor.py:208} INFO - Processing /home/airflow/.local/lib/python3.12/site-packages/airflow/example_dags/example_bash_decorator.py took 0.198 seconds
[2025-12-13T10:18:07.773+0000] {processor.py:186} INFO - Started process (PID=335) to work on /home/airflow/.local/lib/python3.12/site-packages/airflow/example_dags/example_bash_decorator.py
[2025-12-13T10:18:07.774+0000] {processor.py:914} INFO - Processing file /home/airflow/.local/lib/python3.12/site-packages/airflow/example_dags/example_bash_decorator.py for tasks to queue
[2025-12-13T10:18:07.777+0000] {logging_mixin.py:190} INFO - [2025-12-13T10:18:07.776+0000] {dagbag.py:588} INFO - Filling up the DagBag from /home/airflow/.local/lib/python3.12/site-packages/airflow/example_dags/example_bash_decorator.py
[2025-12-13T10:18:07.808+0000] {processor.py:925} INFO - DAG(s) 'example_bash_decorator' retrieved from /home/airflow/.local/lib/python3.12/site-packages/airflow/example_dags/example_bash_decorator.py
[2025-12-13T10:18:07.854+0000] {logging_mixin.py:190} INFO - [2025-12-13T10:18:07.853+0000] {dag.py:3239} INFO - Sync 1 DAGs
[2025-12-13T10:18:07.878+0000] {logging_mixin.py:190} INFO - [2025-12-13T10:18:07.878+0000] {dag.py:4180} INFO - Setting next_dagrun for example_bash_decorator to None, run_after=None
[2025-12-13T10:18:07.909+0000] {processor.py:208} INFO - Processing /home/airflow/.local/lib/python3.12/site-packages/airflow/example_dags/example_bash_decorator.py took 0.148 seconds
[2025-12-13T10:18:38.256+0000] {processor.py:186} INFO - Started process (PID=398) to work on /home/airflow/.local/lib/python3.12/site-packages/airflow/example_dags/example_bash_decorator.py
[2025-12-13T10:18:38.259+0000] {processor.py:914} INFO - Processing file /home/airflow/.local/lib/python3.12/site-packages/airflow/example_dags/example_bash_decorator.py for tasks to queue
[2025-12-13T10:18:38.263+0000] {logging_mixin.py:190} INFO - [2025-12-13T10:18:38.263+0000] {dagbag.py:588} INFO - Filling up the DagBag from /home/airflow/.local/lib/python3.12/site-packages/airflow/example_dags/example_bash_decorator.py
[2025-12-13T10:18:38.292+0000] {processor.py:925} INFO - DAG(s) 'example_bash_decorator' retrieved from /home/airflow/.local/lib/python3.12/site-packages/airflow/example_dags/example_bash_decorator.py
[2025-12-13T10:18:38.334+0000] {logging_mixin.py:190} INFO - [2025-12-13T10:18:38.334+0000] {dag.py:3239} INFO - Sync 1 DAGs
[2025-12-13T10:18:38.361+0000] {logging_mixin.py:190} INFO - [2025-12-13T10:18:38.361+0000] {dag.py:4180} INFO - Setting next_dagrun for example_bash_decorator to None, run_after=None
[2025-12-13T10:18:38.386+0000] {processor.py:208} INFO - Processing /home/airflow/.local/lib/python3.12/site-packages/airflow/example_dags/example_bash_decorator.py took 0.140 seconds
[2025-12-13T10:19:09.291+0000] {processor.py:186} INFO - Started process (PID=461) to work on /home/airflow/.local/lib/python3.12/site-packages/airflow/example_dags/example_bash_decorator.py
[2025-12-13T10:19:09.293+0000] {processor.py:914} INFO - Processing file /home/airflow/.local/lib/python3.12/site-packages/airflow/example_dags/example_bash_decorator.py for tasks to queue
[2025-12-13T10:19:09.297+0000] {logging_mixin.py:190} INFO - [2025-12-13T10:19:09.296+0000] {dagbag.py:588} INFO - Filling up the DagBag from /home/airflow/.local/lib/python3.12/site-packages/airflow/example_dags/example_bash_decorator.py
[2025-12-13T10:19:09.331+0000] {processor.py:925} INFO - DAG(s) 'example_bash_decorator' retrieved from /home/airflow/.local/lib/python3.12/site-packages/airflow/example_dags/example_bash_decorator.py
[2025-12-13T10:19:09.385+0000] {logging_mixin.py:190} INFO - [2025-12-13T10:19:09.384+0000] {dag.py:3239} INFO - Sync 1 DAGs
[2025-12-13T10:19:09.411+0000] {logging_mixin.py:190} INFO - [2025-12-13T10:19:09.411+0000] {dag.py:4180} INFO - Setting next_dagrun for example_bash_decorator to None, run_after=None
[2025-12-13T10:19:09.444+0000] {processor.py:208} INFO - Processing /home/airflow/.local/lib/python3.12/site-packages/airflow/example_dags/example_bash_decorator.py took 0.163 seconds
[2025-12-13T10:19:40.046+0000] {processor.py:186} INFO - Started process (PID=524) to work on /home/airflow/.local/lib/python3.12/site-packages/airflow/example_dags/example_bash_decorator.py
[2025-12-13T10:19:40.051+0000] {processor.py:914} INFO - Processing file /home/airflow/.local/lib/python3.12/site-packages/airflow/example_dags/example_bash_decorator.py for tasks to queue
[2025-12-13T10:19:40.058+0000] {logging_mixin.py:190} INFO - [2025-12-13T10:19:40.057+0000] {dagbag.py:588} INFO - Filling up the DagBag from /home/airflow/.local/lib/python3.12/site-packages/airflow/example_dags/example_bash_decorator.py
[2025-12-13T10:19:40.104+0000] {processor.py:925} INFO - DAG(s) 'example_bash_decorator' retrieved from /home/airflow/.local/lib/python3.12/site-packages/airflow/example_dags/example_bash_decorator.py
[2025-12-13T10:19:40.163+0000] {logging_mixin.py:190} INFO - [2025-12-13T10:19:40.162+0000] {dag.py:3239} INFO - Sync 1 DAGs
[2025-12-13T10:19:40.215+0000] {logging_mixin.py:190} INFO - [2025-12-13T10:19:40.215+0000] {dag.py:4180} INFO - Setting next_dagrun for example_bash_decorator to None, run_after=None
[2025-12-13T10:19:40.254+0000] {processor.py:208} INFO - Processing /home/airflow/.local/lib/python3.12/site-packages/airflow/example_dags/example_bash_decorator.py took 0.222 seconds
[2025-12-13T10:20:10.580+0000] {processor.py:186} INFO - Started process (PID=587) to work on /home/airflow/.local/lib/python3.12/site-packages/airflow/example_dags/example_bash_decorator.py
[2025-12-13T10:20:10.581+0000] {processor.py:914} INFO - Processing file /home/airflow/.local/lib/python3.12/site-packages/airflow/example_dags/example_bash_decorator.py for tasks to queue
[2025-12-13T10:20:10.589+0000] {logging_mixin.py:190} INFO - [2025-12-13T10:20:10.588+0000] {dagbag.py:588} INFO - Filling up the DagBag from /home/airflow/.local/lib/python3.12/site-packages/airflow/example_dags/example_bash_decorator.py
[2025-12-13T10:20:10.625+0000] {processor.py:925} INFO - DAG(s) 'example_bash_decorator' retrieved from /home/airflow/.local/lib/python3.12/site-packages/airflow/example_dags/example_bash_decorator.py
[2025-12-13T10:20:10.672+0000] {logging_mixin.py:190} INFO - [2025-12-13T10:20:10.672+0000] {dag.py:3239} INFO - Sync 1 DAGs
[2025-12-13T10:20:10.703+0000] {logging_mixin.py:190} INFO - [2025-12-13T10:20:10.703+0000] {dag.py:4180} INFO - Setting next_dagrun for example_bash_decorator to None, run_after=None
[2025-12-13T10:20:10.744+0000] {processor.py:208} INFO - Processing /home/airflow/.local/lib/python3.12/site-packages/airflow/example_dags/example_bash_decorator.py took 0.178 seconds
[2025-12-13T10:20:40.822+0000] {processor.py:186} INFO - Started process (PID=649) to work on /home/airflow/.local/lib/python3.12/site-packages/airflow/example_dags/example_bash_decorator.py
[2025-12-13T10:20:40.825+0000] {processor.py:914} INFO - Processing file /home/airflow/.local/lib/python3.12/site-packages/airflow/example_dags/example_bash_decorator.py for tasks to queue
[2025-12-13T10:20:40.830+0000] {logging_mixin.py:190} INFO - [2025-12-13T10:20:40.830+0000] {dagbag.py:588} INFO - Filling up the DagBag from /home/airflow/.local/lib/python3.12/site-packages/airflow/example_dags/example_bash_decorator.py
[2025-12-13T10:20:40.872+0000] {processor.py:925} INFO - DAG(s) 'example_bash_decorator' retrieved from /home/airflow/.local/lib/python3.12/site-packages/airflow/example_dags/example_bash_decorator.py
[2025-12-13T10:20:40.919+0000] {logging_mixin.py:190} INFO - [2025-12-13T10:20:40.919+0000] {dag.py:3239} INFO - Sync 1 DAGs
[2025-12-13T10:20:40.952+0000] {logging_mixin.py:190} INFO - [2025-12-13T10:20:40.951+0000] {dag.py:4180} INFO - Setting next_dagrun for example_bash_decorator to None, run_after=None
[2025-12-13T10:20:40.988+0000] {processor.py:208} INFO - Processing /home/airflow/.local/lib/python3.12/site-packages/airflow/example_dags/example_bash_decorator.py took 0.179 seconds
[2025-12-13T10:21:11.254+0000] {processor.py:186} INFO - Started process (PID=712) to work on /home/airflow/.local/lib/python3.12/site-packages/airflow/example_dags/example_bash_decorator.py
[2025-12-13T10:21:11.256+0000] {processor.py:914} INFO - Processing file /home/airflow/.local/lib/python3.12/site-packages/airflow/example_dags/example_bash_decorator.py for tasks to queue
[2025-12-13T10:21:11.259+0000] {logging_mixin.py:190} INFO - [2025-12-13T10:21:11.258+0000] {dagbag.py:588} INFO - Filling up the DagBag from /home/airflow/.local/lib/python3.12/site-packages/airflow/example_dags/example_bash_decorator.py
[2025-12-13T10:21:11.286+0000] {processor.py:925} INFO - DAG(s) 'example_bash_decorator' retrieved from /home/airflow/.local/lib/python3.12/site-packages/airflow/example_dags/example_bash_decorator.py
[2025-12-13T10:21:11.327+0000] {logging_mixin.py:190} INFO - [2025-12-13T10:21:11.327+0000] {dag.py:3239} INFO - Sync 1 DAGs
[2025-12-13T10:21:11.353+0000] {logging_mixin.py:190} INFO - [2025-12-13T10:21:11.353+0000] {dag.py:4180} INFO - Setting next_dagrun for example_bash_decorator to None, run_after=None
[2025-12-13T10:21:11.380+0000] {processor.py:208} INFO - Processing /home/airflow/.local/lib/python3.12/site-packages/airflow/example_dags/example_bash_decorator.py took 0.136 seconds
[2025-12-13T10:21:41.654+0000] {processor.py:186} INFO - Started process (PID=775) to work on /home/airflow/.local/lib/python3.12/site-packages/airflow/example_dags/example_bash_decorator.py
[2025-12-13T10:21:41.658+0000] {processor.py:914} INFO - Processing file /home/airflow/.local/lib/python3.12/site-packages/airflow/example_dags/example_bash_decorator.py for tasks to queue
[2025-12-13T10:21:41.663+0000] {logging_mixin.py:190} INFO - [2025-12-13T10:21:41.662+0000] {dagbag.py:588} INFO - Filling up the DagBag from /home/airflow/.local/lib/python3.12/site-packages/airflow/example_dags/example_bash_decorator.py
[2025-12-13T10:21:41.697+0000] {processor.py:925} INFO - DAG(s) 'example_bash_decorator' retrieved from /home/airflow/.local/lib/python3.12/site-packages/airflow/example_dags/example_bash_decorator.py
[2025-12-13T10:21:41.754+0000] {logging_mixin.py:190} INFO - [2025-12-13T10:21:41.754+0000] {dag.py:3239} INFO - Sync 1 DAGs
[2025-12-13T10:21:41.786+0000] {logging_mixin.py:190} INFO - [2025-12-13T10:21:41.786+0000] {dag.py:4180} INFO - Setting next_dagrun for example_bash_decorator to None, run_after=None
[2025-12-13T10:21:41.825+0000] {processor.py:208} INFO - Processing /home/airflow/.local/lib/python3.12/site-packages/airflow/example_dags/example_bash_decorator.py took 0.182 seconds
[2025-12-13T10:22:11.969+0000] {processor.py:186} INFO - Started process (PID=838) to work on /home/airflow/.local/lib/python3.12/site-packages/airflow/example_dags/example_bash_decorator.py
[2025-12-13T10:22:11.971+0000] {processor.py:914} INFO - Processing file /home/airflow/.local/lib/python3.12/site-packages/airflow/example_dags/example_bash_decorator.py for tasks to queue
[2025-12-13T10:22:11.976+0000] {logging_mixin.py:190} INFO - [2025-12-13T10:22:11.975+0000] {dagbag.py:588} INFO - Filling up the DagBag from /home/airflow/.local/lib/python3.12/site-packages/airflow/example_dags/example_bash_decorator.py
[2025-12-13T10:22:12.008+0000] {processor.py:925} INFO - DAG(s) 'example_bash_decorator' retrieved from /home/airflow/.local/lib/python3.12/site-packages/airflow/example_dags/example_bash_decorator.py
[2025-12-13T10:22:12.056+0000] {logging_mixin.py:190} INFO - [2025-12-13T10:22:12.056+0000] {dag.py:3239} INFO - Sync 1 DAGs
[2025-12-13T10:22:12.087+0000] {logging_mixin.py:190} INFO - [2025-12-13T10:22:12.087+0000] {dag.py:4180} INFO - Setting next_dagrun for example_bash_decorator to None, run_after=None
[2025-12-13T10:22:12.127+0000] {processor.py:208} INFO - Processing /home/airflow/.local/lib/python3.12/site-packages/airflow/example_dags/example_bash_decorator.py took 0.169 seconds
[2025-12-13T10:22:45.928+0000] {processor.py:186} INFO - Started process (PID=905) to work on /home/airflow/.local/lib/python3.12/site-packages/airflow/example_dags/example_bash_decorator.py
[2025-12-13T10:22:45.929+0000] {processor.py:914} INFO - Processing file /home/airflow/.local/lib/python3.12/site-packages/airflow/example_dags/example_bash_decorator.py for tasks to queue
[2025-12-13T10:22:45.933+0000] {logging_mixin.py:190} INFO - [2025-12-13T10:22:45.932+0000] {dagbag.py:588} INFO - Filling up the DagBag from /home/airflow/.local/lib/python3.12/site-packages/airflow/example_dags/example_bash_decorator.py
[2025-12-13T10:22:45.969+0000] {processor.py:925} INFO - DAG(s) 'example_bash_decorator' retrieved from /home/airflow/.local/lib/python3.12/site-packages/airflow/example_dags/example_bash_decorator.py
[2025-12-13T10:22:46.055+0000] {logging_mixin.py:190} INFO - [2025-12-13T10:22:46.055+0000] {dag.py:3239} INFO - Sync 1 DAGs
[2025-12-13T10:22:46.095+0000] {logging_mixin.py:190} INFO - [2025-12-13T10:22:46.095+0000] {dag.py:4180} INFO - Setting next_dagrun for example_bash_decorator to None, run_after=None
[2025-12-13T10:22:46.194+0000] {processor.py:208} INFO - Processing /home/airflow/.local/lib/python3.12/site-packages/airflow/example_dags/example_bash_decorator.py took 0.285 seconds
[2025-12-13T10:23:16.866+0000] {processor.py:186} INFO - Started process (PID=968) to work on /home/airflow/.local/lib/python3.12/site-packages/airflow/example_dags/example_bash_decorator.py
[2025-12-13T10:23:16.867+0000] {processor.py:914} INFO - Processing file /home/airflow/.local/lib/python3.12/site-packages/airflow/example_dags/example_bash_decorator.py for tasks to queue
[2025-12-13T10:23:16.872+0000] {logging_mixin.py:190} INFO - [2025-12-13T10:23:16.871+0000] {dagbag.py:588} INFO - Filling up the DagBag from /home/airflow/.local/lib/python3.12/site-packages/airflow/example_dags/example_bash_decorator.py
[2025-12-13T10:23:16.904+0000] {processor.py:925} INFO - DAG(s) 'example_bash_decorator' retrieved from /home/airflow/.local/lib/python3.12/site-packages/airflow/example_dags/example_bash_decorator.py
[2025-12-13T10:23:16.948+0000] {logging_mixin.py:190} INFO - [2025-12-13T10:23:16.948+0000] {dag.py:3239} INFO - Sync 1 DAGs
[2025-12-13T10:23:16.971+0000] {logging_mixin.py:190} INFO - [2025-12-13T10:23:16.970+0000] {dag.py:4180} INFO - Setting next_dagrun for example_bash_decorator to None, run_after=None
[2025-12-13T10:23:16.999+0000] {processor.py:208} INFO - Processing /home/airflow/.local/lib/python3.12/site-packages/airflow/example_dags/example_bash_decorator.py took 0.142 seconds
[2025-12-13T10:23:47.619+0000] {processor.py:186} INFO - Started process (PID=1031) to work on /home/airflow/.local/lib/python3.12/site-packages/airflow/example_dags/example_bash_decorator.py
[2025-12-13T10:23:47.620+0000] {processor.py:914} INFO - Processing file /home/airflow/.local/lib/python3.12/site-packages/airflow/example_dags/example_bash_decorator.py for tasks to queue
[2025-12-13T10:23:47.623+0000] {logging_mixin.py:190} INFO - [2025-12-13T10:23:47.623+0000] {dagbag.py:588} INFO - Filling up the DagBag from /home/airflow/.local/lib/python3.12/site-packages/airflow/example_dags/example_bash_decorator.py
[2025-12-13T10:23:47.654+0000] {processor.py:925} INFO - DAG(s) 'example_bash_decorator' retrieved from /home/airflow/.local/lib/python3.12/site-packages/airflow/example_dags/example_bash_decorator.py
[2025-12-13T10:23:47.690+0000] {logging_mixin.py:190} INFO - [2025-12-13T10:23:47.689+0000] {dag.py:3239} INFO - Sync 1 DAGs
[2025-12-13T10:23:47.720+0000] {logging_mixin.py:190} INFO - [2025-12-13T10:23:47.719+0000] {dag.py:4180} INFO - Setting next_dagrun for example_bash_decorator to None, run_after=None
[2025-12-13T10:23:47.747+0000] {processor.py:208} INFO - Processing /home/airflow/.local/lib/python3.12/site-packages/airflow/example_dags/example_bash_decorator.py took 0.142 seconds
[2025-12-13T10:24:18.528+0000] {processor.py:186} INFO - Started process (PID=1094) to work on /home/airflow/.local/lib/python3.12/site-packages/airflow/example_dags/example_bash_decorator.py
[2025-12-13T10:24:18.530+0000] {processor.py:914} INFO - Processing file /home/airflow/.local/lib/python3.12/site-packages/airflow/example_dags/example_bash_decorator.py for tasks to queue
[2025-12-13T10:24:18.534+0000] {logging_mixin.py:190} INFO - [2025-12-13T10:24:18.533+0000] {dagbag.py:588} INFO - Filling up the DagBag from /home/airflow/.local/lib/python3.12/site-packages/airflow/example_dags/example_bash_decorator.py
[2025-12-13T10:24:18.567+0000] {processor.py:925} INFO - DAG(s) 'example_bash_decorator' retrieved from /home/airflow/.local/lib/python3.12/site-packages/airflow/example_dags/example_bash_decorator.py
[2025-12-13T10:24:18.618+0000] {logging_mixin.py:190} INFO - [2025-12-13T10:24:18.617+0000] {dag.py:3239} INFO - Sync 1 DAGs
[2025-12-13T10:24:18.648+0000] {logging_mixin.py:190} INFO - [2025-12-13T10:24:18.648+0000] {dag.py:4180} INFO - Setting next_dagrun for example_bash_decorator to None, run_after=None
[2025-12-13T10:24:18.677+0000] {processor.py:208} INFO - Processing /home/airflow/.local/lib/python3.12/site-packages/airflow/example_dags/example_bash_decorator.py took 0.159 seconds
[2025-12-13T10:24:48.923+0000] {processor.py:186} INFO - Started process (PID=1156) to work on /home/airflow/.local/lib/python3.12/site-packages/airflow/example_dags/example_bash_decorator.py
[2025-12-13T10:24:48.925+0000] {processor.py:914} INFO - Processing file /home/airflow/.local/lib/python3.12/site-packages/airflow/example_dags/example_bash_decorator.py for tasks to queue
[2025-12-13T10:24:48.928+0000] {logging_mixin.py:190} INFO - [2025-12-13T10:24:48.928+0000] {dagbag.py:588} INFO - Filling up the DagBag from /home/airflow/.local/lib/python3.12/site-packages/airflow/example_dags/example_bash_decorator.py
[2025-12-13T10:24:48.953+0000] {processor.py:925} INFO - DAG(s) 'example_bash_decorator' retrieved from /home/airflow/.local/lib/python3.12/site-packages/airflow/example_dags/example_bash_decorator.py
[2025-12-13T10:24:48.988+0000] {logging_mixin.py:190} INFO - [2025-12-13T10:24:48.987+0000] {dag.py:3239} INFO - Sync 1 DAGs
[2025-12-13T10:24:49.012+0000] {logging_mixin.py:190} INFO - [2025-12-13T10:24:49.012+0000] {dag.py:4180} INFO - Setting next_dagrun for example_bash_decorator to None, run_after=None
[2025-12-13T10:24:49.040+0000] {processor.py:208} INFO - Processing /home/airflow/.local/lib/python3.12/site-packages/airflow/example_dags/example_bash_decorator.py took 0.126 seconds
[2025-12-13T10:25:21.015+0000] {processor.py:186} INFO - Started process (PID=1219) to work on /home/airflow/.local/lib/python3.12/site-packages/airflow/example_dags/example_bash_decorator.py
[2025-12-13T10:25:21.017+0000] {processor.py:914} INFO - Processing file /home/airflow/.local/lib/python3.12/site-packages/airflow/example_dags/example_bash_decorator.py for tasks to queue
[2025-12-13T10:25:21.021+0000] {logging_mixin.py:190} INFO - [2025-12-13T10:25:21.020+0000] {dagbag.py:588} INFO - Filling up the DagBag from /home/airflow/.local/lib/python3.12/site-packages/airflow/example_dags/example_bash_decorator.py
[2025-12-13T10:25:21.054+0000] {processor.py:925} INFO - DAG(s) 'example_bash_decorator' retrieved from /home/airflow/.local/lib/python3.12/site-packages/airflow/example_dags/example_bash_decorator.py
[2025-12-13T10:25:21.120+0000] {logging_mixin.py:190} INFO - [2025-12-13T10:25:21.120+0000] {dag.py:3239} INFO - Sync 1 DAGs
[2025-12-13T10:25:21.187+0000] {logging_mixin.py:190} INFO - [2025-12-13T10:25:21.186+0000] {dag.py:4180} INFO - Setting next_dagrun for example_bash_decorator to None, run_after=None
[2025-12-13T10:25:21.235+0000] {processor.py:208} INFO - Processing /home/airflow/.local/lib/python3.12/site-packages/airflow/example_dags/example_bash_decorator.py took 0.234 seconds
[2025-12-13T10:25:52.139+0000] {processor.py:186} INFO - Started process (PID=1275) to work on /home/airflow/.local/lib/python3.12/site-packages/airflow/example_dags/example_bash_decorator.py
[2025-12-13T10:25:52.140+0000] {processor.py:914} INFO - Processing file /home/airflow/.local/lib/python3.12/site-packages/airflow/example_dags/example_bash_decorator.py for tasks to queue
[2025-12-13T10:25:52.144+0000] {logging_mixin.py:190} INFO - [2025-12-13T10:25:52.144+0000] {dagbag.py:588} INFO - Filling up the DagBag from /home/airflow/.local/lib/python3.12/site-packages/airflow/example_dags/example_bash_decorator.py
[2025-12-13T10:25:52.176+0000] {processor.py:925} INFO - DAG(s) 'example_bash_decorator' retrieved from /home/airflow/.local/lib/python3.12/site-packages/airflow/example_dags/example_bash_decorator.py
[2025-12-13T10:25:52.225+0000] {logging_mixin.py:190} INFO - [2025-12-13T10:25:52.225+0000] {dag.py:3239} INFO - Sync 1 DAGs
[2025-12-13T10:25:52.255+0000] {logging_mixin.py:190} INFO - [2025-12-13T10:25:52.255+0000] {dag.py:4180} INFO - Setting next_dagrun for example_bash_decorator to None, run_after=None
[2025-12-13T10:25:52.288+0000] {processor.py:208} INFO - Processing /home/airflow/.local/lib/python3.12/site-packages/airflow/example_dags/example_bash_decorator.py took 0.165 seconds
[2025-12-13T10:26:23.687+0000] {processor.py:186} INFO - Started process (PID=1330) to work on /home/airflow/.local/lib/python3.12/site-packages/airflow/example_dags/example_bash_decorator.py
[2025-12-13T10:26:23.689+0000] {processor.py:914} INFO - Processing file /home/airflow/.local/lib/python3.12/site-packages/airflow/example_dags/example_bash_decorator.py for tasks to queue
[2025-12-13T10:26:23.693+0000] {logging_mixin.py:190} INFO - [2025-12-13T10:26:23.693+0000] {dagbag.py:588} INFO - Filling up the DagBag from /home/airflow/.local/lib/python3.12/site-packages/airflow/example_dags/example_bash_decorator.py
[2025-12-13T10:26:23.751+0000] {processor.py:925} INFO - DAG(s) 'example_bash_decorator' retrieved from /home/airflow/.local/lib/python3.12/site-packages/airflow/example_dags/example_bash_decorator.py
[2025-12-13T10:26:23.806+0000] {logging_mixin.py:190} INFO - [2025-12-13T10:26:23.805+0000] {dag.py:3239} INFO - Sync 1 DAGs
[2025-12-13T10:26:23.837+0000] {logging_mixin.py:190} INFO - [2025-12-13T10:26:23.837+0000] {dag.py:4180} INFO - Setting next_dagrun for example_bash_decorator to None, run_after=None
[2025-12-13T10:26:23.874+0000] {processor.py:208} INFO - Processing /home/airflow/.local/lib/python3.12/site-packages/airflow/example_dags/example_bash_decorator.py took 0.201 seconds
[2025-12-13T10:26:54.858+0000] {processor.py:186} INFO - Started process (PID=1393) to work on /home/airflow/.local/lib/python3.12/site-packages/airflow/example_dags/example_bash_decorator.py
[2025-12-13T10:26:54.859+0000] {processor.py:914} INFO - Processing file /home/airflow/.local/lib/python3.12/site-packages/airflow/example_dags/example_bash_decorator.py for tasks to queue
[2025-12-13T10:26:54.864+0000] {logging_mixin.py:190} INFO - [2025-12-13T10:26:54.863+0000] {dagbag.py:588} INFO - Filling up the DagBag from /home/airflow/.local/lib/python3.12/site-packages/airflow/example_dags/example_bash_decorator.py
[2025-12-13T10:26:54.906+0000] {processor.py:925} INFO - DAG(s) 'example_bash_decorator' retrieved from /home/airflow/.local/lib/python3.12/site-packages/airflow/example_dags/example_bash_decorator.py
[2025-12-13T10:26:54.980+0000] {logging_mixin.py:190} INFO - [2025-12-13T10:26:54.980+0000] {dag.py:3239} INFO - Sync 1 DAGs
[2025-12-13T10:26:55.016+0000] {logging_mixin.py:190} INFO - [2025-12-13T10:26:55.016+0000] {dag.py:4180} INFO - Setting next_dagrun for example_bash_decorator to None, run_after=None
[2025-12-13T10:26:55.065+0000] {processor.py:208} INFO - Processing /home/airflow/.local/lib/python3.12/site-packages/airflow/example_dags/example_bash_decorator.py took 0.220 seconds
[2025-12-13T10:27:25.604+0000] {processor.py:186} INFO - Started process (PID=1454) to work on /home/airflow/.local/lib/python3.12/site-packages/airflow/example_dags/example_bash_decorator.py
[2025-12-13T10:27:25.607+0000] {processor.py:914} INFO - Processing file /home/airflow/.local/lib/python3.12/site-packages/airflow/example_dags/example_bash_decorator.py for tasks to queue
[2025-12-13T10:27:25.610+0000] {logging_mixin.py:190} INFO - [2025-12-13T10:27:25.610+0000] {dagbag.py:588} INFO - Filling up the DagBag from /home/airflow/.local/lib/python3.12/site-packages/airflow/example_dags/example_bash_decorator.py
[2025-12-13T10:27:25.639+0000] {processor.py:925} INFO - DAG(s) 'example_bash_decorator' retrieved from /home/airflow/.local/lib/python3.12/site-packages/airflow/example_dags/example_bash_decorator.py
[2025-12-13T10:27:25.686+0000] {logging_mixin.py:190} INFO - [2025-12-13T10:27:25.686+0000] {dag.py:3239} INFO - Sync 1 DAGs
[2025-12-13T10:27:25.715+0000] {logging_mixin.py:190} INFO - [2025-12-13T10:27:25.714+0000] {dag.py:4180} INFO - Setting next_dagrun for example_bash_decorator to None, run_after=None
[2025-12-13T10:27:25.745+0000] {processor.py:208} INFO - Processing /home/airflow/.local/lib/python3.12/site-packages/airflow/example_dags/example_bash_decorator.py took 0.154 seconds
[2025-12-13T10:27:56.043+0000] {processor.py:186} INFO - Started process (PID=1516) to work on /home/airflow/.local/lib/python3.12/site-packages/airflow/example_dags/example_bash_decorator.py
[2025-12-13T10:27:56.046+0000] {processor.py:914} INFO - Processing file /home/airflow/.local/lib/python3.12/site-packages/airflow/example_dags/example_bash_decorator.py for tasks to queue
[2025-12-13T10:27:56.052+0000] {logging_mixin.py:190} INFO - [2025-12-13T10:27:56.052+0000] {dagbag.py:588} INFO - Filling up the DagBag from /home/airflow/.local/lib/python3.12/site-packages/airflow/example_dags/example_bash_decorator.py
[2025-12-13T10:27:56.124+0000] {processor.py:925} INFO - DAG(s) 'example_bash_decorator' retrieved from /home/airflow/.local/lib/python3.12/site-packages/airflow/example_dags/example_bash_decorator.py
[2025-12-13T10:27:56.177+0000] {logging_mixin.py:190} INFO - [2025-12-13T10:27:56.177+0000] {dag.py:3239} INFO - Sync 1 DAGs
[2025-12-13T10:27:56.215+0000] {logging_mixin.py:190} INFO - [2025-12-13T10:27:56.214+0000] {dag.py:4180} INFO - Setting next_dagrun for example_bash_decorator to None, run_after=None
[2025-12-13T10:27:56.251+0000] {processor.py:208} INFO - Processing /home/airflow/.local/lib/python3.12/site-packages/airflow/example_dags/example_bash_decorator.py took 0.224 seconds
[2025-12-13T10:28:27.761+0000] {processor.py:186} INFO - Started process (PID=1583) to work on /home/airflow/.local/lib/python3.12/site-packages/airflow/example_dags/example_bash_decorator.py
[2025-12-13T10:28:27.764+0000] {processor.py:914} INFO - Processing file /home/airflow/.local/lib/python3.12/site-packages/airflow/example_dags/example_bash_decorator.py for tasks to queue
[2025-12-13T10:28:27.774+0000] {logging_mixin.py:190} INFO - [2025-12-13T10:28:27.771+0000] {dagbag.py:588} INFO - Filling up the DagBag from /home/airflow/.local/lib/python3.12/site-packages/airflow/example_dags/example_bash_decorator.py
[2025-12-13T10:28:27.896+0000] {processor.py:925} INFO - DAG(s) 'example_bash_decorator' retrieved from /home/airflow/.local/lib/python3.12/site-packages/airflow/example_dags/example_bash_decorator.py
[2025-12-13T10:28:28.086+0000] {logging_mixin.py:190} INFO - [2025-12-13T10:28:28.085+0000] {dag.py:3239} INFO - Sync 1 DAGs
[2025-12-13T10:28:28.210+0000] {logging_mixin.py:190} INFO - [2025-12-13T10:28:28.210+0000] {dag.py:4180} INFO - Setting next_dagrun for example_bash_decorator to None, run_after=None
[2025-12-13T10:28:28.334+0000] {processor.py:208} INFO - Processing /home/airflow/.local/lib/python3.12/site-packages/airflow/example_dags/example_bash_decorator.py took 0.620 seconds
[2025-12-13T10:28:58.997+0000] {processor.py:186} INFO - Started process (PID=1646) to work on /home/airflow/.local/lib/python3.12/site-packages/airflow/example_dags/example_bash_decorator.py
[2025-12-13T10:28:58.999+0000] {processor.py:914} INFO - Processing file /home/airflow/.local/lib/python3.12/site-packages/airflow/example_dags/example_bash_decorator.py for tasks to queue
[2025-12-13T10:28:59.006+0000] {logging_mixin.py:190} INFO - [2025-12-13T10:28:59.005+0000] {dagbag.py:588} INFO - Filling up the DagBag from /home/airflow/.local/lib/python3.12/site-packages/airflow/example_dags/example_bash_decorator.py
[2025-12-13T10:28:59.071+0000] {processor.py:925} INFO - DAG(s) 'example_bash_decorator' retrieved from /home/airflow/.local/lib/python3.12/site-packages/airflow/example_dags/example_bash_decorator.py
[2025-12-13T10:28:59.198+0000] {logging_mixin.py:190} INFO - [2025-12-13T10:28:59.198+0000] {dag.py:3239} INFO - Sync 1 DAGs
[2025-12-13T10:28:59.267+0000] {logging_mixin.py:190} INFO - [2025-12-13T10:28:59.267+0000] {dag.py:4180} INFO - Setting next_dagrun for example_bash_decorator to None, run_after=None
[2025-12-13T10:28:59.362+0000] {processor.py:208} INFO - Processing /home/airflow/.local/lib/python3.12/site-packages/airflow/example_dags/example_bash_decorator.py took 0.381 seconds
[2025-12-13T10:29:29.775+0000] {processor.py:186} INFO - Started process (PID=1708) to work on /home/airflow/.local/lib/python3.12/site-packages/airflow/example_dags/example_bash_decorator.py
[2025-12-13T10:29:29.776+0000] {processor.py:914} INFO - Processing file /home/airflow/.local/lib/python3.12/site-packages/airflow/example_dags/example_bash_decorator.py for tasks to queue
[2025-12-13T10:29:29.788+0000] {logging_mixin.py:190} INFO - [2025-12-13T10:29:29.786+0000] {dagbag.py:588} INFO - Filling up the DagBag from /home/airflow/.local/lib/python3.12/site-packages/airflow/example_dags/example_bash_decorator.py
[2025-12-13T10:29:29.830+0000] {processor.py:925} INFO - DAG(s) 'example_bash_decorator' retrieved from /home/airflow/.local/lib/python3.12/site-packages/airflow/example_dags/example_bash_decorator.py
[2025-12-13T10:29:29.906+0000] {logging_mixin.py:190} INFO - [2025-12-13T10:29:29.906+0000] {dag.py:3239} INFO - Sync 1 DAGs
[2025-12-13T10:29:29.968+0000] {logging_mixin.py:190} INFO - [2025-12-13T10:29:29.966+0000] {dag.py:4180} INFO - Setting next_dagrun for example_bash_decorator to None, run_after=None
[2025-12-13T10:29:30.013+0000] {processor.py:208} INFO - Processing /home/airflow/.local/lib/python3.12/site-packages/airflow/example_dags/example_bash_decorator.py took 0.259 seconds
[2025-12-13T10:30:00.258+0000] {processor.py:186} INFO - Started process (PID=1771) to work on /home/airflow/.local/lib/python3.12/site-packages/airflow/example_dags/example_bash_decorator.py
[2025-12-13T10:30:00.260+0000] {processor.py:914} INFO - Processing file /home/airflow/.local/lib/python3.12/site-packages/airflow/example_dags/example_bash_decorator.py for tasks to queue
[2025-12-13T10:30:00.265+0000] {logging_mixin.py:190} INFO - [2025-12-13T10:30:00.264+0000] {dagbag.py:588} INFO - Filling up the DagBag from /home/airflow/.local/lib/python3.12/site-packages/airflow/example_dags/example_bash_decorator.py
[2025-12-13T10:30:00.296+0000] {processor.py:925} INFO - DAG(s) 'example_bash_decorator' retrieved from /home/airflow/.local/lib/python3.12/site-packages/airflow/example_dags/example_bash_decorator.py
[2025-12-13T10:30:00.337+0000] {logging_mixin.py:190} INFO - [2025-12-13T10:30:00.336+0000] {dag.py:3239} INFO - Sync 1 DAGs
[2025-12-13T10:30:00.357+0000] {logging_mixin.py:190} INFO - [2025-12-13T10:30:00.357+0000] {dag.py:4180} INFO - Setting next_dagrun for example_bash_decorator to None, run_after=None
[2025-12-13T10:30:00.387+0000] {processor.py:208} INFO - Processing /home/airflow/.local/lib/python3.12/site-packages/airflow/example_dags/example_bash_decorator.py took 0.141 seconds
[2025-12-13T10:30:30.441+0000] {processor.py:186} INFO - Started process (PID=1834) to work on /home/airflow/.local/lib/python3.12/site-packages/airflow/example_dags/example_bash_decorator.py
[2025-12-13T10:30:30.443+0000] {processor.py:914} INFO - Processing file /home/airflow/.local/lib/python3.12/site-packages/airflow/example_dags/example_bash_decorator.py for tasks to queue
[2025-12-13T10:30:30.447+0000] {logging_mixin.py:190} INFO - [2025-12-13T10:30:30.447+0000] {dagbag.py:588} INFO - Filling up the DagBag from /home/airflow/.local/lib/python3.12/site-packages/airflow/example_dags/example_bash_decorator.py
[2025-12-13T10:30:30.477+0000] {processor.py:925} INFO - DAG(s) 'example_bash_decorator' retrieved from /home/airflow/.local/lib/python3.12/site-packages/airflow/example_dags/example_bash_decorator.py
[2025-12-13T10:30:30.516+0000] {logging_mixin.py:190} INFO - [2025-12-13T10:30:30.516+0000] {dag.py:3239} INFO - Sync 1 DAGs
[2025-12-13T10:30:30.540+0000] {logging_mixin.py:190} INFO - [2025-12-13T10:30:30.539+0000] {dag.py:4180} INFO - Setting next_dagrun for example_bash_decorator to None, run_after=None
[2025-12-13T10:30:30.567+0000] {processor.py:208} INFO - Processing /home/airflow/.local/lib/python3.12/site-packages/airflow/example_dags/example_bash_decorator.py took 0.136 seconds
[2025-12-13T10:31:01.106+0000] {processor.py:186} INFO - Started process (PID=1896) to work on /home/airflow/.local/lib/python3.12/site-packages/airflow/example_dags/example_bash_decorator.py
[2025-12-13T10:31:01.108+0000] {processor.py:914} INFO - Processing file /home/airflow/.local/lib/python3.12/site-packages/airflow/example_dags/example_bash_decorator.py for tasks to queue
[2025-12-13T10:31:01.111+0000] {logging_mixin.py:190} INFO - [2025-12-13T10:31:01.111+0000] {dagbag.py:588} INFO - Filling up the DagBag from /home/airflow/.local/lib/python3.12/site-packages/airflow/example_dags/example_bash_decorator.py
[2025-12-13T10:31:01.148+0000] {processor.py:925} INFO - DAG(s) 'example_bash_decorator' retrieved from /home/airflow/.local/lib/python3.12/site-packages/airflow/example_dags/example_bash_decorator.py
[2025-12-13T10:31:01.224+0000] {logging_mixin.py:190} INFO - [2025-12-13T10:31:01.223+0000] {dag.py:3239} INFO - Sync 1 DAGs
[2025-12-13T10:31:01.260+0000] {logging_mixin.py:190} INFO - [2025-12-13T10:31:01.259+0000] {dag.py:4180} INFO - Setting next_dagrun for example_bash_decorator to None, run_after=None
[2025-12-13T10:31:01.311+0000] {processor.py:208} INFO - Processing /home/airflow/.local/lib/python3.12/site-packages/airflow/example_dags/example_bash_decorator.py took 0.216 seconds
[2025-12-13T10:31:31.933+0000] {processor.py:186} INFO - Started process (PID=1959) to work on /home/airflow/.local/lib/python3.12/site-packages/airflow/example_dags/example_bash_decorator.py
[2025-12-13T10:31:31.938+0000] {processor.py:914} INFO - Processing file /home/airflow/.local/lib/python3.12/site-packages/airflow/example_dags/example_bash_decorator.py for tasks to queue
[2025-12-13T10:31:31.944+0000] {logging_mixin.py:190} INFO - [2025-12-13T10:31:31.943+0000] {dagbag.py:588} INFO - Filling up the DagBag from /home/airflow/.local/lib/python3.12/site-packages/airflow/example_dags/example_bash_decorator.py
[2025-12-13T10:31:31.990+0000] {processor.py:925} INFO - DAG(s) 'example_bash_decorator' retrieved from /home/airflow/.local/lib/python3.12/site-packages/airflow/example_dags/example_bash_decorator.py
[2025-12-13T10:31:32.098+0000] {logging_mixin.py:190} INFO - [2025-12-13T10:31:32.094+0000] {dag.py:3239} INFO - Sync 1 DAGs
[2025-12-13T10:31:32.163+0000] {logging_mixin.py:190} INFO - [2025-12-13T10:31:32.162+0000] {dag.py:4180} INFO - Setting next_dagrun for example_bash_decorator to None, run_after=None
[2025-12-13T10:31:32.251+0000] {processor.py:208} INFO - Processing /home/airflow/.local/lib/python3.12/site-packages/airflow/example_dags/example_bash_decorator.py took 0.335 seconds
[2025-12-13T10:32:02.360+0000] {processor.py:186} INFO - Started process (PID=2022) to work on /home/airflow/.local/lib/python3.12/site-packages/airflow/example_dags/example_bash_decorator.py
[2025-12-13T10:32:02.361+0000] {processor.py:914} INFO - Processing file /home/airflow/.local/lib/python3.12/site-packages/airflow/example_dags/example_bash_decorator.py for tasks to queue
[2025-12-13T10:32:02.366+0000] {logging_mixin.py:190} INFO - [2025-12-13T10:32:02.365+0000] {dagbag.py:588} INFO - Filling up the DagBag from /home/airflow/.local/lib/python3.12/site-packages/airflow/example_dags/example_bash_decorator.py
[2025-12-13T10:32:02.394+0000] {processor.py:925} INFO - DAG(s) 'example_bash_decorator' retrieved from /home/airflow/.local/lib/python3.12/site-packages/airflow/example_dags/example_bash_decorator.py
[2025-12-13T10:32:02.437+0000] {logging_mixin.py:190} INFO - [2025-12-13T10:32:02.437+0000] {dag.py:3239} INFO - Sync 1 DAGs
[2025-12-13T10:32:02.469+0000] {logging_mixin.py:190} INFO - [2025-12-13T10:32:02.469+0000] {dag.py:4180} INFO - Setting next_dagrun for example_bash_decorator to None, run_after=None
[2025-12-13T10:32:02.513+0000] {processor.py:208} INFO - Processing /home/airflow/.local/lib/python3.12/site-packages/airflow/example_dags/example_bash_decorator.py took 0.162 seconds
[2025-12-13T10:32:32.934+0000] {processor.py:186} INFO - Started process (PID=2084) to work on /home/airflow/.local/lib/python3.12/site-packages/airflow/example_dags/example_bash_decorator.py
[2025-12-13T10:32:32.935+0000] {processor.py:914} INFO - Processing file /home/airflow/.local/lib/python3.12/site-packages/airflow/example_dags/example_bash_decorator.py for tasks to queue
[2025-12-13T10:32:32.939+0000] {logging_mixin.py:190} INFO - [2025-12-13T10:32:32.939+0000] {dagbag.py:588} INFO - Filling up the DagBag from /home/airflow/.local/lib/python3.12/site-packages/airflow/example_dags/example_bash_decorator.py
[2025-12-13T10:32:32.974+0000] {processor.py:925} INFO - DAG(s) 'example_bash_decorator' retrieved from /home/airflow/.local/lib/python3.12/site-packages/airflow/example_dags/example_bash_decorator.py
[2025-12-13T10:32:33.028+0000] {logging_mixin.py:190} INFO - [2025-12-13T10:32:33.027+0000] {dag.py:3239} INFO - Sync 1 DAGs
[2025-12-13T10:32:33.060+0000] {logging_mixin.py:190} INFO - [2025-12-13T10:32:33.059+0000] {dag.py:4180} INFO - Setting next_dagrun for example_bash_decorator to None, run_after=None
[2025-12-13T10:32:33.096+0000] {processor.py:208} INFO - Processing /home/airflow/.local/lib/python3.12/site-packages/airflow/example_dags/example_bash_decorator.py took 0.177 seconds
[2025-12-13T10:33:04.673+0000] {processor.py:186} INFO - Started process (PID=2141) to work on /home/airflow/.local/lib/python3.12/site-packages/airflow/example_dags/example_bash_decorator.py
[2025-12-13T10:33:04.675+0000] {processor.py:914} INFO - Processing file /home/airflow/.local/lib/python3.12/site-packages/airflow/example_dags/example_bash_decorator.py for tasks to queue
[2025-12-13T10:33:04.680+0000] {logging_mixin.py:190} INFO - [2025-12-13T10:33:04.679+0000] {dagbag.py:588} INFO - Filling up the DagBag from /home/airflow/.local/lib/python3.12/site-packages/airflow/example_dags/example_bash_decorator.py
[2025-12-13T10:33:04.717+0000] {processor.py:925} INFO - DAG(s) 'example_bash_decorator' retrieved from /home/airflow/.local/lib/python3.12/site-packages/airflow/example_dags/example_bash_decorator.py
[2025-12-13T10:33:04.773+0000] {logging_mixin.py:190} INFO - [2025-12-13T10:33:04.772+0000] {dag.py:3239} INFO - Sync 1 DAGs
[2025-12-13T10:33:04.806+0000] {logging_mixin.py:190} INFO - [2025-12-13T10:33:04.805+0000] {dag.py:4180} INFO - Setting next_dagrun for example_bash_decorator to None, run_after=None
[2025-12-13T10:33:04.841+0000] {processor.py:208} INFO - Processing /home/airflow/.local/lib/python3.12/site-packages/airflow/example_dags/example_bash_decorator.py took 0.184 seconds
[2025-12-13T10:33:35.200+0000] {processor.py:186} INFO - Started process (PID=2203) to work on /home/airflow/.local/lib/python3.12/site-packages/airflow/example_dags/example_bash_decorator.py
[2025-12-13T10:33:35.201+0000] {processor.py:914} INFO - Processing file /home/airflow/.local/lib/python3.12/site-packages/airflow/example_dags/example_bash_decorator.py for tasks to queue
[2025-12-13T10:33:35.205+0000] {logging_mixin.py:190} INFO - [2025-12-13T10:33:35.204+0000] {dagbag.py:588} INFO - Filling up the DagBag from /home/airflow/.local/lib/python3.12/site-packages/airflow/example_dags/example_bash_decorator.py
[2025-12-13T10:33:35.235+0000] {processor.py:925} INFO - DAG(s) 'example_bash_decorator' retrieved from /home/airflow/.local/lib/python3.12/site-packages/airflow/example_dags/example_bash_decorator.py
[2025-12-13T10:33:35.287+0000] {logging_mixin.py:190} INFO - [2025-12-13T10:33:35.287+0000] {dag.py:3239} INFO - Sync 1 DAGs
[2025-12-13T10:33:35.321+0000] {logging_mixin.py:190} INFO - [2025-12-13T10:33:35.320+0000] {dag.py:4180} INFO - Setting next_dagrun for example_bash_decorator to None, run_after=None
[2025-12-13T10:33:35.353+0000] {processor.py:208} INFO - Processing /home/airflow/.local/lib/python3.12/site-packages/airflow/example_dags/example_bash_decorator.py took 0.166 seconds
[2025-12-13T10:34:06.285+0000] {processor.py:186} INFO - Started process (PID=2266) to work on /home/airflow/.local/lib/python3.12/site-packages/airflow/example_dags/example_bash_decorator.py
[2025-12-13T10:34:06.287+0000] {processor.py:914} INFO - Processing file /home/airflow/.local/lib/python3.12/site-packages/airflow/example_dags/example_bash_decorator.py for tasks to queue
[2025-12-13T10:34:06.291+0000] {logging_mixin.py:190} INFO - [2025-12-13T10:34:06.290+0000] {dagbag.py:588} INFO - Filling up the DagBag from /home/airflow/.local/lib/python3.12/site-packages/airflow/example_dags/example_bash_decorator.py
[2025-12-13T10:34:06.324+0000] {processor.py:925} INFO - DAG(s) 'example_bash_decorator' retrieved from /home/airflow/.local/lib/python3.12/site-packages/airflow/example_dags/example_bash_decorator.py
[2025-12-13T10:34:06.371+0000] {logging_mixin.py:190} INFO - [2025-12-13T10:34:06.371+0000] {dag.py:3239} INFO - Sync 1 DAGs
[2025-12-13T10:34:06.401+0000] {logging_mixin.py:190} INFO - [2025-12-13T10:34:06.400+0000] {dag.py:4180} INFO - Setting next_dagrun for example_bash_decorator to None, run_after=None
[2025-12-13T10:34:06.432+0000] {processor.py:208} INFO - Processing /home/airflow/.local/lib/python3.12/site-packages/airflow/example_dags/example_bash_decorator.py took 0.160 seconds
[2025-12-13T10:34:37.102+0000] {processor.py:186} INFO - Started process (PID=2328) to work on /home/airflow/.local/lib/python3.12/site-packages/airflow/example_dags/example_bash_decorator.py
[2025-12-13T10:34:37.103+0000] {processor.py:914} INFO - Processing file /home/airflow/.local/lib/python3.12/site-packages/airflow/example_dags/example_bash_decorator.py for tasks to queue
[2025-12-13T10:34:37.111+0000] {logging_mixin.py:190} INFO - [2025-12-13T10:34:37.111+0000] {dagbag.py:588} INFO - Filling up the DagBag from /home/airflow/.local/lib/python3.12/site-packages/airflow/example_dags/example_bash_decorator.py
[2025-12-13T10:34:37.146+0000] {processor.py:925} INFO - DAG(s) 'example_bash_decorator' retrieved from /home/airflow/.local/lib/python3.12/site-packages/airflow/example_dags/example_bash_decorator.py
[2025-12-13T10:34:37.202+0000] {logging_mixin.py:190} INFO - [2025-12-13T10:34:37.201+0000] {dag.py:3239} INFO - Sync 1 DAGs
[2025-12-13T10:34:37.242+0000] {logging_mixin.py:190} INFO - [2025-12-13T10:34:37.242+0000] {dag.py:4180} INFO - Setting next_dagrun for example_bash_decorator to None, run_after=None
[2025-12-13T10:34:37.283+0000] {processor.py:208} INFO - Processing /home/airflow/.local/lib/python3.12/site-packages/airflow/example_dags/example_bash_decorator.py took 0.195 seconds
[2025-12-13T10:35:07.578+0000] {processor.py:186} INFO - Started process (PID=2391) to work on /home/airflow/.local/lib/python3.12/site-packages/airflow/example_dags/example_bash_decorator.py
[2025-12-13T10:35:07.581+0000] {processor.py:914} INFO - Processing file /home/airflow/.local/lib/python3.12/site-packages/airflow/example_dags/example_bash_decorator.py for tasks to queue
[2025-12-13T10:35:07.585+0000] {logging_mixin.py:190} INFO - [2025-12-13T10:35:07.584+0000] {dagbag.py:588} INFO - Filling up the DagBag from /home/airflow/.local/lib/python3.12/site-packages/airflow/example_dags/example_bash_decorator.py
[2025-12-13T10:35:07.616+0000] {processor.py:925} INFO - DAG(s) 'example_bash_decorator' retrieved from /home/airflow/.local/lib/python3.12/site-packages/airflow/example_dags/example_bash_decorator.py
[2025-12-13T10:35:07.662+0000] {logging_mixin.py:190} INFO - [2025-12-13T10:35:07.662+0000] {dag.py:3239} INFO - Sync 1 DAGs
[2025-12-13T10:35:07.698+0000] {logging_mixin.py:190} INFO - [2025-12-13T10:35:07.698+0000] {dag.py:4180} INFO - Setting next_dagrun for example_bash_decorator to None, run_after=None
[2025-12-13T10:35:07.738+0000] {processor.py:208} INFO - Processing /home/airflow/.local/lib/python3.12/site-packages/airflow/example_dags/example_bash_decorator.py took 0.173 seconds
[2025-12-13T10:35:37.960+0000] {processor.py:186} INFO - Started process (PID=2454) to work on /home/airflow/.local/lib/python3.12/site-packages/airflow/example_dags/example_bash_decorator.py
[2025-12-13T10:35:37.962+0000] {processor.py:914} INFO - Processing file /home/airflow/.local/lib/python3.12/site-packages/airflow/example_dags/example_bash_decorator.py for tasks to queue
[2025-12-13T10:35:37.967+0000] {logging_mixin.py:190} INFO - [2025-12-13T10:35:37.966+0000] {dagbag.py:588} INFO - Filling up the DagBag from /home/airflow/.local/lib/python3.12/site-packages/airflow/example_dags/example_bash_decorator.py
[2025-12-13T10:35:37.999+0000] {processor.py:925} INFO - DAG(s) 'example_bash_decorator' retrieved from /home/airflow/.local/lib/python3.12/site-packages/airflow/example_dags/example_bash_decorator.py
[2025-12-13T10:35:38.049+0000] {logging_mixin.py:190} INFO - [2025-12-13T10:35:38.049+0000] {dag.py:3239} INFO - Sync 1 DAGs
[2025-12-13T10:35:38.088+0000] {logging_mixin.py:190} INFO - [2025-12-13T10:35:38.088+0000] {dag.py:4180} INFO - Setting next_dagrun for example_bash_decorator to None, run_after=None
[2025-12-13T10:35:38.129+0000] {processor.py:208} INFO - Processing /home/airflow/.local/lib/python3.12/site-packages/airflow/example_dags/example_bash_decorator.py took 0.181 seconds
[2025-12-13T10:36:10.100+0000] {processor.py:186} INFO - Started process (PID=2517) to work on /home/airflow/.local/lib/python3.12/site-packages/airflow/example_dags/example_bash_decorator.py
[2025-12-13T10:36:10.103+0000] {processor.py:914} INFO - Processing file /home/airflow/.local/lib/python3.12/site-packages/airflow/example_dags/example_bash_decorator.py for tasks to queue
[2025-12-13T10:36:10.113+0000] {logging_mixin.py:190} INFO - [2025-12-13T10:36:10.112+0000] {dagbag.py:588} INFO - Filling up the DagBag from /home/airflow/.local/lib/python3.12/site-packages/airflow/example_dags/example_bash_decorator.py
[2025-12-13T10:36:10.193+0000] {processor.py:925} INFO - DAG(s) 'example_bash_decorator' retrieved from /home/airflow/.local/lib/python3.12/site-packages/airflow/example_dags/example_bash_decorator.py
[2025-12-13T10:36:10.312+0000] {logging_mixin.py:190} INFO - [2025-12-13T10:36:10.311+0000] {dag.py:3239} INFO - Sync 1 DAGs
[2025-12-13T10:36:10.391+0000] {logging_mixin.py:190} INFO - [2025-12-13T10:36:10.390+0000] {dag.py:4180} INFO - Setting next_dagrun for example_bash_decorator to None, run_after=None
[2025-12-13T10:36:10.468+0000] {processor.py:208} INFO - Processing /home/airflow/.local/lib/python3.12/site-packages/airflow/example_dags/example_bash_decorator.py took 0.381 seconds
[2025-12-13T10:36:40.822+0000] {processor.py:186} INFO - Started process (PID=2581) to work on /home/airflow/.local/lib/python3.12/site-packages/airflow/example_dags/example_bash_decorator.py
[2025-12-13T10:36:40.823+0000] {processor.py:914} INFO - Processing file /home/airflow/.local/lib/python3.12/site-packages/airflow/example_dags/example_bash_decorator.py for tasks to queue
[2025-12-13T10:36:40.828+0000] {logging_mixin.py:190} INFO - [2025-12-13T10:36:40.827+0000] {dagbag.py:588} INFO - Filling up the DagBag from /home/airflow/.local/lib/python3.12/site-packages/airflow/example_dags/example_bash_decorator.py
[2025-12-13T10:36:40.862+0000] {processor.py:925} INFO - DAG(s) 'example_bash_decorator' retrieved from /home/airflow/.local/lib/python3.12/site-packages/airflow/example_dags/example_bash_decorator.py
[2025-12-13T10:36:40.927+0000] {logging_mixin.py:190} INFO - [2025-12-13T10:36:40.926+0000] {dag.py:3239} INFO - Sync 1 DAGs
[2025-12-13T10:36:40.958+0000] {logging_mixin.py:190} INFO - [2025-12-13T10:36:40.957+0000] {dag.py:4180} INFO - Setting next_dagrun for example_bash_decorator to None, run_after=None
[2025-12-13T10:36:40.988+0000] {processor.py:208} INFO - Processing /home/airflow/.local/lib/python3.12/site-packages/airflow/example_dags/example_bash_decorator.py took 0.178 seconds
[2025-12-13T10:37:11.157+0000] {processor.py:186} INFO - Started process (PID=2643) to work on /home/airflow/.local/lib/python3.12/site-packages/airflow/example_dags/example_bash_decorator.py
[2025-12-13T10:37:11.158+0000] {processor.py:914} INFO - Processing file /home/airflow/.local/lib/python3.12/site-packages/airflow/example_dags/example_bash_decorator.py for tasks to queue
[2025-12-13T10:37:11.161+0000] {logging_mixin.py:190} INFO - [2025-12-13T10:37:11.161+0000] {dagbag.py:588} INFO - Filling up the DagBag from /home/airflow/.local/lib/python3.12/site-packages/airflow/example_dags/example_bash_decorator.py
[2025-12-13T10:37:11.190+0000] {processor.py:925} INFO - DAG(s) 'example_bash_decorator' retrieved from /home/airflow/.local/lib/python3.12/site-packages/airflow/example_dags/example_bash_decorator.py
[2025-12-13T10:37:11.231+0000] {logging_mixin.py:190} INFO - [2025-12-13T10:37:11.230+0000] {dag.py:3239} INFO - Sync 1 DAGs
[2025-12-13T10:37:11.254+0000] {logging_mixin.py:190} INFO - [2025-12-13T10:37:11.254+0000] {dag.py:4180} INFO - Setting next_dagrun for example_bash_decorator to None, run_after=None
[2025-12-13T10:37:11.280+0000] {processor.py:208} INFO - Processing /home/airflow/.local/lib/python3.12/site-packages/airflow/example_dags/example_bash_decorator.py took 0.136 seconds
[2025-12-13T10:37:41.934+0000] {processor.py:186} INFO - Started process (PID=2706) to work on /home/airflow/.local/lib/python3.12/site-packages/airflow/example_dags/example_bash_decorator.py
[2025-12-13T10:37:41.935+0000] {processor.py:914} INFO - Processing file /home/airflow/.local/lib/python3.12/site-packages/airflow/example_dags/example_bash_decorator.py for tasks to queue
[2025-12-13T10:37:41.943+0000] {logging_mixin.py:190} INFO - [2025-12-13T10:37:41.942+0000] {dagbag.py:588} INFO - Filling up the DagBag from /home/airflow/.local/lib/python3.12/site-packages/airflow/example_dags/example_bash_decorator.py
[2025-12-13T10:37:41.980+0000] {processor.py:925} INFO - DAG(s) 'example_bash_decorator' retrieved from /home/airflow/.local/lib/python3.12/site-packages/airflow/example_dags/example_bash_decorator.py
[2025-12-13T10:37:42.032+0000] {logging_mixin.py:190} INFO - [2025-12-13T10:37:42.032+0000] {dag.py:3239} INFO - Sync 1 DAGs
[2025-12-13T10:37:42.068+0000] {logging_mixin.py:190} INFO - [2025-12-13T10:37:42.067+0000] {dag.py:4180} INFO - Setting next_dagrun for example_bash_decorator to None, run_after=None
[2025-12-13T10:37:42.119+0000] {processor.py:208} INFO - Processing /home/airflow/.local/lib/python3.12/site-packages/airflow/example_dags/example_bash_decorator.py took 0.200 seconds
[2025-12-13T10:38:12.448+0000] {processor.py:186} INFO - Started process (PID=2769) to work on /home/airflow/.local/lib/python3.12/site-packages/airflow/example_dags/example_bash_decorator.py
[2025-12-13T10:38:12.450+0000] {processor.py:914} INFO - Processing file /home/airflow/.local/lib/python3.12/site-packages/airflow/example_dags/example_bash_decorator.py for tasks to queue
[2025-12-13T10:38:12.454+0000] {logging_mixin.py:190} INFO - [2025-12-13T10:38:12.454+0000] {dagbag.py:588} INFO - Filling up the DagBag from /home/airflow/.local/lib/python3.12/site-packages/airflow/example_dags/example_bash_decorator.py
[2025-12-13T10:38:12.493+0000] {processor.py:925} INFO - DAG(s) 'example_bash_decorator' retrieved from /home/airflow/.local/lib/python3.12/site-packages/airflow/example_dags/example_bash_decorator.py
[2025-12-13T10:38:12.554+0000] {logging_mixin.py:190} INFO - [2025-12-13T10:38:12.553+0000] {dag.py:3239} INFO - Sync 1 DAGs
[2025-12-13T10:38:12.588+0000] {logging_mixin.py:190} INFO - [2025-12-13T10:38:12.587+0000] {dag.py:4180} INFO - Setting next_dagrun for example_bash_decorator to None, run_after=None
[2025-12-13T10:38:12.635+0000] {processor.py:208} INFO - Processing /home/airflow/.local/lib/python3.12/site-packages/airflow/example_dags/example_bash_decorator.py took 0.202 seconds
[2025-12-13T10:38:43.852+0000] {processor.py:186} INFO - Started process (PID=2832) to work on /home/airflow/.local/lib/python3.12/site-packages/airflow/example_dags/example_bash_decorator.py
[2025-12-13T10:38:43.854+0000] {processor.py:914} INFO - Processing file /home/airflow/.local/lib/python3.12/site-packages/airflow/example_dags/example_bash_decorator.py for tasks to queue
[2025-12-13T10:38:43.858+0000] {logging_mixin.py:190} INFO - [2025-12-13T10:38:43.858+0000] {dagbag.py:588} INFO - Filling up the DagBag from /home/airflow/.local/lib/python3.12/site-packages/airflow/example_dags/example_bash_decorator.py
[2025-12-13T10:38:43.892+0000] {processor.py:925} INFO - DAG(s) 'example_bash_decorator' retrieved from /home/airflow/.local/lib/python3.12/site-packages/airflow/example_dags/example_bash_decorator.py
[2025-12-13T10:38:43.940+0000] {logging_mixin.py:190} INFO - [2025-12-13T10:38:43.939+0000] {dag.py:3239} INFO - Sync 1 DAGs
[2025-12-13T10:38:43.971+0000] {logging_mixin.py:190} INFO - [2025-12-13T10:38:43.971+0000] {dag.py:4180} INFO - Setting next_dagrun for example_bash_decorator to None, run_after=None
[2025-12-13T10:38:44.004+0000] {processor.py:208} INFO - Processing /home/airflow/.local/lib/python3.12/site-packages/airflow/example_dags/example_bash_decorator.py took 0.166 seconds
[2025-12-13T10:39:14.647+0000] {processor.py:186} INFO - Started process (PID=2895) to work on /home/airflow/.local/lib/python3.12/site-packages/airflow/example_dags/example_bash_decorator.py
[2025-12-13T10:39:14.648+0000] {processor.py:914} INFO - Processing file /home/airflow/.local/lib/python3.12/site-packages/airflow/example_dags/example_bash_decorator.py for tasks to queue
[2025-12-13T10:39:14.652+0000] {logging_mixin.py:190} INFO - [2025-12-13T10:39:14.652+0000] {dagbag.py:588} INFO - Filling up the DagBag from /home/airflow/.local/lib/python3.12/site-packages/airflow/example_dags/example_bash_decorator.py
[2025-12-13T10:39:14.683+0000] {processor.py:925} INFO - DAG(s) 'example_bash_decorator' retrieved from /home/airflow/.local/lib/python3.12/site-packages/airflow/example_dags/example_bash_decorator.py
[2025-12-13T10:39:14.731+0000] {logging_mixin.py:190} INFO - [2025-12-13T10:39:14.729+0000] {dag.py:3239} INFO - Sync 1 DAGs
[2025-12-13T10:39:14.760+0000] {logging_mixin.py:190} INFO - [2025-12-13T10:39:14.760+0000] {dag.py:4180} INFO - Setting next_dagrun for example_bash_decorator to None, run_after=None
[2025-12-13T10:39:14.795+0000] {processor.py:208} INFO - Processing /home/airflow/.local/lib/python3.12/site-packages/airflow/example_dags/example_bash_decorator.py took 0.160 seconds
[2025-12-13T10:39:45.553+0000] {processor.py:186} INFO - Started process (PID=2958) to work on /home/airflow/.local/lib/python3.12/site-packages/airflow/example_dags/example_bash_decorator.py
[2025-12-13T10:39:45.555+0000] {processor.py:914} INFO - Processing file /home/airflow/.local/lib/python3.12/site-packages/airflow/example_dags/example_bash_decorator.py for tasks to queue
[2025-12-13T10:39:45.559+0000] {logging_mixin.py:190} INFO - [2025-12-13T10:39:45.558+0000] {dagbag.py:588} INFO - Filling up the DagBag from /home/airflow/.local/lib/python3.12/site-packages/airflow/example_dags/example_bash_decorator.py
[2025-12-13T10:39:45.591+0000] {processor.py:925} INFO - DAG(s) 'example_bash_decorator' retrieved from /home/airflow/.local/lib/python3.12/site-packages/airflow/example_dags/example_bash_decorator.py
[2025-12-13T10:39:45.636+0000] {logging_mixin.py:190} INFO - [2025-12-13T10:39:45.636+0000] {dag.py:3239} INFO - Sync 1 DAGs
[2025-12-13T10:39:45.669+0000] {logging_mixin.py:190} INFO - [2025-12-13T10:39:45.668+0000] {dag.py:4180} INFO - Setting next_dagrun for example_bash_decorator to None, run_after=None
[2025-12-13T10:39:45.708+0000] {processor.py:208} INFO - Processing /home/airflow/.local/lib/python3.12/site-packages/airflow/example_dags/example_bash_decorator.py took 0.167 seconds
[2025-12-13T10:40:15.920+0000] {processor.py:186} INFO - Started process (PID=3021) to work on /home/airflow/.local/lib/python3.12/site-packages/airflow/example_dags/example_bash_decorator.py
[2025-12-13T10:40:15.921+0000] {processor.py:914} INFO - Processing file /home/airflow/.local/lib/python3.12/site-packages/airflow/example_dags/example_bash_decorator.py for tasks to queue
[2025-12-13T10:40:15.926+0000] {logging_mixin.py:190} INFO - [2025-12-13T10:40:15.925+0000] {dagbag.py:588} INFO - Filling up the DagBag from /home/airflow/.local/lib/python3.12/site-packages/airflow/example_dags/example_bash_decorator.py
[2025-12-13T10:40:15.950+0000] {processor.py:925} INFO - DAG(s) 'example_bash_decorator' retrieved from /home/airflow/.local/lib/python3.12/site-packages/airflow/example_dags/example_bash_decorator.py
[2025-12-13T10:40:15.987+0000] {logging_mixin.py:190} INFO - [2025-12-13T10:40:15.986+0000] {dag.py:3239} INFO - Sync 1 DAGs
[2025-12-13T10:40:16.009+0000] {logging_mixin.py:190} INFO - [2025-12-13T10:40:16.009+0000] {dag.py:4180} INFO - Setting next_dagrun for example_bash_decorator to None, run_after=None
[2025-12-13T10:40:16.034+0000] {processor.py:208} INFO - Processing /home/airflow/.local/lib/python3.12/site-packages/airflow/example_dags/example_bash_decorator.py took 0.123 seconds
[2025-12-13T10:40:47.567+0000] {processor.py:186} INFO - Started process (PID=3084) to work on /home/airflow/.local/lib/python3.12/site-packages/airflow/example_dags/example_bash_decorator.py
[2025-12-13T10:40:47.569+0000] {processor.py:914} INFO - Processing file /home/airflow/.local/lib/python3.12/site-packages/airflow/example_dags/example_bash_decorator.py for tasks to queue
[2025-12-13T10:40:47.577+0000] {logging_mixin.py:190} INFO - [2025-12-13T10:40:47.574+0000] {dagbag.py:588} INFO - Filling up the DagBag from /home/airflow/.local/lib/python3.12/site-packages/airflow/example_dags/example_bash_decorator.py
[2025-12-13T10:40:47.608+0000] {processor.py:925} INFO - DAG(s) 'example_bash_decorator' retrieved from /home/airflow/.local/lib/python3.12/site-packages/airflow/example_dags/example_bash_decorator.py
[2025-12-13T10:40:47.672+0000] {logging_mixin.py:190} INFO - [2025-12-13T10:40:47.672+0000] {dag.py:3239} INFO - Sync 1 DAGs
[2025-12-13T10:40:47.698+0000] {logging_mixin.py:190} INFO - [2025-12-13T10:40:47.698+0000] {dag.py:4180} INFO - Setting next_dagrun for example_bash_decorator to None, run_after=None
[2025-12-13T10:40:47.738+0000] {processor.py:208} INFO - Processing /home/airflow/.local/lib/python3.12/site-packages/airflow/example_dags/example_bash_decorator.py took 0.185 seconds
[2025-12-13T10:41:17.849+0000] {processor.py:186} INFO - Started process (PID=3147) to work on /home/airflow/.local/lib/python3.12/site-packages/airflow/example_dags/example_bash_decorator.py
[2025-12-13T10:41:17.850+0000] {processor.py:914} INFO - Processing file /home/airflow/.local/lib/python3.12/site-packages/airflow/example_dags/example_bash_decorator.py for tasks to queue
[2025-12-13T10:41:17.854+0000] {logging_mixin.py:190} INFO - [2025-12-13T10:41:17.853+0000] {dagbag.py:588} INFO - Filling up the DagBag from /home/airflow/.local/lib/python3.12/site-packages/airflow/example_dags/example_bash_decorator.py
[2025-12-13T10:41:17.878+0000] {processor.py:925} INFO - DAG(s) 'example_bash_decorator' retrieved from /home/airflow/.local/lib/python3.12/site-packages/airflow/example_dags/example_bash_decorator.py
[2025-12-13T10:41:17.928+0000] {logging_mixin.py:190} INFO - [2025-12-13T10:41:17.927+0000] {dag.py:3239} INFO - Sync 1 DAGs
[2025-12-13T10:41:17.951+0000] {logging_mixin.py:190} INFO - [2025-12-13T10:41:17.951+0000] {dag.py:4180} INFO - Setting next_dagrun for example_bash_decorator to None, run_after=None
[2025-12-13T10:41:17.982+0000] {processor.py:208} INFO - Processing /home/airflow/.local/lib/python3.12/site-packages/airflow/example_dags/example_bash_decorator.py took 0.145 seconds
[2025-12-13T10:41:48.542+0000] {processor.py:186} INFO - Started process (PID=3210) to work on /home/airflow/.local/lib/python3.12/site-packages/airflow/example_dags/example_bash_decorator.py
[2025-12-13T10:41:48.545+0000] {processor.py:914} INFO - Processing file /home/airflow/.local/lib/python3.12/site-packages/airflow/example_dags/example_bash_decorator.py for tasks to queue
[2025-12-13T10:41:48.551+0000] {logging_mixin.py:190} INFO - [2025-12-13T10:41:48.550+0000] {dagbag.py:588} INFO - Filling up the DagBag from /home/airflow/.local/lib/python3.12/site-packages/airflow/example_dags/example_bash_decorator.py
[2025-12-13T10:41:48.591+0000] {processor.py:925} INFO - DAG(s) 'example_bash_decorator' retrieved from /home/airflow/.local/lib/python3.12/site-packages/airflow/example_dags/example_bash_decorator.py
[2025-12-13T10:41:48.642+0000] {logging_mixin.py:190} INFO - [2025-12-13T10:41:48.642+0000] {dag.py:3239} INFO - Sync 1 DAGs
[2025-12-13T10:41:48.681+0000] {logging_mixin.py:190} INFO - [2025-12-13T10:41:48.681+0000] {dag.py:4180} INFO - Setting next_dagrun for example_bash_decorator to None, run_after=None
[2025-12-13T10:41:48.715+0000] {processor.py:208} INFO - Processing /home/airflow/.local/lib/python3.12/site-packages/airflow/example_dags/example_bash_decorator.py took 0.188 seconds
[2025-12-13T10:42:19.384+0000] {processor.py:186} INFO - Started process (PID=3273) to work on /home/airflow/.local/lib/python3.12/site-packages/airflow/example_dags/example_bash_decorator.py
[2025-12-13T10:42:19.385+0000] {processor.py:914} INFO - Processing file /home/airflow/.local/lib/python3.12/site-packages/airflow/example_dags/example_bash_decorator.py for tasks to queue
[2025-12-13T10:42:19.389+0000] {logging_mixin.py:190} INFO - [2025-12-13T10:42:19.388+0000] {dagbag.py:588} INFO - Filling up the DagBag from /home/airflow/.local/lib/python3.12/site-packages/airflow/example_dags/example_bash_decorator.py
[2025-12-13T10:42:19.427+0000] {processor.py:925} INFO - DAG(s) 'example_bash_decorator' retrieved from /home/airflow/.local/lib/python3.12/site-packages/airflow/example_dags/example_bash_decorator.py
[2025-12-13T10:42:19.485+0000] {logging_mixin.py:190} INFO - [2025-12-13T10:42:19.485+0000] {dag.py:3239} INFO - Sync 1 DAGs
[2025-12-13T10:42:19.515+0000] {logging_mixin.py:190} INFO - [2025-12-13T10:42:19.515+0000] {dag.py:4180} INFO - Setting next_dagrun for example_bash_decorator to None, run_after=None
[2025-12-13T10:42:19.554+0000] {processor.py:208} INFO - Processing /home/airflow/.local/lib/python3.12/site-packages/airflow/example_dags/example_bash_decorator.py took 0.183 seconds
[2025-12-13T10:42:49.983+0000] {processor.py:186} INFO - Started process (PID=3336) to work on /home/airflow/.local/lib/python3.12/site-packages/airflow/example_dags/example_bash_decorator.py
[2025-12-13T10:42:49.985+0000] {processor.py:914} INFO - Processing file /home/airflow/.local/lib/python3.12/site-packages/airflow/example_dags/example_bash_decorator.py for tasks to queue
[2025-12-13T10:42:50.007+0000] {logging_mixin.py:190} INFO - [2025-12-13T10:42:50.006+0000] {dagbag.py:588} INFO - Filling up the DagBag from /home/airflow/.local/lib/python3.12/site-packages/airflow/example_dags/example_bash_decorator.py
[2025-12-13T10:42:50.078+0000] {processor.py:925} INFO - DAG(s) 'example_bash_decorator' retrieved from /home/airflow/.local/lib/python3.12/site-packages/airflow/example_dags/example_bash_decorator.py
[2025-12-13T10:42:50.130+0000] {logging_mixin.py:190} INFO - [2025-12-13T10:42:50.130+0000] {dag.py:3239} INFO - Sync 1 DAGs
[2025-12-13T10:42:50.164+0000] {logging_mixin.py:190} INFO - [2025-12-13T10:42:50.163+0000] {dag.py:4180} INFO - Setting next_dagrun for example_bash_decorator to None, run_after=None
[2025-12-13T10:42:50.206+0000] {processor.py:208} INFO - Processing /home/airflow/.local/lib/python3.12/site-packages/airflow/example_dags/example_bash_decorator.py took 0.237 seconds
[2025-12-13T10:43:20.914+0000] {processor.py:186} INFO - Started process (PID=3405) to work on /home/airflow/.local/lib/python3.12/site-packages/airflow/example_dags/example_bash_decorator.py
[2025-12-13T10:43:20.917+0000] {processor.py:914} INFO - Processing file /home/airflow/.local/lib/python3.12/site-packages/airflow/example_dags/example_bash_decorator.py for tasks to queue
[2025-12-13T10:43:20.926+0000] {logging_mixin.py:190} INFO - [2025-12-13T10:43:20.925+0000] {dagbag.py:588} INFO - Filling up the DagBag from /home/airflow/.local/lib/python3.12/site-packages/airflow/example_dags/example_bash_decorator.py
[2025-12-13T10:43:21.011+0000] {processor.py:925} INFO - DAG(s) 'example_bash_decorator' retrieved from /home/airflow/.local/lib/python3.12/site-packages/airflow/example_dags/example_bash_decorator.py
[2025-12-13T10:43:21.142+0000] {logging_mixin.py:190} INFO - [2025-12-13T10:43:21.139+0000] {dag.py:3239} INFO - Sync 1 DAGs
[2025-12-13T10:43:21.225+0000] {logging_mixin.py:190} INFO - [2025-12-13T10:43:21.225+0000] {dag.py:4180} INFO - Setting next_dagrun for example_bash_decorator to None, run_after=None
[2025-12-13T10:43:21.330+0000] {processor.py:208} INFO - Processing /home/airflow/.local/lib/python3.12/site-packages/airflow/example_dags/example_bash_decorator.py took 0.443 seconds
[2025-12-13T10:43:51.831+0000] {processor.py:186} INFO - Started process (PID=3468) to work on /home/airflow/.local/lib/python3.12/site-packages/airflow/example_dags/example_bash_decorator.py
[2025-12-13T10:43:51.835+0000] {processor.py:914} INFO - Processing file /home/airflow/.local/lib/python3.12/site-packages/airflow/example_dags/example_bash_decorator.py for tasks to queue
[2025-12-13T10:43:51.846+0000] {logging_mixin.py:190} INFO - [2025-12-13T10:43:51.845+0000] {dagbag.py:588} INFO - Filling up the DagBag from /home/airflow/.local/lib/python3.12/site-packages/airflow/example_dags/example_bash_decorator.py
[2025-12-13T10:43:51.890+0000] {processor.py:925} INFO - DAG(s) 'example_bash_decorator' retrieved from /home/airflow/.local/lib/python3.12/site-packages/airflow/example_dags/example_bash_decorator.py
[2025-12-13T10:43:51.942+0000] {logging_mixin.py:190} INFO - [2025-12-13T10:43:51.942+0000] {dag.py:3239} INFO - Sync 1 DAGs
[2025-12-13T10:43:51.980+0000] {logging_mixin.py:190} INFO - [2025-12-13T10:43:51.979+0000] {dag.py:4180} INFO - Setting next_dagrun for example_bash_decorator to None, run_after=None
[2025-12-13T10:43:52.029+0000] {processor.py:208} INFO - Processing /home/airflow/.local/lib/python3.12/site-packages/airflow/example_dags/example_bash_decorator.py took 0.225 seconds
[2025-12-13T10:44:23.806+0000] {processor.py:186} INFO - Started process (PID=3531) to work on /home/airflow/.local/lib/python3.12/site-packages/airflow/example_dags/example_bash_decorator.py
[2025-12-13T10:44:23.810+0000] {processor.py:914} INFO - Processing file /home/airflow/.local/lib/python3.12/site-packages/airflow/example_dags/example_bash_decorator.py for tasks to queue
[2025-12-13T10:44:23.820+0000] {logging_mixin.py:190} INFO - [2025-12-13T10:44:23.818+0000] {dagbag.py:588} INFO - Filling up the DagBag from /home/airflow/.local/lib/python3.12/site-packages/airflow/example_dags/example_bash_decorator.py
[2025-12-13T10:44:23.892+0000] {processor.py:925} INFO - DAG(s) 'example_bash_decorator' retrieved from /home/airflow/.local/lib/python3.12/site-packages/airflow/example_dags/example_bash_decorator.py
[2025-12-13T10:44:24.007+0000] {logging_mixin.py:190} INFO - [2025-12-13T10:44:24.006+0000] {dag.py:3239} INFO - Sync 1 DAGs
[2025-12-13T10:44:24.074+0000] {logging_mixin.py:190} INFO - [2025-12-13T10:44:24.073+0000] {dag.py:4180} INFO - Setting next_dagrun for example_bash_decorator to None, run_after=None
[2025-12-13T10:44:24.150+0000] {processor.py:208} INFO - Processing /home/airflow/.local/lib/python3.12/site-packages/airflow/example_dags/example_bash_decorator.py took 0.373 seconds
[2025-12-13T10:44:54.505+0000] {processor.py:186} INFO - Started process (PID=3594) to work on /home/airflow/.local/lib/python3.12/site-packages/airflow/example_dags/example_bash_decorator.py
[2025-12-13T10:44:54.506+0000] {processor.py:914} INFO - Processing file /home/airflow/.local/lib/python3.12/site-packages/airflow/example_dags/example_bash_decorator.py for tasks to queue
[2025-12-13T10:44:54.510+0000] {logging_mixin.py:190} INFO - [2025-12-13T10:44:54.509+0000] {dagbag.py:588} INFO - Filling up the DagBag from /home/airflow/.local/lib/python3.12/site-packages/airflow/example_dags/example_bash_decorator.py
[2025-12-13T10:44:54.566+0000] {processor.py:925} INFO - DAG(s) 'example_bash_decorator' retrieved from /home/airflow/.local/lib/python3.12/site-packages/airflow/example_dags/example_bash_decorator.py
[2025-12-13T10:44:54.646+0000] {logging_mixin.py:190} INFO - [2025-12-13T10:44:54.646+0000] {dag.py:3239} INFO - Sync 1 DAGs
[2025-12-13T10:44:54.677+0000] {logging_mixin.py:190} INFO - [2025-12-13T10:44:54.676+0000] {dag.py:4180} INFO - Setting next_dagrun for example_bash_decorator to None, run_after=None
[2025-12-13T10:44:54.712+0000] {processor.py:208} INFO - Processing /home/airflow/.local/lib/python3.12/site-packages/airflow/example_dags/example_bash_decorator.py took 0.219 seconds
[2025-12-13T10:45:24.828+0000] {processor.py:186} INFO - Started process (PID=3656) to work on /home/airflow/.local/lib/python3.12/site-packages/airflow/example_dags/example_bash_decorator.py
[2025-12-13T10:45:24.829+0000] {processor.py:914} INFO - Processing file /home/airflow/.local/lib/python3.12/site-packages/airflow/example_dags/example_bash_decorator.py for tasks to queue
[2025-12-13T10:45:24.833+0000] {logging_mixin.py:190} INFO - [2025-12-13T10:45:24.832+0000] {dagbag.py:588} INFO - Filling up the DagBag from /home/airflow/.local/lib/python3.12/site-packages/airflow/example_dags/example_bash_decorator.py
[2025-12-13T10:45:24.854+0000] {processor.py:925} INFO - DAG(s) 'example_bash_decorator' retrieved from /home/airflow/.local/lib/python3.12/site-packages/airflow/example_dags/example_bash_decorator.py
[2025-12-13T10:45:24.888+0000] {logging_mixin.py:190} INFO - [2025-12-13T10:45:24.887+0000] {dag.py:3239} INFO - Sync 1 DAGs
[2025-12-13T10:45:24.910+0000] {logging_mixin.py:190} INFO - [2025-12-13T10:45:24.909+0000] {dag.py:4180} INFO - Setting next_dagrun for example_bash_decorator to None, run_after=None
[2025-12-13T10:45:24.933+0000] {processor.py:208} INFO - Processing /home/airflow/.local/lib/python3.12/site-packages/airflow/example_dags/example_bash_decorator.py took 0.115 seconds
[2025-12-13T10:45:55.957+0000] {processor.py:186} INFO - Started process (PID=3719) to work on /home/airflow/.local/lib/python3.12/site-packages/airflow/example_dags/example_bash_decorator.py
[2025-12-13T10:45:55.958+0000] {processor.py:914} INFO - Processing file /home/airflow/.local/lib/python3.12/site-packages/airflow/example_dags/example_bash_decorator.py for tasks to queue
[2025-12-13T10:45:55.962+0000] {logging_mixin.py:190} INFO - [2025-12-13T10:45:55.961+0000] {dagbag.py:588} INFO - Filling up the DagBag from /home/airflow/.local/lib/python3.12/site-packages/airflow/example_dags/example_bash_decorator.py
[2025-12-13T10:45:55.983+0000] {processor.py:925} INFO - DAG(s) 'example_bash_decorator' retrieved from /home/airflow/.local/lib/python3.12/site-packages/airflow/example_dags/example_bash_decorator.py
[2025-12-13T10:45:56.021+0000] {logging_mixin.py:190} INFO - [2025-12-13T10:45:56.020+0000] {dag.py:3239} INFO - Sync 1 DAGs
[2025-12-13T10:45:56.042+0000] {logging_mixin.py:190} INFO - [2025-12-13T10:45:56.041+0000] {dag.py:4180} INFO - Setting next_dagrun for example_bash_decorator to None, run_after=None
[2025-12-13T10:45:56.065+0000] {processor.py:208} INFO - Processing /home/airflow/.local/lib/python3.12/site-packages/airflow/example_dags/example_bash_decorator.py took 0.116 seconds
[2025-12-13T10:46:26.219+0000] {processor.py:186} INFO - Started process (PID=3781) to work on /home/airflow/.local/lib/python3.12/site-packages/airflow/example_dags/example_bash_decorator.py
[2025-12-13T10:46:26.221+0000] {processor.py:914} INFO - Processing file /home/airflow/.local/lib/python3.12/site-packages/airflow/example_dags/example_bash_decorator.py for tasks to queue
[2025-12-13T10:46:26.228+0000] {logging_mixin.py:190} INFO - [2025-12-13T10:46:26.227+0000] {dagbag.py:588} INFO - Filling up the DagBag from /home/airflow/.local/lib/python3.12/site-packages/airflow/example_dags/example_bash_decorator.py
[2025-12-13T10:46:26.268+0000] {processor.py:925} INFO - DAG(s) 'example_bash_decorator' retrieved from /home/airflow/.local/lib/python3.12/site-packages/airflow/example_dags/example_bash_decorator.py
[2025-12-13T10:46:26.346+0000] {logging_mixin.py:190} INFO - [2025-12-13T10:46:26.345+0000] {dag.py:3239} INFO - Sync 1 DAGs
[2025-12-13T10:46:26.381+0000] {logging_mixin.py:190} INFO - [2025-12-13T10:46:26.381+0000] {dag.py:4180} INFO - Setting next_dagrun for example_bash_decorator to None, run_after=None
[2025-12-13T10:46:26.427+0000] {processor.py:208} INFO - Processing /home/airflow/.local/lib/python3.12/site-packages/airflow/example_dags/example_bash_decorator.py took 0.224 seconds
[2025-12-13T10:46:56.998+0000] {processor.py:186} INFO - Started process (PID=3844) to work on /home/airflow/.local/lib/python3.12/site-packages/airflow/example_dags/example_bash_decorator.py
[2025-12-13T10:46:56.999+0000] {processor.py:914} INFO - Processing file /home/airflow/.local/lib/python3.12/site-packages/airflow/example_dags/example_bash_decorator.py for tasks to queue
[2025-12-13T10:46:57.010+0000] {logging_mixin.py:190} INFO - [2025-12-13T10:46:57.006+0000] {dagbag.py:588} INFO - Filling up the DagBag from /home/airflow/.local/lib/python3.12/site-packages/airflow/example_dags/example_bash_decorator.py
[2025-12-13T10:46:57.087+0000] {processor.py:925} INFO - DAG(s) 'example_bash_decorator' retrieved from /home/airflow/.local/lib/python3.12/site-packages/airflow/example_dags/example_bash_decorator.py
[2025-12-13T10:47:02.505+0000] {logging_mixin.py:190} INFO - [2025-12-13T10:47:02.505+0000] {process_utils.py:266} INFO - Waiting up to 5 seconds for processes to exit...
[2025-12-13T10:47:02.599+0000] {logging_mixin.py:190} INFO - [2025-12-13T10:47:02.599+0000] {process_utils.py:266} INFO - Waiting up to 5 seconds for processes to exit...
