[2025-12-13T10:16:08.397+0000] {processor.py:186} INFO - Started process (PID=89) to work on /home/airflow/.local/lib/python3.12/site-packages/airflow/example_dags/example_inlet_event_extra.py
[2025-12-13T10:16:08.398+0000] {processor.py:914} INFO - Processing file /home/airflow/.local/lib/python3.12/site-packages/airflow/example_dags/example_inlet_event_extra.py for tasks to queue
[2025-12-13T10:16:08.402+0000] {logging_mixin.py:190} INFO - [2025-12-13T10:16:08.401+0000] {dagbag.py:588} INFO - Filling up the DagBag from /home/airflow/.local/lib/python3.12/site-packages/airflow/example_dags/example_inlet_event_extra.py
[2025-12-13T10:16:10.475+0000] {processor.py:925} INFO - DAG(s) 'read_dataset_event', 'read_dataset_event_from_classic' retrieved from /home/airflow/.local/lib/python3.12/site-packages/airflow/example_dags/example_inlet_event_extra.py
[2025-12-13T10:16:11.001+0000] {logging_mixin.py:190} INFO - [2025-12-13T10:16:10.999+0000] {override.py:1911} INFO - Created Permission View: can edit on DAG:read_dataset_event
[2025-12-13T10:16:11.113+0000] {logging_mixin.py:190} INFO - [2025-12-13T10:16:11.113+0000] {override.py:1911} INFO - Created Permission View: can delete on DAG:read_dataset_event
[2025-12-13T10:16:11.148+0000] {logging_mixin.py:190} INFO - [2025-12-13T10:16:11.147+0000] {override.py:1911} INFO - Created Permission View: can read on DAG:read_dataset_event
[2025-12-13T10:16:11.184+0000] {logging_mixin.py:190} INFO - [2025-12-13T10:16:11.183+0000] {override.py:1911} INFO - Created Permission View: can create on DAG Run:read_dataset_event
[2025-12-13T10:16:11.212+0000] {logging_mixin.py:190} INFO - [2025-12-13T10:16:11.211+0000] {override.py:1911} INFO - Created Permission View: can delete on DAG Run:read_dataset_event
[2025-12-13T10:16:11.240+0000] {logging_mixin.py:190} INFO - [2025-12-13T10:16:11.240+0000] {override.py:1911} INFO - Created Permission View: menu access on DAG Run:read_dataset_event
[2025-12-13T10:16:11.262+0000] {logging_mixin.py:190} INFO - [2025-12-13T10:16:11.262+0000] {override.py:1911} INFO - Created Permission View: can read on DAG Run:read_dataset_event
[2025-12-13T10:16:11.377+0000] {logging_mixin.py:190} INFO - [2025-12-13T10:16:11.377+0000] {override.py:1911} INFO - Created Permission View: can edit on DAG:read_dataset_event_from_classic
[2025-12-13T10:16:11.504+0000] {logging_mixin.py:190} INFO - [2025-12-13T10:16:11.504+0000] {override.py:1911} INFO - Created Permission View: can delete on DAG:read_dataset_event_from_classic
[2025-12-13T10:16:11.552+0000] {logging_mixin.py:190} INFO - [2025-12-13T10:16:11.551+0000] {override.py:1911} INFO - Created Permission View: can read on DAG:read_dataset_event_from_classic
[2025-12-13T10:16:11.591+0000] {logging_mixin.py:190} INFO - [2025-12-13T10:16:11.590+0000] {override.py:1911} INFO - Created Permission View: can create on DAG Run:read_dataset_event_from_classic
[2025-12-13T10:16:11.633+0000] {logging_mixin.py:190} INFO - [2025-12-13T10:16:11.632+0000] {override.py:1911} INFO - Created Permission View: can delete on DAG Run:read_dataset_event_from_classic
[2025-12-13T10:16:11.671+0000] {logging_mixin.py:190} INFO - [2025-12-13T10:16:11.670+0000] {override.py:1911} INFO - Created Permission View: menu access on DAG Run:read_dataset_event_from_classic
[2025-12-13T10:16:11.756+0000] {logging_mixin.py:190} INFO - [2025-12-13T10:16:11.756+0000] {override.py:1911} INFO - Created Permission View: can read on DAG Run:read_dataset_event_from_classic
[2025-12-13T10:16:11.857+0000] {logging_mixin.py:190} INFO - [2025-12-13T10:16:11.856+0000] {dag.py:3239} INFO - Sync 2 DAGs
[2025-12-13T10:16:11.908+0000] {logging_mixin.py:190} INFO - [2025-12-13T10:16:11.907+0000] {dag.py:3262} INFO - Creating ORM DAG for read_dataset_event
[2025-12-13T10:16:11.919+0000] {logging_mixin.py:190} INFO - [2025-12-13T10:16:11.919+0000] {dag.py:3262} INFO - Creating ORM DAG for read_dataset_event_from_classic
[2025-12-13T10:16:11.956+0000] {logging_mixin.py:190} INFO - [2025-12-13T10:16:11.956+0000] {dag.py:4180} INFO - Setting next_dagrun for read_dataset_event to 2025-12-12 00:00:00+00:00, run_after=2025-12-13 00:00:00+00:00
[2025-12-13T10:16:11.961+0000] {logging_mixin.py:190} INFO - [2025-12-13T10:16:11.961+0000] {dag.py:4180} INFO - Setting next_dagrun for read_dataset_event_from_classic to 2025-12-12 00:00:00+00:00, run_after=2025-12-13 00:00:00+00:00
[2025-12-13T10:16:12.024+0000] {processor.py:208} INFO - Processing /home/airflow/.local/lib/python3.12/site-packages/airflow/example_dags/example_inlet_event_extra.py took 3.639 seconds
[2025-12-13T10:16:42.179+0000] {processor.py:186} INFO - Started process (PID=160) to work on /home/airflow/.local/lib/python3.12/site-packages/airflow/example_dags/example_inlet_event_extra.py
[2025-12-13T10:16:42.181+0000] {processor.py:914} INFO - Processing file /home/airflow/.local/lib/python3.12/site-packages/airflow/example_dags/example_inlet_event_extra.py for tasks to queue
[2025-12-13T10:16:42.185+0000] {logging_mixin.py:190} INFO - [2025-12-13T10:16:42.184+0000] {dagbag.py:588} INFO - Filling up the DagBag from /home/airflow/.local/lib/python3.12/site-packages/airflow/example_dags/example_inlet_event_extra.py
[2025-12-13T10:16:43.142+0000] {processor.py:925} INFO - DAG(s) 'read_dataset_event', 'read_dataset_event_from_classic' retrieved from /home/airflow/.local/lib/python3.12/site-packages/airflow/example_dags/example_inlet_event_extra.py
[2025-12-13T10:16:43.180+0000] {logging_mixin.py:190} INFO - [2025-12-13T10:16:43.180+0000] {dag.py:3239} INFO - Sync 2 DAGs
[2025-12-13T10:16:43.236+0000] {logging_mixin.py:190} INFO - [2025-12-13T10:16:43.235+0000] {dag.py:4180} INFO - Setting next_dagrun for read_dataset_event to 2025-12-12 00:00:00+00:00, run_after=2025-12-13 00:00:00+00:00
[2025-12-13T10:16:43.246+0000] {logging_mixin.py:190} INFO - [2025-12-13T10:16:43.246+0000] {dag.py:4180} INFO - Setting next_dagrun for read_dataset_event_from_classic to 2025-12-12 00:00:00+00:00, run_after=2025-12-13 00:00:00+00:00
[2025-12-13T10:16:43.273+0000] {processor.py:208} INFO - Processing /home/airflow/.local/lib/python3.12/site-packages/airflow/example_dags/example_inlet_event_extra.py took 1.107 seconds
[2025-12-13T10:17:13.719+0000] {processor.py:186} INFO - Started process (PID=222) to work on /home/airflow/.local/lib/python3.12/site-packages/airflow/example_dags/example_inlet_event_extra.py
[2025-12-13T10:17:13.722+0000] {processor.py:914} INFO - Processing file /home/airflow/.local/lib/python3.12/site-packages/airflow/example_dags/example_inlet_event_extra.py for tasks to queue
[2025-12-13T10:17:13.729+0000] {logging_mixin.py:190} INFO - [2025-12-13T10:17:13.728+0000] {dagbag.py:588} INFO - Filling up the DagBag from /home/airflow/.local/lib/python3.12/site-packages/airflow/example_dags/example_inlet_event_extra.py
[2025-12-13T10:17:14.877+0000] {processor.py:925} INFO - DAG(s) 'read_dataset_event_from_classic', 'read_dataset_event' retrieved from /home/airflow/.local/lib/python3.12/site-packages/airflow/example_dags/example_inlet_event_extra.py
[2025-12-13T10:17:14.907+0000] {logging_mixin.py:190} INFO - [2025-12-13T10:17:14.907+0000] {dag.py:3239} INFO - Sync 2 DAGs
[2025-12-13T10:17:14.947+0000] {logging_mixin.py:190} INFO - [2025-12-13T10:17:14.947+0000] {dag.py:4180} INFO - Setting next_dagrun for read_dataset_event to 2025-12-12 00:00:00+00:00, run_after=2025-12-13 00:00:00+00:00
[2025-12-13T10:17:14.956+0000] {logging_mixin.py:190} INFO - [2025-12-13T10:17:14.956+0000] {dag.py:4180} INFO - Setting next_dagrun for read_dataset_event_from_classic to 2025-12-12 00:00:00+00:00, run_after=2025-12-13 00:00:00+00:00
[2025-12-13T10:17:14.982+0000] {processor.py:208} INFO - Processing /home/airflow/.local/lib/python3.12/site-packages/airflow/example_dags/example_inlet_event_extra.py took 1.278 seconds
[2025-12-13T10:17:45.485+0000] {processor.py:186} INFO - Started process (PID=287) to work on /home/airflow/.local/lib/python3.12/site-packages/airflow/example_dags/example_inlet_event_extra.py
[2025-12-13T10:17:45.486+0000] {processor.py:914} INFO - Processing file /home/airflow/.local/lib/python3.12/site-packages/airflow/example_dags/example_inlet_event_extra.py for tasks to queue
[2025-12-13T10:17:45.490+0000] {logging_mixin.py:190} INFO - [2025-12-13T10:17:45.490+0000] {dagbag.py:588} INFO - Filling up the DagBag from /home/airflow/.local/lib/python3.12/site-packages/airflow/example_dags/example_inlet_event_extra.py
[2025-12-13T10:17:46.621+0000] {processor.py:925} INFO - DAG(s) 'read_dataset_event', 'read_dataset_event_from_classic' retrieved from /home/airflow/.local/lib/python3.12/site-packages/airflow/example_dags/example_inlet_event_extra.py
[2025-12-13T10:17:46.657+0000] {logging_mixin.py:190} INFO - [2025-12-13T10:17:46.656+0000] {dag.py:3239} INFO - Sync 2 DAGs
[2025-12-13T10:17:46.707+0000] {logging_mixin.py:190} INFO - [2025-12-13T10:17:46.707+0000] {dag.py:4180} INFO - Setting next_dagrun for read_dataset_event to 2025-12-12 00:00:00+00:00, run_after=2025-12-13 00:00:00+00:00
[2025-12-13T10:17:46.718+0000] {logging_mixin.py:190} INFO - [2025-12-13T10:17:46.717+0000] {dag.py:4180} INFO - Setting next_dagrun for read_dataset_event_from_classic to 2025-12-12 00:00:00+00:00, run_after=2025-12-13 00:00:00+00:00
[2025-12-13T10:17:46.746+0000] {processor.py:208} INFO - Processing /home/airflow/.local/lib/python3.12/site-packages/airflow/example_dags/example_inlet_event_extra.py took 1.273 seconds
[2025-12-13T10:18:16.962+0000] {processor.py:186} INFO - Started process (PID=352) to work on /home/airflow/.local/lib/python3.12/site-packages/airflow/example_dags/example_inlet_event_extra.py
[2025-12-13T10:18:16.964+0000] {processor.py:914} INFO - Processing file /home/airflow/.local/lib/python3.12/site-packages/airflow/example_dags/example_inlet_event_extra.py for tasks to queue
[2025-12-13T10:18:16.971+0000] {logging_mixin.py:190} INFO - [2025-12-13T10:18:16.971+0000] {dagbag.py:588} INFO - Filling up the DagBag from /home/airflow/.local/lib/python3.12/site-packages/airflow/example_dags/example_inlet_event_extra.py
[2025-12-13T10:18:20.015+0000] {processor.py:925} INFO - DAG(s) 'read_dataset_event', 'read_dataset_event_from_classic' retrieved from /home/airflow/.local/lib/python3.12/site-packages/airflow/example_dags/example_inlet_event_extra.py
[2025-12-13T10:18:20.058+0000] {logging_mixin.py:190} INFO - [2025-12-13T10:18:20.057+0000] {dag.py:3239} INFO - Sync 2 DAGs
[2025-12-13T10:18:20.127+0000] {logging_mixin.py:190} INFO - [2025-12-13T10:18:20.127+0000] {dag.py:4180} INFO - Setting next_dagrun for read_dataset_event to 2025-12-12 00:00:00+00:00, run_after=2025-12-13 00:00:00+00:00
[2025-12-13T10:18:20.139+0000] {logging_mixin.py:190} INFO - [2025-12-13T10:18:20.139+0000] {dag.py:4180} INFO - Setting next_dagrun for read_dataset_event_from_classic to 2025-12-12 00:00:00+00:00, run_after=2025-12-13 00:00:00+00:00
[2025-12-13T10:18:20.175+0000] {processor.py:208} INFO - Processing /home/airflow/.local/lib/python3.12/site-packages/airflow/example_dags/example_inlet_event_extra.py took 3.263 seconds
[2025-12-13T10:18:50.464+0000] {processor.py:186} INFO - Started process (PID=414) to work on /home/airflow/.local/lib/python3.12/site-packages/airflow/example_dags/example_inlet_event_extra.py
[2025-12-13T10:18:50.466+0000] {processor.py:914} INFO - Processing file /home/airflow/.local/lib/python3.12/site-packages/airflow/example_dags/example_inlet_event_extra.py for tasks to queue
[2025-12-13T10:18:50.470+0000] {logging_mixin.py:190} INFO - [2025-12-13T10:18:50.470+0000] {dagbag.py:588} INFO - Filling up the DagBag from /home/airflow/.local/lib/python3.12/site-packages/airflow/example_dags/example_inlet_event_extra.py
[2025-12-13T10:18:51.566+0000] {processor.py:925} INFO - DAG(s) 'read_dataset_event', 'read_dataset_event_from_classic' retrieved from /home/airflow/.local/lib/python3.12/site-packages/airflow/example_dags/example_inlet_event_extra.py
[2025-12-13T10:18:51.606+0000] {logging_mixin.py:190} INFO - [2025-12-13T10:18:51.605+0000] {dag.py:3239} INFO - Sync 2 DAGs
[2025-12-13T10:18:51.679+0000] {logging_mixin.py:190} INFO - [2025-12-13T10:18:51.678+0000] {dag.py:4180} INFO - Setting next_dagrun for read_dataset_event to 2025-12-12 00:00:00+00:00, run_after=2025-12-13 00:00:00+00:00
[2025-12-13T10:18:51.690+0000] {logging_mixin.py:190} INFO - [2025-12-13T10:18:51.690+0000] {dag.py:4180} INFO - Setting next_dagrun for read_dataset_event_from_classic to 2025-12-12 00:00:00+00:00, run_after=2025-12-13 00:00:00+00:00
[2025-12-13T10:18:51.719+0000] {processor.py:208} INFO - Processing /home/airflow/.local/lib/python3.12/site-packages/airflow/example_dags/example_inlet_event_extra.py took 1.267 seconds
[2025-12-13T10:19:22.196+0000] {processor.py:186} INFO - Started process (PID=477) to work on /home/airflow/.local/lib/python3.12/site-packages/airflow/example_dags/example_inlet_event_extra.py
[2025-12-13T10:19:22.198+0000] {processor.py:914} INFO - Processing file /home/airflow/.local/lib/python3.12/site-packages/airflow/example_dags/example_inlet_event_extra.py for tasks to queue
[2025-12-13T10:19:22.206+0000] {logging_mixin.py:190} INFO - [2025-12-13T10:19:22.205+0000] {dagbag.py:588} INFO - Filling up the DagBag from /home/airflow/.local/lib/python3.12/site-packages/airflow/example_dags/example_inlet_event_extra.py
[2025-12-13T10:19:23.571+0000] {processor.py:925} INFO - DAG(s) 'read_dataset_event', 'read_dataset_event_from_classic' retrieved from /home/airflow/.local/lib/python3.12/site-packages/airflow/example_dags/example_inlet_event_extra.py
[2025-12-13T10:19:23.617+0000] {logging_mixin.py:190} INFO - [2025-12-13T10:19:23.616+0000] {dag.py:3239} INFO - Sync 2 DAGs
[2025-12-13T10:19:23.680+0000] {logging_mixin.py:190} INFO - [2025-12-13T10:19:23.679+0000] {dag.py:4180} INFO - Setting next_dagrun for read_dataset_event to 2025-12-12 00:00:00+00:00, run_after=2025-12-13 00:00:00+00:00
[2025-12-13T10:19:23.693+0000] {logging_mixin.py:190} INFO - [2025-12-13T10:19:23.692+0000] {dag.py:4180} INFO - Setting next_dagrun for read_dataset_event_from_classic to 2025-12-12 00:00:00+00:00, run_after=2025-12-13 00:00:00+00:00
[2025-12-13T10:19:23.729+0000] {processor.py:208} INFO - Processing /home/airflow/.local/lib/python3.12/site-packages/airflow/example_dags/example_inlet_event_extra.py took 1.549 seconds
[2025-12-13T10:19:53.893+0000] {processor.py:186} INFO - Started process (PID=543) to work on /home/airflow/.local/lib/python3.12/site-packages/airflow/example_dags/example_inlet_event_extra.py
[2025-12-13T10:19:53.896+0000] {processor.py:914} INFO - Processing file /home/airflow/.local/lib/python3.12/site-packages/airflow/example_dags/example_inlet_event_extra.py for tasks to queue
[2025-12-13T10:19:53.904+0000] {logging_mixin.py:190} INFO - [2025-12-13T10:19:53.902+0000] {dagbag.py:588} INFO - Filling up the DagBag from /home/airflow/.local/lib/python3.12/site-packages/airflow/example_dags/example_inlet_event_extra.py
[2025-12-13T10:19:55.418+0000] {processor.py:925} INFO - DAG(s) 'read_dataset_event_from_classic', 'read_dataset_event' retrieved from /home/airflow/.local/lib/python3.12/site-packages/airflow/example_dags/example_inlet_event_extra.py
[2025-12-13T10:19:55.456+0000] {logging_mixin.py:190} INFO - [2025-12-13T10:19:55.456+0000] {dag.py:3239} INFO - Sync 2 DAGs
[2025-12-13T10:19:55.514+0000] {logging_mixin.py:190} INFO - [2025-12-13T10:19:55.513+0000] {dag.py:4180} INFO - Setting next_dagrun for read_dataset_event to 2025-12-12 00:00:00+00:00, run_after=2025-12-13 00:00:00+00:00
[2025-12-13T10:19:55.527+0000] {logging_mixin.py:190} INFO - [2025-12-13T10:19:55.526+0000] {dag.py:4180} INFO - Setting next_dagrun for read_dataset_event_from_classic to 2025-12-12 00:00:00+00:00, run_after=2025-12-13 00:00:00+00:00
[2025-12-13T10:19:55.566+0000] {processor.py:208} INFO - Processing /home/airflow/.local/lib/python3.12/site-packages/airflow/example_dags/example_inlet_event_extra.py took 1.696 seconds
[2025-12-13T10:20:26.475+0000] {processor.py:186} INFO - Started process (PID=610) to work on /home/airflow/.local/lib/python3.12/site-packages/airflow/example_dags/example_inlet_event_extra.py
[2025-12-13T10:20:26.477+0000] {processor.py:914} INFO - Processing file /home/airflow/.local/lib/python3.12/site-packages/airflow/example_dags/example_inlet_event_extra.py for tasks to queue
[2025-12-13T10:20:26.489+0000] {logging_mixin.py:190} INFO - [2025-12-13T10:20:26.488+0000] {dagbag.py:588} INFO - Filling up the DagBag from /home/airflow/.local/lib/python3.12/site-packages/airflow/example_dags/example_inlet_event_extra.py
[2025-12-13T10:20:28.233+0000] {processor.py:925} INFO - DAG(s) 'read_dataset_event', 'read_dataset_event_from_classic' retrieved from /home/airflow/.local/lib/python3.12/site-packages/airflow/example_dags/example_inlet_event_extra.py
[2025-12-13T10:20:28.300+0000] {logging_mixin.py:190} INFO - [2025-12-13T10:20:28.299+0000] {dag.py:3239} INFO - Sync 2 DAGs
[2025-12-13T10:20:28.365+0000] {logging_mixin.py:190} INFO - [2025-12-13T10:20:28.365+0000] {dag.py:4180} INFO - Setting next_dagrun for read_dataset_event to 2025-12-12 00:00:00+00:00, run_after=2025-12-13 00:00:00+00:00
[2025-12-13T10:20:28.379+0000] {logging_mixin.py:190} INFO - [2025-12-13T10:20:28.379+0000] {dag.py:4180} INFO - Setting next_dagrun for read_dataset_event_from_classic to 2025-12-12 00:00:00+00:00, run_after=2025-12-13 00:00:00+00:00
[2025-12-13T10:20:28.419+0000] {processor.py:208} INFO - Processing /home/airflow/.local/lib/python3.12/site-packages/airflow/example_dags/example_inlet_event_extra.py took 1.978 seconds
[2025-12-13T10:20:59.199+0000] {processor.py:186} INFO - Started process (PID=675) to work on /home/airflow/.local/lib/python3.12/site-packages/airflow/example_dags/example_inlet_event_extra.py
[2025-12-13T10:20:59.201+0000] {processor.py:914} INFO - Processing file /home/airflow/.local/lib/python3.12/site-packages/airflow/example_dags/example_inlet_event_extra.py for tasks to queue
[2025-12-13T10:20:59.208+0000] {logging_mixin.py:190} INFO - [2025-12-13T10:20:59.207+0000] {dagbag.py:588} INFO - Filling up the DagBag from /home/airflow/.local/lib/python3.12/site-packages/airflow/example_dags/example_inlet_event_extra.py
[2025-12-13T10:21:00.494+0000] {processor.py:925} INFO - DAG(s) 'read_dataset_event', 'read_dataset_event_from_classic' retrieved from /home/airflow/.local/lib/python3.12/site-packages/airflow/example_dags/example_inlet_event_extra.py
[2025-12-13T10:21:00.527+0000] {logging_mixin.py:190} INFO - [2025-12-13T10:21:00.527+0000] {dag.py:3239} INFO - Sync 2 DAGs
[2025-12-13T10:21:00.577+0000] {logging_mixin.py:190} INFO - [2025-12-13T10:21:00.576+0000] {dag.py:4180} INFO - Setting next_dagrun for read_dataset_event to 2025-12-12 00:00:00+00:00, run_after=2025-12-13 00:00:00+00:00
[2025-12-13T10:21:00.589+0000] {logging_mixin.py:190} INFO - [2025-12-13T10:21:00.588+0000] {dag.py:4180} INFO - Setting next_dagrun for read_dataset_event_from_classic to 2025-12-12 00:00:00+00:00, run_after=2025-12-13 00:00:00+00:00
[2025-12-13T10:21:00.626+0000] {processor.py:208} INFO - Processing /home/airflow/.local/lib/python3.12/site-packages/airflow/example_dags/example_inlet_event_extra.py took 1.438 seconds
[2025-12-13T10:21:30.783+0000] {processor.py:186} INFO - Started process (PID=738) to work on /home/airflow/.local/lib/python3.12/site-packages/airflow/example_dags/example_inlet_event_extra.py
[2025-12-13T10:21:30.784+0000] {processor.py:914} INFO - Processing file /home/airflow/.local/lib/python3.12/site-packages/airflow/example_dags/example_inlet_event_extra.py for tasks to queue
[2025-12-13T10:21:30.788+0000] {logging_mixin.py:190} INFO - [2025-12-13T10:21:30.788+0000] {dagbag.py:588} INFO - Filling up the DagBag from /home/airflow/.local/lib/python3.12/site-packages/airflow/example_dags/example_inlet_event_extra.py
[2025-12-13T10:21:32.358+0000] {processor.py:925} INFO - DAG(s) 'read_dataset_event_from_classic', 'read_dataset_event' retrieved from /home/airflow/.local/lib/python3.12/site-packages/airflow/example_dags/example_inlet_event_extra.py
[2025-12-13T10:21:32.405+0000] {logging_mixin.py:190} INFO - [2025-12-13T10:21:32.405+0000] {dag.py:3239} INFO - Sync 2 DAGs
[2025-12-13T10:21:32.472+0000] {logging_mixin.py:190} INFO - [2025-12-13T10:21:32.472+0000] {dag.py:4180} INFO - Setting next_dagrun for read_dataset_event to 2025-12-12 00:00:00+00:00, run_after=2025-12-13 00:00:00+00:00
[2025-12-13T10:21:32.485+0000] {logging_mixin.py:190} INFO - [2025-12-13T10:21:32.485+0000] {dag.py:4180} INFO - Setting next_dagrun for read_dataset_event_from_classic to 2025-12-12 00:00:00+00:00, run_after=2025-12-13 00:00:00+00:00
[2025-12-13T10:21:32.570+0000] {processor.py:208} INFO - Processing /home/airflow/.local/lib/python3.12/site-packages/airflow/example_dags/example_inlet_event_extra.py took 1.801 seconds
[2025-12-13T10:22:03.471+0000] {processor.py:186} INFO - Started process (PID=801) to work on /home/airflow/.local/lib/python3.12/site-packages/airflow/example_dags/example_inlet_event_extra.py
[2025-12-13T10:22:03.473+0000] {processor.py:914} INFO - Processing file /home/airflow/.local/lib/python3.12/site-packages/airflow/example_dags/example_inlet_event_extra.py for tasks to queue
[2025-12-13T10:22:03.483+0000] {logging_mixin.py:190} INFO - [2025-12-13T10:22:03.482+0000] {dagbag.py:588} INFO - Filling up the DagBag from /home/airflow/.local/lib/python3.12/site-packages/airflow/example_dags/example_inlet_event_extra.py
[2025-12-13T10:22:05.375+0000] {processor.py:925} INFO - DAG(s) 'read_dataset_event_from_classic', 'read_dataset_event' retrieved from /home/airflow/.local/lib/python3.12/site-packages/airflow/example_dags/example_inlet_event_extra.py
[2025-12-13T10:22:05.413+0000] {logging_mixin.py:190} INFO - [2025-12-13T10:22:05.413+0000] {dag.py:3239} INFO - Sync 2 DAGs
[2025-12-13T10:22:05.466+0000] {logging_mixin.py:190} INFO - [2025-12-13T10:22:05.466+0000] {dag.py:4180} INFO - Setting next_dagrun for read_dataset_event to 2025-12-12 00:00:00+00:00, run_after=2025-12-13 00:00:00+00:00
[2025-12-13T10:22:05.478+0000] {logging_mixin.py:190} INFO - [2025-12-13T10:22:05.477+0000] {dag.py:4180} INFO - Setting next_dagrun for read_dataset_event_from_classic to 2025-12-12 00:00:00+00:00, run_after=2025-12-13 00:00:00+00:00
[2025-12-13T10:22:05.509+0000] {processor.py:208} INFO - Processing /home/airflow/.local/lib/python3.12/site-packages/airflow/example_dags/example_inlet_event_extra.py took 2.052 seconds
[2025-12-13T10:22:36.295+0000] {processor.py:186} INFO - Started process (PID=864) to work on /home/airflow/.local/lib/python3.12/site-packages/airflow/example_dags/example_inlet_event_extra.py
[2025-12-13T10:22:36.296+0000] {processor.py:914} INFO - Processing file /home/airflow/.local/lib/python3.12/site-packages/airflow/example_dags/example_inlet_event_extra.py for tasks to queue
[2025-12-13T10:22:36.301+0000] {logging_mixin.py:190} INFO - [2025-12-13T10:22:36.301+0000] {dagbag.py:588} INFO - Filling up the DagBag from /home/airflow/.local/lib/python3.12/site-packages/airflow/example_dags/example_inlet_event_extra.py
[2025-12-13T10:22:37.673+0000] {processor.py:925} INFO - DAG(s) 'read_dataset_event_from_classic', 'read_dataset_event' retrieved from /home/airflow/.local/lib/python3.12/site-packages/airflow/example_dags/example_inlet_event_extra.py
[2025-12-13T10:22:37.724+0000] {logging_mixin.py:190} INFO - [2025-12-13T10:22:37.723+0000] {dag.py:3239} INFO - Sync 2 DAGs
[2025-12-13T10:22:37.805+0000] {logging_mixin.py:190} INFO - [2025-12-13T10:22:37.804+0000] {dag.py:4180} INFO - Setting next_dagrun for read_dataset_event to 2025-12-12 00:00:00+00:00, run_after=2025-12-13 00:00:00+00:00
[2025-12-13T10:22:37.821+0000] {logging_mixin.py:190} INFO - [2025-12-13T10:22:37.820+0000] {dag.py:4180} INFO - Setting next_dagrun for read_dataset_event_from_classic to 2025-12-12 00:00:00+00:00, run_after=2025-12-13 00:00:00+00:00
[2025-12-13T10:22:37.867+0000] {processor.py:208} INFO - Processing /home/airflow/.local/lib/python3.12/site-packages/airflow/example_dags/example_inlet_event_extra.py took 1.586 seconds
[2025-12-13T10:23:08.786+0000] {processor.py:186} INFO - Started process (PID=927) to work on /home/airflow/.local/lib/python3.12/site-packages/airflow/example_dags/example_inlet_event_extra.py
[2025-12-13T10:23:08.787+0000] {processor.py:914} INFO - Processing file /home/airflow/.local/lib/python3.12/site-packages/airflow/example_dags/example_inlet_event_extra.py for tasks to queue
[2025-12-13T10:23:08.792+0000] {logging_mixin.py:190} INFO - [2025-12-13T10:23:08.791+0000] {dagbag.py:588} INFO - Filling up the DagBag from /home/airflow/.local/lib/python3.12/site-packages/airflow/example_dags/example_inlet_event_extra.py
[2025-12-13T10:23:09.894+0000] {processor.py:925} INFO - DAG(s) 'read_dataset_event_from_classic', 'read_dataset_event' retrieved from /home/airflow/.local/lib/python3.12/site-packages/airflow/example_dags/example_inlet_event_extra.py
[2025-12-13T10:23:09.933+0000] {logging_mixin.py:190} INFO - [2025-12-13T10:23:09.932+0000] {dag.py:3239} INFO - Sync 2 DAGs
[2025-12-13T10:23:09.976+0000] {logging_mixin.py:190} INFO - [2025-12-13T10:23:09.976+0000] {dag.py:4180} INFO - Setting next_dagrun for read_dataset_event to 2025-12-12 00:00:00+00:00, run_after=2025-12-13 00:00:00+00:00
[2025-12-13T10:23:09.984+0000] {logging_mixin.py:190} INFO - [2025-12-13T10:23:09.983+0000] {dag.py:4180} INFO - Setting next_dagrun for read_dataset_event_from_classic to 2025-12-12 00:00:00+00:00, run_after=2025-12-13 00:00:00+00:00
[2025-12-13T10:23:10.011+0000] {processor.py:208} INFO - Processing /home/airflow/.local/lib/python3.12/site-packages/airflow/example_dags/example_inlet_event_extra.py took 1.238 seconds
[2025-12-13T10:23:40.140+0000] {processor.py:186} INFO - Started process (PID=989) to work on /home/airflow/.local/lib/python3.12/site-packages/airflow/example_dags/example_inlet_event_extra.py
[2025-12-13T10:23:40.142+0000] {processor.py:914} INFO - Processing file /home/airflow/.local/lib/python3.12/site-packages/airflow/example_dags/example_inlet_event_extra.py for tasks to queue
[2025-12-13T10:23:40.146+0000] {logging_mixin.py:190} INFO - [2025-12-13T10:23:40.146+0000] {dagbag.py:588} INFO - Filling up the DagBag from /home/airflow/.local/lib/python3.12/site-packages/airflow/example_dags/example_inlet_event_extra.py
[2025-12-13T10:23:41.193+0000] {processor.py:925} INFO - DAG(s) 'read_dataset_event_from_classic', 'read_dataset_event' retrieved from /home/airflow/.local/lib/python3.12/site-packages/airflow/example_dags/example_inlet_event_extra.py
[2025-12-13T10:23:41.228+0000] {logging_mixin.py:190} INFO - [2025-12-13T10:23:41.227+0000] {dag.py:3239} INFO - Sync 2 DAGs
[2025-12-13T10:23:41.276+0000] {logging_mixin.py:190} INFO - [2025-12-13T10:23:41.275+0000] {dag.py:4180} INFO - Setting next_dagrun for read_dataset_event to 2025-12-12 00:00:00+00:00, run_after=2025-12-13 00:00:00+00:00
[2025-12-13T10:23:41.287+0000] {logging_mixin.py:190} INFO - [2025-12-13T10:23:41.286+0000] {dag.py:4180} INFO - Setting next_dagrun for read_dataset_event_from_classic to 2025-12-12 00:00:00+00:00, run_after=2025-12-13 00:00:00+00:00
[2025-12-13T10:23:41.315+0000] {processor.py:208} INFO - Processing /home/airflow/.local/lib/python3.12/site-packages/airflow/example_dags/example_inlet_event_extra.py took 1.184 seconds
[2025-12-13T10:24:12.203+0000] {processor.py:186} INFO - Started process (PID=1054) to work on /home/airflow/.local/lib/python3.12/site-packages/airflow/example_dags/example_inlet_event_extra.py
[2025-12-13T10:24:12.204+0000] {processor.py:914} INFO - Processing file /home/airflow/.local/lib/python3.12/site-packages/airflow/example_dags/example_inlet_event_extra.py for tasks to queue
[2025-12-13T10:24:12.208+0000] {logging_mixin.py:190} INFO - [2025-12-13T10:24:12.208+0000] {dagbag.py:588} INFO - Filling up the DagBag from /home/airflow/.local/lib/python3.12/site-packages/airflow/example_dags/example_inlet_event_extra.py
[2025-12-13T10:24:13.310+0000] {processor.py:925} INFO - DAG(s) 'read_dataset_event_from_classic', 'read_dataset_event' retrieved from /home/airflow/.local/lib/python3.12/site-packages/airflow/example_dags/example_inlet_event_extra.py
[2025-12-13T10:24:13.358+0000] {logging_mixin.py:190} INFO - [2025-12-13T10:24:13.358+0000] {dag.py:3239} INFO - Sync 2 DAGs
[2025-12-13T10:24:13.413+0000] {logging_mixin.py:190} INFO - [2025-12-13T10:24:13.413+0000] {dag.py:4180} INFO - Setting next_dagrun for read_dataset_event to 2025-12-12 00:00:00+00:00, run_after=2025-12-13 00:00:00+00:00
[2025-12-13T10:24:13.424+0000] {logging_mixin.py:190} INFO - [2025-12-13T10:24:13.424+0000] {dag.py:4180} INFO - Setting next_dagrun for read_dataset_event_from_classic to 2025-12-12 00:00:00+00:00, run_after=2025-12-13 00:00:00+00:00
[2025-12-13T10:24:13.453+0000] {processor.py:208} INFO - Processing /home/airflow/.local/lib/python3.12/site-packages/airflow/example_dags/example_inlet_event_extra.py took 1.262 seconds
[2025-12-13T10:24:43.675+0000] {processor.py:186} INFO - Started process (PID=1117) to work on /home/airflow/.local/lib/python3.12/site-packages/airflow/example_dags/example_inlet_event_extra.py
[2025-12-13T10:24:43.676+0000] {processor.py:914} INFO - Processing file /home/airflow/.local/lib/python3.12/site-packages/airflow/example_dags/example_inlet_event_extra.py for tasks to queue
[2025-12-13T10:24:43.681+0000] {logging_mixin.py:190} INFO - [2025-12-13T10:24:43.680+0000] {dagbag.py:588} INFO - Filling up the DagBag from /home/airflow/.local/lib/python3.12/site-packages/airflow/example_dags/example_inlet_event_extra.py
[2025-12-13T10:24:44.908+0000] {processor.py:925} INFO - DAG(s) 'read_dataset_event', 'read_dataset_event_from_classic' retrieved from /home/airflow/.local/lib/python3.12/site-packages/airflow/example_dags/example_inlet_event_extra.py
[2025-12-13T10:24:44.948+0000] {logging_mixin.py:190} INFO - [2025-12-13T10:24:44.948+0000] {dag.py:3239} INFO - Sync 2 DAGs
[2025-12-13T10:24:45.001+0000] {logging_mixin.py:190} INFO - [2025-12-13T10:24:45.001+0000] {dag.py:4180} INFO - Setting next_dagrun for read_dataset_event to 2025-12-12 00:00:00+00:00, run_after=2025-12-13 00:00:00+00:00
[2025-12-13T10:24:45.010+0000] {logging_mixin.py:190} INFO - [2025-12-13T10:24:45.009+0000] {dag.py:4180} INFO - Setting next_dagrun for read_dataset_event_from_classic to 2025-12-12 00:00:00+00:00, run_after=2025-12-13 00:00:00+00:00
[2025-12-13T10:24:45.035+0000] {processor.py:208} INFO - Processing /home/airflow/.local/lib/python3.12/site-packages/airflow/example_dags/example_inlet_event_extra.py took 1.374 seconds
[2025-12-13T10:25:15.109+0000] {processor.py:186} INFO - Started process (PID=1184) to work on /home/airflow/.local/lib/python3.12/site-packages/airflow/example_dags/example_inlet_event_extra.py
[2025-12-13T10:25:15.110+0000] {processor.py:914} INFO - Processing file /home/airflow/.local/lib/python3.12/site-packages/airflow/example_dags/example_inlet_event_extra.py for tasks to queue
[2025-12-13T10:25:15.119+0000] {logging_mixin.py:190} INFO - [2025-12-13T10:25:15.116+0000] {dagbag.py:588} INFO - Filling up the DagBag from /home/airflow/.local/lib/python3.12/site-packages/airflow/example_dags/example_inlet_event_extra.py
[2025-12-13T10:25:16.143+0000] {processor.py:925} INFO - DAG(s) 'read_dataset_event_from_classic', 'read_dataset_event' retrieved from /home/airflow/.local/lib/python3.12/site-packages/airflow/example_dags/example_inlet_event_extra.py
[2025-12-13T10:25:16.180+0000] {logging_mixin.py:190} INFO - [2025-12-13T10:25:16.180+0000] {dag.py:3239} INFO - Sync 2 DAGs
[2025-12-13T10:25:16.217+0000] {logging_mixin.py:190} INFO - [2025-12-13T10:25:16.217+0000] {dag.py:4180} INFO - Setting next_dagrun for read_dataset_event to 2025-12-12 00:00:00+00:00, run_after=2025-12-13 00:00:00+00:00
[2025-12-13T10:25:16.227+0000] {logging_mixin.py:190} INFO - [2025-12-13T10:25:16.226+0000] {dag.py:4180} INFO - Setting next_dagrun for read_dataset_event_from_classic to 2025-12-12 00:00:00+00:00, run_after=2025-12-13 00:00:00+00:00
[2025-12-13T10:25:16.259+0000] {processor.py:208} INFO - Processing /home/airflow/.local/lib/python3.12/site-packages/airflow/example_dags/example_inlet_event_extra.py took 1.166 seconds
[2025-12-13T10:25:47.189+0000] {processor.py:186} INFO - Started process (PID=1250) to work on /home/airflow/.local/lib/python3.12/site-packages/airflow/example_dags/example_inlet_event_extra.py
[2025-12-13T10:25:47.191+0000] {processor.py:914} INFO - Processing file /home/airflow/.local/lib/python3.12/site-packages/airflow/example_dags/example_inlet_event_extra.py for tasks to queue
[2025-12-13T10:25:47.196+0000] {logging_mixin.py:190} INFO - [2025-12-13T10:25:47.195+0000] {dagbag.py:588} INFO - Filling up the DagBag from /home/airflow/.local/lib/python3.12/site-packages/airflow/example_dags/example_inlet_event_extra.py
[2025-12-13T10:25:48.623+0000] {processor.py:925} INFO - DAG(s) 'read_dataset_event_from_classic', 'read_dataset_event' retrieved from /home/airflow/.local/lib/python3.12/site-packages/airflow/example_dags/example_inlet_event_extra.py
[2025-12-13T10:25:48.664+0000] {logging_mixin.py:190} INFO - [2025-12-13T10:25:48.664+0000] {dag.py:3239} INFO - Sync 2 DAGs
[2025-12-13T10:25:48.732+0000] {logging_mixin.py:190} INFO - [2025-12-13T10:25:48.731+0000] {dag.py:4180} INFO - Setting next_dagrun for read_dataset_event to 2025-12-12 00:00:00+00:00, run_after=2025-12-13 00:00:00+00:00
[2025-12-13T10:25:48.745+0000] {logging_mixin.py:190} INFO - [2025-12-13T10:25:48.745+0000] {dag.py:4180} INFO - Setting next_dagrun for read_dataset_event_from_classic to 2025-12-12 00:00:00+00:00, run_after=2025-12-13 00:00:00+00:00
[2025-12-13T10:25:48.775+0000] {processor.py:208} INFO - Processing /home/airflow/.local/lib/python3.12/site-packages/airflow/example_dags/example_inlet_event_extra.py took 1.601 seconds
[2025-12-13T10:26:18.956+0000] {processor.py:186} INFO - Started process (PID=1317) to work on /home/airflow/.local/lib/python3.12/site-packages/airflow/example_dags/example_inlet_event_extra.py
[2025-12-13T10:26:18.957+0000] {processor.py:914} INFO - Processing file /home/airflow/.local/lib/python3.12/site-packages/airflow/example_dags/example_inlet_event_extra.py for tasks to queue
[2025-12-13T10:26:18.961+0000] {logging_mixin.py:190} INFO - [2025-12-13T10:26:18.961+0000] {dagbag.py:588} INFO - Filling up the DagBag from /home/airflow/.local/lib/python3.12/site-packages/airflow/example_dags/example_inlet_event_extra.py
[2025-12-13T10:26:20.550+0000] {processor.py:925} INFO - DAG(s) 'read_dataset_event_from_classic', 'read_dataset_event' retrieved from /home/airflow/.local/lib/python3.12/site-packages/airflow/example_dags/example_inlet_event_extra.py
[2025-12-13T10:26:20.623+0000] {logging_mixin.py:190} INFO - [2025-12-13T10:26:20.623+0000] {dag.py:3239} INFO - Sync 2 DAGs
[2025-12-13T10:26:20.697+0000] {logging_mixin.py:190} INFO - [2025-12-13T10:26:20.697+0000] {dag.py:4180} INFO - Setting next_dagrun for read_dataset_event to 2025-12-12 00:00:00+00:00, run_after=2025-12-13 00:00:00+00:00
[2025-12-13T10:26:20.710+0000] {logging_mixin.py:190} INFO - [2025-12-13T10:26:20.709+0000] {dag.py:4180} INFO - Setting next_dagrun for read_dataset_event_from_classic to 2025-12-12 00:00:00+00:00, run_after=2025-12-13 00:00:00+00:00
[2025-12-13T10:26:20.761+0000] {processor.py:208} INFO - Processing /home/airflow/.local/lib/python3.12/site-packages/airflow/example_dags/example_inlet_event_extra.py took 1.817 seconds
[2025-12-13T10:26:51.074+0000] {processor.py:186} INFO - Started process (PID=1382) to work on /home/airflow/.local/lib/python3.12/site-packages/airflow/example_dags/example_inlet_event_extra.py
[2025-12-13T10:26:51.075+0000] {processor.py:914} INFO - Processing file /home/airflow/.local/lib/python3.12/site-packages/airflow/example_dags/example_inlet_event_extra.py for tasks to queue
[2025-12-13T10:26:51.078+0000] {logging_mixin.py:190} INFO - [2025-12-13T10:26:51.077+0000] {dagbag.py:588} INFO - Filling up the DagBag from /home/airflow/.local/lib/python3.12/site-packages/airflow/example_dags/example_inlet_event_extra.py
[2025-12-13T10:26:52.327+0000] {processor.py:925} INFO - DAG(s) 'read_dataset_event_from_classic', 'read_dataset_event' retrieved from /home/airflow/.local/lib/python3.12/site-packages/airflow/example_dags/example_inlet_event_extra.py
[2025-12-13T10:26:52.369+0000] {logging_mixin.py:190} INFO - [2025-12-13T10:26:52.369+0000] {dag.py:3239} INFO - Sync 2 DAGs
[2025-12-13T10:26:52.436+0000] {logging_mixin.py:190} INFO - [2025-12-13T10:26:52.435+0000] {dag.py:4180} INFO - Setting next_dagrun for read_dataset_event to 2025-12-12 00:00:00+00:00, run_after=2025-12-13 00:00:00+00:00
[2025-12-13T10:26:52.456+0000] {logging_mixin.py:190} INFO - [2025-12-13T10:26:52.455+0000] {dag.py:4180} INFO - Setting next_dagrun for read_dataset_event_from_classic to 2025-12-12 00:00:00+00:00, run_after=2025-12-13 00:00:00+00:00
[2025-12-13T10:26:52.490+0000] {processor.py:208} INFO - Processing /home/airflow/.local/lib/python3.12/site-packages/airflow/example_dags/example_inlet_event_extra.py took 1.427 seconds
[2025-12-13T10:27:22.601+0000] {processor.py:186} INFO - Started process (PID=1447) to work on /home/airflow/.local/lib/python3.12/site-packages/airflow/example_dags/example_inlet_event_extra.py
[2025-12-13T10:27:22.602+0000] {processor.py:914} INFO - Processing file /home/airflow/.local/lib/python3.12/site-packages/airflow/example_dags/example_inlet_event_extra.py for tasks to queue
[2025-12-13T10:27:22.607+0000] {logging_mixin.py:190} INFO - [2025-12-13T10:27:22.606+0000] {dagbag.py:588} INFO - Filling up the DagBag from /home/airflow/.local/lib/python3.12/site-packages/airflow/example_dags/example_inlet_event_extra.py
[2025-12-13T10:27:24.047+0000] {processor.py:925} INFO - DAG(s) 'read_dataset_event', 'read_dataset_event_from_classic' retrieved from /home/airflow/.local/lib/python3.12/site-packages/airflow/example_dags/example_inlet_event_extra.py
[2025-12-13T10:27:24.083+0000] {logging_mixin.py:190} INFO - [2025-12-13T10:27:24.083+0000] {dag.py:3239} INFO - Sync 2 DAGs
[2025-12-13T10:27:24.128+0000] {logging_mixin.py:190} INFO - [2025-12-13T10:27:24.128+0000] {dag.py:4180} INFO - Setting next_dagrun for read_dataset_event to 2025-12-12 00:00:00+00:00, run_after=2025-12-13 00:00:00+00:00
[2025-12-13T10:27:24.138+0000] {logging_mixin.py:190} INFO - [2025-12-13T10:27:24.138+0000] {dag.py:4180} INFO - Setting next_dagrun for read_dataset_event_from_classic to 2025-12-12 00:00:00+00:00, run_after=2025-12-13 00:00:00+00:00
[2025-12-13T10:27:24.166+0000] {processor.py:208} INFO - Processing /home/airflow/.local/lib/python3.12/site-packages/airflow/example_dags/example_inlet_event_extra.py took 1.576 seconds
[2025-12-13T10:27:54.454+0000] {processor.py:186} INFO - Started process (PID=1511) to work on /home/airflow/.local/lib/python3.12/site-packages/airflow/example_dags/example_inlet_event_extra.py
[2025-12-13T10:27:54.455+0000] {processor.py:914} INFO - Processing file /home/airflow/.local/lib/python3.12/site-packages/airflow/example_dags/example_inlet_event_extra.py for tasks to queue
[2025-12-13T10:27:54.461+0000] {logging_mixin.py:190} INFO - [2025-12-13T10:27:54.460+0000] {dagbag.py:588} INFO - Filling up the DagBag from /home/airflow/.local/lib/python3.12/site-packages/airflow/example_dags/example_inlet_event_extra.py
[2025-12-13T10:27:55.772+0000] {processor.py:925} INFO - DAG(s) 'read_dataset_event_from_classic', 'read_dataset_event' retrieved from /home/airflow/.local/lib/python3.12/site-packages/airflow/example_dags/example_inlet_event_extra.py
[2025-12-13T10:27:55.827+0000] {logging_mixin.py:190} INFO - [2025-12-13T10:27:55.826+0000] {dag.py:3239} INFO - Sync 2 DAGs
[2025-12-13T10:27:55.901+0000] {logging_mixin.py:190} INFO - [2025-12-13T10:27:55.901+0000] {dag.py:4180} INFO - Setting next_dagrun for read_dataset_event to 2025-12-12 00:00:00+00:00, run_after=2025-12-13 00:00:00+00:00
[2025-12-13T10:27:55.914+0000] {logging_mixin.py:190} INFO - [2025-12-13T10:27:55.914+0000] {dag.py:4180} INFO - Setting next_dagrun for read_dataset_event_from_classic to 2025-12-12 00:00:00+00:00, run_after=2025-12-13 00:00:00+00:00
[2025-12-13T10:27:55.954+0000] {processor.py:208} INFO - Processing /home/airflow/.local/lib/python3.12/site-packages/airflow/example_dags/example_inlet_event_extra.py took 1.512 seconds
[2025-12-13T10:28:29.009+0000] {processor.py:186} INFO - Started process (PID=1587) to work on /home/airflow/.local/lib/python3.12/site-packages/airflow/example_dags/example_inlet_event_extra.py
[2025-12-13T10:28:29.014+0000] {processor.py:914} INFO - Processing file /home/airflow/.local/lib/python3.12/site-packages/airflow/example_dags/example_inlet_event_extra.py for tasks to queue
[2025-12-13T10:28:29.018+0000] {logging_mixin.py:190} INFO - [2025-12-13T10:28:29.017+0000] {dagbag.py:588} INFO - Filling up the DagBag from /home/airflow/.local/lib/python3.12/site-packages/airflow/example_dags/example_inlet_event_extra.py
[2025-12-13T10:28:33.890+0000] {processor.py:925} INFO - DAG(s) 'read_dataset_event_from_classic', 'read_dataset_event' retrieved from /home/airflow/.local/lib/python3.12/site-packages/airflow/example_dags/example_inlet_event_extra.py
[2025-12-13T10:28:33.938+0000] {logging_mixin.py:190} INFO - [2025-12-13T10:28:33.938+0000] {dag.py:3239} INFO - Sync 2 DAGs
[2025-12-13T10:28:33.999+0000] {logging_mixin.py:190} INFO - [2025-12-13T10:28:33.998+0000] {dag.py:4180} INFO - Setting next_dagrun for read_dataset_event to 2025-12-12 00:00:00+00:00, run_after=2025-12-13 00:00:00+00:00
[2025-12-13T10:28:34.013+0000] {logging_mixin.py:190} INFO - [2025-12-13T10:28:34.012+0000] {dag.py:4180} INFO - Setting next_dagrun for read_dataset_event_from_classic to 2025-12-12 00:00:00+00:00, run_after=2025-12-13 00:00:00+00:00
[2025-12-13T10:28:34.047+0000] {processor.py:208} INFO - Processing /home/airflow/.local/lib/python3.12/site-packages/airflow/example_dags/example_inlet_event_extra.py took 5.052 seconds
[2025-12-13T10:29:04.627+0000] {processor.py:186} INFO - Started process (PID=1653) to work on /home/airflow/.local/lib/python3.12/site-packages/airflow/example_dags/example_inlet_event_extra.py
[2025-12-13T10:29:04.629+0000] {processor.py:914} INFO - Processing file /home/airflow/.local/lib/python3.12/site-packages/airflow/example_dags/example_inlet_event_extra.py for tasks to queue
[2025-12-13T10:29:04.634+0000] {logging_mixin.py:190} INFO - [2025-12-13T10:29:04.634+0000] {dagbag.py:588} INFO - Filling up the DagBag from /home/airflow/.local/lib/python3.12/site-packages/airflow/example_dags/example_inlet_event_extra.py
[2025-12-13T10:29:06.063+0000] {processor.py:925} INFO - DAG(s) 'read_dataset_event_from_classic', 'read_dataset_event' retrieved from /home/airflow/.local/lib/python3.12/site-packages/airflow/example_dags/example_inlet_event_extra.py
[2025-12-13T10:29:06.098+0000] {logging_mixin.py:190} INFO - [2025-12-13T10:29:06.098+0000] {dag.py:3239} INFO - Sync 2 DAGs
[2025-12-13T10:29:06.153+0000] {logging_mixin.py:190} INFO - [2025-12-13T10:29:06.152+0000] {dag.py:4180} INFO - Setting next_dagrun for read_dataset_event to 2025-12-12 00:00:00+00:00, run_after=2025-12-13 00:00:00+00:00
[2025-12-13T10:29:06.164+0000] {logging_mixin.py:190} INFO - [2025-12-13T10:29:06.163+0000] {dag.py:4180} INFO - Setting next_dagrun for read_dataset_event_from_classic to 2025-12-12 00:00:00+00:00, run_after=2025-12-13 00:00:00+00:00
[2025-12-13T10:29:06.195+0000] {processor.py:208} INFO - Processing /home/airflow/.local/lib/python3.12/site-packages/airflow/example_dags/example_inlet_event_extra.py took 1.582 seconds
[2025-12-13T10:29:36.363+0000] {processor.py:186} INFO - Started process (PID=1717) to work on /home/airflow/.local/lib/python3.12/site-packages/airflow/example_dags/example_inlet_event_extra.py
[2025-12-13T10:29:36.364+0000] {processor.py:914} INFO - Processing file /home/airflow/.local/lib/python3.12/site-packages/airflow/example_dags/example_inlet_event_extra.py for tasks to queue
[2025-12-13T10:29:36.369+0000] {logging_mixin.py:190} INFO - [2025-12-13T10:29:36.368+0000] {dagbag.py:588} INFO - Filling up the DagBag from /home/airflow/.local/lib/python3.12/site-packages/airflow/example_dags/example_inlet_event_extra.py
[2025-12-13T10:29:37.781+0000] {processor.py:925} INFO - DAG(s) 'read_dataset_event', 'read_dataset_event_from_classic' retrieved from /home/airflow/.local/lib/python3.12/site-packages/airflow/example_dags/example_inlet_event_extra.py
[2025-12-13T10:29:37.821+0000] {logging_mixin.py:190} INFO - [2025-12-13T10:29:37.821+0000] {dag.py:3239} INFO - Sync 2 DAGs
[2025-12-13T10:29:37.880+0000] {logging_mixin.py:190} INFO - [2025-12-13T10:29:37.880+0000] {dag.py:4180} INFO - Setting next_dagrun for read_dataset_event to 2025-12-12 00:00:00+00:00, run_after=2025-12-13 00:00:00+00:00
[2025-12-13T10:29:37.892+0000] {logging_mixin.py:190} INFO - [2025-12-13T10:29:37.892+0000] {dag.py:4180} INFO - Setting next_dagrun for read_dataset_event_from_classic to 2025-12-12 00:00:00+00:00, run_after=2025-12-13 00:00:00+00:00
[2025-12-13T10:29:37.957+0000] {processor.py:208} INFO - Processing /home/airflow/.local/lib/python3.12/site-packages/airflow/example_dags/example_inlet_event_extra.py took 1.606 seconds
[2025-12-13T10:30:08.129+0000] {processor.py:186} INFO - Started process (PID=1780) to work on /home/airflow/.local/lib/python3.12/site-packages/airflow/example_dags/example_inlet_event_extra.py
[2025-12-13T10:30:08.130+0000] {processor.py:914} INFO - Processing file /home/airflow/.local/lib/python3.12/site-packages/airflow/example_dags/example_inlet_event_extra.py for tasks to queue
[2025-12-13T10:30:08.135+0000] {logging_mixin.py:190} INFO - [2025-12-13T10:30:08.134+0000] {dagbag.py:588} INFO - Filling up the DagBag from /home/airflow/.local/lib/python3.12/site-packages/airflow/example_dags/example_inlet_event_extra.py
[2025-12-13T10:30:09.228+0000] {processor.py:925} INFO - DAG(s) 'read_dataset_event', 'read_dataset_event_from_classic' retrieved from /home/airflow/.local/lib/python3.12/site-packages/airflow/example_dags/example_inlet_event_extra.py
[2025-12-13T10:30:09.268+0000] {logging_mixin.py:190} INFO - [2025-12-13T10:30:09.267+0000] {dag.py:3239} INFO - Sync 2 DAGs
[2025-12-13T10:30:09.329+0000] {logging_mixin.py:190} INFO - [2025-12-13T10:30:09.329+0000] {dag.py:4180} INFO - Setting next_dagrun for read_dataset_event to 2025-12-12 00:00:00+00:00, run_after=2025-12-13 00:00:00+00:00
[2025-12-13T10:30:09.341+0000] {logging_mixin.py:190} INFO - [2025-12-13T10:30:09.340+0000] {dag.py:4180} INFO - Setting next_dagrun for read_dataset_event_from_classic to 2025-12-12 00:00:00+00:00, run_after=2025-12-13 00:00:00+00:00
[2025-12-13T10:30:09.377+0000] {processor.py:208} INFO - Processing /home/airflow/.local/lib/python3.12/site-packages/airflow/example_dags/example_inlet_event_extra.py took 1.261 seconds
[2025-12-13T10:30:39.622+0000] {processor.py:186} INFO - Started process (PID=1845) to work on /home/airflow/.local/lib/python3.12/site-packages/airflow/example_dags/example_inlet_event_extra.py
[2025-12-13T10:30:39.626+0000] {processor.py:914} INFO - Processing file /home/airflow/.local/lib/python3.12/site-packages/airflow/example_dags/example_inlet_event_extra.py for tasks to queue
[2025-12-13T10:30:39.631+0000] {logging_mixin.py:190} INFO - [2025-12-13T10:30:39.630+0000] {dagbag.py:588} INFO - Filling up the DagBag from /home/airflow/.local/lib/python3.12/site-packages/airflow/example_dags/example_inlet_event_extra.py
[2025-12-13T10:30:40.817+0000] {processor.py:925} INFO - DAG(s) 'read_dataset_event', 'read_dataset_event_from_classic' retrieved from /home/airflow/.local/lib/python3.12/site-packages/airflow/example_dags/example_inlet_event_extra.py
[2025-12-13T10:30:40.862+0000] {logging_mixin.py:190} INFO - [2025-12-13T10:30:40.861+0000] {dag.py:3239} INFO - Sync 2 DAGs
[2025-12-13T10:30:40.921+0000] {logging_mixin.py:190} INFO - [2025-12-13T10:30:40.920+0000] {dag.py:4180} INFO - Setting next_dagrun for read_dataset_event to 2025-12-12 00:00:00+00:00, run_after=2025-12-13 00:00:00+00:00
[2025-12-13T10:30:40.932+0000] {logging_mixin.py:190} INFO - [2025-12-13T10:30:40.932+0000] {dag.py:4180} INFO - Setting next_dagrun for read_dataset_event_from_classic to 2025-12-12 00:00:00+00:00, run_after=2025-12-13 00:00:00+00:00
[2025-12-13T10:30:40.962+0000] {processor.py:208} INFO - Processing /home/airflow/.local/lib/python3.12/site-packages/airflow/example_dags/example_inlet_event_extra.py took 1.352 seconds
[2025-12-13T10:31:11.626+0000] {processor.py:186} INFO - Started process (PID=1908) to work on /home/airflow/.local/lib/python3.12/site-packages/airflow/example_dags/example_inlet_event_extra.py
[2025-12-13T10:31:11.627+0000] {processor.py:914} INFO - Processing file /home/airflow/.local/lib/python3.12/site-packages/airflow/example_dags/example_inlet_event_extra.py for tasks to queue
[2025-12-13T10:31:11.630+0000] {logging_mixin.py:190} INFO - [2025-12-13T10:31:11.630+0000] {dagbag.py:588} INFO - Filling up the DagBag from /home/airflow/.local/lib/python3.12/site-packages/airflow/example_dags/example_inlet_event_extra.py
[2025-12-13T10:31:12.807+0000] {processor.py:925} INFO - DAG(s) 'read_dataset_event', 'read_dataset_event_from_classic' retrieved from /home/airflow/.local/lib/python3.12/site-packages/airflow/example_dags/example_inlet_event_extra.py
[2025-12-13T10:31:12.852+0000] {logging_mixin.py:190} INFO - [2025-12-13T10:31:12.851+0000] {dag.py:3239} INFO - Sync 2 DAGs
[2025-12-13T10:31:12.903+0000] {logging_mixin.py:190} INFO - [2025-12-13T10:31:12.903+0000] {dag.py:4180} INFO - Setting next_dagrun for read_dataset_event to 2025-12-12 00:00:00+00:00, run_after=2025-12-13 00:00:00+00:00
[2025-12-13T10:31:12.912+0000] {logging_mixin.py:190} INFO - [2025-12-13T10:31:12.912+0000] {dag.py:4180} INFO - Setting next_dagrun for read_dataset_event_from_classic to 2025-12-12 00:00:00+00:00, run_after=2025-12-13 00:00:00+00:00
[2025-12-13T10:31:12.941+0000] {processor.py:208} INFO - Processing /home/airflow/.local/lib/python3.12/site-packages/airflow/example_dags/example_inlet_event_extra.py took 1.327 seconds
[2025-12-13T10:31:43.741+0000] {processor.py:186} INFO - Started process (PID=1974) to work on /home/airflow/.local/lib/python3.12/site-packages/airflow/example_dags/example_inlet_event_extra.py
[2025-12-13T10:31:43.743+0000] {processor.py:914} INFO - Processing file /home/airflow/.local/lib/python3.12/site-packages/airflow/example_dags/example_inlet_event_extra.py for tasks to queue
[2025-12-13T10:31:43.749+0000] {logging_mixin.py:190} INFO - [2025-12-13T10:31:43.749+0000] {dagbag.py:588} INFO - Filling up the DagBag from /home/airflow/.local/lib/python3.12/site-packages/airflow/example_dags/example_inlet_event_extra.py
[2025-12-13T10:31:44.940+0000] {processor.py:925} INFO - DAG(s) 'read_dataset_event_from_classic', 'read_dataset_event' retrieved from /home/airflow/.local/lib/python3.12/site-packages/airflow/example_dags/example_inlet_event_extra.py
[2025-12-13T10:31:44.977+0000] {logging_mixin.py:190} INFO - [2025-12-13T10:31:44.977+0000] {dag.py:3239} INFO - Sync 2 DAGs
[2025-12-13T10:31:45.031+0000] {logging_mixin.py:190} INFO - [2025-12-13T10:31:45.031+0000] {dag.py:4180} INFO - Setting next_dagrun for read_dataset_event to 2025-12-12 00:00:00+00:00, run_after=2025-12-13 00:00:00+00:00
[2025-12-13T10:31:45.039+0000] {logging_mixin.py:190} INFO - [2025-12-13T10:31:45.039+0000] {dag.py:4180} INFO - Setting next_dagrun for read_dataset_event_from_classic to 2025-12-12 00:00:00+00:00, run_after=2025-12-13 00:00:00+00:00
[2025-12-13T10:31:45.061+0000] {processor.py:208} INFO - Processing /home/airflow/.local/lib/python3.12/site-packages/airflow/example_dags/example_inlet_event_extra.py took 1.334 seconds
[2025-12-13T10:32:15.388+0000] {processor.py:186} INFO - Started process (PID=2042) to work on /home/airflow/.local/lib/python3.12/site-packages/airflow/example_dags/example_inlet_event_extra.py
[2025-12-13T10:32:15.393+0000] {processor.py:914} INFO - Processing file /home/airflow/.local/lib/python3.12/site-packages/airflow/example_dags/example_inlet_event_extra.py for tasks to queue
[2025-12-13T10:32:15.403+0000] {logging_mixin.py:190} INFO - [2025-12-13T10:32:15.400+0000] {dagbag.py:588} INFO - Filling up the DagBag from /home/airflow/.local/lib/python3.12/site-packages/airflow/example_dags/example_inlet_event_extra.py
[2025-12-13T10:32:17.212+0000] {processor.py:925} INFO - DAG(s) 'read_dataset_event_from_classic', 'read_dataset_event' retrieved from /home/airflow/.local/lib/python3.12/site-packages/airflow/example_dags/example_inlet_event_extra.py
[2025-12-13T10:32:17.263+0000] {logging_mixin.py:190} INFO - [2025-12-13T10:32:17.262+0000] {dag.py:3239} INFO - Sync 2 DAGs
[2025-12-13T10:32:17.332+0000] {logging_mixin.py:190} INFO - [2025-12-13T10:32:17.331+0000] {dag.py:4180} INFO - Setting next_dagrun for read_dataset_event to 2025-12-12 00:00:00+00:00, run_after=2025-12-13 00:00:00+00:00
[2025-12-13T10:32:17.344+0000] {logging_mixin.py:190} INFO - [2025-12-13T10:32:17.343+0000] {dag.py:4180} INFO - Setting next_dagrun for read_dataset_event_from_classic to 2025-12-12 00:00:00+00:00, run_after=2025-12-13 00:00:00+00:00
[2025-12-13T10:32:17.370+0000] {processor.py:208} INFO - Processing /home/airflow/.local/lib/python3.12/site-packages/airflow/example_dags/example_inlet_event_extra.py took 2.004 seconds
[2025-12-13T10:32:47.599+0000] {processor.py:186} INFO - Started process (PID=2115) to work on /home/airflow/.local/lib/python3.12/site-packages/airflow/example_dags/example_inlet_event_extra.py
[2025-12-13T10:32:47.604+0000] {processor.py:914} INFO - Processing file /home/airflow/.local/lib/python3.12/site-packages/airflow/example_dags/example_inlet_event_extra.py for tasks to queue
[2025-12-13T10:32:47.620+0000] {logging_mixin.py:190} INFO - [2025-12-13T10:32:47.613+0000] {dagbag.py:588} INFO - Filling up the DagBag from /home/airflow/.local/lib/python3.12/site-packages/airflow/example_dags/example_inlet_event_extra.py
[2025-12-13T10:32:50.139+0000] {processor.py:925} INFO - DAG(s) 'read_dataset_event', 'read_dataset_event_from_classic' retrieved from /home/airflow/.local/lib/python3.12/site-packages/airflow/example_dags/example_inlet_event_extra.py
[2025-12-13T10:32:50.242+0000] {logging_mixin.py:190} INFO - [2025-12-13T10:32:50.239+0000] {dag.py:3239} INFO - Sync 2 DAGs
[2025-12-13T10:32:50.425+0000] {logging_mixin.py:190} INFO - [2025-12-13T10:32:50.424+0000] {dag.py:4180} INFO - Setting next_dagrun for read_dataset_event to 2025-12-12 00:00:00+00:00, run_after=2025-12-13 00:00:00+00:00
[2025-12-13T10:32:50.465+0000] {logging_mixin.py:190} INFO - [2025-12-13T10:32:50.465+0000] {dag.py:4180} INFO - Setting next_dagrun for read_dataset_event_from_classic to 2025-12-12 00:00:00+00:00, run_after=2025-12-13 00:00:00+00:00
[2025-12-13T10:32:50.529+0000] {processor.py:208} INFO - Processing /home/airflow/.local/lib/python3.12/site-packages/airflow/example_dags/example_inlet_event_extra.py took 2.963 seconds
[2025-12-13T10:33:20.668+0000] {processor.py:186} INFO - Started process (PID=2181) to work on /home/airflow/.local/lib/python3.12/site-packages/airflow/example_dags/example_inlet_event_extra.py
[2025-12-13T10:33:20.670+0000] {processor.py:914} INFO - Processing file /home/airflow/.local/lib/python3.12/site-packages/airflow/example_dags/example_inlet_event_extra.py for tasks to queue
[2025-12-13T10:33:20.689+0000] {logging_mixin.py:190} INFO - [2025-12-13T10:33:20.684+0000] {dagbag.py:588} INFO - Filling up the DagBag from /home/airflow/.local/lib/python3.12/site-packages/airflow/example_dags/example_inlet_event_extra.py
[2025-12-13T10:33:22.427+0000] {processor.py:925} INFO - DAG(s) 'read_dataset_event_from_classic', 'read_dataset_event' retrieved from /home/airflow/.local/lib/python3.12/site-packages/airflow/example_dags/example_inlet_event_extra.py
[2025-12-13T10:33:22.487+0000] {logging_mixin.py:190} INFO - [2025-12-13T10:33:22.486+0000] {dag.py:3239} INFO - Sync 2 DAGs
[2025-12-13T10:33:22.554+0000] {logging_mixin.py:190} INFO - [2025-12-13T10:33:22.554+0000] {dag.py:4180} INFO - Setting next_dagrun for read_dataset_event to 2025-12-12 00:00:00+00:00, run_after=2025-12-13 00:00:00+00:00
[2025-12-13T10:33:22.576+0000] {logging_mixin.py:190} INFO - [2025-12-13T10:33:22.574+0000] {dag.py:4180} INFO - Setting next_dagrun for read_dataset_event_from_classic to 2025-12-12 00:00:00+00:00, run_after=2025-12-13 00:00:00+00:00
[2025-12-13T10:33:22.618+0000] {processor.py:208} INFO - Processing /home/airflow/.local/lib/python3.12/site-packages/airflow/example_dags/example_inlet_event_extra.py took 1.967 seconds
[2025-12-13T10:33:53.146+0000] {processor.py:186} INFO - Started process (PID=2250) to work on /home/airflow/.local/lib/python3.12/site-packages/airflow/example_dags/example_inlet_event_extra.py
[2025-12-13T10:33:53.149+0000] {processor.py:914} INFO - Processing file /home/airflow/.local/lib/python3.12/site-packages/airflow/example_dags/example_inlet_event_extra.py for tasks to queue
[2025-12-13T10:33:53.154+0000] {logging_mixin.py:190} INFO - [2025-12-13T10:33:53.153+0000] {dagbag.py:588} INFO - Filling up the DagBag from /home/airflow/.local/lib/python3.12/site-packages/airflow/example_dags/example_inlet_event_extra.py
[2025-12-13T10:33:54.150+0000] {processor.py:925} INFO - DAG(s) 'read_dataset_event', 'read_dataset_event_from_classic' retrieved from /home/airflow/.local/lib/python3.12/site-packages/airflow/example_dags/example_inlet_event_extra.py
[2025-12-13T10:33:54.183+0000] {logging_mixin.py:190} INFO - [2025-12-13T10:33:54.183+0000] {dag.py:3239} INFO - Sync 2 DAGs
[2025-12-13T10:33:54.238+0000] {logging_mixin.py:190} INFO - [2025-12-13T10:33:54.237+0000] {dag.py:4180} INFO - Setting next_dagrun for read_dataset_event to 2025-12-12 00:00:00+00:00, run_after=2025-12-13 00:00:00+00:00
[2025-12-13T10:33:54.251+0000] {logging_mixin.py:190} INFO - [2025-12-13T10:33:54.251+0000] {dag.py:4180} INFO - Setting next_dagrun for read_dataset_event_from_classic to 2025-12-12 00:00:00+00:00, run_after=2025-12-13 00:00:00+00:00
[2025-12-13T10:33:54.281+0000] {processor.py:208} INFO - Processing /home/airflow/.local/lib/python3.12/site-packages/airflow/example_dags/example_inlet_event_extra.py took 1.145 seconds
[2025-12-13T10:34:24.575+0000] {processor.py:186} INFO - Started process (PID=2315) to work on /home/airflow/.local/lib/python3.12/site-packages/airflow/example_dags/example_inlet_event_extra.py
[2025-12-13T10:34:24.577+0000] {processor.py:914} INFO - Processing file /home/airflow/.local/lib/python3.12/site-packages/airflow/example_dags/example_inlet_event_extra.py for tasks to queue
[2025-12-13T10:34:24.581+0000] {logging_mixin.py:190} INFO - [2025-12-13T10:34:24.581+0000] {dagbag.py:588} INFO - Filling up the DagBag from /home/airflow/.local/lib/python3.12/site-packages/airflow/example_dags/example_inlet_event_extra.py
[2025-12-13T10:34:25.919+0000] {processor.py:925} INFO - DAG(s) 'read_dataset_event', 'read_dataset_event_from_classic' retrieved from /home/airflow/.local/lib/python3.12/site-packages/airflow/example_dags/example_inlet_event_extra.py
[2025-12-13T10:34:25.956+0000] {logging_mixin.py:190} INFO - [2025-12-13T10:34:25.955+0000] {dag.py:3239} INFO - Sync 2 DAGs
[2025-12-13T10:34:26.008+0000] {logging_mixin.py:190} INFO - [2025-12-13T10:34:26.008+0000] {dag.py:4180} INFO - Setting next_dagrun for read_dataset_event to 2025-12-12 00:00:00+00:00, run_after=2025-12-13 00:00:00+00:00
[2025-12-13T10:34:26.018+0000] {logging_mixin.py:190} INFO - [2025-12-13T10:34:26.018+0000] {dag.py:4180} INFO - Setting next_dagrun for read_dataset_event_from_classic to 2025-12-12 00:00:00+00:00, run_after=2025-12-13 00:00:00+00:00
[2025-12-13T10:34:26.047+0000] {processor.py:208} INFO - Processing /home/airflow/.local/lib/python3.12/site-packages/airflow/example_dags/example_inlet_event_extra.py took 1.483 seconds
[2025-12-13T10:34:56.908+0000] {processor.py:186} INFO - Started process (PID=2378) to work on /home/airflow/.local/lib/python3.12/site-packages/airflow/example_dags/example_inlet_event_extra.py
[2025-12-13T10:34:56.909+0000] {processor.py:914} INFO - Processing file /home/airflow/.local/lib/python3.12/site-packages/airflow/example_dags/example_inlet_event_extra.py for tasks to queue
[2025-12-13T10:34:56.913+0000] {logging_mixin.py:190} INFO - [2025-12-13T10:34:56.913+0000] {dagbag.py:588} INFO - Filling up the DagBag from /home/airflow/.local/lib/python3.12/site-packages/airflow/example_dags/example_inlet_event_extra.py
[2025-12-13T10:34:57.821+0000] {processor.py:925} INFO - DAG(s) 'read_dataset_event_from_classic', 'read_dataset_event' retrieved from /home/airflow/.local/lib/python3.12/site-packages/airflow/example_dags/example_inlet_event_extra.py
[2025-12-13T10:34:57.853+0000] {logging_mixin.py:190} INFO - [2025-12-13T10:34:57.853+0000] {dag.py:3239} INFO - Sync 2 DAGs
[2025-12-13T10:34:57.893+0000] {logging_mixin.py:190} INFO - [2025-12-13T10:34:57.893+0000] {dag.py:4180} INFO - Setting next_dagrun for read_dataset_event to 2025-12-12 00:00:00+00:00, run_after=2025-12-13 00:00:00+00:00
[2025-12-13T10:34:57.902+0000] {logging_mixin.py:190} INFO - [2025-12-13T10:34:57.901+0000] {dag.py:4180} INFO - Setting next_dagrun for read_dataset_event_from_classic to 2025-12-12 00:00:00+00:00, run_after=2025-12-13 00:00:00+00:00
[2025-12-13T10:34:57.932+0000] {processor.py:208} INFO - Processing /home/airflow/.local/lib/python3.12/site-packages/airflow/example_dags/example_inlet_event_extra.py took 1.039 seconds
[2025-12-13T10:35:28.238+0000] {processor.py:186} INFO - Started process (PID=2441) to work on /home/airflow/.local/lib/python3.12/site-packages/airflow/example_dags/example_inlet_event_extra.py
[2025-12-13T10:35:28.241+0000] {processor.py:914} INFO - Processing file /home/airflow/.local/lib/python3.12/site-packages/airflow/example_dags/example_inlet_event_extra.py for tasks to queue
[2025-12-13T10:35:28.245+0000] {logging_mixin.py:190} INFO - [2025-12-13T10:35:28.244+0000] {dagbag.py:588} INFO - Filling up the DagBag from /home/airflow/.local/lib/python3.12/site-packages/airflow/example_dags/example_inlet_event_extra.py
[2025-12-13T10:35:29.370+0000] {processor.py:925} INFO - DAG(s) 'read_dataset_event', 'read_dataset_event_from_classic' retrieved from /home/airflow/.local/lib/python3.12/site-packages/airflow/example_dags/example_inlet_event_extra.py
[2025-12-13T10:35:29.415+0000] {logging_mixin.py:190} INFO - [2025-12-13T10:35:29.413+0000] {dag.py:3239} INFO - Sync 2 DAGs
[2025-12-13T10:35:29.480+0000] {logging_mixin.py:190} INFO - [2025-12-13T10:35:29.479+0000] {dag.py:4180} INFO - Setting next_dagrun for read_dataset_event to 2025-12-12 00:00:00+00:00, run_after=2025-12-13 00:00:00+00:00
[2025-12-13T10:35:29.496+0000] {logging_mixin.py:190} INFO - [2025-12-13T10:35:29.496+0000] {dag.py:4180} INFO - Setting next_dagrun for read_dataset_event_from_classic to 2025-12-12 00:00:00+00:00, run_after=2025-12-13 00:00:00+00:00
[2025-12-13T10:35:29.520+0000] {processor.py:208} INFO - Processing /home/airflow/.local/lib/python3.12/site-packages/airflow/example_dags/example_inlet_event_extra.py took 1.292 seconds
[2025-12-13T10:36:00.297+0000] {processor.py:186} INFO - Started process (PID=2504) to work on /home/airflow/.local/lib/python3.12/site-packages/airflow/example_dags/example_inlet_event_extra.py
[2025-12-13T10:36:00.305+0000] {processor.py:914} INFO - Processing file /home/airflow/.local/lib/python3.12/site-packages/airflow/example_dags/example_inlet_event_extra.py for tasks to queue
[2025-12-13T10:36:00.312+0000] {logging_mixin.py:190} INFO - [2025-12-13T10:36:00.312+0000] {dagbag.py:588} INFO - Filling up the DagBag from /home/airflow/.local/lib/python3.12/site-packages/airflow/example_dags/example_inlet_event_extra.py
[2025-12-13T10:36:03.016+0000] {processor.py:925} INFO - DAG(s) 'read_dataset_event_from_classic', 'read_dataset_event' retrieved from /home/airflow/.local/lib/python3.12/site-packages/airflow/example_dags/example_inlet_event_extra.py
[2025-12-13T10:36:03.074+0000] {logging_mixin.py:190} INFO - [2025-12-13T10:36:03.073+0000] {dag.py:3239} INFO - Sync 2 DAGs
[2025-12-13T10:36:03.151+0000] {logging_mixin.py:190} INFO - [2025-12-13T10:36:03.151+0000] {dag.py:4180} INFO - Setting next_dagrun for read_dataset_event to 2025-12-12 00:00:00+00:00, run_after=2025-12-13 00:00:00+00:00
[2025-12-13T10:36:03.166+0000] {logging_mixin.py:190} INFO - [2025-12-13T10:36:03.166+0000] {dag.py:4180} INFO - Setting next_dagrun for read_dataset_event_from_classic to 2025-12-12 00:00:00+00:00, run_after=2025-12-13 00:00:00+00:00
[2025-12-13T10:36:03.202+0000] {processor.py:208} INFO - Processing /home/airflow/.local/lib/python3.12/site-packages/airflow/example_dags/example_inlet_event_extra.py took 2.931 seconds
[2025-12-13T10:36:33.278+0000] {processor.py:186} INFO - Started process (PID=2568) to work on /home/airflow/.local/lib/python3.12/site-packages/airflow/example_dags/example_inlet_event_extra.py
[2025-12-13T10:36:33.279+0000] {processor.py:914} INFO - Processing file /home/airflow/.local/lib/python3.12/site-packages/airflow/example_dags/example_inlet_event_extra.py for tasks to queue
[2025-12-13T10:36:33.284+0000] {logging_mixin.py:190} INFO - [2025-12-13T10:36:33.284+0000] {dagbag.py:588} INFO - Filling up the DagBag from /home/airflow/.local/lib/python3.12/site-packages/airflow/example_dags/example_inlet_event_extra.py
[2025-12-13T10:36:34.207+0000] {processor.py:925} INFO - DAG(s) 'read_dataset_event', 'read_dataset_event_from_classic' retrieved from /home/airflow/.local/lib/python3.12/site-packages/airflow/example_dags/example_inlet_event_extra.py
[2025-12-13T10:36:34.249+0000] {logging_mixin.py:190} INFO - [2025-12-13T10:36:34.249+0000] {dag.py:3239} INFO - Sync 2 DAGs
[2025-12-13T10:36:34.330+0000] {logging_mixin.py:190} INFO - [2025-12-13T10:36:34.330+0000] {dag.py:4180} INFO - Setting next_dagrun for read_dataset_event to 2025-12-12 00:00:00+00:00, run_after=2025-12-13 00:00:00+00:00
[2025-12-13T10:36:34.348+0000] {logging_mixin.py:190} INFO - [2025-12-13T10:36:34.347+0000] {dag.py:4180} INFO - Setting next_dagrun for read_dataset_event_from_classic to 2025-12-12 00:00:00+00:00, run_after=2025-12-13 00:00:00+00:00
[2025-12-13T10:36:34.376+0000] {processor.py:208} INFO - Processing /home/airflow/.local/lib/python3.12/site-packages/airflow/example_dags/example_inlet_event_extra.py took 1.106 seconds
[2025-12-13T10:37:05.117+0000] {processor.py:186} INFO - Started process (PID=2632) to work on /home/airflow/.local/lib/python3.12/site-packages/airflow/example_dags/example_inlet_event_extra.py
[2025-12-13T10:37:05.118+0000] {processor.py:914} INFO - Processing file /home/airflow/.local/lib/python3.12/site-packages/airflow/example_dags/example_inlet_event_extra.py for tasks to queue
[2025-12-13T10:37:05.122+0000] {logging_mixin.py:190} INFO - [2025-12-13T10:37:05.121+0000] {dagbag.py:588} INFO - Filling up the DagBag from /home/airflow/.local/lib/python3.12/site-packages/airflow/example_dags/example_inlet_event_extra.py
[2025-12-13T10:37:06.392+0000] {processor.py:925} INFO - DAG(s) 'read_dataset_event_from_classic', 'read_dataset_event' retrieved from /home/airflow/.local/lib/python3.12/site-packages/airflow/example_dags/example_inlet_event_extra.py
[2025-12-13T10:37:06.436+0000] {logging_mixin.py:190} INFO - [2025-12-13T10:37:06.435+0000] {dag.py:3239} INFO - Sync 2 DAGs
[2025-12-13T10:37:06.505+0000] {logging_mixin.py:190} INFO - [2025-12-13T10:37:06.504+0000] {dag.py:4180} INFO - Setting next_dagrun for read_dataset_event to 2025-12-12 00:00:00+00:00, run_after=2025-12-13 00:00:00+00:00
[2025-12-13T10:37:06.518+0000] {logging_mixin.py:190} INFO - [2025-12-13T10:37:06.518+0000] {dag.py:4180} INFO - Setting next_dagrun for read_dataset_event_from_classic to 2025-12-12 00:00:00+00:00, run_after=2025-12-13 00:00:00+00:00
[2025-12-13T10:37:06.581+0000] {processor.py:208} INFO - Processing /home/airflow/.local/lib/python3.12/site-packages/airflow/example_dags/example_inlet_event_extra.py took 1.478 seconds
[2025-12-13T10:37:37.712+0000] {processor.py:186} INFO - Started process (PID=2698) to work on /home/airflow/.local/lib/python3.12/site-packages/airflow/example_dags/example_inlet_event_extra.py
[2025-12-13T10:37:37.714+0000] {processor.py:914} INFO - Processing file /home/airflow/.local/lib/python3.12/site-packages/airflow/example_dags/example_inlet_event_extra.py for tasks to queue
[2025-12-13T10:37:37.718+0000] {logging_mixin.py:190} INFO - [2025-12-13T10:37:37.718+0000] {dagbag.py:588} INFO - Filling up the DagBag from /home/airflow/.local/lib/python3.12/site-packages/airflow/example_dags/example_inlet_event_extra.py
[2025-12-13T10:37:38.905+0000] {processor.py:925} INFO - DAG(s) 'read_dataset_event_from_classic', 'read_dataset_event' retrieved from /home/airflow/.local/lib/python3.12/site-packages/airflow/example_dags/example_inlet_event_extra.py
[2025-12-13T10:37:38.943+0000] {logging_mixin.py:190} INFO - [2025-12-13T10:37:38.943+0000] {dag.py:3239} INFO - Sync 2 DAGs
[2025-12-13T10:37:39.006+0000] {logging_mixin.py:190} INFO - [2025-12-13T10:37:39.006+0000] {dag.py:4180} INFO - Setting next_dagrun for read_dataset_event to 2025-12-12 00:00:00+00:00, run_after=2025-12-13 00:00:00+00:00
[2025-12-13T10:37:39.017+0000] {logging_mixin.py:190} INFO - [2025-12-13T10:37:39.017+0000] {dag.py:4180} INFO - Setting next_dagrun for read_dataset_event_from_classic to 2025-12-12 00:00:00+00:00, run_after=2025-12-13 00:00:00+00:00
[2025-12-13T10:37:39.049+0000] {processor.py:208} INFO - Processing /home/airflow/.local/lib/python3.12/site-packages/airflow/example_dags/example_inlet_event_extra.py took 1.351 seconds
[2025-12-13T10:38:09.427+0000] {processor.py:186} INFO - Started process (PID=2762) to work on /home/airflow/.local/lib/python3.12/site-packages/airflow/example_dags/example_inlet_event_extra.py
[2025-12-13T10:38:09.429+0000] {processor.py:914} INFO - Processing file /home/airflow/.local/lib/python3.12/site-packages/airflow/example_dags/example_inlet_event_extra.py for tasks to queue
[2025-12-13T10:38:09.433+0000] {logging_mixin.py:190} INFO - [2025-12-13T10:38:09.432+0000] {dagbag.py:588} INFO - Filling up the DagBag from /home/airflow/.local/lib/python3.12/site-packages/airflow/example_dags/example_inlet_event_extra.py
[2025-12-13T10:38:10.873+0000] {processor.py:925} INFO - DAG(s) 'read_dataset_event', 'read_dataset_event_from_classic' retrieved from /home/airflow/.local/lib/python3.12/site-packages/airflow/example_dags/example_inlet_event_extra.py
[2025-12-13T10:38:10.918+0000] {logging_mixin.py:190} INFO - [2025-12-13T10:38:10.918+0000] {dag.py:3239} INFO - Sync 2 DAGs
[2025-12-13T10:38:10.990+0000] {logging_mixin.py:190} INFO - [2025-12-13T10:38:10.990+0000] {dag.py:4180} INFO - Setting next_dagrun for read_dataset_event to 2025-12-12 00:00:00+00:00, run_after=2025-12-13 00:00:00+00:00
[2025-12-13T10:38:11.005+0000] {logging_mixin.py:190} INFO - [2025-12-13T10:38:11.004+0000] {dag.py:4180} INFO - Setting next_dagrun for read_dataset_event_from_classic to 2025-12-12 00:00:00+00:00, run_after=2025-12-13 00:00:00+00:00
[2025-12-13T10:38:11.037+0000] {processor.py:208} INFO - Processing /home/airflow/.local/lib/python3.12/site-packages/airflow/example_dags/example_inlet_event_extra.py took 1.621 seconds
[2025-12-13T10:38:41.776+0000] {processor.py:186} INFO - Started process (PID=2828) to work on /home/airflow/.local/lib/python3.12/site-packages/airflow/example_dags/example_inlet_event_extra.py
[2025-12-13T10:38:41.777+0000] {processor.py:914} INFO - Processing file /home/airflow/.local/lib/python3.12/site-packages/airflow/example_dags/example_inlet_event_extra.py for tasks to queue
[2025-12-13T10:38:41.780+0000] {logging_mixin.py:190} INFO - [2025-12-13T10:38:41.780+0000] {dagbag.py:588} INFO - Filling up the DagBag from /home/airflow/.local/lib/python3.12/site-packages/airflow/example_dags/example_inlet_event_extra.py
[2025-12-13T10:38:43.023+0000] {processor.py:925} INFO - DAG(s) 'read_dataset_event_from_classic', 'read_dataset_event' retrieved from /home/airflow/.local/lib/python3.12/site-packages/airflow/example_dags/example_inlet_event_extra.py
[2025-12-13T10:38:43.083+0000] {logging_mixin.py:190} INFO - [2025-12-13T10:38:43.082+0000] {dag.py:3239} INFO - Sync 2 DAGs
[2025-12-13T10:38:43.149+0000] {logging_mixin.py:190} INFO - [2025-12-13T10:38:43.148+0000] {dag.py:4180} INFO - Setting next_dagrun for read_dataset_event to 2025-12-12 00:00:00+00:00, run_after=2025-12-13 00:00:00+00:00
[2025-12-13T10:38:43.161+0000] {logging_mixin.py:190} INFO - [2025-12-13T10:38:43.161+0000] {dag.py:4180} INFO - Setting next_dagrun for read_dataset_event_from_classic to 2025-12-12 00:00:00+00:00, run_after=2025-12-13 00:00:00+00:00
[2025-12-13T10:38:43.205+0000] {processor.py:208} INFO - Processing /home/airflow/.local/lib/python3.12/site-packages/airflow/example_dags/example_inlet_event_extra.py took 1.441 seconds
[2025-12-13T10:39:13.820+0000] {processor.py:186} INFO - Started process (PID=2892) to work on /home/airflow/.local/lib/python3.12/site-packages/airflow/example_dags/example_inlet_event_extra.py
[2025-12-13T10:39:13.822+0000] {processor.py:914} INFO - Processing file /home/airflow/.local/lib/python3.12/site-packages/airflow/example_dags/example_inlet_event_extra.py for tasks to queue
[2025-12-13T10:39:13.826+0000] {logging_mixin.py:190} INFO - [2025-12-13T10:39:13.826+0000] {dagbag.py:588} INFO - Filling up the DagBag from /home/airflow/.local/lib/python3.12/site-packages/airflow/example_dags/example_inlet_event_extra.py
[2025-12-13T10:39:15.031+0000] {processor.py:925} INFO - DAG(s) 'read_dataset_event', 'read_dataset_event_from_classic' retrieved from /home/airflow/.local/lib/python3.12/site-packages/airflow/example_dags/example_inlet_event_extra.py
[2025-12-13T10:39:15.073+0000] {logging_mixin.py:190} INFO - [2025-12-13T10:39:15.073+0000] {dag.py:3239} INFO - Sync 2 DAGs
[2025-12-13T10:39:15.118+0000] {logging_mixin.py:190} INFO - [2025-12-13T10:39:15.118+0000] {dag.py:4180} INFO - Setting next_dagrun for read_dataset_event to 2025-12-12 00:00:00+00:00, run_after=2025-12-13 00:00:00+00:00
[2025-12-13T10:39:15.130+0000] {logging_mixin.py:190} INFO - [2025-12-13T10:39:15.129+0000] {dag.py:4180} INFO - Setting next_dagrun for read_dataset_event_from_classic to 2025-12-12 00:00:00+00:00, run_after=2025-12-13 00:00:00+00:00
[2025-12-13T10:39:15.162+0000] {processor.py:208} INFO - Processing /home/airflow/.local/lib/python3.12/site-packages/airflow/example_dags/example_inlet_event_extra.py took 1.355 seconds
[2025-12-13T10:39:46.229+0000] {processor.py:186} INFO - Started process (PID=2962) to work on /home/airflow/.local/lib/python3.12/site-packages/airflow/example_dags/example_inlet_event_extra.py
[2025-12-13T10:39:46.230+0000] {processor.py:914} INFO - Processing file /home/airflow/.local/lib/python3.12/site-packages/airflow/example_dags/example_inlet_event_extra.py for tasks to queue
[2025-12-13T10:39:46.233+0000] {logging_mixin.py:190} INFO - [2025-12-13T10:39:46.233+0000] {dagbag.py:588} INFO - Filling up the DagBag from /home/airflow/.local/lib/python3.12/site-packages/airflow/example_dags/example_inlet_event_extra.py
[2025-12-13T10:39:47.554+0000] {processor.py:925} INFO - DAG(s) 'read_dataset_event', 'read_dataset_event_from_classic' retrieved from /home/airflow/.local/lib/python3.12/site-packages/airflow/example_dags/example_inlet_event_extra.py
[2025-12-13T10:39:47.595+0000] {logging_mixin.py:190} INFO - [2025-12-13T10:39:47.595+0000] {dag.py:3239} INFO - Sync 2 DAGs
[2025-12-13T10:39:47.652+0000] {logging_mixin.py:190} INFO - [2025-12-13T10:39:47.651+0000] {dag.py:4180} INFO - Setting next_dagrun for read_dataset_event to 2025-12-12 00:00:00+00:00, run_after=2025-12-13 00:00:00+00:00
[2025-12-13T10:39:47.665+0000] {logging_mixin.py:190} INFO - [2025-12-13T10:39:47.664+0000] {dag.py:4180} INFO - Setting next_dagrun for read_dataset_event_from_classic to 2025-12-12 00:00:00+00:00, run_after=2025-12-13 00:00:00+00:00
[2025-12-13T10:39:47.709+0000] {processor.py:208} INFO - Processing /home/airflow/.local/lib/python3.12/site-packages/airflow/example_dags/example_inlet_event_extra.py took 1.491 seconds
[2025-12-13T10:40:18.425+0000] {processor.py:186} INFO - Started process (PID=3026) to work on /home/airflow/.local/lib/python3.12/site-packages/airflow/example_dags/example_inlet_event_extra.py
[2025-12-13T10:40:18.427+0000] {processor.py:914} INFO - Processing file /home/airflow/.local/lib/python3.12/site-packages/airflow/example_dags/example_inlet_event_extra.py for tasks to queue
[2025-12-13T10:40:18.432+0000] {logging_mixin.py:190} INFO - [2025-12-13T10:40:18.431+0000] {dagbag.py:588} INFO - Filling up the DagBag from /home/airflow/.local/lib/python3.12/site-packages/airflow/example_dags/example_inlet_event_extra.py
[2025-12-13T10:40:19.822+0000] {processor.py:925} INFO - DAG(s) 'read_dataset_event', 'read_dataset_event_from_classic' retrieved from /home/airflow/.local/lib/python3.12/site-packages/airflow/example_dags/example_inlet_event_extra.py
[2025-12-13T10:40:19.862+0000] {logging_mixin.py:190} INFO - [2025-12-13T10:40:19.862+0000] {dag.py:3239} INFO - Sync 2 DAGs
[2025-12-13T10:40:19.923+0000] {logging_mixin.py:190} INFO - [2025-12-13T10:40:19.923+0000] {dag.py:4180} INFO - Setting next_dagrun for read_dataset_event to 2025-12-12 00:00:00+00:00, run_after=2025-12-13 00:00:00+00:00
[2025-12-13T10:40:19.934+0000] {logging_mixin.py:190} INFO - [2025-12-13T10:40:19.934+0000] {dag.py:4180} INFO - Setting next_dagrun for read_dataset_event_from_classic to 2025-12-12 00:00:00+00:00, run_after=2025-12-13 00:00:00+00:00
[2025-12-13T10:40:19.966+0000] {processor.py:208} INFO - Processing /home/airflow/.local/lib/python3.12/site-packages/airflow/example_dags/example_inlet_event_extra.py took 1.552 seconds
[2025-12-13T10:40:50.200+0000] {processor.py:186} INFO - Started process (PID=3100) to work on /home/airflow/.local/lib/python3.12/site-packages/airflow/example_dags/example_inlet_event_extra.py
[2025-12-13T10:40:50.202+0000] {processor.py:914} INFO - Processing file /home/airflow/.local/lib/python3.12/site-packages/airflow/example_dags/example_inlet_event_extra.py for tasks to queue
[2025-12-13T10:40:50.206+0000] {logging_mixin.py:190} INFO - [2025-12-13T10:40:50.206+0000] {dagbag.py:588} INFO - Filling up the DagBag from /home/airflow/.local/lib/python3.12/site-packages/airflow/example_dags/example_inlet_event_extra.py
[2025-12-13T10:40:51.199+0000] {processor.py:925} INFO - DAG(s) 'read_dataset_event_from_classic', 'read_dataset_event' retrieved from /home/airflow/.local/lib/python3.12/site-packages/airflow/example_dags/example_inlet_event_extra.py
[2025-12-13T10:40:51.255+0000] {logging_mixin.py:190} INFO - [2025-12-13T10:40:51.255+0000] {dag.py:3239} INFO - Sync 2 DAGs
[2025-12-13T10:40:51.353+0000] {logging_mixin.py:190} INFO - [2025-12-13T10:40:51.353+0000] {dag.py:4180} INFO - Setting next_dagrun for read_dataset_event to 2025-12-12 00:00:00+00:00, run_after=2025-12-13 00:00:00+00:00
[2025-12-13T10:40:51.400+0000] {logging_mixin.py:190} INFO - [2025-12-13T10:40:51.399+0000] {dag.py:4180} INFO - Setting next_dagrun for read_dataset_event_from_classic to 2025-12-12 00:00:00+00:00, run_after=2025-12-13 00:00:00+00:00
[2025-12-13T10:40:51.466+0000] {processor.py:208} INFO - Processing /home/airflow/.local/lib/python3.12/site-packages/airflow/example_dags/example_inlet_event_extra.py took 1.282 seconds
[2025-12-13T10:41:22.131+0000] {processor.py:186} INFO - Started process (PID=3163) to work on /home/airflow/.local/lib/python3.12/site-packages/airflow/example_dags/example_inlet_event_extra.py
[2025-12-13T10:41:22.135+0000] {processor.py:914} INFO - Processing file /home/airflow/.local/lib/python3.12/site-packages/airflow/example_dags/example_inlet_event_extra.py for tasks to queue
[2025-12-13T10:41:22.141+0000] {logging_mixin.py:190} INFO - [2025-12-13T10:41:22.140+0000] {dagbag.py:588} INFO - Filling up the DagBag from /home/airflow/.local/lib/python3.12/site-packages/airflow/example_dags/example_inlet_event_extra.py
[2025-12-13T10:41:23.092+0000] {processor.py:925} INFO - DAG(s) 'read_dataset_event_from_classic', 'read_dataset_event' retrieved from /home/airflow/.local/lib/python3.12/site-packages/airflow/example_dags/example_inlet_event_extra.py
[2025-12-13T10:41:23.146+0000] {logging_mixin.py:190} INFO - [2025-12-13T10:41:23.146+0000] {dag.py:3239} INFO - Sync 2 DAGs
[2025-12-13T10:41:23.208+0000] {logging_mixin.py:190} INFO - [2025-12-13T10:41:23.207+0000] {dag.py:4180} INFO - Setting next_dagrun for read_dataset_event to 2025-12-12 00:00:00+00:00, run_after=2025-12-13 00:00:00+00:00
[2025-12-13T10:41:23.221+0000] {logging_mixin.py:190} INFO - [2025-12-13T10:41:23.220+0000] {dag.py:4180} INFO - Setting next_dagrun for read_dataset_event_from_classic to 2025-12-12 00:00:00+00:00, run_after=2025-12-13 00:00:00+00:00
[2025-12-13T10:41:23.250+0000] {processor.py:208} INFO - Processing /home/airflow/.local/lib/python3.12/site-packages/airflow/example_dags/example_inlet_event_extra.py took 1.134 seconds
[2025-12-13T10:41:53.331+0000] {processor.py:186} INFO - Started process (PID=3230) to work on /home/airflow/.local/lib/python3.12/site-packages/airflow/example_dags/example_inlet_event_extra.py
[2025-12-13T10:41:53.333+0000] {processor.py:914} INFO - Processing file /home/airflow/.local/lib/python3.12/site-packages/airflow/example_dags/example_inlet_event_extra.py for tasks to queue
[2025-12-13T10:41:53.338+0000] {logging_mixin.py:190} INFO - [2025-12-13T10:41:53.337+0000] {dagbag.py:588} INFO - Filling up the DagBag from /home/airflow/.local/lib/python3.12/site-packages/airflow/example_dags/example_inlet_event_extra.py
[2025-12-13T10:41:54.212+0000] {processor.py:925} INFO - DAG(s) 'read_dataset_event', 'read_dataset_event_from_classic' retrieved from /home/airflow/.local/lib/python3.12/site-packages/airflow/example_dags/example_inlet_event_extra.py
[2025-12-13T10:41:54.261+0000] {logging_mixin.py:190} INFO - [2025-12-13T10:41:54.261+0000] {dag.py:3239} INFO - Sync 2 DAGs
[2025-12-13T10:41:54.336+0000] {logging_mixin.py:190} INFO - [2025-12-13T10:41:54.336+0000] {dag.py:4180} INFO - Setting next_dagrun for read_dataset_event to 2025-12-12 00:00:00+00:00, run_after=2025-12-13 00:00:00+00:00
[2025-12-13T10:41:54.349+0000] {logging_mixin.py:190} INFO - [2025-12-13T10:41:54.349+0000] {dag.py:4180} INFO - Setting next_dagrun for read_dataset_event_from_classic to 2025-12-12 00:00:00+00:00, run_after=2025-12-13 00:00:00+00:00
[2025-12-13T10:41:54.382+0000] {processor.py:208} INFO - Processing /home/airflow/.local/lib/python3.12/site-packages/airflow/example_dags/example_inlet_event_extra.py took 1.061 seconds
[2025-12-13T10:42:24.819+0000] {processor.py:186} INFO - Started process (PID=3293) to work on /home/airflow/.local/lib/python3.12/site-packages/airflow/example_dags/example_inlet_event_extra.py
[2025-12-13T10:42:24.820+0000] {processor.py:914} INFO - Processing file /home/airflow/.local/lib/python3.12/site-packages/airflow/example_dags/example_inlet_event_extra.py for tasks to queue
[2025-12-13T10:42:24.825+0000] {logging_mixin.py:190} INFO - [2025-12-13T10:42:24.824+0000] {dagbag.py:588} INFO - Filling up the DagBag from /home/airflow/.local/lib/python3.12/site-packages/airflow/example_dags/example_inlet_event_extra.py
[2025-12-13T10:42:25.965+0000] {processor.py:925} INFO - DAG(s) 'read_dataset_event_from_classic', 'read_dataset_event' retrieved from /home/airflow/.local/lib/python3.12/site-packages/airflow/example_dags/example_inlet_event_extra.py
[2025-12-13T10:42:26.011+0000] {logging_mixin.py:190} INFO - [2025-12-13T10:42:26.011+0000] {dag.py:3239} INFO - Sync 2 DAGs
[2025-12-13T10:42:26.095+0000] {logging_mixin.py:190} INFO - [2025-12-13T10:42:26.094+0000] {dag.py:4180} INFO - Setting next_dagrun for read_dataset_event to 2025-12-12 00:00:00+00:00, run_after=2025-12-13 00:00:00+00:00
[2025-12-13T10:42:26.108+0000] {logging_mixin.py:190} INFO - [2025-12-13T10:42:26.107+0000] {dag.py:4180} INFO - Setting next_dagrun for read_dataset_event_from_classic to 2025-12-12 00:00:00+00:00, run_after=2025-12-13 00:00:00+00:00
[2025-12-13T10:42:26.153+0000] {processor.py:208} INFO - Processing /home/airflow/.local/lib/python3.12/site-packages/airflow/example_dags/example_inlet_event_extra.py took 1.349 seconds
[2025-12-13T10:42:56.784+0000] {processor.py:186} INFO - Started process (PID=3360) to work on /home/airflow/.local/lib/python3.12/site-packages/airflow/example_dags/example_inlet_event_extra.py
[2025-12-13T10:42:56.787+0000] {processor.py:914} INFO - Processing file /home/airflow/.local/lib/python3.12/site-packages/airflow/example_dags/example_inlet_event_extra.py for tasks to queue
[2025-12-13T10:42:56.791+0000] {logging_mixin.py:190} INFO - [2025-12-13T10:42:56.791+0000] {dagbag.py:588} INFO - Filling up the DagBag from /home/airflow/.local/lib/python3.12/site-packages/airflow/example_dags/example_inlet_event_extra.py
[2025-12-13T10:42:57.680+0000] {processor.py:925} INFO - DAG(s) 'read_dataset_event_from_classic', 'read_dataset_event' retrieved from /home/airflow/.local/lib/python3.12/site-packages/airflow/example_dags/example_inlet_event_extra.py
[2025-12-13T10:42:57.721+0000] {logging_mixin.py:190} INFO - [2025-12-13T10:42:57.720+0000] {dag.py:3239} INFO - Sync 2 DAGs
[2025-12-13T10:42:57.782+0000] {logging_mixin.py:190} INFO - [2025-12-13T10:42:57.781+0000] {dag.py:4180} INFO - Setting next_dagrun for read_dataset_event to 2025-12-12 00:00:00+00:00, run_after=2025-12-13 00:00:00+00:00
[2025-12-13T10:42:57.795+0000] {logging_mixin.py:190} INFO - [2025-12-13T10:42:57.794+0000] {dag.py:4180} INFO - Setting next_dagrun for read_dataset_event_from_classic to 2025-12-12 00:00:00+00:00, run_after=2025-12-13 00:00:00+00:00
[2025-12-13T10:42:57.826+0000] {processor.py:208} INFO - Processing /home/airflow/.local/lib/python3.12/site-packages/airflow/example_dags/example_inlet_event_extra.py took 1.056 seconds
[2025-12-13T10:43:28.320+0000] {processor.py:186} INFO - Started process (PID=3425) to work on /home/airflow/.local/lib/python3.12/site-packages/airflow/example_dags/example_inlet_event_extra.py
[2025-12-13T10:43:28.321+0000] {processor.py:914} INFO - Processing file /home/airflow/.local/lib/python3.12/site-packages/airflow/example_dags/example_inlet_event_extra.py for tasks to queue
[2025-12-13T10:43:28.326+0000] {logging_mixin.py:190} INFO - [2025-12-13T10:43:28.325+0000] {dagbag.py:588} INFO - Filling up the DagBag from /home/airflow/.local/lib/python3.12/site-packages/airflow/example_dags/example_inlet_event_extra.py
[2025-12-13T10:43:29.796+0000] {processor.py:925} INFO - DAG(s) 'read_dataset_event_from_classic', 'read_dataset_event' retrieved from /home/airflow/.local/lib/python3.12/site-packages/airflow/example_dags/example_inlet_event_extra.py
[2025-12-13T10:43:29.854+0000] {logging_mixin.py:190} INFO - [2025-12-13T10:43:29.854+0000] {dag.py:3239} INFO - Sync 2 DAGs
[2025-12-13T10:43:29.928+0000] {logging_mixin.py:190} INFO - [2025-12-13T10:43:29.926+0000] {dag.py:4180} INFO - Setting next_dagrun for read_dataset_event to 2025-12-12 00:00:00+00:00, run_after=2025-12-13 00:00:00+00:00
[2025-12-13T10:43:29.950+0000] {logging_mixin.py:190} INFO - [2025-12-13T10:43:29.949+0000] {dag.py:4180} INFO - Setting next_dagrun for read_dataset_event_from_classic to 2025-12-12 00:00:00+00:00, run_after=2025-12-13 00:00:00+00:00
[2025-12-13T10:43:29.995+0000] {processor.py:208} INFO - Processing /home/airflow/.local/lib/python3.12/site-packages/airflow/example_dags/example_inlet_event_extra.py took 1.693 seconds
[2025-12-13T10:44:00.140+0000] {processor.py:186} INFO - Started process (PID=3488) to work on /home/airflow/.local/lib/python3.12/site-packages/airflow/example_dags/example_inlet_event_extra.py
[2025-12-13T10:44:00.144+0000] {processor.py:914} INFO - Processing file /home/airflow/.local/lib/python3.12/site-packages/airflow/example_dags/example_inlet_event_extra.py for tasks to queue
[2025-12-13T10:44:00.150+0000] {logging_mixin.py:190} INFO - [2025-12-13T10:44:00.149+0000] {dagbag.py:588} INFO - Filling up the DagBag from /home/airflow/.local/lib/python3.12/site-packages/airflow/example_dags/example_inlet_event_extra.py
[2025-12-13T10:44:01.039+0000] {processor.py:925} INFO - DAG(s) 'read_dataset_event', 'read_dataset_event_from_classic' retrieved from /home/airflow/.local/lib/python3.12/site-packages/airflow/example_dags/example_inlet_event_extra.py
[2025-12-13T10:44:01.083+0000] {logging_mixin.py:190} INFO - [2025-12-13T10:44:01.083+0000] {dag.py:3239} INFO - Sync 2 DAGs
[2025-12-13T10:44:01.148+0000] {logging_mixin.py:190} INFO - [2025-12-13T10:44:01.147+0000] {dag.py:4180} INFO - Setting next_dagrun for read_dataset_event to 2025-12-12 00:00:00+00:00, run_after=2025-12-13 00:00:00+00:00
[2025-12-13T10:44:01.159+0000] {logging_mixin.py:190} INFO - [2025-12-13T10:44:01.158+0000] {dag.py:4180} INFO - Setting next_dagrun for read_dataset_event_from_classic to 2025-12-12 00:00:00+00:00, run_after=2025-12-13 00:00:00+00:00
[2025-12-13T10:44:01.193+0000] {processor.py:208} INFO - Processing /home/airflow/.local/lib/python3.12/site-packages/airflow/example_dags/example_inlet_event_extra.py took 1.067 seconds
[2025-12-13T10:44:31.911+0000] {processor.py:186} INFO - Started process (PID=3551) to work on /home/airflow/.local/lib/python3.12/site-packages/airflow/example_dags/example_inlet_event_extra.py
[2025-12-13T10:44:31.918+0000] {processor.py:914} INFO - Processing file /home/airflow/.local/lib/python3.12/site-packages/airflow/example_dags/example_inlet_event_extra.py for tasks to queue
[2025-12-13T10:44:31.932+0000] {logging_mixin.py:190} INFO - [2025-12-13T10:44:31.930+0000] {dagbag.py:588} INFO - Filling up the DagBag from /home/airflow/.local/lib/python3.12/site-packages/airflow/example_dags/example_inlet_event_extra.py
[2025-12-13T10:44:34.878+0000] {processor.py:925} INFO - DAG(s) 'read_dataset_event_from_classic', 'read_dataset_event' retrieved from /home/airflow/.local/lib/python3.12/site-packages/airflow/example_dags/example_inlet_event_extra.py
[2025-12-13T10:44:35.024+0000] {logging_mixin.py:190} INFO - [2025-12-13T10:44:35.022+0000] {dag.py:3239} INFO - Sync 2 DAGs
[2025-12-13T10:44:35.265+0000] {logging_mixin.py:190} INFO - [2025-12-13T10:44:35.263+0000] {dag.py:4180} INFO - Setting next_dagrun for read_dataset_event to 2025-12-12 00:00:00+00:00, run_after=2025-12-13 00:00:00+00:00
[2025-12-13T10:44:35.316+0000] {logging_mixin.py:190} INFO - [2025-12-13T10:44:35.314+0000] {dag.py:4180} INFO - Setting next_dagrun for read_dataset_event_from_classic to 2025-12-12 00:00:00+00:00, run_after=2025-12-13 00:00:00+00:00
[2025-12-13T10:44:35.476+0000] {processor.py:208} INFO - Processing /home/airflow/.local/lib/python3.12/site-packages/airflow/example_dags/example_inlet_event_extra.py took 3.615 seconds
[2025-12-13T10:45:06.146+0000] {processor.py:186} INFO - Started process (PID=3615) to work on /home/airflow/.local/lib/python3.12/site-packages/airflow/example_dags/example_inlet_event_extra.py
[2025-12-13T10:45:06.151+0000] {processor.py:914} INFO - Processing file /home/airflow/.local/lib/python3.12/site-packages/airflow/example_dags/example_inlet_event_extra.py for tasks to queue
[2025-12-13T10:45:06.155+0000] {logging_mixin.py:190} INFO - [2025-12-13T10:45:06.154+0000] {dagbag.py:588} INFO - Filling up the DagBag from /home/airflow/.local/lib/python3.12/site-packages/airflow/example_dags/example_inlet_event_extra.py
[2025-12-13T10:45:06.865+0000] {processor.py:925} INFO - DAG(s) 'read_dataset_event_from_classic', 'read_dataset_event' retrieved from /home/airflow/.local/lib/python3.12/site-packages/airflow/example_dags/example_inlet_event_extra.py
[2025-12-13T10:45:06.893+0000] {logging_mixin.py:190} INFO - [2025-12-13T10:45:06.893+0000] {dag.py:3239} INFO - Sync 2 DAGs
[2025-12-13T10:45:06.935+0000] {logging_mixin.py:190} INFO - [2025-12-13T10:45:06.935+0000] {dag.py:4180} INFO - Setting next_dagrun for read_dataset_event to 2025-12-12 00:00:00+00:00, run_after=2025-12-13 00:00:00+00:00
[2025-12-13T10:45:06.942+0000] {logging_mixin.py:190} INFO - [2025-12-13T10:45:06.942+0000] {dag.py:4180} INFO - Setting next_dagrun for read_dataset_event_from_classic to 2025-12-12 00:00:00+00:00, run_after=2025-12-13 00:00:00+00:00
[2025-12-13T10:45:06.965+0000] {processor.py:208} INFO - Processing /home/airflow/.local/lib/python3.12/site-packages/airflow/example_dags/example_inlet_event_extra.py took 0.826 seconds
[2025-12-13T10:45:37.063+0000] {processor.py:186} INFO - Started process (PID=3681) to work on /home/airflow/.local/lib/python3.12/site-packages/airflow/example_dags/example_inlet_event_extra.py
[2025-12-13T10:45:37.064+0000] {processor.py:914} INFO - Processing file /home/airflow/.local/lib/python3.12/site-packages/airflow/example_dags/example_inlet_event_extra.py for tasks to queue
[2025-12-13T10:45:37.068+0000] {logging_mixin.py:190} INFO - [2025-12-13T10:45:37.067+0000] {dagbag.py:588} INFO - Filling up the DagBag from /home/airflow/.local/lib/python3.12/site-packages/airflow/example_dags/example_inlet_event_extra.py
[2025-12-13T10:45:37.862+0000] {processor.py:925} INFO - DAG(s) 'read_dataset_event', 'read_dataset_event_from_classic' retrieved from /home/airflow/.local/lib/python3.12/site-packages/airflow/example_dags/example_inlet_event_extra.py
[2025-12-13T10:45:37.898+0000] {logging_mixin.py:190} INFO - [2025-12-13T10:45:37.897+0000] {dag.py:3239} INFO - Sync 2 DAGs
[2025-12-13T10:45:37.953+0000] {logging_mixin.py:190} INFO - [2025-12-13T10:45:37.953+0000] {dag.py:4180} INFO - Setting next_dagrun for read_dataset_event to 2025-12-12 00:00:00+00:00, run_after=2025-12-13 00:00:00+00:00
[2025-12-13T10:45:37.964+0000] {logging_mixin.py:190} INFO - [2025-12-13T10:45:37.963+0000] {dag.py:4180} INFO - Setting next_dagrun for read_dataset_event_from_classic to 2025-12-12 00:00:00+00:00, run_after=2025-12-13 00:00:00+00:00
[2025-12-13T10:45:37.995+0000] {processor.py:208} INFO - Processing /home/airflow/.local/lib/python3.12/site-packages/airflow/example_dags/example_inlet_event_extra.py took 0.942 seconds
[2025-12-13T10:46:08.721+0000] {processor.py:186} INFO - Started process (PID=3744) to work on /home/airflow/.local/lib/python3.12/site-packages/airflow/example_dags/example_inlet_event_extra.py
[2025-12-13T10:46:08.724+0000] {processor.py:914} INFO - Processing file /home/airflow/.local/lib/python3.12/site-packages/airflow/example_dags/example_inlet_event_extra.py for tasks to queue
[2025-12-13T10:46:08.727+0000] {logging_mixin.py:190} INFO - [2025-12-13T10:46:08.726+0000] {dagbag.py:588} INFO - Filling up the DagBag from /home/airflow/.local/lib/python3.12/site-packages/airflow/example_dags/example_inlet_event_extra.py
[2025-12-13T10:46:09.417+0000] {processor.py:925} INFO - DAG(s) 'read_dataset_event', 'read_dataset_event_from_classic' retrieved from /home/airflow/.local/lib/python3.12/site-packages/airflow/example_dags/example_inlet_event_extra.py
[2025-12-13T10:46:09.448+0000] {logging_mixin.py:190} INFO - [2025-12-13T10:46:09.448+0000] {dag.py:3239} INFO - Sync 2 DAGs
[2025-12-13T10:46:09.490+0000] {logging_mixin.py:190} INFO - [2025-12-13T10:46:09.489+0000] {dag.py:4180} INFO - Setting next_dagrun for read_dataset_event to 2025-12-12 00:00:00+00:00, run_after=2025-12-13 00:00:00+00:00
[2025-12-13T10:46:09.499+0000] {logging_mixin.py:190} INFO - [2025-12-13T10:46:09.499+0000] {dag.py:4180} INFO - Setting next_dagrun for read_dataset_event_from_classic to 2025-12-12 00:00:00+00:00, run_after=2025-12-13 00:00:00+00:00
[2025-12-13T10:46:09.522+0000] {processor.py:208} INFO - Processing /home/airflow/.local/lib/python3.12/site-packages/airflow/example_dags/example_inlet_event_extra.py took 0.812 seconds
[2025-12-13T10:46:40.525+0000] {processor.py:186} INFO - Started process (PID=3809) to work on /home/airflow/.local/lib/python3.12/site-packages/airflow/example_dags/example_inlet_event_extra.py
[2025-12-13T10:46:40.527+0000] {processor.py:914} INFO - Processing file /home/airflow/.local/lib/python3.12/site-packages/airflow/example_dags/example_inlet_event_extra.py for tasks to queue
[2025-12-13T10:46:40.532+0000] {logging_mixin.py:190} INFO - [2025-12-13T10:46:40.532+0000] {dagbag.py:588} INFO - Filling up the DagBag from /home/airflow/.local/lib/python3.12/site-packages/airflow/example_dags/example_inlet_event_extra.py
[2025-12-13T10:46:41.364+0000] {processor.py:925} INFO - DAG(s) 'read_dataset_event', 'read_dataset_event_from_classic' retrieved from /home/airflow/.local/lib/python3.12/site-packages/airflow/example_dags/example_inlet_event_extra.py
[2025-12-13T10:46:41.400+0000] {logging_mixin.py:190} INFO - [2025-12-13T10:46:41.399+0000] {dag.py:3239} INFO - Sync 2 DAGs
[2025-12-13T10:46:41.456+0000] {logging_mixin.py:190} INFO - [2025-12-13T10:46:41.456+0000] {dag.py:4180} INFO - Setting next_dagrun for read_dataset_event to 2025-12-12 00:00:00+00:00, run_after=2025-12-13 00:00:00+00:00
[2025-12-13T10:46:41.466+0000] {logging_mixin.py:190} INFO - [2025-12-13T10:46:41.466+0000] {dag.py:4180} INFO - Setting next_dagrun for read_dataset_event_from_classic to 2025-12-12 00:00:00+00:00, run_after=2025-12-13 00:00:00+00:00
[2025-12-13T10:46:41.500+0000] {processor.py:208} INFO - Processing /home/airflow/.local/lib/python3.12/site-packages/airflow/example_dags/example_inlet_event_extra.py took 0.986 seconds
