[2025-12-13T10:16:20.518+0000] {processor.py:186} INFO - Started process (PID=120) to work on /home/airflow/.local/lib/python3.12/site-packages/airflow/example_dags/example_external_task_marker_dag.py
[2025-12-13T10:16:20.520+0000] {processor.py:914} INFO - Processing file /home/airflow/.local/lib/python3.12/site-packages/airflow/example_dags/example_external_task_marker_dag.py for tasks to queue
[2025-12-13T10:16:20.525+0000] {logging_mixin.py:190} INFO - [2025-12-13T10:16:20.524+0000] {dagbag.py:588} INFO - Filling up the DagBag from /home/airflow/.local/lib/python3.12/site-packages/airflow/example_dags/example_external_task_marker_dag.py
[2025-12-13T10:16:20.569+0000] {processor.py:925} INFO - DAG(s) 'example_external_task_marker_parent', 'example_external_task_marker_child' retrieved from /home/airflow/.local/lib/python3.12/site-packages/airflow/example_dags/example_external_task_marker_dag.py
[2025-12-13T10:16:21.085+0000] {logging_mixin.py:190} INFO - [2025-12-13T10:16:21.084+0000] {override.py:1911} INFO - Created Permission View: can edit on DAG:example_external_task_marker_parent
[2025-12-13T10:16:21.147+0000] {logging_mixin.py:190} INFO - [2025-12-13T10:16:21.146+0000] {override.py:1911} INFO - Created Permission View: can delete on DAG:example_external_task_marker_parent
[2025-12-13T10:16:21.179+0000] {logging_mixin.py:190} INFO - [2025-12-13T10:16:21.178+0000] {override.py:1911} INFO - Created Permission View: can read on DAG:example_external_task_marker_parent
[2025-12-13T10:16:21.210+0000] {logging_mixin.py:190} INFO - [2025-12-13T10:16:21.209+0000] {override.py:1911} INFO - Created Permission View: can create on DAG Run:example_external_task_marker_parent
[2025-12-13T10:16:21.241+0000] {logging_mixin.py:190} INFO - [2025-12-13T10:16:21.240+0000] {override.py:1911} INFO - Created Permission View: can delete on DAG Run:example_external_task_marker_parent
[2025-12-13T10:16:21.274+0000] {logging_mixin.py:190} INFO - [2025-12-13T10:16:21.273+0000] {override.py:1911} INFO - Created Permission View: menu access on DAG Run:example_external_task_marker_parent
[2025-12-13T10:16:21.306+0000] {logging_mixin.py:190} INFO - [2025-12-13T10:16:21.306+0000] {override.py:1911} INFO - Created Permission View: can read on DAG Run:example_external_task_marker_parent
[2025-12-13T10:16:21.397+0000] {logging_mixin.py:190} INFO - [2025-12-13T10:16:21.396+0000] {override.py:1911} INFO - Created Permission View: can edit on DAG:example_external_task_marker_child
[2025-12-13T10:16:21.432+0000] {logging_mixin.py:190} INFO - [2025-12-13T10:16:21.431+0000] {override.py:1911} INFO - Created Permission View: can delete on DAG:example_external_task_marker_child
[2025-12-13T10:16:21.452+0000] {logging_mixin.py:190} INFO - [2025-12-13T10:16:21.451+0000] {override.py:1911} INFO - Created Permission View: can read on DAG:example_external_task_marker_child
[2025-12-13T10:16:21.473+0000] {logging_mixin.py:190} INFO - [2025-12-13T10:16:21.472+0000] {override.py:1911} INFO - Created Permission View: can create on DAG Run:example_external_task_marker_child
[2025-12-13T10:16:21.489+0000] {logging_mixin.py:190} INFO - [2025-12-13T10:16:21.488+0000] {override.py:1911} INFO - Created Permission View: can delete on DAG Run:example_external_task_marker_child
[2025-12-13T10:16:21.520+0000] {logging_mixin.py:190} INFO - [2025-12-13T10:16:21.519+0000] {override.py:1911} INFO - Created Permission View: menu access on DAG Run:example_external_task_marker_child
[2025-12-13T10:16:21.550+0000] {logging_mixin.py:190} INFO - [2025-12-13T10:16:21.549+0000] {override.py:1911} INFO - Created Permission View: can read on DAG Run:example_external_task_marker_child
[2025-12-13T10:16:21.550+0000] {logging_mixin.py:190} INFO - [2025-12-13T10:16:21.550+0000] {dag.py:3239} INFO - Sync 2 DAGs
[2025-12-13T10:16:21.592+0000] {logging_mixin.py:190} INFO - [2025-12-13T10:16:21.592+0000] {dag.py:3262} INFO - Creating ORM DAG for example_external_task_marker_parent
[2025-12-13T10:16:21.593+0000] {logging_mixin.py:190} INFO - [2025-12-13T10:16:21.593+0000] {dag.py:3262} INFO - Creating ORM DAG for example_external_task_marker_child
[2025-12-13T10:16:21.595+0000] {logging_mixin.py:190} INFO - [2025-12-13T10:16:21.594+0000] {dag.py:4180} INFO - Setting next_dagrun for example_external_task_marker_child to None, run_after=None
[2025-12-13T10:16:21.596+0000] {logging_mixin.py:190} INFO - [2025-12-13T10:16:21.595+0000] {dag.py:4180} INFO - Setting next_dagrun for example_external_task_marker_parent to None, run_after=None
[2025-12-13T10:16:21.633+0000] {processor.py:208} INFO - Processing /home/airflow/.local/lib/python3.12/site-packages/airflow/example_dags/example_external_task_marker_dag.py took 1.128 seconds
[2025-12-13T10:16:51.769+0000] {processor.py:186} INFO - Started process (PID=183) to work on /home/airflow/.local/lib/python3.12/site-packages/airflow/example_dags/example_external_task_marker_dag.py
[2025-12-13T10:16:51.770+0000] {processor.py:914} INFO - Processing file /home/airflow/.local/lib/python3.12/site-packages/airflow/example_dags/example_external_task_marker_dag.py for tasks to queue
[2025-12-13T10:16:51.775+0000] {logging_mixin.py:190} INFO - [2025-12-13T10:16:51.775+0000] {dagbag.py:588} INFO - Filling up the DagBag from /home/airflow/.local/lib/python3.12/site-packages/airflow/example_dags/example_external_task_marker_dag.py
[2025-12-13T10:16:51.792+0000] {processor.py:925} INFO - DAG(s) 'example_external_task_marker_parent', 'example_external_task_marker_child' retrieved from /home/airflow/.local/lib/python3.12/site-packages/airflow/example_dags/example_external_task_marker_dag.py
[2025-12-13T10:16:51.830+0000] {logging_mixin.py:190} INFO - [2025-12-13T10:16:51.830+0000] {dag.py:3239} INFO - Sync 2 DAGs
[2025-12-13T10:16:51.860+0000] {logging_mixin.py:190} INFO - [2025-12-13T10:16:51.859+0000] {dag.py:4180} INFO - Setting next_dagrun for example_external_task_marker_child to None, run_after=None
[2025-12-13T10:16:51.866+0000] {logging_mixin.py:190} INFO - [2025-12-13T10:16:51.865+0000] {dag.py:4180} INFO - Setting next_dagrun for example_external_task_marker_parent to None, run_after=None
[2025-12-13T10:16:51.894+0000] {processor.py:208} INFO - Processing /home/airflow/.local/lib/python3.12/site-packages/airflow/example_dags/example_external_task_marker_dag.py took 0.137 seconds
[2025-12-13T10:17:22.321+0000] {processor.py:186} INFO - Started process (PID=245) to work on /home/airflow/.local/lib/python3.12/site-packages/airflow/example_dags/example_external_task_marker_dag.py
[2025-12-13T10:17:22.322+0000] {processor.py:914} INFO - Processing file /home/airflow/.local/lib/python3.12/site-packages/airflow/example_dags/example_external_task_marker_dag.py for tasks to queue
[2025-12-13T10:17:22.326+0000] {logging_mixin.py:190} INFO - [2025-12-13T10:17:22.326+0000] {dagbag.py:588} INFO - Filling up the DagBag from /home/airflow/.local/lib/python3.12/site-packages/airflow/example_dags/example_external_task_marker_dag.py
[2025-12-13T10:17:22.341+0000] {processor.py:925} INFO - DAG(s) 'example_external_task_marker_child', 'example_external_task_marker_parent' retrieved from /home/airflow/.local/lib/python3.12/site-packages/airflow/example_dags/example_external_task_marker_dag.py
[2025-12-13T10:17:22.377+0000] {logging_mixin.py:190} INFO - [2025-12-13T10:17:22.377+0000] {dag.py:3239} INFO - Sync 2 DAGs
[2025-12-13T10:17:22.404+0000] {logging_mixin.py:190} INFO - [2025-12-13T10:17:22.404+0000] {dag.py:4180} INFO - Setting next_dagrun for example_external_task_marker_child to None, run_after=None
[2025-12-13T10:17:22.411+0000] {logging_mixin.py:190} INFO - [2025-12-13T10:17:22.411+0000] {dag.py:4180} INFO - Setting next_dagrun for example_external_task_marker_parent to None, run_after=None
[2025-12-13T10:17:22.442+0000] {processor.py:208} INFO - Processing /home/airflow/.local/lib/python3.12/site-packages/airflow/example_dags/example_external_task_marker_dag.py took 0.133 seconds
[2025-12-13T10:17:54.479+0000] {processor.py:186} INFO - Started process (PID=308) to work on /home/airflow/.local/lib/python3.12/site-packages/airflow/example_dags/example_external_task_marker_dag.py
[2025-12-13T10:17:54.480+0000] {processor.py:914} INFO - Processing file /home/airflow/.local/lib/python3.12/site-packages/airflow/example_dags/example_external_task_marker_dag.py for tasks to queue
[2025-12-13T10:17:54.484+0000] {logging_mixin.py:190} INFO - [2025-12-13T10:17:54.483+0000] {dagbag.py:588} INFO - Filling up the DagBag from /home/airflow/.local/lib/python3.12/site-packages/airflow/example_dags/example_external_task_marker_dag.py
[2025-12-13T10:17:54.497+0000] {processor.py:925} INFO - DAG(s) 'example_external_task_marker_child', 'example_external_task_marker_parent' retrieved from /home/airflow/.local/lib/python3.12/site-packages/airflow/example_dags/example_external_task_marker_dag.py
[2025-12-13T10:17:54.536+0000] {logging_mixin.py:190} INFO - [2025-12-13T10:17:54.535+0000] {dag.py:3239} INFO - Sync 2 DAGs
[2025-12-13T10:17:54.565+0000] {logging_mixin.py:190} INFO - [2025-12-13T10:17:54.564+0000] {dag.py:4180} INFO - Setting next_dagrun for example_external_task_marker_child to None, run_after=None
[2025-12-13T10:17:54.571+0000] {logging_mixin.py:190} INFO - [2025-12-13T10:17:54.571+0000] {dag.py:4180} INFO - Setting next_dagrun for example_external_task_marker_parent to None, run_after=None
[2025-12-13T10:17:54.600+0000] {processor.py:208} INFO - Processing /home/airflow/.local/lib/python3.12/site-packages/airflow/example_dags/example_external_task_marker_dag.py took 0.133 seconds
[2025-12-13T10:18:26.777+0000] {processor.py:186} INFO - Started process (PID=371) to work on /home/airflow/.local/lib/python3.12/site-packages/airflow/example_dags/example_external_task_marker_dag.py
[2025-12-13T10:18:26.779+0000] {processor.py:914} INFO - Processing file /home/airflow/.local/lib/python3.12/site-packages/airflow/example_dags/example_external_task_marker_dag.py for tasks to queue
[2025-12-13T10:18:26.784+0000] {logging_mixin.py:190} INFO - [2025-12-13T10:18:26.783+0000] {dagbag.py:588} INFO - Filling up the DagBag from /home/airflow/.local/lib/python3.12/site-packages/airflow/example_dags/example_external_task_marker_dag.py
[2025-12-13T10:18:26.809+0000] {processor.py:925} INFO - DAG(s) 'example_external_task_marker_parent', 'example_external_task_marker_child' retrieved from /home/airflow/.local/lib/python3.12/site-packages/airflow/example_dags/example_external_task_marker_dag.py
[2025-12-13T10:18:26.855+0000] {logging_mixin.py:190} INFO - [2025-12-13T10:18:26.854+0000] {dag.py:3239} INFO - Sync 2 DAGs
[2025-12-13T10:18:26.892+0000] {logging_mixin.py:190} INFO - [2025-12-13T10:18:26.892+0000] {dag.py:4180} INFO - Setting next_dagrun for example_external_task_marker_child to None, run_after=None
[2025-12-13T10:18:26.902+0000] {logging_mixin.py:190} INFO - [2025-12-13T10:18:26.902+0000] {dag.py:4180} INFO - Setting next_dagrun for example_external_task_marker_parent to None, run_after=None
[2025-12-13T10:18:26.929+0000] {processor.py:208} INFO - Processing /home/airflow/.local/lib/python3.12/site-packages/airflow/example_dags/example_external_task_marker_dag.py took 0.167 seconds
[2025-12-13T10:19:00.327+0000] {processor.py:186} INFO - Started process (PID=434) to work on /home/airflow/.local/lib/python3.12/site-packages/airflow/example_dags/example_external_task_marker_dag.py
[2025-12-13T10:19:00.328+0000] {processor.py:914} INFO - Processing file /home/airflow/.local/lib/python3.12/site-packages/airflow/example_dags/example_external_task_marker_dag.py for tasks to queue
[2025-12-13T10:19:00.340+0000] {logging_mixin.py:190} INFO - [2025-12-13T10:19:00.338+0000] {dagbag.py:588} INFO - Filling up the DagBag from /home/airflow/.local/lib/python3.12/site-packages/airflow/example_dags/example_external_task_marker_dag.py
[2025-12-13T10:19:00.369+0000] {processor.py:925} INFO - DAG(s) 'example_external_task_marker_parent', 'example_external_task_marker_child' retrieved from /home/airflow/.local/lib/python3.12/site-packages/airflow/example_dags/example_external_task_marker_dag.py
[2025-12-13T10:19:00.438+0000] {logging_mixin.py:190} INFO - [2025-12-13T10:19:00.437+0000] {dag.py:3239} INFO - Sync 2 DAGs
[2025-12-13T10:19:00.485+0000] {logging_mixin.py:190} INFO - [2025-12-13T10:19:00.484+0000] {dag.py:4180} INFO - Setting next_dagrun for example_external_task_marker_child to None, run_after=None
[2025-12-13T10:19:00.494+0000] {logging_mixin.py:190} INFO - [2025-12-13T10:19:00.493+0000] {dag.py:4180} INFO - Setting next_dagrun for example_external_task_marker_parent to None, run_after=None
[2025-12-13T10:19:00.538+0000] {processor.py:208} INFO - Processing /home/airflow/.local/lib/python3.12/site-packages/airflow/example_dags/example_external_task_marker_dag.py took 0.236 seconds
[2025-12-13T10:19:32.274+0000] {processor.py:186} INFO - Started process (PID=497) to work on /home/airflow/.local/lib/python3.12/site-packages/airflow/example_dags/example_external_task_marker_dag.py
[2025-12-13T10:19:32.276+0000] {processor.py:914} INFO - Processing file /home/airflow/.local/lib/python3.12/site-packages/airflow/example_dags/example_external_task_marker_dag.py for tasks to queue
[2025-12-13T10:19:32.280+0000] {logging_mixin.py:190} INFO - [2025-12-13T10:19:32.279+0000] {dagbag.py:588} INFO - Filling up the DagBag from /home/airflow/.local/lib/python3.12/site-packages/airflow/example_dags/example_external_task_marker_dag.py
[2025-12-13T10:19:32.303+0000] {processor.py:925} INFO - DAG(s) 'example_external_task_marker_child', 'example_external_task_marker_parent' retrieved from /home/airflow/.local/lib/python3.12/site-packages/airflow/example_dags/example_external_task_marker_dag.py
[2025-12-13T10:19:32.381+0000] {logging_mixin.py:190} INFO - [2025-12-13T10:19:32.381+0000] {dag.py:3239} INFO - Sync 2 DAGs
[2025-12-13T10:19:32.419+0000] {logging_mixin.py:190} INFO - [2025-12-13T10:19:32.419+0000] {dag.py:4180} INFO - Setting next_dagrun for example_external_task_marker_child to None, run_after=None
[2025-12-13T10:19:32.427+0000] {logging_mixin.py:190} INFO - [2025-12-13T10:19:32.427+0000] {dag.py:4180} INFO - Setting next_dagrun for example_external_task_marker_parent to None, run_after=None
[2025-12-13T10:19:32.460+0000] {processor.py:208} INFO - Processing /home/airflow/.local/lib/python3.12/site-packages/airflow/example_dags/example_external_task_marker_dag.py took 0.200 seconds
[2025-12-13T10:20:02.954+0000] {processor.py:186} INFO - Started process (PID=560) to work on /home/airflow/.local/lib/python3.12/site-packages/airflow/example_dags/example_external_task_marker_dag.py
[2025-12-13T10:20:02.956+0000] {processor.py:914} INFO - Processing file /home/airflow/.local/lib/python3.12/site-packages/airflow/example_dags/example_external_task_marker_dag.py for tasks to queue
[2025-12-13T10:20:02.960+0000] {logging_mixin.py:190} INFO - [2025-12-13T10:20:02.959+0000] {dagbag.py:588} INFO - Filling up the DagBag from /home/airflow/.local/lib/python3.12/site-packages/airflow/example_dags/example_external_task_marker_dag.py
[2025-12-13T10:20:02.989+0000] {processor.py:925} INFO - DAG(s) 'example_external_task_marker_child', 'example_external_task_marker_parent' retrieved from /home/airflow/.local/lib/python3.12/site-packages/airflow/example_dags/example_external_task_marker_dag.py
[2025-12-13T10:20:03.048+0000] {logging_mixin.py:190} INFO - [2025-12-13T10:20:03.047+0000] {dag.py:3239} INFO - Sync 2 DAGs
[2025-12-13T10:20:03.087+0000] {logging_mixin.py:190} INFO - [2025-12-13T10:20:03.087+0000] {dag.py:4180} INFO - Setting next_dagrun for example_external_task_marker_child to None, run_after=None
[2025-12-13T10:20:03.095+0000] {logging_mixin.py:190} INFO - [2025-12-13T10:20:03.095+0000] {dag.py:4180} INFO - Setting next_dagrun for example_external_task_marker_parent to None, run_after=None
[2025-12-13T10:20:03.132+0000] {processor.py:208} INFO - Processing /home/airflow/.local/lib/python3.12/site-packages/airflow/example_dags/example_external_task_marker_dag.py took 0.191 seconds
[2025-12-13T10:20:33.618+0000] {processor.py:186} INFO - Started process (PID=622) to work on /home/airflow/.local/lib/python3.12/site-packages/airflow/example_dags/example_external_task_marker_dag.py
[2025-12-13T10:20:33.619+0000] {processor.py:914} INFO - Processing file /home/airflow/.local/lib/python3.12/site-packages/airflow/example_dags/example_external_task_marker_dag.py for tasks to queue
[2025-12-13T10:20:33.622+0000] {logging_mixin.py:190} INFO - [2025-12-13T10:20:33.622+0000] {dagbag.py:588} INFO - Filling up the DagBag from /home/airflow/.local/lib/python3.12/site-packages/airflow/example_dags/example_external_task_marker_dag.py
[2025-12-13T10:20:33.638+0000] {processor.py:925} INFO - DAG(s) 'example_external_task_marker_parent', 'example_external_task_marker_child' retrieved from /home/airflow/.local/lib/python3.12/site-packages/airflow/example_dags/example_external_task_marker_dag.py
[2025-12-13T10:20:33.676+0000] {logging_mixin.py:190} INFO - [2025-12-13T10:20:33.675+0000] {dag.py:3239} INFO - Sync 2 DAGs
[2025-12-13T10:20:33.702+0000] {logging_mixin.py:190} INFO - [2025-12-13T10:20:33.702+0000] {dag.py:4180} INFO - Setting next_dagrun for example_external_task_marker_child to None, run_after=None
[2025-12-13T10:20:33.708+0000] {logging_mixin.py:190} INFO - [2025-12-13T10:20:33.708+0000] {dag.py:4180} INFO - Setting next_dagrun for example_external_task_marker_parent to None, run_after=None
[2025-12-13T10:20:33.734+0000] {processor.py:208} INFO - Processing /home/airflow/.local/lib/python3.12/site-packages/airflow/example_dags/example_external_task_marker_dag.py took 0.128 seconds
[2025-12-13T10:21:04.706+0000] {processor.py:186} INFO - Started process (PID=685) to work on /home/airflow/.local/lib/python3.12/site-packages/airflow/example_dags/example_external_task_marker_dag.py
[2025-12-13T10:21:04.707+0000] {processor.py:914} INFO - Processing file /home/airflow/.local/lib/python3.12/site-packages/airflow/example_dags/example_external_task_marker_dag.py for tasks to queue
[2025-12-13T10:21:04.711+0000] {logging_mixin.py:190} INFO - [2025-12-13T10:21:04.711+0000] {dagbag.py:588} INFO - Filling up the DagBag from /home/airflow/.local/lib/python3.12/site-packages/airflow/example_dags/example_external_task_marker_dag.py
[2025-12-13T10:21:04.728+0000] {processor.py:925} INFO - DAG(s) 'example_external_task_marker_child', 'example_external_task_marker_parent' retrieved from /home/airflow/.local/lib/python3.12/site-packages/airflow/example_dags/example_external_task_marker_dag.py
[2025-12-13T10:21:04.771+0000] {logging_mixin.py:190} INFO - [2025-12-13T10:21:04.770+0000] {dag.py:3239} INFO - Sync 2 DAGs
[2025-12-13T10:21:04.806+0000] {logging_mixin.py:190} INFO - [2025-12-13T10:21:04.806+0000] {dag.py:4180} INFO - Setting next_dagrun for example_external_task_marker_child to None, run_after=None
[2025-12-13T10:21:04.816+0000] {logging_mixin.py:190} INFO - [2025-12-13T10:21:04.815+0000] {dag.py:4180} INFO - Setting next_dagrun for example_external_task_marker_parent to None, run_after=None
[2025-12-13T10:21:04.848+0000] {processor.py:208} INFO - Processing /home/airflow/.local/lib/python3.12/site-packages/airflow/example_dags/example_external_task_marker_dag.py took 0.154 seconds
[2025-12-13T10:21:35.143+0000] {processor.py:186} INFO - Started process (PID=748) to work on /home/airflow/.local/lib/python3.12/site-packages/airflow/example_dags/example_external_task_marker_dag.py
[2025-12-13T10:21:35.145+0000] {processor.py:914} INFO - Processing file /home/airflow/.local/lib/python3.12/site-packages/airflow/example_dags/example_external_task_marker_dag.py for tasks to queue
[2025-12-13T10:21:35.151+0000] {logging_mixin.py:190} INFO - [2025-12-13T10:21:35.150+0000] {dagbag.py:588} INFO - Filling up the DagBag from /home/airflow/.local/lib/python3.12/site-packages/airflow/example_dags/example_external_task_marker_dag.py
[2025-12-13T10:21:35.170+0000] {processor.py:925} INFO - DAG(s) 'example_external_task_marker_child', 'example_external_task_marker_parent' retrieved from /home/airflow/.local/lib/python3.12/site-packages/airflow/example_dags/example_external_task_marker_dag.py
[2025-12-13T10:21:35.215+0000] {logging_mixin.py:190} INFO - [2025-12-13T10:21:35.215+0000] {dag.py:3239} INFO - Sync 2 DAGs
[2025-12-13T10:21:35.248+0000] {logging_mixin.py:190} INFO - [2025-12-13T10:21:35.247+0000] {dag.py:4180} INFO - Setting next_dagrun for example_external_task_marker_child to None, run_after=None
[2025-12-13T10:21:35.255+0000] {logging_mixin.py:190} INFO - [2025-12-13T10:21:35.255+0000] {dag.py:4180} INFO - Setting next_dagrun for example_external_task_marker_parent to None, run_after=None
[2025-12-13T10:21:35.285+0000] {processor.py:208} INFO - Processing /home/airflow/.local/lib/python3.12/site-packages/airflow/example_dags/example_external_task_marker_dag.py took 0.157 seconds
[2025-12-13T10:22:08.119+0000] {processor.py:186} INFO - Started process (PID=811) to work on /home/airflow/.local/lib/python3.12/site-packages/airflow/example_dags/example_external_task_marker_dag.py
[2025-12-13T10:22:08.122+0000] {processor.py:914} INFO - Processing file /home/airflow/.local/lib/python3.12/site-packages/airflow/example_dags/example_external_task_marker_dag.py for tasks to queue
[2025-12-13T10:22:08.129+0000] {logging_mixin.py:190} INFO - [2025-12-13T10:22:08.129+0000] {dagbag.py:588} INFO - Filling up the DagBag from /home/airflow/.local/lib/python3.12/site-packages/airflow/example_dags/example_external_task_marker_dag.py
[2025-12-13T10:22:08.161+0000] {processor.py:925} INFO - DAG(s) 'example_external_task_marker_parent', 'example_external_task_marker_child' retrieved from /home/airflow/.local/lib/python3.12/site-packages/airflow/example_dags/example_external_task_marker_dag.py
[2025-12-13T10:22:08.208+0000] {logging_mixin.py:190} INFO - [2025-12-13T10:22:08.208+0000] {dag.py:3239} INFO - Sync 2 DAGs
[2025-12-13T10:22:08.240+0000] {logging_mixin.py:190} INFO - [2025-12-13T10:22:08.240+0000] {dag.py:4180} INFO - Setting next_dagrun for example_external_task_marker_child to None, run_after=None
[2025-12-13T10:22:08.248+0000] {logging_mixin.py:190} INFO - [2025-12-13T10:22:08.248+0000] {dag.py:4180} INFO - Setting next_dagrun for example_external_task_marker_parent to None, run_after=None
[2025-12-13T10:22:08.286+0000] {processor.py:208} INFO - Processing /home/airflow/.local/lib/python3.12/site-packages/airflow/example_dags/example_external_task_marker_dag.py took 0.181 seconds
[2025-12-13T10:22:40.406+0000] {processor.py:186} INFO - Started process (PID=875) to work on /home/airflow/.local/lib/python3.12/site-packages/airflow/example_dags/example_external_task_marker_dag.py
[2025-12-13T10:22:40.407+0000] {processor.py:914} INFO - Processing file /home/airflow/.local/lib/python3.12/site-packages/airflow/example_dags/example_external_task_marker_dag.py for tasks to queue
[2025-12-13T10:22:40.425+0000] {logging_mixin.py:190} INFO - [2025-12-13T10:22:40.418+0000] {dagbag.py:588} INFO - Filling up the DagBag from /home/airflow/.local/lib/python3.12/site-packages/airflow/example_dags/example_external_task_marker_dag.py
[2025-12-13T10:22:40.471+0000] {processor.py:925} INFO - DAG(s) 'example_external_task_marker_child', 'example_external_task_marker_parent' retrieved from /home/airflow/.local/lib/python3.12/site-packages/airflow/example_dags/example_external_task_marker_dag.py
[2025-12-13T10:22:40.629+0000] {logging_mixin.py:190} INFO - [2025-12-13T10:22:40.629+0000] {dag.py:3239} INFO - Sync 2 DAGs
[2025-12-13T10:22:40.699+0000] {logging_mixin.py:190} INFO - [2025-12-13T10:22:40.698+0000] {dag.py:4180} INFO - Setting next_dagrun for example_external_task_marker_child to None, run_after=None
[2025-12-13T10:22:40.733+0000] {logging_mixin.py:190} INFO - [2025-12-13T10:22:40.732+0000] {dag.py:4180} INFO - Setting next_dagrun for example_external_task_marker_parent to None, run_after=None
[2025-12-13T10:22:40.803+0000] {processor.py:208} INFO - Processing /home/airflow/.local/lib/python3.12/site-packages/airflow/example_dags/example_external_task_marker_dag.py took 0.439 seconds
[2025-12-13T10:23:10.945+0000] {processor.py:186} INFO - Started process (PID=937) to work on /home/airflow/.local/lib/python3.12/site-packages/airflow/example_dags/example_external_task_marker_dag.py
[2025-12-13T10:23:10.947+0000] {processor.py:914} INFO - Processing file /home/airflow/.local/lib/python3.12/site-packages/airflow/example_dags/example_external_task_marker_dag.py for tasks to queue
[2025-12-13T10:23:10.950+0000] {logging_mixin.py:190} INFO - [2025-12-13T10:23:10.950+0000] {dagbag.py:588} INFO - Filling up the DagBag from /home/airflow/.local/lib/python3.12/site-packages/airflow/example_dags/example_external_task_marker_dag.py
[2025-12-13T10:23:10.962+0000] {processor.py:925} INFO - DAG(s) 'example_external_task_marker_parent', 'example_external_task_marker_child' retrieved from /home/airflow/.local/lib/python3.12/site-packages/airflow/example_dags/example_external_task_marker_dag.py
[2025-12-13T10:23:11.004+0000] {logging_mixin.py:190} INFO - [2025-12-13T10:23:11.003+0000] {dag.py:3239} INFO - Sync 2 DAGs
[2025-12-13T10:23:11.037+0000] {logging_mixin.py:190} INFO - [2025-12-13T10:23:11.036+0000] {dag.py:4180} INFO - Setting next_dagrun for example_external_task_marker_child to None, run_after=None
[2025-12-13T10:23:11.042+0000] {logging_mixin.py:190} INFO - [2025-12-13T10:23:11.041+0000] {dag.py:4180} INFO - Setting next_dagrun for example_external_task_marker_parent to None, run_after=None
[2025-12-13T10:23:11.067+0000] {processor.py:208} INFO - Processing /home/airflow/.local/lib/python3.12/site-packages/airflow/example_dags/example_external_task_marker_dag.py took 0.133 seconds
[2025-12-13T10:23:42.289+0000] {processor.py:186} INFO - Started process (PID=1000) to work on /home/airflow/.local/lib/python3.12/site-packages/airflow/example_dags/example_external_task_marker_dag.py
[2025-12-13T10:23:42.290+0000] {processor.py:914} INFO - Processing file /home/airflow/.local/lib/python3.12/site-packages/airflow/example_dags/example_external_task_marker_dag.py for tasks to queue
[2025-12-13T10:23:42.294+0000] {logging_mixin.py:190} INFO - [2025-12-13T10:23:42.294+0000] {dagbag.py:588} INFO - Filling up the DagBag from /home/airflow/.local/lib/python3.12/site-packages/airflow/example_dags/example_external_task_marker_dag.py
[2025-12-13T10:23:42.310+0000] {processor.py:925} INFO - DAG(s) 'example_external_task_marker_parent', 'example_external_task_marker_child' retrieved from /home/airflow/.local/lib/python3.12/site-packages/airflow/example_dags/example_external_task_marker_dag.py
[2025-12-13T10:23:42.345+0000] {logging_mixin.py:190} INFO - [2025-12-13T10:23:42.344+0000] {dag.py:3239} INFO - Sync 2 DAGs
[2025-12-13T10:23:42.370+0000] {logging_mixin.py:190} INFO - [2025-12-13T10:23:42.370+0000] {dag.py:4180} INFO - Setting next_dagrun for example_external_task_marker_child to None, run_after=None
[2025-12-13T10:23:42.376+0000] {logging_mixin.py:190} INFO - [2025-12-13T10:23:42.375+0000] {dag.py:4180} INFO - Setting next_dagrun for example_external_task_marker_parent to None, run_after=None
[2025-12-13T10:23:42.402+0000] {processor.py:208} INFO - Processing /home/airflow/.local/lib/python3.12/site-packages/airflow/example_dags/example_external_task_marker_dag.py took 0.124 seconds
[2025-12-13T10:24:15.004+0000] {processor.py:186} INFO - Started process (PID=1074) to work on /home/airflow/.local/lib/python3.12/site-packages/airflow/example_dags/example_external_task_marker_dag.py
[2025-12-13T10:24:15.005+0000] {processor.py:914} INFO - Processing file /home/airflow/.local/lib/python3.12/site-packages/airflow/example_dags/example_external_task_marker_dag.py for tasks to queue
[2025-12-13T10:24:15.010+0000] {logging_mixin.py:190} INFO - [2025-12-13T10:24:15.009+0000] {dagbag.py:588} INFO - Filling up the DagBag from /home/airflow/.local/lib/python3.12/site-packages/airflow/example_dags/example_external_task_marker_dag.py
[2025-12-13T10:24:15.023+0000] {processor.py:925} INFO - DAG(s) 'example_external_task_marker_parent', 'example_external_task_marker_child' retrieved from /home/airflow/.local/lib/python3.12/site-packages/airflow/example_dags/example_external_task_marker_dag.py
[2025-12-13T10:24:15.065+0000] {logging_mixin.py:190} INFO - [2025-12-13T10:24:15.064+0000] {dag.py:3239} INFO - Sync 2 DAGs
[2025-12-13T10:24:15.093+0000] {logging_mixin.py:190} INFO - [2025-12-13T10:24:15.093+0000] {dag.py:4180} INFO - Setting next_dagrun for example_external_task_marker_child to None, run_after=None
[2025-12-13T10:24:15.100+0000] {logging_mixin.py:190} INFO - [2025-12-13T10:24:15.100+0000] {dag.py:4180} INFO - Setting next_dagrun for example_external_task_marker_parent to None, run_after=None
[2025-12-13T10:24:15.125+0000] {processor.py:208} INFO - Processing /home/airflow/.local/lib/python3.12/site-packages/airflow/example_dags/example_external_task_marker_dag.py took 0.135 seconds
[2025-12-13T10:24:46.430+0000] {processor.py:186} INFO - Started process (PID=1136) to work on /home/airflow/.local/lib/python3.12/site-packages/airflow/example_dags/example_external_task_marker_dag.py
[2025-12-13T10:24:46.431+0000] {processor.py:914} INFO - Processing file /home/airflow/.local/lib/python3.12/site-packages/airflow/example_dags/example_external_task_marker_dag.py for tasks to queue
[2025-12-13T10:24:46.435+0000] {logging_mixin.py:190} INFO - [2025-12-13T10:24:46.435+0000] {dagbag.py:588} INFO - Filling up the DagBag from /home/airflow/.local/lib/python3.12/site-packages/airflow/example_dags/example_external_task_marker_dag.py
[2025-12-13T10:24:46.449+0000] {processor.py:925} INFO - DAG(s) 'example_external_task_marker_child', 'example_external_task_marker_parent' retrieved from /home/airflow/.local/lib/python3.12/site-packages/airflow/example_dags/example_external_task_marker_dag.py
[2025-12-13T10:24:46.484+0000] {logging_mixin.py:190} INFO - [2025-12-13T10:24:46.484+0000] {dag.py:3239} INFO - Sync 2 DAGs
[2025-12-13T10:24:46.511+0000] {logging_mixin.py:190} INFO - [2025-12-13T10:24:46.510+0000] {dag.py:4180} INFO - Setting next_dagrun for example_external_task_marker_child to None, run_after=None
[2025-12-13T10:24:46.518+0000] {logging_mixin.py:190} INFO - [2025-12-13T10:24:46.517+0000] {dag.py:4180} INFO - Setting next_dagrun for example_external_task_marker_parent to None, run_after=None
[2025-12-13T10:24:46.545+0000] {processor.py:208} INFO - Processing /home/airflow/.local/lib/python3.12/site-packages/airflow/example_dags/example_external_task_marker_dag.py took 0.127 seconds
[2025-12-13T10:25:18.497+0000] {processor.py:186} INFO - Started process (PID=1201) to work on /home/airflow/.local/lib/python3.12/site-packages/airflow/example_dags/example_external_task_marker_dag.py
[2025-12-13T10:25:18.498+0000] {processor.py:914} INFO - Processing file /home/airflow/.local/lib/python3.12/site-packages/airflow/example_dags/example_external_task_marker_dag.py for tasks to queue
[2025-12-13T10:25:18.501+0000] {logging_mixin.py:190} INFO - [2025-12-13T10:25:18.501+0000] {dagbag.py:588} INFO - Filling up the DagBag from /home/airflow/.local/lib/python3.12/site-packages/airflow/example_dags/example_external_task_marker_dag.py
[2025-12-13T10:25:18.516+0000] {processor.py:925} INFO - DAG(s) 'example_external_task_marker_child', 'example_external_task_marker_parent' retrieved from /home/airflow/.local/lib/python3.12/site-packages/airflow/example_dags/example_external_task_marker_dag.py
[2025-12-13T10:25:18.555+0000] {logging_mixin.py:190} INFO - [2025-12-13T10:25:18.555+0000] {dag.py:3239} INFO - Sync 2 DAGs
[2025-12-13T10:25:18.584+0000] {logging_mixin.py:190} INFO - [2025-12-13T10:25:18.584+0000] {dag.py:4180} INFO - Setting next_dagrun for example_external_task_marker_child to None, run_after=None
[2025-12-13T10:25:18.592+0000] {logging_mixin.py:190} INFO - [2025-12-13T10:25:18.591+0000] {dag.py:4180} INFO - Setting next_dagrun for example_external_task_marker_parent to None, run_after=None
[2025-12-13T10:25:18.624+0000] {processor.py:208} INFO - Processing /home/airflow/.local/lib/python3.12/site-packages/airflow/example_dags/example_external_task_marker_dag.py took 0.137 seconds
[2025-12-13T10:25:50.929+0000] {processor.py:186} INFO - Started process (PID=1267) to work on /home/airflow/.local/lib/python3.12/site-packages/airflow/example_dags/example_external_task_marker_dag.py
[2025-12-13T10:25:50.930+0000] {processor.py:914} INFO - Processing file /home/airflow/.local/lib/python3.12/site-packages/airflow/example_dags/example_external_task_marker_dag.py for tasks to queue
[2025-12-13T10:25:50.934+0000] {logging_mixin.py:190} INFO - [2025-12-13T10:25:50.933+0000] {dagbag.py:588} INFO - Filling up the DagBag from /home/airflow/.local/lib/python3.12/site-packages/airflow/example_dags/example_external_task_marker_dag.py
[2025-12-13T10:25:50.951+0000] {processor.py:925} INFO - DAG(s) 'example_external_task_marker_parent', 'example_external_task_marker_child' retrieved from /home/airflow/.local/lib/python3.12/site-packages/airflow/example_dags/example_external_task_marker_dag.py
[2025-12-13T10:25:50.996+0000] {logging_mixin.py:190} INFO - [2025-12-13T10:25:50.996+0000] {dag.py:3239} INFO - Sync 2 DAGs
[2025-12-13T10:25:51.030+0000] {logging_mixin.py:190} INFO - [2025-12-13T10:25:51.030+0000] {dag.py:4180} INFO - Setting next_dagrun for example_external_task_marker_child to None, run_after=None
[2025-12-13T10:25:51.040+0000] {logging_mixin.py:190} INFO - [2025-12-13T10:25:51.039+0000] {dag.py:4180} INFO - Setting next_dagrun for example_external_task_marker_parent to None, run_after=None
[2025-12-13T10:25:51.088+0000] {processor.py:208} INFO - Processing /home/airflow/.local/lib/python3.12/site-packages/airflow/example_dags/example_external_task_marker_dag.py took 0.171 seconds
[2025-12-13T10:26:24.587+0000] {processor.py:186} INFO - Started process (PID=1335) to work on /home/airflow/.local/lib/python3.12/site-packages/airflow/example_dags/example_external_task_marker_dag.py
[2025-12-13T10:26:24.589+0000] {processor.py:914} INFO - Processing file /home/airflow/.local/lib/python3.12/site-packages/airflow/example_dags/example_external_task_marker_dag.py for tasks to queue
[2025-12-13T10:26:24.593+0000] {logging_mixin.py:190} INFO - [2025-12-13T10:26:24.592+0000] {dagbag.py:588} INFO - Filling up the DagBag from /home/airflow/.local/lib/python3.12/site-packages/airflow/example_dags/example_external_task_marker_dag.py
[2025-12-13T10:26:24.609+0000] {processor.py:925} INFO - DAG(s) 'example_external_task_marker_parent', 'example_external_task_marker_child' retrieved from /home/airflow/.local/lib/python3.12/site-packages/airflow/example_dags/example_external_task_marker_dag.py
[2025-12-13T10:26:24.654+0000] {logging_mixin.py:190} INFO - [2025-12-13T10:26:24.654+0000] {dag.py:3239} INFO - Sync 2 DAGs
[2025-12-13T10:26:24.686+0000] {logging_mixin.py:190} INFO - [2025-12-13T10:26:24.686+0000] {dag.py:4180} INFO - Setting next_dagrun for example_external_task_marker_child to None, run_after=None
[2025-12-13T10:26:24.694+0000] {logging_mixin.py:190} INFO - [2025-12-13T10:26:24.693+0000] {dag.py:4180} INFO - Setting next_dagrun for example_external_task_marker_parent to None, run_after=None
[2025-12-13T10:26:24.727+0000] {processor.py:208} INFO - Processing /home/airflow/.local/lib/python3.12/site-packages/airflow/example_dags/example_external_task_marker_dag.py took 0.151 seconds
[2025-12-13T10:26:55.831+0000] {processor.py:186} INFO - Started process (PID=1398) to work on /home/airflow/.local/lib/python3.12/site-packages/airflow/example_dags/example_external_task_marker_dag.py
[2025-12-13T10:26:55.833+0000] {processor.py:914} INFO - Processing file /home/airflow/.local/lib/python3.12/site-packages/airflow/example_dags/example_external_task_marker_dag.py for tasks to queue
[2025-12-13T10:26:55.837+0000] {logging_mixin.py:190} INFO - [2025-12-13T10:26:55.837+0000] {dagbag.py:588} INFO - Filling up the DagBag from /home/airflow/.local/lib/python3.12/site-packages/airflow/example_dags/example_external_task_marker_dag.py
[2025-12-13T10:26:55.854+0000] {processor.py:925} INFO - DAG(s) 'example_external_task_marker_parent', 'example_external_task_marker_child' retrieved from /home/airflow/.local/lib/python3.12/site-packages/airflow/example_dags/example_external_task_marker_dag.py
[2025-12-13T10:26:55.917+0000] {logging_mixin.py:190} INFO - [2025-12-13T10:26:55.916+0000] {dag.py:3239} INFO - Sync 2 DAGs
[2025-12-13T10:26:55.990+0000] {logging_mixin.py:190} INFO - [2025-12-13T10:26:55.989+0000] {dag.py:4180} INFO - Setting next_dagrun for example_external_task_marker_child to None, run_after=None
[2025-12-13T10:26:56.011+0000] {logging_mixin.py:190} INFO - [2025-12-13T10:26:56.011+0000] {dag.py:4180} INFO - Setting next_dagrun for example_external_task_marker_parent to None, run_after=None
[2025-12-13T10:26:56.098+0000] {processor.py:208} INFO - Processing /home/airflow/.local/lib/python3.12/site-packages/airflow/example_dags/example_external_task_marker_dag.py took 0.280 seconds
[2025-12-13T10:27:26.495+0000] {processor.py:186} INFO - Started process (PID=1461) to work on /home/airflow/.local/lib/python3.12/site-packages/airflow/example_dags/example_external_task_marker_dag.py
[2025-12-13T10:27:26.496+0000] {processor.py:914} INFO - Processing file /home/airflow/.local/lib/python3.12/site-packages/airflow/example_dags/example_external_task_marker_dag.py for tasks to queue
[2025-12-13T10:27:26.501+0000] {logging_mixin.py:190} INFO - [2025-12-13T10:27:26.500+0000] {dagbag.py:588} INFO - Filling up the DagBag from /home/airflow/.local/lib/python3.12/site-packages/airflow/example_dags/example_external_task_marker_dag.py
[2025-12-13T10:27:26.518+0000] {processor.py:925} INFO - DAG(s) 'example_external_task_marker_child', 'example_external_task_marker_parent' retrieved from /home/airflow/.local/lib/python3.12/site-packages/airflow/example_dags/example_external_task_marker_dag.py
[2025-12-13T10:27:26.566+0000] {logging_mixin.py:190} INFO - [2025-12-13T10:27:26.565+0000] {dag.py:3239} INFO - Sync 2 DAGs
[2025-12-13T10:27:26.601+0000] {logging_mixin.py:190} INFO - [2025-12-13T10:27:26.601+0000] {dag.py:4180} INFO - Setting next_dagrun for example_external_task_marker_child to None, run_after=None
[2025-12-13T10:27:26.611+0000] {logging_mixin.py:190} INFO - [2025-12-13T10:27:26.611+0000] {dag.py:4180} INFO - Setting next_dagrun for example_external_task_marker_parent to None, run_after=None
[2025-12-13T10:27:26.638+0000] {processor.py:208} INFO - Processing /home/airflow/.local/lib/python3.12/site-packages/airflow/example_dags/example_external_task_marker_dag.py took 0.158 seconds
[2025-12-13T10:27:56.702+0000] {processor.py:186} INFO - Started process (PID=1522) to work on /home/airflow/.local/lib/python3.12/site-packages/airflow/example_dags/example_external_task_marker_dag.py
[2025-12-13T10:27:56.703+0000] {processor.py:914} INFO - Processing file /home/airflow/.local/lib/python3.12/site-packages/airflow/example_dags/example_external_task_marker_dag.py for tasks to queue
[2025-12-13T10:27:56.707+0000] {logging_mixin.py:190} INFO - [2025-12-13T10:27:56.707+0000] {dagbag.py:588} INFO - Filling up the DagBag from /home/airflow/.local/lib/python3.12/site-packages/airflow/example_dags/example_external_task_marker_dag.py
[2025-12-13T10:27:56.723+0000] {processor.py:925} INFO - DAG(s) 'example_external_task_marker_parent', 'example_external_task_marker_child' retrieved from /home/airflow/.local/lib/python3.12/site-packages/airflow/example_dags/example_external_task_marker_dag.py
[2025-12-13T10:27:56.767+0000] {logging_mixin.py:190} INFO - [2025-12-13T10:27:56.767+0000] {dag.py:3239} INFO - Sync 2 DAGs
[2025-12-13T10:27:56.802+0000] {logging_mixin.py:190} INFO - [2025-12-13T10:27:56.802+0000] {dag.py:4180} INFO - Setting next_dagrun for example_external_task_marker_child to None, run_after=None
[2025-12-13T10:27:56.810+0000] {logging_mixin.py:190} INFO - [2025-12-13T10:27:56.810+0000] {dag.py:4180} INFO - Setting next_dagrun for example_external_task_marker_parent to None, run_after=None
[2025-12-13T10:27:56.839+0000] {processor.py:208} INFO - Processing /home/airflow/.local/lib/python3.12/site-packages/airflow/example_dags/example_external_task_marker_dag.py took 0.148 seconds
[2025-12-13T10:28:32.359+0000] {processor.py:186} INFO - Started process (PID=1590) to work on /home/airflow/.local/lib/python3.12/site-packages/airflow/example_dags/example_external_task_marker_dag.py
[2025-12-13T10:28:32.362+0000] {processor.py:914} INFO - Processing file /home/airflow/.local/lib/python3.12/site-packages/airflow/example_dags/example_external_task_marker_dag.py for tasks to queue
[2025-12-13T10:28:32.373+0000] {logging_mixin.py:190} INFO - [2025-12-13T10:28:32.372+0000] {dagbag.py:588} INFO - Filling up the DagBag from /home/airflow/.local/lib/python3.12/site-packages/airflow/example_dags/example_external_task_marker_dag.py
[2025-12-13T10:28:32.422+0000] {processor.py:925} INFO - DAG(s) 'example_external_task_marker_parent', 'example_external_task_marker_child' retrieved from /home/airflow/.local/lib/python3.12/site-packages/airflow/example_dags/example_external_task_marker_dag.py
[2025-12-13T10:28:32.532+0000] {logging_mixin.py:190} INFO - [2025-12-13T10:28:32.532+0000] {dag.py:3239} INFO - Sync 2 DAGs
[2025-12-13T10:28:32.644+0000] {logging_mixin.py:190} INFO - [2025-12-13T10:28:32.644+0000] {dag.py:4180} INFO - Setting next_dagrun for example_external_task_marker_child to None, run_after=None
[2025-12-13T10:28:32.666+0000] {logging_mixin.py:190} INFO - [2025-12-13T10:28:32.664+0000] {dag.py:4180} INFO - Setting next_dagrun for example_external_task_marker_parent to None, run_after=None
[2025-12-13T10:28:32.766+0000] {processor.py:208} INFO - Processing /home/airflow/.local/lib/python3.12/site-packages/airflow/example_dags/example_external_task_marker_dag.py took 0.436 seconds
[2025-12-13T10:29:03.407+0000] {processor.py:186} INFO - Started process (PID=1652) to work on /home/airflow/.local/lib/python3.12/site-packages/airflow/example_dags/example_external_task_marker_dag.py
[2025-12-13T10:29:03.409+0000] {processor.py:914} INFO - Processing file /home/airflow/.local/lib/python3.12/site-packages/airflow/example_dags/example_external_task_marker_dag.py for tasks to queue
[2025-12-13T10:29:03.415+0000] {logging_mixin.py:190} INFO - [2025-12-13T10:29:03.414+0000] {dagbag.py:588} INFO - Filling up the DagBag from /home/airflow/.local/lib/python3.12/site-packages/airflow/example_dags/example_external_task_marker_dag.py
[2025-12-13T10:29:03.431+0000] {processor.py:925} INFO - DAG(s) 'example_external_task_marker_child', 'example_external_task_marker_parent' retrieved from /home/airflow/.local/lib/python3.12/site-packages/airflow/example_dags/example_external_task_marker_dag.py
[2025-12-13T10:29:03.491+0000] {logging_mixin.py:190} INFO - [2025-12-13T10:29:03.491+0000] {dag.py:3239} INFO - Sync 2 DAGs
[2025-12-13T10:29:03.528+0000] {logging_mixin.py:190} INFO - [2025-12-13T10:29:03.526+0000] {dag.py:4180} INFO - Setting next_dagrun for example_external_task_marker_child to None, run_after=None
[2025-12-13T10:29:03.543+0000] {logging_mixin.py:190} INFO - [2025-12-13T10:29:03.542+0000] {dag.py:4180} INFO - Setting next_dagrun for example_external_task_marker_parent to None, run_after=None
[2025-12-13T10:29:03.587+0000] {processor.py:208} INFO - Processing /home/airflow/.local/lib/python3.12/site-packages/airflow/example_dags/example_external_task_marker_dag.py took 0.192 seconds
[2025-12-13T10:29:33.713+0000] {processor.py:186} INFO - Started process (PID=1714) to work on /home/airflow/.local/lib/python3.12/site-packages/airflow/example_dags/example_external_task_marker_dag.py
[2025-12-13T10:29:33.715+0000] {processor.py:914} INFO - Processing file /home/airflow/.local/lib/python3.12/site-packages/airflow/example_dags/example_external_task_marker_dag.py for tasks to queue
[2025-12-13T10:29:33.721+0000] {logging_mixin.py:190} INFO - [2025-12-13T10:29:33.720+0000] {dagbag.py:588} INFO - Filling up the DagBag from /home/airflow/.local/lib/python3.12/site-packages/airflow/example_dags/example_external_task_marker_dag.py
[2025-12-13T10:29:33.741+0000] {processor.py:925} INFO - DAG(s) 'example_external_task_marker_parent', 'example_external_task_marker_child' retrieved from /home/airflow/.local/lib/python3.12/site-packages/airflow/example_dags/example_external_task_marker_dag.py
[2025-12-13T10:29:33.795+0000] {logging_mixin.py:190} INFO - [2025-12-13T10:29:33.795+0000] {dag.py:3239} INFO - Sync 2 DAGs
[2025-12-13T10:29:33.837+0000] {logging_mixin.py:190} INFO - [2025-12-13T10:29:33.836+0000] {dag.py:4180} INFO - Setting next_dagrun for example_external_task_marker_child to None, run_after=None
[2025-12-13T10:29:33.847+0000] {logging_mixin.py:190} INFO - [2025-12-13T10:29:33.846+0000] {dag.py:4180} INFO - Setting next_dagrun for example_external_task_marker_parent to None, run_after=None
[2025-12-13T10:29:33.894+0000] {processor.py:208} INFO - Processing /home/airflow/.local/lib/python3.12/site-packages/airflow/example_dags/example_external_task_marker_dag.py took 0.197 seconds
[2025-12-13T10:30:04.858+0000] {processor.py:186} INFO - Started process (PID=1777) to work on /home/airflow/.local/lib/python3.12/site-packages/airflow/example_dags/example_external_task_marker_dag.py
[2025-12-13T10:30:04.860+0000] {processor.py:914} INFO - Processing file /home/airflow/.local/lib/python3.12/site-packages/airflow/example_dags/example_external_task_marker_dag.py for tasks to queue
[2025-12-13T10:30:04.866+0000] {logging_mixin.py:190} INFO - [2025-12-13T10:30:04.865+0000] {dagbag.py:588} INFO - Filling up the DagBag from /home/airflow/.local/lib/python3.12/site-packages/airflow/example_dags/example_external_task_marker_dag.py
[2025-12-13T10:30:04.880+0000] {processor.py:925} INFO - DAG(s) 'example_external_task_marker_parent', 'example_external_task_marker_child' retrieved from /home/airflow/.local/lib/python3.12/site-packages/airflow/example_dags/example_external_task_marker_dag.py
[2025-12-13T10:30:04.920+0000] {logging_mixin.py:190} INFO - [2025-12-13T10:30:04.920+0000] {dag.py:3239} INFO - Sync 2 DAGs
[2025-12-13T10:30:04.946+0000] {logging_mixin.py:190} INFO - [2025-12-13T10:30:04.946+0000] {dag.py:4180} INFO - Setting next_dagrun for example_external_task_marker_child to None, run_after=None
[2025-12-13T10:30:04.951+0000] {logging_mixin.py:190} INFO - [2025-12-13T10:30:04.951+0000] {dag.py:4180} INFO - Setting next_dagrun for example_external_task_marker_parent to None, run_after=None
[2025-12-13T10:30:04.980+0000] {processor.py:208} INFO - Processing /home/airflow/.local/lib/python3.12/site-packages/airflow/example_dags/example_external_task_marker_dag.py took 0.133 seconds
[2025-12-13T10:30:35.178+0000] {processor.py:186} INFO - Started process (PID=1840) to work on /home/airflow/.local/lib/python3.12/site-packages/airflow/example_dags/example_external_task_marker_dag.py
[2025-12-13T10:30:35.181+0000] {processor.py:914} INFO - Processing file /home/airflow/.local/lib/python3.12/site-packages/airflow/example_dags/example_external_task_marker_dag.py for tasks to queue
[2025-12-13T10:30:35.186+0000] {logging_mixin.py:190} INFO - [2025-12-13T10:30:35.185+0000] {dagbag.py:588} INFO - Filling up the DagBag from /home/airflow/.local/lib/python3.12/site-packages/airflow/example_dags/example_external_task_marker_dag.py
[2025-12-13T10:30:35.201+0000] {processor.py:925} INFO - DAG(s) 'example_external_task_marker_parent', 'example_external_task_marker_child' retrieved from /home/airflow/.local/lib/python3.12/site-packages/airflow/example_dags/example_external_task_marker_dag.py
[2025-12-13T10:30:35.240+0000] {logging_mixin.py:190} INFO - [2025-12-13T10:30:35.240+0000] {dag.py:3239} INFO - Sync 2 DAGs
[2025-12-13T10:30:35.276+0000] {logging_mixin.py:190} INFO - [2025-12-13T10:30:35.276+0000] {dag.py:4180} INFO - Setting next_dagrun for example_external_task_marker_child to None, run_after=None
[2025-12-13T10:30:35.284+0000] {logging_mixin.py:190} INFO - [2025-12-13T10:30:35.284+0000] {dag.py:4180} INFO - Setting next_dagrun for example_external_task_marker_parent to None, run_after=None
[2025-12-13T10:30:35.312+0000] {processor.py:208} INFO - Processing /home/airflow/.local/lib/python3.12/site-packages/airflow/example_dags/example_external_task_marker_dag.py took 0.144 seconds
[2025-12-13T10:31:06.106+0000] {processor.py:186} INFO - Started process (PID=1903) to work on /home/airflow/.local/lib/python3.12/site-packages/airflow/example_dags/example_external_task_marker_dag.py
[2025-12-13T10:31:06.107+0000] {processor.py:914} INFO - Processing file /home/airflow/.local/lib/python3.12/site-packages/airflow/example_dags/example_external_task_marker_dag.py for tasks to queue
[2025-12-13T10:31:06.111+0000] {logging_mixin.py:190} INFO - [2025-12-13T10:31:06.110+0000] {dagbag.py:588} INFO - Filling up the DagBag from /home/airflow/.local/lib/python3.12/site-packages/airflow/example_dags/example_external_task_marker_dag.py
[2025-12-13T10:31:06.125+0000] {processor.py:925} INFO - DAG(s) 'example_external_task_marker_child', 'example_external_task_marker_parent' retrieved from /home/airflow/.local/lib/python3.12/site-packages/airflow/example_dags/example_external_task_marker_dag.py
[2025-12-13T10:31:06.165+0000] {logging_mixin.py:190} INFO - [2025-12-13T10:31:06.165+0000] {dag.py:3239} INFO - Sync 2 DAGs
[2025-12-13T10:31:06.191+0000] {logging_mixin.py:190} INFO - [2025-12-13T10:31:06.191+0000] {dag.py:4180} INFO - Setting next_dagrun for example_external_task_marker_child to None, run_after=None
[2025-12-13T10:31:06.198+0000] {logging_mixin.py:190} INFO - [2025-12-13T10:31:06.197+0000] {dag.py:4180} INFO - Setting next_dagrun for example_external_task_marker_parent to None, run_after=None
[2025-12-13T10:31:06.222+0000] {processor.py:208} INFO - Processing /home/airflow/.local/lib/python3.12/site-packages/airflow/example_dags/example_external_task_marker_dag.py took 0.128 seconds
[2025-12-13T10:31:37.069+0000] {processor.py:186} INFO - Started process (PID=1966) to work on /home/airflow/.local/lib/python3.12/site-packages/airflow/example_dags/example_external_task_marker_dag.py
[2025-12-13T10:31:37.070+0000] {processor.py:914} INFO - Processing file /home/airflow/.local/lib/python3.12/site-packages/airflow/example_dags/example_external_task_marker_dag.py for tasks to queue
[2025-12-13T10:31:37.074+0000] {logging_mixin.py:190} INFO - [2025-12-13T10:31:37.074+0000] {dagbag.py:588} INFO - Filling up the DagBag from /home/airflow/.local/lib/python3.12/site-packages/airflow/example_dags/example_external_task_marker_dag.py
[2025-12-13T10:31:37.090+0000] {processor.py:925} INFO - DAG(s) 'example_external_task_marker_parent', 'example_external_task_marker_child' retrieved from /home/airflow/.local/lib/python3.12/site-packages/airflow/example_dags/example_external_task_marker_dag.py
[2025-12-13T10:31:37.144+0000] {logging_mixin.py:190} INFO - [2025-12-13T10:31:37.143+0000] {dag.py:3239} INFO - Sync 2 DAGs
[2025-12-13T10:31:37.178+0000] {logging_mixin.py:190} INFO - [2025-12-13T10:31:37.178+0000] {dag.py:4180} INFO - Setting next_dagrun for example_external_task_marker_child to None, run_after=None
[2025-12-13T10:31:37.187+0000] {logging_mixin.py:190} INFO - [2025-12-13T10:31:37.186+0000] {dag.py:4180} INFO - Setting next_dagrun for example_external_task_marker_parent to None, run_after=None
[2025-12-13T10:31:37.211+0000] {processor.py:208} INFO - Processing /home/airflow/.local/lib/python3.12/site-packages/airflow/example_dags/example_external_task_marker_dag.py took 0.154 seconds
[2025-12-13T10:32:07.419+0000] {processor.py:186} INFO - Started process (PID=2029) to work on /home/airflow/.local/lib/python3.12/site-packages/airflow/example_dags/example_external_task_marker_dag.py
[2025-12-13T10:32:07.424+0000] {processor.py:914} INFO - Processing file /home/airflow/.local/lib/python3.12/site-packages/airflow/example_dags/example_external_task_marker_dag.py for tasks to queue
[2025-12-13T10:32:07.440+0000] {logging_mixin.py:190} INFO - [2025-12-13T10:32:07.437+0000] {dagbag.py:588} INFO - Filling up the DagBag from /home/airflow/.local/lib/python3.12/site-packages/airflow/example_dags/example_external_task_marker_dag.py
[2025-12-13T10:32:07.464+0000] {processor.py:925} INFO - DAG(s) 'example_external_task_marker_child', 'example_external_task_marker_parent' retrieved from /home/airflow/.local/lib/python3.12/site-packages/airflow/example_dags/example_external_task_marker_dag.py
[2025-12-13T10:32:07.543+0000] {logging_mixin.py:190} INFO - [2025-12-13T10:32:07.541+0000] {dag.py:3239} INFO - Sync 2 DAGs
[2025-12-13T10:32:07.596+0000] {logging_mixin.py:190} INFO - [2025-12-13T10:32:07.595+0000] {dag.py:4180} INFO - Setting next_dagrun for example_external_task_marker_child to None, run_after=None
[2025-12-13T10:32:07.611+0000] {logging_mixin.py:190} INFO - [2025-12-13T10:32:07.610+0000] {dag.py:4180} INFO - Setting next_dagrun for example_external_task_marker_parent to None, run_after=None
[2025-12-13T10:32:07.657+0000] {processor.py:208} INFO - Processing /home/airflow/.local/lib/python3.12/site-packages/airflow/example_dags/example_external_task_marker_dag.py took 0.273 seconds
[2025-12-13T10:32:37.883+0000] {processor.py:186} INFO - Started process (PID=2092) to work on /home/airflow/.local/lib/python3.12/site-packages/airflow/example_dags/example_external_task_marker_dag.py
[2025-12-13T10:32:37.885+0000] {processor.py:914} INFO - Processing file /home/airflow/.local/lib/python3.12/site-packages/airflow/example_dags/example_external_task_marker_dag.py for tasks to queue
[2025-12-13T10:32:37.891+0000] {logging_mixin.py:190} INFO - [2025-12-13T10:32:37.890+0000] {dagbag.py:588} INFO - Filling up the DagBag from /home/airflow/.local/lib/python3.12/site-packages/airflow/example_dags/example_external_task_marker_dag.py
[2025-12-13T10:32:37.902+0000] {processor.py:925} INFO - DAG(s) 'example_external_task_marker_child', 'example_external_task_marker_parent' retrieved from /home/airflow/.local/lib/python3.12/site-packages/airflow/example_dags/example_external_task_marker_dag.py
[2025-12-13T10:32:37.940+0000] {logging_mixin.py:190} INFO - [2025-12-13T10:32:37.940+0000] {dag.py:3239} INFO - Sync 2 DAGs
[2025-12-13T10:32:37.971+0000] {logging_mixin.py:190} INFO - [2025-12-13T10:32:37.971+0000] {dag.py:4180} INFO - Setting next_dagrun for example_external_task_marker_child to None, run_after=None
[2025-12-13T10:32:37.979+0000] {logging_mixin.py:190} INFO - [2025-12-13T10:32:37.978+0000] {dag.py:4180} INFO - Setting next_dagrun for example_external_task_marker_parent to None, run_after=None
[2025-12-13T10:32:38.011+0000] {processor.py:208} INFO - Processing /home/airflow/.local/lib/python3.12/site-packages/airflow/example_dags/example_external_task_marker_dag.py took 0.137 seconds
[2025-12-13T10:33:08.326+0000] {processor.py:186} INFO - Started process (PID=2155) to work on /home/airflow/.local/lib/python3.12/site-packages/airflow/example_dags/example_external_task_marker_dag.py
[2025-12-13T10:33:08.327+0000] {processor.py:914} INFO - Processing file /home/airflow/.local/lib/python3.12/site-packages/airflow/example_dags/example_external_task_marker_dag.py for tasks to queue
[2025-12-13T10:33:08.331+0000] {logging_mixin.py:190} INFO - [2025-12-13T10:33:08.330+0000] {dagbag.py:588} INFO - Filling up the DagBag from /home/airflow/.local/lib/python3.12/site-packages/airflow/example_dags/example_external_task_marker_dag.py
[2025-12-13T10:33:08.345+0000] {processor.py:925} INFO - DAG(s) 'example_external_task_marker_parent', 'example_external_task_marker_child' retrieved from /home/airflow/.local/lib/python3.12/site-packages/airflow/example_dags/example_external_task_marker_dag.py
[2025-12-13T10:33:08.383+0000] {logging_mixin.py:190} INFO - [2025-12-13T10:33:08.383+0000] {dag.py:3239} INFO - Sync 2 DAGs
[2025-12-13T10:33:08.408+0000] {logging_mixin.py:190} INFO - [2025-12-13T10:33:08.407+0000] {dag.py:4180} INFO - Setting next_dagrun for example_external_task_marker_child to None, run_after=None
[2025-12-13T10:33:08.413+0000] {logging_mixin.py:190} INFO - [2025-12-13T10:33:08.413+0000] {dag.py:4180} INFO - Setting next_dagrun for example_external_task_marker_parent to None, run_after=None
[2025-12-13T10:33:08.437+0000] {processor.py:208} INFO - Processing /home/airflow/.local/lib/python3.12/site-packages/airflow/example_dags/example_external_task_marker_dag.py took 0.121 seconds
[2025-12-13T10:33:39.239+0000] {processor.py:186} INFO - Started process (PID=2218) to work on /home/airflow/.local/lib/python3.12/site-packages/airflow/example_dags/example_external_task_marker_dag.py
[2025-12-13T10:33:39.241+0000] {processor.py:914} INFO - Processing file /home/airflow/.local/lib/python3.12/site-packages/airflow/example_dags/example_external_task_marker_dag.py for tasks to queue
[2025-12-13T10:33:39.248+0000] {logging_mixin.py:190} INFO - [2025-12-13T10:33:39.247+0000] {dagbag.py:588} INFO - Filling up the DagBag from /home/airflow/.local/lib/python3.12/site-packages/airflow/example_dags/example_external_task_marker_dag.py
[2025-12-13T10:33:39.268+0000] {processor.py:925} INFO - DAG(s) 'example_external_task_marker_child', 'example_external_task_marker_parent' retrieved from /home/airflow/.local/lib/python3.12/site-packages/airflow/example_dags/example_external_task_marker_dag.py
[2025-12-13T10:33:39.321+0000] {logging_mixin.py:190} INFO - [2025-12-13T10:33:39.320+0000] {dag.py:3239} INFO - Sync 2 DAGs
[2025-12-13T10:33:39.369+0000] {logging_mixin.py:190} INFO - [2025-12-13T10:33:39.369+0000] {dag.py:4180} INFO - Setting next_dagrun for example_external_task_marker_child to None, run_after=None
[2025-12-13T10:33:39.379+0000] {logging_mixin.py:190} INFO - [2025-12-13T10:33:39.379+0000] {dag.py:4180} INFO - Setting next_dagrun for example_external_task_marker_parent to None, run_after=None
[2025-12-13T10:33:39.411+0000] {processor.py:208} INFO - Processing /home/airflow/.local/lib/python3.12/site-packages/airflow/example_dags/example_external_task_marker_dag.py took 0.190 seconds
[2025-12-13T10:34:09.946+0000] {processor.py:186} INFO - Started process (PID=2280) to work on /home/airflow/.local/lib/python3.12/site-packages/airflow/example_dags/example_external_task_marker_dag.py
[2025-12-13T10:34:09.947+0000] {processor.py:914} INFO - Processing file /home/airflow/.local/lib/python3.12/site-packages/airflow/example_dags/example_external_task_marker_dag.py for tasks to queue
[2025-12-13T10:34:09.952+0000] {logging_mixin.py:190} INFO - [2025-12-13T10:34:09.951+0000] {dagbag.py:588} INFO - Filling up the DagBag from /home/airflow/.local/lib/python3.12/site-packages/airflow/example_dags/example_external_task_marker_dag.py
[2025-12-13T10:34:09.969+0000] {processor.py:925} INFO - DAG(s) 'example_external_task_marker_parent', 'example_external_task_marker_child' retrieved from /home/airflow/.local/lib/python3.12/site-packages/airflow/example_dags/example_external_task_marker_dag.py
[2025-12-13T10:34:10.038+0000] {logging_mixin.py:190} INFO - [2025-12-13T10:34:10.038+0000] {dag.py:3239} INFO - Sync 2 DAGs
[2025-12-13T10:34:10.077+0000] {logging_mixin.py:190} INFO - [2025-12-13T10:34:10.076+0000] {dag.py:4180} INFO - Setting next_dagrun for example_external_task_marker_child to None, run_after=None
[2025-12-13T10:34:10.086+0000] {logging_mixin.py:190} INFO - [2025-12-13T10:34:10.086+0000] {dag.py:4180} INFO - Setting next_dagrun for example_external_task_marker_parent to None, run_after=None
[2025-12-13T10:34:10.135+0000] {processor.py:208} INFO - Processing /home/airflow/.local/lib/python3.12/site-packages/airflow/example_dags/example_external_task_marker_dag.py took 0.202 seconds
[2025-12-13T10:34:40.408+0000] {processor.py:186} INFO - Started process (PID=2343) to work on /home/airflow/.local/lib/python3.12/site-packages/airflow/example_dags/example_external_task_marker_dag.py
[2025-12-13T10:34:40.410+0000] {processor.py:914} INFO - Processing file /home/airflow/.local/lib/python3.12/site-packages/airflow/example_dags/example_external_task_marker_dag.py for tasks to queue
[2025-12-13T10:34:40.413+0000] {logging_mixin.py:190} INFO - [2025-12-13T10:34:40.413+0000] {dagbag.py:588} INFO - Filling up the DagBag from /home/airflow/.local/lib/python3.12/site-packages/airflow/example_dags/example_external_task_marker_dag.py
[2025-12-13T10:34:40.428+0000] {processor.py:925} INFO - DAG(s) 'example_external_task_marker_child', 'example_external_task_marker_parent' retrieved from /home/airflow/.local/lib/python3.12/site-packages/airflow/example_dags/example_external_task_marker_dag.py
[2025-12-13T10:34:40.466+0000] {logging_mixin.py:190} INFO - [2025-12-13T10:34:40.466+0000] {dag.py:3239} INFO - Sync 2 DAGs
[2025-12-13T10:34:40.495+0000] {logging_mixin.py:190} INFO - [2025-12-13T10:34:40.494+0000] {dag.py:4180} INFO - Setting next_dagrun for example_external_task_marker_child to None, run_after=None
[2025-12-13T10:34:40.501+0000] {logging_mixin.py:190} INFO - [2025-12-13T10:34:40.500+0000] {dag.py:4180} INFO - Setting next_dagrun for example_external_task_marker_parent to None, run_after=None
[2025-12-13T10:34:40.528+0000] {processor.py:208} INFO - Processing /home/airflow/.local/lib/python3.12/site-packages/airflow/example_dags/example_external_task_marker_dag.py took 0.131 seconds
[2025-12-13T10:35:11.172+0000] {processor.py:186} INFO - Started process (PID=2405) to work on /home/airflow/.local/lib/python3.12/site-packages/airflow/example_dags/example_external_task_marker_dag.py
[2025-12-13T10:35:11.179+0000] {processor.py:914} INFO - Processing file /home/airflow/.local/lib/python3.12/site-packages/airflow/example_dags/example_external_task_marker_dag.py for tasks to queue
[2025-12-13T10:35:11.185+0000] {logging_mixin.py:190} INFO - [2025-12-13T10:35:11.184+0000] {dagbag.py:588} INFO - Filling up the DagBag from /home/airflow/.local/lib/python3.12/site-packages/airflow/example_dags/example_external_task_marker_dag.py
[2025-12-13T10:35:11.203+0000] {processor.py:925} INFO - DAG(s) 'example_external_task_marker_child', 'example_external_task_marker_parent' retrieved from /home/airflow/.local/lib/python3.12/site-packages/airflow/example_dags/example_external_task_marker_dag.py
[2025-12-13T10:35:11.251+0000] {logging_mixin.py:190} INFO - [2025-12-13T10:35:11.251+0000] {dag.py:3239} INFO - Sync 2 DAGs
[2025-12-13T10:35:11.287+0000] {logging_mixin.py:190} INFO - [2025-12-13T10:35:11.287+0000] {dag.py:4180} INFO - Setting next_dagrun for example_external_task_marker_child to None, run_after=None
[2025-12-13T10:35:11.295+0000] {logging_mixin.py:190} INFO - [2025-12-13T10:35:11.294+0000] {dag.py:4180} INFO - Setting next_dagrun for example_external_task_marker_parent to None, run_after=None
[2025-12-13T10:35:11.331+0000] {processor.py:208} INFO - Processing /home/airflow/.local/lib/python3.12/site-packages/airflow/example_dags/example_external_task_marker_dag.py took 0.174 seconds
[2025-12-13T10:35:42.694+0000] {processor.py:186} INFO - Started process (PID=2468) to work on /home/airflow/.local/lib/python3.12/site-packages/airflow/example_dags/example_external_task_marker_dag.py
[2025-12-13T10:35:42.696+0000] {processor.py:914} INFO - Processing file /home/airflow/.local/lib/python3.12/site-packages/airflow/example_dags/example_external_task_marker_dag.py for tasks to queue
[2025-12-13T10:35:42.700+0000] {logging_mixin.py:190} INFO - [2025-12-13T10:35:42.700+0000] {dagbag.py:588} INFO - Filling up the DagBag from /home/airflow/.local/lib/python3.12/site-packages/airflow/example_dags/example_external_task_marker_dag.py
[2025-12-13T10:35:42.723+0000] {processor.py:925} INFO - DAG(s) 'example_external_task_marker_parent', 'example_external_task_marker_child' retrieved from /home/airflow/.local/lib/python3.12/site-packages/airflow/example_dags/example_external_task_marker_dag.py
[2025-12-13T10:35:42.784+0000] {logging_mixin.py:190} INFO - [2025-12-13T10:35:42.783+0000] {dag.py:3239} INFO - Sync 2 DAGs
[2025-12-13T10:35:42.821+0000] {logging_mixin.py:190} INFO - [2025-12-13T10:35:42.820+0000] {dag.py:4180} INFO - Setting next_dagrun for example_external_task_marker_child to None, run_after=None
[2025-12-13T10:35:42.835+0000] {logging_mixin.py:190} INFO - [2025-12-13T10:35:42.834+0000] {dag.py:4180} INFO - Setting next_dagrun for example_external_task_marker_parent to None, run_after=None
[2025-12-13T10:35:42.887+0000] {processor.py:208} INFO - Processing /home/airflow/.local/lib/python3.12/site-packages/airflow/example_dags/example_external_task_marker_dag.py took 0.211 seconds
[2025-12-13T10:36:13.691+0000] {processor.py:186} INFO - Started process (PID=2530) to work on /home/airflow/.local/lib/python3.12/site-packages/airflow/example_dags/example_external_task_marker_dag.py
[2025-12-13T10:36:13.692+0000] {processor.py:914} INFO - Processing file /home/airflow/.local/lib/python3.12/site-packages/airflow/example_dags/example_external_task_marker_dag.py for tasks to queue
[2025-12-13T10:36:13.695+0000] {logging_mixin.py:190} INFO - [2025-12-13T10:36:13.695+0000] {dagbag.py:588} INFO - Filling up the DagBag from /home/airflow/.local/lib/python3.12/site-packages/airflow/example_dags/example_external_task_marker_dag.py
[2025-12-13T10:36:13.709+0000] {processor.py:925} INFO - DAG(s) 'example_external_task_marker_parent', 'example_external_task_marker_child' retrieved from /home/airflow/.local/lib/python3.12/site-packages/airflow/example_dags/example_external_task_marker_dag.py
[2025-12-13T10:36:13.743+0000] {logging_mixin.py:190} INFO - [2025-12-13T10:36:13.743+0000] {dag.py:3239} INFO - Sync 2 DAGs
[2025-12-13T10:36:13.766+0000] {logging_mixin.py:190} INFO - [2025-12-13T10:36:13.766+0000] {dag.py:4180} INFO - Setting next_dagrun for example_external_task_marker_child to None, run_after=None
[2025-12-13T10:36:13.773+0000] {logging_mixin.py:190} INFO - [2025-12-13T10:36:13.772+0000] {dag.py:4180} INFO - Setting next_dagrun for example_external_task_marker_parent to None, run_after=None
[2025-12-13T10:36:13.797+0000] {processor.py:208} INFO - Processing /home/airflow/.local/lib/python3.12/site-packages/airflow/example_dags/example_external_task_marker_dag.py took 0.113 seconds
[2025-12-13T10:36:44.329+0000] {processor.py:186} INFO - Started process (PID=2593) to work on /home/airflow/.local/lib/python3.12/site-packages/airflow/example_dags/example_external_task_marker_dag.py
[2025-12-13T10:36:44.334+0000] {processor.py:914} INFO - Processing file /home/airflow/.local/lib/python3.12/site-packages/airflow/example_dags/example_external_task_marker_dag.py for tasks to queue
[2025-12-13T10:36:44.337+0000] {logging_mixin.py:190} INFO - [2025-12-13T10:36:44.337+0000] {dagbag.py:588} INFO - Filling up the DagBag from /home/airflow/.local/lib/python3.12/site-packages/airflow/example_dags/example_external_task_marker_dag.py
[2025-12-13T10:36:44.351+0000] {processor.py:925} INFO - DAG(s) 'example_external_task_marker_parent', 'example_external_task_marker_child' retrieved from /home/airflow/.local/lib/python3.12/site-packages/airflow/example_dags/example_external_task_marker_dag.py
[2025-12-13T10:36:44.385+0000] {logging_mixin.py:190} INFO - [2025-12-13T10:36:44.384+0000] {dag.py:3239} INFO - Sync 2 DAGs
[2025-12-13T10:36:44.408+0000] {logging_mixin.py:190} INFO - [2025-12-13T10:36:44.408+0000] {dag.py:4180} INFO - Setting next_dagrun for example_external_task_marker_child to None, run_after=None
[2025-12-13T10:36:44.416+0000] {logging_mixin.py:190} INFO - [2025-12-13T10:36:44.415+0000] {dag.py:4180} INFO - Setting next_dagrun for example_external_task_marker_parent to None, run_after=None
[2025-12-13T10:36:44.437+0000] {processor.py:208} INFO - Processing /home/airflow/.local/lib/python3.12/site-packages/airflow/example_dags/example_external_task_marker_dag.py took 0.118 seconds
[2025-12-13T10:37:15.208+0000] {processor.py:186} INFO - Started process (PID=2656) to work on /home/airflow/.local/lib/python3.12/site-packages/airflow/example_dags/example_external_task_marker_dag.py
[2025-12-13T10:37:15.209+0000] {processor.py:914} INFO - Processing file /home/airflow/.local/lib/python3.12/site-packages/airflow/example_dags/example_external_task_marker_dag.py for tasks to queue
[2025-12-13T10:37:15.213+0000] {logging_mixin.py:190} INFO - [2025-12-13T10:37:15.212+0000] {dagbag.py:588} INFO - Filling up the DagBag from /home/airflow/.local/lib/python3.12/site-packages/airflow/example_dags/example_external_task_marker_dag.py
[2025-12-13T10:37:15.230+0000] {processor.py:925} INFO - DAG(s) 'example_external_task_marker_child', 'example_external_task_marker_parent' retrieved from /home/airflow/.local/lib/python3.12/site-packages/airflow/example_dags/example_external_task_marker_dag.py
[2025-12-13T10:37:15.274+0000] {logging_mixin.py:190} INFO - [2025-12-13T10:37:15.273+0000] {dag.py:3239} INFO - Sync 2 DAGs
[2025-12-13T10:37:15.308+0000] {logging_mixin.py:190} INFO - [2025-12-13T10:37:15.308+0000] {dag.py:4180} INFO - Setting next_dagrun for example_external_task_marker_child to None, run_after=None
[2025-12-13T10:37:15.315+0000] {logging_mixin.py:190} INFO - [2025-12-13T10:37:15.314+0000] {dag.py:4180} INFO - Setting next_dagrun for example_external_task_marker_parent to None, run_after=None
[2025-12-13T10:37:15.344+0000] {processor.py:208} INFO - Processing /home/airflow/.local/lib/python3.12/site-packages/airflow/example_dags/example_external_task_marker_dag.py took 0.148 seconds
[2025-12-13T10:37:46.372+0000] {processor.py:186} INFO - Started process (PID=2719) to work on /home/airflow/.local/lib/python3.12/site-packages/airflow/example_dags/example_external_task_marker_dag.py
[2025-12-13T10:37:46.374+0000] {processor.py:914} INFO - Processing file /home/airflow/.local/lib/python3.12/site-packages/airflow/example_dags/example_external_task_marker_dag.py for tasks to queue
[2025-12-13T10:37:46.379+0000] {logging_mixin.py:190} INFO - [2025-12-13T10:37:46.378+0000] {dagbag.py:588} INFO - Filling up the DagBag from /home/airflow/.local/lib/python3.12/site-packages/airflow/example_dags/example_external_task_marker_dag.py
[2025-12-13T10:37:46.421+0000] {processor.py:925} INFO - DAG(s) 'example_external_task_marker_child', 'example_external_task_marker_parent' retrieved from /home/airflow/.local/lib/python3.12/site-packages/airflow/example_dags/example_external_task_marker_dag.py
[2025-12-13T10:37:46.476+0000] {logging_mixin.py:190} INFO - [2025-12-13T10:37:46.475+0000] {dag.py:3239} INFO - Sync 2 DAGs
[2025-12-13T10:37:46.511+0000] {logging_mixin.py:190} INFO - [2025-12-13T10:37:46.511+0000] {dag.py:4180} INFO - Setting next_dagrun for example_external_task_marker_child to None, run_after=None
[2025-12-13T10:37:46.522+0000] {logging_mixin.py:190} INFO - [2025-12-13T10:37:46.521+0000] {dag.py:4180} INFO - Setting next_dagrun for example_external_task_marker_parent to None, run_after=None
[2025-12-13T10:37:46.557+0000] {processor.py:208} INFO - Processing /home/airflow/.local/lib/python3.12/site-packages/airflow/example_dags/example_external_task_marker_dag.py took 0.213 seconds
[2025-12-13T10:38:17.394+0000] {processor.py:186} INFO - Started process (PID=2782) to work on /home/airflow/.local/lib/python3.12/site-packages/airflow/example_dags/example_external_task_marker_dag.py
[2025-12-13T10:38:17.401+0000] {processor.py:914} INFO - Processing file /home/airflow/.local/lib/python3.12/site-packages/airflow/example_dags/example_external_task_marker_dag.py for tasks to queue
[2025-12-13T10:38:17.415+0000] {logging_mixin.py:190} INFO - [2025-12-13T10:38:17.411+0000] {dagbag.py:588} INFO - Filling up the DagBag from /home/airflow/.local/lib/python3.12/site-packages/airflow/example_dags/example_external_task_marker_dag.py
[2025-12-13T10:38:17.471+0000] {processor.py:925} INFO - DAG(s) 'example_external_task_marker_child', 'example_external_task_marker_parent' retrieved from /home/airflow/.local/lib/python3.12/site-packages/airflow/example_dags/example_external_task_marker_dag.py
[2025-12-13T10:38:17.648+0000] {logging_mixin.py:190} INFO - [2025-12-13T10:38:17.643+0000] {dag.py:3239} INFO - Sync 2 DAGs
[2025-12-13T10:38:17.771+0000] {logging_mixin.py:190} INFO - [2025-12-13T10:38:17.770+0000] {dag.py:4180} INFO - Setting next_dagrun for example_external_task_marker_child to None, run_after=None
[2025-12-13T10:38:17.788+0000] {logging_mixin.py:190} INFO - [2025-12-13T10:38:17.787+0000] {dag.py:4180} INFO - Setting next_dagrun for example_external_task_marker_parent to None, run_after=None
[2025-12-13T10:38:17.889+0000] {processor.py:208} INFO - Processing /home/airflow/.local/lib/python3.12/site-packages/airflow/example_dags/example_external_task_marker_dag.py took 0.542 seconds
[2025-12-13T10:38:48.508+0000] {processor.py:186} INFO - Started process (PID=2845) to work on /home/airflow/.local/lib/python3.12/site-packages/airflow/example_dags/example_external_task_marker_dag.py
[2025-12-13T10:38:48.511+0000] {processor.py:914} INFO - Processing file /home/airflow/.local/lib/python3.12/site-packages/airflow/example_dags/example_external_task_marker_dag.py for tasks to queue
[2025-12-13T10:38:48.516+0000] {logging_mixin.py:190} INFO - [2025-12-13T10:38:48.515+0000] {dagbag.py:588} INFO - Filling up the DagBag from /home/airflow/.local/lib/python3.12/site-packages/airflow/example_dags/example_external_task_marker_dag.py
[2025-12-13T10:38:48.531+0000] {processor.py:925} INFO - DAG(s) 'example_external_task_marker_parent', 'example_external_task_marker_child' retrieved from /home/airflow/.local/lib/python3.12/site-packages/airflow/example_dags/example_external_task_marker_dag.py
[2025-12-13T10:38:48.565+0000] {logging_mixin.py:190} INFO - [2025-12-13T10:38:48.565+0000] {dag.py:3239} INFO - Sync 2 DAGs
[2025-12-13T10:38:48.592+0000] {logging_mixin.py:190} INFO - [2025-12-13T10:38:48.591+0000] {dag.py:4180} INFO - Setting next_dagrun for example_external_task_marker_child to None, run_after=None
[2025-12-13T10:38:48.598+0000] {logging_mixin.py:190} INFO - [2025-12-13T10:38:48.598+0000] {dag.py:4180} INFO - Setting next_dagrun for example_external_task_marker_parent to None, run_after=None
[2025-12-13T10:38:48.623+0000] {processor.py:208} INFO - Processing /home/airflow/.local/lib/python3.12/site-packages/airflow/example_dags/example_external_task_marker_dag.py took 0.124 seconds
[2025-12-13T10:39:18.703+0000] {processor.py:186} INFO - Started process (PID=2908) to work on /home/airflow/.local/lib/python3.12/site-packages/airflow/example_dags/example_external_task_marker_dag.py
[2025-12-13T10:39:18.704+0000] {processor.py:914} INFO - Processing file /home/airflow/.local/lib/python3.12/site-packages/airflow/example_dags/example_external_task_marker_dag.py for tasks to queue
[2025-12-13T10:39:18.708+0000] {logging_mixin.py:190} INFO - [2025-12-13T10:39:18.707+0000] {dagbag.py:588} INFO - Filling up the DagBag from /home/airflow/.local/lib/python3.12/site-packages/airflow/example_dags/example_external_task_marker_dag.py
[2025-12-13T10:39:18.722+0000] {processor.py:925} INFO - DAG(s) 'example_external_task_marker_parent', 'example_external_task_marker_child' retrieved from /home/airflow/.local/lib/python3.12/site-packages/airflow/example_dags/example_external_task_marker_dag.py
[2025-12-13T10:39:18.757+0000] {logging_mixin.py:190} INFO - [2025-12-13T10:39:18.757+0000] {dag.py:3239} INFO - Sync 2 DAGs
[2025-12-13T10:39:18.783+0000] {logging_mixin.py:190} INFO - [2025-12-13T10:39:18.782+0000] {dag.py:4180} INFO - Setting next_dagrun for example_external_task_marker_child to None, run_after=None
[2025-12-13T10:39:18.788+0000] {logging_mixin.py:190} INFO - [2025-12-13T10:39:18.788+0000] {dag.py:4180} INFO - Setting next_dagrun for example_external_task_marker_parent to None, run_after=None
[2025-12-13T10:39:19.066+0000] {processor.py:208} INFO - Processing /home/airflow/.local/lib/python3.12/site-packages/airflow/example_dags/example_external_task_marker_dag.py took 0.375 seconds
[2025-12-13T10:39:49.459+0000] {processor.py:186} INFO - Started process (PID=2978) to work on /home/airflow/.local/lib/python3.12/site-packages/airflow/example_dags/example_external_task_marker_dag.py
[2025-12-13T10:39:49.461+0000] {processor.py:914} INFO - Processing file /home/airflow/.local/lib/python3.12/site-packages/airflow/example_dags/example_external_task_marker_dag.py for tasks to queue
[2025-12-13T10:39:49.469+0000] {logging_mixin.py:190} INFO - [2025-12-13T10:39:49.468+0000] {dagbag.py:588} INFO - Filling up the DagBag from /home/airflow/.local/lib/python3.12/site-packages/airflow/example_dags/example_external_task_marker_dag.py
[2025-12-13T10:39:49.485+0000] {processor.py:925} INFO - DAG(s) 'example_external_task_marker_child', 'example_external_task_marker_parent' retrieved from /home/airflow/.local/lib/python3.12/site-packages/airflow/example_dags/example_external_task_marker_dag.py
[2025-12-13T10:39:49.528+0000] {logging_mixin.py:190} INFO - [2025-12-13T10:39:49.528+0000] {dag.py:3239} INFO - Sync 2 DAGs
[2025-12-13T10:39:49.562+0000] {logging_mixin.py:190} INFO - [2025-12-13T10:39:49.562+0000] {dag.py:4180} INFO - Setting next_dagrun for example_external_task_marker_child to None, run_after=None
[2025-12-13T10:39:49.568+0000] {logging_mixin.py:190} INFO - [2025-12-13T10:39:49.568+0000] {dag.py:4180} INFO - Setting next_dagrun for example_external_task_marker_parent to None, run_after=None
[2025-12-13T10:39:49.846+0000] {processor.py:208} INFO - Processing /home/airflow/.local/lib/python3.12/site-packages/airflow/example_dags/example_external_task_marker_dag.py took 0.398 seconds
[2025-12-13T10:40:20.165+0000] {processor.py:186} INFO - Started process (PID=3041) to work on /home/airflow/.local/lib/python3.12/site-packages/airflow/example_dags/example_external_task_marker_dag.py
[2025-12-13T10:40:20.166+0000] {processor.py:914} INFO - Processing file /home/airflow/.local/lib/python3.12/site-packages/airflow/example_dags/example_external_task_marker_dag.py for tasks to queue
[2025-12-13T10:40:20.171+0000] {logging_mixin.py:190} INFO - [2025-12-13T10:40:20.170+0000] {dagbag.py:588} INFO - Filling up the DagBag from /home/airflow/.local/lib/python3.12/site-packages/airflow/example_dags/example_external_task_marker_dag.py
[2025-12-13T10:40:20.188+0000] {processor.py:925} INFO - DAG(s) 'example_external_task_marker_parent', 'example_external_task_marker_child' retrieved from /home/airflow/.local/lib/python3.12/site-packages/airflow/example_dags/example_external_task_marker_dag.py
[2025-12-13T10:40:20.246+0000] {logging_mixin.py:190} INFO - [2025-12-13T10:40:20.245+0000] {dag.py:3239} INFO - Sync 2 DAGs
[2025-12-13T10:40:20.295+0000] {logging_mixin.py:190} INFO - [2025-12-13T10:40:20.294+0000] {dag.py:4180} INFO - Setting next_dagrun for example_external_task_marker_child to None, run_after=None
[2025-12-13T10:40:20.304+0000] {logging_mixin.py:190} INFO - [2025-12-13T10:40:20.304+0000] {dag.py:4180} INFO - Setting next_dagrun for example_external_task_marker_parent to None, run_after=None
[2025-12-13T10:40:20.334+0000] {processor.py:208} INFO - Processing /home/airflow/.local/lib/python3.12/site-packages/airflow/example_dags/example_external_task_marker_dag.py took 0.181 seconds
[2025-12-13T10:40:51.598+0000] {processor.py:186} INFO - Started process (PID=3104) to work on /home/airflow/.local/lib/python3.12/site-packages/airflow/example_dags/example_external_task_marker_dag.py
[2025-12-13T10:40:51.602+0000] {processor.py:914} INFO - Processing file /home/airflow/.local/lib/python3.12/site-packages/airflow/example_dags/example_external_task_marker_dag.py for tasks to queue
[2025-12-13T10:40:51.615+0000] {logging_mixin.py:190} INFO - [2025-12-13T10:40:51.613+0000] {dagbag.py:588} INFO - Filling up the DagBag from /home/airflow/.local/lib/python3.12/site-packages/airflow/example_dags/example_external_task_marker_dag.py
[2025-12-13T10:40:51.662+0000] {processor.py:925} INFO - DAG(s) 'example_external_task_marker_child', 'example_external_task_marker_parent' retrieved from /home/airflow/.local/lib/python3.12/site-packages/airflow/example_dags/example_external_task_marker_dag.py
[2025-12-13T10:40:51.763+0000] {logging_mixin.py:190} INFO - [2025-12-13T10:40:51.762+0000] {dag.py:3239} INFO - Sync 2 DAGs
[2025-12-13T10:40:51.822+0000] {logging_mixin.py:190} INFO - [2025-12-13T10:40:51.821+0000] {dag.py:4180} INFO - Setting next_dagrun for example_external_task_marker_child to None, run_after=None
[2025-12-13T10:40:51.833+0000] {logging_mixin.py:190} INFO - [2025-12-13T10:40:51.833+0000] {dag.py:4180} INFO - Setting next_dagrun for example_external_task_marker_parent to None, run_after=None
[2025-12-13T10:40:51.906+0000] {processor.py:208} INFO - Processing /home/airflow/.local/lib/python3.12/site-packages/airflow/example_dags/example_external_task_marker_dag.py took 0.324 seconds
[2025-12-13T10:41:22.760+0000] {processor.py:186} INFO - Started process (PID=3167) to work on /home/airflow/.local/lib/python3.12/site-packages/airflow/example_dags/example_external_task_marker_dag.py
[2025-12-13T10:41:22.761+0000] {processor.py:914} INFO - Processing file /home/airflow/.local/lib/python3.12/site-packages/airflow/example_dags/example_external_task_marker_dag.py for tasks to queue
[2025-12-13T10:41:22.764+0000] {logging_mixin.py:190} INFO - [2025-12-13T10:41:22.764+0000] {dagbag.py:588} INFO - Filling up the DagBag from /home/airflow/.local/lib/python3.12/site-packages/airflow/example_dags/example_external_task_marker_dag.py
[2025-12-13T10:41:22.780+0000] {processor.py:925} INFO - DAG(s) 'example_external_task_marker_child', 'example_external_task_marker_parent' retrieved from /home/airflow/.local/lib/python3.12/site-packages/airflow/example_dags/example_external_task_marker_dag.py
[2025-12-13T10:41:22.819+0000] {logging_mixin.py:190} INFO - [2025-12-13T10:41:22.819+0000] {dag.py:3239} INFO - Sync 2 DAGs
[2025-12-13T10:41:22.844+0000] {logging_mixin.py:190} INFO - [2025-12-13T10:41:22.843+0000] {dag.py:4180} INFO - Setting next_dagrun for example_external_task_marker_child to None, run_after=None
[2025-12-13T10:41:22.852+0000] {logging_mixin.py:190} INFO - [2025-12-13T10:41:22.851+0000] {dag.py:4180} INFO - Setting next_dagrun for example_external_task_marker_parent to None, run_after=None
[2025-12-13T10:41:22.887+0000] {processor.py:208} INFO - Processing /home/airflow/.local/lib/python3.12/site-packages/airflow/example_dags/example_external_task_marker_dag.py took 0.138 seconds
[2025-12-13T10:41:53.083+0000] {processor.py:186} INFO - Started process (PID=3229) to work on /home/airflow/.local/lib/python3.12/site-packages/airflow/example_dags/example_external_task_marker_dag.py
[2025-12-13T10:41:53.086+0000] {processor.py:914} INFO - Processing file /home/airflow/.local/lib/python3.12/site-packages/airflow/example_dags/example_external_task_marker_dag.py for tasks to queue
[2025-12-13T10:41:53.090+0000] {logging_mixin.py:190} INFO - [2025-12-13T10:41:53.089+0000] {dagbag.py:588} INFO - Filling up the DagBag from /home/airflow/.local/lib/python3.12/site-packages/airflow/example_dags/example_external_task_marker_dag.py
[2025-12-13T10:41:53.109+0000] {processor.py:925} INFO - DAG(s) 'example_external_task_marker_parent', 'example_external_task_marker_child' retrieved from /home/airflow/.local/lib/python3.12/site-packages/airflow/example_dags/example_external_task_marker_dag.py
[2025-12-13T10:41:53.166+0000] {logging_mixin.py:190} INFO - [2025-12-13T10:41:53.165+0000] {dag.py:3239} INFO - Sync 2 DAGs
[2025-12-13T10:41:53.223+0000] {logging_mixin.py:190} INFO - [2025-12-13T10:41:53.222+0000] {dag.py:4180} INFO - Setting next_dagrun for example_external_task_marker_child to None, run_after=None
[2025-12-13T10:41:53.231+0000] {logging_mixin.py:190} INFO - [2025-12-13T10:41:53.231+0000] {dag.py:4180} INFO - Setting next_dagrun for example_external_task_marker_parent to None, run_after=None
[2025-12-13T10:41:53.262+0000] {processor.py:208} INFO - Processing /home/airflow/.local/lib/python3.12/site-packages/airflow/example_dags/example_external_task_marker_dag.py took 0.193 seconds
[2025-12-13T10:42:23.793+0000] {processor.py:186} INFO - Started process (PID=3292) to work on /home/airflow/.local/lib/python3.12/site-packages/airflow/example_dags/example_external_task_marker_dag.py
[2025-12-13T10:42:23.794+0000] {processor.py:914} INFO - Processing file /home/airflow/.local/lib/python3.12/site-packages/airflow/example_dags/example_external_task_marker_dag.py for tasks to queue
[2025-12-13T10:42:23.799+0000] {logging_mixin.py:190} INFO - [2025-12-13T10:42:23.798+0000] {dagbag.py:588} INFO - Filling up the DagBag from /home/airflow/.local/lib/python3.12/site-packages/airflow/example_dags/example_external_task_marker_dag.py
[2025-12-13T10:42:23.817+0000] {processor.py:925} INFO - DAG(s) 'example_external_task_marker_parent', 'example_external_task_marker_child' retrieved from /home/airflow/.local/lib/python3.12/site-packages/airflow/example_dags/example_external_task_marker_dag.py
[2025-12-13T10:42:23.875+0000] {logging_mixin.py:190} INFO - [2025-12-13T10:42:23.875+0000] {dag.py:3239} INFO - Sync 2 DAGs
[2025-12-13T10:42:23.914+0000] {logging_mixin.py:190} INFO - [2025-12-13T10:42:23.913+0000] {dag.py:4180} INFO - Setting next_dagrun for example_external_task_marker_child to None, run_after=None
[2025-12-13T10:42:23.924+0000] {logging_mixin.py:190} INFO - [2025-12-13T10:42:23.923+0000] {dag.py:4180} INFO - Setting next_dagrun for example_external_task_marker_parent to None, run_after=None
[2025-12-13T10:42:23.955+0000] {processor.py:208} INFO - Processing /home/airflow/.local/lib/python3.12/site-packages/airflow/example_dags/example_external_task_marker_dag.py took 0.175 seconds
[2025-12-13T10:42:54.817+0000] {processor.py:186} INFO - Started process (PID=3355) to work on /home/airflow/.local/lib/python3.12/site-packages/airflow/example_dags/example_external_task_marker_dag.py
[2025-12-13T10:42:54.824+0000] {processor.py:914} INFO - Processing file /home/airflow/.local/lib/python3.12/site-packages/airflow/example_dags/example_external_task_marker_dag.py for tasks to queue
[2025-12-13T10:42:54.831+0000] {logging_mixin.py:190} INFO - [2025-12-13T10:42:54.830+0000] {dagbag.py:588} INFO - Filling up the DagBag from /home/airflow/.local/lib/python3.12/site-packages/airflow/example_dags/example_external_task_marker_dag.py
[2025-12-13T10:42:54.868+0000] {processor.py:925} INFO - DAG(s) 'example_external_task_marker_parent', 'example_external_task_marker_child' retrieved from /home/airflow/.local/lib/python3.12/site-packages/airflow/example_dags/example_external_task_marker_dag.py
[2025-12-13T10:42:54.985+0000] {logging_mixin.py:190} INFO - [2025-12-13T10:42:54.984+0000] {dag.py:3239} INFO - Sync 2 DAGs
[2025-12-13T10:42:55.063+0000] {logging_mixin.py:190} INFO - [2025-12-13T10:42:55.062+0000] {dag.py:4180} INFO - Setting next_dagrun for example_external_task_marker_child to None, run_after=None
[2025-12-13T10:42:55.079+0000] {logging_mixin.py:190} INFO - [2025-12-13T10:42:55.078+0000] {dag.py:4180} INFO - Setting next_dagrun for example_external_task_marker_parent to None, run_after=None
[2025-12-13T10:42:55.138+0000] {processor.py:208} INFO - Processing /home/airflow/.local/lib/python3.12/site-packages/airflow/example_dags/example_external_task_marker_dag.py took 0.361 seconds
[2025-12-13T10:43:26.816+0000] {processor.py:186} INFO - Started process (PID=3422) to work on /home/airflow/.local/lib/python3.12/site-packages/airflow/example_dags/example_external_task_marker_dag.py
[2025-12-13T10:43:26.819+0000] {processor.py:914} INFO - Processing file /home/airflow/.local/lib/python3.12/site-packages/airflow/example_dags/example_external_task_marker_dag.py for tasks to queue
[2025-12-13T10:43:26.830+0000] {logging_mixin.py:190} INFO - [2025-12-13T10:43:26.827+0000] {dagbag.py:588} INFO - Filling up the DagBag from /home/airflow/.local/lib/python3.12/site-packages/airflow/example_dags/example_external_task_marker_dag.py
[2025-12-13T10:43:26.853+0000] {processor.py:925} INFO - DAG(s) 'example_external_task_marker_child', 'example_external_task_marker_parent' retrieved from /home/airflow/.local/lib/python3.12/site-packages/airflow/example_dags/example_external_task_marker_dag.py
[2025-12-13T10:43:26.897+0000] {logging_mixin.py:190} INFO - [2025-12-13T10:43:26.897+0000] {dag.py:3239} INFO - Sync 2 DAGs
[2025-12-13T10:43:26.936+0000] {logging_mixin.py:190} INFO - [2025-12-13T10:43:26.936+0000] {dag.py:4180} INFO - Setting next_dagrun for example_external_task_marker_child to None, run_after=None
[2025-12-13T10:43:26.945+0000] {logging_mixin.py:190} INFO - [2025-12-13T10:43:26.944+0000] {dag.py:4180} INFO - Setting next_dagrun for example_external_task_marker_parent to None, run_after=None
[2025-12-13T10:43:26.976+0000] {processor.py:208} INFO - Processing /home/airflow/.local/lib/python3.12/site-packages/airflow/example_dags/example_external_task_marker_dag.py took 0.180 seconds
[2025-12-13T10:43:57.558+0000] {processor.py:186} INFO - Started process (PID=3485) to work on /home/airflow/.local/lib/python3.12/site-packages/airflow/example_dags/example_external_task_marker_dag.py
[2025-12-13T10:43:57.559+0000] {processor.py:914} INFO - Processing file /home/airflow/.local/lib/python3.12/site-packages/airflow/example_dags/example_external_task_marker_dag.py for tasks to queue
[2025-12-13T10:43:57.568+0000] {logging_mixin.py:190} INFO - [2025-12-13T10:43:57.567+0000] {dagbag.py:588} INFO - Filling up the DagBag from /home/airflow/.local/lib/python3.12/site-packages/airflow/example_dags/example_external_task_marker_dag.py
[2025-12-13T10:43:57.601+0000] {processor.py:925} INFO - DAG(s) 'example_external_task_marker_parent', 'example_external_task_marker_child' retrieved from /home/airflow/.local/lib/python3.12/site-packages/airflow/example_dags/example_external_task_marker_dag.py
[2025-12-13T10:43:57.692+0000] {logging_mixin.py:190} INFO - [2025-12-13T10:43:57.692+0000] {dag.py:3239} INFO - Sync 2 DAGs
[2025-12-13T10:43:57.735+0000] {logging_mixin.py:190} INFO - [2025-12-13T10:43:57.735+0000] {dag.py:4180} INFO - Setting next_dagrun for example_external_task_marker_child to None, run_after=None
[2025-12-13T10:43:57.743+0000] {logging_mixin.py:190} INFO - [2025-12-13T10:43:57.743+0000] {dag.py:4180} INFO - Setting next_dagrun for example_external_task_marker_parent to None, run_after=None
[2025-12-13T10:43:57.801+0000] {processor.py:208} INFO - Processing /home/airflow/.local/lib/python3.12/site-packages/airflow/example_dags/example_external_task_marker_dag.py took 0.257 seconds
[2025-12-13T10:44:29.224+0000] {processor.py:186} INFO - Started process (PID=3548) to work on /home/airflow/.local/lib/python3.12/site-packages/airflow/example_dags/example_external_task_marker_dag.py
[2025-12-13T10:44:29.227+0000] {processor.py:914} INFO - Processing file /home/airflow/.local/lib/python3.12/site-packages/airflow/example_dags/example_external_task_marker_dag.py for tasks to queue
[2025-12-13T10:44:29.237+0000] {logging_mixin.py:190} INFO - [2025-12-13T10:44:29.235+0000] {dagbag.py:588} INFO - Filling up the DagBag from /home/airflow/.local/lib/python3.12/site-packages/airflow/example_dags/example_external_task_marker_dag.py
[2025-12-13T10:44:29.272+0000] {processor.py:925} INFO - DAG(s) 'example_external_task_marker_parent', 'example_external_task_marker_child' retrieved from /home/airflow/.local/lib/python3.12/site-packages/airflow/example_dags/example_external_task_marker_dag.py
[2025-12-13T10:44:29.372+0000] {logging_mixin.py:190} INFO - [2025-12-13T10:44:29.371+0000] {dag.py:3239} INFO - Sync 2 DAGs
[2025-12-13T10:44:29.437+0000] {logging_mixin.py:190} INFO - [2025-12-13T10:44:29.436+0000] {dag.py:4180} INFO - Setting next_dagrun for example_external_task_marker_child to None, run_after=None
[2025-12-13T10:44:29.456+0000] {logging_mixin.py:190} INFO - [2025-12-13T10:44:29.456+0000] {dag.py:4180} INFO - Setting next_dagrun for example_external_task_marker_parent to None, run_after=None
[2025-12-13T10:44:29.519+0000] {processor.py:208} INFO - Processing /home/airflow/.local/lib/python3.12/site-packages/airflow/example_dags/example_external_task_marker_dag.py took 0.322 seconds
[2025-12-13T10:44:59.670+0000] {processor.py:186} INFO - Started process (PID=3611) to work on /home/airflow/.local/lib/python3.12/site-packages/airflow/example_dags/example_external_task_marker_dag.py
[2025-12-13T10:44:59.671+0000] {processor.py:914} INFO - Processing file /home/airflow/.local/lib/python3.12/site-packages/airflow/example_dags/example_external_task_marker_dag.py for tasks to queue
[2025-12-13T10:44:59.675+0000] {logging_mixin.py:190} INFO - [2025-12-13T10:44:59.674+0000] {dagbag.py:588} INFO - Filling up the DagBag from /home/airflow/.local/lib/python3.12/site-packages/airflow/example_dags/example_external_task_marker_dag.py
[2025-12-13T10:44:59.692+0000] {processor.py:925} INFO - DAG(s) 'example_external_task_marker_parent', 'example_external_task_marker_child' retrieved from /home/airflow/.local/lib/python3.12/site-packages/airflow/example_dags/example_external_task_marker_dag.py
[2025-12-13T10:44:59.732+0000] {logging_mixin.py:190} INFO - [2025-12-13T10:44:59.732+0000] {dag.py:3239} INFO - Sync 2 DAGs
[2025-12-13T10:44:59.761+0000] {logging_mixin.py:190} INFO - [2025-12-13T10:44:59.761+0000] {dag.py:4180} INFO - Setting next_dagrun for example_external_task_marker_child to None, run_after=None
[2025-12-13T10:44:59.768+0000] {logging_mixin.py:190} INFO - [2025-12-13T10:44:59.767+0000] {dag.py:4180} INFO - Setting next_dagrun for example_external_task_marker_parent to None, run_after=None
[2025-12-13T10:44:59.795+0000] {processor.py:208} INFO - Processing /home/airflow/.local/lib/python3.12/site-packages/airflow/example_dags/example_external_task_marker_dag.py took 0.138 seconds
[2025-12-13T10:45:30.238+0000] {processor.py:186} INFO - Started process (PID=3675) to work on /home/airflow/.local/lib/python3.12/site-packages/airflow/example_dags/example_external_task_marker_dag.py
[2025-12-13T10:45:30.239+0000] {processor.py:914} INFO - Processing file /home/airflow/.local/lib/python3.12/site-packages/airflow/example_dags/example_external_task_marker_dag.py for tasks to queue
[2025-12-13T10:45:30.243+0000] {logging_mixin.py:190} INFO - [2025-12-13T10:45:30.242+0000] {dagbag.py:588} INFO - Filling up the DagBag from /home/airflow/.local/lib/python3.12/site-packages/airflow/example_dags/example_external_task_marker_dag.py
[2025-12-13T10:45:30.256+0000] {processor.py:925} INFO - DAG(s) 'example_external_task_marker_child', 'example_external_task_marker_parent' retrieved from /home/airflow/.local/lib/python3.12/site-packages/airflow/example_dags/example_external_task_marker_dag.py
[2025-12-13T10:45:30.291+0000] {logging_mixin.py:190} INFO - [2025-12-13T10:45:30.291+0000] {dag.py:3239} INFO - Sync 2 DAGs
[2025-12-13T10:45:30.326+0000] {logging_mixin.py:190} INFO - [2025-12-13T10:45:30.324+0000] {dag.py:4180} INFO - Setting next_dagrun for example_external_task_marker_child to None, run_after=None
[2025-12-13T10:45:30.334+0000] {logging_mixin.py:190} INFO - [2025-12-13T10:45:30.334+0000] {dag.py:4180} INFO - Setting next_dagrun for example_external_task_marker_parent to None, run_after=None
[2025-12-13T10:45:30.369+0000] {processor.py:208} INFO - Processing /home/airflow/.local/lib/python3.12/site-packages/airflow/example_dags/example_external_task_marker_dag.py took 0.141 seconds
[2025-12-13T10:46:01.137+0000] {processor.py:186} INFO - Started process (PID=3739) to work on /home/airflow/.local/lib/python3.12/site-packages/airflow/example_dags/example_external_task_marker_dag.py
[2025-12-13T10:46:01.140+0000] {processor.py:914} INFO - Processing file /home/airflow/.local/lib/python3.12/site-packages/airflow/example_dags/example_external_task_marker_dag.py for tasks to queue
[2025-12-13T10:46:01.147+0000] {logging_mixin.py:190} INFO - [2025-12-13T10:46:01.146+0000] {dagbag.py:588} INFO - Filling up the DagBag from /home/airflow/.local/lib/python3.12/site-packages/airflow/example_dags/example_external_task_marker_dag.py
[2025-12-13T10:46:01.167+0000] {processor.py:925} INFO - DAG(s) 'example_external_task_marker_parent', 'example_external_task_marker_child' retrieved from /home/airflow/.local/lib/python3.12/site-packages/airflow/example_dags/example_external_task_marker_dag.py
[2025-12-13T10:46:01.208+0000] {logging_mixin.py:190} INFO - [2025-12-13T10:46:01.208+0000] {dag.py:3239} INFO - Sync 2 DAGs
[2025-12-13T10:46:01.239+0000] {logging_mixin.py:190} INFO - [2025-12-13T10:46:01.239+0000] {dag.py:4180} INFO - Setting next_dagrun for example_external_task_marker_child to None, run_after=None
[2025-12-13T10:46:01.248+0000] {logging_mixin.py:190} INFO - [2025-12-13T10:46:01.247+0000] {dag.py:4180} INFO - Setting next_dagrun for example_external_task_marker_parent to None, run_after=None
[2025-12-13T10:46:01.276+0000] {processor.py:208} INFO - Processing /home/airflow/.local/lib/python3.12/site-packages/airflow/example_dags/example_external_task_marker_dag.py took 0.156 seconds
[2025-12-13T10:46:32.169+0000] {processor.py:186} INFO - Started process (PID=3802) to work on /home/airflow/.local/lib/python3.12/site-packages/airflow/example_dags/example_external_task_marker_dag.py
[2025-12-13T10:46:32.171+0000] {processor.py:914} INFO - Processing file /home/airflow/.local/lib/python3.12/site-packages/airflow/example_dags/example_external_task_marker_dag.py for tasks to queue
[2025-12-13T10:46:32.175+0000] {logging_mixin.py:190} INFO - [2025-12-13T10:46:32.175+0000] {dagbag.py:588} INFO - Filling up the DagBag from /home/airflow/.local/lib/python3.12/site-packages/airflow/example_dags/example_external_task_marker_dag.py
[2025-12-13T10:46:32.196+0000] {processor.py:925} INFO - DAG(s) 'example_external_task_marker_parent', 'example_external_task_marker_child' retrieved from /home/airflow/.local/lib/python3.12/site-packages/airflow/example_dags/example_external_task_marker_dag.py
[2025-12-13T10:46:32.259+0000] {logging_mixin.py:190} INFO - [2025-12-13T10:46:32.258+0000] {dag.py:3239} INFO - Sync 2 DAGs
[2025-12-13T10:46:32.311+0000] {logging_mixin.py:190} INFO - [2025-12-13T10:46:32.311+0000] {dag.py:4180} INFO - Setting next_dagrun for example_external_task_marker_child to None, run_after=None
[2025-12-13T10:46:32.322+0000] {logging_mixin.py:190} INFO - [2025-12-13T10:46:32.322+0000] {dag.py:4180} INFO - Setting next_dagrun for example_external_task_marker_parent to None, run_after=None
[2025-12-13T10:46:32.366+0000] {processor.py:208} INFO - Processing /home/airflow/.local/lib/python3.12/site-packages/airflow/example_dags/example_external_task_marker_dag.py took 0.215 seconds
