[2025-12-13T10:16:19.556+0000] {processor.py:186} INFO - Started process (PID=118) to work on /home/airflow/.local/lib/python3.12/site-packages/airflow/example_dags/example_latest_only_with_trigger.py
[2025-12-13T10:16:19.558+0000] {processor.py:914} INFO - Processing file /home/airflow/.local/lib/python3.12/site-packages/airflow/example_dags/example_latest_only_with_trigger.py for tasks to queue
[2025-12-13T10:16:19.562+0000] {logging_mixin.py:190} INFO - [2025-12-13T10:16:19.561+0000] {dagbag.py:588} INFO - Filling up the DagBag from /home/airflow/.local/lib/python3.12/site-packages/airflow/example_dags/example_latest_only_with_trigger.py
[2025-12-13T10:16:19.577+0000] {processor.py:925} INFO - DAG(s) 'latest_only_with_trigger' retrieved from /home/airflow/.local/lib/python3.12/site-packages/airflow/example_dags/example_latest_only_with_trigger.py
[2025-12-13T10:16:19.970+0000] {logging_mixin.py:190} INFO - [2025-12-13T10:16:19.969+0000] {override.py:1911} INFO - Created Permission View: can edit on DAG:latest_only_with_trigger
[2025-12-13T10:16:20.023+0000] {logging_mixin.py:190} INFO - [2025-12-13T10:16:20.023+0000] {override.py:1911} INFO - Created Permission View: can delete on DAG:latest_only_with_trigger
[2025-12-13T10:16:20.060+0000] {logging_mixin.py:190} INFO - [2025-12-13T10:16:20.060+0000] {override.py:1911} INFO - Created Permission View: can read on DAG:latest_only_with_trigger
[2025-12-13T10:16:20.085+0000] {logging_mixin.py:190} INFO - [2025-12-13T10:16:20.084+0000] {override.py:1911} INFO - Created Permission View: can create on DAG Run:latest_only_with_trigger
[2025-12-13T10:16:20.116+0000] {logging_mixin.py:190} INFO - [2025-12-13T10:16:20.115+0000] {override.py:1911} INFO - Created Permission View: can delete on DAG Run:latest_only_with_trigger
[2025-12-13T10:16:20.148+0000] {logging_mixin.py:190} INFO - [2025-12-13T10:16:20.147+0000] {override.py:1911} INFO - Created Permission View: menu access on DAG Run:latest_only_with_trigger
[2025-12-13T10:16:20.182+0000] {logging_mixin.py:190} INFO - [2025-12-13T10:16:20.181+0000] {override.py:1911} INFO - Created Permission View: can read on DAG Run:latest_only_with_trigger
[2025-12-13T10:16:20.183+0000] {logging_mixin.py:190} INFO - [2025-12-13T10:16:20.182+0000] {dag.py:3239} INFO - Sync 1 DAGs
[2025-12-13T10:16:20.244+0000] {logging_mixin.py:190} INFO - [2025-12-13T10:16:20.244+0000] {dag.py:3262} INFO - Creating ORM DAG for latest_only_with_trigger
[2025-12-13T10:16:20.336+0000] {logging_mixin.py:190} INFO - [2025-12-13T10:16:20.336+0000] {dag.py:4180} INFO - Setting next_dagrun for latest_only_with_trigger to 2025-12-13 04:00:00+00:00, run_after=2025-12-13 08:00:00+00:00
[2025-12-13T10:16:20.427+0000] {processor.py:208} INFO - Processing /home/airflow/.local/lib/python3.12/site-packages/airflow/example_dags/example_latest_only_with_trigger.py took 0.883 seconds
[2025-12-13T10:16:50.569+0000] {processor.py:186} INFO - Started process (PID=181) to work on /home/airflow/.local/lib/python3.12/site-packages/airflow/example_dags/example_latest_only_with_trigger.py
[2025-12-13T10:16:50.571+0000] {processor.py:914} INFO - Processing file /home/airflow/.local/lib/python3.12/site-packages/airflow/example_dags/example_latest_only_with_trigger.py for tasks to queue
[2025-12-13T10:16:50.575+0000] {logging_mixin.py:190} INFO - [2025-12-13T10:16:50.574+0000] {dagbag.py:588} INFO - Filling up the DagBag from /home/airflow/.local/lib/python3.12/site-packages/airflow/example_dags/example_latest_only_with_trigger.py
[2025-12-13T10:16:50.590+0000] {processor.py:925} INFO - DAG(s) 'latest_only_with_trigger' retrieved from /home/airflow/.local/lib/python3.12/site-packages/airflow/example_dags/example_latest_only_with_trigger.py
[2025-12-13T10:16:50.626+0000] {logging_mixin.py:190} INFO - [2025-12-13T10:16:50.626+0000] {dag.py:3239} INFO - Sync 1 DAGs
[2025-12-13T10:16:50.669+0000] {logging_mixin.py:190} INFO - [2025-12-13T10:16:50.669+0000] {dag.py:4180} INFO - Setting next_dagrun for latest_only_with_trigger to 2025-12-13 04:00:00+00:00, run_after=2025-12-13 08:00:00+00:00
[2025-12-13T10:16:50.697+0000] {processor.py:208} INFO - Processing /home/airflow/.local/lib/python3.12/site-packages/airflow/example_dags/example_latest_only_with_trigger.py took 0.138 seconds
[2025-12-13T10:17:22.129+0000] {processor.py:186} INFO - Started process (PID=243) to work on /home/airflow/.local/lib/python3.12/site-packages/airflow/example_dags/example_latest_only_with_trigger.py
[2025-12-13T10:17:22.130+0000] {processor.py:914} INFO - Processing file /home/airflow/.local/lib/python3.12/site-packages/airflow/example_dags/example_latest_only_with_trigger.py for tasks to queue
[2025-12-13T10:17:22.134+0000] {logging_mixin.py:190} INFO - [2025-12-13T10:17:22.133+0000] {dagbag.py:588} INFO - Filling up the DagBag from /home/airflow/.local/lib/python3.12/site-packages/airflow/example_dags/example_latest_only_with_trigger.py
[2025-12-13T10:17:22.146+0000] {processor.py:925} INFO - DAG(s) 'latest_only_with_trigger' retrieved from /home/airflow/.local/lib/python3.12/site-packages/airflow/example_dags/example_latest_only_with_trigger.py
[2025-12-13T10:17:22.189+0000] {logging_mixin.py:190} INFO - [2025-12-13T10:17:22.189+0000] {dag.py:3239} INFO - Sync 1 DAGs
[2025-12-13T10:17:22.238+0000] {logging_mixin.py:190} INFO - [2025-12-13T10:17:22.237+0000] {dag.py:4180} INFO - Setting next_dagrun for latest_only_with_trigger to 2025-12-13 04:00:00+00:00, run_after=2025-12-13 08:00:00+00:00
[2025-12-13T10:17:22.266+0000] {processor.py:208} INFO - Processing /home/airflow/.local/lib/python3.12/site-packages/airflow/example_dags/example_latest_only_with_trigger.py took 0.155 seconds
[2025-12-13T10:17:54.304+0000] {processor.py:186} INFO - Started process (PID=306) to work on /home/airflow/.local/lib/python3.12/site-packages/airflow/example_dags/example_latest_only_with_trigger.py
[2025-12-13T10:17:54.305+0000] {processor.py:914} INFO - Processing file /home/airflow/.local/lib/python3.12/site-packages/airflow/example_dags/example_latest_only_with_trigger.py for tasks to queue
[2025-12-13T10:17:54.308+0000] {logging_mixin.py:190} INFO - [2025-12-13T10:17:54.308+0000] {dagbag.py:588} INFO - Filling up the DagBag from /home/airflow/.local/lib/python3.12/site-packages/airflow/example_dags/example_latest_only_with_trigger.py
[2025-12-13T10:17:54.323+0000] {processor.py:925} INFO - DAG(s) 'latest_only_with_trigger' retrieved from /home/airflow/.local/lib/python3.12/site-packages/airflow/example_dags/example_latest_only_with_trigger.py
[2025-12-13T10:17:54.357+0000] {logging_mixin.py:190} INFO - [2025-12-13T10:17:54.356+0000] {dag.py:3239} INFO - Sync 1 DAGs
[2025-12-13T10:17:54.402+0000] {logging_mixin.py:190} INFO - [2025-12-13T10:17:54.401+0000] {dag.py:4180} INFO - Setting next_dagrun for latest_only_with_trigger to 2025-12-13 04:00:00+00:00, run_after=2025-12-13 08:00:00+00:00
[2025-12-13T10:17:54.430+0000] {processor.py:208} INFO - Processing /home/airflow/.local/lib/python3.12/site-packages/airflow/example_dags/example_latest_only_with_trigger.py took 0.134 seconds
[2025-12-13T10:18:26.559+0000] {processor.py:186} INFO - Started process (PID=369) to work on /home/airflow/.local/lib/python3.12/site-packages/airflow/example_dags/example_latest_only_with_trigger.py
[2025-12-13T10:18:26.560+0000] {processor.py:914} INFO - Processing file /home/airflow/.local/lib/python3.12/site-packages/airflow/example_dags/example_latest_only_with_trigger.py for tasks to queue
[2025-12-13T10:18:26.563+0000] {logging_mixin.py:190} INFO - [2025-12-13T10:18:26.563+0000] {dagbag.py:588} INFO - Filling up the DagBag from /home/airflow/.local/lib/python3.12/site-packages/airflow/example_dags/example_latest_only_with_trigger.py
[2025-12-13T10:18:26.578+0000] {processor.py:925} INFO - DAG(s) 'latest_only_with_trigger' retrieved from /home/airflow/.local/lib/python3.12/site-packages/airflow/example_dags/example_latest_only_with_trigger.py
[2025-12-13T10:18:26.623+0000] {logging_mixin.py:190} INFO - [2025-12-13T10:18:26.623+0000] {dag.py:3239} INFO - Sync 1 DAGs
[2025-12-13T10:18:26.683+0000] {logging_mixin.py:190} INFO - [2025-12-13T10:18:26.682+0000] {dag.py:4180} INFO - Setting next_dagrun for latest_only_with_trigger to 2025-12-13 04:00:00+00:00, run_after=2025-12-13 08:00:00+00:00
[2025-12-13T10:18:26.719+0000] {processor.py:208} INFO - Processing /home/airflow/.local/lib/python3.12/site-packages/airflow/example_dags/example_latest_only_with_trigger.py took 0.171 seconds
[2025-12-13T10:18:59.988+0000] {processor.py:186} INFO - Started process (PID=432) to work on /home/airflow/.local/lib/python3.12/site-packages/airflow/example_dags/example_latest_only_with_trigger.py
[2025-12-13T10:18:59.990+0000] {processor.py:914} INFO - Processing file /home/airflow/.local/lib/python3.12/site-packages/airflow/example_dags/example_latest_only_with_trigger.py for tasks to queue
[2025-12-13T10:18:59.994+0000] {logging_mixin.py:190} INFO - [2025-12-13T10:18:59.994+0000] {dagbag.py:588} INFO - Filling up the DagBag from /home/airflow/.local/lib/python3.12/site-packages/airflow/example_dags/example_latest_only_with_trigger.py
[2025-12-13T10:19:00.014+0000] {processor.py:925} INFO - DAG(s) 'latest_only_with_trigger' retrieved from /home/airflow/.local/lib/python3.12/site-packages/airflow/example_dags/example_latest_only_with_trigger.py
[2025-12-13T10:19:00.081+0000] {logging_mixin.py:190} INFO - [2025-12-13T10:19:00.080+0000] {dag.py:3239} INFO - Sync 1 DAGs
[2025-12-13T10:19:00.157+0000] {logging_mixin.py:190} INFO - [2025-12-13T10:19:00.157+0000] {dag.py:4180} INFO - Setting next_dagrun for latest_only_with_trigger to 2025-12-13 04:00:00+00:00, run_after=2025-12-13 08:00:00+00:00
[2025-12-13T10:19:00.231+0000] {processor.py:208} INFO - Processing /home/airflow/.local/lib/python3.12/site-packages/airflow/example_dags/example_latest_only_with_trigger.py took 0.259 seconds
[2025-12-13T10:19:32.021+0000] {processor.py:186} INFO - Started process (PID=495) to work on /home/airflow/.local/lib/python3.12/site-packages/airflow/example_dags/example_latest_only_with_trigger.py
[2025-12-13T10:19:32.023+0000] {processor.py:914} INFO - Processing file /home/airflow/.local/lib/python3.12/site-packages/airflow/example_dags/example_latest_only_with_trigger.py for tasks to queue
[2025-12-13T10:19:32.028+0000] {logging_mixin.py:190} INFO - [2025-12-13T10:19:32.027+0000] {dagbag.py:588} INFO - Filling up the DagBag from /home/airflow/.local/lib/python3.12/site-packages/airflow/example_dags/example_latest_only_with_trigger.py
[2025-12-13T10:19:32.045+0000] {processor.py:925} INFO - DAG(s) 'latest_only_with_trigger' retrieved from /home/airflow/.local/lib/python3.12/site-packages/airflow/example_dags/example_latest_only_with_trigger.py
[2025-12-13T10:19:32.095+0000] {logging_mixin.py:190} INFO - [2025-12-13T10:19:32.094+0000] {dag.py:3239} INFO - Sync 1 DAGs
[2025-12-13T10:19:32.157+0000] {logging_mixin.py:190} INFO - [2025-12-13T10:19:32.157+0000] {dag.py:4180} INFO - Setting next_dagrun for latest_only_with_trigger to 2025-12-13 04:00:00+00:00, run_after=2025-12-13 08:00:00+00:00
[2025-12-13T10:19:32.191+0000] {processor.py:208} INFO - Processing /home/airflow/.local/lib/python3.12/site-packages/airflow/example_dags/example_latest_only_with_trigger.py took 0.188 seconds
[2025-12-13T10:20:02.379+0000] {processor.py:186} INFO - Started process (PID=558) to work on /home/airflow/.local/lib/python3.12/site-packages/airflow/example_dags/example_latest_only_with_trigger.py
[2025-12-13T10:20:02.381+0000] {processor.py:914} INFO - Processing file /home/airflow/.local/lib/python3.12/site-packages/airflow/example_dags/example_latest_only_with_trigger.py for tasks to queue
[2025-12-13T10:20:02.386+0000] {logging_mixin.py:190} INFO - [2025-12-13T10:20:02.385+0000] {dagbag.py:588} INFO - Filling up the DagBag from /home/airflow/.local/lib/python3.12/site-packages/airflow/example_dags/example_latest_only_with_trigger.py
[2025-12-13T10:20:02.405+0000] {processor.py:925} INFO - DAG(s) 'latest_only_with_trigger' retrieved from /home/airflow/.local/lib/python3.12/site-packages/airflow/example_dags/example_latest_only_with_trigger.py
[2025-12-13T10:20:02.470+0000] {logging_mixin.py:190} INFO - [2025-12-13T10:20:02.469+0000] {dag.py:3239} INFO - Sync 1 DAGs
[2025-12-13T10:20:02.551+0000] {logging_mixin.py:190} INFO - [2025-12-13T10:20:02.550+0000] {dag.py:4180} INFO - Setting next_dagrun for latest_only_with_trigger to 2025-12-13 04:00:00+00:00, run_after=2025-12-13 08:00:00+00:00
[2025-12-13T10:20:02.601+0000] {processor.py:208} INFO - Processing /home/airflow/.local/lib/python3.12/site-packages/airflow/example_dags/example_latest_only_with_trigger.py took 0.235 seconds
[2025-12-13T10:20:33.427+0000] {processor.py:186} INFO - Started process (PID=620) to work on /home/airflow/.local/lib/python3.12/site-packages/airflow/example_dags/example_latest_only_with_trigger.py
[2025-12-13T10:20:33.428+0000] {processor.py:914} INFO - Processing file /home/airflow/.local/lib/python3.12/site-packages/airflow/example_dags/example_latest_only_with_trigger.py for tasks to queue
[2025-12-13T10:20:33.432+0000] {logging_mixin.py:190} INFO - [2025-12-13T10:20:33.432+0000] {dagbag.py:588} INFO - Filling up the DagBag from /home/airflow/.local/lib/python3.12/site-packages/airflow/example_dags/example_latest_only_with_trigger.py
[2025-12-13T10:20:33.446+0000] {processor.py:925} INFO - DAG(s) 'latest_only_with_trigger' retrieved from /home/airflow/.local/lib/python3.12/site-packages/airflow/example_dags/example_latest_only_with_trigger.py
[2025-12-13T10:20:33.487+0000] {logging_mixin.py:190} INFO - [2025-12-13T10:20:33.486+0000] {dag.py:3239} INFO - Sync 1 DAGs
[2025-12-13T10:20:33.541+0000] {logging_mixin.py:190} INFO - [2025-12-13T10:20:33.540+0000] {dag.py:4180} INFO - Setting next_dagrun for latest_only_with_trigger to 2025-12-13 04:00:00+00:00, run_after=2025-12-13 08:00:00+00:00
[2025-12-13T10:20:33.574+0000] {processor.py:208} INFO - Processing /home/airflow/.local/lib/python3.12/site-packages/airflow/example_dags/example_latest_only_with_trigger.py took 0.162 seconds
[2025-12-13T10:21:04.299+0000] {processor.py:186} INFO - Started process (PID=683) to work on /home/airflow/.local/lib/python3.12/site-packages/airflow/example_dags/example_latest_only_with_trigger.py
[2025-12-13T10:21:04.301+0000] {processor.py:914} INFO - Processing file /home/airflow/.local/lib/python3.12/site-packages/airflow/example_dags/example_latest_only_with_trigger.py for tasks to queue
[2025-12-13T10:21:04.305+0000] {logging_mixin.py:190} INFO - [2025-12-13T10:21:04.304+0000] {dagbag.py:588} INFO - Filling up the DagBag from /home/airflow/.local/lib/python3.12/site-packages/airflow/example_dags/example_latest_only_with_trigger.py
[2025-12-13T10:21:04.320+0000] {processor.py:925} INFO - DAG(s) 'latest_only_with_trigger' retrieved from /home/airflow/.local/lib/python3.12/site-packages/airflow/example_dags/example_latest_only_with_trigger.py
[2025-12-13T10:21:04.362+0000] {logging_mixin.py:190} INFO - [2025-12-13T10:21:04.361+0000] {dag.py:3239} INFO - Sync 1 DAGs
[2025-12-13T10:21:04.410+0000] {logging_mixin.py:190} INFO - [2025-12-13T10:21:04.410+0000] {dag.py:4180} INFO - Setting next_dagrun for latest_only_with_trigger to 2025-12-13 04:00:00+00:00, run_after=2025-12-13 08:00:00+00:00
[2025-12-13T10:21:04.447+0000] {processor.py:208} INFO - Processing /home/airflow/.local/lib/python3.12/site-packages/airflow/example_dags/example_latest_only_with_trigger.py took 0.161 seconds
[2025-12-13T10:21:34.561+0000] {processor.py:186} INFO - Started process (PID=745) to work on /home/airflow/.local/lib/python3.12/site-packages/airflow/example_dags/example_latest_only_with_trigger.py
[2025-12-13T10:21:34.563+0000] {processor.py:914} INFO - Processing file /home/airflow/.local/lib/python3.12/site-packages/airflow/example_dags/example_latest_only_with_trigger.py for tasks to queue
[2025-12-13T10:21:34.570+0000] {logging_mixin.py:190} INFO - [2025-12-13T10:21:34.569+0000] {dagbag.py:588} INFO - Filling up the DagBag from /home/airflow/.local/lib/python3.12/site-packages/airflow/example_dags/example_latest_only_with_trigger.py
[2025-12-13T10:21:34.596+0000] {processor.py:925} INFO - DAG(s) 'latest_only_with_trigger' retrieved from /home/airflow/.local/lib/python3.12/site-packages/airflow/example_dags/example_latest_only_with_trigger.py
[2025-12-13T10:21:34.664+0000] {logging_mixin.py:190} INFO - [2025-12-13T10:21:34.664+0000] {dag.py:3239} INFO - Sync 1 DAGs
[2025-12-13T10:21:34.711+0000] {logging_mixin.py:190} INFO - [2025-12-13T10:21:34.710+0000] {dag.py:4180} INFO - Setting next_dagrun for latest_only_with_trigger to 2025-12-13 04:00:00+00:00, run_after=2025-12-13 08:00:00+00:00
[2025-12-13T10:21:34.747+0000] {processor.py:208} INFO - Processing /home/airflow/.local/lib/python3.12/site-packages/airflow/example_dags/example_latest_only_with_trigger.py took 0.205 seconds
[2025-12-13T10:22:07.576+0000] {processor.py:186} INFO - Started process (PID=809) to work on /home/airflow/.local/lib/python3.12/site-packages/airflow/example_dags/example_latest_only_with_trigger.py
[2025-12-13T10:22:07.580+0000] {processor.py:914} INFO - Processing file /home/airflow/.local/lib/python3.12/site-packages/airflow/example_dags/example_latest_only_with_trigger.py for tasks to queue
[2025-12-13T10:22:07.585+0000] {logging_mixin.py:190} INFO - [2025-12-13T10:22:07.585+0000] {dagbag.py:588} INFO - Filling up the DagBag from /home/airflow/.local/lib/python3.12/site-packages/airflow/example_dags/example_latest_only_with_trigger.py
[2025-12-13T10:22:07.601+0000] {processor.py:925} INFO - DAG(s) 'latest_only_with_trigger' retrieved from /home/airflow/.local/lib/python3.12/site-packages/airflow/example_dags/example_latest_only_with_trigger.py
[2025-12-13T10:22:07.645+0000] {logging_mixin.py:190} INFO - [2025-12-13T10:22:07.644+0000] {dag.py:3239} INFO - Sync 1 DAGs
[2025-12-13T10:22:07.715+0000] {logging_mixin.py:190} INFO - [2025-12-13T10:22:07.714+0000] {dag.py:4180} INFO - Setting next_dagrun for latest_only_with_trigger to 2025-12-13 04:00:00+00:00, run_after=2025-12-13 08:00:00+00:00
[2025-12-13T10:22:07.759+0000] {processor.py:208} INFO - Processing /home/airflow/.local/lib/python3.12/site-packages/airflow/example_dags/example_latest_only_with_trigger.py took 0.199 seconds
[2025-12-13T10:22:38.976+0000] {processor.py:186} INFO - Started process (PID=871) to work on /home/airflow/.local/lib/python3.12/site-packages/airflow/example_dags/example_latest_only_with_trigger.py
[2025-12-13T10:22:38.977+0000] {processor.py:914} INFO - Processing file /home/airflow/.local/lib/python3.12/site-packages/airflow/example_dags/example_latest_only_with_trigger.py for tasks to queue
[2025-12-13T10:22:38.981+0000] {logging_mixin.py:190} INFO - [2025-12-13T10:22:38.981+0000] {dagbag.py:588} INFO - Filling up the DagBag from /home/airflow/.local/lib/python3.12/site-packages/airflow/example_dags/example_latest_only_with_trigger.py
[2025-12-13T10:22:39.012+0000] {processor.py:925} INFO - DAG(s) 'latest_only_with_trigger' retrieved from /home/airflow/.local/lib/python3.12/site-packages/airflow/example_dags/example_latest_only_with_trigger.py
[2025-12-13T10:22:39.110+0000] {logging_mixin.py:190} INFO - [2025-12-13T10:22:39.110+0000] {dag.py:3239} INFO - Sync 1 DAGs
[2025-12-13T10:22:39.162+0000] {logging_mixin.py:190} INFO - [2025-12-13T10:22:39.162+0000] {dag.py:4180} INFO - Setting next_dagrun for latest_only_with_trigger to 2025-12-13 04:00:00+00:00, run_after=2025-12-13 08:00:00+00:00
[2025-12-13T10:22:39.214+0000] {processor.py:208} INFO - Processing /home/airflow/.local/lib/python3.12/site-packages/airflow/example_dags/example_latest_only_with_trigger.py took 0.251 seconds
[2025-12-13T10:23:10.767+0000] {processor.py:186} INFO - Started process (PID=935) to work on /home/airflow/.local/lib/python3.12/site-packages/airflow/example_dags/example_latest_only_with_trigger.py
[2025-12-13T10:23:10.769+0000] {processor.py:914} INFO - Processing file /home/airflow/.local/lib/python3.12/site-packages/airflow/example_dags/example_latest_only_with_trigger.py for tasks to queue
[2025-12-13T10:23:10.772+0000] {logging_mixin.py:190} INFO - [2025-12-13T10:23:10.771+0000] {dagbag.py:588} INFO - Filling up the DagBag from /home/airflow/.local/lib/python3.12/site-packages/airflow/example_dags/example_latest_only_with_trigger.py
[2025-12-13T10:23:10.783+0000] {processor.py:925} INFO - DAG(s) 'latest_only_with_trigger' retrieved from /home/airflow/.local/lib/python3.12/site-packages/airflow/example_dags/example_latest_only_with_trigger.py
[2025-12-13T10:23:10.823+0000] {logging_mixin.py:190} INFO - [2025-12-13T10:23:10.823+0000] {dag.py:3239} INFO - Sync 1 DAGs
[2025-12-13T10:23:10.863+0000] {logging_mixin.py:190} INFO - [2025-12-13T10:23:10.863+0000] {dag.py:4180} INFO - Setting next_dagrun for latest_only_with_trigger to 2025-12-13 04:00:00+00:00, run_after=2025-12-13 08:00:00+00:00
[2025-12-13T10:23:10.896+0000] {processor.py:208} INFO - Processing /home/airflow/.local/lib/python3.12/site-packages/airflow/example_dags/example_latest_only_with_trigger.py took 0.140 seconds
[2025-12-13T10:23:42.099+0000] {processor.py:186} INFO - Started process (PID=998) to work on /home/airflow/.local/lib/python3.12/site-packages/airflow/example_dags/example_latest_only_with_trigger.py
[2025-12-13T10:23:42.100+0000] {processor.py:914} INFO - Processing file /home/airflow/.local/lib/python3.12/site-packages/airflow/example_dags/example_latest_only_with_trigger.py for tasks to queue
[2025-12-13T10:23:42.104+0000] {logging_mixin.py:190} INFO - [2025-12-13T10:23:42.103+0000] {dagbag.py:588} INFO - Filling up the DagBag from /home/airflow/.local/lib/python3.12/site-packages/airflow/example_dags/example_latest_only_with_trigger.py
[2025-12-13T10:23:42.118+0000] {processor.py:925} INFO - DAG(s) 'latest_only_with_trigger' retrieved from /home/airflow/.local/lib/python3.12/site-packages/airflow/example_dags/example_latest_only_with_trigger.py
[2025-12-13T10:23:42.153+0000] {logging_mixin.py:190} INFO - [2025-12-13T10:23:42.153+0000] {dag.py:3239} INFO - Sync 1 DAGs
[2025-12-13T10:23:42.203+0000] {logging_mixin.py:190} INFO - [2025-12-13T10:23:42.203+0000] {dag.py:4180} INFO - Setting next_dagrun for latest_only_with_trigger to 2025-12-13 04:00:00+00:00, run_after=2025-12-13 08:00:00+00:00
[2025-12-13T10:23:42.238+0000] {processor.py:208} INFO - Processing /home/airflow/.local/lib/python3.12/site-packages/airflow/example_dags/example_latest_only_with_trigger.py took 0.151 seconds
[2025-12-13T10:24:14.818+0000] {processor.py:186} INFO - Started process (PID=1072) to work on /home/airflow/.local/lib/python3.12/site-packages/airflow/example_dags/example_latest_only_with_trigger.py
[2025-12-13T10:24:14.819+0000] {processor.py:914} INFO - Processing file /home/airflow/.local/lib/python3.12/site-packages/airflow/example_dags/example_latest_only_with_trigger.py for tasks to queue
[2025-12-13T10:24:14.823+0000] {logging_mixin.py:190} INFO - [2025-12-13T10:24:14.822+0000] {dagbag.py:588} INFO - Filling up the DagBag from /home/airflow/.local/lib/python3.12/site-packages/airflow/example_dags/example_latest_only_with_trigger.py
[2025-12-13T10:24:14.837+0000] {processor.py:925} INFO - DAG(s) 'latest_only_with_trigger' retrieved from /home/airflow/.local/lib/python3.12/site-packages/airflow/example_dags/example_latest_only_with_trigger.py
[2025-12-13T10:24:14.872+0000] {logging_mixin.py:190} INFO - [2025-12-13T10:24:14.871+0000] {dag.py:3239} INFO - Sync 1 DAGs
[2025-12-13T10:24:14.916+0000] {logging_mixin.py:190} INFO - [2025-12-13T10:24:14.916+0000] {dag.py:4180} INFO - Setting next_dagrun for latest_only_with_trigger to 2025-12-13 04:00:00+00:00, run_after=2025-12-13 08:00:00+00:00
[2025-12-13T10:24:14.947+0000] {processor.py:208} INFO - Processing /home/airflow/.local/lib/python3.12/site-packages/airflow/example_dags/example_latest_only_with_trigger.py took 0.142 seconds
[2025-12-13T10:24:46.252+0000] {processor.py:186} INFO - Started process (PID=1134) to work on /home/airflow/.local/lib/python3.12/site-packages/airflow/example_dags/example_latest_only_with_trigger.py
[2025-12-13T10:24:46.254+0000] {processor.py:914} INFO - Processing file /home/airflow/.local/lib/python3.12/site-packages/airflow/example_dags/example_latest_only_with_trigger.py for tasks to queue
[2025-12-13T10:24:46.259+0000] {logging_mixin.py:190} INFO - [2025-12-13T10:24:46.258+0000] {dagbag.py:588} INFO - Filling up the DagBag from /home/airflow/.local/lib/python3.12/site-packages/airflow/example_dags/example_latest_only_with_trigger.py
[2025-12-13T10:24:46.272+0000] {processor.py:925} INFO - DAG(s) 'latest_only_with_trigger' retrieved from /home/airflow/.local/lib/python3.12/site-packages/airflow/example_dags/example_latest_only_with_trigger.py
[2025-12-13T10:24:46.304+0000] {logging_mixin.py:190} INFO - [2025-12-13T10:24:46.303+0000] {dag.py:3239} INFO - Sync 1 DAGs
[2025-12-13T10:24:46.346+0000] {logging_mixin.py:190} INFO - [2025-12-13T10:24:46.345+0000] {dag.py:4180} INFO - Setting next_dagrun for latest_only_with_trigger to 2025-12-13 04:00:00+00:00, run_after=2025-12-13 08:00:00+00:00
[2025-12-13T10:24:46.375+0000] {processor.py:208} INFO - Processing /home/airflow/.local/lib/python3.12/site-packages/airflow/example_dags/example_latest_only_with_trigger.py took 0.133 seconds
[2025-12-13T10:25:18.305+0000] {processor.py:186} INFO - Started process (PID=1199) to work on /home/airflow/.local/lib/python3.12/site-packages/airflow/example_dags/example_latest_only_with_trigger.py
[2025-12-13T10:25:18.309+0000] {processor.py:914} INFO - Processing file /home/airflow/.local/lib/python3.12/site-packages/airflow/example_dags/example_latest_only_with_trigger.py for tasks to queue
[2025-12-13T10:25:18.314+0000] {logging_mixin.py:190} INFO - [2025-12-13T10:25:18.313+0000] {dagbag.py:588} INFO - Filling up the DagBag from /home/airflow/.local/lib/python3.12/site-packages/airflow/example_dags/example_latest_only_with_trigger.py
[2025-12-13T10:25:18.329+0000] {processor.py:925} INFO - DAG(s) 'latest_only_with_trigger' retrieved from /home/airflow/.local/lib/python3.12/site-packages/airflow/example_dags/example_latest_only_with_trigger.py
[2025-12-13T10:25:18.372+0000] {logging_mixin.py:190} INFO - [2025-12-13T10:25:18.371+0000] {dag.py:3239} INFO - Sync 1 DAGs
[2025-12-13T10:25:18.419+0000] {logging_mixin.py:190} INFO - [2025-12-13T10:25:18.418+0000] {dag.py:4180} INFO - Setting next_dagrun for latest_only_with_trigger to 2025-12-13 04:00:00+00:00, run_after=2025-12-13 08:00:00+00:00
[2025-12-13T10:25:18.447+0000] {processor.py:208} INFO - Processing /home/airflow/.local/lib/python3.12/site-packages/airflow/example_dags/example_latest_only_with_trigger.py took 0.154 seconds
[2025-12-13T10:25:50.726+0000] {processor.py:186} INFO - Started process (PID=1265) to work on /home/airflow/.local/lib/python3.12/site-packages/airflow/example_dags/example_latest_only_with_trigger.py
[2025-12-13T10:25:50.727+0000] {processor.py:914} INFO - Processing file /home/airflow/.local/lib/python3.12/site-packages/airflow/example_dags/example_latest_only_with_trigger.py for tasks to queue
[2025-12-13T10:25:50.731+0000] {logging_mixin.py:190} INFO - [2025-12-13T10:25:50.730+0000] {dagbag.py:588} INFO - Filling up the DagBag from /home/airflow/.local/lib/python3.12/site-packages/airflow/example_dags/example_latest_only_with_trigger.py
[2025-12-13T10:25:50.748+0000] {processor.py:925} INFO - DAG(s) 'latest_only_with_trigger' retrieved from /home/airflow/.local/lib/python3.12/site-packages/airflow/example_dags/example_latest_only_with_trigger.py
[2025-12-13T10:25:50.787+0000] {logging_mixin.py:190} INFO - [2025-12-13T10:25:50.787+0000] {dag.py:3239} INFO - Sync 1 DAGs
[2025-12-13T10:25:50.838+0000] {logging_mixin.py:190} INFO - [2025-12-13T10:25:50.837+0000] {dag.py:4180} INFO - Setting next_dagrun for latest_only_with_trigger to 2025-12-13 04:00:00+00:00, run_after=2025-12-13 08:00:00+00:00
[2025-12-13T10:25:50.871+0000] {processor.py:208} INFO - Processing /home/airflow/.local/lib/python3.12/site-packages/airflow/example_dags/example_latest_only_with_trigger.py took 0.160 seconds
[2025-12-13T10:26:23.157+0000] {processor.py:186} INFO - Started process (PID=1328) to work on /home/airflow/.local/lib/python3.12/site-packages/airflow/example_dags/example_latest_only_with_trigger.py
[2025-12-13T10:26:23.159+0000] {processor.py:914} INFO - Processing file /home/airflow/.local/lib/python3.12/site-packages/airflow/example_dags/example_latest_only_with_trigger.py for tasks to queue
[2025-12-13T10:26:23.163+0000] {logging_mixin.py:190} INFO - [2025-12-13T10:26:23.162+0000] {dagbag.py:588} INFO - Filling up the DagBag from /home/airflow/.local/lib/python3.12/site-packages/airflow/example_dags/example_latest_only_with_trigger.py
[2025-12-13T10:26:23.177+0000] {processor.py:925} INFO - DAG(s) 'latest_only_with_trigger' retrieved from /home/airflow/.local/lib/python3.12/site-packages/airflow/example_dags/example_latest_only_with_trigger.py
[2025-12-13T10:26:23.224+0000] {logging_mixin.py:190} INFO - [2025-12-13T10:26:23.223+0000] {dag.py:3239} INFO - Sync 1 DAGs
[2025-12-13T10:26:23.272+0000] {logging_mixin.py:190} INFO - [2025-12-13T10:26:23.272+0000] {dag.py:4180} INFO - Setting next_dagrun for latest_only_with_trigger to 2025-12-13 04:00:00+00:00, run_after=2025-12-13 08:00:00+00:00
[2025-12-13T10:26:23.316+0000] {processor.py:208} INFO - Processing /home/airflow/.local/lib/python3.12/site-packages/airflow/example_dags/example_latest_only_with_trigger.py took 0.170 seconds
[2025-12-13T10:26:54.377+0000] {processor.py:186} INFO - Started process (PID=1391) to work on /home/airflow/.local/lib/python3.12/site-packages/airflow/example_dags/example_latest_only_with_trigger.py
[2025-12-13T10:26:54.378+0000] {processor.py:914} INFO - Processing file /home/airflow/.local/lib/python3.12/site-packages/airflow/example_dags/example_latest_only_with_trigger.py for tasks to queue
[2025-12-13T10:26:54.383+0000] {logging_mixin.py:190} INFO - [2025-12-13T10:26:54.382+0000] {dagbag.py:588} INFO - Filling up the DagBag from /home/airflow/.local/lib/python3.12/site-packages/airflow/example_dags/example_latest_only_with_trigger.py
[2025-12-13T10:26:54.403+0000] {processor.py:925} INFO - DAG(s) 'latest_only_with_trigger' retrieved from /home/airflow/.local/lib/python3.12/site-packages/airflow/example_dags/example_latest_only_with_trigger.py
[2025-12-13T10:26:54.447+0000] {logging_mixin.py:190} INFO - [2025-12-13T10:26:54.446+0000] {dag.py:3239} INFO - Sync 1 DAGs
[2025-12-13T10:26:54.495+0000] {logging_mixin.py:190} INFO - [2025-12-13T10:26:54.495+0000] {dag.py:4180} INFO - Setting next_dagrun for latest_only_with_trigger to 2025-12-13 04:00:00+00:00, run_after=2025-12-13 08:00:00+00:00
[2025-12-13T10:26:54.533+0000] {processor.py:208} INFO - Processing /home/airflow/.local/lib/python3.12/site-packages/airflow/example_dags/example_latest_only_with_trigger.py took 0.170 seconds
[2025-12-13T10:27:24.580+0000] {processor.py:186} INFO - Started process (PID=1453) to work on /home/airflow/.local/lib/python3.12/site-packages/airflow/example_dags/example_latest_only_with_trigger.py
[2025-12-13T10:27:24.581+0000] {processor.py:914} INFO - Processing file /home/airflow/.local/lib/python3.12/site-packages/airflow/example_dags/example_latest_only_with_trigger.py for tasks to queue
[2025-12-13T10:27:24.584+0000] {logging_mixin.py:190} INFO - [2025-12-13T10:27:24.584+0000] {dagbag.py:588} INFO - Filling up the DagBag from /home/airflow/.local/lib/python3.12/site-packages/airflow/example_dags/example_latest_only_with_trigger.py
[2025-12-13T10:27:24.596+0000] {processor.py:925} INFO - DAG(s) 'latest_only_with_trigger' retrieved from /home/airflow/.local/lib/python3.12/site-packages/airflow/example_dags/example_latest_only_with_trigger.py
[2025-12-13T10:27:24.631+0000] {logging_mixin.py:190} INFO - [2025-12-13T10:27:24.630+0000] {dag.py:3239} INFO - Sync 1 DAGs
[2025-12-13T10:27:24.670+0000] {logging_mixin.py:190} INFO - [2025-12-13T10:27:24.669+0000] {dag.py:4180} INFO - Setting next_dagrun for latest_only_with_trigger to 2025-12-13 04:00:00+00:00, run_after=2025-12-13 08:00:00+00:00
[2025-12-13T10:27:24.697+0000] {processor.py:208} INFO - Processing /home/airflow/.local/lib/python3.12/site-packages/airflow/example_dags/example_latest_only_with_trigger.py took 0.127 seconds
[2025-12-13T10:27:55.253+0000] {processor.py:186} INFO - Started process (PID=1515) to work on /home/airflow/.local/lib/python3.12/site-packages/airflow/example_dags/example_latest_only_with_trigger.py
[2025-12-13T10:27:55.254+0000] {processor.py:914} INFO - Processing file /home/airflow/.local/lib/python3.12/site-packages/airflow/example_dags/example_latest_only_with_trigger.py for tasks to queue
[2025-12-13T10:27:55.258+0000] {logging_mixin.py:190} INFO - [2025-12-13T10:27:55.258+0000] {dagbag.py:588} INFO - Filling up the DagBag from /home/airflow/.local/lib/python3.12/site-packages/airflow/example_dags/example_latest_only_with_trigger.py
[2025-12-13T10:27:55.280+0000] {processor.py:925} INFO - DAG(s) 'latest_only_with_trigger' retrieved from /home/airflow/.local/lib/python3.12/site-packages/airflow/example_dags/example_latest_only_with_trigger.py
[2025-12-13T10:27:55.326+0000] {logging_mixin.py:190} INFO - [2025-12-13T10:27:55.326+0000] {dag.py:3239} INFO - Sync 1 DAGs
[2025-12-13T10:27:55.381+0000] {logging_mixin.py:190} INFO - [2025-12-13T10:27:55.381+0000] {dag.py:4180} INFO - Setting next_dagrun for latest_only_with_trigger to 2025-12-13 04:00:00+00:00, run_after=2025-12-13 08:00:00+00:00
[2025-12-13T10:27:55.425+0000] {processor.py:208} INFO - Processing /home/airflow/.local/lib/python3.12/site-packages/airflow/example_dags/example_latest_only_with_trigger.py took 0.186 seconds
[2025-12-13T10:28:26.996+0000] {processor.py:186} INFO - Started process (PID=1582) to work on /home/airflow/.local/lib/python3.12/site-packages/airflow/example_dags/example_latest_only_with_trigger.py
[2025-12-13T10:28:26.999+0000] {processor.py:914} INFO - Processing file /home/airflow/.local/lib/python3.12/site-packages/airflow/example_dags/example_latest_only_with_trigger.py for tasks to queue
[2025-12-13T10:28:27.021+0000] {logging_mixin.py:190} INFO - [2025-12-13T10:28:27.020+0000] {dagbag.py:588} INFO - Filling up the DagBag from /home/airflow/.local/lib/python3.12/site-packages/airflow/example_dags/example_latest_only_with_trigger.py
[2025-12-13T10:28:27.096+0000] {processor.py:925} INFO - DAG(s) 'latest_only_with_trigger' retrieved from /home/airflow/.local/lib/python3.12/site-packages/airflow/example_dags/example_latest_only_with_trigger.py
[2025-12-13T10:28:27.255+0000] {logging_mixin.py:190} INFO - [2025-12-13T10:28:27.253+0000] {dag.py:3239} INFO - Sync 1 DAGs
[2025-12-13T10:28:27.329+0000] {logging_mixin.py:190} INFO - [2025-12-13T10:28:27.328+0000] {dag.py:4180} INFO - Setting next_dagrun for latest_only_with_trigger to 2025-12-13 04:00:00+00:00, run_after=2025-12-13 08:00:00+00:00
[2025-12-13T10:28:27.530+0000] {processor.py:208} INFO - Processing /home/airflow/.local/lib/python3.12/site-packages/airflow/example_dags/example_latest_only_with_trigger.py took 0.575 seconds
[2025-12-13T10:28:57.730+0000] {processor.py:186} INFO - Started process (PID=1644) to work on /home/airflow/.local/lib/python3.12/site-packages/airflow/example_dags/example_latest_only_with_trigger.py
[2025-12-13T10:28:57.733+0000] {processor.py:914} INFO - Processing file /home/airflow/.local/lib/python3.12/site-packages/airflow/example_dags/example_latest_only_with_trigger.py for tasks to queue
[2025-12-13T10:28:57.738+0000] {logging_mixin.py:190} INFO - [2025-12-13T10:28:57.737+0000] {dagbag.py:588} INFO - Filling up the DagBag from /home/airflow/.local/lib/python3.12/site-packages/airflow/example_dags/example_latest_only_with_trigger.py
[2025-12-13T10:28:57.757+0000] {processor.py:925} INFO - DAG(s) 'latest_only_with_trigger' retrieved from /home/airflow/.local/lib/python3.12/site-packages/airflow/example_dags/example_latest_only_with_trigger.py
[2025-12-13T10:28:57.802+0000] {logging_mixin.py:190} INFO - [2025-12-13T10:28:57.802+0000] {dag.py:3239} INFO - Sync 1 DAGs
[2025-12-13T10:28:57.855+0000] {logging_mixin.py:190} INFO - [2025-12-13T10:28:57.855+0000] {dag.py:4180} INFO - Setting next_dagrun for latest_only_with_trigger to 2025-12-13 04:00:00+00:00, run_after=2025-12-13 08:00:00+00:00
[2025-12-13T10:28:57.896+0000] {processor.py:208} INFO - Processing /home/airflow/.local/lib/python3.12/site-packages/airflow/example_dags/example_latest_only_with_trigger.py took 0.178 seconds
[2025-12-13T10:29:28.442+0000] {processor.py:186} INFO - Started process (PID=1706) to work on /home/airflow/.local/lib/python3.12/site-packages/airflow/example_dags/example_latest_only_with_trigger.py
[2025-12-13T10:29:28.445+0000] {processor.py:914} INFO - Processing file /home/airflow/.local/lib/python3.12/site-packages/airflow/example_dags/example_latest_only_with_trigger.py for tasks to queue
[2025-12-13T10:29:28.452+0000] {logging_mixin.py:190} INFO - [2025-12-13T10:29:28.451+0000] {dagbag.py:588} INFO - Filling up the DagBag from /home/airflow/.local/lib/python3.12/site-packages/airflow/example_dags/example_latest_only_with_trigger.py
[2025-12-13T10:29:28.484+0000] {processor.py:925} INFO - DAG(s) 'latest_only_with_trigger' retrieved from /home/airflow/.local/lib/python3.12/site-packages/airflow/example_dags/example_latest_only_with_trigger.py
[2025-12-13T10:29:28.545+0000] {logging_mixin.py:190} INFO - [2025-12-13T10:29:28.545+0000] {dag.py:3239} INFO - Sync 1 DAGs
[2025-12-13T10:29:28.610+0000] {logging_mixin.py:190} INFO - [2025-12-13T10:29:28.609+0000] {dag.py:4180} INFO - Setting next_dagrun for latest_only_with_trigger to 2025-12-13 04:00:00+00:00, run_after=2025-12-13 08:00:00+00:00
[2025-12-13T10:29:28.670+0000] {processor.py:208} INFO - Processing /home/airflow/.local/lib/python3.12/site-packages/airflow/example_dags/example_latest_only_with_trigger.py took 0.251 seconds
[2025-12-13T10:29:59.000+0000] {processor.py:186} INFO - Started process (PID=1769) to work on /home/airflow/.local/lib/python3.12/site-packages/airflow/example_dags/example_latest_only_with_trigger.py
[2025-12-13T10:29:59.002+0000] {processor.py:914} INFO - Processing file /home/airflow/.local/lib/python3.12/site-packages/airflow/example_dags/example_latest_only_with_trigger.py for tasks to queue
[2025-12-13T10:29:59.007+0000] {logging_mixin.py:190} INFO - [2025-12-13T10:29:59.007+0000] {dagbag.py:588} INFO - Filling up the DagBag from /home/airflow/.local/lib/python3.12/site-packages/airflow/example_dags/example_latest_only_with_trigger.py
[2025-12-13T10:29:59.025+0000] {processor.py:925} INFO - DAG(s) 'latest_only_with_trigger' retrieved from /home/airflow/.local/lib/python3.12/site-packages/airflow/example_dags/example_latest_only_with_trigger.py
[2025-12-13T10:29:59.085+0000] {logging_mixin.py:190} INFO - [2025-12-13T10:29:59.085+0000] {dag.py:3239} INFO - Sync 1 DAGs
[2025-12-13T10:29:59.137+0000] {logging_mixin.py:190} INFO - [2025-12-13T10:29:59.137+0000] {dag.py:4180} INFO - Setting next_dagrun for latest_only_with_trigger to 2025-12-13 04:00:00+00:00, run_after=2025-12-13 08:00:00+00:00
[2025-12-13T10:29:59.173+0000] {processor.py:208} INFO - Processing /home/airflow/.local/lib/python3.12/site-packages/airflow/example_dags/example_latest_only_with_trigger.py took 0.186 seconds
[2025-12-13T10:30:29.258+0000] {processor.py:186} INFO - Started process (PID=1832) to work on /home/airflow/.local/lib/python3.12/site-packages/airflow/example_dags/example_latest_only_with_trigger.py
[2025-12-13T10:30:29.259+0000] {processor.py:914} INFO - Processing file /home/airflow/.local/lib/python3.12/site-packages/airflow/example_dags/example_latest_only_with_trigger.py for tasks to queue
[2025-12-13T10:30:29.262+0000] {logging_mixin.py:190} INFO - [2025-12-13T10:30:29.262+0000] {dagbag.py:588} INFO - Filling up the DagBag from /home/airflow/.local/lib/python3.12/site-packages/airflow/example_dags/example_latest_only_with_trigger.py
[2025-12-13T10:30:29.276+0000] {processor.py:925} INFO - DAG(s) 'latest_only_with_trigger' retrieved from /home/airflow/.local/lib/python3.12/site-packages/airflow/example_dags/example_latest_only_with_trigger.py
[2025-12-13T10:30:29.308+0000] {logging_mixin.py:190} INFO - [2025-12-13T10:30:29.307+0000] {dag.py:3239} INFO - Sync 1 DAGs
[2025-12-13T10:30:29.344+0000] {logging_mixin.py:190} INFO - [2025-12-13T10:30:29.344+0000] {dag.py:4180} INFO - Setting next_dagrun for latest_only_with_trigger to 2025-12-13 04:00:00+00:00, run_after=2025-12-13 08:00:00+00:00
[2025-12-13T10:30:29.373+0000] {processor.py:208} INFO - Processing /home/airflow/.local/lib/python3.12/site-packages/airflow/example_dags/example_latest_only_with_trigger.py took 0.124 seconds
[2025-12-13T10:31:00.028+0000] {processor.py:186} INFO - Started process (PID=1895) to work on /home/airflow/.local/lib/python3.12/site-packages/airflow/example_dags/example_latest_only_with_trigger.py
[2025-12-13T10:31:00.029+0000] {processor.py:914} INFO - Processing file /home/airflow/.local/lib/python3.12/site-packages/airflow/example_dags/example_latest_only_with_trigger.py for tasks to queue
[2025-12-13T10:31:00.037+0000] {logging_mixin.py:190} INFO - [2025-12-13T10:31:00.036+0000] {dagbag.py:588} INFO - Filling up the DagBag from /home/airflow/.local/lib/python3.12/site-packages/airflow/example_dags/example_latest_only_with_trigger.py
[2025-12-13T10:31:00.056+0000] {processor.py:925} INFO - DAG(s) 'latest_only_with_trigger' retrieved from /home/airflow/.local/lib/python3.12/site-packages/airflow/example_dags/example_latest_only_with_trigger.py
[2025-12-13T10:31:00.099+0000] {logging_mixin.py:190} INFO - [2025-12-13T10:31:00.099+0000] {dag.py:3239} INFO - Sync 1 DAGs
[2025-12-13T10:31:00.155+0000] {logging_mixin.py:190} INFO - [2025-12-13T10:31:00.155+0000] {dag.py:4180} INFO - Setting next_dagrun for latest_only_with_trigger to 2025-12-13 04:00:00+00:00, run_after=2025-12-13 08:00:00+00:00
[2025-12-13T10:31:00.205+0000] {processor.py:208} INFO - Processing /home/airflow/.local/lib/python3.12/site-packages/airflow/example_dags/example_latest_only_with_trigger.py took 0.198 seconds
[2025-12-13T10:31:30.897+0000] {processor.py:186} INFO - Started process (PID=1958) to work on /home/airflow/.local/lib/python3.12/site-packages/airflow/example_dags/example_latest_only_with_trigger.py
[2025-12-13T10:31:30.899+0000] {processor.py:914} INFO - Processing file /home/airflow/.local/lib/python3.12/site-packages/airflow/example_dags/example_latest_only_with_trigger.py for tasks to queue
[2025-12-13T10:31:30.904+0000] {logging_mixin.py:190} INFO - [2025-12-13T10:31:30.903+0000] {dagbag.py:588} INFO - Filling up the DagBag from /home/airflow/.local/lib/python3.12/site-packages/airflow/example_dags/example_latest_only_with_trigger.py
[2025-12-13T10:31:30.923+0000] {processor.py:925} INFO - DAG(s) 'latest_only_with_trigger' retrieved from /home/airflow/.local/lib/python3.12/site-packages/airflow/example_dags/example_latest_only_with_trigger.py
[2025-12-13T10:31:30.965+0000] {logging_mixin.py:190} INFO - [2025-12-13T10:31:30.965+0000] {dag.py:3239} INFO - Sync 1 DAGs
[2025-12-13T10:31:31.021+0000] {logging_mixin.py:190} INFO - [2025-12-13T10:31:31.020+0000] {dag.py:4180} INFO - Setting next_dagrun for latest_only_with_trigger to 2025-12-13 04:00:00+00:00, run_after=2025-12-13 08:00:00+00:00
[2025-12-13T10:31:31.057+0000] {processor.py:208} INFO - Processing /home/airflow/.local/lib/python3.12/site-packages/airflow/example_dags/example_latest_only_with_trigger.py took 0.177 seconds
[2025-12-13T10:32:01.339+0000] {processor.py:186} INFO - Started process (PID=2021) to work on /home/airflow/.local/lib/python3.12/site-packages/airflow/example_dags/example_latest_only_with_trigger.py
[2025-12-13T10:32:01.340+0000] {processor.py:914} INFO - Processing file /home/airflow/.local/lib/python3.12/site-packages/airflow/example_dags/example_latest_only_with_trigger.py for tasks to queue
[2025-12-13T10:32:01.344+0000] {logging_mixin.py:190} INFO - [2025-12-13T10:32:01.343+0000] {dagbag.py:588} INFO - Filling up the DagBag from /home/airflow/.local/lib/python3.12/site-packages/airflow/example_dags/example_latest_only_with_trigger.py
[2025-12-13T10:32:01.356+0000] {processor.py:925} INFO - DAG(s) 'latest_only_with_trigger' retrieved from /home/airflow/.local/lib/python3.12/site-packages/airflow/example_dags/example_latest_only_with_trigger.py
[2025-12-13T10:32:01.397+0000] {logging_mixin.py:190} INFO - [2025-12-13T10:32:01.396+0000] {dag.py:3239} INFO - Sync 1 DAGs
[2025-12-13T10:32:01.445+0000] {logging_mixin.py:190} INFO - [2025-12-13T10:32:01.444+0000] {dag.py:4180} INFO - Setting next_dagrun for latest_only_with_trigger to 2025-12-13 04:00:00+00:00, run_after=2025-12-13 08:00:00+00:00
[2025-12-13T10:32:01.474+0000] {processor.py:208} INFO - Processing /home/airflow/.local/lib/python3.12/site-packages/airflow/example_dags/example_latest_only_with_trigger.py took 0.146 seconds
[2025-12-13T10:32:32.827+0000] {processor.py:186} INFO - Started process (PID=2083) to work on /home/airflow/.local/lib/python3.12/site-packages/airflow/example_dags/example_latest_only_with_trigger.py
[2025-12-13T10:32:32.829+0000] {processor.py:914} INFO - Processing file /home/airflow/.local/lib/python3.12/site-packages/airflow/example_dags/example_latest_only_with_trigger.py for tasks to queue
[2025-12-13T10:32:32.833+0000] {logging_mixin.py:190} INFO - [2025-12-13T10:32:32.832+0000] {dagbag.py:588} INFO - Filling up the DagBag from /home/airflow/.local/lib/python3.12/site-packages/airflow/example_dags/example_latest_only_with_trigger.py
[2025-12-13T10:32:32.848+0000] {processor.py:925} INFO - DAG(s) 'latest_only_with_trigger' retrieved from /home/airflow/.local/lib/python3.12/site-packages/airflow/example_dags/example_latest_only_with_trigger.py
[2025-12-13T10:32:32.891+0000] {logging_mixin.py:190} INFO - [2025-12-13T10:32:32.891+0000] {dag.py:3239} INFO - Sync 1 DAGs
[2025-12-13T10:32:32.941+0000] {logging_mixin.py:190} INFO - [2025-12-13T10:32:32.940+0000] {dag.py:4180} INFO - Setting next_dagrun for latest_only_with_trigger to 2025-12-13 04:00:00+00:00, run_after=2025-12-13 08:00:00+00:00
[2025-12-13T10:32:32.979+0000] {processor.py:208} INFO - Processing /home/airflow/.local/lib/python3.12/site-packages/airflow/example_dags/example_latest_only_with_trigger.py took 0.164 seconds
[2025-12-13T10:33:05.351+0000] {processor.py:186} INFO - Started process (PID=2147) to work on /home/airflow/.local/lib/python3.12/site-packages/airflow/example_dags/example_latest_only_with_trigger.py
[2025-12-13T10:33:05.353+0000] {processor.py:914} INFO - Processing file /home/airflow/.local/lib/python3.12/site-packages/airflow/example_dags/example_latest_only_with_trigger.py for tasks to queue
[2025-12-13T10:33:05.357+0000] {logging_mixin.py:190} INFO - [2025-12-13T10:33:05.357+0000] {dagbag.py:588} INFO - Filling up the DagBag from /home/airflow/.local/lib/python3.12/site-packages/airflow/example_dags/example_latest_only_with_trigger.py
[2025-12-13T10:33:05.377+0000] {processor.py:925} INFO - DAG(s) 'latest_only_with_trigger' retrieved from /home/airflow/.local/lib/python3.12/site-packages/airflow/example_dags/example_latest_only_with_trigger.py
[2025-12-13T10:33:05.416+0000] {logging_mixin.py:190} INFO - [2025-12-13T10:33:05.416+0000] {dag.py:3239} INFO - Sync 1 DAGs
[2025-12-13T10:33:05.462+0000] {logging_mixin.py:190} INFO - [2025-12-13T10:33:05.462+0000] {dag.py:4180} INFO - Setting next_dagrun for latest_only_with_trigger to 2025-12-13 04:00:00+00:00, run_after=2025-12-13 08:00:00+00:00
[2025-12-13T10:33:05.493+0000] {processor.py:208} INFO - Processing /home/airflow/.local/lib/python3.12/site-packages/airflow/example_dags/example_latest_only_with_trigger.py took 0.154 seconds
[2025-12-13T10:33:36.428+0000] {processor.py:186} INFO - Started process (PID=2210) to work on /home/airflow/.local/lib/python3.12/site-packages/airflow/example_dags/example_latest_only_with_trigger.py
[2025-12-13T10:33:36.429+0000] {processor.py:914} INFO - Processing file /home/airflow/.local/lib/python3.12/site-packages/airflow/example_dags/example_latest_only_with_trigger.py for tasks to queue
[2025-12-13T10:33:36.433+0000] {logging_mixin.py:190} INFO - [2025-12-13T10:33:36.432+0000] {dagbag.py:588} INFO - Filling up the DagBag from /home/airflow/.local/lib/python3.12/site-packages/airflow/example_dags/example_latest_only_with_trigger.py
[2025-12-13T10:33:36.448+0000] {processor.py:925} INFO - DAG(s) 'latest_only_with_trigger' retrieved from /home/airflow/.local/lib/python3.12/site-packages/airflow/example_dags/example_latest_only_with_trigger.py
[2025-12-13T10:33:36.486+0000] {logging_mixin.py:190} INFO - [2025-12-13T10:33:36.486+0000] {dag.py:3239} INFO - Sync 1 DAGs
[2025-12-13T10:33:36.533+0000] {logging_mixin.py:190} INFO - [2025-12-13T10:33:36.533+0000] {dag.py:4180} INFO - Setting next_dagrun for latest_only_with_trigger to 2025-12-13 04:00:00+00:00, run_after=2025-12-13 08:00:00+00:00
[2025-12-13T10:33:36.562+0000] {processor.py:208} INFO - Processing /home/airflow/.local/lib/python3.12/site-packages/airflow/example_dags/example_latest_only_with_trigger.py took 0.146 seconds
[2025-12-13T10:34:08.746+0000] {processor.py:186} INFO - Started process (PID=2275) to work on /home/airflow/.local/lib/python3.12/site-packages/airflow/example_dags/example_latest_only_with_trigger.py
[2025-12-13T10:34:08.747+0000] {processor.py:914} INFO - Processing file /home/airflow/.local/lib/python3.12/site-packages/airflow/example_dags/example_latest_only_with_trigger.py for tasks to queue
[2025-12-13T10:34:08.751+0000] {logging_mixin.py:190} INFO - [2025-12-13T10:34:08.751+0000] {dagbag.py:588} INFO - Filling up the DagBag from /home/airflow/.local/lib/python3.12/site-packages/airflow/example_dags/example_latest_only_with_trigger.py
[2025-12-13T10:34:08.766+0000] {processor.py:925} INFO - DAG(s) 'latest_only_with_trigger' retrieved from /home/airflow/.local/lib/python3.12/site-packages/airflow/example_dags/example_latest_only_with_trigger.py
[2025-12-13T10:34:08.804+0000] {logging_mixin.py:190} INFO - [2025-12-13T10:34:08.803+0000] {dag.py:3239} INFO - Sync 1 DAGs
[2025-12-13T10:34:08.875+0000] {logging_mixin.py:190} INFO - [2025-12-13T10:34:08.874+0000] {dag.py:4180} INFO - Setting next_dagrun for latest_only_with_trigger to 2025-12-13 04:00:00+00:00, run_after=2025-12-13 08:00:00+00:00
[2025-12-13T10:34:08.915+0000] {processor.py:208} INFO - Processing /home/airflow/.local/lib/python3.12/site-packages/airflow/example_dags/example_latest_only_with_trigger.py took 0.181 seconds
[2025-12-13T10:34:39.643+0000] {processor.py:186} INFO - Started process (PID=2338) to work on /home/airflow/.local/lib/python3.12/site-packages/airflow/example_dags/example_latest_only_with_trigger.py
[2025-12-13T10:34:39.644+0000] {processor.py:914} INFO - Processing file /home/airflow/.local/lib/python3.12/site-packages/airflow/example_dags/example_latest_only_with_trigger.py for tasks to queue
[2025-12-13T10:34:39.649+0000] {logging_mixin.py:190} INFO - [2025-12-13T10:34:39.648+0000] {dagbag.py:588} INFO - Filling up the DagBag from /home/airflow/.local/lib/python3.12/site-packages/airflow/example_dags/example_latest_only_with_trigger.py
[2025-12-13T10:34:39.666+0000] {processor.py:925} INFO - DAG(s) 'latest_only_with_trigger' retrieved from /home/airflow/.local/lib/python3.12/site-packages/airflow/example_dags/example_latest_only_with_trigger.py
[2025-12-13T10:34:39.720+0000] {logging_mixin.py:190} INFO - [2025-12-13T10:34:39.719+0000] {dag.py:3239} INFO - Sync 1 DAGs
[2025-12-13T10:34:39.778+0000] {logging_mixin.py:190} INFO - [2025-12-13T10:34:39.777+0000] {dag.py:4180} INFO - Setting next_dagrun for latest_only_with_trigger to 2025-12-13 04:00:00+00:00, run_after=2025-12-13 08:00:00+00:00
[2025-12-13T10:34:39.826+0000] {processor.py:208} INFO - Processing /home/airflow/.local/lib/python3.12/site-packages/airflow/example_dags/example_latest_only_with_trigger.py took 0.216 seconds
[2025-12-13T10:35:10.947+0000] {processor.py:186} INFO - Started process (PID=2403) to work on /home/airflow/.local/lib/python3.12/site-packages/airflow/example_dags/example_latest_only_with_trigger.py
[2025-12-13T10:35:10.949+0000] {processor.py:914} INFO - Processing file /home/airflow/.local/lib/python3.12/site-packages/airflow/example_dags/example_latest_only_with_trigger.py for tasks to queue
[2025-12-13T10:35:10.953+0000] {logging_mixin.py:190} INFO - [2025-12-13T10:35:10.952+0000] {dagbag.py:588} INFO - Filling up the DagBag from /home/airflow/.local/lib/python3.12/site-packages/airflow/example_dags/example_latest_only_with_trigger.py
[2025-12-13T10:35:10.969+0000] {processor.py:925} INFO - DAG(s) 'latest_only_with_trigger' retrieved from /home/airflow/.local/lib/python3.12/site-packages/airflow/example_dags/example_latest_only_with_trigger.py
[2025-12-13T10:35:11.013+0000] {logging_mixin.py:190} INFO - [2025-12-13T10:35:11.013+0000] {dag.py:3239} INFO - Sync 1 DAGs
[2025-12-13T10:35:11.063+0000] {logging_mixin.py:190} INFO - [2025-12-13T10:35:11.063+0000] {dag.py:4180} INFO - Setting next_dagrun for latest_only_with_trigger to 2025-12-13 04:00:00+00:00, run_after=2025-12-13 08:00:00+00:00
[2025-12-13T10:35:11.104+0000] {processor.py:208} INFO - Processing /home/airflow/.local/lib/python3.12/site-packages/airflow/example_dags/example_latest_only_with_trigger.py took 0.169 seconds
[2025-12-13T10:35:42.014+0000] {processor.py:186} INFO - Started process (PID=2466) to work on /home/airflow/.local/lib/python3.12/site-packages/airflow/example_dags/example_latest_only_with_trigger.py
[2025-12-13T10:35:42.017+0000] {processor.py:914} INFO - Processing file /home/airflow/.local/lib/python3.12/site-packages/airflow/example_dags/example_latest_only_with_trigger.py for tasks to queue
[2025-12-13T10:35:42.023+0000] {logging_mixin.py:190} INFO - [2025-12-13T10:35:42.022+0000] {dagbag.py:588} INFO - Filling up the DagBag from /home/airflow/.local/lib/python3.12/site-packages/airflow/example_dags/example_latest_only_with_trigger.py
[2025-12-13T10:35:42.041+0000] {processor.py:925} INFO - DAG(s) 'latest_only_with_trigger' retrieved from /home/airflow/.local/lib/python3.12/site-packages/airflow/example_dags/example_latest_only_with_trigger.py
[2025-12-13T10:35:42.091+0000] {logging_mixin.py:190} INFO - [2025-12-13T10:35:42.091+0000] {dag.py:3239} INFO - Sync 1 DAGs
[2025-12-13T10:35:42.153+0000] {logging_mixin.py:190} INFO - [2025-12-13T10:35:42.152+0000] {dag.py:4180} INFO - Setting next_dagrun for latest_only_with_trigger to 2025-12-13 04:00:00+00:00, run_after=2025-12-13 08:00:00+00:00
[2025-12-13T10:35:42.203+0000] {processor.py:208} INFO - Processing /home/airflow/.local/lib/python3.12/site-packages/airflow/example_dags/example_latest_only_with_trigger.py took 0.203 seconds
[2025-12-13T10:36:12.516+0000] {processor.py:186} INFO - Started process (PID=2528) to work on /home/airflow/.local/lib/python3.12/site-packages/airflow/example_dags/example_latest_only_with_trigger.py
[2025-12-13T10:36:12.517+0000] {processor.py:914} INFO - Processing file /home/airflow/.local/lib/python3.12/site-packages/airflow/example_dags/example_latest_only_with_trigger.py for tasks to queue
[2025-12-13T10:36:12.521+0000] {logging_mixin.py:190} INFO - [2025-12-13T10:36:12.520+0000] {dagbag.py:588} INFO - Filling up the DagBag from /home/airflow/.local/lib/python3.12/site-packages/airflow/example_dags/example_latest_only_with_trigger.py
[2025-12-13T10:36:12.534+0000] {processor.py:925} INFO - DAG(s) 'latest_only_with_trigger' retrieved from /home/airflow/.local/lib/python3.12/site-packages/airflow/example_dags/example_latest_only_with_trigger.py
[2025-12-13T10:36:12.566+0000] {logging_mixin.py:190} INFO - [2025-12-13T10:36:12.566+0000] {dag.py:3239} INFO - Sync 1 DAGs
[2025-12-13T10:36:12.606+0000] {logging_mixin.py:190} INFO - [2025-12-13T10:36:12.605+0000] {dag.py:4180} INFO - Setting next_dagrun for latest_only_with_trigger to 2025-12-13 04:00:00+00:00, run_after=2025-12-13 08:00:00+00:00
[2025-12-13T10:36:12.632+0000] {processor.py:208} INFO - Processing /home/airflow/.local/lib/python3.12/site-packages/airflow/example_dags/example_latest_only_with_trigger.py took 0.127 seconds
[2025-12-13T10:36:43.136+0000] {processor.py:186} INFO - Started process (PID=2591) to work on /home/airflow/.local/lib/python3.12/site-packages/airflow/example_dags/example_latest_only_with_trigger.py
[2025-12-13T10:36:43.138+0000] {processor.py:914} INFO - Processing file /home/airflow/.local/lib/python3.12/site-packages/airflow/example_dags/example_latest_only_with_trigger.py for tasks to queue
[2025-12-13T10:36:43.142+0000] {logging_mixin.py:190} INFO - [2025-12-13T10:36:43.142+0000] {dagbag.py:588} INFO - Filling up the DagBag from /home/airflow/.local/lib/python3.12/site-packages/airflow/example_dags/example_latest_only_with_trigger.py
[2025-12-13T10:36:43.155+0000] {processor.py:925} INFO - DAG(s) 'latest_only_with_trigger' retrieved from /home/airflow/.local/lib/python3.12/site-packages/airflow/example_dags/example_latest_only_with_trigger.py
[2025-12-13T10:36:43.195+0000] {logging_mixin.py:190} INFO - [2025-12-13T10:36:43.194+0000] {dag.py:3239} INFO - Sync 1 DAGs
[2025-12-13T10:36:43.240+0000] {logging_mixin.py:190} INFO - [2025-12-13T10:36:43.239+0000] {dag.py:4180} INFO - Setting next_dagrun for latest_only_with_trigger to 2025-12-13 04:00:00+00:00, run_after=2025-12-13 08:00:00+00:00
[2025-12-13T10:36:43.273+0000] {processor.py:208} INFO - Processing /home/airflow/.local/lib/python3.12/site-packages/airflow/example_dags/example_latest_only_with_trigger.py took 0.147 seconds
[2025-12-13T10:37:13.998+0000] {processor.py:186} INFO - Started process (PID=2654) to work on /home/airflow/.local/lib/python3.12/site-packages/airflow/example_dags/example_latest_only_with_trigger.py
[2025-12-13T10:37:14.000+0000] {processor.py:914} INFO - Processing file /home/airflow/.local/lib/python3.12/site-packages/airflow/example_dags/example_latest_only_with_trigger.py for tasks to queue
[2025-12-13T10:37:14.003+0000] {logging_mixin.py:190} INFO - [2025-12-13T10:37:14.002+0000] {dagbag.py:588} INFO - Filling up the DagBag from /home/airflow/.local/lib/python3.12/site-packages/airflow/example_dags/example_latest_only_with_trigger.py
[2025-12-13T10:37:14.018+0000] {processor.py:925} INFO - DAG(s) 'latest_only_with_trigger' retrieved from /home/airflow/.local/lib/python3.12/site-packages/airflow/example_dags/example_latest_only_with_trigger.py
[2025-12-13T10:37:14.056+0000] {logging_mixin.py:190} INFO - [2025-12-13T10:37:14.056+0000] {dag.py:3239} INFO - Sync 1 DAGs
[2025-12-13T10:37:14.096+0000] {logging_mixin.py:190} INFO - [2025-12-13T10:37:14.096+0000] {dag.py:4180} INFO - Setting next_dagrun for latest_only_with_trigger to 2025-12-13 04:00:00+00:00, run_after=2025-12-13 08:00:00+00:00
[2025-12-13T10:37:14.127+0000] {processor.py:208} INFO - Processing /home/airflow/.local/lib/python3.12/site-packages/airflow/example_dags/example_latest_only_with_trigger.py took 0.141 seconds
[2025-12-13T10:37:45.560+0000] {processor.py:186} INFO - Started process (PID=2717) to work on /home/airflow/.local/lib/python3.12/site-packages/airflow/example_dags/example_latest_only_with_trigger.py
[2025-12-13T10:37:45.563+0000] {processor.py:914} INFO - Processing file /home/airflow/.local/lib/python3.12/site-packages/airflow/example_dags/example_latest_only_with_trigger.py for tasks to queue
[2025-12-13T10:37:45.576+0000] {logging_mixin.py:190} INFO - [2025-12-13T10:37:45.575+0000] {dagbag.py:588} INFO - Filling up the DagBag from /home/airflow/.local/lib/python3.12/site-packages/airflow/example_dags/example_latest_only_with_trigger.py
[2025-12-13T10:37:45.611+0000] {processor.py:925} INFO - DAG(s) 'latest_only_with_trigger' retrieved from /home/airflow/.local/lib/python3.12/site-packages/airflow/example_dags/example_latest_only_with_trigger.py
[2025-12-13T10:37:45.681+0000] {logging_mixin.py:190} INFO - [2025-12-13T10:37:45.680+0000] {dag.py:3239} INFO - Sync 1 DAGs
[2025-12-13T10:37:45.756+0000] {logging_mixin.py:190} INFO - [2025-12-13T10:37:45.748+0000] {dag.py:4180} INFO - Setting next_dagrun for latest_only_with_trigger to 2025-12-13 04:00:00+00:00, run_after=2025-12-13 08:00:00+00:00
[2025-12-13T10:37:45.825+0000] {processor.py:208} INFO - Processing /home/airflow/.local/lib/python3.12/site-packages/airflow/example_dags/example_latest_only_with_trigger.py took 0.280 seconds
[2025-12-13T10:38:16.701+0000] {processor.py:186} INFO - Started process (PID=2780) to work on /home/airflow/.local/lib/python3.12/site-packages/airflow/example_dags/example_latest_only_with_trigger.py
[2025-12-13T10:38:16.702+0000] {processor.py:914} INFO - Processing file /home/airflow/.local/lib/python3.12/site-packages/airflow/example_dags/example_latest_only_with_trigger.py for tasks to queue
[2025-12-13T10:38:16.707+0000] {logging_mixin.py:190} INFO - [2025-12-13T10:38:16.706+0000] {dagbag.py:588} INFO - Filling up the DagBag from /home/airflow/.local/lib/python3.12/site-packages/airflow/example_dags/example_latest_only_with_trigger.py
[2025-12-13T10:38:16.722+0000] {processor.py:925} INFO - DAG(s) 'latest_only_with_trigger' retrieved from /home/airflow/.local/lib/python3.12/site-packages/airflow/example_dags/example_latest_only_with_trigger.py
[2025-12-13T10:38:16.765+0000] {logging_mixin.py:190} INFO - [2025-12-13T10:38:16.764+0000] {dag.py:3239} INFO - Sync 1 DAGs
[2025-12-13T10:38:16.828+0000] {logging_mixin.py:190} INFO - [2025-12-13T10:38:16.828+0000] {dag.py:4180} INFO - Setting next_dagrun for latest_only_with_trigger to 2025-12-13 04:00:00+00:00, run_after=2025-12-13 08:00:00+00:00
[2025-12-13T10:38:16.877+0000] {processor.py:208} INFO - Processing /home/airflow/.local/lib/python3.12/site-packages/airflow/example_dags/example_latest_only_with_trigger.py took 0.196 seconds
[2025-12-13T10:38:47.315+0000] {processor.py:186} INFO - Started process (PID=2843) to work on /home/airflow/.local/lib/python3.12/site-packages/airflow/example_dags/example_latest_only_with_trigger.py
[2025-12-13T10:38:47.316+0000] {processor.py:914} INFO - Processing file /home/airflow/.local/lib/python3.12/site-packages/airflow/example_dags/example_latest_only_with_trigger.py for tasks to queue
[2025-12-13T10:38:47.322+0000] {logging_mixin.py:190} INFO - [2025-12-13T10:38:47.322+0000] {dagbag.py:588} INFO - Filling up the DagBag from /home/airflow/.local/lib/python3.12/site-packages/airflow/example_dags/example_latest_only_with_trigger.py
[2025-12-13T10:38:47.342+0000] {processor.py:925} INFO - DAG(s) 'latest_only_with_trigger' retrieved from /home/airflow/.local/lib/python3.12/site-packages/airflow/example_dags/example_latest_only_with_trigger.py
[2025-12-13T10:38:47.379+0000] {logging_mixin.py:190} INFO - [2025-12-13T10:38:47.379+0000] {dag.py:3239} INFO - Sync 1 DAGs
[2025-12-13T10:38:47.424+0000] {logging_mixin.py:190} INFO - [2025-12-13T10:38:47.424+0000] {dag.py:4180} INFO - Setting next_dagrun for latest_only_with_trigger to 2025-12-13 04:00:00+00:00, run_after=2025-12-13 08:00:00+00:00
[2025-12-13T10:38:47.457+0000] {processor.py:208} INFO - Processing /home/airflow/.local/lib/python3.12/site-packages/airflow/example_dags/example_latest_only_with_trigger.py took 0.153 seconds
[2025-12-13T10:39:18.192+0000] {processor.py:186} INFO - Started process (PID=2906) to work on /home/airflow/.local/lib/python3.12/site-packages/airflow/example_dags/example_latest_only_with_trigger.py
[2025-12-13T10:39:18.195+0000] {processor.py:914} INFO - Processing file /home/airflow/.local/lib/python3.12/site-packages/airflow/example_dags/example_latest_only_with_trigger.py for tasks to queue
[2025-12-13T10:39:18.203+0000] {logging_mixin.py:190} INFO - [2025-12-13T10:39:18.202+0000] {dagbag.py:588} INFO - Filling up the DagBag from /home/airflow/.local/lib/python3.12/site-packages/airflow/example_dags/example_latest_only_with_trigger.py
[2025-12-13T10:39:18.217+0000] {processor.py:925} INFO - DAG(s) 'latest_only_with_trigger' retrieved from /home/airflow/.local/lib/python3.12/site-packages/airflow/example_dags/example_latest_only_with_trigger.py
[2025-12-13T10:39:18.252+0000] {logging_mixin.py:190} INFO - [2025-12-13T10:39:18.252+0000] {dag.py:3239} INFO - Sync 1 DAGs
[2025-12-13T10:39:18.563+0000] {logging_mixin.py:190} INFO - [2025-12-13T10:39:18.563+0000] {dag.py:4180} INFO - Setting next_dagrun for latest_only_with_trigger to 2025-12-13 04:00:00+00:00, run_after=2025-12-13 08:00:00+00:00
[2025-12-13T10:39:18.596+0000] {processor.py:208} INFO - Processing /home/airflow/.local/lib/python3.12/site-packages/airflow/example_dags/example_latest_only_with_trigger.py took 0.418 seconds
[2025-12-13T10:39:48.905+0000] {processor.py:186} INFO - Started process (PID=2970) to work on /home/airflow/.local/lib/python3.12/site-packages/airflow/example_dags/example_latest_only_with_trigger.py
[2025-12-13T10:39:48.907+0000] {processor.py:914} INFO - Processing file /home/airflow/.local/lib/python3.12/site-packages/airflow/example_dags/example_latest_only_with_trigger.py for tasks to queue
[2025-12-13T10:39:48.912+0000] {logging_mixin.py:190} INFO - [2025-12-13T10:39:48.911+0000] {dagbag.py:588} INFO - Filling up the DagBag from /home/airflow/.local/lib/python3.12/site-packages/airflow/example_dags/example_latest_only_with_trigger.py
[2025-12-13T10:39:48.932+0000] {processor.py:925} INFO - DAG(s) 'latest_only_with_trigger' retrieved from /home/airflow/.local/lib/python3.12/site-packages/airflow/example_dags/example_latest_only_with_trigger.py
[2025-12-13T10:39:48.975+0000] {logging_mixin.py:190} INFO - [2025-12-13T10:39:48.974+0000] {dag.py:3239} INFO - Sync 1 DAGs
[2025-12-13T10:39:49.344+0000] {logging_mixin.py:190} INFO - [2025-12-13T10:39:49.343+0000] {dag.py:4180} INFO - Setting next_dagrun for latest_only_with_trigger to 2025-12-13 04:00:00+00:00, run_after=2025-12-13 08:00:00+00:00
[2025-12-13T10:39:49.384+0000] {processor.py:208} INFO - Processing /home/airflow/.local/lib/python3.12/site-packages/airflow/example_dags/example_latest_only_with_trigger.py took 0.491 seconds
[2025-12-13T10:40:19.940+0000] {processor.py:186} INFO - Started process (PID=3039) to work on /home/airflow/.local/lib/python3.12/site-packages/airflow/example_dags/example_latest_only_with_trigger.py
[2025-12-13T10:40:19.943+0000] {processor.py:914} INFO - Processing file /home/airflow/.local/lib/python3.12/site-packages/airflow/example_dags/example_latest_only_with_trigger.py for tasks to queue
[2025-12-13T10:40:19.948+0000] {logging_mixin.py:190} INFO - [2025-12-13T10:40:19.947+0000] {dagbag.py:588} INFO - Filling up the DagBag from /home/airflow/.local/lib/python3.12/site-packages/airflow/example_dags/example_latest_only_with_trigger.py
[2025-12-13T10:40:19.965+0000] {processor.py:925} INFO - DAG(s) 'latest_only_with_trigger' retrieved from /home/airflow/.local/lib/python3.12/site-packages/airflow/example_dags/example_latest_only_with_trigger.py
[2025-12-13T10:40:20.017+0000] {logging_mixin.py:190} INFO - [2025-12-13T10:40:20.016+0000] {dag.py:3239} INFO - Sync 1 DAGs
[2025-12-13T10:40:20.067+0000] {logging_mixin.py:190} INFO - [2025-12-13T10:40:20.067+0000] {dag.py:4180} INFO - Setting next_dagrun for latest_only_with_trigger to 2025-12-13 04:00:00+00:00, run_after=2025-12-13 08:00:00+00:00
[2025-12-13T10:40:20.105+0000] {processor.py:208} INFO - Processing /home/airflow/.local/lib/python3.12/site-packages/airflow/example_dags/example_latest_only_with_trigger.py took 0.180 seconds
[2025-12-13T10:40:51.214+0000] {processor.py:186} INFO - Started process (PID=3102) to work on /home/airflow/.local/lib/python3.12/site-packages/airflow/example_dags/example_latest_only_with_trigger.py
[2025-12-13T10:40:51.217+0000] {processor.py:914} INFO - Processing file /home/airflow/.local/lib/python3.12/site-packages/airflow/example_dags/example_latest_only_with_trigger.py for tasks to queue
[2025-12-13T10:40:51.221+0000] {logging_mixin.py:190} INFO - [2025-12-13T10:40:51.220+0000] {dagbag.py:588} INFO - Filling up the DagBag from /home/airflow/.local/lib/python3.12/site-packages/airflow/example_dags/example_latest_only_with_trigger.py
[2025-12-13T10:40:51.235+0000] {processor.py:925} INFO - DAG(s) 'latest_only_with_trigger' retrieved from /home/airflow/.local/lib/python3.12/site-packages/airflow/example_dags/example_latest_only_with_trigger.py
[2025-12-13T10:40:51.277+0000] {logging_mixin.py:190} INFO - [2025-12-13T10:40:51.277+0000] {dag.py:3239} INFO - Sync 1 DAGs
[2025-12-13T10:40:51.329+0000] {logging_mixin.py:190} INFO - [2025-12-13T10:40:51.328+0000] {dag.py:4180} INFO - Setting next_dagrun for latest_only_with_trigger to 2025-12-13 04:00:00+00:00, run_after=2025-12-13 08:00:00+00:00
[2025-12-13T10:40:51.365+0000] {processor.py:208} INFO - Processing /home/airflow/.local/lib/python3.12/site-packages/airflow/example_dags/example_latest_only_with_trigger.py took 0.166 seconds
[2025-12-13T10:41:22.358+0000] {processor.py:186} INFO - Started process (PID=3165) to work on /home/airflow/.local/lib/python3.12/site-packages/airflow/example_dags/example_latest_only_with_trigger.py
[2025-12-13T10:41:22.360+0000] {processor.py:914} INFO - Processing file /home/airflow/.local/lib/python3.12/site-packages/airflow/example_dags/example_latest_only_with_trigger.py for tasks to queue
[2025-12-13T10:41:22.364+0000] {logging_mixin.py:190} INFO - [2025-12-13T10:41:22.363+0000] {dagbag.py:588} INFO - Filling up the DagBag from /home/airflow/.local/lib/python3.12/site-packages/airflow/example_dags/example_latest_only_with_trigger.py
[2025-12-13T10:41:22.379+0000] {processor.py:925} INFO - DAG(s) 'latest_only_with_trigger' retrieved from /home/airflow/.local/lib/python3.12/site-packages/airflow/example_dags/example_latest_only_with_trigger.py
[2025-12-13T10:41:22.413+0000] {logging_mixin.py:190} INFO - [2025-12-13T10:41:22.413+0000] {dag.py:3239} INFO - Sync 1 DAGs
[2025-12-13T10:41:22.462+0000] {logging_mixin.py:190} INFO - [2025-12-13T10:41:22.462+0000] {dag.py:4180} INFO - Setting next_dagrun for latest_only_with_trigger to 2025-12-13 04:00:00+00:00, run_after=2025-12-13 08:00:00+00:00
[2025-12-13T10:41:22.489+0000] {processor.py:208} INFO - Processing /home/airflow/.local/lib/python3.12/site-packages/airflow/example_dags/example_latest_only_with_trigger.py took 0.143 seconds
[2025-12-13T10:41:52.819+0000] {processor.py:186} INFO - Started process (PID=3227) to work on /home/airflow/.local/lib/python3.12/site-packages/airflow/example_dags/example_latest_only_with_trigger.py
[2025-12-13T10:41:52.820+0000] {processor.py:914} INFO - Processing file /home/airflow/.local/lib/python3.12/site-packages/airflow/example_dags/example_latest_only_with_trigger.py for tasks to queue
[2025-12-13T10:41:52.825+0000] {logging_mixin.py:190} INFO - [2025-12-13T10:41:52.824+0000] {dagbag.py:588} INFO - Filling up the DagBag from /home/airflow/.local/lib/python3.12/site-packages/airflow/example_dags/example_latest_only_with_trigger.py
[2025-12-13T10:41:52.848+0000] {processor.py:925} INFO - DAG(s) 'latest_only_with_trigger' retrieved from /home/airflow/.local/lib/python3.12/site-packages/airflow/example_dags/example_latest_only_with_trigger.py
[2025-12-13T10:41:52.891+0000] {logging_mixin.py:190} INFO - [2025-12-13T10:41:52.890+0000] {dag.py:3239} INFO - Sync 1 DAGs
[2025-12-13T10:41:52.944+0000] {logging_mixin.py:190} INFO - [2025-12-13T10:41:52.944+0000] {dag.py:4180} INFO - Setting next_dagrun for latest_only_with_trigger to 2025-12-13 04:00:00+00:00, run_after=2025-12-13 08:00:00+00:00
[2025-12-13T10:41:52.981+0000] {processor.py:208} INFO - Processing /home/airflow/.local/lib/python3.12/site-packages/airflow/example_dags/example_latest_only_with_trigger.py took 0.180 seconds
[2025-12-13T10:42:23.519+0000] {processor.py:186} INFO - Started process (PID=3290) to work on /home/airflow/.local/lib/python3.12/site-packages/airflow/example_dags/example_latest_only_with_trigger.py
[2025-12-13T10:42:23.521+0000] {processor.py:914} INFO - Processing file /home/airflow/.local/lib/python3.12/site-packages/airflow/example_dags/example_latest_only_with_trigger.py for tasks to queue
[2025-12-13T10:42:23.526+0000] {logging_mixin.py:190} INFO - [2025-12-13T10:42:23.525+0000] {dagbag.py:588} INFO - Filling up the DagBag from /home/airflow/.local/lib/python3.12/site-packages/airflow/example_dags/example_latest_only_with_trigger.py
[2025-12-13T10:42:23.543+0000] {processor.py:925} INFO - DAG(s) 'latest_only_with_trigger' retrieved from /home/airflow/.local/lib/python3.12/site-packages/airflow/example_dags/example_latest_only_with_trigger.py
[2025-12-13T10:42:23.584+0000] {logging_mixin.py:190} INFO - [2025-12-13T10:42:23.583+0000] {dag.py:3239} INFO - Sync 1 DAGs
[2025-12-13T10:42:23.647+0000] {logging_mixin.py:190} INFO - [2025-12-13T10:42:23.646+0000] {dag.py:4180} INFO - Setting next_dagrun for latest_only_with_trigger to 2025-12-13 04:00:00+00:00, run_after=2025-12-13 08:00:00+00:00
[2025-12-13T10:42:23.686+0000] {processor.py:208} INFO - Processing /home/airflow/.local/lib/python3.12/site-packages/airflow/example_dags/example_latest_only_with_trigger.py took 0.181 seconds
[2025-12-13T10:42:54.376+0000] {processor.py:186} INFO - Started process (PID=3353) to work on /home/airflow/.local/lib/python3.12/site-packages/airflow/example_dags/example_latest_only_with_trigger.py
[2025-12-13T10:42:54.384+0000] {processor.py:914} INFO - Processing file /home/airflow/.local/lib/python3.12/site-packages/airflow/example_dags/example_latest_only_with_trigger.py for tasks to queue
[2025-12-13T10:42:54.392+0000] {logging_mixin.py:190} INFO - [2025-12-13T10:42:54.391+0000] {dagbag.py:588} INFO - Filling up the DagBag from /home/airflow/.local/lib/python3.12/site-packages/airflow/example_dags/example_latest_only_with_trigger.py
[2025-12-13T10:42:54.434+0000] {processor.py:925} INFO - DAG(s) 'latest_only_with_trigger' retrieved from /home/airflow/.local/lib/python3.12/site-packages/airflow/example_dags/example_latest_only_with_trigger.py
[2025-12-13T10:42:54.508+0000] {logging_mixin.py:190} INFO - [2025-12-13T10:42:54.507+0000] {dag.py:3239} INFO - Sync 1 DAGs
[2025-12-13T10:42:54.558+0000] {logging_mixin.py:190} INFO - [2025-12-13T10:42:54.558+0000] {dag.py:4180} INFO - Setting next_dagrun for latest_only_with_trigger to 2025-12-13 04:00:00+00:00, run_after=2025-12-13 08:00:00+00:00
[2025-12-13T10:42:54.613+0000] {processor.py:208} INFO - Processing /home/airflow/.local/lib/python3.12/site-packages/airflow/example_dags/example_latest_only_with_trigger.py took 0.265 seconds
[2025-12-13T10:43:24.769+0000] {processor.py:186} INFO - Started process (PID=3415) to work on /home/airflow/.local/lib/python3.12/site-packages/airflow/example_dags/example_latest_only_with_trigger.py
[2025-12-13T10:43:24.770+0000] {processor.py:914} INFO - Processing file /home/airflow/.local/lib/python3.12/site-packages/airflow/example_dags/example_latest_only_with_trigger.py for tasks to queue
[2025-12-13T10:43:24.775+0000] {logging_mixin.py:190} INFO - [2025-12-13T10:43:24.775+0000] {dagbag.py:588} INFO - Filling up the DagBag from /home/airflow/.local/lib/python3.12/site-packages/airflow/example_dags/example_latest_only_with_trigger.py
[2025-12-13T10:43:24.818+0000] {processor.py:925} INFO - DAG(s) 'latest_only_with_trigger' retrieved from /home/airflow/.local/lib/python3.12/site-packages/airflow/example_dags/example_latest_only_with_trigger.py
[2025-12-13T10:43:24.872+0000] {logging_mixin.py:190} INFO - [2025-12-13T10:43:24.871+0000] {dag.py:3239} INFO - Sync 1 DAGs
[2025-12-13T10:43:24.942+0000] {logging_mixin.py:190} INFO - [2025-12-13T10:43:24.942+0000] {dag.py:4180} INFO - Setting next_dagrun for latest_only_with_trigger to 2025-12-13 04:00:00+00:00, run_after=2025-12-13 08:00:00+00:00
[2025-12-13T10:43:24.976+0000] {processor.py:208} INFO - Processing /home/airflow/.local/lib/python3.12/site-packages/airflow/example_dags/example_latest_only_with_trigger.py took 0.227 seconds
[2025-12-13T10:43:55.503+0000] {processor.py:186} INFO - Started process (PID=3479) to work on /home/airflow/.local/lib/python3.12/site-packages/airflow/example_dags/example_latest_only_with_trigger.py
[2025-12-13T10:43:55.506+0000] {processor.py:914} INFO - Processing file /home/airflow/.local/lib/python3.12/site-packages/airflow/example_dags/example_latest_only_with_trigger.py for tasks to queue
[2025-12-13T10:43:55.512+0000] {logging_mixin.py:190} INFO - [2025-12-13T10:43:55.511+0000] {dagbag.py:588} INFO - Filling up the DagBag from /home/airflow/.local/lib/python3.12/site-packages/airflow/example_dags/example_latest_only_with_trigger.py
[2025-12-13T10:43:55.527+0000] {processor.py:925} INFO - DAG(s) 'latest_only_with_trigger' retrieved from /home/airflow/.local/lib/python3.12/site-packages/airflow/example_dags/example_latest_only_with_trigger.py
[2025-12-13T10:43:55.569+0000] {logging_mixin.py:190} INFO - [2025-12-13T10:43:55.569+0000] {dag.py:3239} INFO - Sync 1 DAGs
[2025-12-13T10:43:55.643+0000] {logging_mixin.py:190} INFO - [2025-12-13T10:43:55.643+0000] {dag.py:4180} INFO - Setting next_dagrun for latest_only_with_trigger to 2025-12-13 04:00:00+00:00, run_after=2025-12-13 08:00:00+00:00
[2025-12-13T10:43:55.733+0000] {processor.py:208} INFO - Processing /home/airflow/.local/lib/python3.12/site-packages/airflow/example_dags/example_latest_only_with_trigger.py took 0.280 seconds
[2025-12-13T10:44:27.682+0000] {processor.py:186} INFO - Started process (PID=3542) to work on /home/airflow/.local/lib/python3.12/site-packages/airflow/example_dags/example_latest_only_with_trigger.py
[2025-12-13T10:44:27.684+0000] {processor.py:914} INFO - Processing file /home/airflow/.local/lib/python3.12/site-packages/airflow/example_dags/example_latest_only_with_trigger.py for tasks to queue
[2025-12-13T10:44:27.692+0000] {logging_mixin.py:190} INFO - [2025-12-13T10:44:27.690+0000] {dagbag.py:588} INFO - Filling up the DagBag from /home/airflow/.local/lib/python3.12/site-packages/airflow/example_dags/example_latest_only_with_trigger.py
[2025-12-13T10:44:27.721+0000] {processor.py:925} INFO - DAG(s) 'latest_only_with_trigger' retrieved from /home/airflow/.local/lib/python3.12/site-packages/airflow/example_dags/example_latest_only_with_trigger.py
[2025-12-13T10:44:27.790+0000] {logging_mixin.py:190} INFO - [2025-12-13T10:44:27.789+0000] {dag.py:3239} INFO - Sync 1 DAGs
[2025-12-13T10:44:27.877+0000] {logging_mixin.py:190} INFO - [2025-12-13T10:44:27.877+0000] {dag.py:4180} INFO - Setting next_dagrun for latest_only_with_trigger to 2025-12-13 04:00:00+00:00, run_after=2025-12-13 08:00:00+00:00
[2025-12-13T10:44:27.941+0000] {processor.py:208} INFO - Processing /home/airflow/.local/lib/python3.12/site-packages/airflow/example_dags/example_latest_only_with_trigger.py took 0.280 seconds
[2025-12-13T10:44:58.050+0000] {processor.py:186} INFO - Started process (PID=3605) to work on /home/airflow/.local/lib/python3.12/site-packages/airflow/example_dags/example_latest_only_with_trigger.py
[2025-12-13T10:44:58.051+0000] {processor.py:914} INFO - Processing file /home/airflow/.local/lib/python3.12/site-packages/airflow/example_dags/example_latest_only_with_trigger.py for tasks to queue
[2025-12-13T10:44:58.054+0000] {logging_mixin.py:190} INFO - [2025-12-13T10:44:58.054+0000] {dagbag.py:588} INFO - Filling up the DagBag from /home/airflow/.local/lib/python3.12/site-packages/airflow/example_dags/example_latest_only_with_trigger.py
[2025-12-13T10:44:58.067+0000] {processor.py:925} INFO - DAG(s) 'latest_only_with_trigger' retrieved from /home/airflow/.local/lib/python3.12/site-packages/airflow/example_dags/example_latest_only_with_trigger.py
[2025-12-13T10:44:58.095+0000] {logging_mixin.py:190} INFO - [2025-12-13T10:44:58.094+0000] {dag.py:3239} INFO - Sync 1 DAGs
[2025-12-13T10:44:58.132+0000] {logging_mixin.py:190} INFO - [2025-12-13T10:44:58.131+0000] {dag.py:4180} INFO - Setting next_dagrun for latest_only_with_trigger to 2025-12-13 04:00:00+00:00, run_after=2025-12-13 08:00:00+00:00
[2025-12-13T10:44:58.157+0000] {processor.py:208} INFO - Processing /home/airflow/.local/lib/python3.12/site-packages/airflow/example_dags/example_latest_only_with_trigger.py took 0.117 seconds
[2025-12-13T10:45:28.630+0000] {processor.py:186} INFO - Started process (PID=3668) to work on /home/airflow/.local/lib/python3.12/site-packages/airflow/example_dags/example_latest_only_with_trigger.py
[2025-12-13T10:45:28.632+0000] {processor.py:914} INFO - Processing file /home/airflow/.local/lib/python3.12/site-packages/airflow/example_dags/example_latest_only_with_trigger.py for tasks to queue
[2025-12-13T10:45:28.635+0000] {logging_mixin.py:190} INFO - [2025-12-13T10:45:28.635+0000] {dagbag.py:588} INFO - Filling up the DagBag from /home/airflow/.local/lib/python3.12/site-packages/airflow/example_dags/example_latest_only_with_trigger.py
[2025-12-13T10:45:28.652+0000] {processor.py:925} INFO - DAG(s) 'latest_only_with_trigger' retrieved from /home/airflow/.local/lib/python3.12/site-packages/airflow/example_dags/example_latest_only_with_trigger.py
[2025-12-13T10:45:28.695+0000] {logging_mixin.py:190} INFO - [2025-12-13T10:45:28.695+0000] {dag.py:3239} INFO - Sync 1 DAGs
[2025-12-13T10:45:28.733+0000] {logging_mixin.py:190} INFO - [2025-12-13T10:45:28.733+0000] {dag.py:4180} INFO - Setting next_dagrun for latest_only_with_trigger to 2025-12-13 04:00:00+00:00, run_after=2025-12-13 08:00:00+00:00
[2025-12-13T10:45:28.761+0000] {processor.py:208} INFO - Processing /home/airflow/.local/lib/python3.12/site-packages/airflow/example_dags/example_latest_only_with_trigger.py took 0.145 seconds
[2025-12-13T10:45:58.953+0000] {processor.py:186} INFO - Started process (PID=3731) to work on /home/airflow/.local/lib/python3.12/site-packages/airflow/example_dags/example_latest_only_with_trigger.py
[2025-12-13T10:45:58.954+0000] {processor.py:914} INFO - Processing file /home/airflow/.local/lib/python3.12/site-packages/airflow/example_dags/example_latest_only_with_trigger.py for tasks to queue
[2025-12-13T10:45:58.957+0000] {logging_mixin.py:190} INFO - [2025-12-13T10:45:58.957+0000] {dagbag.py:588} INFO - Filling up the DagBag from /home/airflow/.local/lib/python3.12/site-packages/airflow/example_dags/example_latest_only_with_trigger.py
[2025-12-13T10:45:58.970+0000] {processor.py:925} INFO - DAG(s) 'latest_only_with_trigger' retrieved from /home/airflow/.local/lib/python3.12/site-packages/airflow/example_dags/example_latest_only_with_trigger.py
[2025-12-13T10:45:59.003+0000] {logging_mixin.py:190} INFO - [2025-12-13T10:45:59.003+0000] {dag.py:3239} INFO - Sync 1 DAGs
[2025-12-13T10:45:59.047+0000] {logging_mixin.py:190} INFO - [2025-12-13T10:45:59.046+0000] {dag.py:4180} INFO - Setting next_dagrun for latest_only_with_trigger to 2025-12-13 04:00:00+00:00, run_after=2025-12-13 08:00:00+00:00
[2025-12-13T10:45:59.088+0000] {processor.py:208} INFO - Processing /home/airflow/.local/lib/python3.12/site-packages/airflow/example_dags/example_latest_only_with_trigger.py took 0.144 seconds
[2025-12-13T10:46:29.903+0000] {processor.py:186} INFO - Started process (PID=3793) to work on /home/airflow/.local/lib/python3.12/site-packages/airflow/example_dags/example_latest_only_with_trigger.py
[2025-12-13T10:46:29.905+0000] {processor.py:914} INFO - Processing file /home/airflow/.local/lib/python3.12/site-packages/airflow/example_dags/example_latest_only_with_trigger.py for tasks to queue
[2025-12-13T10:46:29.911+0000] {logging_mixin.py:190} INFO - [2025-12-13T10:46:29.910+0000] {dagbag.py:588} INFO - Filling up the DagBag from /home/airflow/.local/lib/python3.12/site-packages/airflow/example_dags/example_latest_only_with_trigger.py
[2025-12-13T10:46:29.925+0000] {processor.py:925} INFO - DAG(s) 'latest_only_with_trigger' retrieved from /home/airflow/.local/lib/python3.12/site-packages/airflow/example_dags/example_latest_only_with_trigger.py
[2025-12-13T10:46:29.957+0000] {logging_mixin.py:190} INFO - [2025-12-13T10:46:29.957+0000] {dag.py:3239} INFO - Sync 1 DAGs
[2025-12-13T10:46:29.995+0000] {logging_mixin.py:190} INFO - [2025-12-13T10:46:29.994+0000] {dag.py:4180} INFO - Setting next_dagrun for latest_only_with_trigger to 2025-12-13 04:00:00+00:00, run_after=2025-12-13 08:00:00+00:00
[2025-12-13T10:46:30.060+0000] {processor.py:208} INFO - Processing /home/airflow/.local/lib/python3.12/site-packages/airflow/example_dags/example_latest_only_with_trigger.py took 0.168 seconds
