[2025-12-13T10:16:10.820+0000] {processor.py:186} INFO - Started process (PID=91) to work on /home/airflow/.local/lib/python3.12/site-packages/airflow/example_dags/example_latest_only.py
[2025-12-13T10:16:10.821+0000] {processor.py:914} INFO - Processing file /home/airflow/.local/lib/python3.12/site-packages/airflow/example_dags/example_latest_only.py for tasks to queue
[2025-12-13T10:16:10.827+0000] {logging_mixin.py:190} INFO - [2025-12-13T10:16:10.826+0000] {dagbag.py:588} INFO - Filling up the DagBag from /home/airflow/.local/lib/python3.12/site-packages/airflow/example_dags/example_latest_only.py
[2025-12-13T10:16:10.861+0000] {processor.py:925} INFO - DAG(s) 'latest_only' retrieved from /home/airflow/.local/lib/python3.12/site-packages/airflow/example_dags/example_latest_only.py
[2025-12-13T10:16:11.552+0000] {logging_mixin.py:190} INFO - [2025-12-13T10:16:11.550+0000] {override.py:1911} INFO - Created Permission View: can edit on DAG:latest_only
[2025-12-13T10:16:11.585+0000] {logging_mixin.py:190} INFO - [2025-12-13T10:16:11.584+0000] {override.py:1911} INFO - Created Permission View: can delete on DAG:latest_only
[2025-12-13T10:16:11.606+0000] {logging_mixin.py:190} INFO - [2025-12-13T10:16:11.605+0000] {override.py:1911} INFO - Created Permission View: can read on DAG:latest_only
[2025-12-13T10:16:11.622+0000] {logging_mixin.py:190} INFO - [2025-12-13T10:16:11.621+0000] {override.py:1911} INFO - Created Permission View: can create on DAG Run:latest_only
[2025-12-13T10:16:11.638+0000] {logging_mixin.py:190} INFO - [2025-12-13T10:16:11.637+0000] {override.py:1911} INFO - Created Permission View: can delete on DAG Run:latest_only
[2025-12-13T10:16:11.663+0000] {logging_mixin.py:190} INFO - [2025-12-13T10:16:11.663+0000] {override.py:1911} INFO - Created Permission View: menu access on DAG Run:latest_only
[2025-12-13T10:16:11.740+0000] {logging_mixin.py:190} INFO - [2025-12-13T10:16:11.739+0000] {override.py:1911} INFO - Created Permission View: can read on DAG Run:latest_only
[2025-12-13T10:16:11.741+0000] {logging_mixin.py:190} INFO - [2025-12-13T10:16:11.741+0000] {dag.py:3239} INFO - Sync 1 DAGs
[2025-12-13T10:16:11.805+0000] {logging_mixin.py:190} INFO - [2025-12-13T10:16:11.804+0000] {dag.py:3262} INFO - Creating ORM DAG for latest_only
[2025-12-13T10:16:11.823+0000] {logging_mixin.py:190} INFO - [2025-12-13T10:16:11.823+0000] {dag.py:4180} INFO - Setting next_dagrun for latest_only to 2025-12-13 04:00:00+00:00, run_after=2025-12-13 08:00:00+00:00
[2025-12-13T10:16:11.915+0000] {processor.py:208} INFO - Processing /home/airflow/.local/lib/python3.12/site-packages/airflow/example_dags/example_latest_only.py took 1.107 seconds
[2025-12-13T10:16:42.013+0000] {processor.py:186} INFO - Started process (PID=159) to work on /home/airflow/.local/lib/python3.12/site-packages/airflow/example_dags/example_latest_only.py
[2025-12-13T10:16:42.014+0000] {processor.py:914} INFO - Processing file /home/airflow/.local/lib/python3.12/site-packages/airflow/example_dags/example_latest_only.py for tasks to queue
[2025-12-13T10:16:42.019+0000] {logging_mixin.py:190} INFO - [2025-12-13T10:16:42.018+0000] {dagbag.py:588} INFO - Filling up the DagBag from /home/airflow/.local/lib/python3.12/site-packages/airflow/example_dags/example_latest_only.py
[2025-12-13T10:16:42.034+0000] {processor.py:925} INFO - DAG(s) 'latest_only' retrieved from /home/airflow/.local/lib/python3.12/site-packages/airflow/example_dags/example_latest_only.py
[2025-12-13T10:16:42.064+0000] {logging_mixin.py:190} INFO - [2025-12-13T10:16:42.064+0000] {dag.py:3239} INFO - Sync 1 DAGs
[2025-12-13T10:16:42.103+0000] {logging_mixin.py:190} INFO - [2025-12-13T10:16:42.102+0000] {dag.py:4180} INFO - Setting next_dagrun for latest_only to 2025-12-13 04:00:00+00:00, run_after=2025-12-13 08:00:00+00:00
[2025-12-13T10:16:42.133+0000] {processor.py:208} INFO - Processing /home/airflow/.local/lib/python3.12/site-packages/airflow/example_dags/example_latest_only.py took 0.131 seconds
[2025-12-13T10:17:12.570+0000] {processor.py:186} INFO - Started process (PID=221) to work on /home/airflow/.local/lib/python3.12/site-packages/airflow/example_dags/example_latest_only.py
[2025-12-13T10:17:12.571+0000] {processor.py:914} INFO - Processing file /home/airflow/.local/lib/python3.12/site-packages/airflow/example_dags/example_latest_only.py for tasks to queue
[2025-12-13T10:17:12.576+0000] {logging_mixin.py:190} INFO - [2025-12-13T10:17:12.575+0000] {dagbag.py:588} INFO - Filling up the DagBag from /home/airflow/.local/lib/python3.12/site-packages/airflow/example_dags/example_latest_only.py
[2025-12-13T10:17:12.589+0000] {processor.py:925} INFO - DAG(s) 'latest_only' retrieved from /home/airflow/.local/lib/python3.12/site-packages/airflow/example_dags/example_latest_only.py
[2025-12-13T10:17:12.622+0000] {logging_mixin.py:190} INFO - [2025-12-13T10:17:12.622+0000] {dag.py:3239} INFO - Sync 1 DAGs
[2025-12-13T10:17:12.669+0000] {logging_mixin.py:190} INFO - [2025-12-13T10:17:12.669+0000] {dag.py:4180} INFO - Setting next_dagrun for latest_only to 2025-12-13 04:00:00+00:00, run_after=2025-12-13 08:00:00+00:00
[2025-12-13T10:17:12.699+0000] {processor.py:208} INFO - Processing /home/airflow/.local/lib/python3.12/site-packages/airflow/example_dags/example_latest_only.py took 0.140 seconds
[2025-12-13T10:17:43.144+0000] {processor.py:186} INFO - Started process (PID=283) to work on /home/airflow/.local/lib/python3.12/site-packages/airflow/example_dags/example_latest_only.py
[2025-12-13T10:17:43.145+0000] {processor.py:914} INFO - Processing file /home/airflow/.local/lib/python3.12/site-packages/airflow/example_dags/example_latest_only.py for tasks to queue
[2025-12-13T10:17:43.152+0000] {logging_mixin.py:190} INFO - [2025-12-13T10:17:43.151+0000] {dagbag.py:588} INFO - Filling up the DagBag from /home/airflow/.local/lib/python3.12/site-packages/airflow/example_dags/example_latest_only.py
[2025-12-13T10:17:43.167+0000] {processor.py:925} INFO - DAG(s) 'latest_only' retrieved from /home/airflow/.local/lib/python3.12/site-packages/airflow/example_dags/example_latest_only.py
[2025-12-13T10:17:43.209+0000] {logging_mixin.py:190} INFO - [2025-12-13T10:17:43.209+0000] {dag.py:3239} INFO - Sync 1 DAGs
[2025-12-13T10:17:43.263+0000] {logging_mixin.py:190} INFO - [2025-12-13T10:17:43.263+0000] {dag.py:4180} INFO - Setting next_dagrun for latest_only to 2025-12-13 04:00:00+00:00, run_after=2025-12-13 08:00:00+00:00
[2025-12-13T10:17:43.296+0000] {processor.py:208} INFO - Processing /home/airflow/.local/lib/python3.12/site-packages/airflow/example_dags/example_latest_only.py took 0.165 seconds
[2025-12-13T10:18:13.357+0000] {processor.py:186} INFO - Started process (PID=346) to work on /home/airflow/.local/lib/python3.12/site-packages/airflow/example_dags/example_latest_only.py
[2025-12-13T10:18:13.359+0000] {processor.py:914} INFO - Processing file /home/airflow/.local/lib/python3.12/site-packages/airflow/example_dags/example_latest_only.py for tasks to queue
[2025-12-13T10:18:13.366+0000] {logging_mixin.py:190} INFO - [2025-12-13T10:18:13.365+0000] {dagbag.py:588} INFO - Filling up the DagBag from /home/airflow/.local/lib/python3.12/site-packages/airflow/example_dags/example_latest_only.py
[2025-12-13T10:18:13.382+0000] {processor.py:925} INFO - DAG(s) 'latest_only' retrieved from /home/airflow/.local/lib/python3.12/site-packages/airflow/example_dags/example_latest_only.py
[2025-12-13T10:18:13.431+0000] {logging_mixin.py:190} INFO - [2025-12-13T10:18:13.430+0000] {dag.py:3239} INFO - Sync 1 DAGs
[2025-12-13T10:18:13.498+0000] {logging_mixin.py:190} INFO - [2025-12-13T10:18:13.497+0000] {dag.py:4180} INFO - Setting next_dagrun for latest_only to 2025-12-13 04:00:00+00:00, run_after=2025-12-13 08:00:00+00:00
[2025-12-13T10:18:13.553+0000] {processor.py:208} INFO - Processing /home/airflow/.local/lib/python3.12/site-packages/airflow/example_dags/example_latest_only.py took 0.210 seconds
[2025-12-13T10:18:43.677+0000] {processor.py:186} INFO - Started process (PID=409) to work on /home/airflow/.local/lib/python3.12/site-packages/airflow/example_dags/example_latest_only.py
[2025-12-13T10:18:43.680+0000] {processor.py:914} INFO - Processing file /home/airflow/.local/lib/python3.12/site-packages/airflow/example_dags/example_latest_only.py for tasks to queue
[2025-12-13T10:18:43.683+0000] {logging_mixin.py:190} INFO - [2025-12-13T10:18:43.683+0000] {dagbag.py:588} INFO - Filling up the DagBag from /home/airflow/.local/lib/python3.12/site-packages/airflow/example_dags/example_latest_only.py
[2025-12-13T10:18:43.694+0000] {processor.py:925} INFO - DAG(s) 'latest_only' retrieved from /home/airflow/.local/lib/python3.12/site-packages/airflow/example_dags/example_latest_only.py
[2025-12-13T10:18:43.728+0000] {logging_mixin.py:190} INFO - [2025-12-13T10:18:43.728+0000] {dag.py:3239} INFO - Sync 1 DAGs
[2025-12-13T10:18:43.770+0000] {logging_mixin.py:190} INFO - [2025-12-13T10:18:43.770+0000] {dag.py:4180} INFO - Setting next_dagrun for latest_only to 2025-12-13 04:00:00+00:00, run_after=2025-12-13 08:00:00+00:00
[2025-12-13T10:18:43.798+0000] {processor.py:208} INFO - Processing /home/airflow/.local/lib/python3.12/site-packages/airflow/example_dags/example_latest_only.py took 0.131 seconds
[2025-12-13T10:19:14.574+0000] {processor.py:186} INFO - Started process (PID=472) to work on /home/airflow/.local/lib/python3.12/site-packages/airflow/example_dags/example_latest_only.py
[2025-12-13T10:19:14.575+0000] {processor.py:914} INFO - Processing file /home/airflow/.local/lib/python3.12/site-packages/airflow/example_dags/example_latest_only.py for tasks to queue
[2025-12-13T10:19:14.579+0000] {logging_mixin.py:190} INFO - [2025-12-13T10:19:14.578+0000] {dagbag.py:588} INFO - Filling up the DagBag from /home/airflow/.local/lib/python3.12/site-packages/airflow/example_dags/example_latest_only.py
[2025-12-13T10:19:14.592+0000] {processor.py:925} INFO - DAG(s) 'latest_only' retrieved from /home/airflow/.local/lib/python3.12/site-packages/airflow/example_dags/example_latest_only.py
[2025-12-13T10:19:14.625+0000] {logging_mixin.py:190} INFO - [2025-12-13T10:19:14.625+0000] {dag.py:3239} INFO - Sync 1 DAGs
[2025-12-13T10:19:14.672+0000] {logging_mixin.py:190} INFO - [2025-12-13T10:19:14.671+0000] {dag.py:4180} INFO - Setting next_dagrun for latest_only to 2025-12-13 04:00:00+00:00, run_after=2025-12-13 08:00:00+00:00
[2025-12-13T10:19:14.704+0000] {processor.py:208} INFO - Processing /home/airflow/.local/lib/python3.12/site-packages/airflow/example_dags/example_latest_only.py took 0.139 seconds
[2025-12-13T10:19:44.858+0000] {processor.py:186} INFO - Started process (PID=535) to work on /home/airflow/.local/lib/python3.12/site-packages/airflow/example_dags/example_latest_only.py
[2025-12-13T10:19:44.860+0000] {processor.py:914} INFO - Processing file /home/airflow/.local/lib/python3.12/site-packages/airflow/example_dags/example_latest_only.py for tasks to queue
[2025-12-13T10:19:44.866+0000] {logging_mixin.py:190} INFO - [2025-12-13T10:19:44.866+0000] {dagbag.py:588} INFO - Filling up the DagBag from /home/airflow/.local/lib/python3.12/site-packages/airflow/example_dags/example_latest_only.py
[2025-12-13T10:19:44.880+0000] {processor.py:925} INFO - DAG(s) 'latest_only' retrieved from /home/airflow/.local/lib/python3.12/site-packages/airflow/example_dags/example_latest_only.py
[2025-12-13T10:19:44.920+0000] {logging_mixin.py:190} INFO - [2025-12-13T10:19:44.920+0000] {dag.py:3239} INFO - Sync 1 DAGs
[2025-12-13T10:19:44.958+0000] {logging_mixin.py:190} INFO - [2025-12-13T10:19:44.957+0000] {dag.py:4180} INFO - Setting next_dagrun for latest_only to 2025-12-13 04:00:00+00:00, run_after=2025-12-13 08:00:00+00:00
[2025-12-13T10:19:44.987+0000] {processor.py:208} INFO - Processing /home/airflow/.local/lib/python3.12/site-packages/airflow/example_dags/example_latest_only.py took 0.142 seconds
[2025-12-13T10:20:15.359+0000] {processor.py:186} INFO - Started process (PID=598) to work on /home/airflow/.local/lib/python3.12/site-packages/airflow/example_dags/example_latest_only.py
[2025-12-13T10:20:15.361+0000] {processor.py:914} INFO - Processing file /home/airflow/.local/lib/python3.12/site-packages/airflow/example_dags/example_latest_only.py for tasks to queue
[2025-12-13T10:20:15.366+0000] {logging_mixin.py:190} INFO - [2025-12-13T10:20:15.365+0000] {dagbag.py:588} INFO - Filling up the DagBag from /home/airflow/.local/lib/python3.12/site-packages/airflow/example_dags/example_latest_only.py
[2025-12-13T10:20:15.378+0000] {processor.py:925} INFO - DAG(s) 'latest_only' retrieved from /home/airflow/.local/lib/python3.12/site-packages/airflow/example_dags/example_latest_only.py
[2025-12-13T10:20:15.413+0000] {logging_mixin.py:190} INFO - [2025-12-13T10:20:15.413+0000] {dag.py:3239} INFO - Sync 1 DAGs
[2025-12-13T10:20:15.461+0000] {logging_mixin.py:190} INFO - [2025-12-13T10:20:15.460+0000] {dag.py:4180} INFO - Setting next_dagrun for latest_only to 2025-12-13 04:00:00+00:00, run_after=2025-12-13 08:00:00+00:00
[2025-12-13T10:20:15.489+0000] {processor.py:208} INFO - Processing /home/airflow/.local/lib/python3.12/site-packages/airflow/example_dags/example_latest_only.py took 0.142 seconds
[2025-12-13T10:20:45.634+0000] {processor.py:186} INFO - Started process (PID=661) to work on /home/airflow/.local/lib/python3.12/site-packages/airflow/example_dags/example_latest_only.py
[2025-12-13T10:20:45.636+0000] {processor.py:914} INFO - Processing file /home/airflow/.local/lib/python3.12/site-packages/airflow/example_dags/example_latest_only.py for tasks to queue
[2025-12-13T10:20:45.647+0000] {logging_mixin.py:190} INFO - [2025-12-13T10:20:45.647+0000] {dagbag.py:588} INFO - Filling up the DagBag from /home/airflow/.local/lib/python3.12/site-packages/airflow/example_dags/example_latest_only.py
[2025-12-13T10:20:45.664+0000] {processor.py:925} INFO - DAG(s) 'latest_only' retrieved from /home/airflow/.local/lib/python3.12/site-packages/airflow/example_dags/example_latest_only.py
[2025-12-13T10:20:45.709+0000] {logging_mixin.py:190} INFO - [2025-12-13T10:20:45.709+0000] {dag.py:3239} INFO - Sync 1 DAGs
[2025-12-13T10:20:45.780+0000] {logging_mixin.py:190} INFO - [2025-12-13T10:20:45.779+0000] {dag.py:4180} INFO - Setting next_dagrun for latest_only to 2025-12-13 04:00:00+00:00, run_after=2025-12-13 08:00:00+00:00
[2025-12-13T10:20:45.825+0000] {processor.py:208} INFO - Processing /home/airflow/.local/lib/python3.12/site-packages/airflow/example_dags/example_latest_only.py took 0.218 seconds
[2025-12-13T10:21:15.908+0000] {processor.py:186} INFO - Started process (PID=724) to work on /home/airflow/.local/lib/python3.12/site-packages/airflow/example_dags/example_latest_only.py
[2025-12-13T10:21:15.909+0000] {processor.py:914} INFO - Processing file /home/airflow/.local/lib/python3.12/site-packages/airflow/example_dags/example_latest_only.py for tasks to queue
[2025-12-13T10:21:15.914+0000] {logging_mixin.py:190} INFO - [2025-12-13T10:21:15.913+0000] {dagbag.py:588} INFO - Filling up the DagBag from /home/airflow/.local/lib/python3.12/site-packages/airflow/example_dags/example_latest_only.py
[2025-12-13T10:21:15.924+0000] {processor.py:925} INFO - DAG(s) 'latest_only' retrieved from /home/airflow/.local/lib/python3.12/site-packages/airflow/example_dags/example_latest_only.py
[2025-12-13T10:21:15.958+0000] {logging_mixin.py:190} INFO - [2025-12-13T10:21:15.958+0000] {dag.py:3239} INFO - Sync 1 DAGs
[2025-12-13T10:21:16.007+0000] {logging_mixin.py:190} INFO - [2025-12-13T10:21:16.007+0000] {dag.py:4180} INFO - Setting next_dagrun for latest_only to 2025-12-13 04:00:00+00:00, run_after=2025-12-13 08:00:00+00:00
[2025-12-13T10:21:16.043+0000] {processor.py:208} INFO - Processing /home/airflow/.local/lib/python3.12/site-packages/airflow/example_dags/example_latest_only.py took 0.146 seconds
[2025-12-13T10:21:46.251+0000] {processor.py:186} INFO - Started process (PID=787) to work on /home/airflow/.local/lib/python3.12/site-packages/airflow/example_dags/example_latest_only.py
[2025-12-13T10:21:46.253+0000] {processor.py:914} INFO - Processing file /home/airflow/.local/lib/python3.12/site-packages/airflow/example_dags/example_latest_only.py for tasks to queue
[2025-12-13T10:21:46.258+0000] {logging_mixin.py:190} INFO - [2025-12-13T10:21:46.257+0000] {dagbag.py:588} INFO - Filling up the DagBag from /home/airflow/.local/lib/python3.12/site-packages/airflow/example_dags/example_latest_only.py
[2025-12-13T10:21:46.272+0000] {processor.py:925} INFO - DAG(s) 'latest_only' retrieved from /home/airflow/.local/lib/python3.12/site-packages/airflow/example_dags/example_latest_only.py
[2025-12-13T10:21:46.305+0000] {logging_mixin.py:190} INFO - [2025-12-13T10:21:46.305+0000] {dag.py:3239} INFO - Sync 1 DAGs
[2025-12-13T10:21:46.349+0000] {logging_mixin.py:190} INFO - [2025-12-13T10:21:46.348+0000] {dag.py:4180} INFO - Setting next_dagrun for latest_only to 2025-12-13 04:00:00+00:00, run_after=2025-12-13 08:00:00+00:00
[2025-12-13T10:21:46.389+0000] {processor.py:208} INFO - Processing /home/airflow/.local/lib/python3.12/site-packages/airflow/example_dags/example_latest_only.py took 0.150 seconds
[2025-12-13T10:22:17.757+0000] {processor.py:186} INFO - Started process (PID=850) to work on /home/airflow/.local/lib/python3.12/site-packages/airflow/example_dags/example_latest_only.py
[2025-12-13T10:22:17.759+0000] {processor.py:914} INFO - Processing file /home/airflow/.local/lib/python3.12/site-packages/airflow/example_dags/example_latest_only.py for tasks to queue
[2025-12-13T10:22:17.765+0000] {logging_mixin.py:190} INFO - [2025-12-13T10:22:17.764+0000] {dagbag.py:588} INFO - Filling up the DagBag from /home/airflow/.local/lib/python3.12/site-packages/airflow/example_dags/example_latest_only.py
[2025-12-13T10:22:17.787+0000] {processor.py:925} INFO - DAG(s) 'latest_only' retrieved from /home/airflow/.local/lib/python3.12/site-packages/airflow/example_dags/example_latest_only.py
[2025-12-13T10:22:17.849+0000] {logging_mixin.py:190} INFO - [2025-12-13T10:22:17.848+0000] {dag.py:3239} INFO - Sync 1 DAGs
[2025-12-13T10:22:17.912+0000] {logging_mixin.py:190} INFO - [2025-12-13T10:22:17.912+0000] {dag.py:4180} INFO - Setting next_dagrun for latest_only to 2025-12-13 04:00:00+00:00, run_after=2025-12-13 08:00:00+00:00
[2025-12-13T10:22:17.957+0000] {processor.py:208} INFO - Processing /home/airflow/.local/lib/python3.12/site-packages/airflow/example_dags/example_latest_only.py took 0.220 seconds
[2025-12-13T10:22:48.635+0000] {processor.py:186} INFO - Started process (PID=913) to work on /home/airflow/.local/lib/python3.12/site-packages/airflow/example_dags/example_latest_only.py
[2025-12-13T10:22:48.640+0000] {processor.py:914} INFO - Processing file /home/airflow/.local/lib/python3.12/site-packages/airflow/example_dags/example_latest_only.py for tasks to queue
[2025-12-13T10:22:48.646+0000] {logging_mixin.py:190} INFO - [2025-12-13T10:22:48.645+0000] {dagbag.py:588} INFO - Filling up the DagBag from /home/airflow/.local/lib/python3.12/site-packages/airflow/example_dags/example_latest_only.py
[2025-12-13T10:22:48.665+0000] {processor.py:925} INFO - DAG(s) 'latest_only' retrieved from /home/airflow/.local/lib/python3.12/site-packages/airflow/example_dags/example_latest_only.py
[2025-12-13T10:22:48.777+0000] {logging_mixin.py:190} INFO - [2025-12-13T10:22:48.777+0000] {dag.py:3239} INFO - Sync 1 DAGs
[2025-12-13T10:22:48.871+0000] {logging_mixin.py:190} INFO - [2025-12-13T10:22:48.871+0000] {dag.py:4180} INFO - Setting next_dagrun for latest_only to 2025-12-13 04:00:00+00:00, run_after=2025-12-13 08:00:00+00:00
[2025-12-13T10:22:48.923+0000] {processor.py:208} INFO - Processing /home/airflow/.local/lib/python3.12/site-packages/airflow/example_dags/example_latest_only.py took 0.313 seconds
[2025-12-13T10:23:19.448+0000] {processor.py:186} INFO - Started process (PID=975) to work on /home/airflow/.local/lib/python3.12/site-packages/airflow/example_dags/example_latest_only.py
[2025-12-13T10:23:19.451+0000] {processor.py:914} INFO - Processing file /home/airflow/.local/lib/python3.12/site-packages/airflow/example_dags/example_latest_only.py for tasks to queue
[2025-12-13T10:23:19.456+0000] {logging_mixin.py:190} INFO - [2025-12-13T10:23:19.455+0000] {dagbag.py:588} INFO - Filling up the DagBag from /home/airflow/.local/lib/python3.12/site-packages/airflow/example_dags/example_latest_only.py
[2025-12-13T10:23:19.471+0000] {processor.py:925} INFO - DAG(s) 'latest_only' retrieved from /home/airflow/.local/lib/python3.12/site-packages/airflow/example_dags/example_latest_only.py
[2025-12-13T10:23:19.515+0000] {logging_mixin.py:190} INFO - [2025-12-13T10:23:19.514+0000] {dag.py:3239} INFO - Sync 1 DAGs
[2025-12-13T10:23:19.579+0000] {logging_mixin.py:190} INFO - [2025-12-13T10:23:19.578+0000] {dag.py:4180} INFO - Setting next_dagrun for latest_only to 2025-12-13 04:00:00+00:00, run_after=2025-12-13 08:00:00+00:00
[2025-12-13T10:23:19.616+0000] {processor.py:208} INFO - Processing /home/airflow/.local/lib/python3.12/site-packages/airflow/example_dags/example_latest_only.py took 0.185 seconds
[2025-12-13T10:23:50.069+0000] {processor.py:186} INFO - Started process (PID=1037) to work on /home/airflow/.local/lib/python3.12/site-packages/airflow/example_dags/example_latest_only.py
[2025-12-13T10:23:50.070+0000] {processor.py:914} INFO - Processing file /home/airflow/.local/lib/python3.12/site-packages/airflow/example_dags/example_latest_only.py for tasks to queue
[2025-12-13T10:23:50.075+0000] {logging_mixin.py:190} INFO - [2025-12-13T10:23:50.074+0000] {dagbag.py:588} INFO - Filling up the DagBag from /home/airflow/.local/lib/python3.12/site-packages/airflow/example_dags/example_latest_only.py
[2025-12-13T10:23:50.085+0000] {processor.py:925} INFO - DAG(s) 'latest_only' retrieved from /home/airflow/.local/lib/python3.12/site-packages/airflow/example_dags/example_latest_only.py
[2025-12-13T10:23:50.115+0000] {logging_mixin.py:190} INFO - [2025-12-13T10:23:50.114+0000] {dag.py:3239} INFO - Sync 1 DAGs
[2025-12-13T10:23:50.161+0000] {logging_mixin.py:190} INFO - [2025-12-13T10:23:50.161+0000] {dag.py:4180} INFO - Setting next_dagrun for latest_only to 2025-12-13 04:00:00+00:00, run_after=2025-12-13 08:00:00+00:00
[2025-12-13T10:23:50.197+0000] {processor.py:208} INFO - Processing /home/airflow/.local/lib/python3.12/site-packages/airflow/example_dags/example_latest_only.py took 0.137 seconds
[2025-12-13T10:24:21.027+0000] {processor.py:186} INFO - Started process (PID=1100) to work on /home/airflow/.local/lib/python3.12/site-packages/airflow/example_dags/example_latest_only.py
[2025-12-13T10:24:21.029+0000] {processor.py:914} INFO - Processing file /home/airflow/.local/lib/python3.12/site-packages/airflow/example_dags/example_latest_only.py for tasks to queue
[2025-12-13T10:24:21.032+0000] {logging_mixin.py:190} INFO - [2025-12-13T10:24:21.032+0000] {dagbag.py:588} INFO - Filling up the DagBag from /home/airflow/.local/lib/python3.12/site-packages/airflow/example_dags/example_latest_only.py
[2025-12-13T10:24:21.045+0000] {processor.py:925} INFO - DAG(s) 'latest_only' retrieved from /home/airflow/.local/lib/python3.12/site-packages/airflow/example_dags/example_latest_only.py
[2025-12-13T10:24:21.089+0000] {logging_mixin.py:190} INFO - [2025-12-13T10:24:21.088+0000] {dag.py:3239} INFO - Sync 1 DAGs
[2025-12-13T10:24:21.169+0000] {logging_mixin.py:190} INFO - [2025-12-13T10:24:21.168+0000] {dag.py:4180} INFO - Setting next_dagrun for latest_only to 2025-12-13 04:00:00+00:00, run_after=2025-12-13 08:00:00+00:00
[2025-12-13T10:24:21.215+0000] {processor.py:208} INFO - Processing /home/airflow/.local/lib/python3.12/site-packages/airflow/example_dags/example_latest_only.py took 0.201 seconds
[2025-12-13T10:24:51.470+0000] {processor.py:186} INFO - Started process (PID=1162) to work on /home/airflow/.local/lib/python3.12/site-packages/airflow/example_dags/example_latest_only.py
[2025-12-13T10:24:51.471+0000] {processor.py:914} INFO - Processing file /home/airflow/.local/lib/python3.12/site-packages/airflow/example_dags/example_latest_only.py for tasks to queue
[2025-12-13T10:24:51.476+0000] {logging_mixin.py:190} INFO - [2025-12-13T10:24:51.475+0000] {dagbag.py:588} INFO - Filling up the DagBag from /home/airflow/.local/lib/python3.12/site-packages/airflow/example_dags/example_latest_only.py
[2025-12-13T10:24:51.486+0000] {processor.py:925} INFO - DAG(s) 'latest_only' retrieved from /home/airflow/.local/lib/python3.12/site-packages/airflow/example_dags/example_latest_only.py
[2025-12-13T10:24:51.522+0000] {logging_mixin.py:190} INFO - [2025-12-13T10:24:51.521+0000] {dag.py:3239} INFO - Sync 1 DAGs
[2025-12-13T10:24:51.561+0000] {logging_mixin.py:190} INFO - [2025-12-13T10:24:51.561+0000] {dag.py:4180} INFO - Setting next_dagrun for latest_only to 2025-12-13 04:00:00+00:00, run_after=2025-12-13 08:00:00+00:00
[2025-12-13T10:24:51.589+0000] {processor.py:208} INFO - Processing /home/airflow/.local/lib/python3.12/site-packages/airflow/example_dags/example_latest_only.py took 0.131 seconds
[2025-12-13T10:25:21.999+0000] {processor.py:186} INFO - Started process (PID=1225) to work on /home/airflow/.local/lib/python3.12/site-packages/airflow/example_dags/example_latest_only.py
[2025-12-13T10:25:22.004+0000] {processor.py:914} INFO - Processing file /home/airflow/.local/lib/python3.12/site-packages/airflow/example_dags/example_latest_only.py for tasks to queue
[2025-12-13T10:25:22.012+0000] {logging_mixin.py:190} INFO - [2025-12-13T10:25:22.011+0000] {dagbag.py:588} INFO - Filling up the DagBag from /home/airflow/.local/lib/python3.12/site-packages/airflow/example_dags/example_latest_only.py
[2025-12-13T10:25:22.039+0000] {processor.py:925} INFO - DAG(s) 'latest_only' retrieved from /home/airflow/.local/lib/python3.12/site-packages/airflow/example_dags/example_latest_only.py
[2025-12-13T10:25:22.118+0000] {logging_mixin.py:190} INFO - [2025-12-13T10:25:22.118+0000] {dag.py:3239} INFO - Sync 1 DAGs
[2025-12-13T10:25:22.215+0000] {logging_mixin.py:190} INFO - [2025-12-13T10:25:22.215+0000] {dag.py:4180} INFO - Setting next_dagrun for latest_only to 2025-12-13 04:00:00+00:00, run_after=2025-12-13 08:00:00+00:00
[2025-12-13T10:25:22.318+0000] {processor.py:208} INFO - Processing /home/airflow/.local/lib/python3.12/site-packages/airflow/example_dags/example_latest_only.py took 0.351 seconds
[2025-12-13T10:25:54.678+0000] {processor.py:186} INFO - Started process (PID=1288) to work on /home/airflow/.local/lib/python3.12/site-packages/airflow/example_dags/example_latest_only.py
[2025-12-13T10:25:54.681+0000] {processor.py:914} INFO - Processing file /home/airflow/.local/lib/python3.12/site-packages/airflow/example_dags/example_latest_only.py for tasks to queue
[2025-12-13T10:25:54.687+0000] {logging_mixin.py:190} INFO - [2025-12-13T10:25:54.687+0000] {dagbag.py:588} INFO - Filling up the DagBag from /home/airflow/.local/lib/python3.12/site-packages/airflow/example_dags/example_latest_only.py
[2025-12-13T10:25:54.708+0000] {processor.py:925} INFO - DAG(s) 'latest_only' retrieved from /home/airflow/.local/lib/python3.12/site-packages/airflow/example_dags/example_latest_only.py
[2025-12-13T10:25:54.766+0000] {logging_mixin.py:190} INFO - [2025-12-13T10:25:54.765+0000] {dag.py:3239} INFO - Sync 1 DAGs
[2025-12-13T10:25:54.826+0000] {logging_mixin.py:190} INFO - [2025-12-13T10:25:54.825+0000] {dag.py:4180} INFO - Setting next_dagrun for latest_only to 2025-12-13 04:00:00+00:00, run_after=2025-12-13 08:00:00+00:00
[2025-12-13T10:25:54.895+0000] {processor.py:208} INFO - Processing /home/airflow/.local/lib/python3.12/site-packages/airflow/example_dags/example_latest_only.py took 0.232 seconds
[2025-12-13T10:26:25.993+0000] {processor.py:186} INFO - Started process (PID=1343) to work on /home/airflow/.local/lib/python3.12/site-packages/airflow/example_dags/example_latest_only.py
[2025-12-13T10:26:25.995+0000] {processor.py:914} INFO - Processing file /home/airflow/.local/lib/python3.12/site-packages/airflow/example_dags/example_latest_only.py for tasks to queue
[2025-12-13T10:26:26.000+0000] {logging_mixin.py:190} INFO - [2025-12-13T10:26:25.999+0000] {dagbag.py:588} INFO - Filling up the DagBag from /home/airflow/.local/lib/python3.12/site-packages/airflow/example_dags/example_latest_only.py
[2025-12-13T10:26:26.016+0000] {processor.py:925} INFO - DAG(s) 'latest_only' retrieved from /home/airflow/.local/lib/python3.12/site-packages/airflow/example_dags/example_latest_only.py
[2025-12-13T10:26:26.056+0000] {logging_mixin.py:190} INFO - [2025-12-13T10:26:26.055+0000] {dag.py:3239} INFO - Sync 1 DAGs
[2025-12-13T10:26:26.107+0000] {logging_mixin.py:190} INFO - [2025-12-13T10:26:26.107+0000] {dag.py:4180} INFO - Setting next_dagrun for latest_only to 2025-12-13 04:00:00+00:00, run_after=2025-12-13 08:00:00+00:00
[2025-12-13T10:26:26.152+0000] {processor.py:208} INFO - Processing /home/airflow/.local/lib/python3.12/site-packages/airflow/example_dags/example_latest_only.py took 0.178 seconds
[2025-12-13T10:26:57.411+0000] {processor.py:186} INFO - Started process (PID=1406) to work on /home/airflow/.local/lib/python3.12/site-packages/airflow/example_dags/example_latest_only.py
[2025-12-13T10:26:57.412+0000] {processor.py:914} INFO - Processing file /home/airflow/.local/lib/python3.12/site-packages/airflow/example_dags/example_latest_only.py for tasks to queue
[2025-12-13T10:26:57.415+0000] {logging_mixin.py:190} INFO - [2025-12-13T10:26:57.415+0000] {dagbag.py:588} INFO - Filling up the DagBag from /home/airflow/.local/lib/python3.12/site-packages/airflow/example_dags/example_latest_only.py
[2025-12-13T10:26:57.443+0000] {processor.py:925} INFO - DAG(s) 'latest_only' retrieved from /home/airflow/.local/lib/python3.12/site-packages/airflow/example_dags/example_latest_only.py
[2025-12-13T10:26:57.503+0000] {logging_mixin.py:190} INFO - [2025-12-13T10:26:57.502+0000] {dag.py:3239} INFO - Sync 1 DAGs
[2025-12-13T10:26:57.591+0000] {logging_mixin.py:190} INFO - [2025-12-13T10:26:57.588+0000] {dag.py:4180} INFO - Setting next_dagrun for latest_only to 2025-12-13 04:00:00+00:00, run_after=2025-12-13 08:00:00+00:00
[2025-12-13T10:26:57.687+0000] {processor.py:208} INFO - Processing /home/airflow/.local/lib/python3.12/site-packages/airflow/example_dags/example_latest_only.py took 0.291 seconds
[2025-12-13T10:27:27.861+0000] {processor.py:186} INFO - Started process (PID=1468) to work on /home/airflow/.local/lib/python3.12/site-packages/airflow/example_dags/example_latest_only.py
[2025-12-13T10:27:27.862+0000] {processor.py:914} INFO - Processing file /home/airflow/.local/lib/python3.12/site-packages/airflow/example_dags/example_latest_only.py for tasks to queue
[2025-12-13T10:27:27.865+0000] {logging_mixin.py:190} INFO - [2025-12-13T10:27:27.864+0000] {dagbag.py:588} INFO - Filling up the DagBag from /home/airflow/.local/lib/python3.12/site-packages/airflow/example_dags/example_latest_only.py
[2025-12-13T10:27:27.875+0000] {processor.py:925} INFO - DAG(s) 'latest_only' retrieved from /home/airflow/.local/lib/python3.12/site-packages/airflow/example_dags/example_latest_only.py
[2025-12-13T10:27:27.909+0000] {logging_mixin.py:190} INFO - [2025-12-13T10:27:27.909+0000] {dag.py:3239} INFO - Sync 1 DAGs
[2025-12-13T10:27:27.956+0000] {logging_mixin.py:190} INFO - [2025-12-13T10:27:27.955+0000] {dag.py:4180} INFO - Setting next_dagrun for latest_only to 2025-12-13 04:00:00+00:00, run_after=2025-12-13 08:00:00+00:00
[2025-12-13T10:27:27.989+0000] {processor.py:208} INFO - Processing /home/airflow/.local/lib/python3.12/site-packages/airflow/example_dags/example_latest_only.py took 0.139 seconds
[2025-12-13T10:27:59.478+0000] {processor.py:186} INFO - Started process (PID=1529) to work on /home/airflow/.local/lib/python3.12/site-packages/airflow/example_dags/example_latest_only.py
[2025-12-13T10:27:59.480+0000] {processor.py:914} INFO - Processing file /home/airflow/.local/lib/python3.12/site-packages/airflow/example_dags/example_latest_only.py for tasks to queue
[2025-12-13T10:27:59.484+0000] {logging_mixin.py:190} INFO - [2025-12-13T10:27:59.484+0000] {dagbag.py:588} INFO - Filling up the DagBag from /home/airflow/.local/lib/python3.12/site-packages/airflow/example_dags/example_latest_only.py
[2025-12-13T10:27:59.501+0000] {processor.py:925} INFO - DAG(s) 'latest_only' retrieved from /home/airflow/.local/lib/python3.12/site-packages/airflow/example_dags/example_latest_only.py
[2025-12-13T10:27:59.537+0000] {logging_mixin.py:190} INFO - [2025-12-13T10:27:59.536+0000] {dag.py:3239} INFO - Sync 1 DAGs
[2025-12-13T10:27:59.586+0000] {logging_mixin.py:190} INFO - [2025-12-13T10:27:59.585+0000] {dag.py:4180} INFO - Setting next_dagrun for latest_only to 2025-12-13 04:00:00+00:00, run_after=2025-12-13 08:00:00+00:00
[2025-12-13T10:27:59.613+0000] {processor.py:208} INFO - Processing /home/airflow/.local/lib/python3.12/site-packages/airflow/example_dags/example_latest_only.py took 0.146 seconds
[2025-12-13T10:28:34.335+0000] {processor.py:186} INFO - Started process (PID=1592) to work on /home/airflow/.local/lib/python3.12/site-packages/airflow/example_dags/example_latest_only.py
[2025-12-13T10:28:34.341+0000] {processor.py:914} INFO - Processing file /home/airflow/.local/lib/python3.12/site-packages/airflow/example_dags/example_latest_only.py for tasks to queue
[2025-12-13T10:28:34.353+0000] {logging_mixin.py:190} INFO - [2025-12-13T10:28:34.353+0000] {dagbag.py:588} INFO - Filling up the DagBag from /home/airflow/.local/lib/python3.12/site-packages/airflow/example_dags/example_latest_only.py
[2025-12-13T10:28:34.416+0000] {processor.py:925} INFO - DAG(s) 'latest_only' retrieved from /home/airflow/.local/lib/python3.12/site-packages/airflow/example_dags/example_latest_only.py
[2025-12-13T10:28:34.530+0000] {logging_mixin.py:190} INFO - [2025-12-13T10:28:34.528+0000] {dag.py:3239} INFO - Sync 1 DAGs
[2025-12-13T10:28:34.694+0000] {logging_mixin.py:190} INFO - [2025-12-13T10:28:34.692+0000] {dag.py:4180} INFO - Setting next_dagrun for latest_only to 2025-12-13 04:00:00+00:00, run_after=2025-12-13 08:00:00+00:00
[2025-12-13T10:28:34.838+0000] {processor.py:208} INFO - Processing /home/airflow/.local/lib/python3.12/site-packages/airflow/example_dags/example_latest_only.py took 0.561 seconds
[2025-12-13T10:29:05.652+0000] {processor.py:186} INFO - Started process (PID=1654) to work on /home/airflow/.local/lib/python3.12/site-packages/airflow/example_dags/example_latest_only.py
[2025-12-13T10:29:05.654+0000] {processor.py:914} INFO - Processing file /home/airflow/.local/lib/python3.12/site-packages/airflow/example_dags/example_latest_only.py for tasks to queue
[2025-12-13T10:29:05.658+0000] {logging_mixin.py:190} INFO - [2025-12-13T10:29:05.658+0000] {dagbag.py:588} INFO - Filling up the DagBag from /home/airflow/.local/lib/python3.12/site-packages/airflow/example_dags/example_latest_only.py
[2025-12-13T10:29:05.672+0000] {processor.py:925} INFO - DAG(s) 'latest_only' retrieved from /home/airflow/.local/lib/python3.12/site-packages/airflow/example_dags/example_latest_only.py
[2025-12-13T10:29:05.709+0000] {logging_mixin.py:190} INFO - [2025-12-13T10:29:05.709+0000] {dag.py:3239} INFO - Sync 1 DAGs
[2025-12-13T10:29:05.764+0000] {logging_mixin.py:190} INFO - [2025-12-13T10:29:05.764+0000] {dag.py:4180} INFO - Setting next_dagrun for latest_only to 2025-12-13 04:00:00+00:00, run_after=2025-12-13 08:00:00+00:00
[2025-12-13T10:29:05.801+0000] {processor.py:208} INFO - Processing /home/airflow/.local/lib/python3.12/site-packages/airflow/example_dags/example_latest_only.py took 0.163 seconds
[2025-12-13T10:29:35.995+0000] {processor.py:186} INFO - Started process (PID=1715) to work on /home/airflow/.local/lib/python3.12/site-packages/airflow/example_dags/example_latest_only.py
[2025-12-13T10:29:35.996+0000] {processor.py:914} INFO - Processing file /home/airflow/.local/lib/python3.12/site-packages/airflow/example_dags/example_latest_only.py for tasks to queue
[2025-12-13T10:29:36.000+0000] {logging_mixin.py:190} INFO - [2025-12-13T10:29:35.999+0000] {dagbag.py:588} INFO - Filling up the DagBag from /home/airflow/.local/lib/python3.12/site-packages/airflow/example_dags/example_latest_only.py
[2025-12-13T10:29:36.011+0000] {processor.py:925} INFO - DAG(s) 'latest_only' retrieved from /home/airflow/.local/lib/python3.12/site-packages/airflow/example_dags/example_latest_only.py
[2025-12-13T10:29:36.046+0000] {logging_mixin.py:190} INFO - [2025-12-13T10:29:36.045+0000] {dag.py:3239} INFO - Sync 1 DAGs
[2025-12-13T10:29:36.095+0000] {logging_mixin.py:190} INFO - [2025-12-13T10:29:36.095+0000] {dag.py:4180} INFO - Setting next_dagrun for latest_only to 2025-12-13 04:00:00+00:00, run_after=2025-12-13 08:00:00+00:00
[2025-12-13T10:29:36.130+0000] {processor.py:208} INFO - Processing /home/airflow/.local/lib/python3.12/site-packages/airflow/example_dags/example_latest_only.py took 0.147 seconds
[2025-12-13T10:30:06.945+0000] {processor.py:186} INFO - Started process (PID=1778) to work on /home/airflow/.local/lib/python3.12/site-packages/airflow/example_dags/example_latest_only.py
[2025-12-13T10:30:06.947+0000] {processor.py:914} INFO - Processing file /home/airflow/.local/lib/python3.12/site-packages/airflow/example_dags/example_latest_only.py for tasks to queue
[2025-12-13T10:30:06.952+0000] {logging_mixin.py:190} INFO - [2025-12-13T10:30:06.951+0000] {dagbag.py:588} INFO - Filling up the DagBag from /home/airflow/.local/lib/python3.12/site-packages/airflow/example_dags/example_latest_only.py
[2025-12-13T10:30:06.965+0000] {processor.py:925} INFO - DAG(s) 'latest_only' retrieved from /home/airflow/.local/lib/python3.12/site-packages/airflow/example_dags/example_latest_only.py
[2025-12-13T10:30:07.004+0000] {logging_mixin.py:190} INFO - [2025-12-13T10:30:07.004+0000] {dag.py:3239} INFO - Sync 1 DAGs
[2025-12-13T10:30:07.055+0000] {logging_mixin.py:190} INFO - [2025-12-13T10:30:07.055+0000] {dag.py:4180} INFO - Setting next_dagrun for latest_only to 2025-12-13 04:00:00+00:00, run_after=2025-12-13 08:00:00+00:00
[2025-12-13T10:30:07.091+0000] {processor.py:208} INFO - Processing /home/airflow/.local/lib/python3.12/site-packages/airflow/example_dags/example_latest_only.py took 0.157 seconds
[2025-12-13T10:30:37.257+0000] {processor.py:186} INFO - Started process (PID=1841) to work on /home/airflow/.local/lib/python3.12/site-packages/airflow/example_dags/example_latest_only.py
[2025-12-13T10:30:37.260+0000] {processor.py:914} INFO - Processing file /home/airflow/.local/lib/python3.12/site-packages/airflow/example_dags/example_latest_only.py for tasks to queue
[2025-12-13T10:30:37.265+0000] {logging_mixin.py:190} INFO - [2025-12-13T10:30:37.264+0000] {dagbag.py:588} INFO - Filling up the DagBag from /home/airflow/.local/lib/python3.12/site-packages/airflow/example_dags/example_latest_only.py
[2025-12-13T10:30:37.278+0000] {processor.py:925} INFO - DAG(s) 'latest_only' retrieved from /home/airflow/.local/lib/python3.12/site-packages/airflow/example_dags/example_latest_only.py
[2025-12-13T10:30:37.327+0000] {logging_mixin.py:190} INFO - [2025-12-13T10:30:37.327+0000] {dag.py:3239} INFO - Sync 1 DAGs
[2025-12-13T10:30:37.383+0000] {logging_mixin.py:190} INFO - [2025-12-13T10:30:37.382+0000] {dag.py:4180} INFO - Setting next_dagrun for latest_only to 2025-12-13 04:00:00+00:00, run_after=2025-12-13 08:00:00+00:00
[2025-12-13T10:30:37.412+0000] {processor.py:208} INFO - Processing /home/airflow/.local/lib/python3.12/site-packages/airflow/example_dags/example_latest_only.py took 0.170 seconds
[2025-12-13T10:31:08.241+0000] {processor.py:186} INFO - Started process (PID=1904) to work on /home/airflow/.local/lib/python3.12/site-packages/airflow/example_dags/example_latest_only.py
[2025-12-13T10:31:08.244+0000] {processor.py:914} INFO - Processing file /home/airflow/.local/lib/python3.12/site-packages/airflow/example_dags/example_latest_only.py for tasks to queue
[2025-12-13T10:31:08.252+0000] {logging_mixin.py:190} INFO - [2025-12-13T10:31:08.251+0000] {dagbag.py:588} INFO - Filling up the DagBag from /home/airflow/.local/lib/python3.12/site-packages/airflow/example_dags/example_latest_only.py
[2025-12-13T10:31:08.266+0000] {processor.py:925} INFO - DAG(s) 'latest_only' retrieved from /home/airflow/.local/lib/python3.12/site-packages/airflow/example_dags/example_latest_only.py
[2025-12-13T10:31:08.307+0000] {logging_mixin.py:190} INFO - [2025-12-13T10:31:08.307+0000] {dag.py:3239} INFO - Sync 1 DAGs
[2025-12-13T10:31:08.384+0000] {logging_mixin.py:190} INFO - [2025-12-13T10:31:08.384+0000] {dag.py:4180} INFO - Setting next_dagrun for latest_only to 2025-12-13 04:00:00+00:00, run_after=2025-12-13 08:00:00+00:00
[2025-12-13T10:31:08.444+0000] {processor.py:208} INFO - Processing /home/airflow/.local/lib/python3.12/site-packages/airflow/example_dags/example_latest_only.py took 0.219 seconds
[2025-12-13T10:31:39.162+0000] {processor.py:186} INFO - Started process (PID=1967) to work on /home/airflow/.local/lib/python3.12/site-packages/airflow/example_dags/example_latest_only.py
[2025-12-13T10:31:39.163+0000] {processor.py:914} INFO - Processing file /home/airflow/.local/lib/python3.12/site-packages/airflow/example_dags/example_latest_only.py for tasks to queue
[2025-12-13T10:31:39.167+0000] {logging_mixin.py:190} INFO - [2025-12-13T10:31:39.167+0000] {dagbag.py:588} INFO - Filling up the DagBag from /home/airflow/.local/lib/python3.12/site-packages/airflow/example_dags/example_latest_only.py
[2025-12-13T10:31:39.179+0000] {processor.py:925} INFO - DAG(s) 'latest_only' retrieved from /home/airflow/.local/lib/python3.12/site-packages/airflow/example_dags/example_latest_only.py
[2025-12-13T10:31:39.216+0000] {logging_mixin.py:190} INFO - [2025-12-13T10:31:39.215+0000] {dag.py:3239} INFO - Sync 1 DAGs
[2025-12-13T10:31:39.270+0000] {logging_mixin.py:190} INFO - [2025-12-13T10:31:39.270+0000] {dag.py:4180} INFO - Setting next_dagrun for latest_only to 2025-12-13 04:00:00+00:00, run_after=2025-12-13 08:00:00+00:00
[2025-12-13T10:31:39.303+0000] {processor.py:208} INFO - Processing /home/airflow/.local/lib/python3.12/site-packages/airflow/example_dags/example_latest_only.py took 0.154 seconds
[2025-12-13T10:32:09.520+0000] {processor.py:186} INFO - Started process (PID=2030) to work on /home/airflow/.local/lib/python3.12/site-packages/airflow/example_dags/example_latest_only.py
[2025-12-13T10:32:09.522+0000] {processor.py:914} INFO - Processing file /home/airflow/.local/lib/python3.12/site-packages/airflow/example_dags/example_latest_only.py for tasks to queue
[2025-12-13T10:32:09.526+0000] {logging_mixin.py:190} INFO - [2025-12-13T10:32:09.525+0000] {dagbag.py:588} INFO - Filling up the DagBag from /home/airflow/.local/lib/python3.12/site-packages/airflow/example_dags/example_latest_only.py
[2025-12-13T10:32:09.541+0000] {processor.py:925} INFO - DAG(s) 'latest_only' retrieved from /home/airflow/.local/lib/python3.12/site-packages/airflow/example_dags/example_latest_only.py
[2025-12-13T10:32:09.639+0000] {logging_mixin.py:190} INFO - [2025-12-13T10:32:09.638+0000] {dag.py:3239} INFO - Sync 1 DAGs
[2025-12-13T10:32:09.712+0000] {logging_mixin.py:190} INFO - [2025-12-13T10:32:09.711+0000] {dag.py:4180} INFO - Setting next_dagrun for latest_only to 2025-12-13 04:00:00+00:00, run_after=2025-12-13 08:00:00+00:00
[2025-12-13T10:32:09.752+0000] {processor.py:208} INFO - Processing /home/airflow/.local/lib/python3.12/site-packages/airflow/example_dags/example_latest_only.py took 0.265 seconds
[2025-12-13T10:32:40.072+0000] {processor.py:186} INFO - Started process (PID=2093) to work on /home/airflow/.local/lib/python3.12/site-packages/airflow/example_dags/example_latest_only.py
[2025-12-13T10:32:40.084+0000] {processor.py:914} INFO - Processing file /home/airflow/.local/lib/python3.12/site-packages/airflow/example_dags/example_latest_only.py for tasks to queue
[2025-12-13T10:32:40.102+0000] {logging_mixin.py:190} INFO - [2025-12-13T10:32:40.101+0000] {dagbag.py:588} INFO - Filling up the DagBag from /home/airflow/.local/lib/python3.12/site-packages/airflow/example_dags/example_latest_only.py
[2025-12-13T10:32:40.151+0000] {processor.py:925} INFO - DAG(s) 'latest_only' retrieved from /home/airflow/.local/lib/python3.12/site-packages/airflow/example_dags/example_latest_only.py
[2025-12-13T10:32:40.264+0000] {logging_mixin.py:190} INFO - [2025-12-13T10:32:40.263+0000] {dag.py:3239} INFO - Sync 1 DAGs
[2025-12-13T10:32:40.390+0000] {logging_mixin.py:190} INFO - [2025-12-13T10:32:40.389+0000] {dag.py:4180} INFO - Setting next_dagrun for latest_only to 2025-12-13 04:00:00+00:00, run_after=2025-12-13 08:00:00+00:00
[2025-12-13T10:32:40.474+0000] {processor.py:208} INFO - Processing /home/airflow/.local/lib/python3.12/site-packages/airflow/example_dags/example_latest_only.py took 0.431 seconds
[2025-12-13T10:33:10.733+0000] {processor.py:186} INFO - Started process (PID=2157) to work on /home/airflow/.local/lib/python3.12/site-packages/airflow/example_dags/example_latest_only.py
[2025-12-13T10:33:10.735+0000] {processor.py:914} INFO - Processing file /home/airflow/.local/lib/python3.12/site-packages/airflow/example_dags/example_latest_only.py for tasks to queue
[2025-12-13T10:33:10.740+0000] {logging_mixin.py:190} INFO - [2025-12-13T10:33:10.739+0000] {dagbag.py:588} INFO - Filling up the DagBag from /home/airflow/.local/lib/python3.12/site-packages/airflow/example_dags/example_latest_only.py
[2025-12-13T10:33:10.758+0000] {processor.py:925} INFO - DAG(s) 'latest_only' retrieved from /home/airflow/.local/lib/python3.12/site-packages/airflow/example_dags/example_latest_only.py
[2025-12-13T10:33:10.799+0000] {logging_mixin.py:190} INFO - [2025-12-13T10:33:10.798+0000] {dag.py:3239} INFO - Sync 1 DAGs
[2025-12-13T10:33:10.855+0000] {logging_mixin.py:190} INFO - [2025-12-13T10:33:10.855+0000] {dag.py:4180} INFO - Setting next_dagrun for latest_only to 2025-12-13 04:00:00+00:00, run_after=2025-12-13 08:00:00+00:00
[2025-12-13T10:33:10.886+0000] {processor.py:208} INFO - Processing /home/airflow/.local/lib/python3.12/site-packages/airflow/example_dags/example_latest_only.py took 0.170 seconds
[2025-12-13T10:33:41.470+0000] {processor.py:186} INFO - Started process (PID=2219) to work on /home/airflow/.local/lib/python3.12/site-packages/airflow/example_dags/example_latest_only.py
[2025-12-13T10:33:41.474+0000] {processor.py:914} INFO - Processing file /home/airflow/.local/lib/python3.12/site-packages/airflow/example_dags/example_latest_only.py for tasks to queue
[2025-12-13T10:33:41.483+0000] {logging_mixin.py:190} INFO - [2025-12-13T10:33:41.483+0000] {dagbag.py:588} INFO - Filling up the DagBag from /home/airflow/.local/lib/python3.12/site-packages/airflow/example_dags/example_latest_only.py
[2025-12-13T10:33:41.498+0000] {processor.py:925} INFO - DAG(s) 'latest_only' retrieved from /home/airflow/.local/lib/python3.12/site-packages/airflow/example_dags/example_latest_only.py
[2025-12-13T10:33:41.534+0000] {logging_mixin.py:190} INFO - [2025-12-13T10:33:41.534+0000] {dag.py:3239} INFO - Sync 1 DAGs
[2025-12-13T10:33:41.581+0000] {logging_mixin.py:190} INFO - [2025-12-13T10:33:41.581+0000] {dag.py:4180} INFO - Setting next_dagrun for latest_only to 2025-12-13 04:00:00+00:00, run_after=2025-12-13 08:00:00+00:00
[2025-12-13T10:33:41.614+0000] {processor.py:208} INFO - Processing /home/airflow/.local/lib/python3.12/site-packages/airflow/example_dags/example_latest_only.py took 0.158 seconds
[2025-12-13T10:34:12.234+0000] {processor.py:186} INFO - Started process (PID=2282) to work on /home/airflow/.local/lib/python3.12/site-packages/airflow/example_dags/example_latest_only.py
[2025-12-13T10:34:12.237+0000] {processor.py:914} INFO - Processing file /home/airflow/.local/lib/python3.12/site-packages/airflow/example_dags/example_latest_only.py for tasks to queue
[2025-12-13T10:34:12.247+0000] {logging_mixin.py:190} INFO - [2025-12-13T10:34:12.245+0000] {dagbag.py:588} INFO - Filling up the DagBag from /home/airflow/.local/lib/python3.12/site-packages/airflow/example_dags/example_latest_only.py
[2025-12-13T10:34:12.265+0000] {processor.py:925} INFO - DAG(s) 'latest_only' retrieved from /home/airflow/.local/lib/python3.12/site-packages/airflow/example_dags/example_latest_only.py
[2025-12-13T10:34:12.324+0000] {logging_mixin.py:190} INFO - [2025-12-13T10:34:12.323+0000] {dag.py:3239} INFO - Sync 1 DAGs
[2025-12-13T10:34:12.399+0000] {logging_mixin.py:190} INFO - [2025-12-13T10:34:12.399+0000] {dag.py:4180} INFO - Setting next_dagrun for latest_only to 2025-12-13 04:00:00+00:00, run_after=2025-12-13 08:00:00+00:00
[2025-12-13T10:34:12.442+0000] {processor.py:208} INFO - Processing /home/airflow/.local/lib/python3.12/site-packages/airflow/example_dags/example_latest_only.py took 0.223 seconds
[2025-12-13T10:34:42.610+0000] {processor.py:186} INFO - Started process (PID=2345) to work on /home/airflow/.local/lib/python3.12/site-packages/airflow/example_dags/example_latest_only.py
[2025-12-13T10:34:42.611+0000] {processor.py:914} INFO - Processing file /home/airflow/.local/lib/python3.12/site-packages/airflow/example_dags/example_latest_only.py for tasks to queue
[2025-12-13T10:34:42.616+0000] {logging_mixin.py:190} INFO - [2025-12-13T10:34:42.615+0000] {dagbag.py:588} INFO - Filling up the DagBag from /home/airflow/.local/lib/python3.12/site-packages/airflow/example_dags/example_latest_only.py
[2025-12-13T10:34:42.629+0000] {processor.py:925} INFO - DAG(s) 'latest_only' retrieved from /home/airflow/.local/lib/python3.12/site-packages/airflow/example_dags/example_latest_only.py
[2025-12-13T10:34:42.664+0000] {logging_mixin.py:190} INFO - [2025-12-13T10:34:42.663+0000] {dag.py:3239} INFO - Sync 1 DAGs
[2025-12-13T10:34:42.712+0000] {logging_mixin.py:190} INFO - [2025-12-13T10:34:42.711+0000] {dag.py:4180} INFO - Setting next_dagrun for latest_only to 2025-12-13 04:00:00+00:00, run_after=2025-12-13 08:00:00+00:00
[2025-12-13T10:34:42.744+0000] {processor.py:208} INFO - Processing /home/airflow/.local/lib/python3.12/site-packages/airflow/example_dags/example_latest_only.py took 0.148 seconds
[2025-12-13T10:35:13.421+0000] {processor.py:186} INFO - Started process (PID=2407) to work on /home/airflow/.local/lib/python3.12/site-packages/airflow/example_dags/example_latest_only.py
[2025-12-13T10:35:13.424+0000] {processor.py:914} INFO - Processing file /home/airflow/.local/lib/python3.12/site-packages/airflow/example_dags/example_latest_only.py for tasks to queue
[2025-12-13T10:35:13.437+0000] {logging_mixin.py:190} INFO - [2025-12-13T10:35:13.436+0000] {dagbag.py:588} INFO - Filling up the DagBag from /home/airflow/.local/lib/python3.12/site-packages/airflow/example_dags/example_latest_only.py
[2025-12-13T10:35:13.458+0000] {processor.py:925} INFO - DAG(s) 'latest_only' retrieved from /home/airflow/.local/lib/python3.12/site-packages/airflow/example_dags/example_latest_only.py
[2025-12-13T10:35:13.505+0000] {logging_mixin.py:190} INFO - [2025-12-13T10:35:13.504+0000] {dag.py:3239} INFO - Sync 1 DAGs
[2025-12-13T10:35:13.558+0000] {logging_mixin.py:190} INFO - [2025-12-13T10:35:13.558+0000] {dag.py:4180} INFO - Setting next_dagrun for latest_only to 2025-12-13 04:00:00+00:00, run_after=2025-12-13 08:00:00+00:00
[2025-12-13T10:35:13.608+0000] {processor.py:208} INFO - Processing /home/airflow/.local/lib/python3.12/site-packages/airflow/example_dags/example_latest_only.py took 0.205 seconds
[2025-12-13T10:35:43.823+0000] {processor.py:186} INFO - Started process (PID=2470) to work on /home/airflow/.local/lib/python3.12/site-packages/airflow/example_dags/example_latest_only.py
[2025-12-13T10:35:43.826+0000] {processor.py:914} INFO - Processing file /home/airflow/.local/lib/python3.12/site-packages/airflow/example_dags/example_latest_only.py for tasks to queue
[2025-12-13T10:35:43.834+0000] {logging_mixin.py:190} INFO - [2025-12-13T10:35:43.834+0000] {dagbag.py:588} INFO - Filling up the DagBag from /home/airflow/.local/lib/python3.12/site-packages/airflow/example_dags/example_latest_only.py
[2025-12-13T10:35:43.864+0000] {processor.py:925} INFO - DAG(s) 'latest_only' retrieved from /home/airflow/.local/lib/python3.12/site-packages/airflow/example_dags/example_latest_only.py
[2025-12-13T10:35:43.926+0000] {logging_mixin.py:190} INFO - [2025-12-13T10:35:43.926+0000] {dag.py:3239} INFO - Sync 1 DAGs
[2025-12-13T10:35:43.999+0000] {logging_mixin.py:190} INFO - [2025-12-13T10:35:43.998+0000] {dag.py:4180} INFO - Setting next_dagrun for latest_only to 2025-12-13 04:00:00+00:00, run_after=2025-12-13 08:00:00+00:00
[2025-12-13T10:35:44.046+0000] {processor.py:208} INFO - Processing /home/airflow/.local/lib/python3.12/site-packages/airflow/example_dags/example_latest_only.py took 0.245 seconds
[2025-12-13T10:36:14.720+0000] {processor.py:186} INFO - Started process (PID=2532) to work on /home/airflow/.local/lib/python3.12/site-packages/airflow/example_dags/example_latest_only.py
[2025-12-13T10:36:14.721+0000] {processor.py:914} INFO - Processing file /home/airflow/.local/lib/python3.12/site-packages/airflow/example_dags/example_latest_only.py for tasks to queue
[2025-12-13T10:36:14.726+0000] {logging_mixin.py:190} INFO - [2025-12-13T10:36:14.725+0000] {dagbag.py:588} INFO - Filling up the DagBag from /home/airflow/.local/lib/python3.12/site-packages/airflow/example_dags/example_latest_only.py
[2025-12-13T10:36:14.740+0000] {processor.py:925} INFO - DAG(s) 'latest_only' retrieved from /home/airflow/.local/lib/python3.12/site-packages/airflow/example_dags/example_latest_only.py
[2025-12-13T10:36:14.770+0000] {logging_mixin.py:190} INFO - [2025-12-13T10:36:14.769+0000] {dag.py:3239} INFO - Sync 1 DAGs
[2025-12-13T10:36:14.805+0000] {logging_mixin.py:190} INFO - [2025-12-13T10:36:14.805+0000] {dag.py:4180} INFO - Setting next_dagrun for latest_only to 2025-12-13 04:00:00+00:00, run_after=2025-12-13 08:00:00+00:00
[2025-12-13T10:36:14.842+0000] {processor.py:208} INFO - Processing /home/airflow/.local/lib/python3.12/site-packages/airflow/example_dags/example_latest_only.py took 0.134 seconds
[2025-12-13T10:36:45.409+0000] {processor.py:186} INFO - Started process (PID=2594) to work on /home/airflow/.local/lib/python3.12/site-packages/airflow/example_dags/example_latest_only.py
[2025-12-13T10:36:45.412+0000] {processor.py:914} INFO - Processing file /home/airflow/.local/lib/python3.12/site-packages/airflow/example_dags/example_latest_only.py for tasks to queue
[2025-12-13T10:36:45.418+0000] {logging_mixin.py:190} INFO - [2025-12-13T10:36:45.417+0000] {dagbag.py:588} INFO - Filling up the DagBag from /home/airflow/.local/lib/python3.12/site-packages/airflow/example_dags/example_latest_only.py
[2025-12-13T10:36:45.435+0000] {processor.py:925} INFO - DAG(s) 'latest_only' retrieved from /home/airflow/.local/lib/python3.12/site-packages/airflow/example_dags/example_latest_only.py
[2025-12-13T10:36:45.477+0000] {logging_mixin.py:190} INFO - [2025-12-13T10:36:45.477+0000] {dag.py:3239} INFO - Sync 1 DAGs
[2025-12-13T10:36:45.546+0000] {logging_mixin.py:190} INFO - [2025-12-13T10:36:45.546+0000] {dag.py:4180} INFO - Setting next_dagrun for latest_only to 2025-12-13 04:00:00+00:00, run_after=2025-12-13 08:00:00+00:00
[2025-12-13T10:36:45.596+0000] {processor.py:208} INFO - Processing /home/airflow/.local/lib/python3.12/site-packages/airflow/example_dags/example_latest_only.py took 0.202 seconds
[2025-12-13T10:37:16.227+0000] {processor.py:186} INFO - Started process (PID=2657) to work on /home/airflow/.local/lib/python3.12/site-packages/airflow/example_dags/example_latest_only.py
[2025-12-13T10:37:16.228+0000] {processor.py:914} INFO - Processing file /home/airflow/.local/lib/python3.12/site-packages/airflow/example_dags/example_latest_only.py for tasks to queue
[2025-12-13T10:37:16.233+0000] {logging_mixin.py:190} INFO - [2025-12-13T10:37:16.232+0000] {dagbag.py:588} INFO - Filling up the DagBag from /home/airflow/.local/lib/python3.12/site-packages/airflow/example_dags/example_latest_only.py
[2025-12-13T10:37:16.252+0000] {processor.py:925} INFO - DAG(s) 'latest_only' retrieved from /home/airflow/.local/lib/python3.12/site-packages/airflow/example_dags/example_latest_only.py
[2025-12-13T10:37:16.313+0000] {logging_mixin.py:190} INFO - [2025-12-13T10:37:16.313+0000] {dag.py:3239} INFO - Sync 1 DAGs
[2025-12-13T10:37:16.381+0000] {logging_mixin.py:190} INFO - [2025-12-13T10:37:16.381+0000] {dag.py:4180} INFO - Setting next_dagrun for latest_only to 2025-12-13 04:00:00+00:00, run_after=2025-12-13 08:00:00+00:00
[2025-12-13T10:37:16.417+0000] {processor.py:208} INFO - Processing /home/airflow/.local/lib/python3.12/site-packages/airflow/example_dags/example_latest_only.py took 0.201 seconds
[2025-12-13T10:37:46.631+0000] {processor.py:186} INFO - Started process (PID=2720) to work on /home/airflow/.local/lib/python3.12/site-packages/airflow/example_dags/example_latest_only.py
[2025-12-13T10:37:46.634+0000] {processor.py:914} INFO - Processing file /home/airflow/.local/lib/python3.12/site-packages/airflow/example_dags/example_latest_only.py for tasks to queue
[2025-12-13T10:37:46.646+0000] {logging_mixin.py:190} INFO - [2025-12-13T10:37:46.643+0000] {dagbag.py:588} INFO - Filling up the DagBag from /home/airflow/.local/lib/python3.12/site-packages/airflow/example_dags/example_latest_only.py
[2025-12-13T10:37:46.667+0000] {processor.py:925} INFO - DAG(s) 'latest_only' retrieved from /home/airflow/.local/lib/python3.12/site-packages/airflow/example_dags/example_latest_only.py
[2025-12-13T10:37:46.719+0000] {logging_mixin.py:190} INFO - [2025-12-13T10:37:46.719+0000] {dag.py:3239} INFO - Sync 1 DAGs
[2025-12-13T10:37:46.783+0000] {logging_mixin.py:190} INFO - [2025-12-13T10:37:46.783+0000] {dag.py:4180} INFO - Setting next_dagrun for latest_only to 2025-12-13 04:00:00+00:00, run_after=2025-12-13 08:00:00+00:00
[2025-12-13T10:37:46.839+0000] {processor.py:208} INFO - Processing /home/airflow/.local/lib/python3.12/site-packages/airflow/example_dags/example_latest_only.py took 0.224 seconds
[2025-12-13T10:38:18.411+0000] {processor.py:186} INFO - Started process (PID=2783) to work on /home/airflow/.local/lib/python3.12/site-packages/airflow/example_dags/example_latest_only.py
[2025-12-13T10:38:18.413+0000] {processor.py:914} INFO - Processing file /home/airflow/.local/lib/python3.12/site-packages/airflow/example_dags/example_latest_only.py for tasks to queue
[2025-12-13T10:38:18.418+0000] {logging_mixin.py:190} INFO - [2025-12-13T10:38:18.417+0000] {dagbag.py:588} INFO - Filling up the DagBag from /home/airflow/.local/lib/python3.12/site-packages/airflow/example_dags/example_latest_only.py
[2025-12-13T10:38:18.434+0000] {processor.py:925} INFO - DAG(s) 'latest_only' retrieved from /home/airflow/.local/lib/python3.12/site-packages/airflow/example_dags/example_latest_only.py
[2025-12-13T10:38:18.494+0000] {logging_mixin.py:190} INFO - [2025-12-13T10:38:18.494+0000] {dag.py:3239} INFO - Sync 1 DAGs
[2025-12-13T10:38:18.578+0000] {logging_mixin.py:190} INFO - [2025-12-13T10:38:18.577+0000] {dag.py:4180} INFO - Setting next_dagrun for latest_only to 2025-12-13 04:00:00+00:00, run_after=2025-12-13 08:00:00+00:00
[2025-12-13T10:38:18.703+0000] {processor.py:208} INFO - Processing /home/airflow/.local/lib/python3.12/site-packages/airflow/example_dags/example_latest_only.py took 0.310 seconds
[2025-12-13T10:38:49.572+0000] {processor.py:186} INFO - Started process (PID=2853) to work on /home/airflow/.local/lib/python3.12/site-packages/airflow/example_dags/example_latest_only.py
[2025-12-13T10:38:49.573+0000] {processor.py:914} INFO - Processing file /home/airflow/.local/lib/python3.12/site-packages/airflow/example_dags/example_latest_only.py for tasks to queue
[2025-12-13T10:38:49.577+0000] {logging_mixin.py:190} INFO - [2025-12-13T10:38:49.577+0000] {dagbag.py:588} INFO - Filling up the DagBag from /home/airflow/.local/lib/python3.12/site-packages/airflow/example_dags/example_latest_only.py
[2025-12-13T10:38:49.591+0000] {processor.py:925} INFO - DAG(s) 'latest_only' retrieved from /home/airflow/.local/lib/python3.12/site-packages/airflow/example_dags/example_latest_only.py
[2025-12-13T10:38:49.642+0000] {logging_mixin.py:190} INFO - [2025-12-13T10:38:49.642+0000] {dag.py:3239} INFO - Sync 1 DAGs
[2025-12-13T10:38:49.694+0000] {logging_mixin.py:190} INFO - [2025-12-13T10:38:49.694+0000] {dag.py:4180} INFO - Setting next_dagrun for latest_only to 2025-12-13 04:00:00+00:00, run_after=2025-12-13 08:00:00+00:00
[2025-12-13T10:38:49.729+0000] {processor.py:208} INFO - Processing /home/airflow/.local/lib/python3.12/site-packages/airflow/example_dags/example_latest_only.py took 0.172 seconds
[2025-12-13T10:39:20.125+0000] {processor.py:186} INFO - Started process (PID=2916) to work on /home/airflow/.local/lib/python3.12/site-packages/airflow/example_dags/example_latest_only.py
[2025-12-13T10:39:20.127+0000] {processor.py:914} INFO - Processing file /home/airflow/.local/lib/python3.12/site-packages/airflow/example_dags/example_latest_only.py for tasks to queue
[2025-12-13T10:39:20.131+0000] {logging_mixin.py:190} INFO - [2025-12-13T10:39:20.131+0000] {dagbag.py:588} INFO - Filling up the DagBag from /home/airflow/.local/lib/python3.12/site-packages/airflow/example_dags/example_latest_only.py
[2025-12-13T10:39:20.144+0000] {processor.py:925} INFO - DAG(s) 'latest_only' retrieved from /home/airflow/.local/lib/python3.12/site-packages/airflow/example_dags/example_latest_only.py
[2025-12-13T10:39:20.181+0000] {logging_mixin.py:190} INFO - [2025-12-13T10:39:20.181+0000] {dag.py:3239} INFO - Sync 1 DAGs
[2025-12-13T10:39:20.530+0000] {logging_mixin.py:190} INFO - [2025-12-13T10:39:20.530+0000] {dag.py:4180} INFO - Setting next_dagrun for latest_only to 2025-12-13 04:00:00+00:00, run_after=2025-12-13 08:00:00+00:00
[2025-12-13T10:39:20.562+0000] {processor.py:208} INFO - Processing /home/airflow/.local/lib/python3.12/site-packages/airflow/example_dags/example_latest_only.py took 0.450 seconds
[2025-12-13T10:39:50.729+0000] {processor.py:186} INFO - Started process (PID=2979) to work on /home/airflow/.local/lib/python3.12/site-packages/airflow/example_dags/example_latest_only.py
[2025-12-13T10:39:50.733+0000] {processor.py:914} INFO - Processing file /home/airflow/.local/lib/python3.12/site-packages/airflow/example_dags/example_latest_only.py for tasks to queue
[2025-12-13T10:39:50.736+0000] {logging_mixin.py:190} INFO - [2025-12-13T10:39:50.736+0000] {dagbag.py:588} INFO - Filling up the DagBag from /home/airflow/.local/lib/python3.12/site-packages/airflow/example_dags/example_latest_only.py
[2025-12-13T10:39:50.749+0000] {processor.py:925} INFO - DAG(s) 'latest_only' retrieved from /home/airflow/.local/lib/python3.12/site-packages/airflow/example_dags/example_latest_only.py
[2025-12-13T10:39:50.788+0000] {logging_mixin.py:190} INFO - [2025-12-13T10:39:50.787+0000] {dag.py:3239} INFO - Sync 1 DAGs
[2025-12-13T10:39:51.102+0000] {logging_mixin.py:190} INFO - [2025-12-13T10:39:51.101+0000] {dag.py:4180} INFO - Setting next_dagrun for latest_only to 2025-12-13 04:00:00+00:00, run_after=2025-12-13 08:00:00+00:00
[2025-12-13T10:39:51.130+0000] {processor.py:208} INFO - Processing /home/airflow/.local/lib/python3.12/site-packages/airflow/example_dags/example_latest_only.py took 0.412 seconds
[2025-12-13T10:40:21.408+0000] {processor.py:186} INFO - Started process (PID=3042) to work on /home/airflow/.local/lib/python3.12/site-packages/airflow/example_dags/example_latest_only.py
[2025-12-13T10:40:21.409+0000] {processor.py:914} INFO - Processing file /home/airflow/.local/lib/python3.12/site-packages/airflow/example_dags/example_latest_only.py for tasks to queue
[2025-12-13T10:40:21.413+0000] {logging_mixin.py:190} INFO - [2025-12-13T10:40:21.413+0000] {dagbag.py:588} INFO - Filling up the DagBag from /home/airflow/.local/lib/python3.12/site-packages/airflow/example_dags/example_latest_only.py
[2025-12-13T10:40:21.429+0000] {processor.py:925} INFO - DAG(s) 'latest_only' retrieved from /home/airflow/.local/lib/python3.12/site-packages/airflow/example_dags/example_latest_only.py
[2025-12-13T10:40:21.479+0000] {logging_mixin.py:190} INFO - [2025-12-13T10:40:21.478+0000] {dag.py:3239} INFO - Sync 1 DAGs
[2025-12-13T10:40:21.537+0000] {logging_mixin.py:190} INFO - [2025-12-13T10:40:21.536+0000] {dag.py:4180} INFO - Setting next_dagrun for latest_only to 2025-12-13 04:00:00+00:00, run_after=2025-12-13 08:00:00+00:00
[2025-12-13T10:40:21.581+0000] {processor.py:208} INFO - Processing /home/airflow/.local/lib/python3.12/site-packages/airflow/example_dags/example_latest_only.py took 0.189 seconds
[2025-12-13T10:40:52.041+0000] {processor.py:186} INFO - Started process (PID=3105) to work on /home/airflow/.local/lib/python3.12/site-packages/airflow/example_dags/example_latest_only.py
[2025-12-13T10:40:52.042+0000] {processor.py:914} INFO - Processing file /home/airflow/.local/lib/python3.12/site-packages/airflow/example_dags/example_latest_only.py for tasks to queue
[2025-12-13T10:40:52.052+0000] {logging_mixin.py:190} INFO - [2025-12-13T10:40:52.050+0000] {dagbag.py:588} INFO - Filling up the DagBag from /home/airflow/.local/lib/python3.12/site-packages/airflow/example_dags/example_latest_only.py
[2025-12-13T10:40:52.080+0000] {processor.py:925} INFO - DAG(s) 'latest_only' retrieved from /home/airflow/.local/lib/python3.12/site-packages/airflow/example_dags/example_latest_only.py
[2025-12-13T10:40:52.189+0000] {logging_mixin.py:190} INFO - [2025-12-13T10:40:52.188+0000] {dag.py:3239} INFO - Sync 1 DAGs
[2025-12-13T10:40:52.302+0000] {logging_mixin.py:190} INFO - [2025-12-13T10:40:52.299+0000] {dag.py:4180} INFO - Setting next_dagrun for latest_only to 2025-12-13 04:00:00+00:00, run_after=2025-12-13 08:00:00+00:00
[2025-12-13T10:40:52.370+0000] {processor.py:208} INFO - Processing /home/airflow/.local/lib/python3.12/site-packages/airflow/example_dags/example_latest_only.py took 0.364 seconds
[2025-12-13T10:41:22.950+0000] {processor.py:186} INFO - Started process (PID=3168) to work on /home/airflow/.local/lib/python3.12/site-packages/airflow/example_dags/example_latest_only.py
[2025-12-13T10:41:22.952+0000] {processor.py:914} INFO - Processing file /home/airflow/.local/lib/python3.12/site-packages/airflow/example_dags/example_latest_only.py for tasks to queue
[2025-12-13T10:41:22.958+0000] {logging_mixin.py:190} INFO - [2025-12-13T10:41:22.957+0000] {dagbag.py:588} INFO - Filling up the DagBag from /home/airflow/.local/lib/python3.12/site-packages/airflow/example_dags/example_latest_only.py
[2025-12-13T10:41:22.970+0000] {processor.py:925} INFO - DAG(s) 'latest_only' retrieved from /home/airflow/.local/lib/python3.12/site-packages/airflow/example_dags/example_latest_only.py
[2025-12-13T10:41:23.006+0000] {logging_mixin.py:190} INFO - [2025-12-13T10:41:23.006+0000] {dag.py:3239} INFO - Sync 1 DAGs
[2025-12-13T10:41:23.063+0000] {logging_mixin.py:190} INFO - [2025-12-13T10:41:23.063+0000] {dag.py:4180} INFO - Setting next_dagrun for latest_only to 2025-12-13 04:00:00+00:00, run_after=2025-12-13 08:00:00+00:00
[2025-12-13T10:41:23.097+0000] {processor.py:208} INFO - Processing /home/airflow/.local/lib/python3.12/site-packages/airflow/example_dags/example_latest_only.py took 0.165 seconds
[2025-12-13T10:41:54.108+0000] {processor.py:186} INFO - Started process (PID=3231) to work on /home/airflow/.local/lib/python3.12/site-packages/airflow/example_dags/example_latest_only.py
[2025-12-13T10:41:54.111+0000] {processor.py:914} INFO - Processing file /home/airflow/.local/lib/python3.12/site-packages/airflow/example_dags/example_latest_only.py for tasks to queue
[2025-12-13T10:41:54.120+0000] {logging_mixin.py:190} INFO - [2025-12-13T10:41:54.118+0000] {dagbag.py:588} INFO - Filling up the DagBag from /home/airflow/.local/lib/python3.12/site-packages/airflow/example_dags/example_latest_only.py
[2025-12-13T10:41:54.131+0000] {processor.py:925} INFO - DAG(s) 'latest_only' retrieved from /home/airflow/.local/lib/python3.12/site-packages/airflow/example_dags/example_latest_only.py
[2025-12-13T10:41:54.170+0000] {logging_mixin.py:190} INFO - [2025-12-13T10:41:54.170+0000] {dag.py:3239} INFO - Sync 1 DAGs
[2025-12-13T10:41:54.228+0000] {logging_mixin.py:190} INFO - [2025-12-13T10:41:54.227+0000] {dag.py:4180} INFO - Setting next_dagrun for latest_only to 2025-12-13 04:00:00+00:00, run_after=2025-12-13 08:00:00+00:00
[2025-12-13T10:41:54.265+0000] {processor.py:208} INFO - Processing /home/airflow/.local/lib/python3.12/site-packages/airflow/example_dags/example_latest_only.py took 0.171 seconds
[2025-12-13T10:42:24.834+0000] {processor.py:186} INFO - Started process (PID=3294) to work on /home/airflow/.local/lib/python3.12/site-packages/airflow/example_dags/example_latest_only.py
[2025-12-13T10:42:24.835+0000] {processor.py:914} INFO - Processing file /home/airflow/.local/lib/python3.12/site-packages/airflow/example_dags/example_latest_only.py for tasks to queue
[2025-12-13T10:42:24.841+0000] {logging_mixin.py:190} INFO - [2025-12-13T10:42:24.840+0000] {dagbag.py:588} INFO - Filling up the DagBag from /home/airflow/.local/lib/python3.12/site-packages/airflow/example_dags/example_latest_only.py
[2025-12-13T10:42:24.857+0000] {processor.py:925} INFO - DAG(s) 'latest_only' retrieved from /home/airflow/.local/lib/python3.12/site-packages/airflow/example_dags/example_latest_only.py
[2025-12-13T10:42:24.902+0000] {logging_mixin.py:190} INFO - [2025-12-13T10:42:24.902+0000] {dag.py:3239} INFO - Sync 1 DAGs
[2025-12-13T10:42:24.959+0000] {logging_mixin.py:190} INFO - [2025-12-13T10:42:24.958+0000] {dag.py:4180} INFO - Setting next_dagrun for latest_only to 2025-12-13 04:00:00+00:00, run_after=2025-12-13 08:00:00+00:00
[2025-12-13T10:42:25.000+0000] {processor.py:208} INFO - Processing /home/airflow/.local/lib/python3.12/site-packages/airflow/example_dags/example_latest_only.py took 0.178 seconds
[2025-12-13T10:42:55.089+0000] {processor.py:186} INFO - Started process (PID=3356) to work on /home/airflow/.local/lib/python3.12/site-packages/airflow/example_dags/example_latest_only.py
[2025-12-13T10:42:55.094+0000] {processor.py:914} INFO - Processing file /home/airflow/.local/lib/python3.12/site-packages/airflow/example_dags/example_latest_only.py for tasks to queue
[2025-12-13T10:42:55.101+0000] {logging_mixin.py:190} INFO - [2025-12-13T10:42:55.100+0000] {dagbag.py:588} INFO - Filling up the DagBag from /home/airflow/.local/lib/python3.12/site-packages/airflow/example_dags/example_latest_only.py
[2025-12-13T10:42:55.128+0000] {processor.py:925} INFO - DAG(s) 'latest_only' retrieved from /home/airflow/.local/lib/python3.12/site-packages/airflow/example_dags/example_latest_only.py
[2025-12-13T10:42:55.197+0000] {logging_mixin.py:190} INFO - [2025-12-13T10:42:55.196+0000] {dag.py:3239} INFO - Sync 1 DAGs
[2025-12-13T10:42:55.251+0000] {logging_mixin.py:190} INFO - [2025-12-13T10:42:55.250+0000] {dag.py:4180} INFO - Setting next_dagrun for latest_only to 2025-12-13 04:00:00+00:00, run_after=2025-12-13 08:00:00+00:00
[2025-12-13T10:42:55.292+0000] {processor.py:208} INFO - Processing /home/airflow/.local/lib/python3.12/site-packages/airflow/example_dags/example_latest_only.py took 0.216 seconds
[2025-12-13T10:43:26.058+0000] {processor.py:186} INFO - Started process (PID=3417) to work on /home/airflow/.local/lib/python3.12/site-packages/airflow/example_dags/example_latest_only.py
[2025-12-13T10:43:26.062+0000] {processor.py:914} INFO - Processing file /home/airflow/.local/lib/python3.12/site-packages/airflow/example_dags/example_latest_only.py for tasks to queue
[2025-12-13T10:43:26.069+0000] {logging_mixin.py:190} INFO - [2025-12-13T10:43:26.068+0000] {dagbag.py:588} INFO - Filling up the DagBag from /home/airflow/.local/lib/python3.12/site-packages/airflow/example_dags/example_latest_only.py
[2025-12-13T10:43:26.099+0000] {processor.py:925} INFO - DAG(s) 'latest_only' retrieved from /home/airflow/.local/lib/python3.12/site-packages/airflow/example_dags/example_latest_only.py
[2025-12-13T10:43:26.146+0000] {logging_mixin.py:190} INFO - [2025-12-13T10:43:26.146+0000] {dag.py:3239} INFO - Sync 1 DAGs
[2025-12-13T10:43:26.203+0000] {logging_mixin.py:190} INFO - [2025-12-13T10:43:26.203+0000] {dag.py:4180} INFO - Setting next_dagrun for latest_only to 2025-12-13 04:00:00+00:00, run_after=2025-12-13 08:00:00+00:00
[2025-12-13T10:43:26.256+0000] {processor.py:208} INFO - Processing /home/airflow/.local/lib/python3.12/site-packages/airflow/example_dags/example_latest_only.py took 0.212 seconds
[2025-12-13T10:43:56.776+0000] {processor.py:186} INFO - Started process (PID=3480) to work on /home/airflow/.local/lib/python3.12/site-packages/airflow/example_dags/example_latest_only.py
[2025-12-13T10:43:56.778+0000] {processor.py:914} INFO - Processing file /home/airflow/.local/lib/python3.12/site-packages/airflow/example_dags/example_latest_only.py for tasks to queue
[2025-12-13T10:43:56.783+0000] {logging_mixin.py:190} INFO - [2025-12-13T10:43:56.782+0000] {dagbag.py:588} INFO - Filling up the DagBag from /home/airflow/.local/lib/python3.12/site-packages/airflow/example_dags/example_latest_only.py
[2025-12-13T10:43:56.797+0000] {processor.py:925} INFO - DAG(s) 'latest_only' retrieved from /home/airflow/.local/lib/python3.12/site-packages/airflow/example_dags/example_latest_only.py
[2025-12-13T10:43:56.839+0000] {logging_mixin.py:190} INFO - [2025-12-13T10:43:56.839+0000] {dag.py:3239} INFO - Sync 1 DAGs
[2025-12-13T10:43:56.893+0000] {logging_mixin.py:190} INFO - [2025-12-13T10:43:56.892+0000] {dag.py:4180} INFO - Setting next_dagrun for latest_only to 2025-12-13 04:00:00+00:00, run_after=2025-12-13 08:00:00+00:00
[2025-12-13T10:43:56.929+0000] {processor.py:208} INFO - Processing /home/airflow/.local/lib/python3.12/site-packages/airflow/example_dags/example_latest_only.py took 0.166 seconds
[2025-12-13T10:44:28.051+0000] {processor.py:186} INFO - Started process (PID=3543) to work on /home/airflow/.local/lib/python3.12/site-packages/airflow/example_dags/example_latest_only.py
[2025-12-13T10:44:28.053+0000] {processor.py:914} INFO - Processing file /home/airflow/.local/lib/python3.12/site-packages/airflow/example_dags/example_latest_only.py for tasks to queue
[2025-12-13T10:44:28.063+0000] {logging_mixin.py:190} INFO - [2025-12-13T10:44:28.061+0000] {dagbag.py:588} INFO - Filling up the DagBag from /home/airflow/.local/lib/python3.12/site-packages/airflow/example_dags/example_latest_only.py
[2025-12-13T10:44:28.091+0000] {processor.py:925} INFO - DAG(s) 'latest_only' retrieved from /home/airflow/.local/lib/python3.12/site-packages/airflow/example_dags/example_latest_only.py
[2025-12-13T10:44:28.177+0000] {logging_mixin.py:190} INFO - [2025-12-13T10:44:28.176+0000] {dag.py:3239} INFO - Sync 1 DAGs
[2025-12-13T10:44:28.290+0000] {logging_mixin.py:190} INFO - [2025-12-13T10:44:28.289+0000] {dag.py:4180} INFO - Setting next_dagrun for latest_only to 2025-12-13 04:00:00+00:00, run_after=2025-12-13 08:00:00+00:00
[2025-12-13T10:44:28.362+0000] {processor.py:208} INFO - Processing /home/airflow/.local/lib/python3.12/site-packages/airflow/example_dags/example_latest_only.py took 0.339 seconds
[2025-12-13T10:44:59.192+0000] {processor.py:186} INFO - Started process (PID=3606) to work on /home/airflow/.local/lib/python3.12/site-packages/airflow/example_dags/example_latest_only.py
[2025-12-13T10:44:59.194+0000] {processor.py:914} INFO - Processing file /home/airflow/.local/lib/python3.12/site-packages/airflow/example_dags/example_latest_only.py for tasks to queue
[2025-12-13T10:44:59.201+0000] {logging_mixin.py:190} INFO - [2025-12-13T10:44:59.201+0000] {dagbag.py:588} INFO - Filling up the DagBag from /home/airflow/.local/lib/python3.12/site-packages/airflow/example_dags/example_latest_only.py
[2025-12-13T10:44:59.211+0000] {processor.py:925} INFO - DAG(s) 'latest_only' retrieved from /home/airflow/.local/lib/python3.12/site-packages/airflow/example_dags/example_latest_only.py
[2025-12-13T10:44:59.241+0000] {logging_mixin.py:190} INFO - [2025-12-13T10:44:59.241+0000] {dag.py:3239} INFO - Sync 1 DAGs
[2025-12-13T10:44:59.285+0000] {logging_mixin.py:190} INFO - [2025-12-13T10:44:59.285+0000] {dag.py:4180} INFO - Setting next_dagrun for latest_only to 2025-12-13 04:00:00+00:00, run_after=2025-12-13 08:00:00+00:00
[2025-12-13T10:44:59.316+0000] {processor.py:208} INFO - Processing /home/airflow/.local/lib/python3.12/site-packages/airflow/example_dags/example_latest_only.py took 0.135 seconds
[2025-12-13T10:45:29.725+0000] {processor.py:186} INFO - Started process (PID=3669) to work on /home/airflow/.local/lib/python3.12/site-packages/airflow/example_dags/example_latest_only.py
[2025-12-13T10:45:29.729+0000] {processor.py:914} INFO - Processing file /home/airflow/.local/lib/python3.12/site-packages/airflow/example_dags/example_latest_only.py for tasks to queue
[2025-12-13T10:45:29.736+0000] {logging_mixin.py:190} INFO - [2025-12-13T10:45:29.735+0000] {dagbag.py:588} INFO - Filling up the DagBag from /home/airflow/.local/lib/python3.12/site-packages/airflow/example_dags/example_latest_only.py
[2025-12-13T10:45:29.754+0000] {processor.py:925} INFO - DAG(s) 'latest_only' retrieved from /home/airflow/.local/lib/python3.12/site-packages/airflow/example_dags/example_latest_only.py
[2025-12-13T10:45:29.807+0000] {logging_mixin.py:190} INFO - [2025-12-13T10:45:29.807+0000] {dag.py:3239} INFO - Sync 1 DAGs
[2025-12-13T10:45:29.854+0000] {logging_mixin.py:190} INFO - [2025-12-13T10:45:29.853+0000] {dag.py:4180} INFO - Setting next_dagrun for latest_only to 2025-12-13 04:00:00+00:00, run_after=2025-12-13 08:00:00+00:00
[2025-12-13T10:45:29.888+0000] {processor.py:208} INFO - Processing /home/airflow/.local/lib/python3.12/site-packages/airflow/example_dags/example_latest_only.py took 0.180 seconds
[2025-12-13T10:46:00.285+0000] {processor.py:186} INFO - Started process (PID=3732) to work on /home/airflow/.local/lib/python3.12/site-packages/airflow/example_dags/example_latest_only.py
[2025-12-13T10:46:00.286+0000] {processor.py:914} INFO - Processing file /home/airflow/.local/lib/python3.12/site-packages/airflow/example_dags/example_latest_only.py for tasks to queue
[2025-12-13T10:46:00.294+0000] {logging_mixin.py:190} INFO - [2025-12-13T10:46:00.293+0000] {dagbag.py:588} INFO - Filling up the DagBag from /home/airflow/.local/lib/python3.12/site-packages/airflow/example_dags/example_latest_only.py
[2025-12-13T10:46:00.309+0000] {processor.py:925} INFO - DAG(s) 'latest_only' retrieved from /home/airflow/.local/lib/python3.12/site-packages/airflow/example_dags/example_latest_only.py
[2025-12-13T10:46:00.342+0000] {logging_mixin.py:190} INFO - [2025-12-13T10:46:00.342+0000] {dag.py:3239} INFO - Sync 1 DAGs
[2025-12-13T10:46:00.393+0000] {logging_mixin.py:190} INFO - [2025-12-13T10:46:00.392+0000] {dag.py:4180} INFO - Setting next_dagrun for latest_only to 2025-12-13 04:00:00+00:00, run_after=2025-12-13 08:00:00+00:00
[2025-12-13T10:46:00.430+0000] {processor.py:208} INFO - Processing /home/airflow/.local/lib/python3.12/site-packages/airflow/example_dags/example_latest_only.py took 0.158 seconds
[2025-12-13T10:46:31.115+0000] {processor.py:186} INFO - Started process (PID=3795) to work on /home/airflow/.local/lib/python3.12/site-packages/airflow/example_dags/example_latest_only.py
[2025-12-13T10:46:31.120+0000] {processor.py:914} INFO - Processing file /home/airflow/.local/lib/python3.12/site-packages/airflow/example_dags/example_latest_only.py for tasks to queue
[2025-12-13T10:46:31.124+0000] {logging_mixin.py:190} INFO - [2025-12-13T10:46:31.124+0000] {dagbag.py:588} INFO - Filling up the DagBag from /home/airflow/.local/lib/python3.12/site-packages/airflow/example_dags/example_latest_only.py
[2025-12-13T10:46:31.147+0000] {processor.py:925} INFO - DAG(s) 'latest_only' retrieved from /home/airflow/.local/lib/python3.12/site-packages/airflow/example_dags/example_latest_only.py
[2025-12-13T10:46:31.200+0000] {logging_mixin.py:190} INFO - [2025-12-13T10:46:31.200+0000] {dag.py:3239} INFO - Sync 1 DAGs
[2025-12-13T10:46:31.264+0000] {logging_mixin.py:190} INFO - [2025-12-13T10:46:31.264+0000] {dag.py:4180} INFO - Setting next_dagrun for latest_only to 2025-12-13 04:00:00+00:00, run_after=2025-12-13 08:00:00+00:00
[2025-12-13T10:46:31.325+0000] {processor.py:208} INFO - Processing /home/airflow/.local/lib/python3.12/site-packages/airflow/example_dags/example_latest_only.py took 0.233 seconds
