[2025-12-13T10:16:28.454+0000] {processor.py:186} INFO - Started process (PID=130) to work on /home/airflow/.local/lib/python3.12/site-packages/airflow/example_dags/example_complex.py
[2025-12-13T10:16:28.458+0000] {processor.py:914} INFO - Processing file /home/airflow/.local/lib/python3.12/site-packages/airflow/example_dags/example_complex.py for tasks to queue
[2025-12-13T10:16:28.468+0000] {logging_mixin.py:190} INFO - [2025-12-13T10:16:28.467+0000] {dagbag.py:588} INFO - Filling up the DagBag from /home/airflow/.local/lib/python3.12/site-packages/airflow/example_dags/example_complex.py
[2025-12-13T10:16:28.566+0000] {processor.py:925} INFO - DAG(s) 'example_complex' retrieved from /home/airflow/.local/lib/python3.12/site-packages/airflow/example_dags/example_complex.py
[2025-12-13T10:16:29.184+0000] {logging_mixin.py:190} INFO - [2025-12-13T10:16:29.174+0000] {override.py:1911} INFO - Created Permission View: can edit on DAG:example_complex
[2025-12-13T10:16:29.243+0000] {logging_mixin.py:190} INFO - [2025-12-13T10:16:29.242+0000] {override.py:1911} INFO - Created Permission View: can delete on DAG:example_complex
[2025-12-13T10:16:29.280+0000] {logging_mixin.py:190} INFO - [2025-12-13T10:16:29.280+0000] {override.py:1911} INFO - Created Permission View: can read on DAG:example_complex
[2025-12-13T10:16:29.312+0000] {logging_mixin.py:190} INFO - [2025-12-13T10:16:29.312+0000] {override.py:1911} INFO - Created Permission View: can create on DAG Run:example_complex
[2025-12-13T10:16:29.347+0000] {logging_mixin.py:190} INFO - [2025-12-13T10:16:29.346+0000] {override.py:1911} INFO - Created Permission View: can delete on DAG Run:example_complex
[2025-12-13T10:16:29.379+0000] {logging_mixin.py:190} INFO - [2025-12-13T10:16:29.378+0000] {override.py:1911} INFO - Created Permission View: menu access on DAG Run:example_complex
[2025-12-13T10:16:29.422+0000] {logging_mixin.py:190} INFO - [2025-12-13T10:16:29.421+0000] {override.py:1911} INFO - Created Permission View: can read on DAG Run:example_complex
[2025-12-13T10:16:29.422+0000] {logging_mixin.py:190} INFO - [2025-12-13T10:16:29.422+0000] {dag.py:3239} INFO - Sync 1 DAGs
[2025-12-13T10:16:29.476+0000] {logging_mixin.py:190} INFO - [2025-12-13T10:16:29.475+0000] {dag.py:3262} INFO - Creating ORM DAG for example_complex
[2025-12-13T10:16:29.477+0000] {logging_mixin.py:190} INFO - [2025-12-13T10:16:29.477+0000] {dag.py:4180} INFO - Setting next_dagrun for example_complex to None, run_after=None
[2025-12-13T10:16:29.550+0000] {processor.py:208} INFO - Processing /home/airflow/.local/lib/python3.12/site-packages/airflow/example_dags/example_complex.py took 1.147 seconds
[2025-12-13T10:16:59.726+0000] {processor.py:186} INFO - Started process (PID=196) to work on /home/airflow/.local/lib/python3.12/site-packages/airflow/example_dags/example_complex.py
[2025-12-13T10:16:59.727+0000] {processor.py:914} INFO - Processing file /home/airflow/.local/lib/python3.12/site-packages/airflow/example_dags/example_complex.py for tasks to queue
[2025-12-13T10:16:59.732+0000] {logging_mixin.py:190} INFO - [2025-12-13T10:16:59.731+0000] {dagbag.py:588} INFO - Filling up the DagBag from /home/airflow/.local/lib/python3.12/site-packages/airflow/example_dags/example_complex.py
[2025-12-13T10:16:59.750+0000] {processor.py:925} INFO - DAG(s) 'example_complex' retrieved from /home/airflow/.local/lib/python3.12/site-packages/airflow/example_dags/example_complex.py
[2025-12-13T10:16:59.815+0000] {logging_mixin.py:190} INFO - [2025-12-13T10:16:59.815+0000] {dag.py:3239} INFO - Sync 1 DAGs
[2025-12-13T10:16:59.853+0000] {logging_mixin.py:190} INFO - [2025-12-13T10:16:59.852+0000] {dag.py:4180} INFO - Setting next_dagrun for example_complex to None, run_after=None
[2025-12-13T10:16:59.887+0000] {processor.py:208} INFO - Processing /home/airflow/.local/lib/python3.12/site-packages/airflow/example_dags/example_complex.py took 0.172 seconds
[2025-12-13T10:17:30.190+0000] {processor.py:186} INFO - Started process (PID=258) to work on /home/airflow/.local/lib/python3.12/site-packages/airflow/example_dags/example_complex.py
[2025-12-13T10:17:30.192+0000] {processor.py:914} INFO - Processing file /home/airflow/.local/lib/python3.12/site-packages/airflow/example_dags/example_complex.py for tasks to queue
[2025-12-13T10:17:30.196+0000] {logging_mixin.py:190} INFO - [2025-12-13T10:17:30.196+0000] {dagbag.py:588} INFO - Filling up the DagBag from /home/airflow/.local/lib/python3.12/site-packages/airflow/example_dags/example_complex.py
[2025-12-13T10:17:30.225+0000] {processor.py:925} INFO - DAG(s) 'example_complex' retrieved from /home/airflow/.local/lib/python3.12/site-packages/airflow/example_dags/example_complex.py
[2025-12-13T10:17:30.295+0000] {logging_mixin.py:190} INFO - [2025-12-13T10:17:30.295+0000] {dag.py:3239} INFO - Sync 1 DAGs
[2025-12-13T10:17:30.329+0000] {logging_mixin.py:190} INFO - [2025-12-13T10:17:30.328+0000] {dag.py:4180} INFO - Setting next_dagrun for example_complex to None, run_after=None
[2025-12-13T10:17:30.360+0000] {processor.py:208} INFO - Processing /home/airflow/.local/lib/python3.12/site-packages/airflow/example_dags/example_complex.py took 0.183 seconds
[2025-12-13T10:18:01.103+0000] {processor.py:186} INFO - Started process (PID=323) to work on /home/airflow/.local/lib/python3.12/site-packages/airflow/example_dags/example_complex.py
[2025-12-13T10:18:01.104+0000] {processor.py:914} INFO - Processing file /home/airflow/.local/lib/python3.12/site-packages/airflow/example_dags/example_complex.py for tasks to queue
[2025-12-13T10:18:01.108+0000] {logging_mixin.py:190} INFO - [2025-12-13T10:18:01.108+0000] {dagbag.py:588} INFO - Filling up the DagBag from /home/airflow/.local/lib/python3.12/site-packages/airflow/example_dags/example_complex.py
[2025-12-13T10:18:01.136+0000] {processor.py:925} INFO - DAG(s) 'example_complex' retrieved from /home/airflow/.local/lib/python3.12/site-packages/airflow/example_dags/example_complex.py
[2025-12-13T10:18:01.192+0000] {logging_mixin.py:190} INFO - [2025-12-13T10:18:01.191+0000] {dag.py:3239} INFO - Sync 1 DAGs
[2025-12-13T10:18:01.226+0000] {logging_mixin.py:190} INFO - [2025-12-13T10:18:01.225+0000] {dag.py:4180} INFO - Setting next_dagrun for example_complex to None, run_after=None
[2025-12-13T10:18:01.256+0000] {processor.py:208} INFO - Processing /home/airflow/.local/lib/python3.12/site-packages/airflow/example_dags/example_complex.py took 0.169 seconds
[2025-12-13T10:18:32.138+0000] {processor.py:186} INFO - Started process (PID=386) to work on /home/airflow/.local/lib/python3.12/site-packages/airflow/example_dags/example_complex.py
[2025-12-13T10:18:32.139+0000] {processor.py:914} INFO - Processing file /home/airflow/.local/lib/python3.12/site-packages/airflow/example_dags/example_complex.py for tasks to queue
[2025-12-13T10:18:32.145+0000] {logging_mixin.py:190} INFO - [2025-12-13T10:18:32.144+0000] {dagbag.py:588} INFO - Filling up the DagBag from /home/airflow/.local/lib/python3.12/site-packages/airflow/example_dags/example_complex.py
[2025-12-13T10:18:32.176+0000] {processor.py:925} INFO - DAG(s) 'example_complex' retrieved from /home/airflow/.local/lib/python3.12/site-packages/airflow/example_dags/example_complex.py
[2025-12-13T10:18:32.254+0000] {logging_mixin.py:190} INFO - [2025-12-13T10:18:32.253+0000] {dag.py:3239} INFO - Sync 1 DAGs
[2025-12-13T10:18:32.289+0000] {logging_mixin.py:190} INFO - [2025-12-13T10:18:32.289+0000] {dag.py:4180} INFO - Setting next_dagrun for example_complex to None, run_after=None
[2025-12-13T10:18:32.333+0000] {processor.py:208} INFO - Processing /home/airflow/.local/lib/python3.12/site-packages/airflow/example_dags/example_complex.py took 0.207 seconds
[2025-12-13T10:19:03.156+0000] {processor.py:186} INFO - Started process (PID=448) to work on /home/airflow/.local/lib/python3.12/site-packages/airflow/example_dags/example_complex.py
[2025-12-13T10:19:03.158+0000] {processor.py:914} INFO - Processing file /home/airflow/.local/lib/python3.12/site-packages/airflow/example_dags/example_complex.py for tasks to queue
[2025-12-13T10:19:03.163+0000] {logging_mixin.py:190} INFO - [2025-12-13T10:19:03.162+0000] {dagbag.py:588} INFO - Filling up the DagBag from /home/airflow/.local/lib/python3.12/site-packages/airflow/example_dags/example_complex.py
[2025-12-13T10:19:03.182+0000] {processor.py:925} INFO - DAG(s) 'example_complex' retrieved from /home/airflow/.local/lib/python3.12/site-packages/airflow/example_dags/example_complex.py
[2025-12-13T10:19:03.241+0000] {logging_mixin.py:190} INFO - [2025-12-13T10:19:03.241+0000] {dag.py:3239} INFO - Sync 1 DAGs
[2025-12-13T10:19:03.266+0000] {logging_mixin.py:190} INFO - [2025-12-13T10:19:03.266+0000] {dag.py:4180} INFO - Setting next_dagrun for example_complex to None, run_after=None
[2025-12-13T10:19:03.293+0000] {processor.py:208} INFO - Processing /home/airflow/.local/lib/python3.12/site-packages/airflow/example_dags/example_complex.py took 0.156 seconds
[2025-12-13T10:19:35.126+0000] {processor.py:186} INFO - Started process (PID=514) to work on /home/airflow/.local/lib/python3.12/site-packages/airflow/example_dags/example_complex.py
[2025-12-13T10:19:35.128+0000] {processor.py:914} INFO - Processing file /home/airflow/.local/lib/python3.12/site-packages/airflow/example_dags/example_complex.py for tasks to queue
[2025-12-13T10:19:35.133+0000] {logging_mixin.py:190} INFO - [2025-12-13T10:19:35.132+0000] {dagbag.py:588} INFO - Filling up the DagBag from /home/airflow/.local/lib/python3.12/site-packages/airflow/example_dags/example_complex.py
[2025-12-13T10:19:35.173+0000] {processor.py:925} INFO - DAG(s) 'example_complex' retrieved from /home/airflow/.local/lib/python3.12/site-packages/airflow/example_dags/example_complex.py
[2025-12-13T10:19:35.287+0000] {logging_mixin.py:190} INFO - [2025-12-13T10:19:35.286+0000] {dag.py:3239} INFO - Sync 1 DAGs
[2025-12-13T10:19:35.338+0000] {logging_mixin.py:190} INFO - [2025-12-13T10:19:35.338+0000] {dag.py:4180} INFO - Setting next_dagrun for example_complex to None, run_after=None
[2025-12-13T10:19:35.423+0000] {processor.py:208} INFO - Processing /home/airflow/.local/lib/python3.12/site-packages/airflow/example_dags/example_complex.py took 0.311 seconds
[2025-12-13T10:20:07.002+0000] {processor.py:186} INFO - Started process (PID=580) to work on /home/airflow/.local/lib/python3.12/site-packages/airflow/example_dags/example_complex.py
[2025-12-13T10:20:07.003+0000] {processor.py:914} INFO - Processing file /home/airflow/.local/lib/python3.12/site-packages/airflow/example_dags/example_complex.py for tasks to queue
[2025-12-13T10:20:07.008+0000] {logging_mixin.py:190} INFO - [2025-12-13T10:20:07.008+0000] {dagbag.py:588} INFO - Filling up the DagBag from /home/airflow/.local/lib/python3.12/site-packages/airflow/example_dags/example_complex.py
[2025-12-13T10:20:07.037+0000] {processor.py:925} INFO - DAG(s) 'example_complex' retrieved from /home/airflow/.local/lib/python3.12/site-packages/airflow/example_dags/example_complex.py
[2025-12-13T10:20:07.116+0000] {logging_mixin.py:190} INFO - [2025-12-13T10:20:07.116+0000] {dag.py:3239} INFO - Sync 1 DAGs
[2025-12-13T10:20:07.149+0000] {logging_mixin.py:190} INFO - [2025-12-13T10:20:07.149+0000] {dag.py:4180} INFO - Setting next_dagrun for example_complex to None, run_after=None
[2025-12-13T10:20:07.184+0000] {processor.py:208} INFO - Processing /home/airflow/.local/lib/python3.12/site-packages/airflow/example_dags/example_complex.py took 0.195 seconds
[2025-12-13T10:20:37.282+0000] {processor.py:186} INFO - Started process (PID=643) to work on /home/airflow/.local/lib/python3.12/site-packages/airflow/example_dags/example_complex.py
[2025-12-13T10:20:37.283+0000] {processor.py:914} INFO - Processing file /home/airflow/.local/lib/python3.12/site-packages/airflow/example_dags/example_complex.py for tasks to queue
[2025-12-13T10:20:37.287+0000] {logging_mixin.py:190} INFO - [2025-12-13T10:20:37.286+0000] {dagbag.py:588} INFO - Filling up the DagBag from /home/airflow/.local/lib/python3.12/site-packages/airflow/example_dags/example_complex.py
[2025-12-13T10:20:37.305+0000] {processor.py:925} INFO - DAG(s) 'example_complex' retrieved from /home/airflow/.local/lib/python3.12/site-packages/airflow/example_dags/example_complex.py
[2025-12-13T10:20:37.374+0000] {logging_mixin.py:190} INFO - [2025-12-13T10:20:37.373+0000] {dag.py:3239} INFO - Sync 1 DAGs
[2025-12-13T10:20:37.399+0000] {logging_mixin.py:190} INFO - [2025-12-13T10:20:37.399+0000] {dag.py:4180} INFO - Setting next_dagrun for example_complex to None, run_after=None
[2025-12-13T10:20:37.431+0000] {processor.py:208} INFO - Processing /home/airflow/.local/lib/python3.12/site-packages/airflow/example_dags/example_complex.py took 0.162 seconds
[2025-12-13T10:21:08.446+0000] {processor.py:186} INFO - Started process (PID=707) to work on /home/airflow/.local/lib/python3.12/site-packages/airflow/example_dags/example_complex.py
[2025-12-13T10:21:08.448+0000] {processor.py:914} INFO - Processing file /home/airflow/.local/lib/python3.12/site-packages/airflow/example_dags/example_complex.py for tasks to queue
[2025-12-13T10:21:08.451+0000] {logging_mixin.py:190} INFO - [2025-12-13T10:21:08.450+0000] {dagbag.py:588} INFO - Filling up the DagBag from /home/airflow/.local/lib/python3.12/site-packages/airflow/example_dags/example_complex.py
[2025-12-13T10:21:08.475+0000] {processor.py:925} INFO - DAG(s) 'example_complex' retrieved from /home/airflow/.local/lib/python3.12/site-packages/airflow/example_dags/example_complex.py
[2025-12-13T10:21:08.540+0000] {logging_mixin.py:190} INFO - [2025-12-13T10:21:08.540+0000] {dag.py:3239} INFO - Sync 1 DAGs
[2025-12-13T10:21:08.577+0000] {logging_mixin.py:190} INFO - [2025-12-13T10:21:08.577+0000] {dag.py:4180} INFO - Setting next_dagrun for example_complex to None, run_after=None
[2025-12-13T10:21:08.625+0000] {processor.py:208} INFO - Processing /home/airflow/.local/lib/python3.12/site-packages/airflow/example_dags/example_complex.py took 0.192 seconds
[2025-12-13T10:21:39.549+0000] {processor.py:186} INFO - Started process (PID=770) to work on /home/airflow/.local/lib/python3.12/site-packages/airflow/example_dags/example_complex.py
[2025-12-13T10:21:39.551+0000] {processor.py:914} INFO - Processing file /home/airflow/.local/lib/python3.12/site-packages/airflow/example_dags/example_complex.py for tasks to queue
[2025-12-13T10:21:39.555+0000] {logging_mixin.py:190} INFO - [2025-12-13T10:21:39.554+0000] {dagbag.py:588} INFO - Filling up the DagBag from /home/airflow/.local/lib/python3.12/site-packages/airflow/example_dags/example_complex.py
[2025-12-13T10:21:39.583+0000] {processor.py:925} INFO - DAG(s) 'example_complex' retrieved from /home/airflow/.local/lib/python3.12/site-packages/airflow/example_dags/example_complex.py
[2025-12-13T10:21:39.652+0000] {logging_mixin.py:190} INFO - [2025-12-13T10:21:39.652+0000] {dag.py:3239} INFO - Sync 1 DAGs
[2025-12-13T10:21:39.679+0000] {logging_mixin.py:190} INFO - [2025-12-13T10:21:39.678+0000] {dag.py:4180} INFO - Setting next_dagrun for example_complex to None, run_after=None
[2025-12-13T10:21:39.708+0000] {processor.py:208} INFO - Processing /home/airflow/.local/lib/python3.12/site-packages/airflow/example_dags/example_complex.py took 0.172 seconds
[2025-12-13T10:22:11.667+0000] {processor.py:186} INFO - Started process (PID=835) to work on /home/airflow/.local/lib/python3.12/site-packages/airflow/example_dags/example_complex.py
[2025-12-13T10:22:11.669+0000] {processor.py:914} INFO - Processing file /home/airflow/.local/lib/python3.12/site-packages/airflow/example_dags/example_complex.py for tasks to queue
[2025-12-13T10:22:11.673+0000] {logging_mixin.py:190} INFO - [2025-12-13T10:22:11.673+0000] {dagbag.py:588} INFO - Filling up the DagBag from /home/airflow/.local/lib/python3.12/site-packages/airflow/example_dags/example_complex.py
[2025-12-13T10:22:11.706+0000] {processor.py:925} INFO - DAG(s) 'example_complex' retrieved from /home/airflow/.local/lib/python3.12/site-packages/airflow/example_dags/example_complex.py
[2025-12-13T10:22:11.790+0000] {logging_mixin.py:190} INFO - [2025-12-13T10:22:11.787+0000] {dag.py:3239} INFO - Sync 1 DAGs
[2025-12-13T10:22:11.832+0000] {logging_mixin.py:190} INFO - [2025-12-13T10:22:11.832+0000] {dag.py:4180} INFO - Setting next_dagrun for example_complex to None, run_after=None
[2025-12-13T10:22:11.870+0000] {processor.py:208} INFO - Processing /home/airflow/.local/lib/python3.12/site-packages/airflow/example_dags/example_complex.py took 0.216 seconds
[2025-12-13T10:22:47.379+0000] {processor.py:186} INFO - Started process (PID=909) to work on /home/airflow/.local/lib/python3.12/site-packages/airflow/example_dags/example_complex.py
[2025-12-13T10:22:47.384+0000] {processor.py:914} INFO - Processing file /home/airflow/.local/lib/python3.12/site-packages/airflow/example_dags/example_complex.py for tasks to queue
[2025-12-13T10:22:47.389+0000] {logging_mixin.py:190} INFO - [2025-12-13T10:22:47.388+0000] {dagbag.py:588} INFO - Filling up the DagBag from /home/airflow/.local/lib/python3.12/site-packages/airflow/example_dags/example_complex.py
[2025-12-13T10:22:47.422+0000] {processor.py:925} INFO - DAG(s) 'example_complex' retrieved from /home/airflow/.local/lib/python3.12/site-packages/airflow/example_dags/example_complex.py
[2025-12-13T10:22:47.507+0000] {logging_mixin.py:190} INFO - [2025-12-13T10:22:47.506+0000] {dag.py:3239} INFO - Sync 1 DAGs
[2025-12-13T10:22:47.537+0000] {logging_mixin.py:190} INFO - [2025-12-13T10:22:47.536+0000] {dag.py:4180} INFO - Setting next_dagrun for example_complex to None, run_after=None
[2025-12-13T10:22:47.592+0000] {processor.py:208} INFO - Processing /home/airflow/.local/lib/python3.12/site-packages/airflow/example_dags/example_complex.py took 0.233 seconds
[2025-12-13T10:23:18.115+0000] {processor.py:186} INFO - Started process (PID=972) to work on /home/airflow/.local/lib/python3.12/site-packages/airflow/example_dags/example_complex.py
[2025-12-13T10:23:18.117+0000] {processor.py:914} INFO - Processing file /home/airflow/.local/lib/python3.12/site-packages/airflow/example_dags/example_complex.py for tasks to queue
[2025-12-13T10:23:18.121+0000] {logging_mixin.py:190} INFO - [2025-12-13T10:23:18.120+0000] {dagbag.py:588} INFO - Filling up the DagBag from /home/airflow/.local/lib/python3.12/site-packages/airflow/example_dags/example_complex.py
[2025-12-13T10:23:18.151+0000] {processor.py:925} INFO - DAG(s) 'example_complex' retrieved from /home/airflow/.local/lib/python3.12/site-packages/airflow/example_dags/example_complex.py
[2025-12-13T10:23:18.226+0000] {logging_mixin.py:190} INFO - [2025-12-13T10:23:18.226+0000] {dag.py:3239} INFO - Sync 1 DAGs
[2025-12-13T10:23:18.267+0000] {logging_mixin.py:190} INFO - [2025-12-13T10:23:18.266+0000] {dag.py:4180} INFO - Setting next_dagrun for example_complex to None, run_after=None
[2025-12-13T10:23:18.344+0000] {processor.py:208} INFO - Processing /home/airflow/.local/lib/python3.12/site-packages/airflow/example_dags/example_complex.py took 0.241 seconds
[2025-12-13T10:23:49.032+0000] {processor.py:186} INFO - Started process (PID=1036) to work on /home/airflow/.local/lib/python3.12/site-packages/airflow/example_dags/example_complex.py
[2025-12-13T10:23:49.033+0000] {processor.py:914} INFO - Processing file /home/airflow/.local/lib/python3.12/site-packages/airflow/example_dags/example_complex.py for tasks to queue
[2025-12-13T10:23:49.038+0000] {logging_mixin.py:190} INFO - [2025-12-13T10:23:49.037+0000] {dagbag.py:588} INFO - Filling up the DagBag from /home/airflow/.local/lib/python3.12/site-packages/airflow/example_dags/example_complex.py
[2025-12-13T10:23:49.062+0000] {processor.py:925} INFO - DAG(s) 'example_complex' retrieved from /home/airflow/.local/lib/python3.12/site-packages/airflow/example_dags/example_complex.py
[2025-12-13T10:23:49.114+0000] {logging_mixin.py:190} INFO - [2025-12-13T10:23:49.114+0000] {dag.py:3239} INFO - Sync 1 DAGs
[2025-12-13T10:23:49.140+0000] {logging_mixin.py:190} INFO - [2025-12-13T10:23:49.139+0000] {dag.py:4180} INFO - Setting next_dagrun for example_complex to None, run_after=None
[2025-12-13T10:23:49.169+0000] {processor.py:208} INFO - Processing /home/airflow/.local/lib/python3.12/site-packages/airflow/example_dags/example_complex.py took 0.148 seconds
[2025-12-13T10:24:19.991+0000] {processor.py:186} INFO - Started process (PID=1099) to work on /home/airflow/.local/lib/python3.12/site-packages/airflow/example_dags/example_complex.py
[2025-12-13T10:24:19.992+0000] {processor.py:914} INFO - Processing file /home/airflow/.local/lib/python3.12/site-packages/airflow/example_dags/example_complex.py for tasks to queue
[2025-12-13T10:24:19.997+0000] {logging_mixin.py:190} INFO - [2025-12-13T10:24:19.997+0000] {dagbag.py:588} INFO - Filling up the DagBag from /home/airflow/.local/lib/python3.12/site-packages/airflow/example_dags/example_complex.py
[2025-12-13T10:24:20.023+0000] {processor.py:925} INFO - DAG(s) 'example_complex' retrieved from /home/airflow/.local/lib/python3.12/site-packages/airflow/example_dags/example_complex.py
[2025-12-13T10:24:20.087+0000] {logging_mixin.py:190} INFO - [2025-12-13T10:24:20.086+0000] {dag.py:3239} INFO - Sync 1 DAGs
[2025-12-13T10:24:20.116+0000] {logging_mixin.py:190} INFO - [2025-12-13T10:24:20.116+0000] {dag.py:4180} INFO - Setting next_dagrun for example_complex to None, run_after=None
[2025-12-13T10:24:20.149+0000] {processor.py:208} INFO - Processing /home/airflow/.local/lib/python3.12/site-packages/airflow/example_dags/example_complex.py took 0.172 seconds
[2025-12-13T10:24:50.436+0000] {processor.py:186} INFO - Started process (PID=1161) to work on /home/airflow/.local/lib/python3.12/site-packages/airflow/example_dags/example_complex.py
[2025-12-13T10:24:50.438+0000] {processor.py:914} INFO - Processing file /home/airflow/.local/lib/python3.12/site-packages/airflow/example_dags/example_complex.py for tasks to queue
[2025-12-13T10:24:50.442+0000] {logging_mixin.py:190} INFO - [2025-12-13T10:24:50.441+0000] {dagbag.py:588} INFO - Filling up the DagBag from /home/airflow/.local/lib/python3.12/site-packages/airflow/example_dags/example_complex.py
[2025-12-13T10:24:50.462+0000] {processor.py:925} INFO - DAG(s) 'example_complex' retrieved from /home/airflow/.local/lib/python3.12/site-packages/airflow/example_dags/example_complex.py
[2025-12-13T10:24:50.509+0000] {logging_mixin.py:190} INFO - [2025-12-13T10:24:50.509+0000] {dag.py:3239} INFO - Sync 1 DAGs
[2025-12-13T10:24:50.533+0000] {logging_mixin.py:190} INFO - [2025-12-13T10:24:50.532+0000] {dag.py:4180} INFO - Setting next_dagrun for example_complex to None, run_after=None
[2025-12-13T10:24:50.562+0000] {processor.py:208} INFO - Processing /home/airflow/.local/lib/python3.12/site-packages/airflow/example_dags/example_complex.py took 0.137 seconds
[2025-12-13T10:25:21.701+0000] {processor.py:186} INFO - Started process (PID=1224) to work on /home/airflow/.local/lib/python3.12/site-packages/airflow/example_dags/example_complex.py
[2025-12-13T10:25:21.703+0000] {processor.py:914} INFO - Processing file /home/airflow/.local/lib/python3.12/site-packages/airflow/example_dags/example_complex.py for tasks to queue
[2025-12-13T10:25:21.708+0000] {logging_mixin.py:190} INFO - [2025-12-13T10:25:21.707+0000] {dagbag.py:588} INFO - Filling up the DagBag from /home/airflow/.local/lib/python3.12/site-packages/airflow/example_dags/example_complex.py
[2025-12-13T10:25:21.757+0000] {processor.py:925} INFO - DAG(s) 'example_complex' retrieved from /home/airflow/.local/lib/python3.12/site-packages/airflow/example_dags/example_complex.py
[2025-12-13T10:25:21.839+0000] {logging_mixin.py:190} INFO - [2025-12-13T10:25:21.839+0000] {dag.py:3239} INFO - Sync 1 DAGs
[2025-12-13T10:25:21.905+0000] {logging_mixin.py:190} INFO - [2025-12-13T10:25:21.904+0000] {dag.py:4180} INFO - Setting next_dagrun for example_complex to None, run_after=None
[2025-12-13T10:25:21.969+0000] {processor.py:208} INFO - Processing /home/airflow/.local/lib/python3.12/site-packages/airflow/example_dags/example_complex.py took 0.287 seconds
[2025-12-13T10:25:53.976+0000] {processor.py:186} INFO - Started process (PID=1282) to work on /home/airflow/.local/lib/python3.12/site-packages/airflow/example_dags/example_complex.py
[2025-12-13T10:25:53.978+0000] {processor.py:914} INFO - Processing file /home/airflow/.local/lib/python3.12/site-packages/airflow/example_dags/example_complex.py for tasks to queue
[2025-12-13T10:25:53.983+0000] {logging_mixin.py:190} INFO - [2025-12-13T10:25:53.982+0000] {dagbag.py:588} INFO - Filling up the DagBag from /home/airflow/.local/lib/python3.12/site-packages/airflow/example_dags/example_complex.py
[2025-12-13T10:25:54.012+0000] {processor.py:925} INFO - DAG(s) 'example_complex' retrieved from /home/airflow/.local/lib/python3.12/site-packages/airflow/example_dags/example_complex.py
[2025-12-13T10:25:54.089+0000] {logging_mixin.py:190} INFO - [2025-12-13T10:25:54.088+0000] {dag.py:3239} INFO - Sync 1 DAGs
[2025-12-13T10:25:54.123+0000] {logging_mixin.py:190} INFO - [2025-12-13T10:25:54.122+0000] {dag.py:4180} INFO - Setting next_dagrun for example_complex to None, run_after=None
[2025-12-13T10:25:54.164+0000] {processor.py:208} INFO - Processing /home/airflow/.local/lib/python3.12/site-packages/airflow/example_dags/example_complex.py took 0.203 seconds
[2025-12-13T10:26:26.892+0000] {processor.py:186} INFO - Started process (PID=1349) to work on /home/airflow/.local/lib/python3.12/site-packages/airflow/example_dags/example_complex.py
[2025-12-13T10:26:26.894+0000] {processor.py:914} INFO - Processing file /home/airflow/.local/lib/python3.12/site-packages/airflow/example_dags/example_complex.py for tasks to queue
[2025-12-13T10:26:26.898+0000] {logging_mixin.py:190} INFO - [2025-12-13T10:26:26.897+0000] {dagbag.py:588} INFO - Filling up the DagBag from /home/airflow/.local/lib/python3.12/site-packages/airflow/example_dags/example_complex.py
[2025-12-13T10:26:26.947+0000] {processor.py:925} INFO - DAG(s) 'example_complex' retrieved from /home/airflow/.local/lib/python3.12/site-packages/airflow/example_dags/example_complex.py
[2025-12-13T10:26:27.082+0000] {logging_mixin.py:190} INFO - [2025-12-13T10:26:27.079+0000] {dag.py:3239} INFO - Sync 1 DAGs
[2025-12-13T10:26:27.140+0000] {logging_mixin.py:190} INFO - [2025-12-13T10:26:27.140+0000] {dag.py:4180} INFO - Setting next_dagrun for example_complex to None, run_after=None
[2025-12-13T10:26:27.183+0000] {processor.py:208} INFO - Processing /home/airflow/.local/lib/python3.12/site-packages/airflow/example_dags/example_complex.py took 0.302 seconds
[2025-12-13T10:26:58.149+0000] {processor.py:186} INFO - Started process (PID=1411) to work on /home/airflow/.local/lib/python3.12/site-packages/airflow/example_dags/example_complex.py
[2025-12-13T10:26:58.150+0000] {processor.py:914} INFO - Processing file /home/airflow/.local/lib/python3.12/site-packages/airflow/example_dags/example_complex.py for tasks to queue
[2025-12-13T10:26:58.154+0000] {logging_mixin.py:190} INFO - [2025-12-13T10:26:58.154+0000] {dagbag.py:588} INFO - Filling up the DagBag from /home/airflow/.local/lib/python3.12/site-packages/airflow/example_dags/example_complex.py
[2025-12-13T10:26:58.181+0000] {processor.py:925} INFO - DAG(s) 'example_complex' retrieved from /home/airflow/.local/lib/python3.12/site-packages/airflow/example_dags/example_complex.py
[2025-12-13T10:26:58.249+0000] {logging_mixin.py:190} INFO - [2025-12-13T10:26:58.248+0000] {dag.py:3239} INFO - Sync 1 DAGs
[2025-12-13T10:26:58.279+0000] {logging_mixin.py:190} INFO - [2025-12-13T10:26:58.279+0000] {dag.py:4180} INFO - Setting next_dagrun for example_complex to None, run_after=None
[2025-12-13T10:26:58.315+0000] {processor.py:208} INFO - Processing /home/airflow/.local/lib/python3.12/site-packages/airflow/example_dags/example_complex.py took 0.178 seconds
[2025-12-13T10:27:28.647+0000] {processor.py:186} INFO - Started process (PID=1474) to work on /home/airflow/.local/lib/python3.12/site-packages/airflow/example_dags/example_complex.py
[2025-12-13T10:27:28.648+0000] {processor.py:914} INFO - Processing file /home/airflow/.local/lib/python3.12/site-packages/airflow/example_dags/example_complex.py for tasks to queue
[2025-12-13T10:27:28.653+0000] {logging_mixin.py:190} INFO - [2025-12-13T10:27:28.652+0000] {dagbag.py:588} INFO - Filling up the DagBag from /home/airflow/.local/lib/python3.12/site-packages/airflow/example_dags/example_complex.py
[2025-12-13T10:27:28.686+0000] {processor.py:925} INFO - DAG(s) 'example_complex' retrieved from /home/airflow/.local/lib/python3.12/site-packages/airflow/example_dags/example_complex.py
[2025-12-13T10:27:28.760+0000] {logging_mixin.py:190} INFO - [2025-12-13T10:27:28.759+0000] {dag.py:3239} INFO - Sync 1 DAGs
[2025-12-13T10:27:28.796+0000] {logging_mixin.py:190} INFO - [2025-12-13T10:27:28.795+0000] {dag.py:4180} INFO - Setting next_dagrun for example_complex to None, run_after=None
[2025-12-13T10:27:28.831+0000] {processor.py:208} INFO - Processing /home/airflow/.local/lib/python3.12/site-packages/airflow/example_dags/example_complex.py took 0.198 seconds
[2025-12-13T10:28:00.257+0000] {processor.py:186} INFO - Started process (PID=1536) to work on /home/airflow/.local/lib/python3.12/site-packages/airflow/example_dags/example_complex.py
[2025-12-13T10:28:00.259+0000] {processor.py:914} INFO - Processing file /home/airflow/.local/lib/python3.12/site-packages/airflow/example_dags/example_complex.py for tasks to queue
[2025-12-13T10:28:00.264+0000] {logging_mixin.py:190} INFO - [2025-12-13T10:28:00.263+0000] {dagbag.py:588} INFO - Filling up the DagBag from /home/airflow/.local/lib/python3.12/site-packages/airflow/example_dags/example_complex.py
[2025-12-13T10:28:00.286+0000] {processor.py:925} INFO - DAG(s) 'example_complex' retrieved from /home/airflow/.local/lib/python3.12/site-packages/airflow/example_dags/example_complex.py
[2025-12-13T10:28:00.356+0000] {logging_mixin.py:190} INFO - [2025-12-13T10:28:00.355+0000] {dag.py:3239} INFO - Sync 1 DAGs
[2025-12-13T10:28:00.380+0000] {logging_mixin.py:190} INFO - [2025-12-13T10:28:00.379+0000] {dag.py:4180} INFO - Setting next_dagrun for example_complex to None, run_after=None
[2025-12-13T10:28:00.406+0000] {processor.py:208} INFO - Processing /home/airflow/.local/lib/python3.12/site-packages/airflow/example_dags/example_complex.py took 0.162 seconds
[2025-12-13T10:28:41.618+0000] {processor.py:186} INFO - Started process (PID=1607) to work on /home/airflow/.local/lib/python3.12/site-packages/airflow/example_dags/example_complex.py
[2025-12-13T10:28:41.621+0000] {processor.py:914} INFO - Processing file /home/airflow/.local/lib/python3.12/site-packages/airflow/example_dags/example_complex.py for tasks to queue
[2025-12-13T10:28:41.628+0000] {logging_mixin.py:190} INFO - [2025-12-13T10:28:41.627+0000] {dagbag.py:588} INFO - Filling up the DagBag from /home/airflow/.local/lib/python3.12/site-packages/airflow/example_dags/example_complex.py
[2025-12-13T10:28:41.711+0000] {processor.py:925} INFO - DAG(s) 'example_complex' retrieved from /home/airflow/.local/lib/python3.12/site-packages/airflow/example_dags/example_complex.py
[2025-12-13T10:28:41.851+0000] {logging_mixin.py:190} INFO - [2025-12-13T10:28:41.850+0000] {dag.py:3239} INFO - Sync 1 DAGs
[2025-12-13T10:28:41.899+0000] {logging_mixin.py:190} INFO - [2025-12-13T10:28:41.899+0000] {dag.py:4180} INFO - Setting next_dagrun for example_complex to None, run_after=None
[2025-12-13T10:28:41.963+0000] {processor.py:208} INFO - Processing /home/airflow/.local/lib/python3.12/site-packages/airflow/example_dags/example_complex.py took 0.371 seconds
[2025-12-13T10:29:12.094+0000] {processor.py:186} INFO - Started process (PID=1672) to work on /home/airflow/.local/lib/python3.12/site-packages/airflow/example_dags/example_complex.py
[2025-12-13T10:29:12.096+0000] {processor.py:914} INFO - Processing file /home/airflow/.local/lib/python3.12/site-packages/airflow/example_dags/example_complex.py for tasks to queue
[2025-12-13T10:29:12.102+0000] {logging_mixin.py:190} INFO - [2025-12-13T10:29:12.100+0000] {dagbag.py:588} INFO - Filling up the DagBag from /home/airflow/.local/lib/python3.12/site-packages/airflow/example_dags/example_complex.py
[2025-12-13T10:29:12.135+0000] {processor.py:925} INFO - DAG(s) 'example_complex' retrieved from /home/airflow/.local/lib/python3.12/site-packages/airflow/example_dags/example_complex.py
[2025-12-13T10:29:12.213+0000] {logging_mixin.py:190} INFO - [2025-12-13T10:29:12.213+0000] {dag.py:3239} INFO - Sync 1 DAGs
[2025-12-13T10:29:12.252+0000] {logging_mixin.py:190} INFO - [2025-12-13T10:29:12.251+0000] {dag.py:4180} INFO - Setting next_dagrun for example_complex to None, run_after=None
[2025-12-13T10:29:12.305+0000] {processor.py:208} INFO - Processing /home/airflow/.local/lib/python3.12/site-packages/airflow/example_dags/example_complex.py took 0.224 seconds
[2025-12-13T10:29:43.201+0000] {processor.py:186} INFO - Started process (PID=1732) to work on /home/airflow/.local/lib/python3.12/site-packages/airflow/example_dags/example_complex.py
[2025-12-13T10:29:43.205+0000] {processor.py:914} INFO - Processing file /home/airflow/.local/lib/python3.12/site-packages/airflow/example_dags/example_complex.py for tasks to queue
[2025-12-13T10:29:43.220+0000] {logging_mixin.py:190} INFO - [2025-12-13T10:29:43.219+0000] {dagbag.py:588} INFO - Filling up the DagBag from /home/airflow/.local/lib/python3.12/site-packages/airflow/example_dags/example_complex.py
[2025-12-13T10:29:43.268+0000] {processor.py:925} INFO - DAG(s) 'example_complex' retrieved from /home/airflow/.local/lib/python3.12/site-packages/airflow/example_dags/example_complex.py
[2025-12-13T10:29:43.413+0000] {logging_mixin.py:190} INFO - [2025-12-13T10:29:43.411+0000] {dag.py:3239} INFO - Sync 1 DAGs
[2025-12-13T10:29:43.484+0000] {logging_mixin.py:190} INFO - [2025-12-13T10:29:43.483+0000] {dag.py:4180} INFO - Setting next_dagrun for example_complex to None, run_after=None
[2025-12-13T10:29:43.543+0000] {processor.py:208} INFO - Processing /home/airflow/.local/lib/python3.12/site-packages/airflow/example_dags/example_complex.py took 0.368 seconds
[2025-12-13T10:30:14.760+0000] {processor.py:186} INFO - Started process (PID=1795) to work on /home/airflow/.local/lib/python3.12/site-packages/airflow/example_dags/example_complex.py
[2025-12-13T10:30:14.764+0000] {processor.py:914} INFO - Processing file /home/airflow/.local/lib/python3.12/site-packages/airflow/example_dags/example_complex.py for tasks to queue
[2025-12-13T10:30:14.769+0000] {logging_mixin.py:190} INFO - [2025-12-13T10:30:14.768+0000] {dagbag.py:588} INFO - Filling up the DagBag from /home/airflow/.local/lib/python3.12/site-packages/airflow/example_dags/example_complex.py
[2025-12-13T10:30:14.810+0000] {processor.py:925} INFO - DAG(s) 'example_complex' retrieved from /home/airflow/.local/lib/python3.12/site-packages/airflow/example_dags/example_complex.py
[2025-12-13T10:30:14.922+0000] {logging_mixin.py:190} INFO - [2025-12-13T10:30:14.919+0000] {dag.py:3239} INFO - Sync 1 DAGs
[2025-12-13T10:30:14.963+0000] {logging_mixin.py:190} INFO - [2025-12-13T10:30:14.963+0000] {dag.py:4180} INFO - Setting next_dagrun for example_complex to None, run_after=None
[2025-12-13T10:30:15.014+0000] {processor.py:208} INFO - Processing /home/airflow/.local/lib/python3.12/site-packages/airflow/example_dags/example_complex.py took 0.272 seconds
[2025-12-13T10:30:45.703+0000] {processor.py:186} INFO - Started process (PID=1859) to work on /home/airflow/.local/lib/python3.12/site-packages/airflow/example_dags/example_complex.py
[2025-12-13T10:30:45.704+0000] {processor.py:914} INFO - Processing file /home/airflow/.local/lib/python3.12/site-packages/airflow/example_dags/example_complex.py for tasks to queue
[2025-12-13T10:30:45.709+0000] {logging_mixin.py:190} INFO - [2025-12-13T10:30:45.708+0000] {dagbag.py:588} INFO - Filling up the DagBag from /home/airflow/.local/lib/python3.12/site-packages/airflow/example_dags/example_complex.py
[2025-12-13T10:30:45.744+0000] {processor.py:925} INFO - DAG(s) 'example_complex' retrieved from /home/airflow/.local/lib/python3.12/site-packages/airflow/example_dags/example_complex.py
[2025-12-13T10:30:45.848+0000] {logging_mixin.py:190} INFO - [2025-12-13T10:30:45.847+0000] {dag.py:3239} INFO - Sync 1 DAGs
[2025-12-13T10:30:45.890+0000] {logging_mixin.py:190} INFO - [2025-12-13T10:30:45.890+0000] {dag.py:4180} INFO - Setting next_dagrun for example_complex to None, run_after=None
[2025-12-13T10:30:45.942+0000] {processor.py:208} INFO - Processing /home/airflow/.local/lib/python3.12/site-packages/airflow/example_dags/example_complex.py took 0.252 seconds
[2025-12-13T10:31:16.134+0000] {processor.py:186} INFO - Started process (PID=1926) to work on /home/airflow/.local/lib/python3.12/site-packages/airflow/example_dags/example_complex.py
[2025-12-13T10:31:16.135+0000] {processor.py:914} INFO - Processing file /home/airflow/.local/lib/python3.12/site-packages/airflow/example_dags/example_complex.py for tasks to queue
[2025-12-13T10:31:16.141+0000] {logging_mixin.py:190} INFO - [2025-12-13T10:31:16.139+0000] {dagbag.py:588} INFO - Filling up the DagBag from /home/airflow/.local/lib/python3.12/site-packages/airflow/example_dags/example_complex.py
[2025-12-13T10:31:16.178+0000] {processor.py:925} INFO - DAG(s) 'example_complex' retrieved from /home/airflow/.local/lib/python3.12/site-packages/airflow/example_dags/example_complex.py
[2025-12-13T10:31:16.254+0000] {logging_mixin.py:190} INFO - [2025-12-13T10:31:16.253+0000] {dag.py:3239} INFO - Sync 1 DAGs
[2025-12-13T10:31:16.281+0000] {logging_mixin.py:190} INFO - [2025-12-13T10:31:16.281+0000] {dag.py:4180} INFO - Setting next_dagrun for example_complex to None, run_after=None
[2025-12-13T10:31:16.311+0000] {processor.py:208} INFO - Processing /home/airflow/.local/lib/python3.12/site-packages/airflow/example_dags/example_complex.py took 0.191 seconds
[2025-12-13T10:31:46.418+0000] {processor.py:186} INFO - Started process (PID=1990) to work on /home/airflow/.local/lib/python3.12/site-packages/airflow/example_dags/example_complex.py
[2025-12-13T10:31:46.420+0000] {processor.py:914} INFO - Processing file /home/airflow/.local/lib/python3.12/site-packages/airflow/example_dags/example_complex.py for tasks to queue
[2025-12-13T10:31:46.424+0000] {logging_mixin.py:190} INFO - [2025-12-13T10:31:46.424+0000] {dagbag.py:588} INFO - Filling up the DagBag from /home/airflow/.local/lib/python3.12/site-packages/airflow/example_dags/example_complex.py
[2025-12-13T10:31:46.452+0000] {processor.py:925} INFO - DAG(s) 'example_complex' retrieved from /home/airflow/.local/lib/python3.12/site-packages/airflow/example_dags/example_complex.py
[2025-12-13T10:31:46.514+0000] {logging_mixin.py:190} INFO - [2025-12-13T10:31:46.513+0000] {dag.py:3239} INFO - Sync 1 DAGs
[2025-12-13T10:31:46.543+0000] {logging_mixin.py:190} INFO - [2025-12-13T10:31:46.542+0000] {dag.py:4180} INFO - Setting next_dagrun for example_complex to None, run_after=None
[2025-12-13T10:31:46.571+0000] {processor.py:208} INFO - Processing /home/airflow/.local/lib/python3.12/site-packages/airflow/example_dags/example_complex.py took 0.165 seconds
[2025-12-13T10:32:17.108+0000] {processor.py:186} INFO - Started process (PID=2053) to work on /home/airflow/.local/lib/python3.12/site-packages/airflow/example_dags/example_complex.py
[2025-12-13T10:32:17.109+0000] {processor.py:914} INFO - Processing file /home/airflow/.local/lib/python3.12/site-packages/airflow/example_dags/example_complex.py for tasks to queue
[2025-12-13T10:32:17.115+0000] {logging_mixin.py:190} INFO - [2025-12-13T10:32:17.114+0000] {dagbag.py:588} INFO - Filling up the DagBag from /home/airflow/.local/lib/python3.12/site-packages/airflow/example_dags/example_complex.py
[2025-12-13T10:32:17.150+0000] {processor.py:925} INFO - DAG(s) 'example_complex' retrieved from /home/airflow/.local/lib/python3.12/site-packages/airflow/example_dags/example_complex.py
[2025-12-13T10:32:17.233+0000] {logging_mixin.py:190} INFO - [2025-12-13T10:32:17.232+0000] {dag.py:3239} INFO - Sync 1 DAGs
[2025-12-13T10:32:17.266+0000] {logging_mixin.py:190} INFO - [2025-12-13T10:32:17.266+0000] {dag.py:4180} INFO - Setting next_dagrun for example_complex to None, run_after=None
[2025-12-13T10:32:17.307+0000] {processor.py:208} INFO - Processing /home/airflow/.local/lib/python3.12/site-packages/airflow/example_dags/example_complex.py took 0.212 seconds
[2025-12-13T10:32:47.728+0000] {processor.py:186} INFO - Started process (PID=2116) to work on /home/airflow/.local/lib/python3.12/site-packages/airflow/example_dags/example_complex.py
[2025-12-13T10:32:47.733+0000] {processor.py:914} INFO - Processing file /home/airflow/.local/lib/python3.12/site-packages/airflow/example_dags/example_complex.py for tasks to queue
[2025-12-13T10:32:47.742+0000] {logging_mixin.py:190} INFO - [2025-12-13T10:32:47.741+0000] {dagbag.py:588} INFO - Filling up the DagBag from /home/airflow/.local/lib/python3.12/site-packages/airflow/example_dags/example_complex.py
[2025-12-13T10:32:47.797+0000] {processor.py:925} INFO - DAG(s) 'example_complex' retrieved from /home/airflow/.local/lib/python3.12/site-packages/airflow/example_dags/example_complex.py
[2025-12-13T10:32:47.902+0000] {logging_mixin.py:190} INFO - [2025-12-13T10:32:47.902+0000] {dag.py:3239} INFO - Sync 1 DAGs
[2025-12-13T10:32:47.943+0000] {logging_mixin.py:190} INFO - [2025-12-13T10:32:47.942+0000] {dag.py:4180} INFO - Setting next_dagrun for example_complex to None, run_after=None
[2025-12-13T10:32:47.989+0000] {processor.py:208} INFO - Processing /home/airflow/.local/lib/python3.12/site-packages/airflow/example_dags/example_complex.py took 0.283 seconds
[2025-12-13T10:33:18.145+0000] {processor.py:186} INFO - Started process (PID=2178) to work on /home/airflow/.local/lib/python3.12/site-packages/airflow/example_dags/example_complex.py
[2025-12-13T10:33:18.147+0000] {processor.py:914} INFO - Processing file /home/airflow/.local/lib/python3.12/site-packages/airflow/example_dags/example_complex.py for tasks to queue
[2025-12-13T10:33:18.151+0000] {logging_mixin.py:190} INFO - [2025-12-13T10:33:18.150+0000] {dagbag.py:588} INFO - Filling up the DagBag from /home/airflow/.local/lib/python3.12/site-packages/airflow/example_dags/example_complex.py
[2025-12-13T10:33:18.185+0000] {processor.py:925} INFO - DAG(s) 'example_complex' retrieved from /home/airflow/.local/lib/python3.12/site-packages/airflow/example_dags/example_complex.py
[2025-12-13T10:33:18.262+0000] {logging_mixin.py:190} INFO - [2025-12-13T10:33:18.261+0000] {dag.py:3239} INFO - Sync 1 DAGs
[2025-12-13T10:33:18.297+0000] {logging_mixin.py:190} INFO - [2025-12-13T10:33:18.296+0000] {dag.py:4180} INFO - Setting next_dagrun for example_complex to None, run_after=None
[2025-12-13T10:33:18.335+0000] {processor.py:208} INFO - Processing /home/airflow/.local/lib/python3.12/site-packages/airflow/example_dags/example_complex.py took 0.202 seconds
[2025-12-13T10:33:48.484+0000] {processor.py:186} INFO - Started process (PID=2241) to work on /home/airflow/.local/lib/python3.12/site-packages/airflow/example_dags/example_complex.py
[2025-12-13T10:33:48.485+0000] {processor.py:914} INFO - Processing file /home/airflow/.local/lib/python3.12/site-packages/airflow/example_dags/example_complex.py for tasks to queue
[2025-12-13T10:33:48.488+0000] {logging_mixin.py:190} INFO - [2025-12-13T10:33:48.488+0000] {dagbag.py:588} INFO - Filling up the DagBag from /home/airflow/.local/lib/python3.12/site-packages/airflow/example_dags/example_complex.py
[2025-12-13T10:33:48.506+0000] {processor.py:925} INFO - DAG(s) 'example_complex' retrieved from /home/airflow/.local/lib/python3.12/site-packages/airflow/example_dags/example_complex.py
[2025-12-13T10:33:48.567+0000] {logging_mixin.py:190} INFO - [2025-12-13T10:33:48.567+0000] {dag.py:3239} INFO - Sync 1 DAGs
[2025-12-13T10:33:48.591+0000] {logging_mixin.py:190} INFO - [2025-12-13T10:33:48.591+0000] {dag.py:4180} INFO - Setting next_dagrun for example_complex to None, run_after=None
[2025-12-13T10:33:48.622+0000] {processor.py:208} INFO - Processing /home/airflow/.local/lib/python3.12/site-packages/airflow/example_dags/example_complex.py took 0.150 seconds
[2025-12-13T10:34:18.833+0000] {processor.py:186} INFO - Started process (PID=2304) to work on /home/airflow/.local/lib/python3.12/site-packages/airflow/example_dags/example_complex.py
[2025-12-13T10:34:18.834+0000] {processor.py:914} INFO - Processing file /home/airflow/.local/lib/python3.12/site-packages/airflow/example_dags/example_complex.py for tasks to queue
[2025-12-13T10:34:18.838+0000] {logging_mixin.py:190} INFO - [2025-12-13T10:34:18.837+0000] {dagbag.py:588} INFO - Filling up the DagBag from /home/airflow/.local/lib/python3.12/site-packages/airflow/example_dags/example_complex.py
[2025-12-13T10:34:18.859+0000] {processor.py:925} INFO - DAG(s) 'example_complex' retrieved from /home/airflow/.local/lib/python3.12/site-packages/airflow/example_dags/example_complex.py
[2025-12-13T10:34:18.908+0000] {logging_mixin.py:190} INFO - [2025-12-13T10:34:18.907+0000] {dag.py:3239} INFO - Sync 1 DAGs
[2025-12-13T10:34:18.931+0000] {logging_mixin.py:190} INFO - [2025-12-13T10:34:18.931+0000] {dag.py:4180} INFO - Setting next_dagrun for example_complex to None, run_after=None
[2025-12-13T10:34:18.957+0000] {processor.py:208} INFO - Processing /home/airflow/.local/lib/python3.12/site-packages/airflow/example_dags/example_complex.py took 0.132 seconds
[2025-12-13T10:34:49.405+0000] {processor.py:186} INFO - Started process (PID=2367) to work on /home/airflow/.local/lib/python3.12/site-packages/airflow/example_dags/example_complex.py
[2025-12-13T10:34:49.406+0000] {processor.py:914} INFO - Processing file /home/airflow/.local/lib/python3.12/site-packages/airflow/example_dags/example_complex.py for tasks to queue
[2025-12-13T10:34:49.409+0000] {logging_mixin.py:190} INFO - [2025-12-13T10:34:49.409+0000] {dagbag.py:588} INFO - Filling up the DagBag from /home/airflow/.local/lib/python3.12/site-packages/airflow/example_dags/example_complex.py
[2025-12-13T10:34:49.428+0000] {processor.py:925} INFO - DAG(s) 'example_complex' retrieved from /home/airflow/.local/lib/python3.12/site-packages/airflow/example_dags/example_complex.py
[2025-12-13T10:34:49.474+0000] {logging_mixin.py:190} INFO - [2025-12-13T10:34:49.474+0000] {dag.py:3239} INFO - Sync 1 DAGs
[2025-12-13T10:34:49.496+0000] {logging_mixin.py:190} INFO - [2025-12-13T10:34:49.496+0000] {dag.py:4180} INFO - Setting next_dagrun for example_complex to None, run_after=None
[2025-12-13T10:34:49.521+0000] {processor.py:208} INFO - Processing /home/airflow/.local/lib/python3.12/site-packages/airflow/example_dags/example_complex.py took 0.124 seconds
[2025-12-13T10:35:20.199+0000] {processor.py:186} INFO - Started process (PID=2429) to work on /home/airflow/.local/lib/python3.12/site-packages/airflow/example_dags/example_complex.py
[2025-12-13T10:35:20.201+0000] {processor.py:914} INFO - Processing file /home/airflow/.local/lib/python3.12/site-packages/airflow/example_dags/example_complex.py for tasks to queue
[2025-12-13T10:35:20.223+0000] {logging_mixin.py:190} INFO - [2025-12-13T10:35:20.222+0000] {dagbag.py:588} INFO - Filling up the DagBag from /home/airflow/.local/lib/python3.12/site-packages/airflow/example_dags/example_complex.py
[2025-12-13T10:35:20.287+0000] {processor.py:925} INFO - DAG(s) 'example_complex' retrieved from /home/airflow/.local/lib/python3.12/site-packages/airflow/example_dags/example_complex.py
[2025-12-13T10:35:20.359+0000] {logging_mixin.py:190} INFO - [2025-12-13T10:35:20.359+0000] {dag.py:3239} INFO - Sync 1 DAGs
[2025-12-13T10:35:20.389+0000] {logging_mixin.py:190} INFO - [2025-12-13T10:35:20.389+0000] {dag.py:4180} INFO - Setting next_dagrun for example_complex to None, run_after=None
[2025-12-13T10:35:20.420+0000] {processor.py:208} INFO - Processing /home/airflow/.local/lib/python3.12/site-packages/airflow/example_dags/example_complex.py took 0.245 seconds
[2025-12-13T10:35:51.307+0000] {processor.py:186} INFO - Started process (PID=2492) to work on /home/airflow/.local/lib/python3.12/site-packages/airflow/example_dags/example_complex.py
[2025-12-13T10:35:51.310+0000] {processor.py:914} INFO - Processing file /home/airflow/.local/lib/python3.12/site-packages/airflow/example_dags/example_complex.py for tasks to queue
[2025-12-13T10:35:51.315+0000] {logging_mixin.py:190} INFO - [2025-12-13T10:35:51.314+0000] {dagbag.py:588} INFO - Filling up the DagBag from /home/airflow/.local/lib/python3.12/site-packages/airflow/example_dags/example_complex.py
[2025-12-13T10:35:51.347+0000] {processor.py:925} INFO - DAG(s) 'example_complex' retrieved from /home/airflow/.local/lib/python3.12/site-packages/airflow/example_dags/example_complex.py
[2025-12-13T10:35:51.463+0000] {logging_mixin.py:190} INFO - [2025-12-13T10:35:51.462+0000] {dag.py:3239} INFO - Sync 1 DAGs
[2025-12-13T10:35:51.511+0000] {logging_mixin.py:190} INFO - [2025-12-13T10:35:51.511+0000] {dag.py:4180} INFO - Setting next_dagrun for example_complex to None, run_after=None
[2025-12-13T10:35:51.576+0000] {processor.py:208} INFO - Processing /home/airflow/.local/lib/python3.12/site-packages/airflow/example_dags/example_complex.py took 0.281 seconds
[2025-12-13T10:36:21.999+0000] {processor.py:186} INFO - Started process (PID=2557) to work on /home/airflow/.local/lib/python3.12/site-packages/airflow/example_dags/example_complex.py
[2025-12-13T10:36:22.000+0000] {processor.py:914} INFO - Processing file /home/airflow/.local/lib/python3.12/site-packages/airflow/example_dags/example_complex.py for tasks to queue
[2025-12-13T10:36:22.004+0000] {logging_mixin.py:190} INFO - [2025-12-13T10:36:22.003+0000] {dagbag.py:588} INFO - Filling up the DagBag from /home/airflow/.local/lib/python3.12/site-packages/airflow/example_dags/example_complex.py
[2025-12-13T10:36:22.037+0000] {processor.py:925} INFO - DAG(s) 'example_complex' retrieved from /home/airflow/.local/lib/python3.12/site-packages/airflow/example_dags/example_complex.py
[2025-12-13T10:36:22.117+0000] {logging_mixin.py:190} INFO - [2025-12-13T10:36:22.116+0000] {dag.py:3239} INFO - Sync 1 DAGs
[2025-12-13T10:36:22.162+0000] {logging_mixin.py:190} INFO - [2025-12-13T10:36:22.161+0000] {dag.py:4180} INFO - Setting next_dagrun for example_complex to None, run_after=None
[2025-12-13T10:36:22.205+0000] {processor.py:208} INFO - Processing /home/airflow/.local/lib/python3.12/site-packages/airflow/example_dags/example_complex.py took 0.219 seconds
[2025-12-13T10:36:53.121+0000] {processor.py:186} INFO - Started process (PID=2619) to work on /home/airflow/.local/lib/python3.12/site-packages/airflow/example_dags/example_complex.py
[2025-12-13T10:36:53.123+0000] {processor.py:914} INFO - Processing file /home/airflow/.local/lib/python3.12/site-packages/airflow/example_dags/example_complex.py for tasks to queue
[2025-12-13T10:36:53.127+0000] {logging_mixin.py:190} INFO - [2025-12-13T10:36:53.127+0000] {dagbag.py:588} INFO - Filling up the DagBag from /home/airflow/.local/lib/python3.12/site-packages/airflow/example_dags/example_complex.py
[2025-12-13T10:36:53.155+0000] {processor.py:925} INFO - DAG(s) 'example_complex' retrieved from /home/airflow/.local/lib/python3.12/site-packages/airflow/example_dags/example_complex.py
[2025-12-13T10:36:53.225+0000] {logging_mixin.py:190} INFO - [2025-12-13T10:36:53.225+0000] {dag.py:3239} INFO - Sync 1 DAGs
[2025-12-13T10:36:53.261+0000] {logging_mixin.py:190} INFO - [2025-12-13T10:36:53.261+0000] {dag.py:4180} INFO - Setting next_dagrun for example_complex to None, run_after=None
[2025-12-13T10:36:53.292+0000] {processor.py:208} INFO - Processing /home/airflow/.local/lib/python3.12/site-packages/airflow/example_dags/example_complex.py took 0.185 seconds
[2025-12-13T10:37:24.206+0000] {processor.py:186} INFO - Started process (PID=2682) to work on /home/airflow/.local/lib/python3.12/site-packages/airflow/example_dags/example_complex.py
[2025-12-13T10:37:24.209+0000] {processor.py:914} INFO - Processing file /home/airflow/.local/lib/python3.12/site-packages/airflow/example_dags/example_complex.py for tasks to queue
[2025-12-13T10:37:24.213+0000] {logging_mixin.py:190} INFO - [2025-12-13T10:37:24.213+0000] {dagbag.py:588} INFO - Filling up the DagBag from /home/airflow/.local/lib/python3.12/site-packages/airflow/example_dags/example_complex.py
[2025-12-13T10:37:24.255+0000] {processor.py:925} INFO - DAG(s) 'example_complex' retrieved from /home/airflow/.local/lib/python3.12/site-packages/airflow/example_dags/example_complex.py
[2025-12-13T10:37:24.340+0000] {logging_mixin.py:190} INFO - [2025-12-13T10:37:24.339+0000] {dag.py:3239} INFO - Sync 1 DAGs
[2025-12-13T10:37:24.380+0000] {logging_mixin.py:190} INFO - [2025-12-13T10:37:24.380+0000] {dag.py:4180} INFO - Setting next_dagrun for example_complex to None, run_after=None
[2025-12-13T10:37:24.422+0000] {processor.py:208} INFO - Processing /home/airflow/.local/lib/python3.12/site-packages/airflow/example_dags/example_complex.py took 0.231 seconds
[2025-12-13T10:37:56.772+0000] {processor.py:186} INFO - Started process (PID=2747) to work on /home/airflow/.local/lib/python3.12/site-packages/airflow/example_dags/example_complex.py
[2025-12-13T10:37:56.773+0000] {processor.py:914} INFO - Processing file /home/airflow/.local/lib/python3.12/site-packages/airflow/example_dags/example_complex.py for tasks to queue
[2025-12-13T10:37:56.778+0000] {logging_mixin.py:190} INFO - [2025-12-13T10:37:56.777+0000] {dagbag.py:588} INFO - Filling up the DagBag from /home/airflow/.local/lib/python3.12/site-packages/airflow/example_dags/example_complex.py
[2025-12-13T10:37:56.800+0000] {processor.py:925} INFO - DAG(s) 'example_complex' retrieved from /home/airflow/.local/lib/python3.12/site-packages/airflow/example_dags/example_complex.py
[2025-12-13T10:37:56.868+0000] {logging_mixin.py:190} INFO - [2025-12-13T10:37:56.867+0000] {dag.py:3239} INFO - Sync 1 DAGs
[2025-12-13T10:37:56.896+0000] {logging_mixin.py:190} INFO - [2025-12-13T10:37:56.896+0000] {dag.py:4180} INFO - Setting next_dagrun for example_complex to None, run_after=None
[2025-12-13T10:37:57.210+0000] {processor.py:208} INFO - Processing /home/airflow/.local/lib/python3.12/site-packages/airflow/example_dags/example_complex.py took 0.449 seconds
[2025-12-13T10:38:32.060+0000] {processor.py:186} INFO - Started process (PID=2815) to work on /home/airflow/.local/lib/python3.12/site-packages/airflow/example_dags/example_complex.py
[2025-12-13T10:38:32.064+0000] {processor.py:914} INFO - Processing file /home/airflow/.local/lib/python3.12/site-packages/airflow/example_dags/example_complex.py for tasks to queue
[2025-12-13T10:38:32.068+0000] {logging_mixin.py:190} INFO - [2025-12-13T10:38:32.068+0000] {dagbag.py:588} INFO - Filling up the DagBag from /home/airflow/.local/lib/python3.12/site-packages/airflow/example_dags/example_complex.py
[2025-12-13T10:38:32.133+0000] {processor.py:925} INFO - DAG(s) 'example_complex' retrieved from /home/airflow/.local/lib/python3.12/site-packages/airflow/example_dags/example_complex.py
[2025-12-13T10:38:32.214+0000] {logging_mixin.py:190} INFO - [2025-12-13T10:38:32.214+0000] {dag.py:3239} INFO - Sync 1 DAGs
[2025-12-13T10:38:32.252+0000] {logging_mixin.py:190} INFO - [2025-12-13T10:38:32.251+0000] {dag.py:4180} INFO - Setting next_dagrun for example_complex to None, run_after=None
[2025-12-13T10:38:32.622+0000] {processor.py:208} INFO - Processing /home/airflow/.local/lib/python3.12/site-packages/airflow/example_dags/example_complex.py took 0.601 seconds
[2025-12-13T10:39:02.904+0000] {processor.py:186} INFO - Started process (PID=2880) to work on /home/airflow/.local/lib/python3.12/site-packages/airflow/example_dags/example_complex.py
[2025-12-13T10:39:02.905+0000] {processor.py:914} INFO - Processing file /home/airflow/.local/lib/python3.12/site-packages/airflow/example_dags/example_complex.py for tasks to queue
[2025-12-13T10:39:02.910+0000] {logging_mixin.py:190} INFO - [2025-12-13T10:39:02.909+0000] {dagbag.py:588} INFO - Filling up the DagBag from /home/airflow/.local/lib/python3.12/site-packages/airflow/example_dags/example_complex.py
[2025-12-13T10:39:02.947+0000] {processor.py:925} INFO - DAG(s) 'example_complex' retrieved from /home/airflow/.local/lib/python3.12/site-packages/airflow/example_dags/example_complex.py
[2025-12-13T10:39:03.031+0000] {logging_mixin.py:190} INFO - [2025-12-13T10:39:03.030+0000] {dag.py:3239} INFO - Sync 1 DAGs
[2025-12-13T10:39:03.062+0000] {logging_mixin.py:190} INFO - [2025-12-13T10:39:03.061+0000] {dag.py:4180} INFO - Setting next_dagrun for example_complex to None, run_after=None
[2025-12-13T10:39:03.098+0000] {processor.py:208} INFO - Processing /home/airflow/.local/lib/python3.12/site-packages/airflow/example_dags/example_complex.py took 0.208 seconds
[2025-12-13T10:39:33.388+0000] {processor.py:186} INFO - Started process (PID=2941) to work on /home/airflow/.local/lib/python3.12/site-packages/airflow/example_dags/example_complex.py
[2025-12-13T10:39:33.389+0000] {processor.py:914} INFO - Processing file /home/airflow/.local/lib/python3.12/site-packages/airflow/example_dags/example_complex.py for tasks to queue
[2025-12-13T10:39:33.392+0000] {logging_mixin.py:190} INFO - [2025-12-13T10:39:33.392+0000] {dagbag.py:588} INFO - Filling up the DagBag from /home/airflow/.local/lib/python3.12/site-packages/airflow/example_dags/example_complex.py
[2025-12-13T10:39:33.418+0000] {processor.py:925} INFO - DAG(s) 'example_complex' retrieved from /home/airflow/.local/lib/python3.12/site-packages/airflow/example_dags/example_complex.py
[2025-12-13T10:39:33.482+0000] {logging_mixin.py:190} INFO - [2025-12-13T10:39:33.482+0000] {dag.py:3239} INFO - Sync 1 DAGs
[2025-12-13T10:39:33.509+0000] {logging_mixin.py:190} INFO - [2025-12-13T10:39:33.509+0000] {dag.py:4180} INFO - Setting next_dagrun for example_complex to None, run_after=None
[2025-12-13T10:39:33.538+0000] {processor.py:208} INFO - Processing /home/airflow/.local/lib/python3.12/site-packages/airflow/example_dags/example_complex.py took 0.161 seconds
[2025-12-13T10:40:04.026+0000] {processor.py:186} INFO - Started process (PID=3004) to work on /home/airflow/.local/lib/python3.12/site-packages/airflow/example_dags/example_complex.py
[2025-12-13T10:40:04.027+0000] {processor.py:914} INFO - Processing file /home/airflow/.local/lib/python3.12/site-packages/airflow/example_dags/example_complex.py for tasks to queue
[2025-12-13T10:40:04.031+0000] {logging_mixin.py:190} INFO - [2025-12-13T10:40:04.030+0000] {dagbag.py:588} INFO - Filling up the DagBag from /home/airflow/.local/lib/python3.12/site-packages/airflow/example_dags/example_complex.py
[2025-12-13T10:40:04.059+0000] {processor.py:925} INFO - DAG(s) 'example_complex' retrieved from /home/airflow/.local/lib/python3.12/site-packages/airflow/example_dags/example_complex.py
[2025-12-13T10:40:04.127+0000] {logging_mixin.py:190} INFO - [2025-12-13T10:40:04.127+0000] {dag.py:3239} INFO - Sync 1 DAGs
[2025-12-13T10:40:04.152+0000] {logging_mixin.py:190} INFO - [2025-12-13T10:40:04.152+0000] {dag.py:4180} INFO - Setting next_dagrun for example_complex to None, run_after=None
[2025-12-13T10:40:04.185+0000] {processor.py:208} INFO - Processing /home/airflow/.local/lib/python3.12/site-packages/airflow/example_dags/example_complex.py took 0.171 seconds
[2025-12-13T10:40:34.934+0000] {processor.py:186} INFO - Started process (PID=3067) to work on /home/airflow/.local/lib/python3.12/site-packages/airflow/example_dags/example_complex.py
[2025-12-13T10:40:34.935+0000] {processor.py:914} INFO - Processing file /home/airflow/.local/lib/python3.12/site-packages/airflow/example_dags/example_complex.py for tasks to queue
[2025-12-13T10:40:34.939+0000] {logging_mixin.py:190} INFO - [2025-12-13T10:40:34.938+0000] {dagbag.py:588} INFO - Filling up the DagBag from /home/airflow/.local/lib/python3.12/site-packages/airflow/example_dags/example_complex.py
[2025-12-13T10:40:34.962+0000] {processor.py:925} INFO - DAG(s) 'example_complex' retrieved from /home/airflow/.local/lib/python3.12/site-packages/airflow/example_dags/example_complex.py
[2025-12-13T10:40:35.282+0000] {logging_mixin.py:190} INFO - [2025-12-13T10:40:35.282+0000] {dag.py:3239} INFO - Sync 1 DAGs
[2025-12-13T10:40:35.309+0000] {logging_mixin.py:190} INFO - [2025-12-13T10:40:35.309+0000] {dag.py:4180} INFO - Setting next_dagrun for example_complex to None, run_after=None
[2025-12-13T10:40:35.345+0000] {processor.py:208} INFO - Processing /home/airflow/.local/lib/python3.12/site-packages/airflow/example_dags/example_complex.py took 0.422 seconds
[2025-12-13T10:41:06.165+0000] {processor.py:186} INFO - Started process (PID=3129) to work on /home/airflow/.local/lib/python3.12/site-packages/airflow/example_dags/example_complex.py
[2025-12-13T10:41:06.168+0000] {processor.py:914} INFO - Processing file /home/airflow/.local/lib/python3.12/site-packages/airflow/example_dags/example_complex.py for tasks to queue
[2025-12-13T10:41:06.172+0000] {logging_mixin.py:190} INFO - [2025-12-13T10:41:06.171+0000] {dagbag.py:588} INFO - Filling up the DagBag from /home/airflow/.local/lib/python3.12/site-packages/airflow/example_dags/example_complex.py
[2025-12-13T10:41:06.200+0000] {processor.py:925} INFO - DAG(s) 'example_complex' retrieved from /home/airflow/.local/lib/python3.12/site-packages/airflow/example_dags/example_complex.py
[2025-12-13T10:41:06.276+0000] {logging_mixin.py:190} INFO - [2025-12-13T10:41:06.275+0000] {dag.py:3239} INFO - Sync 1 DAGs
[2025-12-13T10:41:06.305+0000] {logging_mixin.py:190} INFO - [2025-12-13T10:41:06.305+0000] {dag.py:4180} INFO - Setting next_dagrun for example_complex to None, run_after=None
[2025-12-13T10:41:06.339+0000] {processor.py:208} INFO - Processing /home/airflow/.local/lib/python3.12/site-packages/airflow/example_dags/example_complex.py took 0.186 seconds
[2025-12-13T10:41:36.625+0000] {processor.py:186} INFO - Started process (PID=3194) to work on /home/airflow/.local/lib/python3.12/site-packages/airflow/example_dags/example_complex.py
[2025-12-13T10:41:36.627+0000] {processor.py:914} INFO - Processing file /home/airflow/.local/lib/python3.12/site-packages/airflow/example_dags/example_complex.py for tasks to queue
[2025-12-13T10:41:36.632+0000] {logging_mixin.py:190} INFO - [2025-12-13T10:41:36.631+0000] {dagbag.py:588} INFO - Filling up the DagBag from /home/airflow/.local/lib/python3.12/site-packages/airflow/example_dags/example_complex.py
[2025-12-13T10:41:36.695+0000] {processor.py:925} INFO - DAG(s) 'example_complex' retrieved from /home/airflow/.local/lib/python3.12/site-packages/airflow/example_dags/example_complex.py
[2025-12-13T10:41:36.801+0000] {logging_mixin.py:190} INFO - [2025-12-13T10:41:36.800+0000] {dag.py:3239} INFO - Sync 1 DAGs
[2025-12-13T10:41:36.867+0000] {logging_mixin.py:190} INFO - [2025-12-13T10:41:36.866+0000] {dag.py:4180} INFO - Setting next_dagrun for example_complex to None, run_after=None
[2025-12-13T10:41:36.905+0000] {processor.py:208} INFO - Processing /home/airflow/.local/lib/python3.12/site-packages/airflow/example_dags/example_complex.py took 0.322 seconds
[2025-12-13T10:42:07.145+0000] {processor.py:186} INFO - Started process (PID=3257) to work on /home/airflow/.local/lib/python3.12/site-packages/airflow/example_dags/example_complex.py
[2025-12-13T10:42:07.147+0000] {processor.py:914} INFO - Processing file /home/airflow/.local/lib/python3.12/site-packages/airflow/example_dags/example_complex.py for tasks to queue
[2025-12-13T10:42:07.152+0000] {logging_mixin.py:190} INFO - [2025-12-13T10:42:07.151+0000] {dagbag.py:588} INFO - Filling up the DagBag from /home/airflow/.local/lib/python3.12/site-packages/airflow/example_dags/example_complex.py
[2025-12-13T10:42:07.184+0000] {processor.py:925} INFO - DAG(s) 'example_complex' retrieved from /home/airflow/.local/lib/python3.12/site-packages/airflow/example_dags/example_complex.py
[2025-12-13T10:42:07.270+0000] {logging_mixin.py:190} INFO - [2025-12-13T10:42:07.269+0000] {dag.py:3239} INFO - Sync 1 DAGs
[2025-12-13T10:42:07.309+0000] {logging_mixin.py:190} INFO - [2025-12-13T10:42:07.309+0000] {dag.py:4180} INFO - Setting next_dagrun for example_complex to None, run_after=None
[2025-12-13T10:42:07.345+0000] {processor.py:208} INFO - Processing /home/airflow/.local/lib/python3.12/site-packages/airflow/example_dags/example_complex.py took 0.216 seconds
[2025-12-13T10:42:37.475+0000] {processor.py:186} INFO - Started process (PID=3319) to work on /home/airflow/.local/lib/python3.12/site-packages/airflow/example_dags/example_complex.py
[2025-12-13T10:42:37.476+0000] {processor.py:914} INFO - Processing file /home/airflow/.local/lib/python3.12/site-packages/airflow/example_dags/example_complex.py for tasks to queue
[2025-12-13T10:42:37.482+0000] {logging_mixin.py:190} INFO - [2025-12-13T10:42:37.481+0000] {dagbag.py:588} INFO - Filling up the DagBag from /home/airflow/.local/lib/python3.12/site-packages/airflow/example_dags/example_complex.py
[2025-12-13T10:42:37.510+0000] {processor.py:925} INFO - DAG(s) 'example_complex' retrieved from /home/airflow/.local/lib/python3.12/site-packages/airflow/example_dags/example_complex.py
[2025-12-13T10:42:37.590+0000] {logging_mixin.py:190} INFO - [2025-12-13T10:42:37.589+0000] {dag.py:3239} INFO - Sync 1 DAGs
[2025-12-13T10:42:37.622+0000] {logging_mixin.py:190} INFO - [2025-12-13T10:42:37.621+0000] {dag.py:4180} INFO - Setting next_dagrun for example_complex to None, run_after=None
[2025-12-13T10:42:37.662+0000] {processor.py:208} INFO - Processing /home/airflow/.local/lib/python3.12/site-packages/airflow/example_dags/example_complex.py took 0.206 seconds
[2025-12-13T10:43:07.769+0000] {processor.py:186} INFO - Started process (PID=3382) to work on /home/airflow/.local/lib/python3.12/site-packages/airflow/example_dags/example_complex.py
[2025-12-13T10:43:07.771+0000] {processor.py:914} INFO - Processing file /home/airflow/.local/lib/python3.12/site-packages/airflow/example_dags/example_complex.py for tasks to queue
[2025-12-13T10:43:07.775+0000] {logging_mixin.py:190} INFO - [2025-12-13T10:43:07.775+0000] {dagbag.py:588} INFO - Filling up the DagBag from /home/airflow/.local/lib/python3.12/site-packages/airflow/example_dags/example_complex.py
[2025-12-13T10:43:07.803+0000] {processor.py:925} INFO - DAG(s) 'example_complex' retrieved from /home/airflow/.local/lib/python3.12/site-packages/airflow/example_dags/example_complex.py
[2025-12-13T10:43:07.882+0000] {logging_mixin.py:190} INFO - [2025-12-13T10:43:07.882+0000] {dag.py:3239} INFO - Sync 1 DAGs
[2025-12-13T10:43:07.905+0000] {logging_mixin.py:190} INFO - [2025-12-13T10:43:07.905+0000] {dag.py:4180} INFO - Setting next_dagrun for example_complex to None, run_after=None
[2025-12-13T10:43:07.936+0000] {processor.py:208} INFO - Processing /home/airflow/.local/lib/python3.12/site-packages/airflow/example_dags/example_complex.py took 0.178 seconds
[2025-12-13T10:43:38.444+0000] {processor.py:186} INFO - Started process (PID=3445) to work on /home/airflow/.local/lib/python3.12/site-packages/airflow/example_dags/example_complex.py
[2025-12-13T10:43:38.450+0000] {processor.py:914} INFO - Processing file /home/airflow/.local/lib/python3.12/site-packages/airflow/example_dags/example_complex.py for tasks to queue
[2025-12-13T10:43:38.458+0000] {logging_mixin.py:190} INFO - [2025-12-13T10:43:38.457+0000] {dagbag.py:588} INFO - Filling up the DagBag from /home/airflow/.local/lib/python3.12/site-packages/airflow/example_dags/example_complex.py
[2025-12-13T10:43:38.494+0000] {processor.py:925} INFO - DAG(s) 'example_complex' retrieved from /home/airflow/.local/lib/python3.12/site-packages/airflow/example_dags/example_complex.py
[2025-12-13T10:43:38.577+0000] {logging_mixin.py:190} INFO - [2025-12-13T10:43:38.577+0000] {dag.py:3239} INFO - Sync 1 DAGs
[2025-12-13T10:43:38.624+0000] {logging_mixin.py:190} INFO - [2025-12-13T10:43:38.623+0000] {dag.py:4180} INFO - Setting next_dagrun for example_complex to None, run_after=None
[2025-12-13T10:43:38.664+0000] {processor.py:208} INFO - Processing /home/airflow/.local/lib/python3.12/site-packages/airflow/example_dags/example_complex.py took 0.240 seconds
[2025-12-13T10:44:11.606+0000] {processor.py:186} INFO - Started process (PID=3506) to work on /home/airflow/.local/lib/python3.12/site-packages/airflow/example_dags/example_complex.py
[2025-12-13T10:44:11.611+0000] {processor.py:914} INFO - Processing file /home/airflow/.local/lib/python3.12/site-packages/airflow/example_dags/example_complex.py for tasks to queue
[2025-12-13T10:44:11.630+0000] {logging_mixin.py:190} INFO - [2025-12-13T10:44:11.629+0000] {dagbag.py:588} INFO - Filling up the DagBag from /home/airflow/.local/lib/python3.12/site-packages/airflow/example_dags/example_complex.py
[2025-12-13T10:44:11.708+0000] {processor.py:925} INFO - DAG(s) 'example_complex' retrieved from /home/airflow/.local/lib/python3.12/site-packages/airflow/example_dags/example_complex.py
[2025-12-13T10:44:11.919+0000] {logging_mixin.py:190} INFO - [2025-12-13T10:44:11.918+0000] {dag.py:3239} INFO - Sync 1 DAGs
[2025-12-13T10:44:11.993+0000] {logging_mixin.py:190} INFO - [2025-12-13T10:44:11.992+0000] {dag.py:4180} INFO - Setting next_dagrun for example_complex to None, run_after=None
[2025-12-13T10:44:12.105+0000] {processor.py:208} INFO - Processing /home/airflow/.local/lib/python3.12/site-packages/airflow/example_dags/example_complex.py took 0.527 seconds
[2025-12-13T10:44:42.669+0000] {processor.py:186} INFO - Started process (PID=3568) to work on /home/airflow/.local/lib/python3.12/site-packages/airflow/example_dags/example_complex.py
[2025-12-13T10:44:42.675+0000] {processor.py:914} INFO - Processing file /home/airflow/.local/lib/python3.12/site-packages/airflow/example_dags/example_complex.py for tasks to queue
[2025-12-13T10:44:42.694+0000] {logging_mixin.py:190} INFO - [2025-12-13T10:44:42.689+0000] {dagbag.py:588} INFO - Filling up the DagBag from /home/airflow/.local/lib/python3.12/site-packages/airflow/example_dags/example_complex.py
[2025-12-13T10:44:42.810+0000] {processor.py:925} INFO - DAG(s) 'example_complex' retrieved from /home/airflow/.local/lib/python3.12/site-packages/airflow/example_dags/example_complex.py
[2025-12-13T10:44:43.050+0000] {logging_mixin.py:190} INFO - [2025-12-13T10:44:43.049+0000] {dag.py:3239} INFO - Sync 1 DAGs
[2025-12-13T10:44:43.166+0000] {logging_mixin.py:190} INFO - [2025-12-13T10:44:43.165+0000] {dag.py:4180} INFO - Setting next_dagrun for example_complex to None, run_after=None
[2025-12-13T10:44:43.245+0000] {processor.py:208} INFO - Processing /home/airflow/.local/lib/python3.12/site-packages/airflow/example_dags/example_complex.py took 0.637 seconds
[2025-12-13T10:45:13.992+0000] {processor.py:186} INFO - Started process (PID=3632) to work on /home/airflow/.local/lib/python3.12/site-packages/airflow/example_dags/example_complex.py
[2025-12-13T10:45:13.995+0000] {processor.py:914} INFO - Processing file /home/airflow/.local/lib/python3.12/site-packages/airflow/example_dags/example_complex.py for tasks to queue
[2025-12-13T10:45:13.999+0000] {logging_mixin.py:190} INFO - [2025-12-13T10:45:13.998+0000] {dagbag.py:588} INFO - Filling up the DagBag from /home/airflow/.local/lib/python3.12/site-packages/airflow/example_dags/example_complex.py
[2025-12-13T10:45:14.030+0000] {processor.py:925} INFO - DAG(s) 'example_complex' retrieved from /home/airflow/.local/lib/python3.12/site-packages/airflow/example_dags/example_complex.py
[2025-12-13T10:45:14.116+0000] {logging_mixin.py:190} INFO - [2025-12-13T10:45:14.116+0000] {dag.py:3239} INFO - Sync 1 DAGs
[2025-12-13T10:45:14.151+0000] {logging_mixin.py:190} INFO - [2025-12-13T10:45:14.151+0000] {dag.py:4180} INFO - Setting next_dagrun for example_complex to None, run_after=None
[2025-12-13T10:45:14.232+0000] {processor.py:208} INFO - Processing /home/airflow/.local/lib/python3.12/site-packages/airflow/example_dags/example_complex.py took 0.253 seconds
[2025-12-13T10:45:44.809+0000] {processor.py:186} INFO - Started process (PID=3695) to work on /home/airflow/.local/lib/python3.12/site-packages/airflow/example_dags/example_complex.py
[2025-12-13T10:45:44.810+0000] {processor.py:914} INFO - Processing file /home/airflow/.local/lib/python3.12/site-packages/airflow/example_dags/example_complex.py for tasks to queue
[2025-12-13T10:45:44.814+0000] {logging_mixin.py:190} INFO - [2025-12-13T10:45:44.813+0000] {dagbag.py:588} INFO - Filling up the DagBag from /home/airflow/.local/lib/python3.12/site-packages/airflow/example_dags/example_complex.py
[2025-12-13T10:45:44.839+0000] {processor.py:925} INFO - DAG(s) 'example_complex' retrieved from /home/airflow/.local/lib/python3.12/site-packages/airflow/example_dags/example_complex.py
[2025-12-13T10:45:44.893+0000] {logging_mixin.py:190} INFO - [2025-12-13T10:45:44.893+0000] {dag.py:3239} INFO - Sync 1 DAGs
[2025-12-13T10:45:44.926+0000] {logging_mixin.py:190} INFO - [2025-12-13T10:45:44.925+0000] {dag.py:4180} INFO - Setting next_dagrun for example_complex to None, run_after=None
[2025-12-13T10:45:44.961+0000] {processor.py:208} INFO - Processing /home/airflow/.local/lib/python3.12/site-packages/airflow/example_dags/example_complex.py took 0.163 seconds
[2025-12-13T10:46:15.395+0000] {processor.py:186} INFO - Started process (PID=3758) to work on /home/airflow/.local/lib/python3.12/site-packages/airflow/example_dags/example_complex.py
[2025-12-13T10:46:15.397+0000] {processor.py:914} INFO - Processing file /home/airflow/.local/lib/python3.12/site-packages/airflow/example_dags/example_complex.py for tasks to queue
[2025-12-13T10:46:15.400+0000] {logging_mixin.py:190} INFO - [2025-12-13T10:46:15.399+0000] {dagbag.py:588} INFO - Filling up the DagBag from /home/airflow/.local/lib/python3.12/site-packages/airflow/example_dags/example_complex.py
[2025-12-13T10:46:15.418+0000] {processor.py:925} INFO - DAG(s) 'example_complex' retrieved from /home/airflow/.local/lib/python3.12/site-packages/airflow/example_dags/example_complex.py
[2025-12-13T10:46:15.478+0000] {logging_mixin.py:190} INFO - [2025-12-13T10:46:15.478+0000] {dag.py:3239} INFO - Sync 1 DAGs
[2025-12-13T10:46:15.501+0000] {logging_mixin.py:190} INFO - [2025-12-13T10:46:15.501+0000] {dag.py:4180} INFO - Setting next_dagrun for example_complex to None, run_after=None
[2025-12-13T10:46:15.532+0000] {processor.py:208} INFO - Processing /home/airflow/.local/lib/python3.12/site-packages/airflow/example_dags/example_complex.py took 0.146 seconds
[2025-12-13T10:46:45.756+0000] {processor.py:186} INFO - Started process (PID=3821) to work on /home/airflow/.local/lib/python3.12/site-packages/airflow/example_dags/example_complex.py
[2025-12-13T10:46:45.759+0000] {processor.py:914} INFO - Processing file /home/airflow/.local/lib/python3.12/site-packages/airflow/example_dags/example_complex.py for tasks to queue
[2025-12-13T10:46:45.763+0000] {logging_mixin.py:190} INFO - [2025-12-13T10:46:45.762+0000] {dagbag.py:588} INFO - Filling up the DagBag from /home/airflow/.local/lib/python3.12/site-packages/airflow/example_dags/example_complex.py
[2025-12-13T10:46:45.785+0000] {processor.py:925} INFO - DAG(s) 'example_complex' retrieved from /home/airflow/.local/lib/python3.12/site-packages/airflow/example_dags/example_complex.py
[2025-12-13T10:46:45.847+0000] {logging_mixin.py:190} INFO - [2025-12-13T10:46:45.846+0000] {dag.py:3239} INFO - Sync 1 DAGs
[2025-12-13T10:46:45.872+0000] {logging_mixin.py:190} INFO - [2025-12-13T10:46:45.871+0000] {dag.py:4180} INFO - Setting next_dagrun for example_complex to None, run_after=None
[2025-12-13T10:46:45.905+0000] {processor.py:208} INFO - Processing /home/airflow/.local/lib/python3.12/site-packages/airflow/example_dags/example_complex.py took 0.161 seconds
