[2025-12-13T10:16:19.091+0000] {processor.py:186} INFO - Started process (PID=116) to work on /home/airflow/.local/lib/python3.12/site-packages/airflow/example_dags/example_sla_dag.py
[2025-12-13T10:16:19.092+0000] {processor.py:914} INFO - Processing file /home/airflow/.local/lib/python3.12/site-packages/airflow/example_dags/example_sla_dag.py for tasks to queue
[2025-12-13T10:16:19.096+0000] {logging_mixin.py:190} INFO - [2025-12-13T10:16:19.095+0000] {dagbag.py:588} INFO - Filling up the DagBag from /home/airflow/.local/lib/python3.12/site-packages/airflow/example_dags/example_sla_dag.py
[2025-12-13T10:16:19.117+0000] {processor.py:925} INFO - DAG(s) 'example_sla_dag' retrieved from /home/airflow/.local/lib/python3.12/site-packages/airflow/example_dags/example_sla_dag.py
[2025-12-13T10:16:19.344+0000] {logging_mixin.py:190} INFO - [2025-12-13T10:16:19.342+0000] {override.py:1911} INFO - Created Permission View: can edit on DAG:example_sla_dag
[2025-12-13T10:16:19.360+0000] {logging_mixin.py:190} INFO - [2025-12-13T10:16:19.359+0000] {override.py:1911} INFO - Created Permission View: can delete on DAG:example_sla_dag
[2025-12-13T10:16:19.372+0000] {logging_mixin.py:190} INFO - [2025-12-13T10:16:19.371+0000] {override.py:1911} INFO - Created Permission View: can read on DAG:example_sla_dag
[2025-12-13T10:16:19.383+0000] {logging_mixin.py:190} INFO - [2025-12-13T10:16:19.382+0000] {override.py:1911} INFO - Created Permission View: can create on DAG Run:example_sla_dag
[2025-12-13T10:16:19.394+0000] {logging_mixin.py:190} INFO - [2025-12-13T10:16:19.393+0000] {override.py:1911} INFO - Created Permission View: can delete on DAG Run:example_sla_dag
[2025-12-13T10:16:19.406+0000] {logging_mixin.py:190} INFO - [2025-12-13T10:16:19.405+0000] {override.py:1911} INFO - Created Permission View: menu access on DAG Run:example_sla_dag
[2025-12-13T10:16:19.417+0000] {logging_mixin.py:190} INFO - [2025-12-13T10:16:19.417+0000] {override.py:1911} INFO - Created Permission View: can read on DAG Run:example_sla_dag
[2025-12-13T10:16:19.418+0000] {logging_mixin.py:190} INFO - [2025-12-13T10:16:19.418+0000] {dag.py:3239} INFO - Sync 1 DAGs
[2025-12-13T10:16:19.447+0000] {logging_mixin.py:190} INFO - [2025-12-13T10:16:19.447+0000] {dag.py:3262} INFO - Creating ORM DAG for example_sla_dag
[2025-12-13T10:16:19.473+0000] {logging_mixin.py:190} INFO - [2025-12-13T10:16:19.473+0000] {dag.py:4180} INFO - Setting next_dagrun for example_sla_dag to 2025-12-13 10:14:00+00:00, run_after=2025-12-13 10:16:00+00:00
[2025-12-13T10:16:19.499+0000] {processor.py:208} INFO - Processing /home/airflow/.local/lib/python3.12/site-packages/airflow/example_dags/example_sla_dag.py took 0.422 seconds
[2025-12-13T10:16:50.266+0000] {processor.py:186} INFO - Started process (PID=179) to work on /home/airflow/.local/lib/python3.12/site-packages/airflow/example_dags/example_sla_dag.py
[2025-12-13T10:16:50.268+0000] {processor.py:914} INFO - Processing file /home/airflow/.local/lib/python3.12/site-packages/airflow/example_dags/example_sla_dag.py for tasks to queue
[2025-12-13T10:16:50.273+0000] {logging_mixin.py:190} INFO - [2025-12-13T10:16:50.272+0000] {dagbag.py:588} INFO - Filling up the DagBag from /home/airflow/.local/lib/python3.12/site-packages/airflow/example_dags/example_sla_dag.py
[2025-12-13T10:16:50.297+0000] {processor.py:925} INFO - DAG(s) 'example_sla_dag' retrieved from /home/airflow/.local/lib/python3.12/site-packages/airflow/example_dags/example_sla_dag.py
[2025-12-13T10:16:50.344+0000] {logging_mixin.py:190} INFO - [2025-12-13T10:16:50.343+0000] {dag.py:3239} INFO - Sync 1 DAGs
[2025-12-13T10:16:50.411+0000] {logging_mixin.py:190} INFO - [2025-12-13T10:16:50.410+0000] {dag.py:4180} INFO - Setting next_dagrun for example_sla_dag to 2025-12-13 10:14:00+00:00, run_after=2025-12-13 10:16:00+00:00
[2025-12-13T10:16:50.444+0000] {processor.py:208} INFO - Processing /home/airflow/.local/lib/python3.12/site-packages/airflow/example_dags/example_sla_dag.py took 0.193 seconds
[2025-12-13T10:17:21.848+0000] {processor.py:186} INFO - Started process (PID=241) to work on /home/airflow/.local/lib/python3.12/site-packages/airflow/example_dags/example_sla_dag.py
[2025-12-13T10:17:21.849+0000] {processor.py:914} INFO - Processing file /home/airflow/.local/lib/python3.12/site-packages/airflow/example_dags/example_sla_dag.py for tasks to queue
[2025-12-13T10:17:21.854+0000] {logging_mixin.py:190} INFO - [2025-12-13T10:17:21.853+0000] {dagbag.py:588} INFO - Filling up the DagBag from /home/airflow/.local/lib/python3.12/site-packages/airflow/example_dags/example_sla_dag.py
[2025-12-13T10:17:21.876+0000] {processor.py:925} INFO - DAG(s) 'example_sla_dag' retrieved from /home/airflow/.local/lib/python3.12/site-packages/airflow/example_dags/example_sla_dag.py
[2025-12-13T10:17:21.917+0000] {logging_mixin.py:190} INFO - [2025-12-13T10:17:21.916+0000] {dag.py:3239} INFO - Sync 1 DAGs
[2025-12-13T10:17:21.998+0000] {logging_mixin.py:190} INFO - [2025-12-13T10:17:21.997+0000] {dag.py:4180} INFO - Setting next_dagrun for example_sla_dag to 2025-12-13 10:14:00+00:00, run_after=2025-12-13 10:16:00+00:00
[2025-12-13T10:17:22.043+0000] {processor.py:208} INFO - Processing /home/airflow/.local/lib/python3.12/site-packages/airflow/example_dags/example_sla_dag.py took 0.207 seconds
[2025-12-13T10:17:54.086+0000] {processor.py:186} INFO - Started process (PID=304) to work on /home/airflow/.local/lib/python3.12/site-packages/airflow/example_dags/example_sla_dag.py
[2025-12-13T10:17:54.088+0000] {processor.py:914} INFO - Processing file /home/airflow/.local/lib/python3.12/site-packages/airflow/example_dags/example_sla_dag.py for tasks to queue
[2025-12-13T10:17:54.091+0000] {logging_mixin.py:190} INFO - [2025-12-13T10:17:54.090+0000] {dagbag.py:588} INFO - Filling up the DagBag from /home/airflow/.local/lib/python3.12/site-packages/airflow/example_dags/example_sla_dag.py
[2025-12-13T10:17:54.105+0000] {processor.py:925} INFO - DAG(s) 'example_sla_dag' retrieved from /home/airflow/.local/lib/python3.12/site-packages/airflow/example_dags/example_sla_dag.py
[2025-12-13T10:17:54.137+0000] {logging_mixin.py:190} INFO - [2025-12-13T10:17:54.137+0000] {dag.py:3239} INFO - Sync 1 DAGs
[2025-12-13T10:17:54.181+0000] {logging_mixin.py:190} INFO - [2025-12-13T10:17:54.181+0000] {dag.py:4180} INFO - Setting next_dagrun for example_sla_dag to 2025-12-13 10:14:00+00:00, run_after=2025-12-13 10:16:00+00:00
[2025-12-13T10:17:54.207+0000] {processor.py:208} INFO - Processing /home/airflow/.local/lib/python3.12/site-packages/airflow/example_dags/example_sla_dag.py took 0.134 seconds
[2025-12-13T10:18:26.208+0000] {processor.py:186} INFO - Started process (PID=367) to work on /home/airflow/.local/lib/python3.12/site-packages/airflow/example_dags/example_sla_dag.py
[2025-12-13T10:18:26.209+0000] {processor.py:914} INFO - Processing file /home/airflow/.local/lib/python3.12/site-packages/airflow/example_dags/example_sla_dag.py for tasks to queue
[2025-12-13T10:18:26.214+0000] {logging_mixin.py:190} INFO - [2025-12-13T10:18:26.213+0000] {dagbag.py:588} INFO - Filling up the DagBag from /home/airflow/.local/lib/python3.12/site-packages/airflow/example_dags/example_sla_dag.py
[2025-12-13T10:18:26.236+0000] {processor.py:925} INFO - DAG(s) 'example_sla_dag' retrieved from /home/airflow/.local/lib/python3.12/site-packages/airflow/example_dags/example_sla_dag.py
[2025-12-13T10:18:26.269+0000] {logging_mixin.py:190} INFO - [2025-12-13T10:18:26.269+0000] {dag.py:3239} INFO - Sync 1 DAGs
[2025-12-13T10:18:26.317+0000] {logging_mixin.py:190} INFO - [2025-12-13T10:18:26.316+0000] {dag.py:4180} INFO - Setting next_dagrun for example_sla_dag to 2025-12-13 10:16:00+00:00, run_after=2025-12-13 10:18:00+00:00
[2025-12-13T10:18:26.350+0000] {processor.py:208} INFO - Processing /home/airflow/.local/lib/python3.12/site-packages/airflow/example_dags/example_sla_dag.py took 0.155 seconds
[2025-12-13T10:18:59.683+0000] {processor.py:186} INFO - Started process (PID=430) to work on /home/airflow/.local/lib/python3.12/site-packages/airflow/example_dags/example_sla_dag.py
[2025-12-13T10:18:59.685+0000] {processor.py:914} INFO - Processing file /home/airflow/.local/lib/python3.12/site-packages/airflow/example_dags/example_sla_dag.py for tasks to queue
[2025-12-13T10:18:59.713+0000] {logging_mixin.py:190} INFO - [2025-12-13T10:18:59.712+0000] {dagbag.py:588} INFO - Filling up the DagBag from /home/airflow/.local/lib/python3.12/site-packages/airflow/example_dags/example_sla_dag.py
[2025-12-13T10:18:59.761+0000] {processor.py:925} INFO - DAG(s) 'example_sla_dag' retrieved from /home/airflow/.local/lib/python3.12/site-packages/airflow/example_dags/example_sla_dag.py
[2025-12-13T10:18:59.799+0000] {logging_mixin.py:190} INFO - [2025-12-13T10:18:59.798+0000] {dag.py:3239} INFO - Sync 1 DAGs
[2025-12-13T10:18:59.861+0000] {logging_mixin.py:190} INFO - [2025-12-13T10:18:59.860+0000] {dag.py:4180} INFO - Setting next_dagrun for example_sla_dag to 2025-12-13 10:16:00+00:00, run_after=2025-12-13 10:18:00+00:00
[2025-12-13T10:18:59.908+0000] {processor.py:208} INFO - Processing /home/airflow/.local/lib/python3.12/site-packages/airflow/example_dags/example_sla_dag.py took 0.267 seconds
[2025-12-13T10:19:31.430+0000] {processor.py:186} INFO - Started process (PID=493) to work on /home/airflow/.local/lib/python3.12/site-packages/airflow/example_dags/example_sla_dag.py
[2025-12-13T10:19:31.431+0000] {processor.py:914} INFO - Processing file /home/airflow/.local/lib/python3.12/site-packages/airflow/example_dags/example_sla_dag.py for tasks to queue
[2025-12-13T10:19:31.435+0000] {logging_mixin.py:190} INFO - [2025-12-13T10:19:31.435+0000] {dagbag.py:588} INFO - Filling up the DagBag from /home/airflow/.local/lib/python3.12/site-packages/airflow/example_dags/example_sla_dag.py
[2025-12-13T10:19:31.456+0000] {processor.py:925} INFO - DAG(s) 'example_sla_dag' retrieved from /home/airflow/.local/lib/python3.12/site-packages/airflow/example_dags/example_sla_dag.py
[2025-12-13T10:19:31.509+0000] {logging_mixin.py:190} INFO - [2025-12-13T10:19:31.508+0000] {dag.py:3239} INFO - Sync 1 DAGs
[2025-12-13T10:19:31.585+0000] {logging_mixin.py:190} INFO - [2025-12-13T10:19:31.585+0000] {dag.py:4180} INFO - Setting next_dagrun for example_sla_dag to 2025-12-13 10:16:00+00:00, run_after=2025-12-13 10:18:00+00:00
[2025-12-13T10:19:31.635+0000] {processor.py:208} INFO - Processing /home/airflow/.local/lib/python3.12/site-packages/airflow/example_dags/example_sla_dag.py took 0.216 seconds
[2025-12-13T10:20:01.804+0000] {processor.py:186} INFO - Started process (PID=555) to work on /home/airflow/.local/lib/python3.12/site-packages/airflow/example_dags/example_sla_dag.py
[2025-12-13T10:20:01.806+0000] {processor.py:914} INFO - Processing file /home/airflow/.local/lib/python3.12/site-packages/airflow/example_dags/example_sla_dag.py for tasks to queue
[2025-12-13T10:20:01.813+0000] {logging_mixin.py:190} INFO - [2025-12-13T10:20:01.811+0000] {dagbag.py:588} INFO - Filling up the DagBag from /home/airflow/.local/lib/python3.12/site-packages/airflow/example_dags/example_sla_dag.py
[2025-12-13T10:20:01.844+0000] {processor.py:925} INFO - DAG(s) 'example_sla_dag' retrieved from /home/airflow/.local/lib/python3.12/site-packages/airflow/example_dags/example_sla_dag.py
[2025-12-13T10:20:01.900+0000] {logging_mixin.py:190} INFO - [2025-12-13T10:20:01.899+0000] {dag.py:3239} INFO - Sync 1 DAGs
[2025-12-13T10:20:01.988+0000] {logging_mixin.py:190} INFO - [2025-12-13T10:20:01.987+0000] {dag.py:4180} INFO - Setting next_dagrun for example_sla_dag to 2025-12-13 10:18:00+00:00, run_after=2025-12-13 10:20:00+00:00
[2025-12-13T10:20:02.038+0000] {processor.py:208} INFO - Processing /home/airflow/.local/lib/python3.12/site-packages/airflow/example_dags/example_sla_dag.py took 0.255 seconds
[2025-12-13T10:20:32.193+0000] {processor.py:186} INFO - Started process (PID=618) to work on /home/airflow/.local/lib/python3.12/site-packages/airflow/example_dags/example_sla_dag.py
[2025-12-13T10:20:32.195+0000] {processor.py:914} INFO - Processing file /home/airflow/.local/lib/python3.12/site-packages/airflow/example_dags/example_sla_dag.py for tasks to queue
[2025-12-13T10:20:32.200+0000] {logging_mixin.py:190} INFO - [2025-12-13T10:20:32.199+0000] {dagbag.py:588} INFO - Filling up the DagBag from /home/airflow/.local/lib/python3.12/site-packages/airflow/example_dags/example_sla_dag.py
[2025-12-13T10:20:32.223+0000] {processor.py:925} INFO - DAG(s) 'example_sla_dag' retrieved from /home/airflow/.local/lib/python3.12/site-packages/airflow/example_dags/example_sla_dag.py
[2025-12-13T10:20:32.262+0000] {logging_mixin.py:190} INFO - [2025-12-13T10:20:32.261+0000] {dag.py:3239} INFO - Sync 1 DAGs
[2025-12-13T10:20:32.316+0000] {logging_mixin.py:190} INFO - [2025-12-13T10:20:32.316+0000] {dag.py:4180} INFO - Setting next_dagrun for example_sla_dag to 2025-12-13 10:18:00+00:00, run_after=2025-12-13 10:20:00+00:00
[2025-12-13T10:20:32.359+0000] {processor.py:208} INFO - Processing /home/airflow/.local/lib/python3.12/site-packages/airflow/example_dags/example_sla_dag.py took 0.178 seconds
[2025-12-13T10:21:03.061+0000] {processor.py:186} INFO - Started process (PID=680) to work on /home/airflow/.local/lib/python3.12/site-packages/airflow/example_dags/example_sla_dag.py
[2025-12-13T10:21:03.063+0000] {processor.py:914} INFO - Processing file /home/airflow/.local/lib/python3.12/site-packages/airflow/example_dags/example_sla_dag.py for tasks to queue
[2025-12-13T10:21:03.068+0000] {logging_mixin.py:190} INFO - [2025-12-13T10:21:03.068+0000] {dagbag.py:588} INFO - Filling up the DagBag from /home/airflow/.local/lib/python3.12/site-packages/airflow/example_dags/example_sla_dag.py
[2025-12-13T10:21:03.091+0000] {processor.py:925} INFO - DAG(s) 'example_sla_dag' retrieved from /home/airflow/.local/lib/python3.12/site-packages/airflow/example_dags/example_sla_dag.py
[2025-12-13T10:21:03.125+0000] {logging_mixin.py:190} INFO - [2025-12-13T10:21:03.124+0000] {dag.py:3239} INFO - Sync 1 DAGs
[2025-12-13T10:21:03.188+0000] {logging_mixin.py:190} INFO - [2025-12-13T10:21:03.187+0000] {dag.py:4180} INFO - Setting next_dagrun for example_sla_dag to 2025-12-13 10:18:00+00:00, run_after=2025-12-13 10:20:00+00:00
[2025-12-13T10:21:03.220+0000] {processor.py:208} INFO - Processing /home/airflow/.local/lib/python3.12/site-packages/airflow/example_dags/example_sla_dag.py took 0.171 seconds
[2025-12-13T10:21:34.175+0000] {processor.py:186} INFO - Started process (PID=743) to work on /home/airflow/.local/lib/python3.12/site-packages/airflow/example_dags/example_sla_dag.py
[2025-12-13T10:21:34.177+0000] {processor.py:914} INFO - Processing file /home/airflow/.local/lib/python3.12/site-packages/airflow/example_dags/example_sla_dag.py for tasks to queue
[2025-12-13T10:21:34.183+0000] {logging_mixin.py:190} INFO - [2025-12-13T10:21:34.181+0000] {dagbag.py:588} INFO - Filling up the DagBag from /home/airflow/.local/lib/python3.12/site-packages/airflow/example_dags/example_sla_dag.py
[2025-12-13T10:21:34.212+0000] {processor.py:925} INFO - DAG(s) 'example_sla_dag' retrieved from /home/airflow/.local/lib/python3.12/site-packages/airflow/example_dags/example_sla_dag.py
[2025-12-13T10:21:34.265+0000] {logging_mixin.py:190} INFO - [2025-12-13T10:21:34.264+0000] {dag.py:3239} INFO - Sync 1 DAGs
[2025-12-13T10:21:34.368+0000] {logging_mixin.py:190} INFO - [2025-12-13T10:21:34.367+0000] {dag.py:4180} INFO - Setting next_dagrun for example_sla_dag to 2025-12-13 10:18:00+00:00, run_after=2025-12-13 10:20:00+00:00
[2025-12-13T10:21:34.457+0000] {processor.py:208} INFO - Processing /home/airflow/.local/lib/python3.12/site-packages/airflow/example_dags/example_sla_dag.py took 0.297 seconds
[2025-12-13T10:22:06.769+0000] {processor.py:186} INFO - Started process (PID=807) to work on /home/airflow/.local/lib/python3.12/site-packages/airflow/example_dags/example_sla_dag.py
[2025-12-13T10:22:06.771+0000] {processor.py:914} INFO - Processing file /home/airflow/.local/lib/python3.12/site-packages/airflow/example_dags/example_sla_dag.py for tasks to queue
[2025-12-13T10:22:06.775+0000] {logging_mixin.py:190} INFO - [2025-12-13T10:22:06.774+0000] {dagbag.py:588} INFO - Filling up the DagBag from /home/airflow/.local/lib/python3.12/site-packages/airflow/example_dags/example_sla_dag.py
[2025-12-13T10:22:06.795+0000] {processor.py:925} INFO - DAG(s) 'example_sla_dag' retrieved from /home/airflow/.local/lib/python3.12/site-packages/airflow/example_dags/example_sla_dag.py
[2025-12-13T10:22:06.835+0000] {logging_mixin.py:190} INFO - [2025-12-13T10:22:06.834+0000] {dag.py:3239} INFO - Sync 1 DAGs
[2025-12-13T10:22:06.895+0000] {logging_mixin.py:190} INFO - [2025-12-13T10:22:06.895+0000] {dag.py:4180} INFO - Setting next_dagrun for example_sla_dag to 2025-12-13 10:20:00+00:00, run_after=2025-12-13 10:22:00+00:00
[2025-12-13T10:22:06.957+0000] {processor.py:208} INFO - Processing /home/airflow/.local/lib/python3.12/site-packages/airflow/example_dags/example_sla_dag.py took 0.199 seconds
[2025-12-13T10:22:38.671+0000] {processor.py:186} INFO - Started process (PID=869) to work on /home/airflow/.local/lib/python3.12/site-packages/airflow/example_dags/example_sla_dag.py
[2025-12-13T10:22:38.676+0000] {processor.py:914} INFO - Processing file /home/airflow/.local/lib/python3.12/site-packages/airflow/example_dags/example_sla_dag.py for tasks to queue
[2025-12-13T10:22:38.692+0000] {logging_mixin.py:190} INFO - [2025-12-13T10:22:38.684+0000] {dagbag.py:588} INFO - Filling up the DagBag from /home/airflow/.local/lib/python3.12/site-packages/airflow/example_dags/example_sla_dag.py
[2025-12-13T10:22:38.736+0000] {processor.py:925} INFO - DAG(s) 'example_sla_dag' retrieved from /home/airflow/.local/lib/python3.12/site-packages/airflow/example_dags/example_sla_dag.py
[2025-12-13T10:22:38.792+0000] {logging_mixin.py:190} INFO - [2025-12-13T10:22:38.792+0000] {dag.py:3239} INFO - Sync 1 DAGs
[2025-12-13T10:22:38.858+0000] {logging_mixin.py:190} INFO - [2025-12-13T10:22:38.858+0000] {dag.py:4180} INFO - Setting next_dagrun for example_sla_dag to 2025-12-13 10:20:00+00:00, run_after=2025-12-13 10:22:00+00:00
[2025-12-13T10:22:38.904+0000] {processor.py:208} INFO - Processing /home/airflow/.local/lib/python3.12/site-packages/airflow/example_dags/example_sla_dag.py took 0.256 seconds
[2025-12-13T10:23:10.588+0000] {processor.py:186} INFO - Started process (PID=933) to work on /home/airflow/.local/lib/python3.12/site-packages/airflow/example_dags/example_sla_dag.py
[2025-12-13T10:23:10.590+0000] {processor.py:914} INFO - Processing file /home/airflow/.local/lib/python3.12/site-packages/airflow/example_dags/example_sla_dag.py for tasks to queue
[2025-12-13T10:23:10.593+0000] {logging_mixin.py:190} INFO - [2025-12-13T10:23:10.593+0000] {dagbag.py:588} INFO - Filling up the DagBag from /home/airflow/.local/lib/python3.12/site-packages/airflow/example_dags/example_sla_dag.py
[2025-12-13T10:23:10.612+0000] {processor.py:925} INFO - DAG(s) 'example_sla_dag' retrieved from /home/airflow/.local/lib/python3.12/site-packages/airflow/example_dags/example_sla_dag.py
[2025-12-13T10:23:10.645+0000] {logging_mixin.py:190} INFO - [2025-12-13T10:23:10.645+0000] {dag.py:3239} INFO - Sync 1 DAGs
[2025-12-13T10:23:10.698+0000] {logging_mixin.py:190} INFO - [2025-12-13T10:23:10.697+0000] {dag.py:4180} INFO - Setting next_dagrun for example_sla_dag to 2025-12-13 10:20:00+00:00, run_after=2025-12-13 10:22:00+00:00
[2025-12-13T10:23:10.724+0000] {processor.py:208} INFO - Processing /home/airflow/.local/lib/python3.12/site-packages/airflow/example_dags/example_sla_dag.py took 0.148 seconds
[2025-12-13T10:23:41.910+0000] {processor.py:186} INFO - Started process (PID=996) to work on /home/airflow/.local/lib/python3.12/site-packages/airflow/example_dags/example_sla_dag.py
[2025-12-13T10:23:41.911+0000] {processor.py:914} INFO - Processing file /home/airflow/.local/lib/python3.12/site-packages/airflow/example_dags/example_sla_dag.py for tasks to queue
[2025-12-13T10:23:41.915+0000] {logging_mixin.py:190} INFO - [2025-12-13T10:23:41.915+0000] {dagbag.py:588} INFO - Filling up the DagBag from /home/airflow/.local/lib/python3.12/site-packages/airflow/example_dags/example_sla_dag.py
[2025-12-13T10:23:41.934+0000] {processor.py:925} INFO - DAG(s) 'example_sla_dag' retrieved from /home/airflow/.local/lib/python3.12/site-packages/airflow/example_dags/example_sla_dag.py
[2025-12-13T10:23:41.964+0000] {logging_mixin.py:190} INFO - [2025-12-13T10:23:41.964+0000] {dag.py:3239} INFO - Sync 1 DAGs
[2025-12-13T10:23:42.018+0000] {logging_mixin.py:190} INFO - [2025-12-13T10:23:42.017+0000] {dag.py:4180} INFO - Setting next_dagrun for example_sla_dag to 2025-12-13 10:20:00+00:00, run_after=2025-12-13 10:22:00+00:00
[2025-12-13T10:23:42.043+0000] {processor.py:208} INFO - Processing /home/airflow/.local/lib/python3.12/site-packages/airflow/example_dags/example_sla_dag.py took 0.143 seconds
[2025-12-13T10:24:14.456+0000] {processor.py:186} INFO - Started process (PID=1070) to work on /home/airflow/.local/lib/python3.12/site-packages/airflow/example_dags/example_sla_dag.py
[2025-12-13T10:24:14.457+0000] {processor.py:914} INFO - Processing file /home/airflow/.local/lib/python3.12/site-packages/airflow/example_dags/example_sla_dag.py for tasks to queue
[2025-12-13T10:24:14.461+0000] {logging_mixin.py:190} INFO - [2025-12-13T10:24:14.461+0000] {dagbag.py:588} INFO - Filling up the DagBag from /home/airflow/.local/lib/python3.12/site-packages/airflow/example_dags/example_sla_dag.py
[2025-12-13T10:24:14.479+0000] {processor.py:925} INFO - DAG(s) 'example_sla_dag' retrieved from /home/airflow/.local/lib/python3.12/site-packages/airflow/example_dags/example_sla_dag.py
[2025-12-13T10:24:14.516+0000] {logging_mixin.py:190} INFO - [2025-12-13T10:24:14.515+0000] {dag.py:3239} INFO - Sync 1 DAGs
[2025-12-13T10:24:14.566+0000] {logging_mixin.py:190} INFO - [2025-12-13T10:24:14.565+0000] {dag.py:4180} INFO - Setting next_dagrun for example_sla_dag to 2025-12-13 10:22:00+00:00, run_after=2025-12-13 10:24:00+00:00
[2025-12-13T10:24:14.608+0000] {processor.py:208} INFO - Processing /home/airflow/.local/lib/python3.12/site-packages/airflow/example_dags/example_sla_dag.py took 0.163 seconds
[2025-12-13T10:24:46.050+0000] {processor.py:186} INFO - Started process (PID=1132) to work on /home/airflow/.local/lib/python3.12/site-packages/airflow/example_dags/example_sla_dag.py
[2025-12-13T10:24:46.051+0000] {processor.py:914} INFO - Processing file /home/airflow/.local/lib/python3.12/site-packages/airflow/example_dags/example_sla_dag.py for tasks to queue
[2025-12-13T10:24:46.055+0000] {logging_mixin.py:190} INFO - [2025-12-13T10:24:46.054+0000] {dagbag.py:588} INFO - Filling up the DagBag from /home/airflow/.local/lib/python3.12/site-packages/airflow/example_dags/example_sla_dag.py
[2025-12-13T10:24:46.075+0000] {processor.py:925} INFO - DAG(s) 'example_sla_dag' retrieved from /home/airflow/.local/lib/python3.12/site-packages/airflow/example_dags/example_sla_dag.py
[2025-12-13T10:24:46.107+0000] {logging_mixin.py:190} INFO - [2025-12-13T10:24:46.106+0000] {dag.py:3239} INFO - Sync 1 DAGs
[2025-12-13T10:24:46.168+0000] {logging_mixin.py:190} INFO - [2025-12-13T10:24:46.167+0000] {dag.py:4180} INFO - Setting next_dagrun for example_sla_dag to 2025-12-13 10:22:00+00:00, run_after=2025-12-13 10:24:00+00:00
[2025-12-13T10:24:46.201+0000] {processor.py:208} INFO - Processing /home/airflow/.local/lib/python3.12/site-packages/airflow/example_dags/example_sla_dag.py took 0.163 seconds
[2025-12-13T10:25:17.951+0000] {processor.py:186} INFO - Started process (PID=1197) to work on /home/airflow/.local/lib/python3.12/site-packages/airflow/example_dags/example_sla_dag.py
[2025-12-13T10:25:17.954+0000] {processor.py:914} INFO - Processing file /home/airflow/.local/lib/python3.12/site-packages/airflow/example_dags/example_sla_dag.py for tasks to queue
[2025-12-13T10:25:17.958+0000] {logging_mixin.py:190} INFO - [2025-12-13T10:25:17.958+0000] {dagbag.py:588} INFO - Filling up the DagBag from /home/airflow/.local/lib/python3.12/site-packages/airflow/example_dags/example_sla_dag.py
[2025-12-13T10:25:17.975+0000] {processor.py:925} INFO - DAG(s) 'example_sla_dag' retrieved from /home/airflow/.local/lib/python3.12/site-packages/airflow/example_dags/example_sla_dag.py
[2025-12-13T10:25:18.007+0000] {logging_mixin.py:190} INFO - [2025-12-13T10:25:18.007+0000] {dag.py:3239} INFO - Sync 1 DAGs
[2025-12-13T10:25:18.066+0000] {logging_mixin.py:190} INFO - [2025-12-13T10:25:18.066+0000] {dag.py:4180} INFO - Setting next_dagrun for example_sla_dag to 2025-12-13 10:22:00+00:00, run_after=2025-12-13 10:24:00+00:00
[2025-12-13T10:25:18.097+0000] {processor.py:208} INFO - Processing /home/airflow/.local/lib/python3.12/site-packages/airflow/example_dags/example_sla_dag.py took 0.158 seconds
[2025-12-13T10:25:49.923+0000] {processor.py:186} INFO - Started process (PID=1260) to work on /home/airflow/.local/lib/python3.12/site-packages/airflow/example_dags/example_sla_dag.py
[2025-12-13T10:25:49.924+0000] {processor.py:914} INFO - Processing file /home/airflow/.local/lib/python3.12/site-packages/airflow/example_dags/example_sla_dag.py for tasks to queue
[2025-12-13T10:25:49.928+0000] {logging_mixin.py:190} INFO - [2025-12-13T10:25:49.927+0000] {dagbag.py:588} INFO - Filling up the DagBag from /home/airflow/.local/lib/python3.12/site-packages/airflow/example_dags/example_sla_dag.py
[2025-12-13T10:25:49.948+0000] {processor.py:925} INFO - DAG(s) 'example_sla_dag' retrieved from /home/airflow/.local/lib/python3.12/site-packages/airflow/example_dags/example_sla_dag.py
[2025-12-13T10:25:49.985+0000] {logging_mixin.py:190} INFO - [2025-12-13T10:25:49.985+0000] {dag.py:3239} INFO - Sync 1 DAGs
[2025-12-13T10:25:50.041+0000] {logging_mixin.py:190} INFO - [2025-12-13T10:25:50.041+0000] {dag.py:4180} INFO - Setting next_dagrun for example_sla_dag to 2025-12-13 10:22:00+00:00, run_after=2025-12-13 10:24:00+00:00
[2025-12-13T10:25:50.072+0000] {processor.py:208} INFO - Processing /home/airflow/.local/lib/python3.12/site-packages/airflow/example_dags/example_sla_dag.py took 0.181 seconds
[2025-12-13T10:26:22.780+0000] {processor.py:186} INFO - Started process (PID=1326) to work on /home/airflow/.local/lib/python3.12/site-packages/airflow/example_dags/example_sla_dag.py
[2025-12-13T10:26:22.784+0000] {processor.py:914} INFO - Processing file /home/airflow/.local/lib/python3.12/site-packages/airflow/example_dags/example_sla_dag.py for tasks to queue
[2025-12-13T10:26:22.788+0000] {logging_mixin.py:190} INFO - [2025-12-13T10:26:22.787+0000] {dagbag.py:588} INFO - Filling up the DagBag from /home/airflow/.local/lib/python3.12/site-packages/airflow/example_dags/example_sla_dag.py
[2025-12-13T10:26:22.853+0000] {processor.py:925} INFO - DAG(s) 'example_sla_dag' retrieved from /home/airflow/.local/lib/python3.12/site-packages/airflow/example_dags/example_sla_dag.py
[2025-12-13T10:26:22.942+0000] {logging_mixin.py:190} INFO - [2025-12-13T10:26:22.941+0000] {dag.py:3239} INFO - Sync 1 DAGs
[2025-12-13T10:26:23.032+0000] {logging_mixin.py:190} INFO - [2025-12-13T10:26:23.031+0000] {dag.py:4180} INFO - Setting next_dagrun for example_sla_dag to 2025-12-13 10:24:00+00:00, run_after=2025-12-13 10:26:00+00:00
[2025-12-13T10:26:23.063+0000] {processor.py:208} INFO - Processing /home/airflow/.local/lib/python3.12/site-packages/airflow/example_dags/example_sla_dag.py took 0.296 seconds
[2025-12-13T10:26:53.917+0000] {processor.py:186} INFO - Started process (PID=1389) to work on /home/airflow/.local/lib/python3.12/site-packages/airflow/example_dags/example_sla_dag.py
[2025-12-13T10:26:53.918+0000] {processor.py:914} INFO - Processing file /home/airflow/.local/lib/python3.12/site-packages/airflow/example_dags/example_sla_dag.py for tasks to queue
[2025-12-13T10:26:53.923+0000] {logging_mixin.py:190} INFO - [2025-12-13T10:26:53.922+0000] {dagbag.py:588} INFO - Filling up the DagBag from /home/airflow/.local/lib/python3.12/site-packages/airflow/example_dags/example_sla_dag.py
[2025-12-13T10:26:53.943+0000] {processor.py:925} INFO - DAG(s) 'example_sla_dag' retrieved from /home/airflow/.local/lib/python3.12/site-packages/airflow/example_dags/example_sla_dag.py
[2025-12-13T10:26:53.977+0000] {logging_mixin.py:190} INFO - [2025-12-13T10:26:53.977+0000] {dag.py:3239} INFO - Sync 1 DAGs
[2025-12-13T10:26:54.031+0000] {logging_mixin.py:190} INFO - [2025-12-13T10:26:54.030+0000] {dag.py:4180} INFO - Setting next_dagrun for example_sla_dag to 2025-12-13 10:24:00+00:00, run_after=2025-12-13 10:26:00+00:00
[2025-12-13T10:26:54.063+0000] {processor.py:208} INFO - Processing /home/airflow/.local/lib/python3.12/site-packages/airflow/example_dags/example_sla_dag.py took 0.160 seconds
[2025-12-13T10:27:24.218+0000] {processor.py:186} INFO - Started process (PID=1451) to work on /home/airflow/.local/lib/python3.12/site-packages/airflow/example_dags/example_sla_dag.py
[2025-12-13T10:27:24.219+0000] {processor.py:914} INFO - Processing file /home/airflow/.local/lib/python3.12/site-packages/airflow/example_dags/example_sla_dag.py for tasks to queue
[2025-12-13T10:27:24.223+0000] {logging_mixin.py:190} INFO - [2025-12-13T10:27:24.222+0000] {dagbag.py:588} INFO - Filling up the DagBag from /home/airflow/.local/lib/python3.12/site-packages/airflow/example_dags/example_sla_dag.py
[2025-12-13T10:27:24.239+0000] {processor.py:925} INFO - DAG(s) 'example_sla_dag' retrieved from /home/airflow/.local/lib/python3.12/site-packages/airflow/example_dags/example_sla_dag.py
[2025-12-13T10:27:24.272+0000] {logging_mixin.py:190} INFO - [2025-12-13T10:27:24.272+0000] {dag.py:3239} INFO - Sync 1 DAGs
[2025-12-13T10:27:24.316+0000] {logging_mixin.py:190} INFO - [2025-12-13T10:27:24.315+0000] {dag.py:4180} INFO - Setting next_dagrun for example_sla_dag to 2025-12-13 10:24:00+00:00, run_after=2025-12-13 10:26:00+00:00
[2025-12-13T10:27:24.347+0000] {processor.py:208} INFO - Processing /home/airflow/.local/lib/python3.12/site-packages/airflow/example_dags/example_sla_dag.py took 0.140 seconds
[2025-12-13T10:27:54.743+0000] {processor.py:186} INFO - Started process (PID=1513) to work on /home/airflow/.local/lib/python3.12/site-packages/airflow/example_dags/example_sla_dag.py
[2025-12-13T10:27:54.745+0000] {processor.py:914} INFO - Processing file /home/airflow/.local/lib/python3.12/site-packages/airflow/example_dags/example_sla_dag.py for tasks to queue
[2025-12-13T10:27:54.749+0000] {logging_mixin.py:190} INFO - [2025-12-13T10:27:54.749+0000] {dagbag.py:588} INFO - Filling up the DagBag from /home/airflow/.local/lib/python3.12/site-packages/airflow/example_dags/example_sla_dag.py
[2025-12-13T10:27:54.774+0000] {processor.py:925} INFO - DAG(s) 'example_sla_dag' retrieved from /home/airflow/.local/lib/python3.12/site-packages/airflow/example_dags/example_sla_dag.py
[2025-12-13T10:27:54.816+0000] {logging_mixin.py:190} INFO - [2025-12-13T10:27:54.815+0000] {dag.py:3239} INFO - Sync 1 DAGs
[2025-12-13T10:27:54.887+0000] {logging_mixin.py:190} INFO - [2025-12-13T10:27:54.886+0000] {dag.py:4180} INFO - Setting next_dagrun for example_sla_dag to 2025-12-13 10:24:00+00:00, run_after=2025-12-13 10:26:00+00:00
[2025-12-13T10:27:54.929+0000] {processor.py:208} INFO - Processing /home/airflow/.local/lib/python3.12/site-packages/airflow/example_dags/example_sla_dag.py took 0.198 seconds
[2025-12-13T10:28:26.133+0000] {processor.py:186} INFO - Started process (PID=1580) to work on /home/airflow/.local/lib/python3.12/site-packages/airflow/example_dags/example_sla_dag.py
[2025-12-13T10:28:26.144+0000] {processor.py:914} INFO - Processing file /home/airflow/.local/lib/python3.12/site-packages/airflow/example_dags/example_sla_dag.py for tasks to queue
[2025-12-13T10:28:26.166+0000] {logging_mixin.py:190} INFO - [2025-12-13T10:28:26.165+0000] {dagbag.py:588} INFO - Filling up the DagBag from /home/airflow/.local/lib/python3.12/site-packages/airflow/example_dags/example_sla_dag.py
[2025-12-13T10:28:26.254+0000] {processor.py:925} INFO - DAG(s) 'example_sla_dag' retrieved from /home/airflow/.local/lib/python3.12/site-packages/airflow/example_dags/example_sla_dag.py
[2025-12-13T10:28:26.391+0000] {logging_mixin.py:190} INFO - [2025-12-13T10:28:26.386+0000] {dag.py:3239} INFO - Sync 1 DAGs
[2025-12-13T10:28:26.627+0000] {logging_mixin.py:190} INFO - [2025-12-13T10:28:26.626+0000] {dag.py:4180} INFO - Setting next_dagrun for example_sla_dag to 2025-12-13 10:26:00+00:00, run_after=2025-12-13 10:28:00+00:00
[2025-12-13T10:28:26.775+0000] {processor.py:208} INFO - Processing /home/airflow/.local/lib/python3.12/site-packages/airflow/example_dags/example_sla_dag.py took 0.710 seconds
[2025-12-13T10:28:57.335+0000] {processor.py:186} INFO - Started process (PID=1643) to work on /home/airflow/.local/lib/python3.12/site-packages/airflow/example_dags/example_sla_dag.py
[2025-12-13T10:28:57.339+0000] {processor.py:914} INFO - Processing file /home/airflow/.local/lib/python3.12/site-packages/airflow/example_dags/example_sla_dag.py for tasks to queue
[2025-12-13T10:28:57.348+0000] {logging_mixin.py:190} INFO - [2025-12-13T10:28:57.346+0000] {dagbag.py:588} INFO - Filling up the DagBag from /home/airflow/.local/lib/python3.12/site-packages/airflow/example_dags/example_sla_dag.py
[2025-12-13T10:28:57.396+0000] {processor.py:925} INFO - DAG(s) 'example_sla_dag' retrieved from /home/airflow/.local/lib/python3.12/site-packages/airflow/example_dags/example_sla_dag.py
[2025-12-13T10:28:57.493+0000] {logging_mixin.py:190} INFO - [2025-12-13T10:28:57.491+0000] {dag.py:3239} INFO - Sync 1 DAGs
[2025-12-13T10:28:57.560+0000] {logging_mixin.py:190} INFO - [2025-12-13T10:28:57.557+0000] {dag.py:4180} INFO - Setting next_dagrun for example_sla_dag to 2025-12-13 10:26:00+00:00, run_after=2025-12-13 10:28:00+00:00
[2025-12-13T10:28:57.642+0000] {processor.py:208} INFO - Processing /home/airflow/.local/lib/python3.12/site-packages/airflow/example_dags/example_sla_dag.py took 0.335 seconds
[2025-12-13T10:29:28.076+0000] {processor.py:186} INFO - Started process (PID=1705) to work on /home/airflow/.local/lib/python3.12/site-packages/airflow/example_dags/example_sla_dag.py
[2025-12-13T10:29:28.077+0000] {processor.py:914} INFO - Processing file /home/airflow/.local/lib/python3.12/site-packages/airflow/example_dags/example_sla_dag.py for tasks to queue
[2025-12-13T10:29:28.085+0000] {logging_mixin.py:190} INFO - [2025-12-13T10:29:28.084+0000] {dagbag.py:588} INFO - Filling up the DagBag from /home/airflow/.local/lib/python3.12/site-packages/airflow/example_dags/example_sla_dag.py
[2025-12-13T10:29:28.127+0000] {processor.py:925} INFO - DAG(s) 'example_sla_dag' retrieved from /home/airflow/.local/lib/python3.12/site-packages/airflow/example_dags/example_sla_dag.py
[2025-12-13T10:29:28.183+0000] {logging_mixin.py:190} INFO - [2025-12-13T10:29:28.183+0000] {dag.py:3239} INFO - Sync 1 DAGs
[2025-12-13T10:29:28.279+0000] {logging_mixin.py:190} INFO - [2025-12-13T10:29:28.278+0000] {dag.py:4180} INFO - Setting next_dagrun for example_sla_dag to 2025-12-13 10:26:00+00:00, run_after=2025-12-13 10:28:00+00:00
[2025-12-13T10:29:28.354+0000] {processor.py:208} INFO - Processing /home/airflow/.local/lib/python3.12/site-packages/airflow/example_dags/example_sla_dag.py took 0.314 seconds
[2025-12-13T10:29:58.709+0000] {processor.py:186} INFO - Started process (PID=1768) to work on /home/airflow/.local/lib/python3.12/site-packages/airflow/example_dags/example_sla_dag.py
[2025-12-13T10:29:58.712+0000] {processor.py:914} INFO - Processing file /home/airflow/.local/lib/python3.12/site-packages/airflow/example_dags/example_sla_dag.py for tasks to queue
[2025-12-13T10:29:58.718+0000] {logging_mixin.py:190} INFO - [2025-12-13T10:29:58.718+0000] {dagbag.py:588} INFO - Filling up the DagBag from /home/airflow/.local/lib/python3.12/site-packages/airflow/example_dags/example_sla_dag.py
[2025-12-13T10:29:58.751+0000] {processor.py:925} INFO - DAG(s) 'example_sla_dag' retrieved from /home/airflow/.local/lib/python3.12/site-packages/airflow/example_dags/example_sla_dag.py
[2025-12-13T10:29:58.799+0000] {logging_mixin.py:190} INFO - [2025-12-13T10:29:58.799+0000] {dag.py:3239} INFO - Sync 1 DAGs
[2025-12-13T10:29:58.892+0000] {logging_mixin.py:190} INFO - [2025-12-13T10:29:58.892+0000] {dag.py:4180} INFO - Setting next_dagrun for example_sla_dag to 2025-12-13 10:26:00+00:00, run_after=2025-12-13 10:28:00+00:00
[2025-12-13T10:29:58.932+0000] {processor.py:208} INFO - Processing /home/airflow/.local/lib/python3.12/site-packages/airflow/example_dags/example_sla_dag.py took 0.243 seconds
[2025-12-13T10:30:28.996+0000] {processor.py:186} INFO - Started process (PID=1830) to work on /home/airflow/.local/lib/python3.12/site-packages/airflow/example_dags/example_sla_dag.py
[2025-12-13T10:30:28.998+0000] {processor.py:914} INFO - Processing file /home/airflow/.local/lib/python3.12/site-packages/airflow/example_dags/example_sla_dag.py for tasks to queue
[2025-12-13T10:30:29.003+0000] {logging_mixin.py:190} INFO - [2025-12-13T10:30:29.002+0000] {dagbag.py:588} INFO - Filling up the DagBag from /home/airflow/.local/lib/python3.12/site-packages/airflow/example_dags/example_sla_dag.py
[2025-12-13T10:30:29.021+0000] {processor.py:925} INFO - DAG(s) 'example_sla_dag' retrieved from /home/airflow/.local/lib/python3.12/site-packages/airflow/example_dags/example_sla_dag.py
[2025-12-13T10:30:29.052+0000] {logging_mixin.py:190} INFO - [2025-12-13T10:30:29.052+0000] {dag.py:3239} INFO - Sync 1 DAGs
[2025-12-13T10:30:29.098+0000] {logging_mixin.py:190} INFO - [2025-12-13T10:30:29.098+0000] {dag.py:4180} INFO - Setting next_dagrun for example_sla_dag to 2025-12-13 10:28:00+00:00, run_after=2025-12-13 10:30:00+00:00
[2025-12-13T10:30:29.126+0000] {processor.py:208} INFO - Processing /home/airflow/.local/lib/python3.12/site-packages/airflow/example_dags/example_sla_dag.py took 0.138 seconds
[2025-12-13T10:30:59.737+0000] {processor.py:186} INFO - Started process (PID=1894) to work on /home/airflow/.local/lib/python3.12/site-packages/airflow/example_dags/example_sla_dag.py
[2025-12-13T10:30:59.739+0000] {processor.py:914} INFO - Processing file /home/airflow/.local/lib/python3.12/site-packages/airflow/example_dags/example_sla_dag.py for tasks to queue
[2025-12-13T10:30:59.744+0000] {logging_mixin.py:190} INFO - [2025-12-13T10:30:59.744+0000] {dagbag.py:588} INFO - Filling up the DagBag from /home/airflow/.local/lib/python3.12/site-packages/airflow/example_dags/example_sla_dag.py
[2025-12-13T10:30:59.768+0000] {processor.py:925} INFO - DAG(s) 'example_sla_dag' retrieved from /home/airflow/.local/lib/python3.12/site-packages/airflow/example_dags/example_sla_dag.py
[2025-12-13T10:30:59.810+0000] {logging_mixin.py:190} INFO - [2025-12-13T10:30:59.809+0000] {dag.py:3239} INFO - Sync 1 DAGs
[2025-12-13T10:30:59.870+0000] {logging_mixin.py:190} INFO - [2025-12-13T10:30:59.869+0000] {dag.py:4180} INFO - Setting next_dagrun for example_sla_dag to 2025-12-13 10:28:00+00:00, run_after=2025-12-13 10:30:00+00:00
[2025-12-13T10:30:59.905+0000] {processor.py:208} INFO - Processing /home/airflow/.local/lib/python3.12/site-packages/airflow/example_dags/example_sla_dag.py took 0.187 seconds
[2025-12-13T10:31:30.658+0000] {processor.py:186} INFO - Started process (PID=1957) to work on /home/airflow/.local/lib/python3.12/site-packages/airflow/example_dags/example_sla_dag.py
[2025-12-13T10:31:30.661+0000] {processor.py:914} INFO - Processing file /home/airflow/.local/lib/python3.12/site-packages/airflow/example_dags/example_sla_dag.py for tasks to queue
[2025-12-13T10:31:30.666+0000] {logging_mixin.py:190} INFO - [2025-12-13T10:31:30.665+0000] {dagbag.py:588} INFO - Filling up the DagBag from /home/airflow/.local/lib/python3.12/site-packages/airflow/example_dags/example_sla_dag.py
[2025-12-13T10:31:30.687+0000] {processor.py:925} INFO - DAG(s) 'example_sla_dag' retrieved from /home/airflow/.local/lib/python3.12/site-packages/airflow/example_dags/example_sla_dag.py
[2025-12-13T10:31:30.732+0000] {logging_mixin.py:190} INFO - [2025-12-13T10:31:30.729+0000] {dag.py:3239} INFO - Sync 1 DAGs
[2025-12-13T10:31:30.795+0000] {logging_mixin.py:190} INFO - [2025-12-13T10:31:30.795+0000] {dag.py:4180} INFO - Setting next_dagrun for example_sla_dag to 2025-12-13 10:28:00+00:00, run_after=2025-12-13 10:30:00+00:00
[2025-12-13T10:31:30.832+0000] {processor.py:208} INFO - Processing /home/airflow/.local/lib/python3.12/site-packages/airflow/example_dags/example_sla_dag.py took 0.189 seconds
[2025-12-13T10:32:01.149+0000] {processor.py:186} INFO - Started process (PID=2019) to work on /home/airflow/.local/lib/python3.12/site-packages/airflow/example_dags/example_sla_dag.py
[2025-12-13T10:32:01.150+0000] {processor.py:914} INFO - Processing file /home/airflow/.local/lib/python3.12/site-packages/airflow/example_dags/example_sla_dag.py for tasks to queue
[2025-12-13T10:32:01.154+0000] {logging_mixin.py:190} INFO - [2025-12-13T10:32:01.154+0000] {dagbag.py:588} INFO - Filling up the DagBag from /home/airflow/.local/lib/python3.12/site-packages/airflow/example_dags/example_sla_dag.py
[2025-12-13T10:32:01.174+0000] {processor.py:925} INFO - DAG(s) 'example_sla_dag' retrieved from /home/airflow/.local/lib/python3.12/site-packages/airflow/example_dags/example_sla_dag.py
[2025-12-13T10:32:01.208+0000] {logging_mixin.py:190} INFO - [2025-12-13T10:32:01.207+0000] {dag.py:3239} INFO - Sync 1 DAGs
[2025-12-13T10:32:01.259+0000] {logging_mixin.py:190} INFO - [2025-12-13T10:32:01.258+0000] {dag.py:4180} INFO - Setting next_dagrun for example_sla_dag to 2025-12-13 10:30:00+00:00, run_after=2025-12-13 10:32:00+00:00
[2025-12-13T10:32:01.285+0000] {processor.py:208} INFO - Processing /home/airflow/.local/lib/python3.12/site-packages/airflow/example_dags/example_sla_dag.py took 0.149 seconds
[2025-12-13T10:32:32.692+0000] {processor.py:186} INFO - Started process (PID=2082) to work on /home/airflow/.local/lib/python3.12/site-packages/airflow/example_dags/example_sla_dag.py
[2025-12-13T10:32:32.693+0000] {processor.py:914} INFO - Processing file /home/airflow/.local/lib/python3.12/site-packages/airflow/example_dags/example_sla_dag.py for tasks to queue
[2025-12-13T10:32:32.697+0000] {logging_mixin.py:190} INFO - [2025-12-13T10:32:32.697+0000] {dagbag.py:588} INFO - Filling up the DagBag from /home/airflow/.local/lib/python3.12/site-packages/airflow/example_dags/example_sla_dag.py
[2025-12-13T10:32:32.718+0000] {processor.py:925} INFO - DAG(s) 'example_sla_dag' retrieved from /home/airflow/.local/lib/python3.12/site-packages/airflow/example_dags/example_sla_dag.py
[2025-12-13T10:32:32.756+0000] {logging_mixin.py:190} INFO - [2025-12-13T10:32:32.756+0000] {dag.py:3239} INFO - Sync 1 DAGs
[2025-12-13T10:32:32.815+0000] {logging_mixin.py:190} INFO - [2025-12-13T10:32:32.814+0000] {dag.py:4180} INFO - Setting next_dagrun for example_sla_dag to 2025-12-13 10:30:00+00:00, run_after=2025-12-13 10:32:00+00:00
[2025-12-13T10:32:32.853+0000] {processor.py:208} INFO - Processing /home/airflow/.local/lib/python3.12/site-packages/airflow/example_dags/example_sla_dag.py took 0.174 seconds
[2025-12-13T10:33:05.129+0000] {processor.py:186} INFO - Started process (PID=2146) to work on /home/airflow/.local/lib/python3.12/site-packages/airflow/example_dags/example_sla_dag.py
[2025-12-13T10:33:05.131+0000] {processor.py:914} INFO - Processing file /home/airflow/.local/lib/python3.12/site-packages/airflow/example_dags/example_sla_dag.py for tasks to queue
[2025-12-13T10:33:05.136+0000] {logging_mixin.py:190} INFO - [2025-12-13T10:33:05.136+0000] {dagbag.py:588} INFO - Filling up the DagBag from /home/airflow/.local/lib/python3.12/site-packages/airflow/example_dags/example_sla_dag.py
[2025-12-13T10:33:05.162+0000] {processor.py:925} INFO - DAG(s) 'example_sla_dag' retrieved from /home/airflow/.local/lib/python3.12/site-packages/airflow/example_dags/example_sla_dag.py
[2025-12-13T10:33:05.209+0000] {logging_mixin.py:190} INFO - [2025-12-13T10:33:05.208+0000] {dag.py:3239} INFO - Sync 1 DAGs
[2025-12-13T10:33:05.266+0000] {logging_mixin.py:190} INFO - [2025-12-13T10:33:05.265+0000] {dag.py:4180} INFO - Setting next_dagrun for example_sla_dag to 2025-12-13 10:30:00+00:00, run_after=2025-12-13 10:32:00+00:00
[2025-12-13T10:33:05.301+0000] {processor.py:208} INFO - Processing /home/airflow/.local/lib/python3.12/site-packages/airflow/example_dags/example_sla_dag.py took 0.184 seconds
[2025-12-13T10:33:36.211+0000] {processor.py:186} INFO - Started process (PID=2209) to work on /home/airflow/.local/lib/python3.12/site-packages/airflow/example_dags/example_sla_dag.py
[2025-12-13T10:33:36.212+0000] {processor.py:914} INFO - Processing file /home/airflow/.local/lib/python3.12/site-packages/airflow/example_dags/example_sla_dag.py for tasks to queue
[2025-12-13T10:33:36.217+0000] {logging_mixin.py:190} INFO - [2025-12-13T10:33:36.216+0000] {dagbag.py:588} INFO - Filling up the DagBag from /home/airflow/.local/lib/python3.12/site-packages/airflow/example_dags/example_sla_dag.py
[2025-12-13T10:33:36.235+0000] {processor.py:925} INFO - DAG(s) 'example_sla_dag' retrieved from /home/airflow/.local/lib/python3.12/site-packages/airflow/example_dags/example_sla_dag.py
[2025-12-13T10:33:36.272+0000] {logging_mixin.py:190} INFO - [2025-12-13T10:33:36.272+0000] {dag.py:3239} INFO - Sync 1 DAGs
[2025-12-13T10:33:36.332+0000] {logging_mixin.py:190} INFO - [2025-12-13T10:33:36.331+0000] {dag.py:4180} INFO - Setting next_dagrun for example_sla_dag to 2025-12-13 10:30:00+00:00, run_after=2025-12-13 10:32:00+00:00
[2025-12-13T10:33:36.372+0000] {processor.py:208} INFO - Processing /home/airflow/.local/lib/python3.12/site-packages/airflow/example_dags/example_sla_dag.py took 0.172 seconds
[2025-12-13T10:34:08.488+0000] {processor.py:186} INFO - Started process (PID=2274) to work on /home/airflow/.local/lib/python3.12/site-packages/airflow/example_dags/example_sla_dag.py
[2025-12-13T10:34:08.490+0000] {processor.py:914} INFO - Processing file /home/airflow/.local/lib/python3.12/site-packages/airflow/example_dags/example_sla_dag.py for tasks to queue
[2025-12-13T10:34:08.495+0000] {logging_mixin.py:190} INFO - [2025-12-13T10:34:08.494+0000] {dagbag.py:588} INFO - Filling up the DagBag from /home/airflow/.local/lib/python3.12/site-packages/airflow/example_dags/example_sla_dag.py
[2025-12-13T10:34:08.533+0000] {processor.py:925} INFO - DAG(s) 'example_sla_dag' retrieved from /home/airflow/.local/lib/python3.12/site-packages/airflow/example_dags/example_sla_dag.py
[2025-12-13T10:34:08.580+0000] {logging_mixin.py:190} INFO - [2025-12-13T10:34:08.579+0000] {dag.py:3239} INFO - Sync 1 DAGs
[2025-12-13T10:34:08.654+0000] {logging_mixin.py:190} INFO - [2025-12-13T10:34:08.653+0000] {dag.py:4180} INFO - Setting next_dagrun for example_sla_dag to 2025-12-13 10:32:00+00:00, run_after=2025-12-13 10:34:00+00:00
[2025-12-13T10:34:08.686+0000] {processor.py:208} INFO - Processing /home/airflow/.local/lib/python3.12/site-packages/airflow/example_dags/example_sla_dag.py took 0.214 seconds
[2025-12-13T10:34:39.303+0000] {processor.py:186} INFO - Started process (PID=2336) to work on /home/airflow/.local/lib/python3.12/site-packages/airflow/example_dags/example_sla_dag.py
[2025-12-13T10:34:39.304+0000] {processor.py:914} INFO - Processing file /home/airflow/.local/lib/python3.12/site-packages/airflow/example_dags/example_sla_dag.py for tasks to queue
[2025-12-13T10:34:39.309+0000] {logging_mixin.py:190} INFO - [2025-12-13T10:34:39.309+0000] {dagbag.py:588} INFO - Filling up the DagBag from /home/airflow/.local/lib/python3.12/site-packages/airflow/example_dags/example_sla_dag.py
[2025-12-13T10:34:39.330+0000] {processor.py:925} INFO - DAG(s) 'example_sla_dag' retrieved from /home/airflow/.local/lib/python3.12/site-packages/airflow/example_dags/example_sla_dag.py
[2025-12-13T10:34:39.364+0000] {logging_mixin.py:190} INFO - [2025-12-13T10:34:39.364+0000] {dag.py:3239} INFO - Sync 1 DAGs
[2025-12-13T10:34:39.442+0000] {logging_mixin.py:190} INFO - [2025-12-13T10:34:39.441+0000] {dag.py:4180} INFO - Setting next_dagrun for example_sla_dag to 2025-12-13 10:32:00+00:00, run_after=2025-12-13 10:34:00+00:00
[2025-12-13T10:34:39.511+0000] {processor.py:208} INFO - Processing /home/airflow/.local/lib/python3.12/site-packages/airflow/example_dags/example_sla_dag.py took 0.219 seconds
[2025-12-13T10:35:10.728+0000] {processor.py:186} INFO - Started process (PID=2401) to work on /home/airflow/.local/lib/python3.12/site-packages/airflow/example_dags/example_sla_dag.py
[2025-12-13T10:35:10.732+0000] {processor.py:914} INFO - Processing file /home/airflow/.local/lib/python3.12/site-packages/airflow/example_dags/example_sla_dag.py for tasks to queue
[2025-12-13T10:35:10.738+0000] {logging_mixin.py:190} INFO - [2025-12-13T10:35:10.737+0000] {dagbag.py:588} INFO - Filling up the DagBag from /home/airflow/.local/lib/python3.12/site-packages/airflow/example_dags/example_sla_dag.py
[2025-12-13T10:35:10.761+0000] {processor.py:925} INFO - DAG(s) 'example_sla_dag' retrieved from /home/airflow/.local/lib/python3.12/site-packages/airflow/example_dags/example_sla_dag.py
[2025-12-13T10:35:10.799+0000] {logging_mixin.py:190} INFO - [2025-12-13T10:35:10.799+0000] {dag.py:3239} INFO - Sync 1 DAGs
[2025-12-13T10:35:10.856+0000] {logging_mixin.py:190} INFO - [2025-12-13T10:35:10.856+0000] {dag.py:4180} INFO - Setting next_dagrun for example_sla_dag to 2025-12-13 10:32:00+00:00, run_after=2025-12-13 10:34:00+00:00
[2025-12-13T10:35:10.887+0000] {processor.py:208} INFO - Processing /home/airflow/.local/lib/python3.12/site-packages/airflow/example_dags/example_sla_dag.py took 0.171 seconds
[2025-12-13T10:35:41.274+0000] {processor.py:186} INFO - Started process (PID=2464) to work on /home/airflow/.local/lib/python3.12/site-packages/airflow/example_dags/example_sla_dag.py
[2025-12-13T10:35:41.275+0000] {processor.py:914} INFO - Processing file /home/airflow/.local/lib/python3.12/site-packages/airflow/example_dags/example_sla_dag.py for tasks to queue
[2025-12-13T10:35:41.279+0000] {logging_mixin.py:190} INFO - [2025-12-13T10:35:41.279+0000] {dagbag.py:588} INFO - Filling up the DagBag from /home/airflow/.local/lib/python3.12/site-packages/airflow/example_dags/example_sla_dag.py
[2025-12-13T10:35:41.306+0000] {processor.py:925} INFO - DAG(s) 'example_sla_dag' retrieved from /home/airflow/.local/lib/python3.12/site-packages/airflow/example_dags/example_sla_dag.py
[2025-12-13T10:35:41.344+0000] {logging_mixin.py:190} INFO - [2025-12-13T10:35:41.343+0000] {dag.py:3239} INFO - Sync 1 DAGs
[2025-12-13T10:35:41.546+0000] {logging_mixin.py:190} INFO - [2025-12-13T10:35:41.545+0000] {dag.py:4180} INFO - Setting next_dagrun for example_sla_dag to 2025-12-13 10:32:00+00:00, run_after=2025-12-13 10:34:00+00:00
[2025-12-13T10:35:41.627+0000] {processor.py:208} INFO - Processing /home/airflow/.local/lib/python3.12/site-packages/airflow/example_dags/example_sla_dag.py took 0.367 seconds
[2025-12-13T10:36:12.299+0000] {processor.py:186} INFO - Started process (PID=2526) to work on /home/airflow/.local/lib/python3.12/site-packages/airflow/example_dags/example_sla_dag.py
[2025-12-13T10:36:12.301+0000] {processor.py:914} INFO - Processing file /home/airflow/.local/lib/python3.12/site-packages/airflow/example_dags/example_sla_dag.py for tasks to queue
[2025-12-13T10:36:12.305+0000] {logging_mixin.py:190} INFO - [2025-12-13T10:36:12.305+0000] {dagbag.py:588} INFO - Filling up the DagBag from /home/airflow/.local/lib/python3.12/site-packages/airflow/example_dags/example_sla_dag.py
[2025-12-13T10:36:12.326+0000] {processor.py:925} INFO - DAG(s) 'example_sla_dag' retrieved from /home/airflow/.local/lib/python3.12/site-packages/airflow/example_dags/example_sla_dag.py
[2025-12-13T10:36:12.364+0000] {logging_mixin.py:190} INFO - [2025-12-13T10:36:12.364+0000] {dag.py:3239} INFO - Sync 1 DAGs
[2025-12-13T10:36:12.423+0000] {logging_mixin.py:190} INFO - [2025-12-13T10:36:12.423+0000] {dag.py:4180} INFO - Setting next_dagrun for example_sla_dag to 2025-12-13 10:34:00+00:00, run_after=2025-12-13 10:36:00+00:00
[2025-12-13T10:36:12.458+0000] {processor.py:208} INFO - Processing /home/airflow/.local/lib/python3.12/site-packages/airflow/example_dags/example_sla_dag.py took 0.174 seconds
[2025-12-13T10:36:42.934+0000] {processor.py:186} INFO - Started process (PID=2589) to work on /home/airflow/.local/lib/python3.12/site-packages/airflow/example_dags/example_sla_dag.py
[2025-12-13T10:36:42.935+0000] {processor.py:914} INFO - Processing file /home/airflow/.local/lib/python3.12/site-packages/airflow/example_dags/example_sla_dag.py for tasks to queue
[2025-12-13T10:36:42.940+0000] {logging_mixin.py:190} INFO - [2025-12-13T10:36:42.939+0000] {dagbag.py:588} INFO - Filling up the DagBag from /home/airflow/.local/lib/python3.12/site-packages/airflow/example_dags/example_sla_dag.py
[2025-12-13T10:36:42.963+0000] {processor.py:925} INFO - DAG(s) 'example_sla_dag' retrieved from /home/airflow/.local/lib/python3.12/site-packages/airflow/example_dags/example_sla_dag.py
[2025-12-13T10:36:43.000+0000] {logging_mixin.py:190} INFO - [2025-12-13T10:36:42.999+0000] {dag.py:3239} INFO - Sync 1 DAGs
[2025-12-13T10:36:43.046+0000] {logging_mixin.py:190} INFO - [2025-12-13T10:36:43.046+0000] {dag.py:4180} INFO - Setting next_dagrun for example_sla_dag to 2025-12-13 10:34:00+00:00, run_after=2025-12-13 10:36:00+00:00
[2025-12-13T10:36:43.084+0000] {processor.py:208} INFO - Processing /home/airflow/.local/lib/python3.12/site-packages/airflow/example_dags/example_sla_dag.py took 0.168 seconds
[2025-12-13T10:37:13.748+0000] {processor.py:186} INFO - Started process (PID=2652) to work on /home/airflow/.local/lib/python3.12/site-packages/airflow/example_dags/example_sla_dag.py
[2025-12-13T10:37:13.751+0000] {processor.py:914} INFO - Processing file /home/airflow/.local/lib/python3.12/site-packages/airflow/example_dags/example_sla_dag.py for tasks to queue
[2025-12-13T10:37:13.755+0000] {logging_mixin.py:190} INFO - [2025-12-13T10:37:13.754+0000] {dagbag.py:588} INFO - Filling up the DagBag from /home/airflow/.local/lib/python3.12/site-packages/airflow/example_dags/example_sla_dag.py
[2025-12-13T10:37:13.785+0000] {processor.py:925} INFO - DAG(s) 'example_sla_dag' retrieved from /home/airflow/.local/lib/python3.12/site-packages/airflow/example_dags/example_sla_dag.py
[2025-12-13T10:37:13.825+0000] {logging_mixin.py:190} INFO - [2025-12-13T10:37:13.825+0000] {dag.py:3239} INFO - Sync 1 DAGs
[2025-12-13T10:37:13.895+0000] {logging_mixin.py:190} INFO - [2025-12-13T10:37:13.895+0000] {dag.py:4180} INFO - Setting next_dagrun for example_sla_dag to 2025-12-13 10:34:00+00:00, run_after=2025-12-13 10:36:00+00:00
[2025-12-13T10:37:13.929+0000] {processor.py:208} INFO - Processing /home/airflow/.local/lib/python3.12/site-packages/airflow/example_dags/example_sla_dag.py took 0.195 seconds
[2025-12-13T10:37:44.807+0000] {processor.py:186} INFO - Started process (PID=2715) to work on /home/airflow/.local/lib/python3.12/site-packages/airflow/example_dags/example_sla_dag.py
[2025-12-13T10:37:44.810+0000] {processor.py:914} INFO - Processing file /home/airflow/.local/lib/python3.12/site-packages/airflow/example_dags/example_sla_dag.py for tasks to queue
[2025-12-13T10:37:44.818+0000] {logging_mixin.py:190} INFO - [2025-12-13T10:37:44.814+0000] {dagbag.py:588} INFO - Filling up the DagBag from /home/airflow/.local/lib/python3.12/site-packages/airflow/example_dags/example_sla_dag.py
[2025-12-13T10:37:44.874+0000] {processor.py:925} INFO - DAG(s) 'example_sla_dag' retrieved from /home/airflow/.local/lib/python3.12/site-packages/airflow/example_dags/example_sla_dag.py
[2025-12-13T10:37:44.915+0000] {logging_mixin.py:190} INFO - [2025-12-13T10:37:44.915+0000] {dag.py:3239} INFO - Sync 1 DAGs
[2025-12-13T10:37:45.038+0000] {logging_mixin.py:190} INFO - [2025-12-13T10:37:45.038+0000] {dag.py:4180} INFO - Setting next_dagrun for example_sla_dag to 2025-12-13 10:34:00+00:00, run_after=2025-12-13 10:36:00+00:00
[2025-12-13T10:37:45.120+0000] {processor.py:208} INFO - Processing /home/airflow/.local/lib/python3.12/site-packages/airflow/example_dags/example_sla_dag.py took 0.354 seconds
[2025-12-13T10:38:15.415+0000] {processor.py:186} INFO - Started process (PID=2777) to work on /home/airflow/.local/lib/python3.12/site-packages/airflow/example_dags/example_sla_dag.py
[2025-12-13T10:38:15.417+0000] {processor.py:914} INFO - Processing file /home/airflow/.local/lib/python3.12/site-packages/airflow/example_dags/example_sla_dag.py for tasks to queue
[2025-12-13T10:38:15.422+0000] {logging_mixin.py:190} INFO - [2025-12-13T10:38:15.421+0000] {dagbag.py:588} INFO - Filling up the DagBag from /home/airflow/.local/lib/python3.12/site-packages/airflow/example_dags/example_sla_dag.py
[2025-12-13T10:38:15.444+0000] {processor.py:925} INFO - DAG(s) 'example_sla_dag' retrieved from /home/airflow/.local/lib/python3.12/site-packages/airflow/example_dags/example_sla_dag.py
[2025-12-13T10:38:15.492+0000] {logging_mixin.py:190} INFO - [2025-12-13T10:38:15.491+0000] {dag.py:3239} INFO - Sync 1 DAGs
[2025-12-13T10:38:15.554+0000] {logging_mixin.py:190} INFO - [2025-12-13T10:38:15.553+0000] {dag.py:4180} INFO - Setting next_dagrun for example_sla_dag to 2025-12-13 10:36:00+00:00, run_after=2025-12-13 10:38:00+00:00
[2025-12-13T10:38:15.590+0000] {processor.py:208} INFO - Processing /home/airflow/.local/lib/python3.12/site-packages/airflow/example_dags/example_sla_dag.py took 0.187 seconds
[2025-12-13T10:38:46.119+0000] {processor.py:186} INFO - Started process (PID=2841) to work on /home/airflow/.local/lib/python3.12/site-packages/airflow/example_dags/example_sla_dag.py
[2025-12-13T10:38:46.121+0000] {processor.py:914} INFO - Processing file /home/airflow/.local/lib/python3.12/site-packages/airflow/example_dags/example_sla_dag.py for tasks to queue
[2025-12-13T10:38:46.125+0000] {logging_mixin.py:190} INFO - [2025-12-13T10:38:46.124+0000] {dagbag.py:588} INFO - Filling up the DagBag from /home/airflow/.local/lib/python3.12/site-packages/airflow/example_dags/example_sla_dag.py
[2025-12-13T10:38:46.146+0000] {processor.py:925} INFO - DAG(s) 'example_sla_dag' retrieved from /home/airflow/.local/lib/python3.12/site-packages/airflow/example_dags/example_sla_dag.py
[2025-12-13T10:38:46.180+0000] {logging_mixin.py:190} INFO - [2025-12-13T10:38:46.179+0000] {dag.py:3239} INFO - Sync 1 DAGs
[2025-12-13T10:38:46.225+0000] {logging_mixin.py:190} INFO - [2025-12-13T10:38:46.224+0000] {dag.py:4180} INFO - Setting next_dagrun for example_sla_dag to 2025-12-13 10:36:00+00:00, run_after=2025-12-13 10:38:00+00:00
[2025-12-13T10:38:46.256+0000] {processor.py:208} INFO - Processing /home/airflow/.local/lib/python3.12/site-packages/airflow/example_dags/example_sla_dag.py took 0.150 seconds
[2025-12-13T10:39:16.717+0000] {processor.py:186} INFO - Started process (PID=2904) to work on /home/airflow/.local/lib/python3.12/site-packages/airflow/example_dags/example_sla_dag.py
[2025-12-13T10:39:16.719+0000] {processor.py:914} INFO - Processing file /home/airflow/.local/lib/python3.12/site-packages/airflow/example_dags/example_sla_dag.py for tasks to queue
[2025-12-13T10:39:16.722+0000] {logging_mixin.py:190} INFO - [2025-12-13T10:39:16.722+0000] {dagbag.py:588} INFO - Filling up the DagBag from /home/airflow/.local/lib/python3.12/site-packages/airflow/example_dags/example_sla_dag.py
[2025-12-13T10:39:16.740+0000] {processor.py:925} INFO - DAG(s) 'example_sla_dag' retrieved from /home/airflow/.local/lib/python3.12/site-packages/airflow/example_dags/example_sla_dag.py
[2025-12-13T10:39:16.772+0000] {logging_mixin.py:190} INFO - [2025-12-13T10:39:16.771+0000] {dag.py:3239} INFO - Sync 1 DAGs
[2025-12-13T10:39:16.821+0000] {logging_mixin.py:190} INFO - [2025-12-13T10:39:16.821+0000] {dag.py:4180} INFO - Setting next_dagrun for example_sla_dag to 2025-12-13 10:36:00+00:00, run_after=2025-12-13 10:38:00+00:00
[2025-12-13T10:39:17.127+0000] {processor.py:208} INFO - Processing /home/airflow/.local/lib/python3.12/site-packages/airflow/example_dags/example_sla_dag.py took 0.420 seconds
[2025-12-13T10:39:48.336+0000] {processor.py:186} INFO - Started process (PID=2968) to work on /home/airflow/.local/lib/python3.12/site-packages/airflow/example_dags/example_sla_dag.py
[2025-12-13T10:39:48.341+0000] {processor.py:914} INFO - Processing file /home/airflow/.local/lib/python3.12/site-packages/airflow/example_dags/example_sla_dag.py for tasks to queue
[2025-12-13T10:39:48.348+0000] {logging_mixin.py:190} INFO - [2025-12-13T10:39:48.348+0000] {dagbag.py:588} INFO - Filling up the DagBag from /home/airflow/.local/lib/python3.12/site-packages/airflow/example_dags/example_sla_dag.py
[2025-12-13T10:39:48.377+0000] {processor.py:925} INFO - DAG(s) 'example_sla_dag' retrieved from /home/airflow/.local/lib/python3.12/site-packages/airflow/example_dags/example_sla_dag.py
[2025-12-13T10:39:48.418+0000] {logging_mixin.py:190} INFO - [2025-12-13T10:39:48.418+0000] {dag.py:3239} INFO - Sync 1 DAGs
[2025-12-13T10:39:48.474+0000] {logging_mixin.py:190} INFO - [2025-12-13T10:39:48.474+0000] {dag.py:4180} INFO - Setting next_dagrun for example_sla_dag to 2025-12-13 10:36:00+00:00, run_after=2025-12-13 10:38:00+00:00
[2025-12-13T10:39:48.830+0000] {processor.py:208} INFO - Processing /home/airflow/.local/lib/python3.12/site-packages/airflow/example_dags/example_sla_dag.py took 0.520 seconds
[2025-12-13T10:40:19.343+0000] {processor.py:186} INFO - Started process (PID=3032) to work on /home/airflow/.local/lib/python3.12/site-packages/airflow/example_dags/example_sla_dag.py
[2025-12-13T10:40:19.344+0000] {processor.py:914} INFO - Processing file /home/airflow/.local/lib/python3.12/site-packages/airflow/example_dags/example_sla_dag.py for tasks to queue
[2025-12-13T10:40:19.357+0000] {logging_mixin.py:190} INFO - [2025-12-13T10:40:19.355+0000] {dagbag.py:588} INFO - Filling up the DagBag from /home/airflow/.local/lib/python3.12/site-packages/airflow/example_dags/example_sla_dag.py
[2025-12-13T10:40:19.388+0000] {processor.py:925} INFO - DAG(s) 'example_sla_dag' retrieved from /home/airflow/.local/lib/python3.12/site-packages/airflow/example_dags/example_sla_dag.py
[2025-12-13T10:40:19.431+0000] {logging_mixin.py:190} INFO - [2025-12-13T10:40:19.430+0000] {dag.py:3239} INFO - Sync 1 DAGs
[2025-12-13T10:40:19.501+0000] {logging_mixin.py:190} INFO - [2025-12-13T10:40:19.501+0000] {dag.py:4180} INFO - Setting next_dagrun for example_sla_dag to 2025-12-13 10:38:00+00:00, run_after=2025-12-13 10:40:00+00:00
[2025-12-13T10:40:19.570+0000] {processor.py:208} INFO - Processing /home/airflow/.local/lib/python3.12/site-packages/airflow/example_dags/example_sla_dag.py took 0.279 seconds
[2025-12-13T10:40:49.875+0000] {processor.py:186} INFO - Started process (PID=3099) to work on /home/airflow/.local/lib/python3.12/site-packages/airflow/example_dags/example_sla_dag.py
[2025-12-13T10:40:49.879+0000] {processor.py:914} INFO - Processing file /home/airflow/.local/lib/python3.12/site-packages/airflow/example_dags/example_sla_dag.py for tasks to queue
[2025-12-13T10:40:49.902+0000] {logging_mixin.py:190} INFO - [2025-12-13T10:40:49.899+0000] {dagbag.py:588} INFO - Filling up the DagBag from /home/airflow/.local/lib/python3.12/site-packages/airflow/example_dags/example_sla_dag.py
[2025-12-13T10:40:49.981+0000] {processor.py:925} INFO - DAG(s) 'example_sla_dag' retrieved from /home/airflow/.local/lib/python3.12/site-packages/airflow/example_dags/example_sla_dag.py
[2025-12-13T10:40:50.056+0000] {logging_mixin.py:190} INFO - [2025-12-13T10:40:50.055+0000] {dag.py:3239} INFO - Sync 1 DAGs
[2025-12-13T10:40:50.110+0000] {logging_mixin.py:190} INFO - [2025-12-13T10:40:50.109+0000] {dag.py:4180} INFO - Setting next_dagrun for example_sla_dag to 2025-12-13 10:38:00+00:00, run_after=2025-12-13 10:40:00+00:00
[2025-12-13T10:40:50.140+0000] {processor.py:208} INFO - Processing /home/airflow/.local/lib/python3.12/site-packages/airflow/example_dags/example_sla_dag.py took 0.286 seconds
[2025-12-13T10:41:20.934+0000] {processor.py:186} INFO - Started process (PID=3162) to work on /home/airflow/.local/lib/python3.12/site-packages/airflow/example_dags/example_sla_dag.py
[2025-12-13T10:41:20.936+0000] {processor.py:914} INFO - Processing file /home/airflow/.local/lib/python3.12/site-packages/airflow/example_dags/example_sla_dag.py for tasks to queue
[2025-12-13T10:41:20.940+0000] {logging_mixin.py:190} INFO - [2025-12-13T10:41:20.940+0000] {dagbag.py:588} INFO - Filling up the DagBag from /home/airflow/.local/lib/python3.12/site-packages/airflow/example_dags/example_sla_dag.py
[2025-12-13T10:41:20.964+0000] {processor.py:925} INFO - DAG(s) 'example_sla_dag' retrieved from /home/airflow/.local/lib/python3.12/site-packages/airflow/example_dags/example_sla_dag.py
[2025-12-13T10:41:20.999+0000] {logging_mixin.py:190} INFO - [2025-12-13T10:41:20.999+0000] {dag.py:3239} INFO - Sync 1 DAGs
[2025-12-13T10:41:21.048+0000] {logging_mixin.py:190} INFO - [2025-12-13T10:41:21.047+0000] {dag.py:4180} INFO - Setting next_dagrun for example_sla_dag to 2025-12-13 10:38:00+00:00, run_after=2025-12-13 10:40:00+00:00
[2025-12-13T10:41:21.074+0000] {processor.py:208} INFO - Processing /home/airflow/.local/lib/python3.12/site-packages/airflow/example_dags/example_sla_dag.py took 0.154 seconds
[2025-12-13T10:41:51.559+0000] {processor.py:186} INFO - Started process (PID=3225) to work on /home/airflow/.local/lib/python3.12/site-packages/airflow/example_dags/example_sla_dag.py
[2025-12-13T10:41:51.561+0000] {processor.py:914} INFO - Processing file /home/airflow/.local/lib/python3.12/site-packages/airflow/example_dags/example_sla_dag.py for tasks to queue
[2025-12-13T10:41:51.564+0000] {logging_mixin.py:190} INFO - [2025-12-13T10:41:51.564+0000] {dagbag.py:588} INFO - Filling up the DagBag from /home/airflow/.local/lib/python3.12/site-packages/airflow/example_dags/example_sla_dag.py
[2025-12-13T10:41:51.586+0000] {processor.py:925} INFO - DAG(s) 'example_sla_dag' retrieved from /home/airflow/.local/lib/python3.12/site-packages/airflow/example_dags/example_sla_dag.py
[2025-12-13T10:41:51.622+0000] {logging_mixin.py:190} INFO - [2025-12-13T10:41:51.622+0000] {dag.py:3239} INFO - Sync 1 DAGs
[2025-12-13T10:41:51.687+0000] {logging_mixin.py:190} INFO - [2025-12-13T10:41:51.686+0000] {dag.py:4180} INFO - Setting next_dagrun for example_sla_dag to 2025-12-13 10:38:00+00:00, run_after=2025-12-13 10:40:00+00:00
[2025-12-13T10:41:51.723+0000] {processor.py:208} INFO - Processing /home/airflow/.local/lib/python3.12/site-packages/airflow/example_dags/example_sla_dag.py took 0.179 seconds
[2025-12-13T10:42:22.359+0000] {processor.py:186} INFO - Started process (PID=3288) to work on /home/airflow/.local/lib/python3.12/site-packages/airflow/example_dags/example_sla_dag.py
[2025-12-13T10:42:22.361+0000] {processor.py:914} INFO - Processing file /home/airflow/.local/lib/python3.12/site-packages/airflow/example_dags/example_sla_dag.py for tasks to queue
[2025-12-13T10:42:22.365+0000] {logging_mixin.py:190} INFO - [2025-12-13T10:42:22.365+0000] {dagbag.py:588} INFO - Filling up the DagBag from /home/airflow/.local/lib/python3.12/site-packages/airflow/example_dags/example_sla_dag.py
[2025-12-13T10:42:22.390+0000] {processor.py:925} INFO - DAG(s) 'example_sla_dag' retrieved from /home/airflow/.local/lib/python3.12/site-packages/airflow/example_dags/example_sla_dag.py
[2025-12-13T10:42:22.431+0000] {logging_mixin.py:190} INFO - [2025-12-13T10:42:22.430+0000] {dag.py:3239} INFO - Sync 1 DAGs
[2025-12-13T10:42:22.494+0000] {logging_mixin.py:190} INFO - [2025-12-13T10:42:22.494+0000] {dag.py:4180} INFO - Setting next_dagrun for example_sla_dag to 2025-12-13 10:40:00+00:00, run_after=2025-12-13 10:42:00+00:00
[2025-12-13T10:42:22.538+0000] {processor.py:208} INFO - Processing /home/airflow/.local/lib/python3.12/site-packages/airflow/example_dags/example_sla_dag.py took 0.192 seconds
[2025-12-13T10:42:52.982+0000] {processor.py:186} INFO - Started process (PID=3351) to work on /home/airflow/.local/lib/python3.12/site-packages/airflow/example_dags/example_sla_dag.py
[2025-12-13T10:42:52.984+0000] {processor.py:914} INFO - Processing file /home/airflow/.local/lib/python3.12/site-packages/airflow/example_dags/example_sla_dag.py for tasks to queue
[2025-12-13T10:42:52.998+0000] {logging_mixin.py:190} INFO - [2025-12-13T10:42:52.997+0000] {dagbag.py:588} INFO - Filling up the DagBag from /home/airflow/.local/lib/python3.12/site-packages/airflow/example_dags/example_sla_dag.py
[2025-12-13T10:42:53.041+0000] {processor.py:925} INFO - DAG(s) 'example_sla_dag' retrieved from /home/airflow/.local/lib/python3.12/site-packages/airflow/example_dags/example_sla_dag.py
[2025-12-13T10:42:53.154+0000] {logging_mixin.py:190} INFO - [2025-12-13T10:42:53.154+0000] {dag.py:3239} INFO - Sync 1 DAGs
[2025-12-13T10:42:53.239+0000] {logging_mixin.py:190} INFO - [2025-12-13T10:42:53.238+0000] {dag.py:4180} INFO - Setting next_dagrun for example_sla_dag to 2025-12-13 10:40:00+00:00, run_after=2025-12-13 10:42:00+00:00
[2025-12-13T10:42:53.294+0000] {processor.py:208} INFO - Processing /home/airflow/.local/lib/python3.12/site-packages/airflow/example_dags/example_sla_dag.py took 0.352 seconds
[2025-12-13T10:43:23.511+0000] {processor.py:186} INFO - Started process (PID=3414) to work on /home/airflow/.local/lib/python3.12/site-packages/airflow/example_dags/example_sla_dag.py
[2025-12-13T10:43:23.512+0000] {processor.py:914} INFO - Processing file /home/airflow/.local/lib/python3.12/site-packages/airflow/example_dags/example_sla_dag.py for tasks to queue
[2025-12-13T10:43:23.517+0000] {logging_mixin.py:190} INFO - [2025-12-13T10:43:23.516+0000] {dagbag.py:588} INFO - Filling up the DagBag from /home/airflow/.local/lib/python3.12/site-packages/airflow/example_dags/example_sla_dag.py
[2025-12-13T10:43:23.552+0000] {processor.py:925} INFO - DAG(s) 'example_sla_dag' retrieved from /home/airflow/.local/lib/python3.12/site-packages/airflow/example_dags/example_sla_dag.py
[2025-12-13T10:43:23.590+0000] {logging_mixin.py:190} INFO - [2025-12-13T10:43:23.590+0000] {dag.py:3239} INFO - Sync 1 DAGs
[2025-12-13T10:43:23.645+0000] {logging_mixin.py:190} INFO - [2025-12-13T10:43:23.644+0000] {dag.py:4180} INFO - Setting next_dagrun for example_sla_dag to 2025-12-13 10:40:00+00:00, run_after=2025-12-13 10:42:00+00:00
[2025-12-13T10:43:23.678+0000] {processor.py:208} INFO - Processing /home/airflow/.local/lib/python3.12/site-packages/airflow/example_dags/example_sla_dag.py took 0.181 seconds
[2025-12-13T10:43:54.158+0000] {processor.py:186} INFO - Started process (PID=3477) to work on /home/airflow/.local/lib/python3.12/site-packages/airflow/example_dags/example_sla_dag.py
[2025-12-13T10:43:54.163+0000] {processor.py:914} INFO - Processing file /home/airflow/.local/lib/python3.12/site-packages/airflow/example_dags/example_sla_dag.py for tasks to queue
[2025-12-13T10:43:54.180+0000] {logging_mixin.py:190} INFO - [2025-12-13T10:43:54.173+0000] {dagbag.py:588} INFO - Filling up the DagBag from /home/airflow/.local/lib/python3.12/site-packages/airflow/example_dags/example_sla_dag.py
[2025-12-13T10:43:54.248+0000] {processor.py:925} INFO - DAG(s) 'example_sla_dag' retrieved from /home/airflow/.local/lib/python3.12/site-packages/airflow/example_dags/example_sla_dag.py
[2025-12-13T10:43:54.336+0000] {logging_mixin.py:190} INFO - [2025-12-13T10:43:54.336+0000] {dag.py:3239} INFO - Sync 1 DAGs
[2025-12-13T10:43:54.425+0000] {logging_mixin.py:190} INFO - [2025-12-13T10:43:54.424+0000] {dag.py:4180} INFO - Setting next_dagrun for example_sla_dag to 2025-12-13 10:40:00+00:00, run_after=2025-12-13 10:42:00+00:00
[2025-12-13T10:43:54.459+0000] {processor.py:208} INFO - Processing /home/airflow/.local/lib/python3.12/site-packages/airflow/example_dags/example_sla_dag.py took 0.344 seconds
[2025-12-13T10:44:26.785+0000] {processor.py:186} INFO - Started process (PID=3540) to work on /home/airflow/.local/lib/python3.12/site-packages/airflow/example_dags/example_sla_dag.py
[2025-12-13T10:44:26.789+0000] {processor.py:914} INFO - Processing file /home/airflow/.local/lib/python3.12/site-packages/airflow/example_dags/example_sla_dag.py for tasks to queue
[2025-12-13T10:44:26.802+0000] {logging_mixin.py:190} INFO - [2025-12-13T10:44:26.800+0000] {dagbag.py:588} INFO - Filling up the DagBag from /home/airflow/.local/lib/python3.12/site-packages/airflow/example_dags/example_sla_dag.py
[2025-12-13T10:44:26.903+0000] {processor.py:925} INFO - DAG(s) 'example_sla_dag' retrieved from /home/airflow/.local/lib/python3.12/site-packages/airflow/example_dags/example_sla_dag.py
[2025-12-13T10:44:27.013+0000] {logging_mixin.py:190} INFO - [2025-12-13T10:44:27.012+0000] {dag.py:3239} INFO - Sync 1 DAGs
[2025-12-13T10:44:27.137+0000] {logging_mixin.py:190} INFO - [2025-12-13T10:44:27.136+0000] {dag.py:4180} INFO - Setting next_dagrun for example_sla_dag to 2025-12-13 10:42:00+00:00, run_after=2025-12-13 10:44:00+00:00
[2025-12-13T10:44:27.205+0000] {processor.py:208} INFO - Processing /home/airflow/.local/lib/python3.12/site-packages/airflow/example_dags/example_sla_dag.py took 0.450 seconds
[2025-12-13T10:44:57.875+0000] {processor.py:186} INFO - Started process (PID=3603) to work on /home/airflow/.local/lib/python3.12/site-packages/airflow/example_dags/example_sla_dag.py
[2025-12-13T10:44:57.875+0000] {processor.py:914} INFO - Processing file /home/airflow/.local/lib/python3.12/site-packages/airflow/example_dags/example_sla_dag.py for tasks to queue
[2025-12-13T10:44:57.879+0000] {logging_mixin.py:190} INFO - [2025-12-13T10:44:57.879+0000] {dagbag.py:588} INFO - Filling up the DagBag from /home/airflow/.local/lib/python3.12/site-packages/airflow/example_dags/example_sla_dag.py
[2025-12-13T10:44:57.895+0000] {processor.py:925} INFO - DAG(s) 'example_sla_dag' retrieved from /home/airflow/.local/lib/python3.12/site-packages/airflow/example_dags/example_sla_dag.py
[2025-12-13T10:44:57.921+0000] {logging_mixin.py:190} INFO - [2025-12-13T10:44:57.920+0000] {dag.py:3239} INFO - Sync 1 DAGs
[2025-12-13T10:44:57.959+0000] {logging_mixin.py:190} INFO - [2025-12-13T10:44:57.959+0000] {dag.py:4180} INFO - Setting next_dagrun for example_sla_dag to 2025-12-13 10:42:00+00:00, run_after=2025-12-13 10:44:00+00:00
[2025-12-13T10:44:57.984+0000] {processor.py:208} INFO - Processing /home/airflow/.local/lib/python3.12/site-packages/airflow/example_dags/example_sla_dag.py took 0.118 seconds
[2025-12-13T10:45:28.334+0000] {processor.py:186} INFO - Started process (PID=3666) to work on /home/airflow/.local/lib/python3.12/site-packages/airflow/example_dags/example_sla_dag.py
[2025-12-13T10:45:28.336+0000] {processor.py:914} INFO - Processing file /home/airflow/.local/lib/python3.12/site-packages/airflow/example_dags/example_sla_dag.py for tasks to queue
[2025-12-13T10:45:28.340+0000] {logging_mixin.py:190} INFO - [2025-12-13T10:45:28.340+0000] {dagbag.py:588} INFO - Filling up the DagBag from /home/airflow/.local/lib/python3.12/site-packages/airflow/example_dags/example_sla_dag.py
[2025-12-13T10:45:28.358+0000] {processor.py:925} INFO - DAG(s) 'example_sla_dag' retrieved from /home/airflow/.local/lib/python3.12/site-packages/airflow/example_dags/example_sla_dag.py
[2025-12-13T10:45:28.388+0000] {logging_mixin.py:190} INFO - [2025-12-13T10:45:28.388+0000] {dag.py:3239} INFO - Sync 1 DAGs
[2025-12-13T10:45:28.432+0000] {logging_mixin.py:190} INFO - [2025-12-13T10:45:28.432+0000] {dag.py:4180} INFO - Setting next_dagrun for example_sla_dag to 2025-12-13 10:42:00+00:00, run_after=2025-12-13 10:44:00+00:00
[2025-12-13T10:45:28.460+0000] {processor.py:208} INFO - Processing /home/airflow/.local/lib/python3.12/site-packages/airflow/example_dags/example_sla_dag.py took 0.135 seconds
[2025-12-13T10:45:58.788+0000] {processor.py:186} INFO - Started process (PID=3729) to work on /home/airflow/.local/lib/python3.12/site-packages/airflow/example_dags/example_sla_dag.py
[2025-12-13T10:45:58.788+0000] {processor.py:914} INFO - Processing file /home/airflow/.local/lib/python3.12/site-packages/airflow/example_dags/example_sla_dag.py for tasks to queue
[2025-12-13T10:45:58.792+0000] {logging_mixin.py:190} INFO - [2025-12-13T10:45:58.791+0000] {dagbag.py:588} INFO - Filling up the DagBag from /home/airflow/.local/lib/python3.12/site-packages/airflow/example_dags/example_sla_dag.py
[2025-12-13T10:45:58.806+0000] {processor.py:925} INFO - DAG(s) 'example_sla_dag' retrieved from /home/airflow/.local/lib/python3.12/site-packages/airflow/example_dags/example_sla_dag.py
[2025-12-13T10:45:58.833+0000] {logging_mixin.py:190} INFO - [2025-12-13T10:45:58.832+0000] {dag.py:3239} INFO - Sync 1 DAGs
[2025-12-13T10:45:58.872+0000] {logging_mixin.py:190} INFO - [2025-12-13T10:45:58.872+0000] {dag.py:4180} INFO - Setting next_dagrun for example_sla_dag to 2025-12-13 10:42:00+00:00, run_after=2025-12-13 10:44:00+00:00
[2025-12-13T10:45:58.895+0000] {processor.py:208} INFO - Processing /home/airflow/.local/lib/python3.12/site-packages/airflow/example_dags/example_sla_dag.py took 0.116 seconds
[2025-12-13T10:46:29.572+0000] {processor.py:186} INFO - Started process (PID=3791) to work on /home/airflow/.local/lib/python3.12/site-packages/airflow/example_dags/example_sla_dag.py
[2025-12-13T10:46:29.574+0000] {processor.py:914} INFO - Processing file /home/airflow/.local/lib/python3.12/site-packages/airflow/example_dags/example_sla_dag.py for tasks to queue
[2025-12-13T10:46:29.581+0000] {logging_mixin.py:190} INFO - [2025-12-13T10:46:29.580+0000] {dagbag.py:588} INFO - Filling up the DagBag from /home/airflow/.local/lib/python3.12/site-packages/airflow/example_dags/example_sla_dag.py
[2025-12-13T10:46:29.616+0000] {processor.py:925} INFO - DAG(s) 'example_sla_dag' retrieved from /home/airflow/.local/lib/python3.12/site-packages/airflow/example_dags/example_sla_dag.py
[2025-12-13T10:46:29.677+0000] {logging_mixin.py:190} INFO - [2025-12-13T10:46:29.677+0000] {dag.py:3239} INFO - Sync 1 DAGs
[2025-12-13T10:46:29.732+0000] {logging_mixin.py:190} INFO - [2025-12-13T10:46:29.732+0000] {dag.py:4180} INFO - Setting next_dagrun for example_sla_dag to 2025-12-13 10:44:00+00:00, run_after=2025-12-13 10:46:00+00:00
[2025-12-13T10:46:29.771+0000] {processor.py:208} INFO - Processing /home/airflow/.local/lib/python3.12/site-packages/airflow/example_dags/example_sla_dag.py took 0.223 seconds
