[2025-12-13T10:16:07.239+0000] {processor.py:186} INFO - Started process (PID=88) to work on /home/airflow/.local/lib/python3.12/site-packages/airflow/example_dags/example_xcomargs.py
[2025-12-13T10:16:07.241+0000] {processor.py:914} INFO - Processing file /home/airflow/.local/lib/python3.12/site-packages/airflow/example_dags/example_xcomargs.py for tasks to queue
[2025-12-13T10:16:07.251+0000] {logging_mixin.py:190} INFO - [2025-12-13T10:16:07.250+0000] {dagbag.py:588} INFO - Filling up the DagBag from /home/airflow/.local/lib/python3.12/site-packages/airflow/example_dags/example_xcomargs.py
[2025-12-13T10:16:07.304+0000] {processor.py:925} INFO - DAG(s) 'example_xcom_args_with_operators', 'example_xcom_args' retrieved from /home/airflow/.local/lib/python3.12/site-packages/airflow/example_dags/example_xcomargs.py
[2025-12-13T10:16:07.843+0000] {logging_mixin.py:190} INFO - [2025-12-13T10:16:07.841+0000] {override.py:1911} INFO - Created Permission View: can edit on DAG:example_xcom_args_with_operators
[2025-12-13T10:16:07.872+0000] {logging_mixin.py:190} INFO - [2025-12-13T10:16:07.869+0000] {override.py:1911} INFO - Created Permission View: can delete on DAG:example_xcom_args_with_operators
[2025-12-13T10:16:07.906+0000] {logging_mixin.py:190} INFO - [2025-12-13T10:16:07.905+0000] {override.py:1911} INFO - Created Permission View: can read on DAG:example_xcom_args_with_operators
[2025-12-13T10:16:07.942+0000] {logging_mixin.py:190} INFO - [2025-12-13T10:16:07.941+0000] {override.py:1911} INFO - Created Permission View: can create on DAG Run:example_xcom_args_with_operators
[2025-12-13T10:16:07.963+0000] {logging_mixin.py:190} INFO - [2025-12-13T10:16:07.963+0000] {override.py:1911} INFO - Created Permission View: can delete on DAG Run:example_xcom_args_with_operators
[2025-12-13T10:16:07.980+0000] {logging_mixin.py:190} INFO - [2025-12-13T10:16:07.980+0000] {override.py:1911} INFO - Created Permission View: menu access on DAG Run:example_xcom_args_with_operators
[2025-12-13T10:16:08.018+0000] {logging_mixin.py:190} INFO - [2025-12-13T10:16:08.018+0000] {override.py:1911} INFO - Created Permission View: can read on DAG Run:example_xcom_args_with_operators
[2025-12-13T10:16:08.074+0000] {logging_mixin.py:190} INFO - [2025-12-13T10:16:08.073+0000] {override.py:1911} INFO - Created Permission View: can edit on DAG:example_xcom_args
[2025-12-13T10:16:08.097+0000] {logging_mixin.py:190} INFO - [2025-12-13T10:16:08.096+0000] {override.py:1911} INFO - Created Permission View: can delete on DAG:example_xcom_args
[2025-12-13T10:16:08.114+0000] {logging_mixin.py:190} INFO - [2025-12-13T10:16:08.113+0000] {override.py:1911} INFO - Created Permission View: can read on DAG:example_xcom_args
[2025-12-13T10:16:08.138+0000] {logging_mixin.py:190} INFO - [2025-12-13T10:16:08.137+0000] {override.py:1911} INFO - Created Permission View: can create on DAG Run:example_xcom_args
[2025-12-13T10:16:08.168+0000] {logging_mixin.py:190} INFO - [2025-12-13T10:16:08.168+0000] {override.py:1911} INFO - Created Permission View: can delete on DAG Run:example_xcom_args
[2025-12-13T10:16:08.195+0000] {logging_mixin.py:190} INFO - [2025-12-13T10:16:08.194+0000] {override.py:1911} INFO - Created Permission View: menu access on DAG Run:example_xcom_args
[2025-12-13T10:16:08.241+0000] {logging_mixin.py:190} INFO - [2025-12-13T10:16:08.240+0000] {override.py:1911} INFO - Created Permission View: can read on DAG Run:example_xcom_args
[2025-12-13T10:16:08.241+0000] {logging_mixin.py:190} INFO - [2025-12-13T10:16:08.241+0000] {dag.py:3239} INFO - Sync 2 DAGs
[2025-12-13T10:16:08.287+0000] {logging_mixin.py:190} INFO - [2025-12-13T10:16:08.287+0000] {dag.py:3262} INFO - Creating ORM DAG for example_xcom_args_with_operators
[2025-12-13T10:16:08.289+0000] {logging_mixin.py:190} INFO - [2025-12-13T10:16:08.288+0000] {dag.py:3262} INFO - Creating ORM DAG for example_xcom_args
[2025-12-13T10:16:08.295+0000] {logging_mixin.py:190} INFO - [2025-12-13T10:16:08.294+0000] {dag.py:4180} INFO - Setting next_dagrun for example_xcom_args to None, run_after=None
[2025-12-13T10:16:08.296+0000] {logging_mixin.py:190} INFO - [2025-12-13T10:16:08.296+0000] {dag.py:4180} INFO - Setting next_dagrun for example_xcom_args_with_operators to None, run_after=None
[2025-12-13T10:16:08.338+0000] {processor.py:208} INFO - Processing /home/airflow/.local/lib/python3.12/site-packages/airflow/example_dags/example_xcomargs.py took 1.137 seconds
[2025-12-13T10:16:38.596+0000] {processor.py:186} INFO - Started process (PID=150) to work on /home/airflow/.local/lib/python3.12/site-packages/airflow/example_dags/example_xcomargs.py
[2025-12-13T10:16:38.598+0000] {processor.py:914} INFO - Processing file /home/airflow/.local/lib/python3.12/site-packages/airflow/example_dags/example_xcomargs.py for tasks to queue
[2025-12-13T10:16:38.602+0000] {logging_mixin.py:190} INFO - [2025-12-13T10:16:38.601+0000] {dagbag.py:588} INFO - Filling up the DagBag from /home/airflow/.local/lib/python3.12/site-packages/airflow/example_dags/example_xcomargs.py
[2025-12-13T10:16:38.629+0000] {processor.py:925} INFO - DAG(s) 'example_xcom_args', 'example_xcom_args_with_operators' retrieved from /home/airflow/.local/lib/python3.12/site-packages/airflow/example_dags/example_xcomargs.py
[2025-12-13T10:16:38.675+0000] {logging_mixin.py:190} INFO - [2025-12-13T10:16:38.675+0000] {dag.py:3239} INFO - Sync 2 DAGs
[2025-12-13T10:16:38.702+0000] {logging_mixin.py:190} INFO - [2025-12-13T10:16:38.701+0000] {dag.py:4180} INFO - Setting next_dagrun for example_xcom_args to None, run_after=None
[2025-12-13T10:16:38.711+0000] {logging_mixin.py:190} INFO - [2025-12-13T10:16:38.711+0000] {dag.py:4180} INFO - Setting next_dagrun for example_xcom_args_with_operators to None, run_after=None
[2025-12-13T10:16:38.739+0000] {processor.py:208} INFO - Processing /home/airflow/.local/lib/python3.12/site-packages/airflow/example_dags/example_xcomargs.py took 0.156 seconds
[2025-12-13T10:17:09.360+0000] {processor.py:186} INFO - Started process (PID=213) to work on /home/airflow/.local/lib/python3.12/site-packages/airflow/example_dags/example_xcomargs.py
[2025-12-13T10:17:09.361+0000] {processor.py:914} INFO - Processing file /home/airflow/.local/lib/python3.12/site-packages/airflow/example_dags/example_xcomargs.py for tasks to queue
[2025-12-13T10:17:09.366+0000] {logging_mixin.py:190} INFO - [2025-12-13T10:17:09.365+0000] {dagbag.py:588} INFO - Filling up the DagBag from /home/airflow/.local/lib/python3.12/site-packages/airflow/example_dags/example_xcomargs.py
[2025-12-13T10:17:09.384+0000] {processor.py:925} INFO - DAG(s) 'example_xcom_args', 'example_xcom_args_with_operators' retrieved from /home/airflow/.local/lib/python3.12/site-packages/airflow/example_dags/example_xcomargs.py
[2025-12-13T10:17:09.421+0000] {logging_mixin.py:190} INFO - [2025-12-13T10:17:09.421+0000] {dag.py:3239} INFO - Sync 2 DAGs
[2025-12-13T10:17:09.450+0000] {logging_mixin.py:190} INFO - [2025-12-13T10:17:09.450+0000] {dag.py:4180} INFO - Setting next_dagrun for example_xcom_args to None, run_after=None
[2025-12-13T10:17:09.455+0000] {logging_mixin.py:190} INFO - [2025-12-13T10:17:09.455+0000] {dag.py:4180} INFO - Setting next_dagrun for example_xcom_args_with_operators to None, run_after=None
[2025-12-13T10:17:09.478+0000] {processor.py:208} INFO - Processing /home/airflow/.local/lib/python3.12/site-packages/airflow/example_dags/example_xcomargs.py took 0.130 seconds
[2025-12-13T10:17:39.834+0000] {processor.py:186} INFO - Started process (PID=275) to work on /home/airflow/.local/lib/python3.12/site-packages/airflow/example_dags/example_xcomargs.py
[2025-12-13T10:17:39.836+0000] {processor.py:914} INFO - Processing file /home/airflow/.local/lib/python3.12/site-packages/airflow/example_dags/example_xcomargs.py for tasks to queue
[2025-12-13T10:17:39.841+0000] {logging_mixin.py:190} INFO - [2025-12-13T10:17:39.840+0000] {dagbag.py:588} INFO - Filling up the DagBag from /home/airflow/.local/lib/python3.12/site-packages/airflow/example_dags/example_xcomargs.py
[2025-12-13T10:17:39.863+0000] {processor.py:925} INFO - DAG(s) 'example_xcom_args_with_operators', 'example_xcom_args' retrieved from /home/airflow/.local/lib/python3.12/site-packages/airflow/example_dags/example_xcomargs.py
[2025-12-13T10:17:39.953+0000] {logging_mixin.py:190} INFO - [2025-12-13T10:17:39.952+0000] {dag.py:3239} INFO - Sync 2 DAGs
[2025-12-13T10:17:39.994+0000] {logging_mixin.py:190} INFO - [2025-12-13T10:17:39.994+0000] {dag.py:4180} INFO - Setting next_dagrun for example_xcom_args to None, run_after=None
[2025-12-13T10:17:40.002+0000] {logging_mixin.py:190} INFO - [2025-12-13T10:17:40.002+0000] {dag.py:4180} INFO - Setting next_dagrun for example_xcom_args_with_operators to None, run_after=None
[2025-12-13T10:17:40.030+0000] {processor.py:208} INFO - Processing /home/airflow/.local/lib/python3.12/site-packages/airflow/example_dags/example_xcomargs.py took 0.209 seconds
[2025-12-13T10:18:10.122+0000] {processor.py:186} INFO - Started process (PID=338) to work on /home/airflow/.local/lib/python3.12/site-packages/airflow/example_dags/example_xcomargs.py
[2025-12-13T10:18:10.123+0000] {processor.py:914} INFO - Processing file /home/airflow/.local/lib/python3.12/site-packages/airflow/example_dags/example_xcomargs.py for tasks to queue
[2025-12-13T10:18:10.128+0000] {logging_mixin.py:190} INFO - [2025-12-13T10:18:10.127+0000] {dagbag.py:588} INFO - Filling up the DagBag from /home/airflow/.local/lib/python3.12/site-packages/airflow/example_dags/example_xcomargs.py
[2025-12-13T10:18:10.149+0000] {processor.py:925} INFO - DAG(s) 'example_xcom_args', 'example_xcom_args_with_operators' retrieved from /home/airflow/.local/lib/python3.12/site-packages/airflow/example_dags/example_xcomargs.py
[2025-12-13T10:18:10.196+0000] {logging_mixin.py:190} INFO - [2025-12-13T10:18:10.195+0000] {dag.py:3239} INFO - Sync 2 DAGs
[2025-12-13T10:18:10.224+0000] {logging_mixin.py:190} INFO - [2025-12-13T10:18:10.223+0000] {dag.py:4180} INFO - Setting next_dagrun for example_xcom_args to None, run_after=None
[2025-12-13T10:18:10.233+0000] {logging_mixin.py:190} INFO - [2025-12-13T10:18:10.232+0000] {dag.py:4180} INFO - Setting next_dagrun for example_xcom_args_with_operators to None, run_after=None
[2025-12-13T10:18:10.260+0000] {processor.py:208} INFO - Processing /home/airflow/.local/lib/python3.12/site-packages/airflow/example_dags/example_xcomargs.py took 0.153 seconds
[2025-12-13T10:18:40.476+0000] {processor.py:186} INFO - Started process (PID=401) to work on /home/airflow/.local/lib/python3.12/site-packages/airflow/example_dags/example_xcomargs.py
[2025-12-13T10:18:40.479+0000] {processor.py:914} INFO - Processing file /home/airflow/.local/lib/python3.12/site-packages/airflow/example_dags/example_xcomargs.py for tasks to queue
[2025-12-13T10:18:40.484+0000] {logging_mixin.py:190} INFO - [2025-12-13T10:18:40.483+0000] {dagbag.py:588} INFO - Filling up the DagBag from /home/airflow/.local/lib/python3.12/site-packages/airflow/example_dags/example_xcomargs.py
[2025-12-13T10:18:40.501+0000] {processor.py:925} INFO - DAG(s) 'example_xcom_args_with_operators', 'example_xcom_args' retrieved from /home/airflow/.local/lib/python3.12/site-packages/airflow/example_dags/example_xcomargs.py
[2025-12-13T10:18:40.542+0000] {logging_mixin.py:190} INFO - [2025-12-13T10:18:40.541+0000] {dag.py:3239} INFO - Sync 2 DAGs
[2025-12-13T10:18:40.574+0000] {logging_mixin.py:190} INFO - [2025-12-13T10:18:40.574+0000] {dag.py:4180} INFO - Setting next_dagrun for example_xcom_args to None, run_after=None
[2025-12-13T10:18:40.580+0000] {logging_mixin.py:190} INFO - [2025-12-13T10:18:40.579+0000] {dag.py:4180} INFO - Setting next_dagrun for example_xcom_args_with_operators to None, run_after=None
[2025-12-13T10:18:40.607+0000] {processor.py:208} INFO - Processing /home/airflow/.local/lib/python3.12/site-packages/airflow/example_dags/example_xcomargs.py took 0.144 seconds
[2025-12-13T10:19:11.365+0000] {processor.py:186} INFO - Started process (PID=464) to work on /home/airflow/.local/lib/python3.12/site-packages/airflow/example_dags/example_xcomargs.py
[2025-12-13T10:19:11.370+0000] {processor.py:914} INFO - Processing file /home/airflow/.local/lib/python3.12/site-packages/airflow/example_dags/example_xcomargs.py for tasks to queue
[2025-12-13T10:19:11.374+0000] {logging_mixin.py:190} INFO - [2025-12-13T10:19:11.373+0000] {dagbag.py:588} INFO - Filling up the DagBag from /home/airflow/.local/lib/python3.12/site-packages/airflow/example_dags/example_xcomargs.py
[2025-12-13T10:19:11.395+0000] {processor.py:925} INFO - DAG(s) 'example_xcom_args_with_operators', 'example_xcom_args' retrieved from /home/airflow/.local/lib/python3.12/site-packages/airflow/example_dags/example_xcomargs.py
[2025-12-13T10:19:11.440+0000] {logging_mixin.py:190} INFO - [2025-12-13T10:19:11.439+0000] {dag.py:3239} INFO - Sync 2 DAGs
[2025-12-13T10:19:11.471+0000] {logging_mixin.py:190} INFO - [2025-12-13T10:19:11.471+0000] {dag.py:4180} INFO - Setting next_dagrun for example_xcom_args to None, run_after=None
[2025-12-13T10:19:11.477+0000] {logging_mixin.py:190} INFO - [2025-12-13T10:19:11.476+0000] {dag.py:4180} INFO - Setting next_dagrun for example_xcom_args_with_operators to None, run_after=None
[2025-12-13T10:19:11.505+0000] {processor.py:208} INFO - Processing /home/airflow/.local/lib/python3.12/site-packages/airflow/example_dags/example_xcomargs.py took 0.155 seconds
[2025-12-13T10:19:41.610+0000] {processor.py:186} INFO - Started process (PID=527) to work on /home/airflow/.local/lib/python3.12/site-packages/airflow/example_dags/example_xcomargs.py
[2025-12-13T10:19:41.612+0000] {processor.py:914} INFO - Processing file /home/airflow/.local/lib/python3.12/site-packages/airflow/example_dags/example_xcomargs.py for tasks to queue
[2025-12-13T10:19:41.616+0000] {logging_mixin.py:190} INFO - [2025-12-13T10:19:41.616+0000] {dagbag.py:588} INFO - Filling up the DagBag from /home/airflow/.local/lib/python3.12/site-packages/airflow/example_dags/example_xcomargs.py
[2025-12-13T10:19:41.640+0000] {processor.py:925} INFO - DAG(s) 'example_xcom_args_with_operators', 'example_xcom_args' retrieved from /home/airflow/.local/lib/python3.12/site-packages/airflow/example_dags/example_xcomargs.py
[2025-12-13T10:19:41.690+0000] {logging_mixin.py:190} INFO - [2025-12-13T10:19:41.690+0000] {dag.py:3239} INFO - Sync 2 DAGs
[2025-12-13T10:19:41.725+0000] {logging_mixin.py:190} INFO - [2025-12-13T10:19:41.725+0000] {dag.py:4180} INFO - Setting next_dagrun for example_xcom_args to None, run_after=None
[2025-12-13T10:19:41.735+0000] {logging_mixin.py:190} INFO - [2025-12-13T10:19:41.735+0000] {dag.py:4180} INFO - Setting next_dagrun for example_xcom_args_with_operators to None, run_after=None
[2025-12-13T10:19:41.765+0000] {processor.py:208} INFO - Processing /home/airflow/.local/lib/python3.12/site-packages/airflow/example_dags/example_xcomargs.py took 0.169 seconds
[2025-12-13T10:20:12.130+0000] {processor.py:186} INFO - Started process (PID=590) to work on /home/airflow/.local/lib/python3.12/site-packages/airflow/example_dags/example_xcomargs.py
[2025-12-13T10:20:12.131+0000] {processor.py:914} INFO - Processing file /home/airflow/.local/lib/python3.12/site-packages/airflow/example_dags/example_xcomargs.py for tasks to queue
[2025-12-13T10:20:12.138+0000] {logging_mixin.py:190} INFO - [2025-12-13T10:20:12.137+0000] {dagbag.py:588} INFO - Filling up the DagBag from /home/airflow/.local/lib/python3.12/site-packages/airflow/example_dags/example_xcomargs.py
[2025-12-13T10:20:12.220+0000] {processor.py:925} INFO - DAG(s) 'example_xcom_args_with_operators', 'example_xcom_args' retrieved from /home/airflow/.local/lib/python3.12/site-packages/airflow/example_dags/example_xcomargs.py
[2025-12-13T10:20:12.381+0000] {logging_mixin.py:190} INFO - [2025-12-13T10:20:12.381+0000] {dag.py:3239} INFO - Sync 2 DAGs
[2025-12-13T10:20:12.437+0000] {logging_mixin.py:190} INFO - [2025-12-13T10:20:12.436+0000] {dag.py:4180} INFO - Setting next_dagrun for example_xcom_args to None, run_after=None
[2025-12-13T10:20:12.446+0000] {logging_mixin.py:190} INFO - [2025-12-13T10:20:12.446+0000] {dag.py:4180} INFO - Setting next_dagrun for example_xcom_args_with_operators to None, run_after=None
[2025-12-13T10:20:12.502+0000] {processor.py:208} INFO - Processing /home/airflow/.local/lib/python3.12/site-packages/airflow/example_dags/example_xcomargs.py took 0.395 seconds
[2025-12-13T10:20:43.357+0000] {processor.py:186} INFO - Started process (PID=659) to work on /home/airflow/.local/lib/python3.12/site-packages/airflow/example_dags/example_xcomargs.py
[2025-12-13T10:20:43.359+0000] {processor.py:914} INFO - Processing file /home/airflow/.local/lib/python3.12/site-packages/airflow/example_dags/example_xcomargs.py for tasks to queue
[2025-12-13T10:20:43.368+0000] {logging_mixin.py:190} INFO - [2025-12-13T10:20:43.367+0000] {dagbag.py:588} INFO - Filling up the DagBag from /home/airflow/.local/lib/python3.12/site-packages/airflow/example_dags/example_xcomargs.py
[2025-12-13T10:20:43.400+0000] {processor.py:925} INFO - DAG(s) 'example_xcom_args_with_operators', 'example_xcom_args' retrieved from /home/airflow/.local/lib/python3.12/site-packages/airflow/example_dags/example_xcomargs.py
[2025-12-13T10:20:43.449+0000] {logging_mixin.py:190} INFO - [2025-12-13T10:20:43.449+0000] {dag.py:3239} INFO - Sync 2 DAGs
[2025-12-13T10:20:43.479+0000] {logging_mixin.py:190} INFO - [2025-12-13T10:20:43.479+0000] {dag.py:4180} INFO - Setting next_dagrun for example_xcom_args to None, run_after=None
[2025-12-13T10:20:43.486+0000] {logging_mixin.py:190} INFO - [2025-12-13T10:20:43.486+0000] {dag.py:4180} INFO - Setting next_dagrun for example_xcom_args_with_operators to None, run_after=None
[2025-12-13T10:20:43.511+0000] {processor.py:208} INFO - Processing /home/airflow/.local/lib/python3.12/site-packages/airflow/example_dags/example_xcomargs.py took 0.178 seconds
[2025-12-13T10:21:13.673+0000] {processor.py:186} INFO - Started process (PID=722) to work on /home/airflow/.local/lib/python3.12/site-packages/airflow/example_dags/example_xcomargs.py
[2025-12-13T10:21:13.675+0000] {processor.py:914} INFO - Processing file /home/airflow/.local/lib/python3.12/site-packages/airflow/example_dags/example_xcomargs.py for tasks to queue
[2025-12-13T10:21:13.679+0000] {logging_mixin.py:190} INFO - [2025-12-13T10:21:13.679+0000] {dagbag.py:588} INFO - Filling up the DagBag from /home/airflow/.local/lib/python3.12/site-packages/airflow/example_dags/example_xcomargs.py
[2025-12-13T10:21:13.703+0000] {processor.py:925} INFO - DAG(s) 'example_xcom_args_with_operators', 'example_xcom_args' retrieved from /home/airflow/.local/lib/python3.12/site-packages/airflow/example_dags/example_xcomargs.py
[2025-12-13T10:21:13.766+0000] {logging_mixin.py:190} INFO - [2025-12-13T10:21:13.766+0000] {dag.py:3239} INFO - Sync 2 DAGs
[2025-12-13T10:21:13.824+0000] {logging_mixin.py:190} INFO - [2025-12-13T10:21:13.824+0000] {dag.py:4180} INFO - Setting next_dagrun for example_xcom_args to None, run_after=None
[2025-12-13T10:21:13.835+0000] {logging_mixin.py:190} INFO - [2025-12-13T10:21:13.835+0000] {dag.py:4180} INFO - Setting next_dagrun for example_xcom_args_with_operators to None, run_after=None
[2025-12-13T10:21:13.872+0000] {processor.py:208} INFO - Processing /home/airflow/.local/lib/python3.12/site-packages/airflow/example_dags/example_xcomargs.py took 0.213 seconds
[2025-12-13T10:21:44.727+0000] {processor.py:186} INFO - Started process (PID=784) to work on /home/airflow/.local/lib/python3.12/site-packages/airflow/example_dags/example_xcomargs.py
[2025-12-13T10:21:44.729+0000] {processor.py:914} INFO - Processing file /home/airflow/.local/lib/python3.12/site-packages/airflow/example_dags/example_xcomargs.py for tasks to queue
[2025-12-13T10:21:44.736+0000] {logging_mixin.py:190} INFO - [2025-12-13T10:21:44.736+0000] {dagbag.py:588} INFO - Filling up the DagBag from /home/airflow/.local/lib/python3.12/site-packages/airflow/example_dags/example_xcomargs.py
[2025-12-13T10:21:44.763+0000] {processor.py:925} INFO - DAG(s) 'example_xcom_args', 'example_xcom_args_with_operators' retrieved from /home/airflow/.local/lib/python3.12/site-packages/airflow/example_dags/example_xcomargs.py
[2025-12-13T10:21:44.810+0000] {logging_mixin.py:190} INFO - [2025-12-13T10:21:44.809+0000] {dag.py:3239} INFO - Sync 2 DAGs
[2025-12-13T10:21:44.842+0000] {logging_mixin.py:190} INFO - [2025-12-13T10:21:44.842+0000] {dag.py:4180} INFO - Setting next_dagrun for example_xcom_args to None, run_after=None
[2025-12-13T10:21:44.848+0000] {logging_mixin.py:190} INFO - [2025-12-13T10:21:44.848+0000] {dag.py:4180} INFO - Setting next_dagrun for example_xcom_args_with_operators to None, run_after=None
[2025-12-13T10:21:44.874+0000] {processor.py:208} INFO - Processing /home/airflow/.local/lib/python3.12/site-packages/airflow/example_dags/example_xcomargs.py took 0.168 seconds
[2025-12-13T10:22:15.152+0000] {processor.py:186} INFO - Started process (PID=847) to work on /home/airflow/.local/lib/python3.12/site-packages/airflow/example_dags/example_xcomargs.py
[2025-12-13T10:22:15.155+0000] {processor.py:914} INFO - Processing file /home/airflow/.local/lib/python3.12/site-packages/airflow/example_dags/example_xcomargs.py for tasks to queue
[2025-12-13T10:22:15.158+0000] {logging_mixin.py:190} INFO - [2025-12-13T10:22:15.157+0000] {dagbag.py:588} INFO - Filling up the DagBag from /home/airflow/.local/lib/python3.12/site-packages/airflow/example_dags/example_xcomargs.py
[2025-12-13T10:22:15.179+0000] {processor.py:925} INFO - DAG(s) 'example_xcom_args', 'example_xcom_args_with_operators' retrieved from /home/airflow/.local/lib/python3.12/site-packages/airflow/example_dags/example_xcomargs.py
[2025-12-13T10:22:15.224+0000] {logging_mixin.py:190} INFO - [2025-12-13T10:22:15.224+0000] {dag.py:3239} INFO - Sync 2 DAGs
[2025-12-13T10:22:15.254+0000] {logging_mixin.py:190} INFO - [2025-12-13T10:22:15.253+0000] {dag.py:4180} INFO - Setting next_dagrun for example_xcom_args to None, run_after=None
[2025-12-13T10:22:15.262+0000] {logging_mixin.py:190} INFO - [2025-12-13T10:22:15.262+0000] {dag.py:4180} INFO - Setting next_dagrun for example_xcom_args_with_operators to None, run_after=None
[2025-12-13T10:22:15.293+0000] {processor.py:208} INFO - Processing /home/airflow/.local/lib/python3.12/site-packages/airflow/example_dags/example_xcomargs.py took 0.151 seconds
[2025-12-13T10:22:47.694+0000] {processor.py:186} INFO - Started process (PID=910) to work on /home/airflow/.local/lib/python3.12/site-packages/airflow/example_dags/example_xcomargs.py
[2025-12-13T10:22:47.696+0000] {processor.py:914} INFO - Processing file /home/airflow/.local/lib/python3.12/site-packages/airflow/example_dags/example_xcomargs.py for tasks to queue
[2025-12-13T10:22:47.701+0000] {logging_mixin.py:190} INFO - [2025-12-13T10:22:47.701+0000] {dagbag.py:588} INFO - Filling up the DagBag from /home/airflow/.local/lib/python3.12/site-packages/airflow/example_dags/example_xcomargs.py
[2025-12-13T10:22:47.730+0000] {processor.py:925} INFO - DAG(s) 'example_xcom_args_with_operators', 'example_xcom_args' retrieved from /home/airflow/.local/lib/python3.12/site-packages/airflow/example_dags/example_xcomargs.py
[2025-12-13T10:22:47.781+0000] {logging_mixin.py:190} INFO - [2025-12-13T10:22:47.781+0000] {dag.py:3239} INFO - Sync 2 DAGs
[2025-12-13T10:22:47.817+0000] {logging_mixin.py:190} INFO - [2025-12-13T10:22:47.817+0000] {dag.py:4180} INFO - Setting next_dagrun for example_xcom_args to None, run_after=None
[2025-12-13T10:22:47.826+0000] {logging_mixin.py:190} INFO - [2025-12-13T10:22:47.825+0000] {dag.py:4180} INFO - Setting next_dagrun for example_xcom_args_with_operators to None, run_after=None
[2025-12-13T10:22:47.874+0000] {processor.py:208} INFO - Processing /home/airflow/.local/lib/python3.12/site-packages/airflow/example_dags/example_xcomargs.py took 0.196 seconds
[2025-12-13T10:23:18.096+0000] {processor.py:186} INFO - Started process (PID=971) to work on /home/airflow/.local/lib/python3.12/site-packages/airflow/example_dags/example_xcomargs.py
[2025-12-13T10:23:18.098+0000] {processor.py:914} INFO - Processing file /home/airflow/.local/lib/python3.12/site-packages/airflow/example_dags/example_xcomargs.py for tasks to queue
[2025-12-13T10:23:18.103+0000] {logging_mixin.py:190} INFO - [2025-12-13T10:23:18.102+0000] {dagbag.py:588} INFO - Filling up the DagBag from /home/airflow/.local/lib/python3.12/site-packages/airflow/example_dags/example_xcomargs.py
[2025-12-13T10:23:18.125+0000] {processor.py:925} INFO - DAG(s) 'example_xcom_args', 'example_xcom_args_with_operators' retrieved from /home/airflow/.local/lib/python3.12/site-packages/airflow/example_dags/example_xcomargs.py
[2025-12-13T10:23:18.180+0000] {logging_mixin.py:190} INFO - [2025-12-13T10:23:18.179+0000] {dag.py:3239} INFO - Sync 2 DAGs
[2025-12-13T10:23:18.226+0000] {logging_mixin.py:190} INFO - [2025-12-13T10:23:18.225+0000] {dag.py:4180} INFO - Setting next_dagrun for example_xcom_args to None, run_after=None
[2025-12-13T10:23:18.233+0000] {logging_mixin.py:190} INFO - [2025-12-13T10:23:18.233+0000] {dag.py:4180} INFO - Setting next_dagrun for example_xcom_args_with_operators to None, run_after=None
[2025-12-13T10:23:18.286+0000] {processor.py:208} INFO - Processing /home/airflow/.local/lib/python3.12/site-packages/airflow/example_dags/example_xcomargs.py took 0.204 seconds
[2025-12-13T10:23:48.845+0000] {processor.py:186} INFO - Started process (PID=1034) to work on /home/airflow/.local/lib/python3.12/site-packages/airflow/example_dags/example_xcomargs.py
[2025-12-13T10:23:48.848+0000] {processor.py:914} INFO - Processing file /home/airflow/.local/lib/python3.12/site-packages/airflow/example_dags/example_xcomargs.py for tasks to queue
[2025-12-13T10:23:48.852+0000] {logging_mixin.py:190} INFO - [2025-12-13T10:23:48.852+0000] {dagbag.py:588} INFO - Filling up the DagBag from /home/airflow/.local/lib/python3.12/site-packages/airflow/example_dags/example_xcomargs.py
[2025-12-13T10:23:48.873+0000] {processor.py:925} INFO - DAG(s) 'example_xcom_args', 'example_xcom_args_with_operators' retrieved from /home/airflow/.local/lib/python3.12/site-packages/airflow/example_dags/example_xcomargs.py
[2025-12-13T10:23:48.921+0000] {logging_mixin.py:190} INFO - [2025-12-13T10:23:48.920+0000] {dag.py:3239} INFO - Sync 2 DAGs
[2025-12-13T10:23:48.946+0000] {logging_mixin.py:190} INFO - [2025-12-13T10:23:48.946+0000] {dag.py:4180} INFO - Setting next_dagrun for example_xcom_args to None, run_after=None
[2025-12-13T10:23:48.954+0000] {logging_mixin.py:190} INFO - [2025-12-13T10:23:48.953+0000] {dag.py:4180} INFO - Setting next_dagrun for example_xcom_args_with_operators to None, run_after=None
[2025-12-13T10:23:48.980+0000] {processor.py:208} INFO - Processing /home/airflow/.local/lib/python3.12/site-packages/airflow/example_dags/example_xcomargs.py took 0.145 seconds
[2025-12-13T10:24:19.775+0000] {processor.py:186} INFO - Started process (PID=1097) to work on /home/airflow/.local/lib/python3.12/site-packages/airflow/example_dags/example_xcomargs.py
[2025-12-13T10:24:19.776+0000] {processor.py:914} INFO - Processing file /home/airflow/.local/lib/python3.12/site-packages/airflow/example_dags/example_xcomargs.py for tasks to queue
[2025-12-13T10:24:19.781+0000] {logging_mixin.py:190} INFO - [2025-12-13T10:24:19.779+0000] {dagbag.py:588} INFO - Filling up the DagBag from /home/airflow/.local/lib/python3.12/site-packages/airflow/example_dags/example_xcomargs.py
[2025-12-13T10:24:19.799+0000] {processor.py:925} INFO - DAG(s) 'example_xcom_args_with_operators', 'example_xcom_args' retrieved from /home/airflow/.local/lib/python3.12/site-packages/airflow/example_dags/example_xcomargs.py
[2025-12-13T10:24:19.846+0000] {logging_mixin.py:190} INFO - [2025-12-13T10:24:19.846+0000] {dag.py:3239} INFO - Sync 2 DAGs
[2025-12-13T10:24:19.883+0000] {logging_mixin.py:190} INFO - [2025-12-13T10:24:19.883+0000] {dag.py:4180} INFO - Setting next_dagrun for example_xcom_args to None, run_after=None
[2025-12-13T10:24:19.892+0000] {logging_mixin.py:190} INFO - [2025-12-13T10:24:19.892+0000] {dag.py:4180} INFO - Setting next_dagrun for example_xcom_args_with_operators to None, run_after=None
[2025-12-13T10:24:19.926+0000] {processor.py:208} INFO - Processing /home/airflow/.local/lib/python3.12/site-packages/airflow/example_dags/example_xcomargs.py took 0.163 seconds
[2025-12-13T10:24:50.263+0000] {processor.py:186} INFO - Started process (PID=1159) to work on /home/airflow/.local/lib/python3.12/site-packages/airflow/example_dags/example_xcomargs.py
[2025-12-13T10:24:50.265+0000] {processor.py:914} INFO - Processing file /home/airflow/.local/lib/python3.12/site-packages/airflow/example_dags/example_xcomargs.py for tasks to queue
[2025-12-13T10:24:50.268+0000] {logging_mixin.py:190} INFO - [2025-12-13T10:24:50.267+0000] {dagbag.py:588} INFO - Filling up the DagBag from /home/airflow/.local/lib/python3.12/site-packages/airflow/example_dags/example_xcomargs.py
[2025-12-13T10:24:50.283+0000] {processor.py:925} INFO - DAG(s) 'example_xcom_args', 'example_xcom_args_with_operators' retrieved from /home/airflow/.local/lib/python3.12/site-packages/airflow/example_dags/example_xcomargs.py
[2025-12-13T10:24:50.326+0000] {logging_mixin.py:190} INFO - [2025-12-13T10:24:50.326+0000] {dag.py:3239} INFO - Sync 2 DAGs
[2025-12-13T10:24:50.358+0000] {logging_mixin.py:190} INFO - [2025-12-13T10:24:50.358+0000] {dag.py:4180} INFO - Setting next_dagrun for example_xcom_args to None, run_after=None
[2025-12-13T10:24:50.367+0000] {logging_mixin.py:190} INFO - [2025-12-13T10:24:50.367+0000] {dag.py:4180} INFO - Setting next_dagrun for example_xcom_args_with_operators to None, run_after=None
[2025-12-13T10:24:50.390+0000] {processor.py:208} INFO - Processing /home/airflow/.local/lib/python3.12/site-packages/airflow/example_dags/example_xcomargs.py took 0.139 seconds
[2025-12-13T10:25:21.377+0000] {processor.py:186} INFO - Started process (PID=1222) to work on /home/airflow/.local/lib/python3.12/site-packages/airflow/example_dags/example_xcomargs.py
[2025-12-13T10:25:21.379+0000] {processor.py:914} INFO - Processing file /home/airflow/.local/lib/python3.12/site-packages/airflow/example_dags/example_xcomargs.py for tasks to queue
[2025-12-13T10:25:21.384+0000] {logging_mixin.py:190} INFO - [2025-12-13T10:25:21.383+0000] {dagbag.py:588} INFO - Filling up the DagBag from /home/airflow/.local/lib/python3.12/site-packages/airflow/example_dags/example_xcomargs.py
[2025-12-13T10:25:21.408+0000] {processor.py:925} INFO - DAG(s) 'example_xcom_args', 'example_xcom_args_with_operators' retrieved from /home/airflow/.local/lib/python3.12/site-packages/airflow/example_dags/example_xcomargs.py
[2025-12-13T10:25:21.458+0000] {logging_mixin.py:190} INFO - [2025-12-13T10:25:21.457+0000] {dag.py:3239} INFO - Sync 2 DAGs
[2025-12-13T10:25:21.491+0000] {logging_mixin.py:190} INFO - [2025-12-13T10:25:21.491+0000] {dag.py:4180} INFO - Setting next_dagrun for example_xcom_args to None, run_after=None
[2025-12-13T10:25:21.499+0000] {logging_mixin.py:190} INFO - [2025-12-13T10:25:21.498+0000] {dag.py:4180} INFO - Setting next_dagrun for example_xcom_args_with_operators to None, run_after=None
[2025-12-13T10:25:21.567+0000] {processor.py:208} INFO - Processing /home/airflow/.local/lib/python3.12/site-packages/airflow/example_dags/example_xcomargs.py took 0.202 seconds
[2025-12-13T10:25:52.498+0000] {processor.py:186} INFO - Started process (PID=1278) to work on /home/airflow/.local/lib/python3.12/site-packages/airflow/example_dags/example_xcomargs.py
[2025-12-13T10:25:52.499+0000] {processor.py:914} INFO - Processing file /home/airflow/.local/lib/python3.12/site-packages/airflow/example_dags/example_xcomargs.py for tasks to queue
[2025-12-13T10:25:52.506+0000] {logging_mixin.py:190} INFO - [2025-12-13T10:25:52.504+0000] {dagbag.py:588} INFO - Filling up the DagBag from /home/airflow/.local/lib/python3.12/site-packages/airflow/example_dags/example_xcomargs.py
[2025-12-13T10:25:52.530+0000] {processor.py:925} INFO - DAG(s) 'example_xcom_args_with_operators', 'example_xcom_args' retrieved from /home/airflow/.local/lib/python3.12/site-packages/airflow/example_dags/example_xcomargs.py
[2025-12-13T10:25:52.606+0000] {logging_mixin.py:190} INFO - [2025-12-13T10:25:52.605+0000] {dag.py:3239} INFO - Sync 2 DAGs
[2025-12-13T10:25:52.646+0000] {logging_mixin.py:190} INFO - [2025-12-13T10:25:52.645+0000] {dag.py:4180} INFO - Setting next_dagrun for example_xcom_args to None, run_after=None
[2025-12-13T10:25:52.657+0000] {logging_mixin.py:190} INFO - [2025-12-13T10:25:52.656+0000] {dag.py:4180} INFO - Setting next_dagrun for example_xcom_args_with_operators to None, run_after=None
[2025-12-13T10:25:52.696+0000] {processor.py:208} INFO - Processing /home/airflow/.local/lib/python3.12/site-packages/airflow/example_dags/example_xcomargs.py took 0.213 seconds
[2025-12-13T10:26:24.261+0000] {processor.py:186} INFO - Started process (PID=1333) to work on /home/airflow/.local/lib/python3.12/site-packages/airflow/example_dags/example_xcomargs.py
[2025-12-13T10:26:24.264+0000] {processor.py:914} INFO - Processing file /home/airflow/.local/lib/python3.12/site-packages/airflow/example_dags/example_xcomargs.py for tasks to queue
[2025-12-13T10:26:24.268+0000] {logging_mixin.py:190} INFO - [2025-12-13T10:26:24.267+0000] {dagbag.py:588} INFO - Filling up the DagBag from /home/airflow/.local/lib/python3.12/site-packages/airflow/example_dags/example_xcomargs.py
[2025-12-13T10:26:24.290+0000] {processor.py:925} INFO - DAG(s) 'example_xcom_args', 'example_xcom_args_with_operators' retrieved from /home/airflow/.local/lib/python3.12/site-packages/airflow/example_dags/example_xcomargs.py
[2025-12-13T10:26:24.367+0000] {logging_mixin.py:190} INFO - [2025-12-13T10:26:24.367+0000] {dag.py:3239} INFO - Sync 2 DAGs
[2025-12-13T10:26:24.425+0000] {logging_mixin.py:190} INFO - [2025-12-13T10:26:24.420+0000] {dag.py:4180} INFO - Setting next_dagrun for example_xcom_args to None, run_after=None
[2025-12-13T10:26:24.433+0000] {logging_mixin.py:190} INFO - [2025-12-13T10:26:24.432+0000] {dag.py:4180} INFO - Setting next_dagrun for example_xcom_args_with_operators to None, run_after=None
[2025-12-13T10:26:24.506+0000] {processor.py:208} INFO - Processing /home/airflow/.local/lib/python3.12/site-packages/airflow/example_dags/example_xcomargs.py took 0.266 seconds
[2025-12-13T10:26:55.585+0000] {processor.py:186} INFO - Started process (PID=1396) to work on /home/airflow/.local/lib/python3.12/site-packages/airflow/example_dags/example_xcomargs.py
[2025-12-13T10:26:55.587+0000] {processor.py:914} INFO - Processing file /home/airflow/.local/lib/python3.12/site-packages/airflow/example_dags/example_xcomargs.py for tasks to queue
[2025-12-13T10:26:55.591+0000] {logging_mixin.py:190} INFO - [2025-12-13T10:26:55.591+0000] {dagbag.py:588} INFO - Filling up the DagBag from /home/airflow/.local/lib/python3.12/site-packages/airflow/example_dags/example_xcomargs.py
[2025-12-13T10:26:55.617+0000] {processor.py:925} INFO - DAG(s) 'example_xcom_args_with_operators', 'example_xcom_args' retrieved from /home/airflow/.local/lib/python3.12/site-packages/airflow/example_dags/example_xcomargs.py
[2025-12-13T10:26:55.669+0000] {logging_mixin.py:190} INFO - [2025-12-13T10:26:55.668+0000] {dag.py:3239} INFO - Sync 2 DAGs
[2025-12-13T10:26:55.707+0000] {logging_mixin.py:190} INFO - [2025-12-13T10:26:55.706+0000] {dag.py:4180} INFO - Setting next_dagrun for example_xcom_args to None, run_after=None
[2025-12-13T10:26:55.716+0000] {logging_mixin.py:190} INFO - [2025-12-13T10:26:55.715+0000] {dag.py:4180} INFO - Setting next_dagrun for example_xcom_args_with_operators to None, run_after=None
[2025-12-13T10:26:55.768+0000] {processor.py:208} INFO - Processing /home/airflow/.local/lib/python3.12/site-packages/airflow/example_dags/example_xcomargs.py took 0.195 seconds
[2025-12-13T10:27:26.071+0000] {processor.py:186} INFO - Started process (PID=1459) to work on /home/airflow/.local/lib/python3.12/site-packages/airflow/example_dags/example_xcomargs.py
[2025-12-13T10:27:26.072+0000] {processor.py:914} INFO - Processing file /home/airflow/.local/lib/python3.12/site-packages/airflow/example_dags/example_xcomargs.py for tasks to queue
[2025-12-13T10:27:26.076+0000] {logging_mixin.py:190} INFO - [2025-12-13T10:27:26.076+0000] {dagbag.py:588} INFO - Filling up the DagBag from /home/airflow/.local/lib/python3.12/site-packages/airflow/example_dags/example_xcomargs.py
[2025-12-13T10:27:26.098+0000] {processor.py:925} INFO - DAG(s) 'example_xcom_args_with_operators', 'example_xcom_args' retrieved from /home/airflow/.local/lib/python3.12/site-packages/airflow/example_dags/example_xcomargs.py
[2025-12-13T10:27:26.145+0000] {logging_mixin.py:190} INFO - [2025-12-13T10:27:26.144+0000] {dag.py:3239} INFO - Sync 2 DAGs
[2025-12-13T10:27:26.181+0000] {logging_mixin.py:190} INFO - [2025-12-13T10:27:26.181+0000] {dag.py:4180} INFO - Setting next_dagrun for example_xcom_args to None, run_after=None
[2025-12-13T10:27:26.189+0000] {logging_mixin.py:190} INFO - [2025-12-13T10:27:26.189+0000] {dag.py:4180} INFO - Setting next_dagrun for example_xcom_args_with_operators to None, run_after=None
[2025-12-13T10:27:26.217+0000] {processor.py:208} INFO - Processing /home/airflow/.local/lib/python3.12/site-packages/airflow/example_dags/example_xcomargs.py took 0.159 seconds
[2025-12-13T10:27:56.475+0000] {processor.py:186} INFO - Started process (PID=1519) to work on /home/airflow/.local/lib/python3.12/site-packages/airflow/example_dags/example_xcomargs.py
[2025-12-13T10:27:56.476+0000] {processor.py:914} INFO - Processing file /home/airflow/.local/lib/python3.12/site-packages/airflow/example_dags/example_xcomargs.py for tasks to queue
[2025-12-13T10:27:56.478+0000] {logging_mixin.py:190} INFO - [2025-12-13T10:27:56.478+0000] {dagbag.py:588} INFO - Filling up the DagBag from /home/airflow/.local/lib/python3.12/site-packages/airflow/example_dags/example_xcomargs.py
[2025-12-13T10:27:56.494+0000] {processor.py:925} INFO - DAG(s) 'example_xcom_args_with_operators', 'example_xcom_args' retrieved from /home/airflow/.local/lib/python3.12/site-packages/airflow/example_dags/example_xcomargs.py
[2025-12-13T10:27:56.533+0000] {logging_mixin.py:190} INFO - [2025-12-13T10:27:56.532+0000] {dag.py:3239} INFO - Sync 2 DAGs
[2025-12-13T10:27:56.559+0000] {logging_mixin.py:190} INFO - [2025-12-13T10:27:56.559+0000] {dag.py:4180} INFO - Setting next_dagrun for example_xcom_args to None, run_after=None
[2025-12-13T10:27:56.567+0000] {logging_mixin.py:190} INFO - [2025-12-13T10:27:56.566+0000] {dag.py:4180} INFO - Setting next_dagrun for example_xcom_args_with_operators to None, run_after=None
[2025-12-13T10:27:56.589+0000] {processor.py:208} INFO - Processing /home/airflow/.local/lib/python3.12/site-packages/airflow/example_dags/example_xcomargs.py took 0.127 seconds
[2025-12-13T10:28:28.803+0000] {processor.py:186} INFO - Started process (PID=1586) to work on /home/airflow/.local/lib/python3.12/site-packages/airflow/example_dags/example_xcomargs.py
[2025-12-13T10:28:28.813+0000] {processor.py:914} INFO - Processing file /home/airflow/.local/lib/python3.12/site-packages/airflow/example_dags/example_xcomargs.py for tasks to queue
[2025-12-13T10:28:28.830+0000] {logging_mixin.py:190} INFO - [2025-12-13T10:28:28.830+0000] {dagbag.py:588} INFO - Filling up the DagBag from /home/airflow/.local/lib/python3.12/site-packages/airflow/example_dags/example_xcomargs.py
[2025-12-13T10:28:28.924+0000] {processor.py:925} INFO - DAG(s) 'example_xcom_args_with_operators', 'example_xcom_args' retrieved from /home/airflow/.local/lib/python3.12/site-packages/airflow/example_dags/example_xcomargs.py
[2025-12-13T10:28:29.078+0000] {logging_mixin.py:190} INFO - [2025-12-13T10:28:29.078+0000] {dag.py:3239} INFO - Sync 2 DAGs
[2025-12-13T10:28:29.123+0000] {logging_mixin.py:190} INFO - [2025-12-13T10:28:29.122+0000] {dag.py:4180} INFO - Setting next_dagrun for example_xcom_args to None, run_after=None
[2025-12-13T10:28:29.132+0000] {logging_mixin.py:190} INFO - [2025-12-13T10:28:29.131+0000] {dag.py:4180} INFO - Setting next_dagrun for example_xcom_args_with_operators to None, run_after=None
[2025-12-13T10:28:29.176+0000] {processor.py:208} INFO - Processing /home/airflow/.local/lib/python3.12/site-packages/airflow/example_dags/example_xcomargs.py took 0.429 seconds
[2025-12-13T10:28:59.906+0000] {processor.py:186} INFO - Started process (PID=1649) to work on /home/airflow/.local/lib/python3.12/site-packages/airflow/example_dags/example_xcomargs.py
[2025-12-13T10:28:59.912+0000] {processor.py:914} INFO - Processing file /home/airflow/.local/lib/python3.12/site-packages/airflow/example_dags/example_xcomargs.py for tasks to queue
[2025-12-13T10:28:59.923+0000] {logging_mixin.py:190} INFO - [2025-12-13T10:28:59.922+0000] {dagbag.py:588} INFO - Filling up the DagBag from /home/airflow/.local/lib/python3.12/site-packages/airflow/example_dags/example_xcomargs.py
[2025-12-13T10:28:59.982+0000] {processor.py:925} INFO - DAG(s) 'example_xcom_args', 'example_xcom_args_with_operators' retrieved from /home/airflow/.local/lib/python3.12/site-packages/airflow/example_dags/example_xcomargs.py
[2025-12-13T10:29:00.053+0000] {logging_mixin.py:190} INFO - [2025-12-13T10:29:00.053+0000] {dag.py:3239} INFO - Sync 2 DAGs
[2025-12-13T10:29:00.088+0000] {logging_mixin.py:190} INFO - [2025-12-13T10:29:00.087+0000] {dag.py:4180} INFO - Setting next_dagrun for example_xcom_args to None, run_after=None
[2025-12-13T10:29:00.102+0000] {logging_mixin.py:190} INFO - [2025-12-13T10:29:00.101+0000] {dag.py:4180} INFO - Setting next_dagrun for example_xcom_args_with_operators to None, run_after=None
[2025-12-13T10:29:00.153+0000] {processor.py:208} INFO - Processing /home/airflow/.local/lib/python3.12/site-packages/airflow/example_dags/example_xcomargs.py took 0.276 seconds
[2025-12-13T10:29:30.257+0000] {processor.py:186} INFO - Started process (PID=1711) to work on /home/airflow/.local/lib/python3.12/site-packages/airflow/example_dags/example_xcomargs.py
[2025-12-13T10:29:30.258+0000] {processor.py:914} INFO - Processing file /home/airflow/.local/lib/python3.12/site-packages/airflow/example_dags/example_xcomargs.py for tasks to queue
[2025-12-13T10:29:30.262+0000] {logging_mixin.py:190} INFO - [2025-12-13T10:29:30.261+0000] {dagbag.py:588} INFO - Filling up the DagBag from /home/airflow/.local/lib/python3.12/site-packages/airflow/example_dags/example_xcomargs.py
[2025-12-13T10:29:30.280+0000] {processor.py:925} INFO - DAG(s) 'example_xcom_args_with_operators', 'example_xcom_args' retrieved from /home/airflow/.local/lib/python3.12/site-packages/airflow/example_dags/example_xcomargs.py
[2025-12-13T10:29:30.312+0000] {logging_mixin.py:190} INFO - [2025-12-13T10:29:30.312+0000] {dag.py:3239} INFO - Sync 2 DAGs
[2025-12-13T10:29:30.334+0000] {logging_mixin.py:190} INFO - [2025-12-13T10:29:30.334+0000] {dag.py:4180} INFO - Setting next_dagrun for example_xcom_args to None, run_after=None
[2025-12-13T10:29:30.339+0000] {logging_mixin.py:190} INFO - [2025-12-13T10:29:30.339+0000] {dag.py:4180} INFO - Setting next_dagrun for example_xcom_args_with_operators to None, run_after=None
[2025-12-13T10:29:30.362+0000] {processor.py:208} INFO - Processing /home/airflow/.local/lib/python3.12/site-packages/airflow/example_dags/example_xcomargs.py took 0.114 seconds
[2025-12-13T10:30:00.462+0000] {processor.py:186} INFO - Started process (PID=1774) to work on /home/airflow/.local/lib/python3.12/site-packages/airflow/example_dags/example_xcomargs.py
[2025-12-13T10:30:00.463+0000] {processor.py:914} INFO - Processing file /home/airflow/.local/lib/python3.12/site-packages/airflow/example_dags/example_xcomargs.py for tasks to queue
[2025-12-13T10:30:00.467+0000] {logging_mixin.py:190} INFO - [2025-12-13T10:30:00.466+0000] {dagbag.py:588} INFO - Filling up the DagBag from /home/airflow/.local/lib/python3.12/site-packages/airflow/example_dags/example_xcomargs.py
[2025-12-13T10:30:00.489+0000] {processor.py:925} INFO - DAG(s) 'example_xcom_args', 'example_xcom_args_with_operators' retrieved from /home/airflow/.local/lib/python3.12/site-packages/airflow/example_dags/example_xcomargs.py
[2025-12-13T10:30:00.536+0000] {logging_mixin.py:190} INFO - [2025-12-13T10:30:00.536+0000] {dag.py:3239} INFO - Sync 2 DAGs
[2025-12-13T10:30:00.570+0000] {logging_mixin.py:190} INFO - [2025-12-13T10:30:00.570+0000] {dag.py:4180} INFO - Setting next_dagrun for example_xcom_args to None, run_after=None
[2025-12-13T10:30:00.580+0000] {logging_mixin.py:190} INFO - [2025-12-13T10:30:00.580+0000] {dag.py:4180} INFO - Setting next_dagrun for example_xcom_args_with_operators to None, run_after=None
[2025-12-13T10:30:00.615+0000] {processor.py:208} INFO - Processing /home/airflow/.local/lib/python3.12/site-packages/airflow/example_dags/example_xcomargs.py took 0.164 seconds
[2025-12-13T10:30:30.806+0000] {processor.py:186} INFO - Started process (PID=1837) to work on /home/airflow/.local/lib/python3.12/site-packages/airflow/example_dags/example_xcomargs.py
[2025-12-13T10:30:30.807+0000] {processor.py:914} INFO - Processing file /home/airflow/.local/lib/python3.12/site-packages/airflow/example_dags/example_xcomargs.py for tasks to queue
[2025-12-13T10:30:30.812+0000] {logging_mixin.py:190} INFO - [2025-12-13T10:30:30.811+0000] {dagbag.py:588} INFO - Filling up the DagBag from /home/airflow/.local/lib/python3.12/site-packages/airflow/example_dags/example_xcomargs.py
[2025-12-13T10:30:30.832+0000] {processor.py:925} INFO - DAG(s) 'example_xcom_args', 'example_xcom_args_with_operators' retrieved from /home/airflow/.local/lib/python3.12/site-packages/airflow/example_dags/example_xcomargs.py
[2025-12-13T10:30:30.882+0000] {logging_mixin.py:190} INFO - [2025-12-13T10:30:30.881+0000] {dag.py:3239} INFO - Sync 2 DAGs
[2025-12-13T10:30:30.914+0000] {logging_mixin.py:190} INFO - [2025-12-13T10:30:30.913+0000] {dag.py:4180} INFO - Setting next_dagrun for example_xcom_args to None, run_after=None
[2025-12-13T10:30:30.921+0000] {logging_mixin.py:190} INFO - [2025-12-13T10:30:30.920+0000] {dag.py:4180} INFO - Setting next_dagrun for example_xcom_args_with_operators to None, run_after=None
[2025-12-13T10:30:30.949+0000] {processor.py:208} INFO - Processing /home/airflow/.local/lib/python3.12/site-packages/airflow/example_dags/example_xcomargs.py took 0.154 seconds
[2025-12-13T10:31:01.565+0000] {processor.py:186} INFO - Started process (PID=1899) to work on /home/airflow/.local/lib/python3.12/site-packages/airflow/example_dags/example_xcomargs.py
[2025-12-13T10:31:01.566+0000] {processor.py:914} INFO - Processing file /home/airflow/.local/lib/python3.12/site-packages/airflow/example_dags/example_xcomargs.py for tasks to queue
[2025-12-13T10:31:01.577+0000] {logging_mixin.py:190} INFO - [2025-12-13T10:31:01.576+0000] {dagbag.py:588} INFO - Filling up the DagBag from /home/airflow/.local/lib/python3.12/site-packages/airflow/example_dags/example_xcomargs.py
[2025-12-13T10:31:01.601+0000] {processor.py:925} INFO - DAG(s) 'example_xcom_args', 'example_xcom_args_with_operators' retrieved from /home/airflow/.local/lib/python3.12/site-packages/airflow/example_dags/example_xcomargs.py
[2025-12-13T10:31:01.678+0000] {logging_mixin.py:190} INFO - [2025-12-13T10:31:01.677+0000] {dag.py:3239} INFO - Sync 2 DAGs
[2025-12-13T10:31:01.727+0000] {logging_mixin.py:190} INFO - [2025-12-13T10:31:01.725+0000] {dag.py:4180} INFO - Setting next_dagrun for example_xcom_args to None, run_after=None
[2025-12-13T10:31:01.743+0000] {logging_mixin.py:190} INFO - [2025-12-13T10:31:01.743+0000] {dag.py:4180} INFO - Setting next_dagrun for example_xcom_args_with_operators to None, run_after=None
[2025-12-13T10:31:01.779+0000] {processor.py:208} INFO - Processing /home/airflow/.local/lib/python3.12/site-packages/airflow/example_dags/example_xcomargs.py took 0.228 seconds
[2025-12-13T10:31:32.387+0000] {processor.py:186} INFO - Started process (PID=1962) to work on /home/airflow/.local/lib/python3.12/site-packages/airflow/example_dags/example_xcomargs.py
[2025-12-13T10:31:32.392+0000] {processor.py:914} INFO - Processing file /home/airflow/.local/lib/python3.12/site-packages/airflow/example_dags/example_xcomargs.py for tasks to queue
[2025-12-13T10:31:32.397+0000] {logging_mixin.py:190} INFO - [2025-12-13T10:31:32.396+0000] {dagbag.py:588} INFO - Filling up the DagBag from /home/airflow/.local/lib/python3.12/site-packages/airflow/example_dags/example_xcomargs.py
[2025-12-13T10:31:32.440+0000] {processor.py:925} INFO - DAG(s) 'example_xcom_args_with_operators', 'example_xcom_args' retrieved from /home/airflow/.local/lib/python3.12/site-packages/airflow/example_dags/example_xcomargs.py
[2025-12-13T10:31:32.542+0000] {logging_mixin.py:190} INFO - [2025-12-13T10:31:32.542+0000] {dag.py:3239} INFO - Sync 2 DAGs
[2025-12-13T10:31:32.626+0000] {logging_mixin.py:190} INFO - [2025-12-13T10:31:32.625+0000] {dag.py:4180} INFO - Setting next_dagrun for example_xcom_args to None, run_after=None
[2025-12-13T10:31:32.666+0000] {logging_mixin.py:190} INFO - [2025-12-13T10:31:32.662+0000] {dag.py:4180} INFO - Setting next_dagrun for example_xcom_args_with_operators to None, run_after=None
[2025-12-13T10:31:32.702+0000] {processor.py:208} INFO - Processing /home/airflow/.local/lib/python3.12/site-packages/airflow/example_dags/example_xcomargs.py took 0.335 seconds
[2025-12-13T10:32:02.857+0000] {processor.py:186} INFO - Started process (PID=2025) to work on /home/airflow/.local/lib/python3.12/site-packages/airflow/example_dags/example_xcomargs.py
[2025-12-13T10:32:02.859+0000] {processor.py:914} INFO - Processing file /home/airflow/.local/lib/python3.12/site-packages/airflow/example_dags/example_xcomargs.py for tasks to queue
[2025-12-13T10:32:02.863+0000] {logging_mixin.py:190} INFO - [2025-12-13T10:32:02.862+0000] {dagbag.py:588} INFO - Filling up the DagBag from /home/airflow/.local/lib/python3.12/site-packages/airflow/example_dags/example_xcomargs.py
[2025-12-13T10:32:02.888+0000] {processor.py:925} INFO - DAG(s) 'example_xcom_args_with_operators', 'example_xcom_args' retrieved from /home/airflow/.local/lib/python3.12/site-packages/airflow/example_dags/example_xcomargs.py
[2025-12-13T10:32:02.935+0000] {logging_mixin.py:190} INFO - [2025-12-13T10:32:02.934+0000] {dag.py:3239} INFO - Sync 2 DAGs
[2025-12-13T10:32:02.970+0000] {logging_mixin.py:190} INFO - [2025-12-13T10:32:02.970+0000] {dag.py:4180} INFO - Setting next_dagrun for example_xcom_args to None, run_after=None
[2025-12-13T10:32:02.979+0000] {logging_mixin.py:190} INFO - [2025-12-13T10:32:02.978+0000] {dag.py:4180} INFO - Setting next_dagrun for example_xcom_args_with_operators to None, run_after=None
[2025-12-13T10:32:03.021+0000] {processor.py:208} INFO - Processing /home/airflow/.local/lib/python3.12/site-packages/airflow/example_dags/example_xcomargs.py took 0.178 seconds
[2025-12-13T10:32:33.388+0000] {processor.py:186} INFO - Started process (PID=2088) to work on /home/airflow/.local/lib/python3.12/site-packages/airflow/example_dags/example_xcomargs.py
[2025-12-13T10:32:33.390+0000] {processor.py:914} INFO - Processing file /home/airflow/.local/lib/python3.12/site-packages/airflow/example_dags/example_xcomargs.py for tasks to queue
[2025-12-13T10:32:33.394+0000] {logging_mixin.py:190} INFO - [2025-12-13T10:32:33.393+0000] {dagbag.py:588} INFO - Filling up the DagBag from /home/airflow/.local/lib/python3.12/site-packages/airflow/example_dags/example_xcomargs.py
[2025-12-13T10:32:33.417+0000] {processor.py:925} INFO - DAG(s) 'example_xcom_args', 'example_xcom_args_with_operators' retrieved from /home/airflow/.local/lib/python3.12/site-packages/airflow/example_dags/example_xcomargs.py
[2025-12-13T10:32:33.467+0000] {logging_mixin.py:190} INFO - [2025-12-13T10:32:33.466+0000] {dag.py:3239} INFO - Sync 2 DAGs
[2025-12-13T10:32:33.501+0000] {logging_mixin.py:190} INFO - [2025-12-13T10:32:33.501+0000] {dag.py:4180} INFO - Setting next_dagrun for example_xcom_args to None, run_after=None
[2025-12-13T10:32:33.508+0000] {logging_mixin.py:190} INFO - [2025-12-13T10:32:33.508+0000] {dag.py:4180} INFO - Setting next_dagrun for example_xcom_args_with_operators to None, run_after=None
[2025-12-13T10:32:33.544+0000] {processor.py:208} INFO - Processing /home/airflow/.local/lib/python3.12/site-packages/airflow/example_dags/example_xcomargs.py took 0.170 seconds
[2025-12-13T10:33:05.793+0000] {processor.py:186} INFO - Started process (PID=2150) to work on /home/airflow/.local/lib/python3.12/site-packages/airflow/example_dags/example_xcomargs.py
[2025-12-13T10:33:05.795+0000] {processor.py:914} INFO - Processing file /home/airflow/.local/lib/python3.12/site-packages/airflow/example_dags/example_xcomargs.py for tasks to queue
[2025-12-13T10:33:05.799+0000] {logging_mixin.py:190} INFO - [2025-12-13T10:33:05.798+0000] {dagbag.py:588} INFO - Filling up the DagBag from /home/airflow/.local/lib/python3.12/site-packages/airflow/example_dags/example_xcomargs.py
[2025-12-13T10:33:05.820+0000] {processor.py:925} INFO - DAG(s) 'example_xcom_args_with_operators', 'example_xcom_args' retrieved from /home/airflow/.local/lib/python3.12/site-packages/airflow/example_dags/example_xcomargs.py
[2025-12-13T10:33:05.867+0000] {logging_mixin.py:190} INFO - [2025-12-13T10:33:05.866+0000] {dag.py:3239} INFO - Sync 2 DAGs
[2025-12-13T10:33:05.900+0000] {logging_mixin.py:190} INFO - [2025-12-13T10:33:05.899+0000] {dag.py:4180} INFO - Setting next_dagrun for example_xcom_args to None, run_after=None
[2025-12-13T10:33:05.905+0000] {logging_mixin.py:190} INFO - [2025-12-13T10:33:05.905+0000] {dag.py:4180} INFO - Setting next_dagrun for example_xcom_args_with_operators to None, run_after=None
[2025-12-13T10:33:05.929+0000] {processor.py:208} INFO - Processing /home/airflow/.local/lib/python3.12/site-packages/airflow/example_dags/example_xcomargs.py took 0.148 seconds
[2025-12-13T10:33:36.794+0000] {processor.py:186} INFO - Started process (PID=2213) to work on /home/airflow/.local/lib/python3.12/site-packages/airflow/example_dags/example_xcomargs.py
[2025-12-13T10:33:36.795+0000] {processor.py:914} INFO - Processing file /home/airflow/.local/lib/python3.12/site-packages/airflow/example_dags/example_xcomargs.py for tasks to queue
[2025-12-13T10:33:36.798+0000] {logging_mixin.py:190} INFO - [2025-12-13T10:33:36.798+0000] {dagbag.py:588} INFO - Filling up the DagBag from /home/airflow/.local/lib/python3.12/site-packages/airflow/example_dags/example_xcomargs.py
[2025-12-13T10:33:36.820+0000] {processor.py:925} INFO - DAG(s) 'example_xcom_args_with_operators', 'example_xcom_args' retrieved from /home/airflow/.local/lib/python3.12/site-packages/airflow/example_dags/example_xcomargs.py
[2025-12-13T10:33:36.858+0000] {logging_mixin.py:190} INFO - [2025-12-13T10:33:36.858+0000] {dag.py:3239} INFO - Sync 2 DAGs
[2025-12-13T10:33:36.887+0000] {logging_mixin.py:190} INFO - [2025-12-13T10:33:36.886+0000] {dag.py:4180} INFO - Setting next_dagrun for example_xcom_args to None, run_after=None
[2025-12-13T10:33:36.895+0000] {logging_mixin.py:190} INFO - [2025-12-13T10:33:36.895+0000] {dag.py:4180} INFO - Setting next_dagrun for example_xcom_args_with_operators to None, run_after=None
[2025-12-13T10:33:36.922+0000] {processor.py:208} INFO - Processing /home/airflow/.local/lib/python3.12/site-packages/airflow/example_dags/example_xcomargs.py took 0.137 seconds
[2025-12-13T10:34:08.976+0000] {processor.py:186} INFO - Started process (PID=2276) to work on /home/airflow/.local/lib/python3.12/site-packages/airflow/example_dags/example_xcomargs.py
[2025-12-13T10:34:08.979+0000] {processor.py:914} INFO - Processing file /home/airflow/.local/lib/python3.12/site-packages/airflow/example_dags/example_xcomargs.py for tasks to queue
[2025-12-13T10:34:08.987+0000] {logging_mixin.py:190} INFO - [2025-12-13T10:34:08.986+0000] {dagbag.py:588} INFO - Filling up the DagBag from /home/airflow/.local/lib/python3.12/site-packages/airflow/example_dags/example_xcomargs.py
[2025-12-13T10:34:09.029+0000] {processor.py:925} INFO - DAG(s) 'example_xcom_args_with_operators', 'example_xcom_args' retrieved from /home/airflow/.local/lib/python3.12/site-packages/airflow/example_dags/example_xcomargs.py
[2025-12-13T10:34:09.161+0000] {logging_mixin.py:190} INFO - [2025-12-13T10:34:09.160+0000] {dag.py:3239} INFO - Sync 2 DAGs
[2025-12-13T10:34:09.216+0000] {logging_mixin.py:190} INFO - [2025-12-13T10:34:09.216+0000] {dag.py:4180} INFO - Setting next_dagrun for example_xcom_args to None, run_after=None
[2025-12-13T10:34:09.233+0000] {logging_mixin.py:190} INFO - [2025-12-13T10:34:09.233+0000] {dag.py:4180} INFO - Setting next_dagrun for example_xcom_args_with_operators to None, run_after=None
[2025-12-13T10:34:09.285+0000] {processor.py:208} INFO - Processing /home/airflow/.local/lib/python3.12/site-packages/airflow/example_dags/example_xcomargs.py took 0.321 seconds
[2025-12-13T10:34:39.347+0000] {processor.py:186} INFO - Started process (PID=2337) to work on /home/airflow/.local/lib/python3.12/site-packages/airflow/example_dags/example_xcomargs.py
[2025-12-13T10:34:39.348+0000] {processor.py:914} INFO - Processing file /home/airflow/.local/lib/python3.12/site-packages/airflow/example_dags/example_xcomargs.py for tasks to queue
[2025-12-13T10:34:39.353+0000] {logging_mixin.py:190} INFO - [2025-12-13T10:34:39.352+0000] {dagbag.py:588} INFO - Filling up the DagBag from /home/airflow/.local/lib/python3.12/site-packages/airflow/example_dags/example_xcomargs.py
[2025-12-13T10:34:39.375+0000] {processor.py:925} INFO - DAG(s) 'example_xcom_args_with_operators', 'example_xcom_args' retrieved from /home/airflow/.local/lib/python3.12/site-packages/airflow/example_dags/example_xcomargs.py
[2025-12-13T10:34:39.426+0000] {logging_mixin.py:190} INFO - [2025-12-13T10:34:39.426+0000] {dag.py:3239} INFO - Sync 2 DAGs
[2025-12-13T10:34:39.487+0000] {logging_mixin.py:190} INFO - [2025-12-13T10:34:39.484+0000] {dag.py:4180} INFO - Setting next_dagrun for example_xcom_args to None, run_after=None
[2025-12-13T10:34:39.507+0000] {logging_mixin.py:190} INFO - [2025-12-13T10:34:39.506+0000] {dag.py:4180} INFO - Setting next_dagrun for example_xcom_args_with_operators to None, run_after=None
[2025-12-13T10:34:39.583+0000] {processor.py:208} INFO - Processing /home/airflow/.local/lib/python3.12/site-packages/airflow/example_dags/example_xcomargs.py took 0.249 seconds
[2025-12-13T10:35:10.325+0000] {processor.py:186} INFO - Started process (PID=2399) to work on /home/airflow/.local/lib/python3.12/site-packages/airflow/example_dags/example_xcomargs.py
[2025-12-13T10:35:10.326+0000] {processor.py:914} INFO - Processing file /home/airflow/.local/lib/python3.12/site-packages/airflow/example_dags/example_xcomargs.py for tasks to queue
[2025-12-13T10:35:10.330+0000] {logging_mixin.py:190} INFO - [2025-12-13T10:35:10.330+0000] {dagbag.py:588} INFO - Filling up the DagBag from /home/airflow/.local/lib/python3.12/site-packages/airflow/example_dags/example_xcomargs.py
[2025-12-13T10:35:10.350+0000] {processor.py:925} INFO - DAG(s) 'example_xcom_args_with_operators', 'example_xcom_args' retrieved from /home/airflow/.local/lib/python3.12/site-packages/airflow/example_dags/example_xcomargs.py
[2025-12-13T10:35:10.396+0000] {logging_mixin.py:190} INFO - [2025-12-13T10:35:10.395+0000] {dag.py:3239} INFO - Sync 2 DAGs
[2025-12-13T10:35:10.427+0000] {logging_mixin.py:190} INFO - [2025-12-13T10:35:10.426+0000] {dag.py:4180} INFO - Setting next_dagrun for example_xcom_args to None, run_after=None
[2025-12-13T10:35:10.435+0000] {logging_mixin.py:190} INFO - [2025-12-13T10:35:10.434+0000] {dag.py:4180} INFO - Setting next_dagrun for example_xcom_args_with_operators to None, run_after=None
[2025-12-13T10:35:10.463+0000] {processor.py:208} INFO - Processing /home/airflow/.local/lib/python3.12/site-packages/airflow/example_dags/example_xcomargs.py took 0.150 seconds
[2025-12-13T10:35:40.995+0000] {processor.py:186} INFO - Started process (PID=2461) to work on /home/airflow/.local/lib/python3.12/site-packages/airflow/example_dags/example_xcomargs.py
[2025-12-13T10:35:41.000+0000] {processor.py:914} INFO - Processing file /home/airflow/.local/lib/python3.12/site-packages/airflow/example_dags/example_xcomargs.py for tasks to queue
[2025-12-13T10:35:41.007+0000] {logging_mixin.py:190} INFO - [2025-12-13T10:35:41.006+0000] {dagbag.py:588} INFO - Filling up the DagBag from /home/airflow/.local/lib/python3.12/site-packages/airflow/example_dags/example_xcomargs.py
[2025-12-13T10:35:41.032+0000] {processor.py:925} INFO - DAG(s) 'example_xcom_args', 'example_xcom_args_with_operators' retrieved from /home/airflow/.local/lib/python3.12/site-packages/airflow/example_dags/example_xcomargs.py
[2025-12-13T10:35:41.078+0000] {logging_mixin.py:190} INFO - [2025-12-13T10:35:41.078+0000] {dag.py:3239} INFO - Sync 2 DAGs
[2025-12-13T10:35:41.113+0000] {logging_mixin.py:190} INFO - [2025-12-13T10:35:41.112+0000] {dag.py:4180} INFO - Setting next_dagrun for example_xcom_args to None, run_after=None
[2025-12-13T10:35:41.121+0000] {logging_mixin.py:190} INFO - [2025-12-13T10:35:41.121+0000] {dag.py:4180} INFO - Setting next_dagrun for example_xcom_args_with_operators to None, run_after=None
[2025-12-13T10:35:41.158+0000] {processor.py:208} INFO - Processing /home/airflow/.local/lib/python3.12/site-packages/airflow/example_dags/example_xcomargs.py took 0.175 seconds
[2025-12-13T10:36:12.033+0000] {processor.py:186} INFO - Started process (PID=2524) to work on /home/airflow/.local/lib/python3.12/site-packages/airflow/example_dags/example_xcomargs.py
[2025-12-13T10:36:12.035+0000] {processor.py:914} INFO - Processing file /home/airflow/.local/lib/python3.12/site-packages/airflow/example_dags/example_xcomargs.py for tasks to queue
[2025-12-13T10:36:12.039+0000] {logging_mixin.py:190} INFO - [2025-12-13T10:36:12.039+0000] {dagbag.py:588} INFO - Filling up the DagBag from /home/airflow/.local/lib/python3.12/site-packages/airflow/example_dags/example_xcomargs.py
[2025-12-13T10:36:12.067+0000] {processor.py:925} INFO - DAG(s) 'example_xcom_args', 'example_xcom_args_with_operators' retrieved from /home/airflow/.local/lib/python3.12/site-packages/airflow/example_dags/example_xcomargs.py
[2025-12-13T10:36:12.134+0000] {logging_mixin.py:190} INFO - [2025-12-13T10:36:12.133+0000] {dag.py:3239} INFO - Sync 2 DAGs
[2025-12-13T10:36:12.182+0000] {logging_mixin.py:190} INFO - [2025-12-13T10:36:12.181+0000] {dag.py:4180} INFO - Setting next_dagrun for example_xcom_args to None, run_after=None
[2025-12-13T10:36:12.192+0000] {logging_mixin.py:190} INFO - [2025-12-13T10:36:12.191+0000] {dag.py:4180} INFO - Setting next_dagrun for example_xcom_args_with_operators to None, run_after=None
[2025-12-13T10:36:12.234+0000] {processor.py:208} INFO - Processing /home/airflow/.local/lib/python3.12/site-packages/airflow/example_dags/example_xcomargs.py took 0.224 seconds
[2025-12-13T10:36:42.747+0000] {processor.py:186} INFO - Started process (PID=2587) to work on /home/airflow/.local/lib/python3.12/site-packages/airflow/example_dags/example_xcomargs.py
[2025-12-13T10:36:42.748+0000] {processor.py:914} INFO - Processing file /home/airflow/.local/lib/python3.12/site-packages/airflow/example_dags/example_xcomargs.py for tasks to queue
[2025-12-13T10:36:42.752+0000] {logging_mixin.py:190} INFO - [2025-12-13T10:36:42.752+0000] {dagbag.py:588} INFO - Filling up the DagBag from /home/airflow/.local/lib/python3.12/site-packages/airflow/example_dags/example_xcomargs.py
[2025-12-13T10:36:42.774+0000] {processor.py:925} INFO - DAG(s) 'example_xcom_args_with_operators', 'example_xcom_args' retrieved from /home/airflow/.local/lib/python3.12/site-packages/airflow/example_dags/example_xcomargs.py
[2025-12-13T10:36:42.816+0000] {logging_mixin.py:190} INFO - [2025-12-13T10:36:42.816+0000] {dag.py:3239} INFO - Sync 2 DAGs
[2025-12-13T10:36:42.840+0000] {logging_mixin.py:190} INFO - [2025-12-13T10:36:42.839+0000] {dag.py:4180} INFO - Setting next_dagrun for example_xcom_args to None, run_after=None
[2025-12-13T10:36:42.845+0000] {logging_mixin.py:190} INFO - [2025-12-13T10:36:42.845+0000] {dag.py:4180} INFO - Setting next_dagrun for example_xcom_args_with_operators to None, run_after=None
[2025-12-13T10:36:42.871+0000] {processor.py:208} INFO - Processing /home/airflow/.local/lib/python3.12/site-packages/airflow/example_dags/example_xcomargs.py took 0.138 seconds
[2025-12-13T10:37:13.338+0000] {processor.py:186} INFO - Started process (PID=2650) to work on /home/airflow/.local/lib/python3.12/site-packages/airflow/example_dags/example_xcomargs.py
[2025-12-13T10:37:13.339+0000] {processor.py:914} INFO - Processing file /home/airflow/.local/lib/python3.12/site-packages/airflow/example_dags/example_xcomargs.py for tasks to queue
[2025-12-13T10:37:13.344+0000] {logging_mixin.py:190} INFO - [2025-12-13T10:37:13.343+0000] {dagbag.py:588} INFO - Filling up the DagBag from /home/airflow/.local/lib/python3.12/site-packages/airflow/example_dags/example_xcomargs.py
[2025-12-13T10:37:13.365+0000] {processor.py:925} INFO - DAG(s) 'example_xcom_args', 'example_xcom_args_with_operators' retrieved from /home/airflow/.local/lib/python3.12/site-packages/airflow/example_dags/example_xcomargs.py
[2025-12-13T10:37:13.415+0000] {logging_mixin.py:190} INFO - [2025-12-13T10:37:13.415+0000] {dag.py:3239} INFO - Sync 2 DAGs
[2025-12-13T10:37:13.450+0000] {logging_mixin.py:190} INFO - [2025-12-13T10:37:13.449+0000] {dag.py:4180} INFO - Setting next_dagrun for example_xcom_args to None, run_after=None
[2025-12-13T10:37:13.458+0000] {logging_mixin.py:190} INFO - [2025-12-13T10:37:13.457+0000] {dag.py:4180} INFO - Setting next_dagrun for example_xcom_args_with_operators to None, run_after=None
[2025-12-13T10:37:13.494+0000] {processor.py:208} INFO - Processing /home/airflow/.local/lib/python3.12/site-packages/airflow/example_dags/example_xcomargs.py took 0.168 seconds
[2025-12-13T10:37:43.848+0000] {processor.py:186} INFO - Started process (PID=2713) to work on /home/airflow/.local/lib/python3.12/site-packages/airflow/example_dags/example_xcomargs.py
[2025-12-13T10:37:43.854+0000] {processor.py:914} INFO - Processing file /home/airflow/.local/lib/python3.12/site-packages/airflow/example_dags/example_xcomargs.py for tasks to queue
[2025-12-13T10:37:43.864+0000] {logging_mixin.py:190} INFO - [2025-12-13T10:37:43.863+0000] {dagbag.py:588} INFO - Filling up the DagBag from /home/airflow/.local/lib/python3.12/site-packages/airflow/example_dags/example_xcomargs.py
[2025-12-13T10:37:43.908+0000] {processor.py:925} INFO - DAG(s) 'example_xcom_args_with_operators', 'example_xcom_args' retrieved from /home/airflow/.local/lib/python3.12/site-packages/airflow/example_dags/example_xcomargs.py
[2025-12-13T10:37:43.976+0000] {logging_mixin.py:190} INFO - [2025-12-13T10:37:43.976+0000] {dag.py:3239} INFO - Sync 2 DAGs
[2025-12-13T10:37:44.025+0000] {logging_mixin.py:190} INFO - [2025-12-13T10:37:44.024+0000] {dag.py:4180} INFO - Setting next_dagrun for example_xcom_args to None, run_after=None
[2025-12-13T10:37:44.032+0000] {logging_mixin.py:190} INFO - [2025-12-13T10:37:44.031+0000] {dag.py:4180} INFO - Setting next_dagrun for example_xcom_args_with_operators to None, run_after=None
[2025-12-13T10:37:44.086+0000] {processor.py:208} INFO - Processing /home/airflow/.local/lib/python3.12/site-packages/airflow/example_dags/example_xcomargs.py took 0.276 seconds
[2025-12-13T10:38:14.301+0000] {processor.py:186} INFO - Started process (PID=2775) to work on /home/airflow/.local/lib/python3.12/site-packages/airflow/example_dags/example_xcomargs.py
[2025-12-13T10:38:14.305+0000] {processor.py:914} INFO - Processing file /home/airflow/.local/lib/python3.12/site-packages/airflow/example_dags/example_xcomargs.py for tasks to queue
[2025-12-13T10:38:14.308+0000] {logging_mixin.py:190} INFO - [2025-12-13T10:38:14.307+0000] {dagbag.py:588} INFO - Filling up the DagBag from /home/airflow/.local/lib/python3.12/site-packages/airflow/example_dags/example_xcomargs.py
[2025-12-13T10:38:14.330+0000] {processor.py:925} INFO - DAG(s) 'example_xcom_args_with_operators', 'example_xcom_args' retrieved from /home/airflow/.local/lib/python3.12/site-packages/airflow/example_dags/example_xcomargs.py
[2025-12-13T10:38:14.377+0000] {logging_mixin.py:190} INFO - [2025-12-13T10:38:14.376+0000] {dag.py:3239} INFO - Sync 2 DAGs
[2025-12-13T10:38:14.411+0000] {logging_mixin.py:190} INFO - [2025-12-13T10:38:14.411+0000] {dag.py:4180} INFO - Setting next_dagrun for example_xcom_args to None, run_after=None
[2025-12-13T10:38:14.419+0000] {logging_mixin.py:190} INFO - [2025-12-13T10:38:14.418+0000] {dag.py:4180} INFO - Setting next_dagrun for example_xcom_args_with_operators to None, run_after=None
[2025-12-13T10:38:14.450+0000] {processor.py:208} INFO - Processing /home/airflow/.local/lib/python3.12/site-packages/airflow/example_dags/example_xcomargs.py took 0.161 seconds
[2025-12-13T10:38:45.058+0000] {processor.py:186} INFO - Started process (PID=2839) to work on /home/airflow/.local/lib/python3.12/site-packages/airflow/example_dags/example_xcomargs.py
[2025-12-13T10:38:45.059+0000] {processor.py:914} INFO - Processing file /home/airflow/.local/lib/python3.12/site-packages/airflow/example_dags/example_xcomargs.py for tasks to queue
[2025-12-13T10:38:45.064+0000] {logging_mixin.py:190} INFO - [2025-12-13T10:38:45.063+0000] {dagbag.py:588} INFO - Filling up the DagBag from /home/airflow/.local/lib/python3.12/site-packages/airflow/example_dags/example_xcomargs.py
[2025-12-13T10:38:45.085+0000] {processor.py:925} INFO - DAG(s) 'example_xcom_args_with_operators', 'example_xcom_args' retrieved from /home/airflow/.local/lib/python3.12/site-packages/airflow/example_dags/example_xcomargs.py
[2025-12-13T10:38:45.132+0000] {logging_mixin.py:190} INFO - [2025-12-13T10:38:45.131+0000] {dag.py:3239} INFO - Sync 2 DAGs
[2025-12-13T10:38:45.167+0000] {logging_mixin.py:190} INFO - [2025-12-13T10:38:45.167+0000] {dag.py:4180} INFO - Setting next_dagrun for example_xcom_args to None, run_after=None
[2025-12-13T10:38:45.176+0000] {logging_mixin.py:190} INFO - [2025-12-13T10:38:45.175+0000] {dag.py:4180} INFO - Setting next_dagrun for example_xcom_args_with_operators to None, run_after=None
[2025-12-13T10:38:45.217+0000] {processor.py:208} INFO - Processing /home/airflow/.local/lib/python3.12/site-packages/airflow/example_dags/example_xcomargs.py took 0.171 seconds
[2025-12-13T10:39:15.310+0000] {processor.py:186} INFO - Started process (PID=2898) to work on /home/airflow/.local/lib/python3.12/site-packages/airflow/example_dags/example_xcomargs.py
[2025-12-13T10:39:15.312+0000] {processor.py:914} INFO - Processing file /home/airflow/.local/lib/python3.12/site-packages/airflow/example_dags/example_xcomargs.py for tasks to queue
[2025-12-13T10:39:15.316+0000] {logging_mixin.py:190} INFO - [2025-12-13T10:39:15.315+0000] {dagbag.py:588} INFO - Filling up the DagBag from /home/airflow/.local/lib/python3.12/site-packages/airflow/example_dags/example_xcomargs.py
[2025-12-13T10:39:15.336+0000] {processor.py:925} INFO - DAG(s) 'example_xcom_args', 'example_xcom_args_with_operators' retrieved from /home/airflow/.local/lib/python3.12/site-packages/airflow/example_dags/example_xcomargs.py
[2025-12-13T10:39:15.377+0000] {logging_mixin.py:190} INFO - [2025-12-13T10:39:15.377+0000] {dag.py:3239} INFO - Sync 2 DAGs
[2025-12-13T10:39:15.402+0000] {logging_mixin.py:190} INFO - [2025-12-13T10:39:15.401+0000] {dag.py:4180} INFO - Setting next_dagrun for example_xcom_args to None, run_after=None
[2025-12-13T10:39:15.410+0000] {logging_mixin.py:190} INFO - [2025-12-13T10:39:15.410+0000] {dag.py:4180} INFO - Setting next_dagrun for example_xcom_args_with_operators to None, run_after=None
[2025-12-13T10:39:15.439+0000] {processor.py:208} INFO - Processing /home/airflow/.local/lib/python3.12/site-packages/airflow/example_dags/example_xcomargs.py took 0.141 seconds
[2025-12-13T10:39:46.019+0000] {processor.py:186} INFO - Started process (PID=2961) to work on /home/airflow/.local/lib/python3.12/site-packages/airflow/example_dags/example_xcomargs.py
[2025-12-13T10:39:46.021+0000] {processor.py:914} INFO - Processing file /home/airflow/.local/lib/python3.12/site-packages/airflow/example_dags/example_xcomargs.py for tasks to queue
[2025-12-13T10:39:46.026+0000] {logging_mixin.py:190} INFO - [2025-12-13T10:39:46.026+0000] {dagbag.py:588} INFO - Filling up the DagBag from /home/airflow/.local/lib/python3.12/site-packages/airflow/example_dags/example_xcomargs.py
[2025-12-13T10:39:46.052+0000] {processor.py:925} INFO - DAG(s) 'example_xcom_args', 'example_xcom_args_with_operators' retrieved from /home/airflow/.local/lib/python3.12/site-packages/airflow/example_dags/example_xcomargs.py
[2025-12-13T10:39:46.105+0000] {logging_mixin.py:190} INFO - [2025-12-13T10:39:46.105+0000] {dag.py:3239} INFO - Sync 2 DAGs
[2025-12-13T10:39:46.147+0000] {logging_mixin.py:190} INFO - [2025-12-13T10:39:46.146+0000] {dag.py:4180} INFO - Setting next_dagrun for example_xcom_args to None, run_after=None
[2025-12-13T10:39:46.155+0000] {logging_mixin.py:190} INFO - [2025-12-13T10:39:46.155+0000] {dag.py:4180} INFO - Setting next_dagrun for example_xcom_args_with_operators to None, run_after=None
[2025-12-13T10:39:46.193+0000] {processor.py:208} INFO - Processing /home/airflow/.local/lib/python3.12/site-packages/airflow/example_dags/example_xcomargs.py took 0.188 seconds
[2025-12-13T10:40:16.389+0000] {processor.py:186} INFO - Started process (PID=3024) to work on /home/airflow/.local/lib/python3.12/site-packages/airflow/example_dags/example_xcomargs.py
[2025-12-13T10:40:16.389+0000] {processor.py:914} INFO - Processing file /home/airflow/.local/lib/python3.12/site-packages/airflow/example_dags/example_xcomargs.py for tasks to queue
[2025-12-13T10:40:16.393+0000] {logging_mixin.py:190} INFO - [2025-12-13T10:40:16.393+0000] {dagbag.py:588} INFO - Filling up the DagBag from /home/airflow/.local/lib/python3.12/site-packages/airflow/example_dags/example_xcomargs.py
[2025-12-13T10:40:16.410+0000] {processor.py:925} INFO - DAG(s) 'example_xcom_args_with_operators', 'example_xcom_args' retrieved from /home/airflow/.local/lib/python3.12/site-packages/airflow/example_dags/example_xcomargs.py
[2025-12-13T10:40:16.448+0000] {logging_mixin.py:190} INFO - [2025-12-13T10:40:16.447+0000] {dag.py:3239} INFO - Sync 2 DAGs
[2025-12-13T10:40:16.475+0000] {logging_mixin.py:190} INFO - [2025-12-13T10:40:16.474+0000] {dag.py:4180} INFO - Setting next_dagrun for example_xcom_args to None, run_after=None
[2025-12-13T10:40:16.482+0000] {logging_mixin.py:190} INFO - [2025-12-13T10:40:16.481+0000] {dag.py:4180} INFO - Setting next_dagrun for example_xcom_args_with_operators to None, run_after=None
[2025-12-13T10:40:16.505+0000] {processor.py:208} INFO - Processing /home/airflow/.local/lib/python3.12/site-packages/airflow/example_dags/example_xcomargs.py took 0.127 seconds
[2025-12-13T10:40:48.024+0000] {processor.py:186} INFO - Started process (PID=3087) to work on /home/airflow/.local/lib/python3.12/site-packages/airflow/example_dags/example_xcomargs.py
[2025-12-13T10:40:48.030+0000] {processor.py:914} INFO - Processing file /home/airflow/.local/lib/python3.12/site-packages/airflow/example_dags/example_xcomargs.py for tasks to queue
[2025-12-13T10:40:48.035+0000] {logging_mixin.py:190} INFO - [2025-12-13T10:40:48.035+0000] {dagbag.py:588} INFO - Filling up the DagBag from /home/airflow/.local/lib/python3.12/site-packages/airflow/example_dags/example_xcomargs.py
[2025-12-13T10:40:48.061+0000] {processor.py:925} INFO - DAG(s) 'example_xcom_args', 'example_xcom_args_with_operators' retrieved from /home/airflow/.local/lib/python3.12/site-packages/airflow/example_dags/example_xcomargs.py
[2025-12-13T10:40:48.106+0000] {logging_mixin.py:190} INFO - [2025-12-13T10:40:48.106+0000] {dag.py:3239} INFO - Sync 2 DAGs
[2025-12-13T10:40:48.136+0000] {logging_mixin.py:190} INFO - [2025-12-13T10:40:48.136+0000] {dag.py:4180} INFO - Setting next_dagrun for example_xcom_args to None, run_after=None
[2025-12-13T10:40:48.144+0000] {logging_mixin.py:190} INFO - [2025-12-13T10:40:48.143+0000] {dag.py:4180} INFO - Setting next_dagrun for example_xcom_args_with_operators to None, run_after=None
[2025-12-13T10:40:48.182+0000] {processor.py:208} INFO - Processing /home/airflow/.local/lib/python3.12/site-packages/airflow/example_dags/example_xcomargs.py took 0.188 seconds
[2025-12-13T10:41:18.365+0000] {processor.py:186} INFO - Started process (PID=3151) to work on /home/airflow/.local/lib/python3.12/site-packages/airflow/example_dags/example_xcomargs.py
[2025-12-13T10:41:18.366+0000] {processor.py:914} INFO - Processing file /home/airflow/.local/lib/python3.12/site-packages/airflow/example_dags/example_xcomargs.py for tasks to queue
[2025-12-13T10:41:18.369+0000] {logging_mixin.py:190} INFO - [2025-12-13T10:41:18.369+0000] {dagbag.py:588} INFO - Filling up the DagBag from /home/airflow/.local/lib/python3.12/site-packages/airflow/example_dags/example_xcomargs.py
[2025-12-13T10:41:18.387+0000] {processor.py:925} INFO - DAG(s) 'example_xcom_args_with_operators', 'example_xcom_args' retrieved from /home/airflow/.local/lib/python3.12/site-packages/airflow/example_dags/example_xcomargs.py
[2025-12-13T10:41:18.425+0000] {logging_mixin.py:190} INFO - [2025-12-13T10:41:18.424+0000] {dag.py:3239} INFO - Sync 2 DAGs
[2025-12-13T10:41:18.446+0000] {logging_mixin.py:190} INFO - [2025-12-13T10:41:18.446+0000] {dag.py:4180} INFO - Setting next_dagrun for example_xcom_args to None, run_after=None
[2025-12-13T10:41:18.453+0000] {logging_mixin.py:190} INFO - [2025-12-13T10:41:18.452+0000] {dag.py:4180} INFO - Setting next_dagrun for example_xcom_args_with_operators to None, run_after=None
[2025-12-13T10:41:18.478+0000] {processor.py:208} INFO - Processing /home/airflow/.local/lib/python3.12/site-packages/airflow/example_dags/example_xcomargs.py took 0.123 seconds
[2025-12-13T10:41:49.008+0000] {processor.py:186} INFO - Started process (PID=3213) to work on /home/airflow/.local/lib/python3.12/site-packages/airflow/example_dags/example_xcomargs.py
[2025-12-13T10:41:49.012+0000] {processor.py:914} INFO - Processing file /home/airflow/.local/lib/python3.12/site-packages/airflow/example_dags/example_xcomargs.py for tasks to queue
[2025-12-13T10:41:49.016+0000] {logging_mixin.py:190} INFO - [2025-12-13T10:41:49.016+0000] {dagbag.py:588} INFO - Filling up the DagBag from /home/airflow/.local/lib/python3.12/site-packages/airflow/example_dags/example_xcomargs.py
[2025-12-13T10:41:49.052+0000] {processor.py:925} INFO - DAG(s) 'example_xcom_args', 'example_xcom_args_with_operators' retrieved from /home/airflow/.local/lib/python3.12/site-packages/airflow/example_dags/example_xcomargs.py
[2025-12-13T10:41:49.120+0000] {logging_mixin.py:190} INFO - [2025-12-13T10:41:49.119+0000] {dag.py:3239} INFO - Sync 2 DAGs
[2025-12-13T10:41:49.154+0000] {logging_mixin.py:190} INFO - [2025-12-13T10:41:49.154+0000] {dag.py:4180} INFO - Setting next_dagrun for example_xcom_args to None, run_after=None
[2025-12-13T10:41:49.166+0000] {logging_mixin.py:190} INFO - [2025-12-13T10:41:49.166+0000] {dag.py:4180} INFO - Setting next_dagrun for example_xcom_args_with_operators to None, run_after=None
[2025-12-13T10:41:49.207+0000] {processor.py:208} INFO - Processing /home/airflow/.local/lib/python3.12/site-packages/airflow/example_dags/example_xcomargs.py took 0.220 seconds
[2025-12-13T10:42:19.826+0000] {processor.py:186} INFO - Started process (PID=3276) to work on /home/airflow/.local/lib/python3.12/site-packages/airflow/example_dags/example_xcomargs.py
[2025-12-13T10:42:19.828+0000] {processor.py:914} INFO - Processing file /home/airflow/.local/lib/python3.12/site-packages/airflow/example_dags/example_xcomargs.py for tasks to queue
[2025-12-13T10:42:19.832+0000] {logging_mixin.py:190} INFO - [2025-12-13T10:42:19.831+0000] {dagbag.py:588} INFO - Filling up the DagBag from /home/airflow/.local/lib/python3.12/site-packages/airflow/example_dags/example_xcomargs.py
[2025-12-13T10:42:19.853+0000] {processor.py:925} INFO - DAG(s) 'example_xcom_args_with_operators', 'example_xcom_args' retrieved from /home/airflow/.local/lib/python3.12/site-packages/airflow/example_dags/example_xcomargs.py
[2025-12-13T10:42:19.898+0000] {logging_mixin.py:190} INFO - [2025-12-13T10:42:19.897+0000] {dag.py:3239} INFO - Sync 2 DAGs
[2025-12-13T10:42:19.937+0000] {logging_mixin.py:190} INFO - [2025-12-13T10:42:19.937+0000] {dag.py:4180} INFO - Setting next_dagrun for example_xcom_args to None, run_after=None
[2025-12-13T10:42:19.946+0000] {logging_mixin.py:190} INFO - [2025-12-13T10:42:19.945+0000] {dag.py:4180} INFO - Setting next_dagrun for example_xcom_args_with_operators to None, run_after=None
[2025-12-13T10:42:19.976+0000] {processor.py:208} INFO - Processing /home/airflow/.local/lib/python3.12/site-packages/airflow/example_dags/example_xcomargs.py took 0.161 seconds
[2025-12-13T10:42:50.934+0000] {processor.py:186} INFO - Started process (PID=3345) to work on /home/airflow/.local/lib/python3.12/site-packages/airflow/example_dags/example_xcomargs.py
[2025-12-13T10:42:50.936+0000] {processor.py:914} INFO - Processing file /home/airflow/.local/lib/python3.12/site-packages/airflow/example_dags/example_xcomargs.py for tasks to queue
[2025-12-13T10:42:50.941+0000] {logging_mixin.py:190} INFO - [2025-12-13T10:42:50.941+0000] {dagbag.py:588} INFO - Filling up the DagBag from /home/airflow/.local/lib/python3.12/site-packages/airflow/example_dags/example_xcomargs.py
[2025-12-13T10:42:50.965+0000] {processor.py:925} INFO - DAG(s) 'example_xcom_args_with_operators', 'example_xcom_args' retrieved from /home/airflow/.local/lib/python3.12/site-packages/airflow/example_dags/example_xcomargs.py
[2025-12-13T10:42:51.047+0000] {logging_mixin.py:190} INFO - [2025-12-13T10:42:51.047+0000] {dag.py:3239} INFO - Sync 2 DAGs
[2025-12-13T10:42:51.120+0000] {logging_mixin.py:190} INFO - [2025-12-13T10:42:51.116+0000] {dag.py:4180} INFO - Setting next_dagrun for example_xcom_args to None, run_after=None
[2025-12-13T10:42:51.140+0000] {logging_mixin.py:190} INFO - [2025-12-13T10:42:51.140+0000] {dag.py:4180} INFO - Setting next_dagrun for example_xcom_args_with_operators to None, run_after=None
[2025-12-13T10:42:51.229+0000] {processor.py:208} INFO - Processing /home/airflow/.local/lib/python3.12/site-packages/airflow/example_dags/example_xcomargs.py took 0.313 seconds
[2025-12-13T10:43:21.626+0000] {processor.py:186} INFO - Started process (PID=3408) to work on /home/airflow/.local/lib/python3.12/site-packages/airflow/example_dags/example_xcomargs.py
[2025-12-13T10:43:21.630+0000] {processor.py:914} INFO - Processing file /home/airflow/.local/lib/python3.12/site-packages/airflow/example_dags/example_xcomargs.py for tasks to queue
[2025-12-13T10:43:21.640+0000] {logging_mixin.py:190} INFO - [2025-12-13T10:43:21.638+0000] {dagbag.py:588} INFO - Filling up the DagBag from /home/airflow/.local/lib/python3.12/site-packages/airflow/example_dags/example_xcomargs.py
[2025-12-13T10:43:21.677+0000] {processor.py:925} INFO - DAG(s) 'example_xcom_args', 'example_xcom_args_with_operators' retrieved from /home/airflow/.local/lib/python3.12/site-packages/airflow/example_dags/example_xcomargs.py
[2025-12-13T10:43:21.777+0000] {logging_mixin.py:190} INFO - [2025-12-13T10:43:21.777+0000] {dag.py:3239} INFO - Sync 2 DAGs
[2025-12-13T10:43:21.847+0000] {logging_mixin.py:190} INFO - [2025-12-13T10:43:21.846+0000] {dag.py:4180} INFO - Setting next_dagrun for example_xcom_args to None, run_after=None
[2025-12-13T10:43:21.855+0000] {logging_mixin.py:190} INFO - [2025-12-13T10:43:21.855+0000] {dag.py:4180} INFO - Setting next_dagrun for example_xcom_args_with_operators to None, run_after=None
[2025-12-13T10:43:21.893+0000] {processor.py:208} INFO - Processing /home/airflow/.local/lib/python3.12/site-packages/airflow/example_dags/example_xcomargs.py took 0.283 seconds
[2025-12-13T10:43:52.327+0000] {processor.py:186} INFO - Started process (PID=3471) to work on /home/airflow/.local/lib/python3.12/site-packages/airflow/example_dags/example_xcomargs.py
[2025-12-13T10:43:52.328+0000] {processor.py:914} INFO - Processing file /home/airflow/.local/lib/python3.12/site-packages/airflow/example_dags/example_xcomargs.py for tasks to queue
[2025-12-13T10:43:52.340+0000] {logging_mixin.py:190} INFO - [2025-12-13T10:43:52.339+0000] {dagbag.py:588} INFO - Filling up the DagBag from /home/airflow/.local/lib/python3.12/site-packages/airflow/example_dags/example_xcomargs.py
[2025-12-13T10:43:52.372+0000] {processor.py:925} INFO - DAG(s) 'example_xcom_args_with_operators', 'example_xcom_args' retrieved from /home/airflow/.local/lib/python3.12/site-packages/airflow/example_dags/example_xcomargs.py
[2025-12-13T10:43:52.439+0000] {logging_mixin.py:190} INFO - [2025-12-13T10:43:52.439+0000] {dag.py:3239} INFO - Sync 2 DAGs
[2025-12-13T10:43:52.484+0000] {logging_mixin.py:190} INFO - [2025-12-13T10:43:52.484+0000] {dag.py:4180} INFO - Setting next_dagrun for example_xcom_args to None, run_after=None
[2025-12-13T10:43:52.494+0000] {logging_mixin.py:190} INFO - [2025-12-13T10:43:52.493+0000] {dag.py:4180} INFO - Setting next_dagrun for example_xcom_args_with_operators to None, run_after=None
[2025-12-13T10:43:52.531+0000] {processor.py:208} INFO - Processing /home/airflow/.local/lib/python3.12/site-packages/airflow/example_dags/example_xcomargs.py took 0.233 seconds
[2025-12-13T10:44:24.860+0000] {processor.py:186} INFO - Started process (PID=3534) to work on /home/airflow/.local/lib/python3.12/site-packages/airflow/example_dags/example_xcomargs.py
[2025-12-13T10:44:24.864+0000] {processor.py:914} INFO - Processing file /home/airflow/.local/lib/python3.12/site-packages/airflow/example_dags/example_xcomargs.py for tasks to queue
[2025-12-13T10:44:24.874+0000] {logging_mixin.py:190} INFO - [2025-12-13T10:44:24.872+0000] {dagbag.py:588} INFO - Filling up the DagBag from /home/airflow/.local/lib/python3.12/site-packages/airflow/example_dags/example_xcomargs.py
[2025-12-13T10:44:24.928+0000] {processor.py:925} INFO - DAG(s) 'example_xcom_args_with_operators', 'example_xcom_args' retrieved from /home/airflow/.local/lib/python3.12/site-packages/airflow/example_dags/example_xcomargs.py
[2025-12-13T10:44:25.041+0000] {logging_mixin.py:190} INFO - [2025-12-13T10:44:25.040+0000] {dag.py:3239} INFO - Sync 2 DAGs
[2025-12-13T10:44:25.134+0000] {logging_mixin.py:190} INFO - [2025-12-13T10:44:25.133+0000] {dag.py:4180} INFO - Setting next_dagrun for example_xcom_args to None, run_after=None
[2025-12-13T10:44:25.173+0000] {logging_mixin.py:190} INFO - [2025-12-13T10:44:25.169+0000] {dag.py:4180} INFO - Setting next_dagrun for example_xcom_args_with_operators to None, run_after=None
[2025-12-13T10:44:25.313+0000] {processor.py:208} INFO - Processing /home/airflow/.local/lib/python3.12/site-packages/airflow/example_dags/example_xcomargs.py took 0.484 seconds
[2025-12-13T10:44:55.542+0000] {processor.py:186} INFO - Started process (PID=3597) to work on /home/airflow/.local/lib/python3.12/site-packages/airflow/example_dags/example_xcomargs.py
[2025-12-13T10:44:55.543+0000] {processor.py:914} INFO - Processing file /home/airflow/.local/lib/python3.12/site-packages/airflow/example_dags/example_xcomargs.py for tasks to queue
[2025-12-13T10:44:55.546+0000] {logging_mixin.py:190} INFO - [2025-12-13T10:44:55.545+0000] {dagbag.py:588} INFO - Filling up the DagBag from /home/airflow/.local/lib/python3.12/site-packages/airflow/example_dags/example_xcomargs.py
[2025-12-13T10:44:55.560+0000] {processor.py:925} INFO - DAG(s) 'example_xcom_args', 'example_xcom_args_with_operators' retrieved from /home/airflow/.local/lib/python3.12/site-packages/airflow/example_dags/example_xcomargs.py
[2025-12-13T10:44:55.592+0000] {logging_mixin.py:190} INFO - [2025-12-13T10:44:55.592+0000] {dag.py:3239} INFO - Sync 2 DAGs
[2025-12-13T10:44:55.612+0000] {logging_mixin.py:190} INFO - [2025-12-13T10:44:55.612+0000] {dag.py:4180} INFO - Setting next_dagrun for example_xcom_args to None, run_after=None
[2025-12-13T10:44:55.618+0000] {logging_mixin.py:190} INFO - [2025-12-13T10:44:55.618+0000] {dag.py:4180} INFO - Setting next_dagrun for example_xcom_args_with_operators to None, run_after=None
[2025-12-13T10:44:55.638+0000] {processor.py:208} INFO - Processing /home/airflow/.local/lib/python3.12/site-packages/airflow/example_dags/example_xcomargs.py took 0.105 seconds
[2025-12-13T10:45:26.028+0000] {processor.py:186} INFO - Started process (PID=3659) to work on /home/airflow/.local/lib/python3.12/site-packages/airflow/example_dags/example_xcomargs.py
[2025-12-13T10:45:26.029+0000] {processor.py:914} INFO - Processing file /home/airflow/.local/lib/python3.12/site-packages/airflow/example_dags/example_xcomargs.py for tasks to queue
[2025-12-13T10:45:26.033+0000] {logging_mixin.py:190} INFO - [2025-12-13T10:45:26.032+0000] {dagbag.py:588} INFO - Filling up the DagBag from /home/airflow/.local/lib/python3.12/site-packages/airflow/example_dags/example_xcomargs.py
[2025-12-13T10:45:26.052+0000] {processor.py:925} INFO - DAG(s) 'example_xcom_args_with_operators', 'example_xcom_args' retrieved from /home/airflow/.local/lib/python3.12/site-packages/airflow/example_dags/example_xcomargs.py
[2025-12-13T10:45:26.092+0000] {logging_mixin.py:190} INFO - [2025-12-13T10:45:26.091+0000] {dag.py:3239} INFO - Sync 2 DAGs
[2025-12-13T10:45:26.120+0000] {logging_mixin.py:190} INFO - [2025-12-13T10:45:26.120+0000] {dag.py:4180} INFO - Setting next_dagrun for example_xcom_args to None, run_after=None
[2025-12-13T10:45:26.127+0000] {logging_mixin.py:190} INFO - [2025-12-13T10:45:26.127+0000] {dag.py:4180} INFO - Setting next_dagrun for example_xcom_args_with_operators to None, run_after=None
[2025-12-13T10:45:26.154+0000] {processor.py:208} INFO - Processing /home/airflow/.local/lib/python3.12/site-packages/airflow/example_dags/example_xcomargs.py took 0.137 seconds
[2025-12-13T10:45:56.257+0000] {processor.py:186} INFO - Started process (PID=3722) to work on /home/airflow/.local/lib/python3.12/site-packages/airflow/example_dags/example_xcomargs.py
[2025-12-13T10:45:56.258+0000] {processor.py:914} INFO - Processing file /home/airflow/.local/lib/python3.12/site-packages/airflow/example_dags/example_xcomargs.py for tasks to queue
[2025-12-13T10:45:56.262+0000] {logging_mixin.py:190} INFO - [2025-12-13T10:45:56.261+0000] {dagbag.py:588} INFO - Filling up the DagBag from /home/airflow/.local/lib/python3.12/site-packages/airflow/example_dags/example_xcomargs.py
[2025-12-13T10:45:56.277+0000] {processor.py:925} INFO - DAG(s) 'example_xcom_args', 'example_xcom_args_with_operators' retrieved from /home/airflow/.local/lib/python3.12/site-packages/airflow/example_dags/example_xcomargs.py
[2025-12-13T10:45:56.310+0000] {logging_mixin.py:190} INFO - [2025-12-13T10:45:56.309+0000] {dag.py:3239} INFO - Sync 2 DAGs
[2025-12-13T10:45:56.333+0000] {logging_mixin.py:190} INFO - [2025-12-13T10:45:56.333+0000] {dag.py:4180} INFO - Setting next_dagrun for example_xcom_args to None, run_after=None
[2025-12-13T10:45:56.338+0000] {logging_mixin.py:190} INFO - [2025-12-13T10:45:56.338+0000] {dag.py:4180} INFO - Setting next_dagrun for example_xcom_args_with_operators to None, run_after=None
[2025-12-13T10:45:56.358+0000] {processor.py:208} INFO - Processing /home/airflow/.local/lib/python3.12/site-packages/airflow/example_dags/example_xcomargs.py took 0.110 seconds
[2025-12-13T10:46:27.159+0000] {processor.py:186} INFO - Started process (PID=3785) to work on /home/airflow/.local/lib/python3.12/site-packages/airflow/example_dags/example_xcomargs.py
[2025-12-13T10:46:27.161+0000] {processor.py:914} INFO - Processing file /home/airflow/.local/lib/python3.12/site-packages/airflow/example_dags/example_xcomargs.py for tasks to queue
[2025-12-13T10:46:27.185+0000] {logging_mixin.py:190} INFO - [2025-12-13T10:46:27.181+0000] {dagbag.py:588} INFO - Filling up the DagBag from /home/airflow/.local/lib/python3.12/site-packages/airflow/example_dags/example_xcomargs.py
[2025-12-13T10:46:27.215+0000] {processor.py:925} INFO - DAG(s) 'example_xcom_args', 'example_xcom_args_with_operators' retrieved from /home/airflow/.local/lib/python3.12/site-packages/airflow/example_dags/example_xcomargs.py
[2025-12-13T10:46:27.292+0000] {logging_mixin.py:190} INFO - [2025-12-13T10:46:27.290+0000] {dag.py:3239} INFO - Sync 2 DAGs
[2025-12-13T10:46:27.329+0000] {logging_mixin.py:190} INFO - [2025-12-13T10:46:27.328+0000] {dag.py:4180} INFO - Setting next_dagrun for example_xcom_args to None, run_after=None
[2025-12-13T10:46:27.340+0000] {logging_mixin.py:190} INFO - [2025-12-13T10:46:27.339+0000] {dag.py:4180} INFO - Setting next_dagrun for example_xcom_args_with_operators to None, run_after=None
[2025-12-13T10:46:27.376+0000] {processor.py:208} INFO - Processing /home/airflow/.local/lib/python3.12/site-packages/airflow/example_dags/example_xcomargs.py took 0.246 seconds
