[2025-12-13T10:16:20.046+0000] {processor.py:186} INFO - Started process (PID=119) to work on /home/airflow/.local/lib/python3.12/site-packages/airflow/example_dags/example_bash_operator.py
[2025-12-13T10:16:20.047+0000] {processor.py:914} INFO - Processing file /home/airflow/.local/lib/python3.12/site-packages/airflow/example_dags/example_bash_operator.py for tasks to queue
[2025-12-13T10:16:20.051+0000] {logging_mixin.py:190} INFO - [2025-12-13T10:16:20.051+0000] {dagbag.py:588} INFO - Filling up the DagBag from /home/airflow/.local/lib/python3.12/site-packages/airflow/example_dags/example_bash_operator.py
[2025-12-13T10:16:20.093+0000] {processor.py:925} INFO - DAG(s) 'example_bash_operator' retrieved from /home/airflow/.local/lib/python3.12/site-packages/airflow/example_dags/example_bash_operator.py
[2025-12-13T10:16:20.461+0000] {logging_mixin.py:190} INFO - [2025-12-13T10:16:20.460+0000] {override.py:1911} INFO - Created Permission View: can edit on DAG:example_bash_operator
[2025-12-13T10:16:20.509+0000] {logging_mixin.py:190} INFO - [2025-12-13T10:16:20.509+0000] {override.py:1911} INFO - Created Permission View: can delete on DAG:example_bash_operator
[2025-12-13T10:16:20.541+0000] {logging_mixin.py:190} INFO - [2025-12-13T10:16:20.541+0000] {override.py:1911} INFO - Created Permission View: can read on DAG:example_bash_operator
[2025-12-13T10:16:20.559+0000] {logging_mixin.py:190} INFO - [2025-12-13T10:16:20.558+0000] {override.py:1911} INFO - Created Permission View: can create on DAG Run:example_bash_operator
[2025-12-13T10:16:20.585+0000] {logging_mixin.py:190} INFO - [2025-12-13T10:16:20.584+0000] {override.py:1911} INFO - Created Permission View: can delete on DAG Run:example_bash_operator
[2025-12-13T10:16:20.629+0000] {logging_mixin.py:190} INFO - [2025-12-13T10:16:20.628+0000] {override.py:1911} INFO - Created Permission View: menu access on DAG Run:example_bash_operator
[2025-12-13T10:16:20.695+0000] {logging_mixin.py:190} INFO - [2025-12-13T10:16:20.695+0000] {override.py:1911} INFO - Created Permission View: can read on DAG Run:example_bash_operator
[2025-12-13T10:16:20.696+0000] {logging_mixin.py:190} INFO - [2025-12-13T10:16:20.696+0000] {dag.py:3239} INFO - Sync 1 DAGs
[2025-12-13T10:16:20.799+0000] {logging_mixin.py:190} INFO - [2025-12-13T10:16:20.798+0000] {dag.py:3262} INFO - Creating ORM DAG for example_bash_operator
[2025-12-13T10:16:20.834+0000] {logging_mixin.py:190} INFO - [2025-12-13T10:16:20.834+0000] {dag.py:4180} INFO - Setting next_dagrun for example_bash_operator to 2025-12-12 00:00:00+00:00, run_after=2025-12-13 00:00:00+00:00
[2025-12-13T10:16:20.890+0000] {processor.py:208} INFO - Processing /home/airflow/.local/lib/python3.12/site-packages/airflow/example_dags/example_bash_operator.py took 0.869 seconds
[2025-12-13T10:16:51.586+0000] {processor.py:186} INFO - Started process (PID=182) to work on /home/airflow/.local/lib/python3.12/site-packages/airflow/example_dags/example_bash_operator.py
[2025-12-13T10:16:51.589+0000] {processor.py:914} INFO - Processing file /home/airflow/.local/lib/python3.12/site-packages/airflow/example_dags/example_bash_operator.py for tasks to queue
[2025-12-13T10:16:51.592+0000] {logging_mixin.py:190} INFO - [2025-12-13T10:16:51.591+0000] {dagbag.py:588} INFO - Filling up the DagBag from /home/airflow/.local/lib/python3.12/site-packages/airflow/example_dags/example_bash_operator.py
[2025-12-13T10:16:51.611+0000] {processor.py:925} INFO - DAG(s) 'example_bash_operator' retrieved from /home/airflow/.local/lib/python3.12/site-packages/airflow/example_dags/example_bash_operator.py
[2025-12-13T10:16:51.653+0000] {logging_mixin.py:190} INFO - [2025-12-13T10:16:51.653+0000] {dag.py:3239} INFO - Sync 1 DAGs
[2025-12-13T10:16:51.697+0000] {logging_mixin.py:190} INFO - [2025-12-13T10:16:51.697+0000] {dag.py:4180} INFO - Setting next_dagrun for example_bash_operator to 2025-12-12 00:00:00+00:00, run_after=2025-12-13 00:00:00+00:00
[2025-12-13T10:16:51.729+0000] {processor.py:208} INFO - Processing /home/airflow/.local/lib/python3.12/site-packages/airflow/example_dags/example_bash_operator.py took 0.155 seconds
[2025-12-13T10:17:22.243+0000] {processor.py:186} INFO - Started process (PID=244) to work on /home/airflow/.local/lib/python3.12/site-packages/airflow/example_dags/example_bash_operator.py
[2025-12-13T10:17:22.244+0000] {processor.py:914} INFO - Processing file /home/airflow/.local/lib/python3.12/site-packages/airflow/example_dags/example_bash_operator.py for tasks to queue
[2025-12-13T10:17:22.247+0000] {logging_mixin.py:190} INFO - [2025-12-13T10:17:22.246+0000] {dagbag.py:588} INFO - Filling up the DagBag from /home/airflow/.local/lib/python3.12/site-packages/airflow/example_dags/example_bash_operator.py
[2025-12-13T10:17:22.275+0000] {processor.py:925} INFO - DAG(s) 'example_bash_operator' retrieved from /home/airflow/.local/lib/python3.12/site-packages/airflow/example_dags/example_bash_operator.py
[2025-12-13T10:17:22.339+0000] {logging_mixin.py:190} INFO - [2025-12-13T10:17:22.339+0000] {dag.py:3239} INFO - Sync 1 DAGs
[2025-12-13T10:17:22.389+0000] {logging_mixin.py:190} INFO - [2025-12-13T10:17:22.389+0000] {dag.py:4180} INFO - Setting next_dagrun for example_bash_operator to 2025-12-12 00:00:00+00:00, run_after=2025-12-13 00:00:00+00:00
[2025-12-13T10:17:22.421+0000] {processor.py:208} INFO - Processing /home/airflow/.local/lib/python3.12/site-packages/airflow/example_dags/example_bash_operator.py took 0.188 seconds
[2025-12-13T10:17:54.433+0000] {processor.py:186} INFO - Started process (PID=307) to work on /home/airflow/.local/lib/python3.12/site-packages/airflow/example_dags/example_bash_operator.py
[2025-12-13T10:17:54.434+0000] {processor.py:914} INFO - Processing file /home/airflow/.local/lib/python3.12/site-packages/airflow/example_dags/example_bash_operator.py for tasks to queue
[2025-12-13T10:17:54.439+0000] {logging_mixin.py:190} INFO - [2025-12-13T10:17:54.438+0000] {dagbag.py:588} INFO - Filling up the DagBag from /home/airflow/.local/lib/python3.12/site-packages/airflow/example_dags/example_bash_operator.py
[2025-12-13T10:17:54.465+0000] {processor.py:925} INFO - DAG(s) 'example_bash_operator' retrieved from /home/airflow/.local/lib/python3.12/site-packages/airflow/example_dags/example_bash_operator.py
[2025-12-13T10:17:54.516+0000] {logging_mixin.py:190} INFO - [2025-12-13T10:17:54.516+0000] {dag.py:3239} INFO - Sync 1 DAGs
[2025-12-13T10:17:54.561+0000] {logging_mixin.py:190} INFO - [2025-12-13T10:17:54.561+0000] {dag.py:4180} INFO - Setting next_dagrun for example_bash_operator to 2025-12-12 00:00:00+00:00, run_after=2025-12-13 00:00:00+00:00
[2025-12-13T10:17:54.590+0000] {processor.py:208} INFO - Processing /home/airflow/.local/lib/python3.12/site-packages/airflow/example_dags/example_bash_operator.py took 0.168 seconds
[2025-12-13T10:18:26.575+0000] {processor.py:186} INFO - Started process (PID=370) to work on /home/airflow/.local/lib/python3.12/site-packages/airflow/example_dags/example_bash_operator.py
[2025-12-13T10:18:26.576+0000] {processor.py:914} INFO - Processing file /home/airflow/.local/lib/python3.12/site-packages/airflow/example_dags/example_bash_operator.py for tasks to queue
[2025-12-13T10:18:26.581+0000] {logging_mixin.py:190} INFO - [2025-12-13T10:18:26.580+0000] {dagbag.py:588} INFO - Filling up the DagBag from /home/airflow/.local/lib/python3.12/site-packages/airflow/example_dags/example_bash_operator.py
[2025-12-13T10:18:26.611+0000] {processor.py:925} INFO - DAG(s) 'example_bash_operator' retrieved from /home/airflow/.local/lib/python3.12/site-packages/airflow/example_dags/example_bash_operator.py
[2025-12-13T10:18:26.665+0000] {logging_mixin.py:190} INFO - [2025-12-13T10:18:26.665+0000] {dag.py:3239} INFO - Sync 1 DAGs
[2025-12-13T10:18:26.719+0000] {logging_mixin.py:190} INFO - [2025-12-13T10:18:26.718+0000] {dag.py:4180} INFO - Setting next_dagrun for example_bash_operator to 2025-12-12 00:00:00+00:00, run_after=2025-12-13 00:00:00+00:00
[2025-12-13T10:18:26.759+0000] {processor.py:208} INFO - Processing /home/airflow/.local/lib/python3.12/site-packages/airflow/example_dags/example_bash_operator.py took 0.198 seconds
[2025-12-13T10:19:00.275+0000] {processor.py:186} INFO - Started process (PID=433) to work on /home/airflow/.local/lib/python3.12/site-packages/airflow/example_dags/example_bash_operator.py
[2025-12-13T10:19:00.277+0000] {processor.py:914} INFO - Processing file /home/airflow/.local/lib/python3.12/site-packages/airflow/example_dags/example_bash_operator.py for tasks to queue
[2025-12-13T10:19:00.281+0000] {logging_mixin.py:190} INFO - [2025-12-13T10:19:00.281+0000] {dagbag.py:588} INFO - Filling up the DagBag from /home/airflow/.local/lib/python3.12/site-packages/airflow/example_dags/example_bash_operator.py
[2025-12-13T10:19:00.312+0000] {processor.py:925} INFO - DAG(s) 'example_bash_operator' retrieved from /home/airflow/.local/lib/python3.12/site-packages/airflow/example_dags/example_bash_operator.py
[2025-12-13T10:19:00.387+0000] {logging_mixin.py:190} INFO - [2025-12-13T10:19:00.387+0000] {dag.py:3239} INFO - Sync 1 DAGs
[2025-12-13T10:19:00.501+0000] {logging_mixin.py:190} INFO - [2025-12-13T10:19:00.500+0000] {dag.py:4180} INFO - Setting next_dagrun for example_bash_operator to 2025-12-12 00:00:00+00:00, run_after=2025-12-13 00:00:00+00:00
[2025-12-13T10:19:00.565+0000] {processor.py:208} INFO - Processing /home/airflow/.local/lib/python3.12/site-packages/airflow/example_dags/example_bash_operator.py took 0.311 seconds
[2025-12-13T10:19:32.249+0000] {processor.py:186} INFO - Started process (PID=496) to work on /home/airflow/.local/lib/python3.12/site-packages/airflow/example_dags/example_bash_operator.py
[2025-12-13T10:19:32.251+0000] {processor.py:914} INFO - Processing file /home/airflow/.local/lib/python3.12/site-packages/airflow/example_dags/example_bash_operator.py for tasks to queue
[2025-12-13T10:19:32.260+0000] {logging_mixin.py:190} INFO - [2025-12-13T10:19:32.259+0000] {dagbag.py:588} INFO - Filling up the DagBag from /home/airflow/.local/lib/python3.12/site-packages/airflow/example_dags/example_bash_operator.py
[2025-12-13T10:19:32.301+0000] {processor.py:925} INFO - DAG(s) 'example_bash_operator' retrieved from /home/airflow/.local/lib/python3.12/site-packages/airflow/example_dags/example_bash_operator.py
[2025-12-13T10:19:32.372+0000] {logging_mixin.py:190} INFO - [2025-12-13T10:19:32.372+0000] {dag.py:3239} INFO - Sync 1 DAGs
[2025-12-13T10:19:32.428+0000] {logging_mixin.py:190} INFO - [2025-12-13T10:19:32.428+0000] {dag.py:4180} INFO - Setting next_dagrun for example_bash_operator to 2025-12-12 00:00:00+00:00, run_after=2025-12-13 00:00:00+00:00
[2025-12-13T10:19:32.465+0000] {processor.py:208} INFO - Processing /home/airflow/.local/lib/python3.12/site-packages/airflow/example_dags/example_bash_operator.py took 0.228 seconds
[2025-12-13T10:20:02.671+0000] {processor.py:186} INFO - Started process (PID=559) to work on /home/airflow/.local/lib/python3.12/site-packages/airflow/example_dags/example_bash_operator.py
[2025-12-13T10:20:02.672+0000] {processor.py:914} INFO - Processing file /home/airflow/.local/lib/python3.12/site-packages/airflow/example_dags/example_bash_operator.py for tasks to queue
[2025-12-13T10:20:02.683+0000] {logging_mixin.py:190} INFO - [2025-12-13T10:20:02.682+0000] {dagbag.py:588} INFO - Filling up the DagBag from /home/airflow/.local/lib/python3.12/site-packages/airflow/example_dags/example_bash_operator.py
[2025-12-13T10:20:02.711+0000] {processor.py:925} INFO - DAG(s) 'example_bash_operator' retrieved from /home/airflow/.local/lib/python3.12/site-packages/airflow/example_dags/example_bash_operator.py
[2025-12-13T10:20:02.774+0000] {logging_mixin.py:190} INFO - [2025-12-13T10:20:02.773+0000] {dag.py:3239} INFO - Sync 1 DAGs
[2025-12-13T10:20:02.833+0000] {logging_mixin.py:190} INFO - [2025-12-13T10:20:02.833+0000] {dag.py:4180} INFO - Setting next_dagrun for example_bash_operator to 2025-12-12 00:00:00+00:00, run_after=2025-12-13 00:00:00+00:00
[2025-12-13T10:20:02.882+0000] {processor.py:208} INFO - Processing /home/airflow/.local/lib/python3.12/site-packages/airflow/example_dags/example_bash_operator.py took 0.225 seconds
[2025-12-13T10:20:33.441+0000] {processor.py:186} INFO - Started process (PID=621) to work on /home/airflow/.local/lib/python3.12/site-packages/airflow/example_dags/example_bash_operator.py
[2025-12-13T10:20:33.443+0000] {processor.py:914} INFO - Processing file /home/airflow/.local/lib/python3.12/site-packages/airflow/example_dags/example_bash_operator.py for tasks to queue
[2025-12-13T10:20:33.447+0000] {logging_mixin.py:190} INFO - [2025-12-13T10:20:33.446+0000] {dagbag.py:588} INFO - Filling up the DagBag from /home/airflow/.local/lib/python3.12/site-packages/airflow/example_dags/example_bash_operator.py
[2025-12-13T10:20:33.474+0000] {processor.py:925} INFO - DAG(s) 'example_bash_operator' retrieved from /home/airflow/.local/lib/python3.12/site-packages/airflow/example_dags/example_bash_operator.py
[2025-12-13T10:20:33.520+0000] {logging_mixin.py:190} INFO - [2025-12-13T10:20:33.519+0000] {dag.py:3239} INFO - Sync 1 DAGs
[2025-12-13T10:20:33.571+0000] {logging_mixin.py:190} INFO - [2025-12-13T10:20:33.571+0000] {dag.py:4180} INFO - Setting next_dagrun for example_bash_operator to 2025-12-12 00:00:00+00:00, run_after=2025-12-13 00:00:00+00:00
[2025-12-13T10:20:33.606+0000] {processor.py:208} INFO - Processing /home/airflow/.local/lib/python3.12/site-packages/airflow/example_dags/example_bash_operator.py took 0.177 seconds
[2025-12-13T10:21:04.493+0000] {processor.py:186} INFO - Started process (PID=684) to work on /home/airflow/.local/lib/python3.12/site-packages/airflow/example_dags/example_bash_operator.py
[2025-12-13T10:21:04.495+0000] {processor.py:914} INFO - Processing file /home/airflow/.local/lib/python3.12/site-packages/airflow/example_dags/example_bash_operator.py for tasks to queue
[2025-12-13T10:21:04.498+0000] {logging_mixin.py:190} INFO - [2025-12-13T10:21:04.498+0000] {dagbag.py:588} INFO - Filling up the DagBag from /home/airflow/.local/lib/python3.12/site-packages/airflow/example_dags/example_bash_operator.py
[2025-12-13T10:21:04.524+0000] {processor.py:925} INFO - DAG(s) 'example_bash_operator' retrieved from /home/airflow/.local/lib/python3.12/site-packages/airflow/example_dags/example_bash_operator.py
[2025-12-13T10:21:04.577+0000] {logging_mixin.py:190} INFO - [2025-12-13T10:21:04.576+0000] {dag.py:3239} INFO - Sync 1 DAGs
[2025-12-13T10:21:04.625+0000] {logging_mixin.py:190} INFO - [2025-12-13T10:21:04.624+0000] {dag.py:4180} INFO - Setting next_dagrun for example_bash_operator to 2025-12-12 00:00:00+00:00, run_after=2025-12-13 00:00:00+00:00
[2025-12-13T10:21:04.654+0000] {processor.py:208} INFO - Processing /home/airflow/.local/lib/python3.12/site-packages/airflow/example_dags/example_bash_operator.py took 0.173 seconds
[2025-12-13T10:21:34.804+0000] {processor.py:186} INFO - Started process (PID=746) to work on /home/airflow/.local/lib/python3.12/site-packages/airflow/example_dags/example_bash_operator.py
[2025-12-13T10:21:34.806+0000] {processor.py:914} INFO - Processing file /home/airflow/.local/lib/python3.12/site-packages/airflow/example_dags/example_bash_operator.py for tasks to queue
[2025-12-13T10:21:34.810+0000] {logging_mixin.py:190} INFO - [2025-12-13T10:21:34.809+0000] {dagbag.py:588} INFO - Filling up the DagBag from /home/airflow/.local/lib/python3.12/site-packages/airflow/example_dags/example_bash_operator.py
[2025-12-13T10:21:34.852+0000] {processor.py:925} INFO - DAG(s) 'example_bash_operator' retrieved from /home/airflow/.local/lib/python3.12/site-packages/airflow/example_dags/example_bash_operator.py
[2025-12-13T10:21:34.942+0000] {logging_mixin.py:190} INFO - [2025-12-13T10:21:34.941+0000] {dag.py:3239} INFO - Sync 1 DAGs
[2025-12-13T10:21:35.016+0000] {logging_mixin.py:190} INFO - [2025-12-13T10:21:35.015+0000] {dag.py:4180} INFO - Setting next_dagrun for example_bash_operator to 2025-12-12 00:00:00+00:00, run_after=2025-12-13 00:00:00+00:00
[2025-12-13T10:21:35.065+0000] {processor.py:208} INFO - Processing /home/airflow/.local/lib/python3.12/site-packages/airflow/example_dags/example_bash_operator.py took 0.274 seconds
[2025-12-13T10:22:07.838+0000] {processor.py:186} INFO - Started process (PID=810) to work on /home/airflow/.local/lib/python3.12/site-packages/airflow/example_dags/example_bash_operator.py
[2025-12-13T10:22:07.839+0000] {processor.py:914} INFO - Processing file /home/airflow/.local/lib/python3.12/site-packages/airflow/example_dags/example_bash_operator.py for tasks to queue
[2025-12-13T10:22:07.843+0000] {logging_mixin.py:190} INFO - [2025-12-13T10:22:07.843+0000] {dagbag.py:588} INFO - Filling up the DagBag from /home/airflow/.local/lib/python3.12/site-packages/airflow/example_dags/example_bash_operator.py
[2025-12-13T10:22:07.875+0000] {processor.py:925} INFO - DAG(s) 'example_bash_operator' retrieved from /home/airflow/.local/lib/python3.12/site-packages/airflow/example_dags/example_bash_operator.py
[2025-12-13T10:22:07.931+0000] {logging_mixin.py:190} INFO - [2025-12-13T10:22:07.931+0000] {dag.py:3239} INFO - Sync 1 DAGs
[2025-12-13T10:22:07.994+0000] {logging_mixin.py:190} INFO - [2025-12-13T10:22:07.994+0000] {dag.py:4180} INFO - Setting next_dagrun for example_bash_operator to 2025-12-12 00:00:00+00:00, run_after=2025-12-13 00:00:00+00:00
[2025-12-13T10:22:08.037+0000] {processor.py:208} INFO - Processing /home/airflow/.local/lib/python3.12/site-packages/airflow/example_dags/example_bash_operator.py took 0.215 seconds
[2025-12-13T10:22:39.255+0000] {processor.py:186} INFO - Started process (PID=872) to work on /home/airflow/.local/lib/python3.12/site-packages/airflow/example_dags/example_bash_operator.py
[2025-12-13T10:22:39.256+0000] {processor.py:914} INFO - Processing file /home/airflow/.local/lib/python3.12/site-packages/airflow/example_dags/example_bash_operator.py for tasks to queue
[2025-12-13T10:22:39.269+0000] {logging_mixin.py:190} INFO - [2025-12-13T10:22:39.264+0000] {dagbag.py:588} INFO - Filling up the DagBag from /home/airflow/.local/lib/python3.12/site-packages/airflow/example_dags/example_bash_operator.py
[2025-12-13T10:22:39.309+0000] {processor.py:925} INFO - DAG(s) 'example_bash_operator' retrieved from /home/airflow/.local/lib/python3.12/site-packages/airflow/example_dags/example_bash_operator.py
[2025-12-13T10:22:39.420+0000] {logging_mixin.py:190} INFO - [2025-12-13T10:22:39.419+0000] {dag.py:3239} INFO - Sync 1 DAGs
[2025-12-13T10:22:39.544+0000] {logging_mixin.py:190} INFO - [2025-12-13T10:22:39.544+0000] {dag.py:4180} INFO - Setting next_dagrun for example_bash_operator to 2025-12-12 00:00:00+00:00, run_after=2025-12-13 00:00:00+00:00
[2025-12-13T10:22:39.630+0000] {processor.py:208} INFO - Processing /home/airflow/.local/lib/python3.12/site-packages/airflow/example_dags/example_bash_operator.py took 0.396 seconds
[2025-12-13T10:23:10.861+0000] {processor.py:186} INFO - Started process (PID=936) to work on /home/airflow/.local/lib/python3.12/site-packages/airflow/example_dags/example_bash_operator.py
[2025-12-13T10:23:10.862+0000] {processor.py:914} INFO - Processing file /home/airflow/.local/lib/python3.12/site-packages/airflow/example_dags/example_bash_operator.py for tasks to queue
[2025-12-13T10:23:10.867+0000] {logging_mixin.py:190} INFO - [2025-12-13T10:23:10.866+0000] {dagbag.py:588} INFO - Filling up the DagBag from /home/airflow/.local/lib/python3.12/site-packages/airflow/example_dags/example_bash_operator.py
[2025-12-13T10:23:10.897+0000] {processor.py:925} INFO - DAG(s) 'example_bash_operator' retrieved from /home/airflow/.local/lib/python3.12/site-packages/airflow/example_dags/example_bash_operator.py
[2025-12-13T10:23:10.950+0000] {logging_mixin.py:190} INFO - [2025-12-13T10:23:10.949+0000] {dag.py:3239} INFO - Sync 1 DAGs
[2025-12-13T10:23:10.996+0000] {logging_mixin.py:190} INFO - [2025-12-13T10:23:10.996+0000] {dag.py:4180} INFO - Setting next_dagrun for example_bash_operator to 2025-12-12 00:00:00+00:00, run_after=2025-12-13 00:00:00+00:00
[2025-12-13T10:23:11.031+0000] {processor.py:208} INFO - Processing /home/airflow/.local/lib/python3.12/site-packages/airflow/example_dags/example_bash_operator.py took 0.181 seconds
[2025-12-13T10:23:42.215+0000] {processor.py:186} INFO - Started process (PID=999) to work on /home/airflow/.local/lib/python3.12/site-packages/airflow/example_dags/example_bash_operator.py
[2025-12-13T10:23:42.217+0000] {processor.py:914} INFO - Processing file /home/airflow/.local/lib/python3.12/site-packages/airflow/example_dags/example_bash_operator.py for tasks to queue
[2025-12-13T10:23:42.221+0000] {logging_mixin.py:190} INFO - [2025-12-13T10:23:42.220+0000] {dagbag.py:588} INFO - Filling up the DagBag from /home/airflow/.local/lib/python3.12/site-packages/airflow/example_dags/example_bash_operator.py
[2025-12-13T10:23:42.245+0000] {processor.py:925} INFO - DAG(s) 'example_bash_operator' retrieved from /home/airflow/.local/lib/python3.12/site-packages/airflow/example_dags/example_bash_operator.py
[2025-12-13T10:23:42.297+0000] {logging_mixin.py:190} INFO - [2025-12-13T10:23:42.296+0000] {dag.py:3239} INFO - Sync 1 DAGs
[2025-12-13T10:23:42.349+0000] {logging_mixin.py:190} INFO - [2025-12-13T10:23:42.348+0000] {dag.py:4180} INFO - Setting next_dagrun for example_bash_operator to 2025-12-12 00:00:00+00:00, run_after=2025-12-13 00:00:00+00:00
[2025-12-13T10:23:42.381+0000] {processor.py:208} INFO - Processing /home/airflow/.local/lib/python3.12/site-packages/airflow/example_dags/example_bash_operator.py took 0.177 seconds
[2025-12-13T10:24:14.829+0000] {processor.py:186} INFO - Started process (PID=1073) to work on /home/airflow/.local/lib/python3.12/site-packages/airflow/example_dags/example_bash_operator.py
[2025-12-13T10:24:14.830+0000] {processor.py:914} INFO - Processing file /home/airflow/.local/lib/python3.12/site-packages/airflow/example_dags/example_bash_operator.py for tasks to queue
[2025-12-13T10:24:14.833+0000] {logging_mixin.py:190} INFO - [2025-12-13T10:24:14.832+0000] {dagbag.py:588} INFO - Filling up the DagBag from /home/airflow/.local/lib/python3.12/site-packages/airflow/example_dags/example_bash_operator.py
[2025-12-13T10:24:14.858+0000] {processor.py:925} INFO - DAG(s) 'example_bash_operator' retrieved from /home/airflow/.local/lib/python3.12/site-packages/airflow/example_dags/example_bash_operator.py
[2025-12-13T10:24:14.904+0000] {logging_mixin.py:190} INFO - [2025-12-13T10:24:14.903+0000] {dag.py:3239} INFO - Sync 1 DAGs
[2025-12-13T10:24:14.955+0000] {logging_mixin.py:190} INFO - [2025-12-13T10:24:14.954+0000] {dag.py:4180} INFO - Setting next_dagrun for example_bash_operator to 2025-12-12 00:00:00+00:00, run_after=2025-12-13 00:00:00+00:00
[2025-12-13T10:24:14.986+0000] {processor.py:208} INFO - Processing /home/airflow/.local/lib/python3.12/site-packages/airflow/example_dags/example_bash_operator.py took 0.168 seconds
[2025-12-13T10:24:46.343+0000] {processor.py:186} INFO - Started process (PID=1135) to work on /home/airflow/.local/lib/python3.12/site-packages/airflow/example_dags/example_bash_operator.py
[2025-12-13T10:24:46.345+0000] {processor.py:914} INFO - Processing file /home/airflow/.local/lib/python3.12/site-packages/airflow/example_dags/example_bash_operator.py for tasks to queue
[2025-12-13T10:24:46.348+0000] {logging_mixin.py:190} INFO - [2025-12-13T10:24:46.348+0000] {dagbag.py:588} INFO - Filling up the DagBag from /home/airflow/.local/lib/python3.12/site-packages/airflow/example_dags/example_bash_operator.py
[2025-12-13T10:24:46.368+0000] {processor.py:925} INFO - DAG(s) 'example_bash_operator' retrieved from /home/airflow/.local/lib/python3.12/site-packages/airflow/example_dags/example_bash_operator.py
[2025-12-13T10:24:46.425+0000] {logging_mixin.py:190} INFO - [2025-12-13T10:24:46.424+0000] {dag.py:3239} INFO - Sync 1 DAGs
[2025-12-13T10:24:46.463+0000] {logging_mixin.py:190} INFO - [2025-12-13T10:24:46.463+0000] {dag.py:4180} INFO - Setting next_dagrun for example_bash_operator to 2025-12-12 00:00:00+00:00, run_after=2025-12-13 00:00:00+00:00
[2025-12-13T10:24:46.495+0000] {processor.py:208} INFO - Processing /home/airflow/.local/lib/python3.12/site-packages/airflow/example_dags/example_bash_operator.py took 0.161 seconds
[2025-12-13T10:25:18.318+0000] {processor.py:186} INFO - Started process (PID=1200) to work on /home/airflow/.local/lib/python3.12/site-packages/airflow/example_dags/example_bash_operator.py
[2025-12-13T10:25:18.319+0000] {processor.py:914} INFO - Processing file /home/airflow/.local/lib/python3.12/site-packages/airflow/example_dags/example_bash_operator.py for tasks to queue
[2025-12-13T10:25:18.324+0000] {logging_mixin.py:190} INFO - [2025-12-13T10:25:18.323+0000] {dagbag.py:588} INFO - Filling up the DagBag from /home/airflow/.local/lib/python3.12/site-packages/airflow/example_dags/example_bash_operator.py
[2025-12-13T10:25:18.349+0000] {processor.py:925} INFO - DAG(s) 'example_bash_operator' retrieved from /home/airflow/.local/lib/python3.12/site-packages/airflow/example_dags/example_bash_operator.py
[2025-12-13T10:25:18.403+0000] {logging_mixin.py:190} INFO - [2025-12-13T10:25:18.403+0000] {dag.py:3239} INFO - Sync 1 DAGs
[2025-12-13T10:25:18.455+0000] {logging_mixin.py:190} INFO - [2025-12-13T10:25:18.455+0000] {dag.py:4180} INFO - Setting next_dagrun for example_bash_operator to 2025-12-12 00:00:00+00:00, run_after=2025-12-13 00:00:00+00:00
[2025-12-13T10:25:18.486+0000] {processor.py:208} INFO - Processing /home/airflow/.local/lib/python3.12/site-packages/airflow/example_dags/example_bash_operator.py took 0.181 seconds
[2025-12-13T10:25:50.788+0000] {processor.py:186} INFO - Started process (PID=1266) to work on /home/airflow/.local/lib/python3.12/site-packages/airflow/example_dags/example_bash_operator.py
[2025-12-13T10:25:50.789+0000] {processor.py:914} INFO - Processing file /home/airflow/.local/lib/python3.12/site-packages/airflow/example_dags/example_bash_operator.py for tasks to queue
[2025-12-13T10:25:50.794+0000] {logging_mixin.py:190} INFO - [2025-12-13T10:25:50.793+0000] {dagbag.py:588} INFO - Filling up the DagBag from /home/airflow/.local/lib/python3.12/site-packages/airflow/example_dags/example_bash_operator.py
[2025-12-13T10:25:50.824+0000] {processor.py:925} INFO - DAG(s) 'example_bash_operator' retrieved from /home/airflow/.local/lib/python3.12/site-packages/airflow/example_dags/example_bash_operator.py
[2025-12-13T10:25:50.886+0000] {logging_mixin.py:190} INFO - [2025-12-13T10:25:50.885+0000] {dag.py:3239} INFO - Sync 1 DAGs
[2025-12-13T10:25:50.944+0000] {logging_mixin.py:190} INFO - [2025-12-13T10:25:50.943+0000] {dag.py:4180} INFO - Setting next_dagrun for example_bash_operator to 2025-12-12 00:00:00+00:00, run_after=2025-12-13 00:00:00+00:00
[2025-12-13T10:25:50.986+0000] {processor.py:208} INFO - Processing /home/airflow/.local/lib/python3.12/site-packages/airflow/example_dags/example_bash_operator.py took 0.210 seconds
[2025-12-13T10:26:23.408+0000] {processor.py:186} INFO - Started process (PID=1329) to work on /home/airflow/.local/lib/python3.12/site-packages/airflow/example_dags/example_bash_operator.py
[2025-12-13T10:26:23.413+0000] {processor.py:914} INFO - Processing file /home/airflow/.local/lib/python3.12/site-packages/airflow/example_dags/example_bash_operator.py for tasks to queue
[2025-12-13T10:26:23.420+0000] {logging_mixin.py:190} INFO - [2025-12-13T10:26:23.419+0000] {dagbag.py:588} INFO - Filling up the DagBag from /home/airflow/.local/lib/python3.12/site-packages/airflow/example_dags/example_bash_operator.py
[2025-12-13T10:26:23.453+0000] {processor.py:925} INFO - DAG(s) 'example_bash_operator' retrieved from /home/airflow/.local/lib/python3.12/site-packages/airflow/example_dags/example_bash_operator.py
[2025-12-13T10:26:23.515+0000] {logging_mixin.py:190} INFO - [2025-12-13T10:26:23.514+0000] {dag.py:3239} INFO - Sync 1 DAGs
[2025-12-13T10:26:23.574+0000] {logging_mixin.py:190} INFO - [2025-12-13T10:26:23.573+0000] {dag.py:4180} INFO - Setting next_dagrun for example_bash_operator to 2025-12-12 00:00:00+00:00, run_after=2025-12-13 00:00:00+00:00
[2025-12-13T10:26:23.611+0000] {processor.py:208} INFO - Processing /home/airflow/.local/lib/python3.12/site-packages/airflow/example_dags/example_bash_operator.py took 0.218 seconds
[2025-12-13T10:26:54.592+0000] {processor.py:186} INFO - Started process (PID=1392) to work on /home/airflow/.local/lib/python3.12/site-packages/airflow/example_dags/example_bash_operator.py
[2025-12-13T10:26:54.593+0000] {processor.py:914} INFO - Processing file /home/airflow/.local/lib/python3.12/site-packages/airflow/example_dags/example_bash_operator.py for tasks to queue
[2025-12-13T10:26:54.598+0000] {logging_mixin.py:190} INFO - [2025-12-13T10:26:54.597+0000] {dagbag.py:588} INFO - Filling up the DagBag from /home/airflow/.local/lib/python3.12/site-packages/airflow/example_dags/example_bash_operator.py
[2025-12-13T10:26:54.627+0000] {processor.py:925} INFO - DAG(s) 'example_bash_operator' retrieved from /home/airflow/.local/lib/python3.12/site-packages/airflow/example_dags/example_bash_operator.py
[2025-12-13T10:26:54.698+0000] {logging_mixin.py:190} INFO - [2025-12-13T10:26:54.697+0000] {dag.py:3239} INFO - Sync 1 DAGs
[2025-12-13T10:26:54.757+0000] {logging_mixin.py:190} INFO - [2025-12-13T10:26:54.757+0000] {dag.py:4180} INFO - Setting next_dagrun for example_bash_operator to 2025-12-12 00:00:00+00:00, run_after=2025-12-13 00:00:00+00:00
[2025-12-13T10:26:54.791+0000] {processor.py:208} INFO - Processing /home/airflow/.local/lib/python3.12/site-packages/airflow/example_dags/example_bash_operator.py took 0.213 seconds
[2025-12-13T10:27:25.820+0000] {processor.py:186} INFO - Started process (PID=1457) to work on /home/airflow/.local/lib/python3.12/site-packages/airflow/example_dags/example_bash_operator.py
[2025-12-13T10:27:25.821+0000] {processor.py:914} INFO - Processing file /home/airflow/.local/lib/python3.12/site-packages/airflow/example_dags/example_bash_operator.py for tasks to queue
[2025-12-13T10:27:25.825+0000] {logging_mixin.py:190} INFO - [2025-12-13T10:27:25.825+0000] {dagbag.py:588} INFO - Filling up the DagBag from /home/airflow/.local/lib/python3.12/site-packages/airflow/example_dags/example_bash_operator.py
[2025-12-13T10:27:25.852+0000] {processor.py:925} INFO - DAG(s) 'example_bash_operator' retrieved from /home/airflow/.local/lib/python3.12/site-packages/airflow/example_dags/example_bash_operator.py
[2025-12-13T10:27:25.913+0000] {logging_mixin.py:190} INFO - [2025-12-13T10:27:25.913+0000] {dag.py:3239} INFO - Sync 1 DAGs
[2025-12-13T10:27:25.977+0000] {logging_mixin.py:190} INFO - [2025-12-13T10:27:25.976+0000] {dag.py:4180} INFO - Setting next_dagrun for example_bash_operator to 2025-12-12 00:00:00+00:00, run_after=2025-12-13 00:00:00+00:00
[2025-12-13T10:27:26.011+0000] {processor.py:208} INFO - Processing /home/airflow/.local/lib/python3.12/site-packages/airflow/example_dags/example_bash_operator.py took 0.202 seconds
[2025-12-13T10:27:56.490+0000] {processor.py:186} INFO - Started process (PID=1520) to work on /home/airflow/.local/lib/python3.12/site-packages/airflow/example_dags/example_bash_operator.py
[2025-12-13T10:27:56.491+0000] {processor.py:914} INFO - Processing file /home/airflow/.local/lib/python3.12/site-packages/airflow/example_dags/example_bash_operator.py for tasks to queue
[2025-12-13T10:27:56.495+0000] {logging_mixin.py:190} INFO - [2025-12-13T10:27:56.494+0000] {dagbag.py:588} INFO - Filling up the DagBag from /home/airflow/.local/lib/python3.12/site-packages/airflow/example_dags/example_bash_operator.py
[2025-12-13T10:27:56.520+0000] {processor.py:925} INFO - DAG(s) 'example_bash_operator' retrieved from /home/airflow/.local/lib/python3.12/site-packages/airflow/example_dags/example_bash_operator.py
[2025-12-13T10:27:56.568+0000] {logging_mixin.py:190} INFO - [2025-12-13T10:27:56.567+0000] {dag.py:3239} INFO - Sync 1 DAGs
[2025-12-13T10:27:56.610+0000] {logging_mixin.py:190} INFO - [2025-12-13T10:27:56.610+0000] {dag.py:4180} INFO - Setting next_dagrun for example_bash_operator to 2025-12-12 00:00:00+00:00, run_after=2025-12-13 00:00:00+00:00
[2025-12-13T10:27:56.642+0000] {processor.py:208} INFO - Processing /home/airflow/.local/lib/python3.12/site-packages/airflow/example_dags/example_bash_operator.py took 0.166 seconds
[2025-12-13T10:28:30.379+0000] {processor.py:186} INFO - Started process (PID=1589) to work on /home/airflow/.local/lib/python3.12/site-packages/airflow/example_dags/example_bash_operator.py
[2025-12-13T10:28:30.385+0000] {processor.py:914} INFO - Processing file /home/airflow/.local/lib/python3.12/site-packages/airflow/example_dags/example_bash_operator.py for tasks to queue
[2025-12-13T10:28:30.393+0000] {logging_mixin.py:190} INFO - [2025-12-13T10:28:30.393+0000] {dagbag.py:588} INFO - Filling up the DagBag from /home/airflow/.local/lib/python3.12/site-packages/airflow/example_dags/example_bash_operator.py
[2025-12-13T10:28:30.422+0000] {processor.py:925} INFO - DAG(s) 'example_bash_operator' retrieved from /home/airflow/.local/lib/python3.12/site-packages/airflow/example_dags/example_bash_operator.py
[2025-12-13T10:28:30.775+0000] {logging_mixin.py:190} INFO - [2025-12-13T10:28:30.775+0000] {dag.py:3239} INFO - Sync 1 DAGs
[2025-12-13T10:28:31.147+0000] {logging_mixin.py:190} INFO - [2025-12-13T10:28:31.147+0000] {dag.py:4180} INFO - Setting next_dagrun for example_bash_operator to 2025-12-13 00:00:00+00:00, run_after=2025-12-14 00:00:00+00:00
[2025-12-13T10:28:31.300+0000] {processor.py:208} INFO - Processing /home/airflow/.local/lib/python3.12/site-packages/airflow/example_dags/example_bash_operator.py took 0.940 seconds
[2025-12-13T10:29:02.305+0000] {processor.py:186} INFO - Started process (PID=1651) to work on /home/airflow/.local/lib/python3.12/site-packages/airflow/example_dags/example_bash_operator.py
[2025-12-13T10:29:02.307+0000] {processor.py:914} INFO - Processing file /home/airflow/.local/lib/python3.12/site-packages/airflow/example_dags/example_bash_operator.py for tasks to queue
[2025-12-13T10:29:02.314+0000] {logging_mixin.py:190} INFO - [2025-12-13T10:29:02.314+0000] {dagbag.py:588} INFO - Filling up the DagBag from /home/airflow/.local/lib/python3.12/site-packages/airflow/example_dags/example_bash_operator.py
[2025-12-13T10:29:02.349+0000] {processor.py:925} INFO - DAG(s) 'example_bash_operator' retrieved from /home/airflow/.local/lib/python3.12/site-packages/airflow/example_dags/example_bash_operator.py
[2025-12-13T10:29:02.421+0000] {logging_mixin.py:190} INFO - [2025-12-13T10:29:02.421+0000] {dag.py:3239} INFO - Sync 1 DAGs
[2025-12-13T10:29:02.474+0000] {logging_mixin.py:190} INFO - [2025-12-13T10:29:02.473+0000] {dag.py:4180} INFO - Setting next_dagrun for example_bash_operator to 2025-12-13 00:00:00+00:00, run_after=2025-12-14 00:00:00+00:00
[2025-12-13T10:29:02.517+0000] {processor.py:208} INFO - Processing /home/airflow/.local/lib/python3.12/site-packages/airflow/example_dags/example_bash_operator.py took 0.234 seconds
[2025-12-13T10:29:32.698+0000] {processor.py:186} INFO - Started process (PID=1713) to work on /home/airflow/.local/lib/python3.12/site-packages/airflow/example_dags/example_bash_operator.py
[2025-12-13T10:29:32.699+0000] {processor.py:914} INFO - Processing file /home/airflow/.local/lib/python3.12/site-packages/airflow/example_dags/example_bash_operator.py for tasks to queue
[2025-12-13T10:29:32.705+0000] {logging_mixin.py:190} INFO - [2025-12-13T10:29:32.704+0000] {dagbag.py:588} INFO - Filling up the DagBag from /home/airflow/.local/lib/python3.12/site-packages/airflow/example_dags/example_bash_operator.py
[2025-12-13T10:29:32.744+0000] {processor.py:925} INFO - DAG(s) 'example_bash_operator' retrieved from /home/airflow/.local/lib/python3.12/site-packages/airflow/example_dags/example_bash_operator.py
[2025-12-13T10:29:32.807+0000] {logging_mixin.py:190} INFO - [2025-12-13T10:29:32.806+0000] {dag.py:3239} INFO - Sync 1 DAGs
[2025-12-13T10:29:32.868+0000] {logging_mixin.py:190} INFO - [2025-12-13T10:29:32.868+0000] {dag.py:4180} INFO - Setting next_dagrun for example_bash_operator to 2025-12-13 00:00:00+00:00, run_after=2025-12-14 00:00:00+00:00
[2025-12-13T10:29:32.908+0000] {processor.py:208} INFO - Processing /home/airflow/.local/lib/python3.12/site-packages/airflow/example_dags/example_bash_operator.py took 0.228 seconds
[2025-12-13T10:30:03.693+0000] {processor.py:186} INFO - Started process (PID=1776) to work on /home/airflow/.local/lib/python3.12/site-packages/airflow/example_dags/example_bash_operator.py
[2025-12-13T10:30:03.696+0000] {processor.py:914} INFO - Processing file /home/airflow/.local/lib/python3.12/site-packages/airflow/example_dags/example_bash_operator.py for tasks to queue
[2025-12-13T10:30:03.700+0000] {logging_mixin.py:190} INFO - [2025-12-13T10:30:03.700+0000] {dagbag.py:588} INFO - Filling up the DagBag from /home/airflow/.local/lib/python3.12/site-packages/airflow/example_dags/example_bash_operator.py
[2025-12-13T10:30:03.730+0000] {processor.py:925} INFO - DAG(s) 'example_bash_operator' retrieved from /home/airflow/.local/lib/python3.12/site-packages/airflow/example_dags/example_bash_operator.py
[2025-12-13T10:30:03.790+0000] {logging_mixin.py:190} INFO - [2025-12-13T10:30:03.789+0000] {dag.py:3239} INFO - Sync 1 DAGs
[2025-12-13T10:30:03.848+0000] {logging_mixin.py:190} INFO - [2025-12-13T10:30:03.848+0000] {dag.py:4180} INFO - Setting next_dagrun for example_bash_operator to 2025-12-13 00:00:00+00:00, run_after=2025-12-14 00:00:00+00:00
[2025-12-13T10:30:03.880+0000] {processor.py:208} INFO - Processing /home/airflow/.local/lib/python3.12/site-packages/airflow/example_dags/example_bash_operator.py took 0.197 seconds
[2025-12-13T10:30:34.021+0000] {processor.py:186} INFO - Started process (PID=1839) to work on /home/airflow/.local/lib/python3.12/site-packages/airflow/example_dags/example_bash_operator.py
[2025-12-13T10:30:34.023+0000] {processor.py:914} INFO - Processing file /home/airflow/.local/lib/python3.12/site-packages/airflow/example_dags/example_bash_operator.py for tasks to queue
[2025-12-13T10:30:34.027+0000] {logging_mixin.py:190} INFO - [2025-12-13T10:30:34.027+0000] {dagbag.py:588} INFO - Filling up the DagBag from /home/airflow/.local/lib/python3.12/site-packages/airflow/example_dags/example_bash_operator.py
[2025-12-13T10:30:34.053+0000] {processor.py:925} INFO - DAG(s) 'example_bash_operator' retrieved from /home/airflow/.local/lib/python3.12/site-packages/airflow/example_dags/example_bash_operator.py
[2025-12-13T10:30:34.097+0000] {logging_mixin.py:190} INFO - [2025-12-13T10:30:34.097+0000] {dag.py:3239} INFO - Sync 1 DAGs
[2025-12-13T10:30:34.139+0000] {logging_mixin.py:190} INFO - [2025-12-13T10:30:34.138+0000] {dag.py:4180} INFO - Setting next_dagrun for example_bash_operator to 2025-12-13 00:00:00+00:00, run_after=2025-12-14 00:00:00+00:00
[2025-12-13T10:30:34.169+0000] {processor.py:208} INFO - Processing /home/airflow/.local/lib/python3.12/site-packages/airflow/example_dags/example_bash_operator.py took 0.158 seconds
[2025-12-13T10:31:04.991+0000] {processor.py:186} INFO - Started process (PID=1902) to work on /home/airflow/.local/lib/python3.12/site-packages/airflow/example_dags/example_bash_operator.py
[2025-12-13T10:31:04.992+0000] {processor.py:914} INFO - Processing file /home/airflow/.local/lib/python3.12/site-packages/airflow/example_dags/example_bash_operator.py for tasks to queue
[2025-12-13T10:31:04.998+0000] {logging_mixin.py:190} INFO - [2025-12-13T10:31:04.998+0000] {dagbag.py:588} INFO - Filling up the DagBag from /home/airflow/.local/lib/python3.12/site-packages/airflow/example_dags/example_bash_operator.py
[2025-12-13T10:31:05.025+0000] {processor.py:925} INFO - DAG(s) 'example_bash_operator' retrieved from /home/airflow/.local/lib/python3.12/site-packages/airflow/example_dags/example_bash_operator.py
[2025-12-13T10:31:05.087+0000] {logging_mixin.py:190} INFO - [2025-12-13T10:31:05.086+0000] {dag.py:3239} INFO - Sync 1 DAGs
[2025-12-13T10:31:05.129+0000] {logging_mixin.py:190} INFO - [2025-12-13T10:31:05.128+0000] {dag.py:4180} INFO - Setting next_dagrun for example_bash_operator to 2025-12-13 00:00:00+00:00, run_after=2025-12-14 00:00:00+00:00
[2025-12-13T10:31:05.159+0000] {processor.py:208} INFO - Processing /home/airflow/.local/lib/python3.12/site-packages/airflow/example_dags/example_bash_operator.py took 0.182 seconds
[2025-12-13T10:31:35.912+0000] {processor.py:186} INFO - Started process (PID=1965) to work on /home/airflow/.local/lib/python3.12/site-packages/airflow/example_dags/example_bash_operator.py
[2025-12-13T10:31:35.915+0000] {processor.py:914} INFO - Processing file /home/airflow/.local/lib/python3.12/site-packages/airflow/example_dags/example_bash_operator.py for tasks to queue
[2025-12-13T10:31:35.920+0000] {logging_mixin.py:190} INFO - [2025-12-13T10:31:35.920+0000] {dagbag.py:588} INFO - Filling up the DagBag from /home/airflow/.local/lib/python3.12/site-packages/airflow/example_dags/example_bash_operator.py
[2025-12-13T10:31:35.947+0000] {processor.py:925} INFO - DAG(s) 'example_bash_operator' retrieved from /home/airflow/.local/lib/python3.12/site-packages/airflow/example_dags/example_bash_operator.py
[2025-12-13T10:31:36.005+0000] {logging_mixin.py:190} INFO - [2025-12-13T10:31:36.004+0000] {dag.py:3239} INFO - Sync 1 DAGs
[2025-12-13T10:31:36.056+0000] {logging_mixin.py:190} INFO - [2025-12-13T10:31:36.055+0000] {dag.py:4180} INFO - Setting next_dagrun for example_bash_operator to 2025-12-13 00:00:00+00:00, run_after=2025-12-14 00:00:00+00:00
[2025-12-13T10:31:36.087+0000] {processor.py:208} INFO - Processing /home/airflow/.local/lib/python3.12/site-packages/airflow/example_dags/example_bash_operator.py took 0.187 seconds
[2025-12-13T10:32:06.196+0000] {processor.py:186} INFO - Started process (PID=2028) to work on /home/airflow/.local/lib/python3.12/site-packages/airflow/example_dags/example_bash_operator.py
[2025-12-13T10:32:06.198+0000] {processor.py:914} INFO - Processing file /home/airflow/.local/lib/python3.12/site-packages/airflow/example_dags/example_bash_operator.py for tasks to queue
[2025-12-13T10:32:06.203+0000] {logging_mixin.py:190} INFO - [2025-12-13T10:32:06.202+0000] {dagbag.py:588} INFO - Filling up the DagBag from /home/airflow/.local/lib/python3.12/site-packages/airflow/example_dags/example_bash_operator.py
[2025-12-13T10:32:06.231+0000] {processor.py:925} INFO - DAG(s) 'example_bash_operator' retrieved from /home/airflow/.local/lib/python3.12/site-packages/airflow/example_dags/example_bash_operator.py
[2025-12-13T10:32:06.291+0000] {logging_mixin.py:190} INFO - [2025-12-13T10:32:06.290+0000] {dag.py:3239} INFO - Sync 1 DAGs
[2025-12-13T10:32:06.342+0000] {logging_mixin.py:190} INFO - [2025-12-13T10:32:06.342+0000] {dag.py:4180} INFO - Setting next_dagrun for example_bash_operator to 2025-12-13 00:00:00+00:00, run_after=2025-12-14 00:00:00+00:00
[2025-12-13T10:32:06.380+0000] {processor.py:208} INFO - Processing /home/airflow/.local/lib/python3.12/site-packages/airflow/example_dags/example_bash_operator.py took 0.195 seconds
[2025-12-13T10:32:36.765+0000] {processor.py:186} INFO - Started process (PID=2091) to work on /home/airflow/.local/lib/python3.12/site-packages/airflow/example_dags/example_bash_operator.py
[2025-12-13T10:32:36.771+0000] {processor.py:914} INFO - Processing file /home/airflow/.local/lib/python3.12/site-packages/airflow/example_dags/example_bash_operator.py for tasks to queue
[2025-12-13T10:32:36.780+0000] {logging_mixin.py:190} INFO - [2025-12-13T10:32:36.778+0000] {dagbag.py:588} INFO - Filling up the DagBag from /home/airflow/.local/lib/python3.12/site-packages/airflow/example_dags/example_bash_operator.py
[2025-12-13T10:32:36.811+0000] {processor.py:925} INFO - DAG(s) 'example_bash_operator' retrieved from /home/airflow/.local/lib/python3.12/site-packages/airflow/example_dags/example_bash_operator.py
[2025-12-13T10:32:36.871+0000] {logging_mixin.py:190} INFO - [2025-12-13T10:32:36.870+0000] {dag.py:3239} INFO - Sync 1 DAGs
[2025-12-13T10:32:36.924+0000] {logging_mixin.py:190} INFO - [2025-12-13T10:32:36.923+0000] {dag.py:4180} INFO - Setting next_dagrun for example_bash_operator to 2025-12-13 00:00:00+00:00, run_after=2025-12-14 00:00:00+00:00
[2025-12-13T10:32:36.966+0000] {processor.py:208} INFO - Processing /home/airflow/.local/lib/python3.12/site-packages/airflow/example_dags/example_bash_operator.py took 0.216 seconds
[2025-12-13T10:33:07.043+0000] {processor.py:186} INFO - Started process (PID=2154) to work on /home/airflow/.local/lib/python3.12/site-packages/airflow/example_dags/example_bash_operator.py
[2025-12-13T10:33:07.045+0000] {processor.py:914} INFO - Processing file /home/airflow/.local/lib/python3.12/site-packages/airflow/example_dags/example_bash_operator.py for tasks to queue
[2025-12-13T10:33:07.050+0000] {logging_mixin.py:190} INFO - [2025-12-13T10:33:07.049+0000] {dagbag.py:588} INFO - Filling up the DagBag from /home/airflow/.local/lib/python3.12/site-packages/airflow/example_dags/example_bash_operator.py
[2025-12-13T10:33:07.095+0000] {processor.py:925} INFO - DAG(s) 'example_bash_operator' retrieved from /home/airflow/.local/lib/python3.12/site-packages/airflow/example_dags/example_bash_operator.py
[2025-12-13T10:33:07.158+0000] {logging_mixin.py:190} INFO - [2025-12-13T10:33:07.158+0000] {dag.py:3239} INFO - Sync 1 DAGs
[2025-12-13T10:33:07.229+0000] {logging_mixin.py:190} INFO - [2025-12-13T10:33:07.229+0000] {dag.py:4180} INFO - Setting next_dagrun for example_bash_operator to 2025-12-13 00:00:00+00:00, run_after=2025-12-14 00:00:00+00:00
[2025-12-13T10:33:07.267+0000] {processor.py:208} INFO - Processing /home/airflow/.local/lib/python3.12/site-packages/airflow/example_dags/example_bash_operator.py took 0.238 seconds
[2025-12-13T10:33:38.123+0000] {processor.py:186} INFO - Started process (PID=2216) to work on /home/airflow/.local/lib/python3.12/site-packages/airflow/example_dags/example_bash_operator.py
[2025-12-13T10:33:38.127+0000] {processor.py:914} INFO - Processing file /home/airflow/.local/lib/python3.12/site-packages/airflow/example_dags/example_bash_operator.py for tasks to queue
[2025-12-13T10:33:38.133+0000] {logging_mixin.py:190} INFO - [2025-12-13T10:33:38.132+0000] {dagbag.py:588} INFO - Filling up the DagBag from /home/airflow/.local/lib/python3.12/site-packages/airflow/example_dags/example_bash_operator.py
[2025-12-13T10:33:38.167+0000] {processor.py:925} INFO - DAG(s) 'example_bash_operator' retrieved from /home/airflow/.local/lib/python3.12/site-packages/airflow/example_dags/example_bash_operator.py
[2025-12-13T10:33:38.227+0000] {logging_mixin.py:190} INFO - [2025-12-13T10:33:38.226+0000] {dag.py:3239} INFO - Sync 1 DAGs
[2025-12-13T10:33:38.283+0000] {logging_mixin.py:190} INFO - [2025-12-13T10:33:38.283+0000] {dag.py:4180} INFO - Setting next_dagrun for example_bash_operator to 2025-12-13 00:00:00+00:00, run_after=2025-12-14 00:00:00+00:00
[2025-12-13T10:33:38.313+0000] {processor.py:208} INFO - Processing /home/airflow/.local/lib/python3.12/site-packages/airflow/example_dags/example_bash_operator.py took 0.202 seconds
[2025-12-13T10:34:09.782+0000] {processor.py:186} INFO - Started process (PID=2279) to work on /home/airflow/.local/lib/python3.12/site-packages/airflow/example_dags/example_bash_operator.py
[2025-12-13T10:34:09.785+0000] {processor.py:914} INFO - Processing file /home/airflow/.local/lib/python3.12/site-packages/airflow/example_dags/example_bash_operator.py for tasks to queue
[2025-12-13T10:34:09.791+0000] {logging_mixin.py:190} INFO - [2025-12-13T10:34:09.790+0000] {dagbag.py:588} INFO - Filling up the DagBag from /home/airflow/.local/lib/python3.12/site-packages/airflow/example_dags/example_bash_operator.py
[2025-12-13T10:34:09.827+0000] {processor.py:925} INFO - DAG(s) 'example_bash_operator' retrieved from /home/airflow/.local/lib/python3.12/site-packages/airflow/example_dags/example_bash_operator.py
[2025-12-13T10:34:09.897+0000] {logging_mixin.py:190} INFO - [2025-12-13T10:34:09.896+0000] {dag.py:3239} INFO - Sync 1 DAGs
[2025-12-13T10:34:09.968+0000] {logging_mixin.py:190} INFO - [2025-12-13T10:34:09.968+0000] {dag.py:4180} INFO - Setting next_dagrun for example_bash_operator to 2025-12-13 00:00:00+00:00, run_after=2025-12-14 00:00:00+00:00
[2025-12-13T10:34:10.024+0000] {processor.py:208} INFO - Processing /home/airflow/.local/lib/python3.12/site-packages/airflow/example_dags/example_bash_operator.py took 0.270 seconds
[2025-12-13T10:34:40.166+0000] {processor.py:186} INFO - Started process (PID=2342) to work on /home/airflow/.local/lib/python3.12/site-packages/airflow/example_dags/example_bash_operator.py
[2025-12-13T10:34:40.168+0000] {processor.py:914} INFO - Processing file /home/airflow/.local/lib/python3.12/site-packages/airflow/example_dags/example_bash_operator.py for tasks to queue
[2025-12-13T10:34:40.172+0000] {logging_mixin.py:190} INFO - [2025-12-13T10:34:40.171+0000] {dagbag.py:588} INFO - Filling up the DagBag from /home/airflow/.local/lib/python3.12/site-packages/airflow/example_dags/example_bash_operator.py
[2025-12-13T10:34:40.198+0000] {processor.py:925} INFO - DAG(s) 'example_bash_operator' retrieved from /home/airflow/.local/lib/python3.12/site-packages/airflow/example_dags/example_bash_operator.py
[2025-12-13T10:34:40.262+0000] {logging_mixin.py:190} INFO - [2025-12-13T10:34:40.261+0000] {dag.py:3239} INFO - Sync 1 DAGs
[2025-12-13T10:34:40.315+0000] {logging_mixin.py:190} INFO - [2025-12-13T10:34:40.315+0000] {dag.py:4180} INFO - Setting next_dagrun for example_bash_operator to 2025-12-13 00:00:00+00:00, run_after=2025-12-14 00:00:00+00:00
[2025-12-13T10:34:40.353+0000] {processor.py:208} INFO - Processing /home/airflow/.local/lib/python3.12/site-packages/airflow/example_dags/example_bash_operator.py took 0.198 seconds
[2025-12-13T10:35:11.021+0000] {processor.py:186} INFO - Started process (PID=2404) to work on /home/airflow/.local/lib/python3.12/site-packages/airflow/example_dags/example_bash_operator.py
[2025-12-13T10:35:11.024+0000] {processor.py:914} INFO - Processing file /home/airflow/.local/lib/python3.12/site-packages/airflow/example_dags/example_bash_operator.py for tasks to queue
[2025-12-13T10:35:11.032+0000] {logging_mixin.py:190} INFO - [2025-12-13T10:35:11.031+0000] {dagbag.py:588} INFO - Filling up the DagBag from /home/airflow/.local/lib/python3.12/site-packages/airflow/example_dags/example_bash_operator.py
[2025-12-13T10:35:11.077+0000] {processor.py:925} INFO - DAG(s) 'example_bash_operator' retrieved from /home/airflow/.local/lib/python3.12/site-packages/airflow/example_dags/example_bash_operator.py
[2025-12-13T10:35:11.144+0000] {logging_mixin.py:190} INFO - [2025-12-13T10:35:11.143+0000] {dag.py:3239} INFO - Sync 1 DAGs
[2025-12-13T10:35:11.234+0000] {logging_mixin.py:190} INFO - [2025-12-13T10:35:11.234+0000] {dag.py:4180} INFO - Setting next_dagrun for example_bash_operator to 2025-12-13 00:00:00+00:00, run_after=2025-12-14 00:00:00+00:00
[2025-12-13T10:35:11.286+0000] {processor.py:208} INFO - Processing /home/airflow/.local/lib/python3.12/site-packages/airflow/example_dags/example_bash_operator.py took 0.277 seconds
[2025-12-13T10:35:42.299+0000] {processor.py:186} INFO - Started process (PID=2467) to work on /home/airflow/.local/lib/python3.12/site-packages/airflow/example_dags/example_bash_operator.py
[2025-12-13T10:35:42.300+0000] {processor.py:914} INFO - Processing file /home/airflow/.local/lib/python3.12/site-packages/airflow/example_dags/example_bash_operator.py for tasks to queue
[2025-12-13T10:35:42.307+0000] {logging_mixin.py:190} INFO - [2025-12-13T10:35:42.305+0000] {dagbag.py:588} INFO - Filling up the DagBag from /home/airflow/.local/lib/python3.12/site-packages/airflow/example_dags/example_bash_operator.py
[2025-12-13T10:35:42.347+0000] {processor.py:925} INFO - DAG(s) 'example_bash_operator' retrieved from /home/airflow/.local/lib/python3.12/site-packages/airflow/example_dags/example_bash_operator.py
[2025-12-13T10:35:42.460+0000] {logging_mixin.py:190} INFO - [2025-12-13T10:35:42.459+0000] {dag.py:3239} INFO - Sync 1 DAGs
[2025-12-13T10:35:42.544+0000] {logging_mixin.py:190} INFO - [2025-12-13T10:35:42.544+0000] {dag.py:4180} INFO - Setting next_dagrun for example_bash_operator to 2025-12-13 00:00:00+00:00, run_after=2025-12-14 00:00:00+00:00
[2025-12-13T10:35:42.602+0000] {processor.py:208} INFO - Processing /home/airflow/.local/lib/python3.12/site-packages/airflow/example_dags/example_bash_operator.py took 0.321 seconds
[2025-12-13T10:36:12.677+0000] {processor.py:186} INFO - Started process (PID=2529) to work on /home/airflow/.local/lib/python3.12/site-packages/airflow/example_dags/example_bash_operator.py
[2025-12-13T10:36:12.677+0000] {processor.py:914} INFO - Processing file /home/airflow/.local/lib/python3.12/site-packages/airflow/example_dags/example_bash_operator.py for tasks to queue
[2025-12-13T10:36:12.680+0000] {logging_mixin.py:190} INFO - [2025-12-13T10:36:12.680+0000] {dagbag.py:588} INFO - Filling up the DagBag from /home/airflow/.local/lib/python3.12/site-packages/airflow/example_dags/example_bash_operator.py
[2025-12-13T10:36:12.703+0000] {processor.py:925} INFO - DAG(s) 'example_bash_operator' retrieved from /home/airflow/.local/lib/python3.12/site-packages/airflow/example_dags/example_bash_operator.py
[2025-12-13T10:36:12.745+0000] {logging_mixin.py:190} INFO - [2025-12-13T10:36:12.745+0000] {dag.py:3239} INFO - Sync 1 DAGs
[2025-12-13T10:36:12.782+0000] {logging_mixin.py:190} INFO - [2025-12-13T10:36:12.781+0000] {dag.py:4180} INFO - Setting next_dagrun for example_bash_operator to 2025-12-13 00:00:00+00:00, run_after=2025-12-14 00:00:00+00:00
[2025-12-13T10:36:12.811+0000] {processor.py:208} INFO - Processing /home/airflow/.local/lib/python3.12/site-packages/airflow/example_dags/example_bash_operator.py took 0.144 seconds
[2025-12-13T10:36:43.175+0000] {processor.py:186} INFO - Started process (PID=2592) to work on /home/airflow/.local/lib/python3.12/site-packages/airflow/example_dags/example_bash_operator.py
[2025-12-13T10:36:43.176+0000] {processor.py:914} INFO - Processing file /home/airflow/.local/lib/python3.12/site-packages/airflow/example_dags/example_bash_operator.py for tasks to queue
[2025-12-13T10:36:43.180+0000] {logging_mixin.py:190} INFO - [2025-12-13T10:36:43.180+0000] {dagbag.py:588} INFO - Filling up the DagBag from /home/airflow/.local/lib/python3.12/site-packages/airflow/example_dags/example_bash_operator.py
[2025-12-13T10:36:43.208+0000] {processor.py:925} INFO - DAG(s) 'example_bash_operator' retrieved from /home/airflow/.local/lib/python3.12/site-packages/airflow/example_dags/example_bash_operator.py
[2025-12-13T10:36:43.265+0000] {logging_mixin.py:190} INFO - [2025-12-13T10:36:43.264+0000] {dag.py:3239} INFO - Sync 1 DAGs
[2025-12-13T10:36:43.312+0000] {logging_mixin.py:190} INFO - [2025-12-13T10:36:43.312+0000] {dag.py:4180} INFO - Setting next_dagrun for example_bash_operator to 2025-12-13 00:00:00+00:00, run_after=2025-12-14 00:00:00+00:00
[2025-12-13T10:36:43.340+0000] {processor.py:208} INFO - Processing /home/airflow/.local/lib/python3.12/site-packages/airflow/example_dags/example_bash_operator.py took 0.176 seconds
[2025-12-13T10:37:14.191+0000] {processor.py:186} INFO - Started process (PID=2655) to work on /home/airflow/.local/lib/python3.12/site-packages/airflow/example_dags/example_bash_operator.py
[2025-12-13T10:37:14.192+0000] {processor.py:914} INFO - Processing file /home/airflow/.local/lib/python3.12/site-packages/airflow/example_dags/example_bash_operator.py for tasks to queue
[2025-12-13T10:37:14.197+0000] {logging_mixin.py:190} INFO - [2025-12-13T10:37:14.196+0000] {dagbag.py:588} INFO - Filling up the DagBag from /home/airflow/.local/lib/python3.12/site-packages/airflow/example_dags/example_bash_operator.py
[2025-12-13T10:37:14.227+0000] {processor.py:925} INFO - DAG(s) 'example_bash_operator' retrieved from /home/airflow/.local/lib/python3.12/site-packages/airflow/example_dags/example_bash_operator.py
[2025-12-13T10:37:14.288+0000] {logging_mixin.py:190} INFO - [2025-12-13T10:37:14.287+0000] {dag.py:3239} INFO - Sync 1 DAGs
[2025-12-13T10:37:14.335+0000] {logging_mixin.py:190} INFO - [2025-12-13T10:37:14.334+0000] {dag.py:4180} INFO - Setting next_dagrun for example_bash_operator to 2025-12-13 00:00:00+00:00, run_after=2025-12-14 00:00:00+00:00
[2025-12-13T10:37:14.369+0000] {processor.py:208} INFO - Processing /home/airflow/.local/lib/python3.12/site-packages/airflow/example_dags/example_bash_operator.py took 0.192 seconds
[2025-12-13T10:37:45.977+0000] {processor.py:186} INFO - Started process (PID=2718) to work on /home/airflow/.local/lib/python3.12/site-packages/airflow/example_dags/example_bash_operator.py
[2025-12-13T10:37:45.978+0000] {processor.py:914} INFO - Processing file /home/airflow/.local/lib/python3.12/site-packages/airflow/example_dags/example_bash_operator.py for tasks to queue
[2025-12-13T10:37:45.998+0000] {logging_mixin.py:190} INFO - [2025-12-13T10:37:45.997+0000] {dagbag.py:588} INFO - Filling up the DagBag from /home/airflow/.local/lib/python3.12/site-packages/airflow/example_dags/example_bash_operator.py
[2025-12-13T10:37:46.055+0000] {processor.py:925} INFO - DAG(s) 'example_bash_operator' retrieved from /home/airflow/.local/lib/python3.12/site-packages/airflow/example_dags/example_bash_operator.py
[2025-12-13T10:37:46.142+0000] {logging_mixin.py:190} INFO - [2025-12-13T10:37:46.142+0000] {dag.py:3239} INFO - Sync 1 DAGs
[2025-12-13T10:37:46.213+0000] {logging_mixin.py:190} INFO - [2025-12-13T10:37:46.213+0000] {dag.py:4180} INFO - Setting next_dagrun for example_bash_operator to 2025-12-13 00:00:00+00:00, run_after=2025-12-14 00:00:00+00:00
[2025-12-13T10:37:46.259+0000] {processor.py:208} INFO - Processing /home/airflow/.local/lib/python3.12/site-packages/airflow/example_dags/example_bash_operator.py took 0.300 seconds
[2025-12-13T10:38:16.945+0000] {processor.py:186} INFO - Started process (PID=2781) to work on /home/airflow/.local/lib/python3.12/site-packages/airflow/example_dags/example_bash_operator.py
[2025-12-13T10:38:16.947+0000] {processor.py:914} INFO - Processing file /home/airflow/.local/lib/python3.12/site-packages/airflow/example_dags/example_bash_operator.py for tasks to queue
[2025-12-13T10:38:16.951+0000] {logging_mixin.py:190} INFO - [2025-12-13T10:38:16.951+0000] {dagbag.py:588} INFO - Filling up the DagBag from /home/airflow/.local/lib/python3.12/site-packages/airflow/example_dags/example_bash_operator.py
[2025-12-13T10:38:16.985+0000] {processor.py:925} INFO - DAG(s) 'example_bash_operator' retrieved from /home/airflow/.local/lib/python3.12/site-packages/airflow/example_dags/example_bash_operator.py
[2025-12-13T10:38:17.066+0000] {logging_mixin.py:190} INFO - [2025-12-13T10:38:17.066+0000] {dag.py:3239} INFO - Sync 1 DAGs
[2025-12-13T10:38:17.168+0000] {logging_mixin.py:190} INFO - [2025-12-13T10:38:17.168+0000] {dag.py:4180} INFO - Setting next_dagrun for example_bash_operator to 2025-12-13 00:00:00+00:00, run_after=2025-12-14 00:00:00+00:00
[2025-12-13T10:38:17.238+0000] {processor.py:208} INFO - Processing /home/airflow/.local/lib/python3.12/site-packages/airflow/example_dags/example_bash_operator.py took 0.305 seconds
[2025-12-13T10:38:47.328+0000] {processor.py:186} INFO - Started process (PID=2844) to work on /home/airflow/.local/lib/python3.12/site-packages/airflow/example_dags/example_bash_operator.py
[2025-12-13T10:38:47.330+0000] {processor.py:914} INFO - Processing file /home/airflow/.local/lib/python3.12/site-packages/airflow/example_dags/example_bash_operator.py for tasks to queue
[2025-12-13T10:38:47.334+0000] {logging_mixin.py:190} INFO - [2025-12-13T10:38:47.333+0000] {dagbag.py:588} INFO - Filling up the DagBag from /home/airflow/.local/lib/python3.12/site-packages/airflow/example_dags/example_bash_operator.py
[2025-12-13T10:38:47.361+0000] {processor.py:925} INFO - DAG(s) 'example_bash_operator' retrieved from /home/airflow/.local/lib/python3.12/site-packages/airflow/example_dags/example_bash_operator.py
[2025-12-13T10:38:47.409+0000] {logging_mixin.py:190} INFO - [2025-12-13T10:38:47.409+0000] {dag.py:3239} INFO - Sync 1 DAGs
[2025-12-13T10:38:47.450+0000] {logging_mixin.py:190} INFO - [2025-12-13T10:38:47.450+0000] {dag.py:4180} INFO - Setting next_dagrun for example_bash_operator to 2025-12-13 00:00:00+00:00, run_after=2025-12-14 00:00:00+00:00
[2025-12-13T10:38:47.481+0000] {processor.py:208} INFO - Processing /home/airflow/.local/lib/python3.12/site-packages/airflow/example_dags/example_bash_operator.py took 0.166 seconds
[2025-12-13T10:39:18.212+0000] {processor.py:186} INFO - Started process (PID=2907) to work on /home/airflow/.local/lib/python3.12/site-packages/airflow/example_dags/example_bash_operator.py
[2025-12-13T10:39:18.216+0000] {processor.py:914} INFO - Processing file /home/airflow/.local/lib/python3.12/site-packages/airflow/example_dags/example_bash_operator.py for tasks to queue
[2025-12-13T10:39:18.222+0000] {logging_mixin.py:190} INFO - [2025-12-13T10:39:18.221+0000] {dagbag.py:588} INFO - Filling up the DagBag from /home/airflow/.local/lib/python3.12/site-packages/airflow/example_dags/example_bash_operator.py
[2025-12-13T10:39:18.254+0000] {processor.py:925} INFO - DAG(s) 'example_bash_operator' retrieved from /home/airflow/.local/lib/python3.12/site-packages/airflow/example_dags/example_bash_operator.py
[2025-12-13T10:39:18.310+0000] {logging_mixin.py:190} INFO - [2025-12-13T10:39:18.309+0000] {dag.py:3239} INFO - Sync 1 DAGs
[2025-12-13T10:39:18.626+0000] {logging_mixin.py:190} INFO - [2025-12-13T10:39:18.625+0000] {dag.py:4180} INFO - Setting next_dagrun for example_bash_operator to 2025-12-13 00:00:00+00:00, run_after=2025-12-14 00:00:00+00:00
[2025-12-13T10:39:18.651+0000] {processor.py:208} INFO - Processing /home/airflow/.local/lib/python3.12/site-packages/airflow/example_dags/example_bash_operator.py took 0.452 seconds
[2025-12-13T10:39:49.192+0000] {processor.py:186} INFO - Started process (PID=2977) to work on /home/airflow/.local/lib/python3.12/site-packages/airflow/example_dags/example_bash_operator.py
[2025-12-13T10:39:49.194+0000] {processor.py:914} INFO - Processing file /home/airflow/.local/lib/python3.12/site-packages/airflow/example_dags/example_bash_operator.py for tasks to queue
[2025-12-13T10:39:49.198+0000] {logging_mixin.py:190} INFO - [2025-12-13T10:39:49.197+0000] {dagbag.py:588} INFO - Filling up the DagBag from /home/airflow/.local/lib/python3.12/site-packages/airflow/example_dags/example_bash_operator.py
[2025-12-13T10:39:49.232+0000] {processor.py:925} INFO - DAG(s) 'example_bash_operator' retrieved from /home/airflow/.local/lib/python3.12/site-packages/airflow/example_dags/example_bash_operator.py
[2025-12-13T10:39:49.292+0000] {logging_mixin.py:190} INFO - [2025-12-13T10:39:49.291+0000] {dag.py:3239} INFO - Sync 1 DAGs
[2025-12-13T10:39:49.645+0000] {logging_mixin.py:190} INFO - [2025-12-13T10:39:49.644+0000] {dag.py:4180} INFO - Setting next_dagrun for example_bash_operator to 2025-12-13 00:00:00+00:00, run_after=2025-12-14 00:00:00+00:00
[2025-12-13T10:39:49.672+0000] {processor.py:208} INFO - Processing /home/airflow/.local/lib/python3.12/site-packages/airflow/example_dags/example_bash_operator.py took 0.499 seconds
[2025-12-13T10:40:20.052+0000] {processor.py:186} INFO - Started process (PID=3040) to work on /home/airflow/.local/lib/python3.12/site-packages/airflow/example_dags/example_bash_operator.py
[2025-12-13T10:40:20.054+0000] {processor.py:914} INFO - Processing file /home/airflow/.local/lib/python3.12/site-packages/airflow/example_dags/example_bash_operator.py for tasks to queue
[2025-12-13T10:40:20.060+0000] {logging_mixin.py:190} INFO - [2025-12-13T10:40:20.059+0000] {dagbag.py:588} INFO - Filling up the DagBag from /home/airflow/.local/lib/python3.12/site-packages/airflow/example_dags/example_bash_operator.py
[2025-12-13T10:40:20.093+0000] {processor.py:925} INFO - DAG(s) 'example_bash_operator' retrieved from /home/airflow/.local/lib/python3.12/site-packages/airflow/example_dags/example_bash_operator.py
[2025-12-13T10:40:20.166+0000] {logging_mixin.py:190} INFO - [2025-12-13T10:40:20.166+0000] {dag.py:3239} INFO - Sync 1 DAGs
[2025-12-13T10:40:20.231+0000] {logging_mixin.py:190} INFO - [2025-12-13T10:40:20.231+0000] {dag.py:4180} INFO - Setting next_dagrun for example_bash_operator to 2025-12-13 00:00:00+00:00, run_after=2025-12-14 00:00:00+00:00
[2025-12-13T10:40:20.571+0000] {processor.py:208} INFO - Processing /home/airflow/.local/lib/python3.12/site-packages/airflow/example_dags/example_bash_operator.py took 0.535 seconds
[2025-12-13T10:40:51.509+0000] {processor.py:186} INFO - Started process (PID=3103) to work on /home/airflow/.local/lib/python3.12/site-packages/airflow/example_dags/example_bash_operator.py
[2025-12-13T10:40:51.515+0000] {processor.py:914} INFO - Processing file /home/airflow/.local/lib/python3.12/site-packages/airflow/example_dags/example_bash_operator.py for tasks to queue
[2025-12-13T10:40:51.525+0000] {logging_mixin.py:190} INFO - [2025-12-13T10:40:51.525+0000] {dagbag.py:588} INFO - Filling up the DagBag from /home/airflow/.local/lib/python3.12/site-packages/airflow/example_dags/example_bash_operator.py
[2025-12-13T10:40:51.581+0000] {processor.py:925} INFO - DAG(s) 'example_bash_operator' retrieved from /home/airflow/.local/lib/python3.12/site-packages/airflow/example_dags/example_bash_operator.py
[2025-12-13T10:40:51.697+0000] {logging_mixin.py:190} INFO - [2025-12-13T10:40:51.697+0000] {dag.py:3239} INFO - Sync 1 DAGs
[2025-12-13T10:40:51.855+0000] {logging_mixin.py:190} INFO - [2025-12-13T10:40:51.853+0000] {dag.py:4180} INFO - Setting next_dagrun for example_bash_operator to 2025-12-13 00:00:00+00:00, run_after=2025-12-14 00:00:00+00:00
[2025-12-13T10:40:51.972+0000] {processor.py:208} INFO - Processing /home/airflow/.local/lib/python3.12/site-packages/airflow/example_dags/example_bash_operator.py took 0.483 seconds
[2025-12-13T10:41:22.548+0000] {processor.py:186} INFO - Started process (PID=3166) to work on /home/airflow/.local/lib/python3.12/site-packages/airflow/example_dags/example_bash_operator.py
[2025-12-13T10:41:22.549+0000] {processor.py:914} INFO - Processing file /home/airflow/.local/lib/python3.12/site-packages/airflow/example_dags/example_bash_operator.py for tasks to queue
[2025-12-13T10:41:22.552+0000] {logging_mixin.py:190} INFO - [2025-12-13T10:41:22.551+0000] {dagbag.py:588} INFO - Filling up the DagBag from /home/airflow/.local/lib/python3.12/site-packages/airflow/example_dags/example_bash_operator.py
[2025-12-13T10:41:22.577+0000] {processor.py:925} INFO - DAG(s) 'example_bash_operator' retrieved from /home/airflow/.local/lib/python3.12/site-packages/airflow/example_dags/example_bash_operator.py
[2025-12-13T10:41:22.619+0000] {logging_mixin.py:190} INFO - [2025-12-13T10:41:22.619+0000] {dag.py:3239} INFO - Sync 1 DAGs
[2025-12-13T10:41:22.671+0000] {logging_mixin.py:190} INFO - [2025-12-13T10:41:22.671+0000] {dag.py:4180} INFO - Setting next_dagrun for example_bash_operator to 2025-12-13 00:00:00+00:00, run_after=2025-12-14 00:00:00+00:00
[2025-12-13T10:41:22.709+0000] {processor.py:208} INFO - Processing /home/airflow/.local/lib/python3.12/site-packages/airflow/example_dags/example_bash_operator.py took 0.175 seconds
[2025-12-13T10:41:53.040+0000] {processor.py:186} INFO - Started process (PID=3228) to work on /home/airflow/.local/lib/python3.12/site-packages/airflow/example_dags/example_bash_operator.py
[2025-12-13T10:41:53.042+0000] {processor.py:914} INFO - Processing file /home/airflow/.local/lib/python3.12/site-packages/airflow/example_dags/example_bash_operator.py for tasks to queue
[2025-12-13T10:41:53.046+0000] {logging_mixin.py:190} INFO - [2025-12-13T10:41:53.045+0000] {dagbag.py:588} INFO - Filling up the DagBag from /home/airflow/.local/lib/python3.12/site-packages/airflow/example_dags/example_bash_operator.py
[2025-12-13T10:41:53.078+0000] {processor.py:925} INFO - DAG(s) 'example_bash_operator' retrieved from /home/airflow/.local/lib/python3.12/site-packages/airflow/example_dags/example_bash_operator.py
[2025-12-13T10:41:53.137+0000] {logging_mixin.py:190} INFO - [2025-12-13T10:41:53.136+0000] {dag.py:3239} INFO - Sync 1 DAGs
[2025-12-13T10:41:53.194+0000] {logging_mixin.py:190} INFO - [2025-12-13T10:41:53.193+0000] {dag.py:4180} INFO - Setting next_dagrun for example_bash_operator to 2025-12-13 00:00:00+00:00, run_after=2025-12-14 00:00:00+00:00
[2025-12-13T10:41:53.251+0000] {processor.py:208} INFO - Processing /home/airflow/.local/lib/python3.12/site-packages/airflow/example_dags/example_bash_operator.py took 0.225 seconds
[2025-12-13T10:42:23.749+0000] {processor.py:186} INFO - Started process (PID=3291) to work on /home/airflow/.local/lib/python3.12/site-packages/airflow/example_dags/example_bash_operator.py
[2025-12-13T10:42:23.750+0000] {processor.py:914} INFO - Processing file /home/airflow/.local/lib/python3.12/site-packages/airflow/example_dags/example_bash_operator.py for tasks to queue
[2025-12-13T10:42:23.755+0000] {logging_mixin.py:190} INFO - [2025-12-13T10:42:23.754+0000] {dagbag.py:588} INFO - Filling up the DagBag from /home/airflow/.local/lib/python3.12/site-packages/airflow/example_dags/example_bash_operator.py
[2025-12-13T10:42:23.786+0000] {processor.py:925} INFO - DAG(s) 'example_bash_operator' retrieved from /home/airflow/.local/lib/python3.12/site-packages/airflow/example_dags/example_bash_operator.py
[2025-12-13T10:42:23.851+0000] {logging_mixin.py:190} INFO - [2025-12-13T10:42:23.851+0000] {dag.py:3239} INFO - Sync 1 DAGs
[2025-12-13T10:42:23.914+0000] {logging_mixin.py:190} INFO - [2025-12-13T10:42:23.913+0000] {dag.py:4180} INFO - Setting next_dagrun for example_bash_operator to 2025-12-13 00:00:00+00:00, run_after=2025-12-14 00:00:00+00:00
[2025-12-13T10:42:23.955+0000] {processor.py:208} INFO - Processing /home/airflow/.local/lib/python3.12/site-packages/airflow/example_dags/example_bash_operator.py took 0.219 seconds
[2025-12-13T10:42:54.674+0000] {processor.py:186} INFO - Started process (PID=3354) to work on /home/airflow/.local/lib/python3.12/site-packages/airflow/example_dags/example_bash_operator.py
[2025-12-13T10:42:54.675+0000] {processor.py:914} INFO - Processing file /home/airflow/.local/lib/python3.12/site-packages/airflow/example_dags/example_bash_operator.py for tasks to queue
[2025-12-13T10:42:54.688+0000] {logging_mixin.py:190} INFO - [2025-12-13T10:42:54.687+0000] {dagbag.py:588} INFO - Filling up the DagBag from /home/airflow/.local/lib/python3.12/site-packages/airflow/example_dags/example_bash_operator.py
[2025-12-13T10:42:54.751+0000] {processor.py:925} INFO - DAG(s) 'example_bash_operator' retrieved from /home/airflow/.local/lib/python3.12/site-packages/airflow/example_dags/example_bash_operator.py
[2025-12-13T10:42:54.818+0000] {logging_mixin.py:190} INFO - [2025-12-13T10:42:54.818+0000] {dag.py:3239} INFO - Sync 1 DAGs
[2025-12-13T10:42:54.913+0000] {logging_mixin.py:190} INFO - [2025-12-13T10:42:54.912+0000] {dag.py:4180} INFO - Setting next_dagrun for example_bash_operator to 2025-12-13 00:00:00+00:00, run_after=2025-12-14 00:00:00+00:00
[2025-12-13T10:42:54.988+0000] {processor.py:208} INFO - Processing /home/airflow/.local/lib/python3.12/site-packages/airflow/example_dags/example_bash_operator.py took 0.327 seconds
[2025-12-13T10:43:26.544+0000] {processor.py:186} INFO - Started process (PID=3421) to work on /home/airflow/.local/lib/python3.12/site-packages/airflow/example_dags/example_bash_operator.py
[2025-12-13T10:43:26.549+0000] {processor.py:914} INFO - Processing file /home/airflow/.local/lib/python3.12/site-packages/airflow/example_dags/example_bash_operator.py for tasks to queue
[2025-12-13T10:43:26.556+0000] {logging_mixin.py:190} INFO - [2025-12-13T10:43:26.555+0000] {dagbag.py:588} INFO - Filling up the DagBag from /home/airflow/.local/lib/python3.12/site-packages/airflow/example_dags/example_bash_operator.py
[2025-12-13T10:43:26.594+0000] {processor.py:925} INFO - DAG(s) 'example_bash_operator' retrieved from /home/airflow/.local/lib/python3.12/site-packages/airflow/example_dags/example_bash_operator.py
[2025-12-13T10:43:26.658+0000] {logging_mixin.py:190} INFO - [2025-12-13T10:43:26.658+0000] {dag.py:3239} INFO - Sync 1 DAGs
[2025-12-13T10:43:26.710+0000] {logging_mixin.py:190} INFO - [2025-12-13T10:43:26.710+0000] {dag.py:4180} INFO - Setting next_dagrun for example_bash_operator to 2025-12-13 00:00:00+00:00, run_after=2025-12-14 00:00:00+00:00
[2025-12-13T10:43:26.746+0000] {processor.py:208} INFO - Processing /home/airflow/.local/lib/python3.12/site-packages/airflow/example_dags/example_bash_operator.py took 0.226 seconds
[2025-12-13T10:43:57.451+0000] {processor.py:186} INFO - Started process (PID=3484) to work on /home/airflow/.local/lib/python3.12/site-packages/airflow/example_dags/example_bash_operator.py
[2025-12-13T10:43:57.452+0000] {processor.py:914} INFO - Processing file /home/airflow/.local/lib/python3.12/site-packages/airflow/example_dags/example_bash_operator.py for tasks to queue
[2025-12-13T10:43:57.468+0000] {logging_mixin.py:190} INFO - [2025-12-13T10:43:57.467+0000] {dagbag.py:588} INFO - Filling up the DagBag from /home/airflow/.local/lib/python3.12/site-packages/airflow/example_dags/example_bash_operator.py
[2025-12-13T10:43:57.525+0000] {processor.py:925} INFO - DAG(s) 'example_bash_operator' retrieved from /home/airflow/.local/lib/python3.12/site-packages/airflow/example_dags/example_bash_operator.py
[2025-12-13T10:43:57.634+0000] {logging_mixin.py:190} INFO - [2025-12-13T10:43:57.634+0000] {dag.py:3239} INFO - Sync 1 DAGs
[2025-12-13T10:43:57.743+0000] {logging_mixin.py:190} INFO - [2025-12-13T10:43:57.742+0000] {dag.py:4180} INFO - Setting next_dagrun for example_bash_operator to 2025-12-13 00:00:00+00:00, run_after=2025-12-14 00:00:00+00:00
[2025-12-13T10:43:57.815+0000] {processor.py:208} INFO - Processing /home/airflow/.local/lib/python3.12/site-packages/airflow/example_dags/example_bash_operator.py took 0.392 seconds
[2025-12-13T10:44:28.879+0000] {processor.py:186} INFO - Started process (PID=3547) to work on /home/airflow/.local/lib/python3.12/site-packages/airflow/example_dags/example_bash_operator.py
[2025-12-13T10:44:28.882+0000] {processor.py:914} INFO - Processing file /home/airflow/.local/lib/python3.12/site-packages/airflow/example_dags/example_bash_operator.py for tasks to queue
[2025-12-13T10:44:28.891+0000] {logging_mixin.py:190} INFO - [2025-12-13T10:44:28.890+0000] {dagbag.py:588} INFO - Filling up the DagBag from /home/airflow/.local/lib/python3.12/site-packages/airflow/example_dags/example_bash_operator.py
[2025-12-13T10:44:28.960+0000] {processor.py:925} INFO - DAG(s) 'example_bash_operator' retrieved from /home/airflow/.local/lib/python3.12/site-packages/airflow/example_dags/example_bash_operator.py
[2025-12-13T10:44:29.089+0000] {logging_mixin.py:190} INFO - [2025-12-13T10:44:29.088+0000] {dag.py:3239} INFO - Sync 1 DAGs
[2025-12-13T10:44:29.208+0000] {logging_mixin.py:190} INFO - [2025-12-13T10:44:29.207+0000] {dag.py:4180} INFO - Setting next_dagrun for example_bash_operator to 2025-12-13 00:00:00+00:00, run_after=2025-12-14 00:00:00+00:00
[2025-12-13T10:44:29.286+0000] {processor.py:208} INFO - Processing /home/airflow/.local/lib/python3.12/site-packages/airflow/example_dags/example_bash_operator.py took 0.437 seconds
[2025-12-13T10:44:59.651+0000] {processor.py:186} INFO - Started process (PID=3610) to work on /home/airflow/.local/lib/python3.12/site-packages/airflow/example_dags/example_bash_operator.py
[2025-12-13T10:44:59.652+0000] {processor.py:914} INFO - Processing file /home/airflow/.local/lib/python3.12/site-packages/airflow/example_dags/example_bash_operator.py for tasks to queue
[2025-12-13T10:44:59.656+0000] {logging_mixin.py:190} INFO - [2025-12-13T10:44:59.655+0000] {dagbag.py:588} INFO - Filling up the DagBag from /home/airflow/.local/lib/python3.12/site-packages/airflow/example_dags/example_bash_operator.py
[2025-12-13T10:44:59.680+0000] {processor.py:925} INFO - DAG(s) 'example_bash_operator' retrieved from /home/airflow/.local/lib/python3.12/site-packages/airflow/example_dags/example_bash_operator.py
[2025-12-13T10:44:59.735+0000] {logging_mixin.py:190} INFO - [2025-12-13T10:44:59.735+0000] {dag.py:3239} INFO - Sync 1 DAGs
[2025-12-13T10:44:59.780+0000] {logging_mixin.py:190} INFO - [2025-12-13T10:44:59.779+0000] {dag.py:4180} INFO - Setting next_dagrun for example_bash_operator to 2025-12-13 00:00:00+00:00, run_after=2025-12-14 00:00:00+00:00
[2025-12-13T10:44:59.808+0000] {processor.py:208} INFO - Processing /home/airflow/.local/lib/python3.12/site-packages/airflow/example_dags/example_bash_operator.py took 0.169 seconds
[2025-12-13T10:45:30.226+0000] {processor.py:186} INFO - Started process (PID=3674) to work on /home/airflow/.local/lib/python3.12/site-packages/airflow/example_dags/example_bash_operator.py
[2025-12-13T10:45:30.227+0000] {processor.py:914} INFO - Processing file /home/airflow/.local/lib/python3.12/site-packages/airflow/example_dags/example_bash_operator.py for tasks to queue
[2025-12-13T10:45:30.230+0000] {logging_mixin.py:190} INFO - [2025-12-13T10:45:30.230+0000] {dagbag.py:588} INFO - Filling up the DagBag from /home/airflow/.local/lib/python3.12/site-packages/airflow/example_dags/example_bash_operator.py
[2025-12-13T10:45:30.250+0000] {processor.py:925} INFO - DAG(s) 'example_bash_operator' retrieved from /home/airflow/.local/lib/python3.12/site-packages/airflow/example_dags/example_bash_operator.py
[2025-12-13T10:45:30.302+0000] {logging_mixin.py:190} INFO - [2025-12-13T10:45:30.302+0000] {dag.py:3239} INFO - Sync 1 DAGs
[2025-12-13T10:45:30.358+0000] {logging_mixin.py:190} INFO - [2025-12-13T10:45:30.358+0000] {dag.py:4180} INFO - Setting next_dagrun for example_bash_operator to 2025-12-13 00:00:00+00:00, run_after=2025-12-14 00:00:00+00:00
[2025-12-13T10:45:30.391+0000] {processor.py:208} INFO - Processing /home/airflow/.local/lib/python3.12/site-packages/airflow/example_dags/example_bash_operator.py took 0.175 seconds
[2025-12-13T10:46:00.949+0000] {processor.py:186} INFO - Started process (PID=3738) to work on /home/airflow/.local/lib/python3.12/site-packages/airflow/example_dags/example_bash_operator.py
[2025-12-13T10:46:00.950+0000] {processor.py:914} INFO - Processing file /home/airflow/.local/lib/python3.12/site-packages/airflow/example_dags/example_bash_operator.py for tasks to queue
[2025-12-13T10:46:00.954+0000] {logging_mixin.py:190} INFO - [2025-12-13T10:46:00.953+0000] {dagbag.py:588} INFO - Filling up the DagBag from /home/airflow/.local/lib/python3.12/site-packages/airflow/example_dags/example_bash_operator.py
[2025-12-13T10:46:00.982+0000] {processor.py:925} INFO - DAG(s) 'example_bash_operator' retrieved from /home/airflow/.local/lib/python3.12/site-packages/airflow/example_dags/example_bash_operator.py
[2025-12-13T10:46:01.034+0000] {logging_mixin.py:190} INFO - [2025-12-13T10:46:01.034+0000] {dag.py:3239} INFO - Sync 1 DAGs
[2025-12-13T10:46:01.086+0000] {logging_mixin.py:190} INFO - [2025-12-13T10:46:01.086+0000] {dag.py:4180} INFO - Setting next_dagrun for example_bash_operator to 2025-12-13 00:00:00+00:00, run_after=2025-12-14 00:00:00+00:00
[2025-12-13T10:46:01.125+0000] {processor.py:208} INFO - Processing /home/airflow/.local/lib/python3.12/site-packages/airflow/example_dags/example_bash_operator.py took 0.186 seconds
[2025-12-13T10:46:32.081+0000] {processor.py:186} INFO - Started process (PID=3801) to work on /home/airflow/.local/lib/python3.12/site-packages/airflow/example_dags/example_bash_operator.py
[2025-12-13T10:46:32.082+0000] {processor.py:914} INFO - Processing file /home/airflow/.local/lib/python3.12/site-packages/airflow/example_dags/example_bash_operator.py for tasks to queue
[2025-12-13T10:46:32.093+0000] {logging_mixin.py:190} INFO - [2025-12-13T10:46:32.092+0000] {dagbag.py:588} INFO - Filling up the DagBag from /home/airflow/.local/lib/python3.12/site-packages/airflow/example_dags/example_bash_operator.py
[2025-12-13T10:46:32.132+0000] {processor.py:925} INFO - DAG(s) 'example_bash_operator' retrieved from /home/airflow/.local/lib/python3.12/site-packages/airflow/example_dags/example_bash_operator.py
[2025-12-13T10:46:32.233+0000] {logging_mixin.py:190} INFO - [2025-12-13T10:46:32.232+0000] {dag.py:3239} INFO - Sync 1 DAGs
[2025-12-13T10:46:32.325+0000] {logging_mixin.py:190} INFO - [2025-12-13T10:46:32.325+0000] {dag.py:4180} INFO - Setting next_dagrun for example_bash_operator to 2025-12-13 00:00:00+00:00, run_after=2025-12-14 00:00:00+00:00
[2025-12-13T10:46:32.399+0000] {processor.py:208} INFO - Processing /home/airflow/.local/lib/python3.12/site-packages/airflow/example_dags/example_bash_operator.py took 0.333 seconds
