[2025-12-13T10:16:18.295+0000] {processor.py:186} INFO - Started process (PID=113) to work on /home/airflow/.local/lib/python3.12/site-packages/airflow/example_dags/tutorial_dag.py
[2025-12-13T10:16:18.297+0000] {processor.py:914} INFO - Processing file /home/airflow/.local/lib/python3.12/site-packages/airflow/example_dags/tutorial_dag.py for tasks to queue
[2025-12-13T10:16:18.302+0000] {logging_mixin.py:190} INFO - [2025-12-13T10:16:18.301+0000] {dagbag.py:588} INFO - Filling up the DagBag from /home/airflow/.local/lib/python3.12/site-packages/airflow/example_dags/tutorial_dag.py
[2025-12-13T10:16:18.318+0000] {processor.py:925} INFO - DAG(s) 'tutorial_dag' retrieved from /home/airflow/.local/lib/python3.12/site-packages/airflow/example_dags/tutorial_dag.py
[2025-12-13T10:16:18.539+0000] {logging_mixin.py:190} INFO - [2025-12-13T10:16:18.538+0000] {override.py:1911} INFO - Created Permission View: can edit on DAG:tutorial_dag
[2025-12-13T10:16:18.565+0000] {logging_mixin.py:190} INFO - [2025-12-13T10:16:18.565+0000] {override.py:1911} INFO - Created Permission View: can delete on DAG:tutorial_dag
[2025-12-13T10:16:18.585+0000] {logging_mixin.py:190} INFO - [2025-12-13T10:16:18.584+0000] {override.py:1911} INFO - Created Permission View: can read on DAG:tutorial_dag
[2025-12-13T10:16:18.596+0000] {logging_mixin.py:190} INFO - [2025-12-13T10:16:18.596+0000] {override.py:1911} INFO - Created Permission View: can create on DAG Run:tutorial_dag
[2025-12-13T10:16:18.611+0000] {logging_mixin.py:190} INFO - [2025-12-13T10:16:18.610+0000] {override.py:1911} INFO - Created Permission View: can delete on DAG Run:tutorial_dag
[2025-12-13T10:16:18.625+0000] {logging_mixin.py:190} INFO - [2025-12-13T10:16:18.624+0000] {override.py:1911} INFO - Created Permission View: menu access on DAG Run:tutorial_dag
[2025-12-13T10:16:18.637+0000] {logging_mixin.py:190} INFO - [2025-12-13T10:16:18.636+0000] {override.py:1911} INFO - Created Permission View: can read on DAG Run:tutorial_dag
[2025-12-13T10:16:18.638+0000] {logging_mixin.py:190} INFO - [2025-12-13T10:16:18.637+0000] {dag.py:3239} INFO - Sync 1 DAGs
[2025-12-13T10:16:18.664+0000] {logging_mixin.py:190} INFO - [2025-12-13T10:16:18.664+0000] {dag.py:3262} INFO - Creating ORM DAG for tutorial_dag
[2025-12-13T10:16:18.665+0000] {logging_mixin.py:190} INFO - [2025-12-13T10:16:18.665+0000] {dag.py:4180} INFO - Setting next_dagrun for tutorial_dag to None, run_after=None
[2025-12-13T10:16:18.716+0000] {processor.py:208} INFO - Processing /home/airflow/.local/lib/python3.12/site-packages/airflow/example_dags/tutorial_dag.py took 0.438 seconds
[2025-12-13T10:16:49.876+0000] {processor.py:186} INFO - Started process (PID=176) to work on /home/airflow/.local/lib/python3.12/site-packages/airflow/example_dags/tutorial_dag.py
[2025-12-13T10:16:49.878+0000] {processor.py:914} INFO - Processing file /home/airflow/.local/lib/python3.12/site-packages/airflow/example_dags/tutorial_dag.py for tasks to queue
[2025-12-13T10:16:49.882+0000] {logging_mixin.py:190} INFO - [2025-12-13T10:16:49.881+0000] {dagbag.py:588} INFO - Filling up the DagBag from /home/airflow/.local/lib/python3.12/site-packages/airflow/example_dags/tutorial_dag.py
[2025-12-13T10:16:49.899+0000] {processor.py:925} INFO - DAG(s) 'tutorial_dag' retrieved from /home/airflow/.local/lib/python3.12/site-packages/airflow/example_dags/tutorial_dag.py
[2025-12-13T10:16:49.933+0000] {logging_mixin.py:190} INFO - [2025-12-13T10:16:49.932+0000] {dag.py:3239} INFO - Sync 1 DAGs
[2025-12-13T10:16:49.958+0000] {logging_mixin.py:190} INFO - [2025-12-13T10:16:49.958+0000] {dag.py:4180} INFO - Setting next_dagrun for tutorial_dag to None, run_after=None
[2025-12-13T10:16:49.989+0000] {processor.py:208} INFO - Processing /home/airflow/.local/lib/python3.12/site-packages/airflow/example_dags/tutorial_dag.py took 0.126 seconds
[2025-12-13T10:17:21.527+0000] {processor.py:186} INFO - Started process (PID=238) to work on /home/airflow/.local/lib/python3.12/site-packages/airflow/example_dags/tutorial_dag.py
[2025-12-13T10:17:21.532+0000] {processor.py:914} INFO - Processing file /home/airflow/.local/lib/python3.12/site-packages/airflow/example_dags/tutorial_dag.py for tasks to queue
[2025-12-13T10:17:21.537+0000] {logging_mixin.py:190} INFO - [2025-12-13T10:17:21.536+0000] {dagbag.py:588} INFO - Filling up the DagBag from /home/airflow/.local/lib/python3.12/site-packages/airflow/example_dags/tutorial_dag.py
[2025-12-13T10:17:21.558+0000] {processor.py:925} INFO - DAG(s) 'tutorial_dag' retrieved from /home/airflow/.local/lib/python3.12/site-packages/airflow/example_dags/tutorial_dag.py
[2025-12-13T10:17:21.595+0000] {logging_mixin.py:190} INFO - [2025-12-13T10:17:21.595+0000] {dag.py:3239} INFO - Sync 1 DAGs
[2025-12-13T10:17:21.621+0000] {logging_mixin.py:190} INFO - [2025-12-13T10:17:21.621+0000] {dag.py:4180} INFO - Setting next_dagrun for tutorial_dag to None, run_after=None
[2025-12-13T10:17:21.658+0000] {processor.py:208} INFO - Processing /home/airflow/.local/lib/python3.12/site-packages/airflow/example_dags/tutorial_dag.py took 0.143 seconds
[2025-12-13T10:17:53.777+0000] {processor.py:186} INFO - Started process (PID=301) to work on /home/airflow/.local/lib/python3.12/site-packages/airflow/example_dags/tutorial_dag.py
[2025-12-13T10:17:53.778+0000] {processor.py:914} INFO - Processing file /home/airflow/.local/lib/python3.12/site-packages/airflow/example_dags/tutorial_dag.py for tasks to queue
[2025-12-13T10:17:53.783+0000] {logging_mixin.py:190} INFO - [2025-12-13T10:17:53.782+0000] {dagbag.py:588} INFO - Filling up the DagBag from /home/airflow/.local/lib/python3.12/site-packages/airflow/example_dags/tutorial_dag.py
[2025-12-13T10:17:53.795+0000] {processor.py:925} INFO - DAG(s) 'tutorial_dag' retrieved from /home/airflow/.local/lib/python3.12/site-packages/airflow/example_dags/tutorial_dag.py
[2025-12-13T10:17:53.823+0000] {logging_mixin.py:190} INFO - [2025-12-13T10:17:53.822+0000] {dag.py:3239} INFO - Sync 1 DAGs
[2025-12-13T10:17:53.852+0000] {logging_mixin.py:190} INFO - [2025-12-13T10:17:53.851+0000] {dag.py:4180} INFO - Setting next_dagrun for tutorial_dag to None, run_after=None
[2025-12-13T10:17:53.882+0000] {processor.py:208} INFO - Processing /home/airflow/.local/lib/python3.12/site-packages/airflow/example_dags/tutorial_dag.py took 0.117 seconds
[2025-12-13T10:18:25.823+0000] {processor.py:186} INFO - Started process (PID=364) to work on /home/airflow/.local/lib/python3.12/site-packages/airflow/example_dags/tutorial_dag.py
[2025-12-13T10:18:25.824+0000] {processor.py:914} INFO - Processing file /home/airflow/.local/lib/python3.12/site-packages/airflow/example_dags/tutorial_dag.py for tasks to queue
[2025-12-13T10:18:25.830+0000] {logging_mixin.py:190} INFO - [2025-12-13T10:18:25.829+0000] {dagbag.py:588} INFO - Filling up the DagBag from /home/airflow/.local/lib/python3.12/site-packages/airflow/example_dags/tutorial_dag.py
[2025-12-13T10:18:25.843+0000] {processor.py:925} INFO - DAG(s) 'tutorial_dag' retrieved from /home/airflow/.local/lib/python3.12/site-packages/airflow/example_dags/tutorial_dag.py
[2025-12-13T10:18:25.879+0000] {logging_mixin.py:190} INFO - [2025-12-13T10:18:25.879+0000] {dag.py:3239} INFO - Sync 1 DAGs
[2025-12-13T10:18:25.904+0000] {logging_mixin.py:190} INFO - [2025-12-13T10:18:25.903+0000] {dag.py:4180} INFO - Setting next_dagrun for tutorial_dag to None, run_after=None
[2025-12-13T10:18:25.931+0000] {processor.py:208} INFO - Processing /home/airflow/.local/lib/python3.12/site-packages/airflow/example_dags/tutorial_dag.py took 0.117 seconds
[2025-12-13T10:18:59.010+0000] {processor.py:186} INFO - Started process (PID=427) to work on /home/airflow/.local/lib/python3.12/site-packages/airflow/example_dags/tutorial_dag.py
[2025-12-13T10:18:59.011+0000] {processor.py:914} INFO - Processing file /home/airflow/.local/lib/python3.12/site-packages/airflow/example_dags/tutorial_dag.py for tasks to queue
[2025-12-13T10:18:59.015+0000] {logging_mixin.py:190} INFO - [2025-12-13T10:18:59.014+0000] {dagbag.py:588} INFO - Filling up the DagBag from /home/airflow/.local/lib/python3.12/site-packages/airflow/example_dags/tutorial_dag.py
[2025-12-13T10:18:59.029+0000] {processor.py:925} INFO - DAG(s) 'tutorial_dag' retrieved from /home/airflow/.local/lib/python3.12/site-packages/airflow/example_dags/tutorial_dag.py
[2025-12-13T10:18:59.071+0000] {logging_mixin.py:190} INFO - [2025-12-13T10:18:59.070+0000] {dag.py:3239} INFO - Sync 1 DAGs
[2025-12-13T10:18:59.103+0000] {logging_mixin.py:190} INFO - [2025-12-13T10:18:59.103+0000] {dag.py:4180} INFO - Setting next_dagrun for tutorial_dag to None, run_after=None
[2025-12-13T10:18:59.178+0000] {processor.py:208} INFO - Processing /home/airflow/.local/lib/python3.12/site-packages/airflow/example_dags/tutorial_dag.py took 0.181 seconds
[2025-12-13T10:19:30.642+0000] {processor.py:186} INFO - Started process (PID=490) to work on /home/airflow/.local/lib/python3.12/site-packages/airflow/example_dags/tutorial_dag.py
[2025-12-13T10:19:30.644+0000] {processor.py:914} INFO - Processing file /home/airflow/.local/lib/python3.12/site-packages/airflow/example_dags/tutorial_dag.py for tasks to queue
[2025-12-13T10:19:30.647+0000] {logging_mixin.py:190} INFO - [2025-12-13T10:19:30.647+0000] {dagbag.py:588} INFO - Filling up the DagBag from /home/airflow/.local/lib/python3.12/site-packages/airflow/example_dags/tutorial_dag.py
[2025-12-13T10:19:30.664+0000] {processor.py:925} INFO - DAG(s) 'tutorial_dag' retrieved from /home/airflow/.local/lib/python3.12/site-packages/airflow/example_dags/tutorial_dag.py
[2025-12-13T10:19:30.706+0000] {logging_mixin.py:190} INFO - [2025-12-13T10:19:30.705+0000] {dag.py:3239} INFO - Sync 1 DAGs
[2025-12-13T10:19:30.746+0000] {logging_mixin.py:190} INFO - [2025-12-13T10:19:30.746+0000] {dag.py:4180} INFO - Setting next_dagrun for tutorial_dag to None, run_after=None
[2025-12-13T10:19:30.804+0000] {processor.py:208} INFO - Processing /home/airflow/.local/lib/python3.12/site-packages/airflow/example_dags/tutorial_dag.py took 0.176 seconds
[2025-12-13T10:20:01.080+0000] {processor.py:186} INFO - Started process (PID=552) to work on /home/airflow/.local/lib/python3.12/site-packages/airflow/example_dags/tutorial_dag.py
[2025-12-13T10:20:01.082+0000] {processor.py:914} INFO - Processing file /home/airflow/.local/lib/python3.12/site-packages/airflow/example_dags/tutorial_dag.py for tasks to queue
[2025-12-13T10:20:01.089+0000] {logging_mixin.py:190} INFO - [2025-12-13T10:20:01.088+0000] {dagbag.py:588} INFO - Filling up the DagBag from /home/airflow/.local/lib/python3.12/site-packages/airflow/example_dags/tutorial_dag.py
[2025-12-13T10:20:01.102+0000] {processor.py:925} INFO - DAG(s) 'tutorial_dag' retrieved from /home/airflow/.local/lib/python3.12/site-packages/airflow/example_dags/tutorial_dag.py
[2025-12-13T10:20:01.135+0000] {logging_mixin.py:190} INFO - [2025-12-13T10:20:01.135+0000] {dag.py:3239} INFO - Sync 1 DAGs
[2025-12-13T10:20:01.161+0000] {logging_mixin.py:190} INFO - [2025-12-13T10:20:01.161+0000] {dag.py:4180} INFO - Setting next_dagrun for tutorial_dag to None, run_after=None
[2025-12-13T10:20:01.190+0000] {processor.py:208} INFO - Processing /home/airflow/.local/lib/python3.12/site-packages/airflow/example_dags/tutorial_dag.py took 0.124 seconds
[2025-12-13T10:20:31.529+0000] {processor.py:186} INFO - Started process (PID=614) to work on /home/airflow/.local/lib/python3.12/site-packages/airflow/example_dags/tutorial_dag.py
[2025-12-13T10:20:31.531+0000] {processor.py:914} INFO - Processing file /home/airflow/.local/lib/python3.12/site-packages/airflow/example_dags/tutorial_dag.py for tasks to queue
[2025-12-13T10:20:31.535+0000] {logging_mixin.py:190} INFO - [2025-12-13T10:20:31.534+0000] {dagbag.py:588} INFO - Filling up the DagBag from /home/airflow/.local/lib/python3.12/site-packages/airflow/example_dags/tutorial_dag.py
[2025-12-13T10:20:31.553+0000] {processor.py:925} INFO - DAG(s) 'tutorial_dag' retrieved from /home/airflow/.local/lib/python3.12/site-packages/airflow/example_dags/tutorial_dag.py
[2025-12-13T10:20:31.595+0000] {logging_mixin.py:190} INFO - [2025-12-13T10:20:31.595+0000] {dag.py:3239} INFO - Sync 1 DAGs
[2025-12-13T10:20:31.635+0000] {logging_mixin.py:190} INFO - [2025-12-13T10:20:31.634+0000] {dag.py:4180} INFO - Setting next_dagrun for tutorial_dag to None, run_after=None
[2025-12-13T10:20:31.679+0000] {processor.py:208} INFO - Processing /home/airflow/.local/lib/python3.12/site-packages/airflow/example_dags/tutorial_dag.py took 0.163 seconds
[2025-12-13T10:21:02.745+0000] {processor.py:186} INFO - Started process (PID=677) to work on /home/airflow/.local/lib/python3.12/site-packages/airflow/example_dags/tutorial_dag.py
[2025-12-13T10:21:02.746+0000] {processor.py:914} INFO - Processing file /home/airflow/.local/lib/python3.12/site-packages/airflow/example_dags/tutorial_dag.py for tasks to queue
[2025-12-13T10:21:02.749+0000] {logging_mixin.py:190} INFO - [2025-12-13T10:21:02.749+0000] {dagbag.py:588} INFO - Filling up the DagBag from /home/airflow/.local/lib/python3.12/site-packages/airflow/example_dags/tutorial_dag.py
[2025-12-13T10:21:02.762+0000] {processor.py:925} INFO - DAG(s) 'tutorial_dag' retrieved from /home/airflow/.local/lib/python3.12/site-packages/airflow/example_dags/tutorial_dag.py
[2025-12-13T10:21:02.794+0000] {logging_mixin.py:190} INFO - [2025-12-13T10:21:02.794+0000] {dag.py:3239} INFO - Sync 1 DAGs
[2025-12-13T10:21:02.821+0000] {logging_mixin.py:190} INFO - [2025-12-13T10:21:02.821+0000] {dag.py:4180} INFO - Setting next_dagrun for tutorial_dag to None, run_after=None
[2025-12-13T10:21:02.853+0000] {processor.py:208} INFO - Processing /home/airflow/.local/lib/python3.12/site-packages/airflow/example_dags/tutorial_dag.py took 0.126 seconds
[2025-12-13T10:21:33.658+0000] {processor.py:186} INFO - Started process (PID=740) to work on /home/airflow/.local/lib/python3.12/site-packages/airflow/example_dags/tutorial_dag.py
[2025-12-13T10:21:33.660+0000] {processor.py:914} INFO - Processing file /home/airflow/.local/lib/python3.12/site-packages/airflow/example_dags/tutorial_dag.py for tasks to queue
[2025-12-13T10:21:33.667+0000] {logging_mixin.py:190} INFO - [2025-12-13T10:21:33.667+0000] {dagbag.py:588} INFO - Filling up the DagBag from /home/airflow/.local/lib/python3.12/site-packages/airflow/example_dags/tutorial_dag.py
[2025-12-13T10:21:33.684+0000] {processor.py:925} INFO - DAG(s) 'tutorial_dag' retrieved from /home/airflow/.local/lib/python3.12/site-packages/airflow/example_dags/tutorial_dag.py
[2025-12-13T10:21:33.783+0000] {logging_mixin.py:190} INFO - [2025-12-13T10:21:33.783+0000] {dag.py:3239} INFO - Sync 1 DAGs
[2025-12-13T10:21:33.823+0000] {logging_mixin.py:190} INFO - [2025-12-13T10:21:33.822+0000] {dag.py:4180} INFO - Setting next_dagrun for tutorial_dag to None, run_after=None
[2025-12-13T10:21:33.888+0000] {processor.py:208} INFO - Processing /home/airflow/.local/lib/python3.12/site-packages/airflow/example_dags/tutorial_dag.py took 0.242 seconds
[2025-12-13T10:22:05.874+0000] {processor.py:186} INFO - Started process (PID=803) to work on /home/airflow/.local/lib/python3.12/site-packages/airflow/example_dags/tutorial_dag.py
[2025-12-13T10:22:05.877+0000] {processor.py:914} INFO - Processing file /home/airflow/.local/lib/python3.12/site-packages/airflow/example_dags/tutorial_dag.py for tasks to queue
[2025-12-13T10:22:05.881+0000] {logging_mixin.py:190} INFO - [2025-12-13T10:22:05.881+0000] {dagbag.py:588} INFO - Filling up the DagBag from /home/airflow/.local/lib/python3.12/site-packages/airflow/example_dags/tutorial_dag.py
[2025-12-13T10:22:05.905+0000] {processor.py:925} INFO - DAG(s) 'tutorial_dag' retrieved from /home/airflow/.local/lib/python3.12/site-packages/airflow/example_dags/tutorial_dag.py
[2025-12-13T10:22:05.963+0000] {logging_mixin.py:190} INFO - [2025-12-13T10:22:05.962+0000] {dag.py:3239} INFO - Sync 1 DAGs
[2025-12-13T10:22:05.993+0000] {logging_mixin.py:190} INFO - [2025-12-13T10:22:05.993+0000] {dag.py:4180} INFO - Setting next_dagrun for tutorial_dag to None, run_after=None
[2025-12-13T10:22:06.024+0000] {processor.py:208} INFO - Processing /home/airflow/.local/lib/python3.12/site-packages/airflow/example_dags/tutorial_dag.py took 0.163 seconds
[2025-12-13T10:22:38.226+0000] {processor.py:186} INFO - Started process (PID=866) to work on /home/airflow/.local/lib/python3.12/site-packages/airflow/example_dags/tutorial_dag.py
[2025-12-13T10:22:38.228+0000] {processor.py:914} INFO - Processing file /home/airflow/.local/lib/python3.12/site-packages/airflow/example_dags/tutorial_dag.py for tasks to queue
[2025-12-13T10:22:38.235+0000] {logging_mixin.py:190} INFO - [2025-12-13T10:22:38.234+0000] {dagbag.py:588} INFO - Filling up the DagBag from /home/airflow/.local/lib/python3.12/site-packages/airflow/example_dags/tutorial_dag.py
[2025-12-13T10:22:38.270+0000] {processor.py:925} INFO - DAG(s) 'tutorial_dag' retrieved from /home/airflow/.local/lib/python3.12/site-packages/airflow/example_dags/tutorial_dag.py
[2025-12-13T10:22:38.308+0000] {logging_mixin.py:190} INFO - [2025-12-13T10:22:38.307+0000] {dag.py:3239} INFO - Sync 1 DAGs
[2025-12-13T10:22:38.339+0000] {logging_mixin.py:190} INFO - [2025-12-13T10:22:38.339+0000] {dag.py:4180} INFO - Setting next_dagrun for tutorial_dag to None, run_after=None
[2025-12-13T10:22:38.390+0000] {processor.py:208} INFO - Processing /home/airflow/.local/lib/python3.12/site-packages/airflow/example_dags/tutorial_dag.py took 0.183 seconds
[2025-12-13T10:23:10.234+0000] {processor.py:186} INFO - Started process (PID=929) to work on /home/airflow/.local/lib/python3.12/site-packages/airflow/example_dags/tutorial_dag.py
[2025-12-13T10:23:10.235+0000] {processor.py:914} INFO - Processing file /home/airflow/.local/lib/python3.12/site-packages/airflow/example_dags/tutorial_dag.py for tasks to queue
[2025-12-13T10:23:10.240+0000] {logging_mixin.py:190} INFO - [2025-12-13T10:23:10.239+0000] {dagbag.py:588} INFO - Filling up the DagBag from /home/airflow/.local/lib/python3.12/site-packages/airflow/example_dags/tutorial_dag.py
[2025-12-13T10:23:10.255+0000] {processor.py:925} INFO - DAG(s) 'tutorial_dag' retrieved from /home/airflow/.local/lib/python3.12/site-packages/airflow/example_dags/tutorial_dag.py
[2025-12-13T10:23:10.292+0000] {logging_mixin.py:190} INFO - [2025-12-13T10:23:10.291+0000] {dag.py:3239} INFO - Sync 1 DAGs
[2025-12-13T10:23:10.321+0000] {logging_mixin.py:190} INFO - [2025-12-13T10:23:10.321+0000] {dag.py:4180} INFO - Setting next_dagrun for tutorial_dag to None, run_after=None
[2025-12-13T10:23:10.354+0000] {processor.py:208} INFO - Processing /home/airflow/.local/lib/python3.12/site-packages/airflow/example_dags/tutorial_dag.py took 0.132 seconds
[2025-12-13T10:23:41.645+0000] {processor.py:186} INFO - Started process (PID=993) to work on /home/airflow/.local/lib/python3.12/site-packages/airflow/example_dags/tutorial_dag.py
[2025-12-13T10:23:41.646+0000] {processor.py:914} INFO - Processing file /home/airflow/.local/lib/python3.12/site-packages/airflow/example_dags/tutorial_dag.py for tasks to queue
[2025-12-13T10:23:41.651+0000] {logging_mixin.py:190} INFO - [2025-12-13T10:23:41.650+0000] {dagbag.py:588} INFO - Filling up the DagBag from /home/airflow/.local/lib/python3.12/site-packages/airflow/example_dags/tutorial_dag.py
[2025-12-13T10:23:41.665+0000] {processor.py:925} INFO - DAG(s) 'tutorial_dag' retrieved from /home/airflow/.local/lib/python3.12/site-packages/airflow/example_dags/tutorial_dag.py
[2025-12-13T10:23:41.698+0000] {logging_mixin.py:190} INFO - [2025-12-13T10:23:41.697+0000] {dag.py:3239} INFO - Sync 1 DAGs
[2025-12-13T10:23:41.723+0000] {logging_mixin.py:190} INFO - [2025-12-13T10:23:41.723+0000] {dag.py:4180} INFO - Setting next_dagrun for tutorial_dag to None, run_after=None
[2025-12-13T10:23:41.750+0000] {processor.py:208} INFO - Processing /home/airflow/.local/lib/python3.12/site-packages/airflow/example_dags/tutorial_dag.py took 0.115 seconds
[2025-12-13T10:24:13.543+0000] {processor.py:186} INFO - Started process (PID=1056) to work on /home/airflow/.local/lib/python3.12/site-packages/airflow/example_dags/tutorial_dag.py
[2025-12-13T10:24:13.544+0000] {processor.py:914} INFO - Processing file /home/airflow/.local/lib/python3.12/site-packages/airflow/example_dags/tutorial_dag.py for tasks to queue
[2025-12-13T10:24:13.550+0000] {logging_mixin.py:190} INFO - [2025-12-13T10:24:13.549+0000] {dagbag.py:588} INFO - Filling up the DagBag from /home/airflow/.local/lib/python3.12/site-packages/airflow/example_dags/tutorial_dag.py
[2025-12-13T10:24:13.564+0000] {processor.py:925} INFO - DAG(s) 'tutorial_dag' retrieved from /home/airflow/.local/lib/python3.12/site-packages/airflow/example_dags/tutorial_dag.py
[2025-12-13T10:24:13.601+0000] {logging_mixin.py:190} INFO - [2025-12-13T10:24:13.600+0000] {dag.py:3239} INFO - Sync 1 DAGs
[2025-12-13T10:24:13.631+0000] {logging_mixin.py:190} INFO - [2025-12-13T10:24:13.631+0000] {dag.py:4180} INFO - Setting next_dagrun for tutorial_dag to None, run_after=None
[2025-12-13T10:24:13.665+0000] {processor.py:208} INFO - Processing /home/airflow/.local/lib/python3.12/site-packages/airflow/example_dags/tutorial_dag.py took 0.135 seconds
[2025-12-13T10:24:45.228+0000] {processor.py:186} INFO - Started process (PID=1124) to work on /home/airflow/.local/lib/python3.12/site-packages/airflow/example_dags/tutorial_dag.py
[2025-12-13T10:24:45.230+0000] {processor.py:914} INFO - Processing file /home/airflow/.local/lib/python3.12/site-packages/airflow/example_dags/tutorial_dag.py for tasks to queue
[2025-12-13T10:24:45.234+0000] {logging_mixin.py:190} INFO - [2025-12-13T10:24:45.233+0000] {dagbag.py:588} INFO - Filling up the DagBag from /home/airflow/.local/lib/python3.12/site-packages/airflow/example_dags/tutorial_dag.py
[2025-12-13T10:24:45.248+0000] {processor.py:925} INFO - DAG(s) 'tutorial_dag' retrieved from /home/airflow/.local/lib/python3.12/site-packages/airflow/example_dags/tutorial_dag.py
[2025-12-13T10:24:45.279+0000] {logging_mixin.py:190} INFO - [2025-12-13T10:24:45.279+0000] {dag.py:3239} INFO - Sync 1 DAGs
[2025-12-13T10:24:45.300+0000] {logging_mixin.py:190} INFO - [2025-12-13T10:24:45.300+0000] {dag.py:4180} INFO - Setting next_dagrun for tutorial_dag to None, run_after=None
[2025-12-13T10:24:45.325+0000] {processor.py:208} INFO - Processing /home/airflow/.local/lib/python3.12/site-packages/airflow/example_dags/tutorial_dag.py took 0.111 seconds
[2025-12-13T10:25:17.181+0000] {processor.py:186} INFO - Started process (PID=1192) to work on /home/airflow/.local/lib/python3.12/site-packages/airflow/example_dags/tutorial_dag.py
[2025-12-13T10:25:17.181+0000] {processor.py:914} INFO - Processing file /home/airflow/.local/lib/python3.12/site-packages/airflow/example_dags/tutorial_dag.py for tasks to queue
[2025-12-13T10:25:17.184+0000] {logging_mixin.py:190} INFO - [2025-12-13T10:25:17.184+0000] {dagbag.py:588} INFO - Filling up the DagBag from /home/airflow/.local/lib/python3.12/site-packages/airflow/example_dags/tutorial_dag.py
[2025-12-13T10:25:17.198+0000] {processor.py:925} INFO - DAG(s) 'tutorial_dag' retrieved from /home/airflow/.local/lib/python3.12/site-packages/airflow/example_dags/tutorial_dag.py
[2025-12-13T10:25:17.232+0000] {logging_mixin.py:190} INFO - [2025-12-13T10:25:17.231+0000] {dag.py:3239} INFO - Sync 1 DAGs
[2025-12-13T10:25:17.254+0000] {logging_mixin.py:190} INFO - [2025-12-13T10:25:17.254+0000] {dag.py:4180} INFO - Setting next_dagrun for tutorial_dag to None, run_after=None
[2025-12-13T10:25:17.278+0000] {processor.py:208} INFO - Processing /home/airflow/.local/lib/python3.12/site-packages/airflow/example_dags/tutorial_dag.py took 0.106 seconds
[2025-12-13T10:25:48.091+0000] {processor.py:186} INFO - Started process (PID=1254) to work on /home/airflow/.local/lib/python3.12/site-packages/airflow/example_dags/tutorial_dag.py
[2025-12-13T10:25:48.092+0000] {processor.py:914} INFO - Processing file /home/airflow/.local/lib/python3.12/site-packages/airflow/example_dags/tutorial_dag.py for tasks to queue
[2025-12-13T10:25:48.096+0000] {logging_mixin.py:190} INFO - [2025-12-13T10:25:48.095+0000] {dagbag.py:588} INFO - Filling up the DagBag from /home/airflow/.local/lib/python3.12/site-packages/airflow/example_dags/tutorial_dag.py
[2025-12-13T10:25:48.110+0000] {processor.py:925} INFO - DAG(s) 'tutorial_dag' retrieved from /home/airflow/.local/lib/python3.12/site-packages/airflow/example_dags/tutorial_dag.py
[2025-12-13T10:25:48.154+0000] {logging_mixin.py:190} INFO - [2025-12-13T10:25:48.153+0000] {dag.py:3239} INFO - Sync 1 DAGs
[2025-12-13T10:25:48.189+0000] {logging_mixin.py:190} INFO - [2025-12-13T10:25:48.189+0000] {dag.py:4180} INFO - Setting next_dagrun for tutorial_dag to None, run_after=None
[2025-12-13T10:25:48.230+0000] {processor.py:208} INFO - Processing /home/airflow/.local/lib/python3.12/site-packages/airflow/example_dags/tutorial_dag.py took 0.152 seconds
[2025-12-13T10:26:18.651+0000] {processor.py:186} INFO - Started process (PID=1316) to work on /home/airflow/.local/lib/python3.12/site-packages/airflow/example_dags/tutorial_dag.py
[2025-12-13T10:26:18.661+0000] {processor.py:914} INFO - Processing file /home/airflow/.local/lib/python3.12/site-packages/airflow/example_dags/tutorial_dag.py for tasks to queue
[2025-12-13T10:26:18.675+0000] {logging_mixin.py:190} INFO - [2025-12-13T10:26:18.674+0000] {dagbag.py:588} INFO - Filling up the DagBag from /home/airflow/.local/lib/python3.12/site-packages/airflow/example_dags/tutorial_dag.py
[2025-12-13T10:26:18.728+0000] {processor.py:925} INFO - DAG(s) 'tutorial_dag' retrieved from /home/airflow/.local/lib/python3.12/site-packages/airflow/example_dags/tutorial_dag.py
[2025-12-13T10:26:18.791+0000] {logging_mixin.py:190} INFO - [2025-12-13T10:26:18.791+0000] {dag.py:3239} INFO - Sync 1 DAGs
[2025-12-13T10:26:18.824+0000] {logging_mixin.py:190} INFO - [2025-12-13T10:26:18.824+0000] {dag.py:4180} INFO - Setting next_dagrun for tutorial_dag to None, run_after=None
[2025-12-13T10:26:18.887+0000] {processor.py:208} INFO - Processing /home/airflow/.local/lib/python3.12/site-packages/airflow/example_dags/tutorial_dag.py took 0.280 seconds
[2025-12-13T10:26:49.849+0000] {processor.py:186} INFO - Started process (PID=1379) to work on /home/airflow/.local/lib/python3.12/site-packages/airflow/example_dags/tutorial_dag.py
[2025-12-13T10:26:49.851+0000] {processor.py:914} INFO - Processing file /home/airflow/.local/lib/python3.12/site-packages/airflow/example_dags/tutorial_dag.py for tasks to queue
[2025-12-13T10:26:49.857+0000] {logging_mixin.py:190} INFO - [2025-12-13T10:26:49.856+0000] {dagbag.py:588} INFO - Filling up the DagBag from /home/airflow/.local/lib/python3.12/site-packages/airflow/example_dags/tutorial_dag.py
[2025-12-13T10:26:49.873+0000] {processor.py:925} INFO - DAG(s) 'tutorial_dag' retrieved from /home/airflow/.local/lib/python3.12/site-packages/airflow/example_dags/tutorial_dag.py
[2025-12-13T10:26:49.918+0000] {logging_mixin.py:190} INFO - [2025-12-13T10:26:49.917+0000] {dag.py:3239} INFO - Sync 1 DAGs
[2025-12-13T10:26:49.947+0000] {logging_mixin.py:190} INFO - [2025-12-13T10:26:49.947+0000] {dag.py:4180} INFO - Setting next_dagrun for tutorial_dag to None, run_after=None
[2025-12-13T10:26:49.981+0000] {processor.py:208} INFO - Processing /home/airflow/.local/lib/python3.12/site-packages/airflow/example_dags/tutorial_dag.py took 0.142 seconds
[2025-12-13T10:27:20.131+0000] {processor.py:186} INFO - Started process (PID=1442) to work on /home/airflow/.local/lib/python3.12/site-packages/airflow/example_dags/tutorial_dag.py
[2025-12-13T10:27:20.132+0000] {processor.py:914} INFO - Processing file /home/airflow/.local/lib/python3.12/site-packages/airflow/example_dags/tutorial_dag.py for tasks to queue
[2025-12-13T10:27:20.135+0000] {logging_mixin.py:190} INFO - [2025-12-13T10:27:20.135+0000] {dagbag.py:588} INFO - Filling up the DagBag from /home/airflow/.local/lib/python3.12/site-packages/airflow/example_dags/tutorial_dag.py
[2025-12-13T10:27:20.150+0000] {processor.py:925} INFO - DAG(s) 'tutorial_dag' retrieved from /home/airflow/.local/lib/python3.12/site-packages/airflow/example_dags/tutorial_dag.py
[2025-12-13T10:27:20.185+0000] {logging_mixin.py:190} INFO - [2025-12-13T10:27:20.185+0000] {dag.py:3239} INFO - Sync 1 DAGs
[2025-12-13T10:27:20.215+0000] {logging_mixin.py:190} INFO - [2025-12-13T10:27:20.215+0000] {dag.py:4180} INFO - Setting next_dagrun for tutorial_dag to None, run_after=None
[2025-12-13T10:27:20.258+0000] {processor.py:208} INFO - Processing /home/airflow/.local/lib/python3.12/site-packages/airflow/example_dags/tutorial_dag.py took 0.136 seconds
[2025-12-13T10:27:50.802+0000] {processor.py:186} INFO - Started process (PID=1504) to work on /home/airflow/.local/lib/python3.12/site-packages/airflow/example_dags/tutorial_dag.py
[2025-12-13T10:27:50.804+0000] {processor.py:914} INFO - Processing file /home/airflow/.local/lib/python3.12/site-packages/airflow/example_dags/tutorial_dag.py for tasks to queue
[2025-12-13T10:27:50.807+0000] {logging_mixin.py:190} INFO - [2025-12-13T10:27:50.806+0000] {dagbag.py:588} INFO - Filling up the DagBag from /home/airflow/.local/lib/python3.12/site-packages/airflow/example_dags/tutorial_dag.py
[2025-12-13T10:27:50.820+0000] {processor.py:925} INFO - DAG(s) 'tutorial_dag' retrieved from /home/airflow/.local/lib/python3.12/site-packages/airflow/example_dags/tutorial_dag.py
[2025-12-13T10:27:50.853+0000] {logging_mixin.py:190} INFO - [2025-12-13T10:27:50.853+0000] {dag.py:3239} INFO - Sync 1 DAGs
[2025-12-13T10:27:50.878+0000] {logging_mixin.py:190} INFO - [2025-12-13T10:27:50.878+0000] {dag.py:4180} INFO - Setting next_dagrun for tutorial_dag to None, run_after=None
[2025-12-13T10:27:50.906+0000] {processor.py:208} INFO - Processing /home/airflow/.local/lib/python3.12/site-packages/airflow/example_dags/tutorial_dag.py took 0.119 seconds
[2025-12-13T10:28:22.693+0000] {processor.py:186} INFO - Started process (PID=1572) to work on /home/airflow/.local/lib/python3.12/site-packages/airflow/example_dags/tutorial_dag.py
[2025-12-13T10:28:22.698+0000] {processor.py:914} INFO - Processing file /home/airflow/.local/lib/python3.12/site-packages/airflow/example_dags/tutorial_dag.py for tasks to queue
[2025-12-13T10:28:22.720+0000] {logging_mixin.py:190} INFO - [2025-12-13T10:28:22.719+0000] {dagbag.py:588} INFO - Filling up the DagBag from /home/airflow/.local/lib/python3.12/site-packages/airflow/example_dags/tutorial_dag.py
[2025-12-13T10:28:22.779+0000] {processor.py:925} INFO - DAG(s) 'tutorial_dag' retrieved from /home/airflow/.local/lib/python3.12/site-packages/airflow/example_dags/tutorial_dag.py
[2025-12-13T10:28:22.891+0000] {logging_mixin.py:190} INFO - [2025-12-13T10:28:22.890+0000] {dag.py:3239} INFO - Sync 1 DAGs
[2025-12-13T10:28:22.968+0000] {logging_mixin.py:190} INFO - [2025-12-13T10:28:22.963+0000] {dag.py:4180} INFO - Setting next_dagrun for tutorial_dag to None, run_after=None
[2025-12-13T10:28:23.128+0000] {processor.py:208} INFO - Processing /home/airflow/.local/lib/python3.12/site-packages/airflow/example_dags/tutorial_dag.py took 0.490 seconds
[2025-12-13T10:28:53.445+0000] {processor.py:186} INFO - Started process (PID=1635) to work on /home/airflow/.local/lib/python3.12/site-packages/airflow/example_dags/tutorial_dag.py
[2025-12-13T10:28:53.447+0000] {processor.py:914} INFO - Processing file /home/airflow/.local/lib/python3.12/site-packages/airflow/example_dags/tutorial_dag.py for tasks to queue
[2025-12-13T10:28:53.456+0000] {logging_mixin.py:190} INFO - [2025-12-13T10:28:53.454+0000] {dagbag.py:588} INFO - Filling up the DagBag from /home/airflow/.local/lib/python3.12/site-packages/airflow/example_dags/tutorial_dag.py
[2025-12-13T10:28:53.480+0000] {processor.py:925} INFO - DAG(s) 'tutorial_dag' retrieved from /home/airflow/.local/lib/python3.12/site-packages/airflow/example_dags/tutorial_dag.py
[2025-12-13T10:28:53.531+0000] {logging_mixin.py:190} INFO - [2025-12-13T10:28:53.530+0000] {dag.py:3239} INFO - Sync 1 DAGs
[2025-12-13T10:28:53.571+0000] {logging_mixin.py:190} INFO - [2025-12-13T10:28:53.570+0000] {dag.py:4180} INFO - Setting next_dagrun for tutorial_dag to None, run_after=None
[2025-12-13T10:28:53.632+0000] {processor.py:208} INFO - Processing /home/airflow/.local/lib/python3.12/site-packages/airflow/example_dags/tutorial_dag.py took 0.205 seconds
[2025-12-13T10:29:24.362+0000] {processor.py:186} INFO - Started process (PID=1697) to work on /home/airflow/.local/lib/python3.12/site-packages/airflow/example_dags/tutorial_dag.py
[2025-12-13T10:29:24.365+0000] {processor.py:914} INFO - Processing file /home/airflow/.local/lib/python3.12/site-packages/airflow/example_dags/tutorial_dag.py for tasks to queue
[2025-12-13T10:29:24.371+0000] {logging_mixin.py:190} INFO - [2025-12-13T10:29:24.371+0000] {dagbag.py:588} INFO - Filling up the DagBag from /home/airflow/.local/lib/python3.12/site-packages/airflow/example_dags/tutorial_dag.py
[2025-12-13T10:29:24.395+0000] {processor.py:925} INFO - DAG(s) 'tutorial_dag' retrieved from /home/airflow/.local/lib/python3.12/site-packages/airflow/example_dags/tutorial_dag.py
[2025-12-13T10:29:24.456+0000] {logging_mixin.py:190} INFO - [2025-12-13T10:29:24.456+0000] {dag.py:3239} INFO - Sync 1 DAGs
[2025-12-13T10:29:24.510+0000] {logging_mixin.py:190} INFO - [2025-12-13T10:29:24.510+0000] {dag.py:4180} INFO - Setting next_dagrun for tutorial_dag to None, run_after=None
[2025-12-13T10:29:24.572+0000] {processor.py:208} INFO - Processing /home/airflow/.local/lib/python3.12/site-packages/airflow/example_dags/tutorial_dag.py took 0.236 seconds
[2025-12-13T10:29:54.864+0000] {processor.py:186} INFO - Started process (PID=1760) to work on /home/airflow/.local/lib/python3.12/site-packages/airflow/example_dags/tutorial_dag.py
[2025-12-13T10:29:54.865+0000] {processor.py:914} INFO - Processing file /home/airflow/.local/lib/python3.12/site-packages/airflow/example_dags/tutorial_dag.py for tasks to queue
[2025-12-13T10:29:54.868+0000] {logging_mixin.py:190} INFO - [2025-12-13T10:29:54.868+0000] {dagbag.py:588} INFO - Filling up the DagBag from /home/airflow/.local/lib/python3.12/site-packages/airflow/example_dags/tutorial_dag.py
[2025-12-13T10:29:54.883+0000] {processor.py:925} INFO - DAG(s) 'tutorial_dag' retrieved from /home/airflow/.local/lib/python3.12/site-packages/airflow/example_dags/tutorial_dag.py
[2025-12-13T10:29:54.913+0000] {logging_mixin.py:190} INFO - [2025-12-13T10:29:54.913+0000] {dag.py:3239} INFO - Sync 1 DAGs
[2025-12-13T10:29:54.937+0000] {logging_mixin.py:190} INFO - [2025-12-13T10:29:54.937+0000] {dag.py:4180} INFO - Setting next_dagrun for tutorial_dag to None, run_after=None
[2025-12-13T10:29:54.966+0000] {processor.py:208} INFO - Processing /home/airflow/.local/lib/python3.12/site-packages/airflow/example_dags/tutorial_dag.py took 0.114 seconds
[2025-12-13T10:30:25.468+0000] {processor.py:186} INFO - Started process (PID=1823) to work on /home/airflow/.local/lib/python3.12/site-packages/airflow/example_dags/tutorial_dag.py
[2025-12-13T10:30:25.469+0000] {processor.py:914} INFO - Processing file /home/airflow/.local/lib/python3.12/site-packages/airflow/example_dags/tutorial_dag.py for tasks to queue
[2025-12-13T10:30:25.473+0000] {logging_mixin.py:190} INFO - [2025-12-13T10:30:25.472+0000] {dagbag.py:588} INFO - Filling up the DagBag from /home/airflow/.local/lib/python3.12/site-packages/airflow/example_dags/tutorial_dag.py
[2025-12-13T10:30:25.485+0000] {processor.py:925} INFO - DAG(s) 'tutorial_dag' retrieved from /home/airflow/.local/lib/python3.12/site-packages/airflow/example_dags/tutorial_dag.py
[2025-12-13T10:30:25.520+0000] {logging_mixin.py:190} INFO - [2025-12-13T10:30:25.519+0000] {dag.py:3239} INFO - Sync 1 DAGs
[2025-12-13T10:30:25.546+0000] {logging_mixin.py:190} INFO - [2025-12-13T10:30:25.546+0000] {dag.py:4180} INFO - Setting next_dagrun for tutorial_dag to None, run_after=None
[2025-12-13T10:30:25.577+0000] {processor.py:208} INFO - Processing /home/airflow/.local/lib/python3.12/site-packages/airflow/example_dags/tutorial_dag.py took 0.120 seconds
[2025-12-13T10:30:57.222+0000] {processor.py:186} INFO - Started process (PID=1886) to work on /home/airflow/.local/lib/python3.12/site-packages/airflow/example_dags/tutorial_dag.py
[2025-12-13T10:30:57.223+0000] {processor.py:914} INFO - Processing file /home/airflow/.local/lib/python3.12/site-packages/airflow/example_dags/tutorial_dag.py for tasks to queue
[2025-12-13T10:30:57.229+0000] {logging_mixin.py:190} INFO - [2025-12-13T10:30:57.229+0000] {dagbag.py:588} INFO - Filling up the DagBag from /home/airflow/.local/lib/python3.12/site-packages/airflow/example_dags/tutorial_dag.py
[2025-12-13T10:30:57.245+0000] {processor.py:925} INFO - DAG(s) 'tutorial_dag' retrieved from /home/airflow/.local/lib/python3.12/site-packages/airflow/example_dags/tutorial_dag.py
[2025-12-13T10:30:57.291+0000] {logging_mixin.py:190} INFO - [2025-12-13T10:30:57.291+0000] {dag.py:3239} INFO - Sync 1 DAGs
[2025-12-13T10:30:57.326+0000] {logging_mixin.py:190} INFO - [2025-12-13T10:30:57.325+0000] {dag.py:4180} INFO - Setting next_dagrun for tutorial_dag to None, run_after=None
[2025-12-13T10:30:57.371+0000] {processor.py:208} INFO - Processing /home/airflow/.local/lib/python3.12/site-packages/airflow/example_dags/tutorial_dag.py took 0.165 seconds
[2025-12-13T10:31:28.225+0000] {processor.py:186} INFO - Started process (PID=1948) to work on /home/airflow/.local/lib/python3.12/site-packages/airflow/example_dags/tutorial_dag.py
[2025-12-13T10:31:28.228+0000] {processor.py:914} INFO - Processing file /home/airflow/.local/lib/python3.12/site-packages/airflow/example_dags/tutorial_dag.py for tasks to queue
[2025-12-13T10:31:28.232+0000] {logging_mixin.py:190} INFO - [2025-12-13T10:31:28.232+0000] {dagbag.py:588} INFO - Filling up the DagBag from /home/airflow/.local/lib/python3.12/site-packages/airflow/example_dags/tutorial_dag.py
[2025-12-13T10:31:28.248+0000] {processor.py:925} INFO - DAG(s) 'tutorial_dag' retrieved from /home/airflow/.local/lib/python3.12/site-packages/airflow/example_dags/tutorial_dag.py
[2025-12-13T10:31:28.302+0000] {logging_mixin.py:190} INFO - [2025-12-13T10:31:28.302+0000] {dag.py:3239} INFO - Sync 1 DAGs
[2025-12-13T10:31:28.342+0000] {logging_mixin.py:190} INFO - [2025-12-13T10:31:28.342+0000] {dag.py:4180} INFO - Setting next_dagrun for tutorial_dag to None, run_after=None
[2025-12-13T10:31:28.385+0000] {processor.py:208} INFO - Processing /home/airflow/.local/lib/python3.12/site-packages/airflow/example_dags/tutorial_dag.py took 0.173 seconds
[2025-12-13T10:32:00.865+0000] {processor.py:186} INFO - Started process (PID=2016) to work on /home/airflow/.local/lib/python3.12/site-packages/airflow/example_dags/tutorial_dag.py
[2025-12-13T10:32:00.870+0000] {processor.py:914} INFO - Processing file /home/airflow/.local/lib/python3.12/site-packages/airflow/example_dags/tutorial_dag.py for tasks to queue
[2025-12-13T10:32:00.874+0000] {logging_mixin.py:190} INFO - [2025-12-13T10:32:00.874+0000] {dagbag.py:588} INFO - Filling up the DagBag from /home/airflow/.local/lib/python3.12/site-packages/airflow/example_dags/tutorial_dag.py
[2025-12-13T10:32:00.891+0000] {processor.py:925} INFO - DAG(s) 'tutorial_dag' retrieved from /home/airflow/.local/lib/python3.12/site-packages/airflow/example_dags/tutorial_dag.py
[2025-12-13T10:32:00.939+0000] {logging_mixin.py:190} INFO - [2025-12-13T10:32:00.939+0000] {dag.py:3239} INFO - Sync 1 DAGs
[2025-12-13T10:32:00.973+0000] {logging_mixin.py:190} INFO - [2025-12-13T10:32:00.972+0000] {dag.py:4180} INFO - Setting next_dagrun for tutorial_dag to None, run_after=None
[2025-12-13T10:32:01.011+0000] {processor.py:208} INFO - Processing /home/airflow/.local/lib/python3.12/site-packages/airflow/example_dags/tutorial_dag.py took 0.160 seconds
[2025-12-13T10:32:32.325+0000] {processor.py:186} INFO - Started process (PID=2079) to work on /home/airflow/.local/lib/python3.12/site-packages/airflow/example_dags/tutorial_dag.py
[2025-12-13T10:32:32.327+0000] {processor.py:914} INFO - Processing file /home/airflow/.local/lib/python3.12/site-packages/airflow/example_dags/tutorial_dag.py for tasks to queue
[2025-12-13T10:32:32.338+0000] {logging_mixin.py:190} INFO - [2025-12-13T10:32:32.336+0000] {dagbag.py:588} INFO - Filling up the DagBag from /home/airflow/.local/lib/python3.12/site-packages/airflow/example_dags/tutorial_dag.py
[2025-12-13T10:32:32.357+0000] {processor.py:925} INFO - DAG(s) 'tutorial_dag' retrieved from /home/airflow/.local/lib/python3.12/site-packages/airflow/example_dags/tutorial_dag.py
[2025-12-13T10:32:32.398+0000] {logging_mixin.py:190} INFO - [2025-12-13T10:32:32.398+0000] {dag.py:3239} INFO - Sync 1 DAGs
[2025-12-13T10:32:32.436+0000] {logging_mixin.py:190} INFO - [2025-12-13T10:32:32.436+0000] {dag.py:4180} INFO - Setting next_dagrun for tutorial_dag to None, run_after=None
[2025-12-13T10:32:32.475+0000] {processor.py:208} INFO - Processing /home/airflow/.local/lib/python3.12/site-packages/airflow/example_dags/tutorial_dag.py took 0.167 seconds
[2025-12-13T10:33:04.898+0000] {processor.py:186} INFO - Started process (PID=2143) to work on /home/airflow/.local/lib/python3.12/site-packages/airflow/example_dags/tutorial_dag.py
[2025-12-13T10:33:04.900+0000] {processor.py:914} INFO - Processing file /home/airflow/.local/lib/python3.12/site-packages/airflow/example_dags/tutorial_dag.py for tasks to queue
[2025-12-13T10:33:04.904+0000] {logging_mixin.py:190} INFO - [2025-12-13T10:33:04.903+0000] {dagbag.py:588} INFO - Filling up the DagBag from /home/airflow/.local/lib/python3.12/site-packages/airflow/example_dags/tutorial_dag.py
[2025-12-13T10:33:04.918+0000] {processor.py:925} INFO - DAG(s) 'tutorial_dag' retrieved from /home/airflow/.local/lib/python3.12/site-packages/airflow/example_dags/tutorial_dag.py
[2025-12-13T10:33:04.955+0000] {logging_mixin.py:190} INFO - [2025-12-13T10:33:04.954+0000] {dag.py:3239} INFO - Sync 1 DAGs
[2025-12-13T10:33:04.985+0000] {logging_mixin.py:190} INFO - [2025-12-13T10:33:04.985+0000] {dag.py:4180} INFO - Setting next_dagrun for tutorial_dag to None, run_after=None
[2025-12-13T10:33:05.019+0000] {processor.py:208} INFO - Processing /home/airflow/.local/lib/python3.12/site-packages/airflow/example_dags/tutorial_dag.py took 0.133 seconds
[2025-12-13T10:33:35.598+0000] {processor.py:186} INFO - Started process (PID=2206) to work on /home/airflow/.local/lib/python3.12/site-packages/airflow/example_dags/tutorial_dag.py
[2025-12-13T10:33:35.599+0000] {processor.py:914} INFO - Processing file /home/airflow/.local/lib/python3.12/site-packages/airflow/example_dags/tutorial_dag.py for tasks to queue
[2025-12-13T10:33:35.603+0000] {logging_mixin.py:190} INFO - [2025-12-13T10:33:35.602+0000] {dagbag.py:588} INFO - Filling up the DagBag from /home/airflow/.local/lib/python3.12/site-packages/airflow/example_dags/tutorial_dag.py
[2025-12-13T10:33:35.614+0000] {processor.py:925} INFO - DAG(s) 'tutorial_dag' retrieved from /home/airflow/.local/lib/python3.12/site-packages/airflow/example_dags/tutorial_dag.py
[2025-12-13T10:33:35.648+0000] {logging_mixin.py:190} INFO - [2025-12-13T10:33:35.648+0000] {dag.py:3239} INFO - Sync 1 DAGs
[2025-12-13T10:33:35.672+0000] {logging_mixin.py:190} INFO - [2025-12-13T10:33:35.672+0000] {dag.py:4180} INFO - Setting next_dagrun for tutorial_dag to None, run_after=None
[2025-12-13T10:33:35.707+0000] {processor.py:208} INFO - Processing /home/airflow/.local/lib/python3.12/site-packages/airflow/example_dags/tutorial_dag.py took 0.121 seconds
[2025-12-13T10:34:06.731+0000] {processor.py:186} INFO - Started process (PID=2268) to work on /home/airflow/.local/lib/python3.12/site-packages/airflow/example_dags/tutorial_dag.py
[2025-12-13T10:34:06.732+0000] {processor.py:914} INFO - Processing file /home/airflow/.local/lib/python3.12/site-packages/airflow/example_dags/tutorial_dag.py for tasks to queue
[2025-12-13T10:34:06.736+0000] {logging_mixin.py:190} INFO - [2025-12-13T10:34:06.736+0000] {dagbag.py:588} INFO - Filling up the DagBag from /home/airflow/.local/lib/python3.12/site-packages/airflow/example_dags/tutorial_dag.py
[2025-12-13T10:34:06.752+0000] {processor.py:925} INFO - DAG(s) 'tutorial_dag' retrieved from /home/airflow/.local/lib/python3.12/site-packages/airflow/example_dags/tutorial_dag.py
[2025-12-13T10:34:06.790+0000] {logging_mixin.py:190} INFO - [2025-12-13T10:34:06.789+0000] {dag.py:3239} INFO - Sync 1 DAGs
[2025-12-13T10:34:06.822+0000] {logging_mixin.py:190} INFO - [2025-12-13T10:34:06.821+0000] {dag.py:4180} INFO - Setting next_dagrun for tutorial_dag to None, run_after=None
[2025-12-13T10:34:06.855+0000] {processor.py:208} INFO - Processing /home/airflow/.local/lib/python3.12/site-packages/airflow/example_dags/tutorial_dag.py took 0.136 seconds
[2025-12-13T10:34:37.379+0000] {processor.py:186} INFO - Started process (PID=2330) to work on /home/airflow/.local/lib/python3.12/site-packages/airflow/example_dags/tutorial_dag.py
[2025-12-13T10:34:37.381+0000] {processor.py:914} INFO - Processing file /home/airflow/.local/lib/python3.12/site-packages/airflow/example_dags/tutorial_dag.py for tasks to queue
[2025-12-13T10:34:37.395+0000] {logging_mixin.py:190} INFO - [2025-12-13T10:34:37.394+0000] {dagbag.py:588} INFO - Filling up the DagBag from /home/airflow/.local/lib/python3.12/site-packages/airflow/example_dags/tutorial_dag.py
[2025-12-13T10:34:37.428+0000] {processor.py:925} INFO - DAG(s) 'tutorial_dag' retrieved from /home/airflow/.local/lib/python3.12/site-packages/airflow/example_dags/tutorial_dag.py
[2025-12-13T10:34:37.485+0000] {logging_mixin.py:190} INFO - [2025-12-13T10:34:37.485+0000] {dag.py:3239} INFO - Sync 1 DAGs
[2025-12-13T10:34:37.526+0000] {logging_mixin.py:190} INFO - [2025-12-13T10:34:37.525+0000] {dag.py:4180} INFO - Setting next_dagrun for tutorial_dag to None, run_after=None
[2025-12-13T10:34:37.570+0000] {processor.py:208} INFO - Processing /home/airflow/.local/lib/python3.12/site-packages/airflow/example_dags/tutorial_dag.py took 0.226 seconds
[2025-12-13T10:35:07.961+0000] {processor.py:186} INFO - Started process (PID=2394) to work on /home/airflow/.local/lib/python3.12/site-packages/airflow/example_dags/tutorial_dag.py
[2025-12-13T10:35:07.963+0000] {processor.py:914} INFO - Processing file /home/airflow/.local/lib/python3.12/site-packages/airflow/example_dags/tutorial_dag.py for tasks to queue
[2025-12-13T10:35:07.967+0000] {logging_mixin.py:190} INFO - [2025-12-13T10:35:07.966+0000] {dagbag.py:588} INFO - Filling up the DagBag from /home/airflow/.local/lib/python3.12/site-packages/airflow/example_dags/tutorial_dag.py
[2025-12-13T10:35:07.983+0000] {processor.py:925} INFO - DAG(s) 'tutorial_dag' retrieved from /home/airflow/.local/lib/python3.12/site-packages/airflow/example_dags/tutorial_dag.py
[2025-12-13T10:35:08.020+0000] {logging_mixin.py:190} INFO - [2025-12-13T10:35:08.019+0000] {dag.py:3239} INFO - Sync 1 DAGs
[2025-12-13T10:35:08.055+0000] {logging_mixin.py:190} INFO - [2025-12-13T10:35:08.054+0000] {dag.py:4180} INFO - Setting next_dagrun for tutorial_dag to None, run_after=None
[2025-12-13T10:35:08.090+0000] {processor.py:208} INFO - Processing /home/airflow/.local/lib/python3.12/site-packages/airflow/example_dags/tutorial_dag.py took 0.142 seconds
[2025-12-13T10:35:38.722+0000] {processor.py:186} INFO - Started process (PID=2458) to work on /home/airflow/.local/lib/python3.12/site-packages/airflow/example_dags/tutorial_dag.py
[2025-12-13T10:35:38.724+0000] {processor.py:914} INFO - Processing file /home/airflow/.local/lib/python3.12/site-packages/airflow/example_dags/tutorial_dag.py for tasks to queue
[2025-12-13T10:35:38.731+0000] {logging_mixin.py:190} INFO - [2025-12-13T10:35:38.730+0000] {dagbag.py:588} INFO - Filling up the DagBag from /home/airflow/.local/lib/python3.12/site-packages/airflow/example_dags/tutorial_dag.py
[2025-12-13T10:35:38.749+0000] {processor.py:925} INFO - DAG(s) 'tutorial_dag' retrieved from /home/airflow/.local/lib/python3.12/site-packages/airflow/example_dags/tutorial_dag.py
[2025-12-13T10:35:38.791+0000] {logging_mixin.py:190} INFO - [2025-12-13T10:35:38.791+0000] {dag.py:3239} INFO - Sync 1 DAGs
[2025-12-13T10:35:38.826+0000] {logging_mixin.py:190} INFO - [2025-12-13T10:35:38.826+0000] {dag.py:4180} INFO - Setting next_dagrun for tutorial_dag to None, run_after=None
[2025-12-13T10:35:38.863+0000] {processor.py:208} INFO - Processing /home/airflow/.local/lib/python3.12/site-packages/airflow/example_dags/tutorial_dag.py took 0.153 seconds
[2025-12-13T10:36:10.735+0000] {processor.py:186} INFO - Started process (PID=2521) to work on /home/airflow/.local/lib/python3.12/site-packages/airflow/example_dags/tutorial_dag.py
[2025-12-13T10:36:10.736+0000] {processor.py:914} INFO - Processing file /home/airflow/.local/lib/python3.12/site-packages/airflow/example_dags/tutorial_dag.py for tasks to queue
[2025-12-13T10:36:10.740+0000] {logging_mixin.py:190} INFO - [2025-12-13T10:36:10.740+0000] {dagbag.py:588} INFO - Filling up the DagBag from /home/airflow/.local/lib/python3.12/site-packages/airflow/example_dags/tutorial_dag.py
[2025-12-13T10:36:10.756+0000] {processor.py:925} INFO - DAG(s) 'tutorial_dag' retrieved from /home/airflow/.local/lib/python3.12/site-packages/airflow/example_dags/tutorial_dag.py
[2025-12-13T10:36:10.799+0000] {logging_mixin.py:190} INFO - [2025-12-13T10:36:10.799+0000] {dag.py:3239} INFO - Sync 1 DAGs
[2025-12-13T10:36:10.831+0000] {logging_mixin.py:190} INFO - [2025-12-13T10:36:10.830+0000] {dag.py:4180} INFO - Setting next_dagrun for tutorial_dag to None, run_after=None
[2025-12-13T10:36:10.865+0000] {processor.py:208} INFO - Processing /home/airflow/.local/lib/python3.12/site-packages/airflow/example_dags/tutorial_dag.py took 0.144 seconds
[2025-12-13T10:36:41.382+0000] {processor.py:186} INFO - Started process (PID=2584) to work on /home/airflow/.local/lib/python3.12/site-packages/airflow/example_dags/tutorial_dag.py
[2025-12-13T10:36:41.383+0000] {processor.py:914} INFO - Processing file /home/airflow/.local/lib/python3.12/site-packages/airflow/example_dags/tutorial_dag.py for tasks to queue
[2025-12-13T10:36:41.387+0000] {logging_mixin.py:190} INFO - [2025-12-13T10:36:41.386+0000] {dagbag.py:588} INFO - Filling up the DagBag from /home/airflow/.local/lib/python3.12/site-packages/airflow/example_dags/tutorial_dag.py
[2025-12-13T10:36:41.399+0000] {processor.py:925} INFO - DAG(s) 'tutorial_dag' retrieved from /home/airflow/.local/lib/python3.12/site-packages/airflow/example_dags/tutorial_dag.py
[2025-12-13T10:36:41.431+0000] {logging_mixin.py:190} INFO - [2025-12-13T10:36:41.430+0000] {dag.py:3239} INFO - Sync 1 DAGs
[2025-12-13T10:36:41.458+0000] {logging_mixin.py:190} INFO - [2025-12-13T10:36:41.457+0000] {dag.py:4180} INFO - Setting next_dagrun for tutorial_dag to None, run_after=None
[2025-12-13T10:36:41.488+0000] {processor.py:208} INFO - Processing /home/airflow/.local/lib/python3.12/site-packages/airflow/example_dags/tutorial_dag.py took 0.118 seconds
[2025-12-13T10:37:11.717+0000] {processor.py:186} INFO - Started process (PID=2647) to work on /home/airflow/.local/lib/python3.12/site-packages/airflow/example_dags/tutorial_dag.py
[2025-12-13T10:37:11.718+0000] {processor.py:914} INFO - Processing file /home/airflow/.local/lib/python3.12/site-packages/airflow/example_dags/tutorial_dag.py for tasks to queue
[2025-12-13T10:37:11.728+0000] {logging_mixin.py:190} INFO - [2025-12-13T10:37:11.727+0000] {dagbag.py:588} INFO - Filling up the DagBag from /home/airflow/.local/lib/python3.12/site-packages/airflow/example_dags/tutorial_dag.py
[2025-12-13T10:37:11.750+0000] {processor.py:925} INFO - DAG(s) 'tutorial_dag' retrieved from /home/airflow/.local/lib/python3.12/site-packages/airflow/example_dags/tutorial_dag.py
[2025-12-13T10:37:11.793+0000] {logging_mixin.py:190} INFO - [2025-12-13T10:37:11.792+0000] {dag.py:3239} INFO - Sync 1 DAGs
[2025-12-13T10:37:11.828+0000] {logging_mixin.py:190} INFO - [2025-12-13T10:37:11.827+0000] {dag.py:4180} INFO - Setting next_dagrun for tutorial_dag to None, run_after=None
[2025-12-13T10:37:11.876+0000] {processor.py:208} INFO - Processing /home/airflow/.local/lib/python3.12/site-packages/airflow/example_dags/tutorial_dag.py took 0.172 seconds
[2025-12-13T10:37:42.258+0000] {processor.py:186} INFO - Started process (PID=2709) to work on /home/airflow/.local/lib/python3.12/site-packages/airflow/example_dags/tutorial_dag.py
[2025-12-13T10:37:42.259+0000] {processor.py:914} INFO - Processing file /home/airflow/.local/lib/python3.12/site-packages/airflow/example_dags/tutorial_dag.py for tasks to queue
[2025-12-13T10:37:42.266+0000] {logging_mixin.py:190} INFO - [2025-12-13T10:37:42.265+0000] {dagbag.py:588} INFO - Filling up the DagBag from /home/airflow/.local/lib/python3.12/site-packages/airflow/example_dags/tutorial_dag.py
[2025-12-13T10:37:42.285+0000] {processor.py:925} INFO - DAG(s) 'tutorial_dag' retrieved from /home/airflow/.local/lib/python3.12/site-packages/airflow/example_dags/tutorial_dag.py
[2025-12-13T10:37:42.344+0000] {logging_mixin.py:190} INFO - [2025-12-13T10:37:42.343+0000] {dag.py:3239} INFO - Sync 1 DAGs
[2025-12-13T10:37:42.392+0000] {logging_mixin.py:190} INFO - [2025-12-13T10:37:42.391+0000] {dag.py:4180} INFO - Setting next_dagrun for tutorial_dag to None, run_after=None
[2025-12-13T10:37:42.446+0000] {processor.py:208} INFO - Processing /home/airflow/.local/lib/python3.12/site-packages/airflow/example_dags/tutorial_dag.py took 0.210 seconds
[2025-12-13T10:38:12.905+0000] {processor.py:186} INFO - Started process (PID=2772) to work on /home/airflow/.local/lib/python3.12/site-packages/airflow/example_dags/tutorial_dag.py
[2025-12-13T10:38:12.906+0000] {processor.py:914} INFO - Processing file /home/airflow/.local/lib/python3.12/site-packages/airflow/example_dags/tutorial_dag.py for tasks to queue
[2025-12-13T10:38:12.910+0000] {logging_mixin.py:190} INFO - [2025-12-13T10:38:12.909+0000] {dagbag.py:588} INFO - Filling up the DagBag from /home/airflow/.local/lib/python3.12/site-packages/airflow/example_dags/tutorial_dag.py
[2025-12-13T10:38:12.926+0000] {processor.py:925} INFO - DAG(s) 'tutorial_dag' retrieved from /home/airflow/.local/lib/python3.12/site-packages/airflow/example_dags/tutorial_dag.py
[2025-12-13T10:38:12.962+0000] {logging_mixin.py:190} INFO - [2025-12-13T10:38:12.962+0000] {dag.py:3239} INFO - Sync 1 DAGs
[2025-12-13T10:38:12.993+0000] {logging_mixin.py:190} INFO - [2025-12-13T10:38:12.992+0000] {dag.py:4180} INFO - Setting next_dagrun for tutorial_dag to None, run_after=None
[2025-12-13T10:38:13.028+0000] {processor.py:208} INFO - Processing /home/airflow/.local/lib/python3.12/site-packages/airflow/example_dags/tutorial_dag.py took 0.135 seconds
[2025-12-13T10:38:44.394+0000] {processor.py:186} INFO - Started process (PID=2836) to work on /home/airflow/.local/lib/python3.12/site-packages/airflow/example_dags/tutorial_dag.py
[2025-12-13T10:38:44.396+0000] {processor.py:914} INFO - Processing file /home/airflow/.local/lib/python3.12/site-packages/airflow/example_dags/tutorial_dag.py for tasks to queue
[2025-12-13T10:38:44.400+0000] {logging_mixin.py:190} INFO - [2025-12-13T10:38:44.399+0000] {dagbag.py:588} INFO - Filling up the DagBag from /home/airflow/.local/lib/python3.12/site-packages/airflow/example_dags/tutorial_dag.py
[2025-12-13T10:38:44.413+0000] {processor.py:925} INFO - DAG(s) 'tutorial_dag' retrieved from /home/airflow/.local/lib/python3.12/site-packages/airflow/example_dags/tutorial_dag.py
[2025-12-13T10:38:44.446+0000] {logging_mixin.py:190} INFO - [2025-12-13T10:38:44.446+0000] {dag.py:3239} INFO - Sync 1 DAGs
[2025-12-13T10:38:44.475+0000] {logging_mixin.py:190} INFO - [2025-12-13T10:38:44.474+0000] {dag.py:4180} INFO - Setting next_dagrun for tutorial_dag to None, run_after=None
[2025-12-13T10:38:44.507+0000] {processor.py:208} INFO - Processing /home/airflow/.local/lib/python3.12/site-packages/airflow/example_dags/tutorial_dag.py took 0.126 seconds
[2025-12-13T10:39:15.485+0000] {processor.py:186} INFO - Started process (PID=2900) to work on /home/airflow/.local/lib/python3.12/site-packages/airflow/example_dags/tutorial_dag.py
[2025-12-13T10:39:15.487+0000] {processor.py:914} INFO - Processing file /home/airflow/.local/lib/python3.12/site-packages/airflow/example_dags/tutorial_dag.py for tasks to queue
[2025-12-13T10:39:15.490+0000] {logging_mixin.py:190} INFO - [2025-12-13T10:39:15.490+0000] {dagbag.py:588} INFO - Filling up the DagBag from /home/airflow/.local/lib/python3.12/site-packages/airflow/example_dags/tutorial_dag.py
[2025-12-13T10:39:15.505+0000] {processor.py:925} INFO - DAG(s) 'tutorial_dag' retrieved from /home/airflow/.local/lib/python3.12/site-packages/airflow/example_dags/tutorial_dag.py
[2025-12-13T10:39:15.538+0000] {logging_mixin.py:190} INFO - [2025-12-13T10:39:15.538+0000] {dag.py:3239} INFO - Sync 1 DAGs
[2025-12-13T10:39:15.566+0000] {logging_mixin.py:190} INFO - [2025-12-13T10:39:15.565+0000] {dag.py:4180} INFO - Setting next_dagrun for tutorial_dag to None, run_after=None
[2025-12-13T10:39:15.601+0000] {processor.py:208} INFO - Processing /home/airflow/.local/lib/python3.12/site-packages/airflow/example_dags/tutorial_dag.py took 0.125 seconds
[2025-12-13T10:39:47.044+0000] {processor.py:186} INFO - Started process (PID=2963) to work on /home/airflow/.local/lib/python3.12/site-packages/airflow/example_dags/tutorial_dag.py
[2025-12-13T10:39:47.047+0000] {processor.py:914} INFO - Processing file /home/airflow/.local/lib/python3.12/site-packages/airflow/example_dags/tutorial_dag.py for tasks to queue
[2025-12-13T10:39:47.051+0000] {logging_mixin.py:190} INFO - [2025-12-13T10:39:47.050+0000] {dagbag.py:588} INFO - Filling up the DagBag from /home/airflow/.local/lib/python3.12/site-packages/airflow/example_dags/tutorial_dag.py
[2025-12-13T10:39:47.067+0000] {processor.py:925} INFO - DAG(s) 'tutorial_dag' retrieved from /home/airflow/.local/lib/python3.12/site-packages/airflow/example_dags/tutorial_dag.py
[2025-12-13T10:39:47.103+0000] {logging_mixin.py:190} INFO - [2025-12-13T10:39:47.103+0000] {dag.py:3239} INFO - Sync 1 DAGs
[2025-12-13T10:39:47.135+0000] {logging_mixin.py:190} INFO - [2025-12-13T10:39:47.134+0000] {dag.py:4180} INFO - Setting next_dagrun for tutorial_dag to None, run_after=None
[2025-12-13T10:39:47.167+0000] {processor.py:208} INFO - Processing /home/airflow/.local/lib/python3.12/site-packages/airflow/example_dags/tutorial_dag.py took 0.135 seconds
[2025-12-13T10:40:17.407+0000] {processor.py:186} INFO - Started process (PID=3025) to work on /home/airflow/.local/lib/python3.12/site-packages/airflow/example_dags/tutorial_dag.py
[2025-12-13T10:40:17.409+0000] {processor.py:914} INFO - Processing file /home/airflow/.local/lib/python3.12/site-packages/airflow/example_dags/tutorial_dag.py for tasks to queue
[2025-12-13T10:40:17.412+0000] {logging_mixin.py:190} INFO - [2025-12-13T10:40:17.412+0000] {dagbag.py:588} INFO - Filling up the DagBag from /home/airflow/.local/lib/python3.12/site-packages/airflow/example_dags/tutorial_dag.py
[2025-12-13T10:40:17.426+0000] {processor.py:925} INFO - DAG(s) 'tutorial_dag' retrieved from /home/airflow/.local/lib/python3.12/site-packages/airflow/example_dags/tutorial_dag.py
[2025-12-13T10:40:17.457+0000] {logging_mixin.py:190} INFO - [2025-12-13T10:40:17.457+0000] {dag.py:3239} INFO - Sync 1 DAGs
[2025-12-13T10:40:17.480+0000] {logging_mixin.py:190} INFO - [2025-12-13T10:40:17.479+0000] {dag.py:4180} INFO - Setting next_dagrun for tutorial_dag to None, run_after=None
[2025-12-13T10:40:17.504+0000] {processor.py:208} INFO - Processing /home/airflow/.local/lib/python3.12/site-packages/airflow/example_dags/tutorial_dag.py took 0.107 seconds
[2025-12-13T10:40:48.030+0000] {processor.py:186} INFO - Started process (PID=3088) to work on /home/airflow/.local/lib/python3.12/site-packages/airflow/example_dags/tutorial_dag.py
[2025-12-13T10:40:48.031+0000] {processor.py:914} INFO - Processing file /home/airflow/.local/lib/python3.12/site-packages/airflow/example_dags/tutorial_dag.py for tasks to queue
[2025-12-13T10:40:48.037+0000] {logging_mixin.py:190} INFO - [2025-12-13T10:40:48.037+0000] {dagbag.py:588} INFO - Filling up the DagBag from /home/airflow/.local/lib/python3.12/site-packages/airflow/example_dags/tutorial_dag.py
[2025-12-13T10:40:48.052+0000] {processor.py:925} INFO - DAG(s) 'tutorial_dag' retrieved from /home/airflow/.local/lib/python3.12/site-packages/airflow/example_dags/tutorial_dag.py
[2025-12-13T10:40:48.090+0000] {logging_mixin.py:190} INFO - [2025-12-13T10:40:48.090+0000] {dag.py:3239} INFO - Sync 1 DAGs
[2025-12-13T10:40:48.121+0000] {logging_mixin.py:190} INFO - [2025-12-13T10:40:48.121+0000] {dag.py:4180} INFO - Setting next_dagrun for tutorial_dag to None, run_after=None
[2025-12-13T10:40:48.156+0000] {processor.py:208} INFO - Processing /home/airflow/.local/lib/python3.12/site-packages/airflow/example_dags/tutorial_dag.py took 0.138 seconds
[2025-12-13T10:41:18.212+0000] {processor.py:186} INFO - Started process (PID=3150) to work on /home/airflow/.local/lib/python3.12/site-packages/airflow/example_dags/tutorial_dag.py
[2025-12-13T10:41:18.213+0000] {processor.py:914} INFO - Processing file /home/airflow/.local/lib/python3.12/site-packages/airflow/example_dags/tutorial_dag.py for tasks to queue
[2025-12-13T10:41:18.216+0000] {logging_mixin.py:190} INFO - [2025-12-13T10:41:18.216+0000] {dagbag.py:588} INFO - Filling up the DagBag from /home/airflow/.local/lib/python3.12/site-packages/airflow/example_dags/tutorial_dag.py
[2025-12-13T10:41:18.229+0000] {processor.py:925} INFO - DAG(s) 'tutorial_dag' retrieved from /home/airflow/.local/lib/python3.12/site-packages/airflow/example_dags/tutorial_dag.py
[2025-12-13T10:41:18.258+0000] {logging_mixin.py:190} INFO - [2025-12-13T10:41:18.258+0000] {dag.py:3239} INFO - Sync 1 DAGs
[2025-12-13T10:41:18.286+0000] {logging_mixin.py:190} INFO - [2025-12-13T10:41:18.286+0000] {dag.py:4180} INFO - Setting next_dagrun for tutorial_dag to None, run_after=None
[2025-12-13T10:41:18.317+0000] {processor.py:208} INFO - Processing /home/airflow/.local/lib/python3.12/site-packages/airflow/example_dags/tutorial_dag.py took 0.114 seconds
[2025-12-13T10:41:49.058+0000] {processor.py:186} INFO - Started process (PID=3214) to work on /home/airflow/.local/lib/python3.12/site-packages/airflow/example_dags/tutorial_dag.py
[2025-12-13T10:41:49.060+0000] {processor.py:914} INFO - Processing file /home/airflow/.local/lib/python3.12/site-packages/airflow/example_dags/tutorial_dag.py for tasks to queue
[2025-12-13T10:41:49.067+0000] {logging_mixin.py:190} INFO - [2025-12-13T10:41:49.066+0000] {dagbag.py:588} INFO - Filling up the DagBag from /home/airflow/.local/lib/python3.12/site-packages/airflow/example_dags/tutorial_dag.py
[2025-12-13T10:41:49.086+0000] {processor.py:925} INFO - DAG(s) 'tutorial_dag' retrieved from /home/airflow/.local/lib/python3.12/site-packages/airflow/example_dags/tutorial_dag.py
[2025-12-13T10:41:49.132+0000] {logging_mixin.py:190} INFO - [2025-12-13T10:41:49.131+0000] {dag.py:3239} INFO - Sync 1 DAGs
[2025-12-13T10:41:49.161+0000] {logging_mixin.py:190} INFO - [2025-12-13T10:41:49.160+0000] {dag.py:4180} INFO - Setting next_dagrun for tutorial_dag to None, run_after=None
[2025-12-13T10:41:49.200+0000] {processor.py:208} INFO - Processing /home/airflow/.local/lib/python3.12/site-packages/airflow/example_dags/tutorial_dag.py took 0.159 seconds
[2025-12-13T10:42:20.045+0000] {processor.py:186} INFO - Started process (PID=3283) to work on /home/airflow/.local/lib/python3.12/site-packages/airflow/example_dags/tutorial_dag.py
[2025-12-13T10:42:20.046+0000] {processor.py:914} INFO - Processing file /home/airflow/.local/lib/python3.12/site-packages/airflow/example_dags/tutorial_dag.py for tasks to queue
[2025-12-13T10:42:20.051+0000] {logging_mixin.py:190} INFO - [2025-12-13T10:42:20.051+0000] {dagbag.py:588} INFO - Filling up the DagBag from /home/airflow/.local/lib/python3.12/site-packages/airflow/example_dags/tutorial_dag.py
[2025-12-13T10:42:20.067+0000] {processor.py:925} INFO - DAG(s) 'tutorial_dag' retrieved from /home/airflow/.local/lib/python3.12/site-packages/airflow/example_dags/tutorial_dag.py
[2025-12-13T10:42:20.101+0000] {logging_mixin.py:190} INFO - [2025-12-13T10:42:20.100+0000] {dag.py:3239} INFO - Sync 1 DAGs
[2025-12-13T10:42:20.131+0000] {logging_mixin.py:190} INFO - [2025-12-13T10:42:20.130+0000] {dag.py:4180} INFO - Setting next_dagrun for tutorial_dag to None, run_after=None
[2025-12-13T10:42:20.161+0000] {processor.py:208} INFO - Processing /home/airflow/.local/lib/python3.12/site-packages/airflow/example_dags/tutorial_dag.py took 0.128 seconds
[2025-12-13T10:42:50.946+0000] {processor.py:186} INFO - Started process (PID=3346) to work on /home/airflow/.local/lib/python3.12/site-packages/airflow/example_dags/tutorial_dag.py
[2025-12-13T10:42:50.948+0000] {processor.py:914} INFO - Processing file /home/airflow/.local/lib/python3.12/site-packages/airflow/example_dags/tutorial_dag.py for tasks to queue
[2025-12-13T10:42:50.953+0000] {logging_mixin.py:190} INFO - [2025-12-13T10:42:50.952+0000] {dagbag.py:588} INFO - Filling up the DagBag from /home/airflow/.local/lib/python3.12/site-packages/airflow/example_dags/tutorial_dag.py
[2025-12-13T10:42:50.991+0000] {processor.py:925} INFO - DAG(s) 'tutorial_dag' retrieved from /home/airflow/.local/lib/python3.12/site-packages/airflow/example_dags/tutorial_dag.py
[2025-12-13T10:42:51.074+0000] {logging_mixin.py:190} INFO - [2025-12-13T10:42:51.074+0000] {dag.py:3239} INFO - Sync 1 DAGs
[2025-12-13T10:42:51.137+0000] {logging_mixin.py:190} INFO - [2025-12-13T10:42:51.136+0000] {dag.py:4180} INFO - Setting next_dagrun for tutorial_dag to None, run_after=None
[2025-12-13T10:42:51.199+0000] {processor.py:208} INFO - Processing /home/airflow/.local/lib/python3.12/site-packages/airflow/example_dags/tutorial_dag.py took 0.265 seconds
[2025-12-13T10:43:21.801+0000] {processor.py:186} INFO - Started process (PID=3409) to work on /home/airflow/.local/lib/python3.12/site-packages/airflow/example_dags/tutorial_dag.py
[2025-12-13T10:43:21.806+0000] {processor.py:914} INFO - Processing file /home/airflow/.local/lib/python3.12/site-packages/airflow/example_dags/tutorial_dag.py for tasks to queue
[2025-12-13T10:43:21.810+0000] {logging_mixin.py:190} INFO - [2025-12-13T10:43:21.809+0000] {dagbag.py:588} INFO - Filling up the DagBag from /home/airflow/.local/lib/python3.12/site-packages/airflow/example_dags/tutorial_dag.py
[2025-12-13T10:43:21.835+0000] {processor.py:925} INFO - DAG(s) 'tutorial_dag' retrieved from /home/airflow/.local/lib/python3.12/site-packages/airflow/example_dags/tutorial_dag.py
[2025-12-13T10:43:21.888+0000] {logging_mixin.py:190} INFO - [2025-12-13T10:43:21.888+0000] {dag.py:3239} INFO - Sync 1 DAGs
[2025-12-13T10:43:21.921+0000] {logging_mixin.py:190} INFO - [2025-12-13T10:43:21.920+0000] {dag.py:4180} INFO - Setting next_dagrun for tutorial_dag to None, run_after=None
[2025-12-13T10:43:21.982+0000] {processor.py:208} INFO - Processing /home/airflow/.local/lib/python3.12/site-packages/airflow/example_dags/tutorial_dag.py took 0.193 seconds
[2025-12-13T10:43:52.615+0000] {processor.py:186} INFO - Started process (PID=3473) to work on /home/airflow/.local/lib/python3.12/site-packages/airflow/example_dags/tutorial_dag.py
[2025-12-13T10:43:52.616+0000] {processor.py:914} INFO - Processing file /home/airflow/.local/lib/python3.12/site-packages/airflow/example_dags/tutorial_dag.py for tasks to queue
[2025-12-13T10:43:52.620+0000] {logging_mixin.py:190} INFO - [2025-12-13T10:43:52.620+0000] {dagbag.py:588} INFO - Filling up the DagBag from /home/airflow/.local/lib/python3.12/site-packages/airflow/example_dags/tutorial_dag.py
[2025-12-13T10:43:52.638+0000] {processor.py:925} INFO - DAG(s) 'tutorial_dag' retrieved from /home/airflow/.local/lib/python3.12/site-packages/airflow/example_dags/tutorial_dag.py
[2025-12-13T10:43:52.676+0000] {logging_mixin.py:190} INFO - [2025-12-13T10:43:52.675+0000] {dag.py:3239} INFO - Sync 1 DAGs
[2025-12-13T10:43:52.707+0000] {logging_mixin.py:190} INFO - [2025-12-13T10:43:52.706+0000] {dag.py:4180} INFO - Setting next_dagrun for tutorial_dag to None, run_after=None
[2025-12-13T10:43:52.739+0000] {processor.py:208} INFO - Processing /home/airflow/.local/lib/python3.12/site-packages/airflow/example_dags/tutorial_dag.py took 0.136 seconds
[2025-12-13T10:44:25.899+0000] {processor.py:186} INFO - Started process (PID=3537) to work on /home/airflow/.local/lib/python3.12/site-packages/airflow/example_dags/tutorial_dag.py
[2025-12-13T10:44:25.908+0000] {processor.py:914} INFO - Processing file /home/airflow/.local/lib/python3.12/site-packages/airflow/example_dags/tutorial_dag.py for tasks to queue
[2025-12-13T10:44:25.940+0000] {logging_mixin.py:190} INFO - [2025-12-13T10:44:25.938+0000] {dagbag.py:588} INFO - Filling up the DagBag from /home/airflow/.local/lib/python3.12/site-packages/airflow/example_dags/tutorial_dag.py
[2025-12-13T10:44:25.995+0000] {processor.py:925} INFO - DAG(s) 'tutorial_dag' retrieved from /home/airflow/.local/lib/python3.12/site-packages/airflow/example_dags/tutorial_dag.py
[2025-12-13T10:44:26.086+0000] {logging_mixin.py:190} INFO - [2025-12-13T10:44:26.085+0000] {dag.py:3239} INFO - Sync 1 DAGs
[2025-12-13T10:44:26.171+0000] {logging_mixin.py:190} INFO - [2025-12-13T10:44:26.170+0000] {dag.py:4180} INFO - Setting next_dagrun for tutorial_dag to None, run_after=None
[2025-12-13T10:44:26.243+0000] {processor.py:208} INFO - Processing /home/airflow/.local/lib/python3.12/site-packages/airflow/example_dags/tutorial_dag.py took 0.442 seconds
[2025-12-13T10:44:56.712+0000] {processor.py:186} INFO - Started process (PID=3600) to work on /home/airflow/.local/lib/python3.12/site-packages/airflow/example_dags/tutorial_dag.py
[2025-12-13T10:44:56.713+0000] {processor.py:914} INFO - Processing file /home/airflow/.local/lib/python3.12/site-packages/airflow/example_dags/tutorial_dag.py for tasks to queue
[2025-12-13T10:44:56.717+0000] {logging_mixin.py:190} INFO - [2025-12-13T10:44:56.716+0000] {dagbag.py:588} INFO - Filling up the DagBag from /home/airflow/.local/lib/python3.12/site-packages/airflow/example_dags/tutorial_dag.py
[2025-12-13T10:44:56.729+0000] {processor.py:925} INFO - DAG(s) 'tutorial_dag' retrieved from /home/airflow/.local/lib/python3.12/site-packages/airflow/example_dags/tutorial_dag.py
[2025-12-13T10:44:56.755+0000] {logging_mixin.py:190} INFO - [2025-12-13T10:44:56.754+0000] {dag.py:3239} INFO - Sync 1 DAGs
[2025-12-13T10:44:56.777+0000] {logging_mixin.py:190} INFO - [2025-12-13T10:44:56.777+0000] {dag.py:4180} INFO - Setting next_dagrun for tutorial_dag to None, run_after=None
[2025-12-13T10:44:56.803+0000] {processor.py:208} INFO - Processing /home/airflow/.local/lib/python3.12/site-packages/airflow/example_dags/tutorial_dag.py took 0.102 seconds
[2025-12-13T10:45:27.067+0000] {processor.py:186} INFO - Started process (PID=3663) to work on /home/airflow/.local/lib/python3.12/site-packages/airflow/example_dags/tutorial_dag.py
[2025-12-13T10:45:27.068+0000] {processor.py:914} INFO - Processing file /home/airflow/.local/lib/python3.12/site-packages/airflow/example_dags/tutorial_dag.py for tasks to queue
[2025-12-13T10:45:27.072+0000] {logging_mixin.py:190} INFO - [2025-12-13T10:45:27.072+0000] {dagbag.py:588} INFO - Filling up the DagBag from /home/airflow/.local/lib/python3.12/site-packages/airflow/example_dags/tutorial_dag.py
[2025-12-13T10:45:27.084+0000] {processor.py:925} INFO - DAG(s) 'tutorial_dag' retrieved from /home/airflow/.local/lib/python3.12/site-packages/airflow/example_dags/tutorial_dag.py
[2025-12-13T10:45:27.115+0000] {logging_mixin.py:190} INFO - [2025-12-13T10:45:27.115+0000] {dag.py:3239} INFO - Sync 1 DAGs
[2025-12-13T10:45:27.141+0000] {logging_mixin.py:190} INFO - [2025-12-13T10:45:27.140+0000] {dag.py:4180} INFO - Setting next_dagrun for tutorial_dag to None, run_after=None
[2025-12-13T10:45:27.186+0000] {processor.py:208} INFO - Processing /home/airflow/.local/lib/python3.12/site-packages/airflow/example_dags/tutorial_dag.py took 0.129 seconds
[2025-12-13T10:45:57.438+0000] {processor.py:186} INFO - Started process (PID=3725) to work on /home/airflow/.local/lib/python3.12/site-packages/airflow/example_dags/tutorial_dag.py
[2025-12-13T10:45:57.439+0000] {processor.py:914} INFO - Processing file /home/airflow/.local/lib/python3.12/site-packages/airflow/example_dags/tutorial_dag.py for tasks to queue
[2025-12-13T10:45:57.443+0000] {logging_mixin.py:190} INFO - [2025-12-13T10:45:57.442+0000] {dagbag.py:588} INFO - Filling up the DagBag from /home/airflow/.local/lib/python3.12/site-packages/airflow/example_dags/tutorial_dag.py
[2025-12-13T10:45:57.460+0000] {processor.py:925} INFO - DAG(s) 'tutorial_dag' retrieved from /home/airflow/.local/lib/python3.12/site-packages/airflow/example_dags/tutorial_dag.py
[2025-12-13T10:45:57.493+0000] {logging_mixin.py:190} INFO - [2025-12-13T10:45:57.493+0000] {dag.py:3239} INFO - Sync 1 DAGs
[2025-12-13T10:45:57.525+0000] {logging_mixin.py:190} INFO - [2025-12-13T10:45:57.524+0000] {dag.py:4180} INFO - Setting next_dagrun for tutorial_dag to None, run_after=None
[2025-12-13T10:45:57.567+0000] {processor.py:208} INFO - Processing /home/airflow/.local/lib/python3.12/site-packages/airflow/example_dags/tutorial_dag.py took 0.141 seconds
[2025-12-13T10:46:28.228+0000] {processor.py:186} INFO - Started process (PID=3788) to work on /home/airflow/.local/lib/python3.12/site-packages/airflow/example_dags/tutorial_dag.py
[2025-12-13T10:46:28.230+0000] {processor.py:914} INFO - Processing file /home/airflow/.local/lib/python3.12/site-packages/airflow/example_dags/tutorial_dag.py for tasks to queue
[2025-12-13T10:46:28.239+0000] {logging_mixin.py:190} INFO - [2025-12-13T10:46:28.237+0000] {dagbag.py:588} INFO - Filling up the DagBag from /home/airflow/.local/lib/python3.12/site-packages/airflow/example_dags/tutorial_dag.py
[2025-12-13T10:46:28.262+0000] {processor.py:925} INFO - DAG(s) 'tutorial_dag' retrieved from /home/airflow/.local/lib/python3.12/site-packages/airflow/example_dags/tutorial_dag.py
[2025-12-13T10:46:28.321+0000] {logging_mixin.py:190} INFO - [2025-12-13T10:46:28.320+0000] {dag.py:3239} INFO - Sync 1 DAGs
[2025-12-13T10:46:28.369+0000] {logging_mixin.py:190} INFO - [2025-12-13T10:46:28.368+0000] {dag.py:4180} INFO - Setting next_dagrun for tutorial_dag to None, run_after=None
[2025-12-13T10:46:28.427+0000] {processor.py:208} INFO - Processing /home/airflow/.local/lib/python3.12/site-packages/airflow/example_dags/tutorial_dag.py took 0.216 seconds
