[2025-12-13T10:16:14.636+0000] {processor.py:186} INFO - Started process (PID=106) to work on /home/airflow/.local/lib/python3.12/site-packages/airflow/example_dags/tutorial_taskflow_templates.py
[2025-12-13T10:16:14.637+0000] {processor.py:914} INFO - Processing file /home/airflow/.local/lib/python3.12/site-packages/airflow/example_dags/tutorial_taskflow_templates.py for tasks to queue
[2025-12-13T10:16:14.641+0000] {logging_mixin.py:190} INFO - [2025-12-13T10:16:14.641+0000] {dagbag.py:588} INFO - Filling up the DagBag from /home/airflow/.local/lib/python3.12/site-packages/airflow/example_dags/tutorial_taskflow_templates.py
[2025-12-13T10:16:14.669+0000] {processor.py:925} INFO - DAG(s) 'tutorial_taskflow_templates' retrieved from /home/airflow/.local/lib/python3.12/site-packages/airflow/example_dags/tutorial_taskflow_templates.py
[2025-12-13T10:16:14.903+0000] {logging_mixin.py:190} INFO - [2025-12-13T10:16:14.901+0000] {override.py:1911} INFO - Created Permission View: can edit on DAG:tutorial_taskflow_templates
[2025-12-13T10:16:14.920+0000] {logging_mixin.py:190} INFO - [2025-12-13T10:16:14.919+0000] {override.py:1911} INFO - Created Permission View: can delete on DAG:tutorial_taskflow_templates
[2025-12-13T10:16:14.930+0000] {logging_mixin.py:190} INFO - [2025-12-13T10:16:14.929+0000] {override.py:1911} INFO - Created Permission View: can read on DAG:tutorial_taskflow_templates
[2025-12-13T10:16:14.940+0000] {logging_mixin.py:190} INFO - [2025-12-13T10:16:14.939+0000] {override.py:1911} INFO - Created Permission View: can create on DAG Run:tutorial_taskflow_templates
[2025-12-13T10:16:14.950+0000] {logging_mixin.py:190} INFO - [2025-12-13T10:16:14.950+0000] {override.py:1911} INFO - Created Permission View: can delete on DAG Run:tutorial_taskflow_templates
[2025-12-13T10:16:14.962+0000] {logging_mixin.py:190} INFO - [2025-12-13T10:16:14.961+0000] {override.py:1911} INFO - Created Permission View: menu access on DAG Run:tutorial_taskflow_templates
[2025-12-13T10:16:14.973+0000] {logging_mixin.py:190} INFO - [2025-12-13T10:16:14.972+0000] {override.py:1911} INFO - Created Permission View: can read on DAG Run:tutorial_taskflow_templates
[2025-12-13T10:16:14.974+0000] {logging_mixin.py:190} INFO - [2025-12-13T10:16:14.973+0000] {dag.py:3239} INFO - Sync 1 DAGs
[2025-12-13T10:16:15.003+0000] {logging_mixin.py:190} INFO - [2025-12-13T10:16:15.002+0000] {dag.py:3262} INFO - Creating ORM DAG for tutorial_taskflow_templates
[2025-12-13T10:16:15.028+0000] {logging_mixin.py:190} INFO - [2025-12-13T10:16:15.028+0000] {dag.py:4180} INFO - Setting next_dagrun for tutorial_taskflow_templates to 2025-12-12 00:00:00+00:00, run_after=2025-12-13 00:00:00+00:00
[2025-12-13T10:16:15.060+0000] {processor.py:208} INFO - Processing /home/airflow/.local/lib/python3.12/site-packages/airflow/example_dags/tutorial_taskflow_templates.py took 0.435 seconds
[2025-12-13T10:16:45.933+0000] {processor.py:186} INFO - Started process (PID=169) to work on /home/airflow/.local/lib/python3.12/site-packages/airflow/example_dags/tutorial_taskflow_templates.py
[2025-12-13T10:16:45.934+0000] {processor.py:914} INFO - Processing file /home/airflow/.local/lib/python3.12/site-packages/airflow/example_dags/tutorial_taskflow_templates.py for tasks to queue
[2025-12-13T10:16:45.937+0000] {logging_mixin.py:190} INFO - [2025-12-13T10:16:45.937+0000] {dagbag.py:588} INFO - Filling up the DagBag from /home/airflow/.local/lib/python3.12/site-packages/airflow/example_dags/tutorial_taskflow_templates.py
[2025-12-13T10:16:45.959+0000] {processor.py:925} INFO - DAG(s) 'tutorial_taskflow_templates' retrieved from /home/airflow/.local/lib/python3.12/site-packages/airflow/example_dags/tutorial_taskflow_templates.py
[2025-12-13T10:16:45.993+0000] {logging_mixin.py:190} INFO - [2025-12-13T10:16:45.993+0000] {dag.py:3239} INFO - Sync 1 DAGs
[2025-12-13T10:16:46.048+0000] {logging_mixin.py:190} INFO - [2025-12-13T10:16:46.048+0000] {dag.py:4180} INFO - Setting next_dagrun for tutorial_taskflow_templates to 2025-12-12 00:00:00+00:00, run_after=2025-12-13 00:00:00+00:00
[2025-12-13T10:16:46.082+0000] {processor.py:208} INFO - Processing /home/airflow/.local/lib/python3.12/site-packages/airflow/example_dags/tutorial_taskflow_templates.py took 0.162 seconds
[2025-12-13T10:17:16.659+0000] {processor.py:186} INFO - Started process (PID=231) to work on /home/airflow/.local/lib/python3.12/site-packages/airflow/example_dags/tutorial_taskflow_templates.py
[2025-12-13T10:17:16.660+0000] {processor.py:914} INFO - Processing file /home/airflow/.local/lib/python3.12/site-packages/airflow/example_dags/tutorial_taskflow_templates.py for tasks to queue
[2025-12-13T10:17:16.665+0000] {logging_mixin.py:190} INFO - [2025-12-13T10:17:16.664+0000] {dagbag.py:588} INFO - Filling up the DagBag from /home/airflow/.local/lib/python3.12/site-packages/airflow/example_dags/tutorial_taskflow_templates.py
[2025-12-13T10:17:16.697+0000] {processor.py:925} INFO - DAG(s) 'tutorial_taskflow_templates' retrieved from /home/airflow/.local/lib/python3.12/site-packages/airflow/example_dags/tutorial_taskflow_templates.py
[2025-12-13T10:17:16.743+0000] {logging_mixin.py:190} INFO - [2025-12-13T10:17:16.742+0000] {dag.py:3239} INFO - Sync 1 DAGs
[2025-12-13T10:17:16.795+0000] {logging_mixin.py:190} INFO - [2025-12-13T10:17:16.794+0000] {dag.py:4180} INFO - Setting next_dagrun for tutorial_taskflow_templates to 2025-12-12 00:00:00+00:00, run_after=2025-12-13 00:00:00+00:00
[2025-12-13T10:17:16.824+0000] {processor.py:208} INFO - Processing /home/airflow/.local/lib/python3.12/site-packages/airflow/example_dags/tutorial_taskflow_templates.py took 0.176 seconds
[2025-12-13T10:17:46.907+0000] {processor.py:186} INFO - Started process (PID=294) to work on /home/airflow/.local/lib/python3.12/site-packages/airflow/example_dags/tutorial_taskflow_templates.py
[2025-12-13T10:17:46.909+0000] {processor.py:914} INFO - Processing file /home/airflow/.local/lib/python3.12/site-packages/airflow/example_dags/tutorial_taskflow_templates.py for tasks to queue
[2025-12-13T10:17:46.914+0000] {logging_mixin.py:190} INFO - [2025-12-13T10:17:46.913+0000] {dagbag.py:588} INFO - Filling up the DagBag from /home/airflow/.local/lib/python3.12/site-packages/airflow/example_dags/tutorial_taskflow_templates.py
[2025-12-13T10:17:46.947+0000] {processor.py:925} INFO - DAG(s) 'tutorial_taskflow_templates' retrieved from /home/airflow/.local/lib/python3.12/site-packages/airflow/example_dags/tutorial_taskflow_templates.py
[2025-12-13T10:17:47.020+0000] {logging_mixin.py:190} INFO - [2025-12-13T10:17:47.020+0000] {dag.py:3239} INFO - Sync 1 DAGs
[2025-12-13T10:17:47.133+0000] {logging_mixin.py:190} INFO - [2025-12-13T10:17:47.132+0000] {dag.py:4180} INFO - Setting next_dagrun for tutorial_taskflow_templates to 2025-12-12 00:00:00+00:00, run_after=2025-12-13 00:00:00+00:00
[2025-12-13T10:17:47.178+0000] {processor.py:208} INFO - Processing /home/airflow/.local/lib/python3.12/site-packages/airflow/example_dags/tutorial_taskflow_templates.py took 0.284 seconds
[2025-12-13T10:18:21.260+0000] {processor.py:186} INFO - Started process (PID=357) to work on /home/airflow/.local/lib/python3.12/site-packages/airflow/example_dags/tutorial_taskflow_templates.py
[2025-12-13T10:18:21.261+0000] {processor.py:914} INFO - Processing file /home/airflow/.local/lib/python3.12/site-packages/airflow/example_dags/tutorial_taskflow_templates.py for tasks to queue
[2025-12-13T10:18:21.266+0000] {logging_mixin.py:190} INFO - [2025-12-13T10:18:21.265+0000] {dagbag.py:588} INFO - Filling up the DagBag from /home/airflow/.local/lib/python3.12/site-packages/airflow/example_dags/tutorial_taskflow_templates.py
[2025-12-13T10:18:21.305+0000] {processor.py:925} INFO - DAG(s) 'tutorial_taskflow_templates' retrieved from /home/airflow/.local/lib/python3.12/site-packages/airflow/example_dags/tutorial_taskflow_templates.py
[2025-12-13T10:18:21.367+0000] {logging_mixin.py:190} INFO - [2025-12-13T10:18:21.367+0000] {dag.py:3239} INFO - Sync 1 DAGs
[2025-12-13T10:18:21.451+0000] {logging_mixin.py:190} INFO - [2025-12-13T10:18:21.451+0000] {dag.py:4180} INFO - Setting next_dagrun for tutorial_taskflow_templates to 2025-12-12 00:00:00+00:00, run_after=2025-12-13 00:00:00+00:00
[2025-12-13T10:18:21.528+0000] {processor.py:208} INFO - Processing /home/airflow/.local/lib/python3.12/site-packages/airflow/example_dags/tutorial_taskflow_templates.py took 0.281 seconds
[2025-12-13T10:18:52.460+0000] {processor.py:186} INFO - Started process (PID=420) to work on /home/airflow/.local/lib/python3.12/site-packages/airflow/example_dags/tutorial_taskflow_templates.py
[2025-12-13T10:18:52.461+0000] {processor.py:914} INFO - Processing file /home/airflow/.local/lib/python3.12/site-packages/airflow/example_dags/tutorial_taskflow_templates.py for tasks to queue
[2025-12-13T10:18:52.465+0000] {logging_mixin.py:190} INFO - [2025-12-13T10:18:52.465+0000] {dagbag.py:588} INFO - Filling up the DagBag from /home/airflow/.local/lib/python3.12/site-packages/airflow/example_dags/tutorial_taskflow_templates.py
[2025-12-13T10:18:52.491+0000] {processor.py:925} INFO - DAG(s) 'tutorial_taskflow_templates' retrieved from /home/airflow/.local/lib/python3.12/site-packages/airflow/example_dags/tutorial_taskflow_templates.py
[2025-12-13T10:18:52.529+0000] {logging_mixin.py:190} INFO - [2025-12-13T10:18:52.528+0000] {dag.py:3239} INFO - Sync 1 DAGs
[2025-12-13T10:18:52.577+0000] {logging_mixin.py:190} INFO - [2025-12-13T10:18:52.576+0000] {dag.py:4180} INFO - Setting next_dagrun for tutorial_taskflow_templates to 2025-12-12 00:00:00+00:00, run_after=2025-12-13 00:00:00+00:00
[2025-12-13T10:18:52.611+0000] {processor.py:208} INFO - Processing /home/airflow/.local/lib/python3.12/site-packages/airflow/example_dags/tutorial_taskflow_templates.py took 0.163 seconds
[2025-12-13T10:19:23.813+0000] {processor.py:186} INFO - Started process (PID=483) to work on /home/airflow/.local/lib/python3.12/site-packages/airflow/example_dags/tutorial_taskflow_templates.py
[2025-12-13T10:19:23.817+0000] {processor.py:914} INFO - Processing file /home/airflow/.local/lib/python3.12/site-packages/airflow/example_dags/tutorial_taskflow_templates.py for tasks to queue
[2025-12-13T10:19:23.822+0000] {logging_mixin.py:190} INFO - [2025-12-13T10:19:23.821+0000] {dagbag.py:588} INFO - Filling up the DagBag from /home/airflow/.local/lib/python3.12/site-packages/airflow/example_dags/tutorial_taskflow_templates.py
[2025-12-13T10:19:23.857+0000] {processor.py:925} INFO - DAG(s) 'tutorial_taskflow_templates' retrieved from /home/airflow/.local/lib/python3.12/site-packages/airflow/example_dags/tutorial_taskflow_templates.py
[2025-12-13T10:19:23.904+0000] {logging_mixin.py:190} INFO - [2025-12-13T10:19:23.903+0000] {dag.py:3239} INFO - Sync 1 DAGs
[2025-12-13T10:19:23.968+0000] {logging_mixin.py:190} INFO - [2025-12-13T10:19:23.967+0000] {dag.py:4180} INFO - Setting next_dagrun for tutorial_taskflow_templates to 2025-12-12 00:00:00+00:00, run_after=2025-12-13 00:00:00+00:00
[2025-12-13T10:19:24.015+0000] {processor.py:208} INFO - Processing /home/airflow/.local/lib/python3.12/site-packages/airflow/example_dags/tutorial_taskflow_templates.py took 0.216 seconds
[2025-12-13T10:19:54.131+0000] {processor.py:186} INFO - Started process (PID=545) to work on /home/airflow/.local/lib/python3.12/site-packages/airflow/example_dags/tutorial_taskflow_templates.py
[2025-12-13T10:19:54.132+0000] {processor.py:914} INFO - Processing file /home/airflow/.local/lib/python3.12/site-packages/airflow/example_dags/tutorial_taskflow_templates.py for tasks to queue
[2025-12-13T10:19:54.136+0000] {logging_mixin.py:190} INFO - [2025-12-13T10:19:54.136+0000] {dagbag.py:588} INFO - Filling up the DagBag from /home/airflow/.local/lib/python3.12/site-packages/airflow/example_dags/tutorial_taskflow_templates.py
[2025-12-13T10:19:54.191+0000] {processor.py:925} INFO - DAG(s) 'tutorial_taskflow_templates' retrieved from /home/airflow/.local/lib/python3.12/site-packages/airflow/example_dags/tutorial_taskflow_templates.py
[2025-12-13T10:19:54.267+0000] {logging_mixin.py:190} INFO - [2025-12-13T10:19:54.266+0000] {dag.py:3239} INFO - Sync 1 DAGs
[2025-12-13T10:19:54.330+0000] {logging_mixin.py:190} INFO - [2025-12-13T10:19:54.329+0000] {dag.py:4180} INFO - Setting next_dagrun for tutorial_taskflow_templates to 2025-12-12 00:00:00+00:00, run_after=2025-12-13 00:00:00+00:00
[2025-12-13T10:19:54.367+0000] {processor.py:208} INFO - Processing /home/airflow/.local/lib/python3.12/site-packages/airflow/example_dags/tutorial_taskflow_templates.py took 0.249 seconds
[2025-12-13T10:20:25.229+0000] {processor.py:186} INFO - Started process (PID=607) to work on /home/airflow/.local/lib/python3.12/site-packages/airflow/example_dags/tutorial_taskflow_templates.py
[2025-12-13T10:20:25.231+0000] {processor.py:914} INFO - Processing file /home/airflow/.local/lib/python3.12/site-packages/airflow/example_dags/tutorial_taskflow_templates.py for tasks to queue
[2025-12-13T10:20:25.235+0000] {logging_mixin.py:190} INFO - [2025-12-13T10:20:25.234+0000] {dagbag.py:588} INFO - Filling up the DagBag from /home/airflow/.local/lib/python3.12/site-packages/airflow/example_dags/tutorial_taskflow_templates.py
[2025-12-13T10:20:25.263+0000] {processor.py:925} INFO - DAG(s) 'tutorial_taskflow_templates' retrieved from /home/airflow/.local/lib/python3.12/site-packages/airflow/example_dags/tutorial_taskflow_templates.py
[2025-12-13T10:20:25.299+0000] {logging_mixin.py:190} INFO - [2025-12-13T10:20:25.298+0000] {dag.py:3239} INFO - Sync 1 DAGs
[2025-12-13T10:20:25.340+0000] {logging_mixin.py:190} INFO - [2025-12-13T10:20:25.340+0000] {dag.py:4180} INFO - Setting next_dagrun for tutorial_taskflow_templates to 2025-12-12 00:00:00+00:00, run_after=2025-12-13 00:00:00+00:00
[2025-12-13T10:20:25.366+0000] {processor.py:208} INFO - Processing /home/airflow/.local/lib/python3.12/site-packages/airflow/example_dags/tutorial_taskflow_templates.py took 0.150 seconds
[2025-12-13T10:20:55.654+0000] {processor.py:186} INFO - Started process (PID=670) to work on /home/airflow/.local/lib/python3.12/site-packages/airflow/example_dags/tutorial_taskflow_templates.py
[2025-12-13T10:20:55.657+0000] {processor.py:914} INFO - Processing file /home/airflow/.local/lib/python3.12/site-packages/airflow/example_dags/tutorial_taskflow_templates.py for tasks to queue
[2025-12-13T10:20:55.663+0000] {logging_mixin.py:190} INFO - [2025-12-13T10:20:55.663+0000] {dagbag.py:588} INFO - Filling up the DagBag from /home/airflow/.local/lib/python3.12/site-packages/airflow/example_dags/tutorial_taskflow_templates.py
[2025-12-13T10:20:55.720+0000] {processor.py:925} INFO - DAG(s) 'tutorial_taskflow_templates' retrieved from /home/airflow/.local/lib/python3.12/site-packages/airflow/example_dags/tutorial_taskflow_templates.py
[2025-12-13T10:20:55.803+0000] {logging_mixin.py:190} INFO - [2025-12-13T10:20:55.802+0000] {dag.py:3239} INFO - Sync 1 DAGs
[2025-12-13T10:20:55.888+0000] {logging_mixin.py:190} INFO - [2025-12-13T10:20:55.888+0000] {dag.py:4180} INFO - Setting next_dagrun for tutorial_taskflow_templates to 2025-12-12 00:00:00+00:00, run_after=2025-12-13 00:00:00+00:00
[2025-12-13T10:20:55.956+0000] {processor.py:208} INFO - Processing /home/airflow/.local/lib/python3.12/site-packages/airflow/example_dags/tutorial_taskflow_templates.py took 0.332 seconds
[2025-12-13T10:21:26.748+0000] {processor.py:186} INFO - Started process (PID=733) to work on /home/airflow/.local/lib/python3.12/site-packages/airflow/example_dags/tutorial_taskflow_templates.py
[2025-12-13T10:21:26.751+0000] {processor.py:914} INFO - Processing file /home/airflow/.local/lib/python3.12/site-packages/airflow/example_dags/tutorial_taskflow_templates.py for tasks to queue
[2025-12-13T10:21:26.768+0000] {logging_mixin.py:190} INFO - [2025-12-13T10:21:26.767+0000] {dagbag.py:588} INFO - Filling up the DagBag from /home/airflow/.local/lib/python3.12/site-packages/airflow/example_dags/tutorial_taskflow_templates.py
[2025-12-13T10:21:26.843+0000] {processor.py:925} INFO - DAG(s) 'tutorial_taskflow_templates' retrieved from /home/airflow/.local/lib/python3.12/site-packages/airflow/example_dags/tutorial_taskflow_templates.py
[2025-12-13T10:21:26.916+0000] {logging_mixin.py:190} INFO - [2025-12-13T10:21:26.916+0000] {dag.py:3239} INFO - Sync 1 DAGs
[2025-12-13T10:21:27.025+0000] {logging_mixin.py:190} INFO - [2025-12-13T10:21:27.024+0000] {dag.py:4180} INFO - Setting next_dagrun for tutorial_taskflow_templates to 2025-12-12 00:00:00+00:00, run_after=2025-12-13 00:00:00+00:00
[2025-12-13T10:21:27.085+0000] {processor.py:208} INFO - Processing /home/airflow/.local/lib/python3.12/site-packages/airflow/example_dags/tutorial_taskflow_templates.py took 0.373 seconds
[2025-12-13T10:21:58.044+0000] {processor.py:186} INFO - Started process (PID=796) to work on /home/airflow/.local/lib/python3.12/site-packages/airflow/example_dags/tutorial_taskflow_templates.py
[2025-12-13T10:21:58.045+0000] {processor.py:914} INFO - Processing file /home/airflow/.local/lib/python3.12/site-packages/airflow/example_dags/tutorial_taskflow_templates.py for tasks to queue
[2025-12-13T10:21:58.049+0000] {logging_mixin.py:190} INFO - [2025-12-13T10:21:58.048+0000] {dagbag.py:588} INFO - Filling up the DagBag from /home/airflow/.local/lib/python3.12/site-packages/airflow/example_dags/tutorial_taskflow_templates.py
[2025-12-13T10:21:58.076+0000] {processor.py:925} INFO - DAG(s) 'tutorial_taskflow_templates' retrieved from /home/airflow/.local/lib/python3.12/site-packages/airflow/example_dags/tutorial_taskflow_templates.py
[2025-12-13T10:21:58.111+0000] {logging_mixin.py:190} INFO - [2025-12-13T10:21:58.110+0000] {dag.py:3239} INFO - Sync 1 DAGs
[2025-12-13T10:21:58.156+0000] {logging_mixin.py:190} INFO - [2025-12-13T10:21:58.156+0000] {dag.py:4180} INFO - Setting next_dagrun for tutorial_taskflow_templates to 2025-12-12 00:00:00+00:00, run_after=2025-12-13 00:00:00+00:00
[2025-12-13T10:21:58.186+0000] {processor.py:208} INFO - Processing /home/airflow/.local/lib/python3.12/site-packages/airflow/example_dags/tutorial_taskflow_templates.py took 0.154 seconds
[2025-12-13T10:22:28.762+0000] {processor.py:186} INFO - Started process (PID=859) to work on /home/airflow/.local/lib/python3.12/site-packages/airflow/example_dags/tutorial_taskflow_templates.py
[2025-12-13T10:22:28.764+0000] {processor.py:914} INFO - Processing file /home/airflow/.local/lib/python3.12/site-packages/airflow/example_dags/tutorial_taskflow_templates.py for tasks to queue
[2025-12-13T10:22:28.771+0000] {logging_mixin.py:190} INFO - [2025-12-13T10:22:28.770+0000] {dagbag.py:588} INFO - Filling up the DagBag from /home/airflow/.local/lib/python3.12/site-packages/airflow/example_dags/tutorial_taskflow_templates.py
[2025-12-13T10:22:28.804+0000] {processor.py:925} INFO - DAG(s) 'tutorial_taskflow_templates' retrieved from /home/airflow/.local/lib/python3.12/site-packages/airflow/example_dags/tutorial_taskflow_templates.py
[2025-12-13T10:22:28.846+0000] {logging_mixin.py:190} INFO - [2025-12-13T10:22:28.845+0000] {dag.py:3239} INFO - Sync 1 DAGs
[2025-12-13T10:22:28.899+0000] {logging_mixin.py:190} INFO - [2025-12-13T10:22:28.899+0000] {dag.py:4180} INFO - Setting next_dagrun for tutorial_taskflow_templates to 2025-12-12 00:00:00+00:00, run_after=2025-12-13 00:00:00+00:00
[2025-12-13T10:22:28.941+0000] {processor.py:208} INFO - Processing /home/airflow/.local/lib/python3.12/site-packages/airflow/example_dags/tutorial_taskflow_templates.py took 0.194 seconds
[2025-12-13T10:22:59.363+0000] {processor.py:186} INFO - Started process (PID=922) to work on /home/airflow/.local/lib/python3.12/site-packages/airflow/example_dags/tutorial_taskflow_templates.py
[2025-12-13T10:22:59.364+0000] {processor.py:914} INFO - Processing file /home/airflow/.local/lib/python3.12/site-packages/airflow/example_dags/tutorial_taskflow_templates.py for tasks to queue
[2025-12-13T10:22:59.367+0000] {logging_mixin.py:190} INFO - [2025-12-13T10:22:59.367+0000] {dagbag.py:588} INFO - Filling up the DagBag from /home/airflow/.local/lib/python3.12/site-packages/airflow/example_dags/tutorial_taskflow_templates.py
[2025-12-13T10:22:59.388+0000] {processor.py:925} INFO - DAG(s) 'tutorial_taskflow_templates' retrieved from /home/airflow/.local/lib/python3.12/site-packages/airflow/example_dags/tutorial_taskflow_templates.py
[2025-12-13T10:22:59.426+0000] {logging_mixin.py:190} INFO - [2025-12-13T10:22:59.426+0000] {dag.py:3239} INFO - Sync 1 DAGs
[2025-12-13T10:22:59.473+0000] {logging_mixin.py:190} INFO - [2025-12-13T10:22:59.472+0000] {dag.py:4180} INFO - Setting next_dagrun for tutorial_taskflow_templates to 2025-12-12 00:00:00+00:00, run_after=2025-12-13 00:00:00+00:00
[2025-12-13T10:22:59.499+0000] {processor.py:208} INFO - Processing /home/airflow/.local/lib/python3.12/site-packages/airflow/example_dags/tutorial_taskflow_templates.py took 0.147 seconds
[2025-12-13T10:23:29.708+0000] {processor.py:186} INFO - Started process (PID=985) to work on /home/airflow/.local/lib/python3.12/site-packages/airflow/example_dags/tutorial_taskflow_templates.py
[2025-12-13T10:23:29.711+0000] {processor.py:914} INFO - Processing file /home/airflow/.local/lib/python3.12/site-packages/airflow/example_dags/tutorial_taskflow_templates.py for tasks to queue
[2025-12-13T10:23:29.716+0000] {logging_mixin.py:190} INFO - [2025-12-13T10:23:29.715+0000] {dagbag.py:588} INFO - Filling up the DagBag from /home/airflow/.local/lib/python3.12/site-packages/airflow/example_dags/tutorial_taskflow_templates.py
[2025-12-13T10:23:29.742+0000] {processor.py:925} INFO - DAG(s) 'tutorial_taskflow_templates' retrieved from /home/airflow/.local/lib/python3.12/site-packages/airflow/example_dags/tutorial_taskflow_templates.py
[2025-12-13T10:23:29.778+0000] {logging_mixin.py:190} INFO - [2025-12-13T10:23:29.778+0000] {dag.py:3239} INFO - Sync 1 DAGs
[2025-12-13T10:23:29.823+0000] {logging_mixin.py:190} INFO - [2025-12-13T10:23:29.823+0000] {dag.py:4180} INFO - Setting next_dagrun for tutorial_taskflow_templates to 2025-12-12 00:00:00+00:00, run_after=2025-12-13 00:00:00+00:00
[2025-12-13T10:23:29.853+0000] {processor.py:208} INFO - Processing /home/airflow/.local/lib/python3.12/site-packages/airflow/example_dags/tutorial_taskflow_templates.py took 0.158 seconds
[2025-12-13T10:24:00.405+0000] {processor.py:186} INFO - Started process (PID=1048) to work on /home/airflow/.local/lib/python3.12/site-packages/airflow/example_dags/tutorial_taskflow_templates.py
[2025-12-13T10:24:00.407+0000] {processor.py:914} INFO - Processing file /home/airflow/.local/lib/python3.12/site-packages/airflow/example_dags/tutorial_taskflow_templates.py for tasks to queue
[2025-12-13T10:24:00.412+0000] {logging_mixin.py:190} INFO - [2025-12-13T10:24:00.411+0000] {dagbag.py:588} INFO - Filling up the DagBag from /home/airflow/.local/lib/python3.12/site-packages/airflow/example_dags/tutorial_taskflow_templates.py
[2025-12-13T10:24:00.450+0000] {processor.py:925} INFO - DAG(s) 'tutorial_taskflow_templates' retrieved from /home/airflow/.local/lib/python3.12/site-packages/airflow/example_dags/tutorial_taskflow_templates.py
[2025-12-13T10:24:00.505+0000] {logging_mixin.py:190} INFO - [2025-12-13T10:24:00.505+0000] {dag.py:3239} INFO - Sync 1 DAGs
[2025-12-13T10:24:00.567+0000] {logging_mixin.py:190} INFO - [2025-12-13T10:24:00.566+0000] {dag.py:4180} INFO - Setting next_dagrun for tutorial_taskflow_templates to 2025-12-12 00:00:00+00:00, run_after=2025-12-13 00:00:00+00:00
[2025-12-13T10:24:00.614+0000] {processor.py:208} INFO - Processing /home/airflow/.local/lib/python3.12/site-packages/airflow/example_dags/tutorial_taskflow_templates.py took 0.223 seconds
[2025-12-13T10:24:31.121+0000] {processor.py:186} INFO - Started process (PID=1111) to work on /home/airflow/.local/lib/python3.12/site-packages/airflow/example_dags/tutorial_taskflow_templates.py
[2025-12-13T10:24:31.125+0000] {processor.py:914} INFO - Processing file /home/airflow/.local/lib/python3.12/site-packages/airflow/example_dags/tutorial_taskflow_templates.py for tasks to queue
[2025-12-13T10:24:31.130+0000] {logging_mixin.py:190} INFO - [2025-12-13T10:24:31.130+0000] {dagbag.py:588} INFO - Filling up the DagBag from /home/airflow/.local/lib/python3.12/site-packages/airflow/example_dags/tutorial_taskflow_templates.py
[2025-12-13T10:24:31.159+0000] {processor.py:925} INFO - DAG(s) 'tutorial_taskflow_templates' retrieved from /home/airflow/.local/lib/python3.12/site-packages/airflow/example_dags/tutorial_taskflow_templates.py
[2025-12-13T10:24:31.202+0000] {logging_mixin.py:190} INFO - [2025-12-13T10:24:31.202+0000] {dag.py:3239} INFO - Sync 1 DAGs
[2025-12-13T10:24:31.276+0000] {logging_mixin.py:190} INFO - [2025-12-13T10:24:31.276+0000] {dag.py:4180} INFO - Setting next_dagrun for tutorial_taskflow_templates to 2025-12-12 00:00:00+00:00, run_after=2025-12-13 00:00:00+00:00
[2025-12-13T10:24:31.310+0000] {processor.py:208} INFO - Processing /home/airflow/.local/lib/python3.12/site-packages/airflow/example_dags/tutorial_taskflow_templates.py took 0.204 seconds
[2025-12-13T10:25:01.488+0000] {processor.py:186} INFO - Started process (PID=1173) to work on /home/airflow/.local/lib/python3.12/site-packages/airflow/example_dags/tutorial_taskflow_templates.py
[2025-12-13T10:25:01.489+0000] {processor.py:914} INFO - Processing file /home/airflow/.local/lib/python3.12/site-packages/airflow/example_dags/tutorial_taskflow_templates.py for tasks to queue
[2025-12-13T10:25:01.492+0000] {logging_mixin.py:190} INFO - [2025-12-13T10:25:01.491+0000] {dagbag.py:588} INFO - Filling up the DagBag from /home/airflow/.local/lib/python3.12/site-packages/airflow/example_dags/tutorial_taskflow_templates.py
[2025-12-13T10:25:01.511+0000] {processor.py:925} INFO - DAG(s) 'tutorial_taskflow_templates' retrieved from /home/airflow/.local/lib/python3.12/site-packages/airflow/example_dags/tutorial_taskflow_templates.py
[2025-12-13T10:25:01.547+0000] {logging_mixin.py:190} INFO - [2025-12-13T10:25:01.547+0000] {dag.py:3239} INFO - Sync 1 DAGs
[2025-12-13T10:25:01.594+0000] {logging_mixin.py:190} INFO - [2025-12-13T10:25:01.594+0000] {dag.py:4180} INFO - Setting next_dagrun for tutorial_taskflow_templates to 2025-12-12 00:00:00+00:00, run_after=2025-12-13 00:00:00+00:00
[2025-12-13T10:25:01.621+0000] {processor.py:208} INFO - Processing /home/airflow/.local/lib/python3.12/site-packages/airflow/example_dags/tutorial_taskflow_templates.py took 0.146 seconds
[2025-12-13T10:25:31.987+0000] {processor.py:186} INFO - Started process (PID=1236) to work on /home/airflow/.local/lib/python3.12/site-packages/airflow/example_dags/tutorial_taskflow_templates.py
[2025-12-13T10:25:31.989+0000] {processor.py:914} INFO - Processing file /home/airflow/.local/lib/python3.12/site-packages/airflow/example_dags/tutorial_taskflow_templates.py for tasks to queue
[2025-12-13T10:25:31.995+0000] {logging_mixin.py:190} INFO - [2025-12-13T10:25:31.994+0000] {dagbag.py:588} INFO - Filling up the DagBag from /home/airflow/.local/lib/python3.12/site-packages/airflow/example_dags/tutorial_taskflow_templates.py
[2025-12-13T10:25:32.040+0000] {processor.py:925} INFO - DAG(s) 'tutorial_taskflow_templates' retrieved from /home/airflow/.local/lib/python3.12/site-packages/airflow/example_dags/tutorial_taskflow_templates.py
[2025-12-13T10:25:32.095+0000] {logging_mixin.py:190} INFO - [2025-12-13T10:25:32.091+0000] {dag.py:3239} INFO - Sync 1 DAGs
[2025-12-13T10:25:32.166+0000] {logging_mixin.py:190} INFO - [2025-12-13T10:25:32.165+0000] {dag.py:4180} INFO - Setting next_dagrun for tutorial_taskflow_templates to 2025-12-12 00:00:00+00:00, run_after=2025-12-13 00:00:00+00:00
[2025-12-13T10:25:32.226+0000] {processor.py:208} INFO - Processing /home/airflow/.local/lib/python3.12/site-packages/airflow/example_dags/tutorial_taskflow_templates.py took 0.263 seconds
[2025-12-13T10:26:02.490+0000] {processor.py:186} INFO - Started process (PID=1299) to work on /home/airflow/.local/lib/python3.12/site-packages/airflow/example_dags/tutorial_taskflow_templates.py
[2025-12-13T10:26:02.492+0000] {processor.py:914} INFO - Processing file /home/airflow/.local/lib/python3.12/site-packages/airflow/example_dags/tutorial_taskflow_templates.py for tasks to queue
[2025-12-13T10:26:02.497+0000] {logging_mixin.py:190} INFO - [2025-12-13T10:26:02.496+0000] {dagbag.py:588} INFO - Filling up the DagBag from /home/airflow/.local/lib/python3.12/site-packages/airflow/example_dags/tutorial_taskflow_templates.py
[2025-12-13T10:26:02.528+0000] {processor.py:925} INFO - DAG(s) 'tutorial_taskflow_templates' retrieved from /home/airflow/.local/lib/python3.12/site-packages/airflow/example_dags/tutorial_taskflow_templates.py
[2025-12-13T10:26:02.579+0000] {logging_mixin.py:190} INFO - [2025-12-13T10:26:02.578+0000] {dag.py:3239} INFO - Sync 1 DAGs
[2025-12-13T10:26:02.650+0000] {logging_mixin.py:190} INFO - [2025-12-13T10:26:02.649+0000] {dag.py:4180} INFO - Setting next_dagrun for tutorial_taskflow_templates to 2025-12-12 00:00:00+00:00, run_after=2025-12-13 00:00:00+00:00
[2025-12-13T10:26:02.693+0000] {processor.py:208} INFO - Processing /home/airflow/.local/lib/python3.12/site-packages/airflow/example_dags/tutorial_taskflow_templates.py took 0.218 seconds
[2025-12-13T10:26:33.003+0000] {processor.py:186} INFO - Started process (PID=1362) to work on /home/airflow/.local/lib/python3.12/site-packages/airflow/example_dags/tutorial_taskflow_templates.py
[2025-12-13T10:26:33.004+0000] {processor.py:914} INFO - Processing file /home/airflow/.local/lib/python3.12/site-packages/airflow/example_dags/tutorial_taskflow_templates.py for tasks to queue
[2025-12-13T10:26:33.008+0000] {logging_mixin.py:190} INFO - [2025-12-13T10:26:33.008+0000] {dagbag.py:588} INFO - Filling up the DagBag from /home/airflow/.local/lib/python3.12/site-packages/airflow/example_dags/tutorial_taskflow_templates.py
[2025-12-13T10:26:33.034+0000] {processor.py:925} INFO - DAG(s) 'tutorial_taskflow_templates' retrieved from /home/airflow/.local/lib/python3.12/site-packages/airflow/example_dags/tutorial_taskflow_templates.py
[2025-12-13T10:26:33.069+0000] {logging_mixin.py:190} INFO - [2025-12-13T10:26:33.068+0000] {dag.py:3239} INFO - Sync 1 DAGs
[2025-12-13T10:26:33.119+0000] {logging_mixin.py:190} INFO - [2025-12-13T10:26:33.119+0000] {dag.py:4180} INFO - Setting next_dagrun for tutorial_taskflow_templates to 2025-12-12 00:00:00+00:00, run_after=2025-12-13 00:00:00+00:00
[2025-12-13T10:26:33.154+0000] {processor.py:208} INFO - Processing /home/airflow/.local/lib/python3.12/site-packages/airflow/example_dags/tutorial_taskflow_templates.py took 0.160 seconds
[2025-12-13T10:27:03.482+0000] {processor.py:186} INFO - Started process (PID=1424) to work on /home/airflow/.local/lib/python3.12/site-packages/airflow/example_dags/tutorial_taskflow_templates.py
[2025-12-13T10:27:03.483+0000] {processor.py:914} INFO - Processing file /home/airflow/.local/lib/python3.12/site-packages/airflow/example_dags/tutorial_taskflow_templates.py for tasks to queue
[2025-12-13T10:27:03.487+0000] {logging_mixin.py:190} INFO - [2025-12-13T10:27:03.487+0000] {dagbag.py:588} INFO - Filling up the DagBag from /home/airflow/.local/lib/python3.12/site-packages/airflow/example_dags/tutorial_taskflow_templates.py
[2025-12-13T10:27:03.514+0000] {processor.py:925} INFO - DAG(s) 'tutorial_taskflow_templates' retrieved from /home/airflow/.local/lib/python3.12/site-packages/airflow/example_dags/tutorial_taskflow_templates.py
[2025-12-13T10:27:03.551+0000] {logging_mixin.py:190} INFO - [2025-12-13T10:27:03.551+0000] {dag.py:3239} INFO - Sync 1 DAGs
[2025-12-13T10:27:03.603+0000] {logging_mixin.py:190} INFO - [2025-12-13T10:27:03.603+0000] {dag.py:4180} INFO - Setting next_dagrun for tutorial_taskflow_templates to 2025-12-12 00:00:00+00:00, run_after=2025-12-13 00:00:00+00:00
[2025-12-13T10:27:03.636+0000] {processor.py:208} INFO - Processing /home/airflow/.local/lib/python3.12/site-packages/airflow/example_dags/tutorial_taskflow_templates.py took 0.165 seconds
[2025-12-13T10:27:33.858+0000] {processor.py:186} INFO - Started process (PID=1486) to work on /home/airflow/.local/lib/python3.12/site-packages/airflow/example_dags/tutorial_taskflow_templates.py
[2025-12-13T10:27:33.863+0000] {processor.py:914} INFO - Processing file /home/airflow/.local/lib/python3.12/site-packages/airflow/example_dags/tutorial_taskflow_templates.py for tasks to queue
[2025-12-13T10:27:33.869+0000] {logging_mixin.py:190} INFO - [2025-12-13T10:27:33.868+0000] {dagbag.py:588} INFO - Filling up the DagBag from /home/airflow/.local/lib/python3.12/site-packages/airflow/example_dags/tutorial_taskflow_templates.py
[2025-12-13T10:27:33.934+0000] {processor.py:925} INFO - DAG(s) 'tutorial_taskflow_templates' retrieved from /home/airflow/.local/lib/python3.12/site-packages/airflow/example_dags/tutorial_taskflow_templates.py
[2025-12-13T10:27:34.043+0000] {logging_mixin.py:190} INFO - [2025-12-13T10:27:34.042+0000] {dag.py:3239} INFO - Sync 1 DAGs
[2025-12-13T10:27:34.141+0000] {logging_mixin.py:190} INFO - [2025-12-13T10:27:34.140+0000] {dag.py:4180} INFO - Setting next_dagrun for tutorial_taskflow_templates to 2025-12-12 00:00:00+00:00, run_after=2025-12-13 00:00:00+00:00
[2025-12-13T10:27:34.198+0000] {processor.py:208} INFO - Processing /home/airflow/.local/lib/python3.12/site-packages/airflow/example_dags/tutorial_taskflow_templates.py took 0.362 seconds
[2025-12-13T10:28:04.423+0000] {processor.py:186} INFO - Started process (PID=1548) to work on /home/airflow/.local/lib/python3.12/site-packages/airflow/example_dags/tutorial_taskflow_templates.py
[2025-12-13T10:28:04.426+0000] {processor.py:914} INFO - Processing file /home/airflow/.local/lib/python3.12/site-packages/airflow/example_dags/tutorial_taskflow_templates.py for tasks to queue
[2025-12-13T10:28:04.430+0000] {logging_mixin.py:190} INFO - [2025-12-13T10:28:04.430+0000] {dagbag.py:588} INFO - Filling up the DagBag from /home/airflow/.local/lib/python3.12/site-packages/airflow/example_dags/tutorial_taskflow_templates.py
[2025-12-13T10:28:04.457+0000] {processor.py:925} INFO - DAG(s) 'tutorial_taskflow_templates' retrieved from /home/airflow/.local/lib/python3.12/site-packages/airflow/example_dags/tutorial_taskflow_templates.py
[2025-12-13T10:28:04.497+0000] {logging_mixin.py:190} INFO - [2025-12-13T10:28:04.496+0000] {dag.py:3239} INFO - Sync 1 DAGs
[2025-12-13T10:28:04.558+0000] {logging_mixin.py:190} INFO - [2025-12-13T10:28:04.558+0000] {dag.py:4180} INFO - Setting next_dagrun for tutorial_taskflow_templates to 2025-12-12 00:00:00+00:00, run_after=2025-12-13 00:00:00+00:00
[2025-12-13T10:28:04.593+0000] {processor.py:208} INFO - Processing /home/airflow/.local/lib/python3.12/site-packages/airflow/example_dags/tutorial_taskflow_templates.py took 0.182 seconds
[2025-12-13T10:28:43.260+0000] {processor.py:186} INFO - Started process (PID=1615) to work on /home/airflow/.local/lib/python3.12/site-packages/airflow/example_dags/tutorial_taskflow_templates.py
[2025-12-13T10:28:43.262+0000] {processor.py:914} INFO - Processing file /home/airflow/.local/lib/python3.12/site-packages/airflow/example_dags/tutorial_taskflow_templates.py for tasks to queue
[2025-12-13T10:28:43.270+0000] {logging_mixin.py:190} INFO - [2025-12-13T10:28:43.267+0000] {dagbag.py:588} INFO - Filling up the DagBag from /home/airflow/.local/lib/python3.12/site-packages/airflow/example_dags/tutorial_taskflow_templates.py
[2025-12-13T10:28:43.356+0000] {processor.py:925} INFO - DAG(s) 'tutorial_taskflow_templates' retrieved from /home/airflow/.local/lib/python3.12/site-packages/airflow/example_dags/tutorial_taskflow_templates.py
[2025-12-13T10:28:43.500+0000] {logging_mixin.py:190} INFO - [2025-12-13T10:28:43.499+0000] {dag.py:3239} INFO - Sync 1 DAGs
[2025-12-13T10:28:43.678+0000] {logging_mixin.py:190} INFO - [2025-12-13T10:28:43.678+0000] {dag.py:4180} INFO - Setting next_dagrun for tutorial_taskflow_templates to 2025-12-12 00:00:00+00:00, run_after=2025-12-13 00:00:00+00:00
[2025-12-13T10:28:43.776+0000] {processor.py:208} INFO - Processing /home/airflow/.local/lib/python3.12/site-packages/airflow/example_dags/tutorial_taskflow_templates.py took 0.592 seconds
[2025-12-13T10:29:13.959+0000] {processor.py:186} INFO - Started process (PID=1679) to work on /home/airflow/.local/lib/python3.12/site-packages/airflow/example_dags/tutorial_taskflow_templates.py
[2025-12-13T10:29:13.960+0000] {processor.py:914} INFO - Processing file /home/airflow/.local/lib/python3.12/site-packages/airflow/example_dags/tutorial_taskflow_templates.py for tasks to queue
[2025-12-13T10:29:13.963+0000] {logging_mixin.py:190} INFO - [2025-12-13T10:29:13.962+0000] {dagbag.py:588} INFO - Filling up the DagBag from /home/airflow/.local/lib/python3.12/site-packages/airflow/example_dags/tutorial_taskflow_templates.py
[2025-12-13T10:29:13.984+0000] {processor.py:925} INFO - DAG(s) 'tutorial_taskflow_templates' retrieved from /home/airflow/.local/lib/python3.12/site-packages/airflow/example_dags/tutorial_taskflow_templates.py
[2025-12-13T10:29:14.017+0000] {logging_mixin.py:190} INFO - [2025-12-13T10:29:14.016+0000] {dag.py:3239} INFO - Sync 1 DAGs
[2025-12-13T10:29:14.062+0000] {logging_mixin.py:190} INFO - [2025-12-13T10:29:14.062+0000] {dag.py:4180} INFO - Setting next_dagrun for tutorial_taskflow_templates to 2025-12-12 00:00:00+00:00, run_after=2025-12-13 00:00:00+00:00
[2025-12-13T10:29:14.088+0000] {processor.py:208} INFO - Processing /home/airflow/.local/lib/python3.12/site-packages/airflow/example_dags/tutorial_taskflow_templates.py took 0.138 seconds
[2025-12-13T10:29:44.239+0000] {processor.py:186} INFO - Started process (PID=1740) to work on /home/airflow/.local/lib/python3.12/site-packages/airflow/example_dags/tutorial_taskflow_templates.py
[2025-12-13T10:29:44.240+0000] {processor.py:914} INFO - Processing file /home/airflow/.local/lib/python3.12/site-packages/airflow/example_dags/tutorial_taskflow_templates.py for tasks to queue
[2025-12-13T10:29:44.245+0000] {logging_mixin.py:190} INFO - [2025-12-13T10:29:44.245+0000] {dagbag.py:588} INFO - Filling up the DagBag from /home/airflow/.local/lib/python3.12/site-packages/airflow/example_dags/tutorial_taskflow_templates.py
[2025-12-13T10:29:44.279+0000] {processor.py:925} INFO - DAG(s) 'tutorial_taskflow_templates' retrieved from /home/airflow/.local/lib/python3.12/site-packages/airflow/example_dags/tutorial_taskflow_templates.py
[2025-12-13T10:29:44.321+0000] {logging_mixin.py:190} INFO - [2025-12-13T10:29:44.320+0000] {dag.py:3239} INFO - Sync 1 DAGs
[2025-12-13T10:29:44.371+0000] {logging_mixin.py:190} INFO - [2025-12-13T10:29:44.371+0000] {dag.py:4180} INFO - Setting next_dagrun for tutorial_taskflow_templates to 2025-12-12 00:00:00+00:00, run_after=2025-12-13 00:00:00+00:00
[2025-12-13T10:29:44.403+0000] {processor.py:208} INFO - Processing /home/airflow/.local/lib/python3.12/site-packages/airflow/example_dags/tutorial_taskflow_templates.py took 0.176 seconds
[2025-12-13T10:30:16.069+0000] {processor.py:186} INFO - Started process (PID=1806) to work on /home/airflow/.local/lib/python3.12/site-packages/airflow/example_dags/tutorial_taskflow_templates.py
[2025-12-13T10:30:16.073+0000] {processor.py:914} INFO - Processing file /home/airflow/.local/lib/python3.12/site-packages/airflow/example_dags/tutorial_taskflow_templates.py for tasks to queue
[2025-12-13T10:30:16.078+0000] {logging_mixin.py:190} INFO - [2025-12-13T10:30:16.078+0000] {dagbag.py:588} INFO - Filling up the DagBag from /home/airflow/.local/lib/python3.12/site-packages/airflow/example_dags/tutorial_taskflow_templates.py
[2025-12-13T10:30:16.123+0000] {processor.py:925} INFO - DAG(s) 'tutorial_taskflow_templates' retrieved from /home/airflow/.local/lib/python3.12/site-packages/airflow/example_dags/tutorial_taskflow_templates.py
[2025-12-13T10:30:16.184+0000] {logging_mixin.py:190} INFO - [2025-12-13T10:30:16.183+0000] {dag.py:3239} INFO - Sync 1 DAGs
[2025-12-13T10:30:16.245+0000] {logging_mixin.py:190} INFO - [2025-12-13T10:30:16.245+0000] {dag.py:4180} INFO - Setting next_dagrun for tutorial_taskflow_templates to 2025-12-12 00:00:00+00:00, run_after=2025-12-13 00:00:00+00:00
[2025-12-13T10:30:16.299+0000] {processor.py:208} INFO - Processing /home/airflow/.local/lib/python3.12/site-packages/airflow/example_dags/tutorial_taskflow_templates.py took 0.250 seconds
[2025-12-13T10:30:46.848+0000] {processor.py:186} INFO - Started process (PID=1869) to work on /home/airflow/.local/lib/python3.12/site-packages/airflow/example_dags/tutorial_taskflow_templates.py
[2025-12-13T10:30:46.851+0000] {processor.py:914} INFO - Processing file /home/airflow/.local/lib/python3.12/site-packages/airflow/example_dags/tutorial_taskflow_templates.py for tasks to queue
[2025-12-13T10:30:46.856+0000] {logging_mixin.py:190} INFO - [2025-12-13T10:30:46.855+0000] {dagbag.py:588} INFO - Filling up the DagBag from /home/airflow/.local/lib/python3.12/site-packages/airflow/example_dags/tutorial_taskflow_templates.py
[2025-12-13T10:30:46.890+0000] {processor.py:925} INFO - DAG(s) 'tutorial_taskflow_templates' retrieved from /home/airflow/.local/lib/python3.12/site-packages/airflow/example_dags/tutorial_taskflow_templates.py
[2025-12-13T10:30:46.943+0000] {logging_mixin.py:190} INFO - [2025-12-13T10:30:46.942+0000] {dag.py:3239} INFO - Sync 1 DAGs
[2025-12-13T10:30:47.003+0000] {logging_mixin.py:190} INFO - [2025-12-13T10:30:47.002+0000] {dag.py:4180} INFO - Setting next_dagrun for tutorial_taskflow_templates to 2025-12-12 00:00:00+00:00, run_after=2025-12-13 00:00:00+00:00
[2025-12-13T10:30:47.047+0000] {processor.py:208} INFO - Processing /home/airflow/.local/lib/python3.12/site-packages/airflow/example_dags/tutorial_taskflow_templates.py took 0.224 seconds
[2025-12-13T10:31:17.536+0000] {processor.py:186} INFO - Started process (PID=1930) to work on /home/airflow/.local/lib/python3.12/site-packages/airflow/example_dags/tutorial_taskflow_templates.py
[2025-12-13T10:31:17.539+0000] {processor.py:914} INFO - Processing file /home/airflow/.local/lib/python3.12/site-packages/airflow/example_dags/tutorial_taskflow_templates.py for tasks to queue
[2025-12-13T10:31:17.544+0000] {logging_mixin.py:190} INFO - [2025-12-13T10:31:17.543+0000] {dagbag.py:588} INFO - Filling up the DagBag from /home/airflow/.local/lib/python3.12/site-packages/airflow/example_dags/tutorial_taskflow_templates.py
[2025-12-13T10:31:17.581+0000] {processor.py:925} INFO - DAG(s) 'tutorial_taskflow_templates' retrieved from /home/airflow/.local/lib/python3.12/site-packages/airflow/example_dags/tutorial_taskflow_templates.py
[2025-12-13T10:31:17.631+0000] {logging_mixin.py:190} INFO - [2025-12-13T10:31:17.631+0000] {dag.py:3239} INFO - Sync 1 DAGs
[2025-12-13T10:31:17.715+0000] {logging_mixin.py:190} INFO - [2025-12-13T10:31:17.714+0000] {dag.py:4180} INFO - Setting next_dagrun for tutorial_taskflow_templates to 2025-12-12 00:00:00+00:00, run_after=2025-12-13 00:00:00+00:00
[2025-12-13T10:31:17.761+0000] {processor.py:208} INFO - Processing /home/airflow/.local/lib/python3.12/site-packages/airflow/example_dags/tutorial_taskflow_templates.py took 0.238 seconds
[2025-12-13T10:31:47.881+0000] {processor.py:186} INFO - Started process (PID=1994) to work on /home/airflow/.local/lib/python3.12/site-packages/airflow/example_dags/tutorial_taskflow_templates.py
[2025-12-13T10:31:47.882+0000] {processor.py:914} INFO - Processing file /home/airflow/.local/lib/python3.12/site-packages/airflow/example_dags/tutorial_taskflow_templates.py for tasks to queue
[2025-12-13T10:31:47.887+0000] {logging_mixin.py:190} INFO - [2025-12-13T10:31:47.886+0000] {dagbag.py:588} INFO - Filling up the DagBag from /home/airflow/.local/lib/python3.12/site-packages/airflow/example_dags/tutorial_taskflow_templates.py
[2025-12-13T10:31:47.909+0000] {processor.py:925} INFO - DAG(s) 'tutorial_taskflow_templates' retrieved from /home/airflow/.local/lib/python3.12/site-packages/airflow/example_dags/tutorial_taskflow_templates.py
[2025-12-13T10:31:47.940+0000] {logging_mixin.py:190} INFO - [2025-12-13T10:31:47.940+0000] {dag.py:3239} INFO - Sync 1 DAGs
[2025-12-13T10:31:47.978+0000] {logging_mixin.py:190} INFO - [2025-12-13T10:31:47.978+0000] {dag.py:4180} INFO - Setting next_dagrun for tutorial_taskflow_templates to 2025-12-12 00:00:00+00:00, run_after=2025-12-13 00:00:00+00:00
[2025-12-13T10:31:48.004+0000] {processor.py:208} INFO - Processing /home/airflow/.local/lib/python3.12/site-packages/airflow/example_dags/tutorial_taskflow_templates.py took 0.131 seconds
[2025-12-13T10:32:18.597+0000] {processor.py:186} INFO - Started process (PID=2056) to work on /home/airflow/.local/lib/python3.12/site-packages/airflow/example_dags/tutorial_taskflow_templates.py
[2025-12-13T10:32:18.598+0000] {processor.py:914} INFO - Processing file /home/airflow/.local/lib/python3.12/site-packages/airflow/example_dags/tutorial_taskflow_templates.py for tasks to queue
[2025-12-13T10:32:18.603+0000] {logging_mixin.py:190} INFO - [2025-12-13T10:32:18.602+0000] {dagbag.py:588} INFO - Filling up the DagBag from /home/airflow/.local/lib/python3.12/site-packages/airflow/example_dags/tutorial_taskflow_templates.py
[2025-12-13T10:32:18.627+0000] {processor.py:925} INFO - DAG(s) 'tutorial_taskflow_templates' retrieved from /home/airflow/.local/lib/python3.12/site-packages/airflow/example_dags/tutorial_taskflow_templates.py
[2025-12-13T10:32:18.661+0000] {logging_mixin.py:190} INFO - [2025-12-13T10:32:18.661+0000] {dag.py:3239} INFO - Sync 1 DAGs
[2025-12-13T10:32:18.713+0000] {logging_mixin.py:190} INFO - [2025-12-13T10:32:18.712+0000] {dag.py:4180} INFO - Setting next_dagrun for tutorial_taskflow_templates to 2025-12-12 00:00:00+00:00, run_after=2025-12-13 00:00:00+00:00
[2025-12-13T10:32:18.745+0000] {processor.py:208} INFO - Processing /home/airflow/.local/lib/python3.12/site-packages/airflow/example_dags/tutorial_taskflow_templates.py took 0.158 seconds
[2025-12-13T10:32:49.683+0000] {processor.py:186} INFO - Started process (PID=2119) to work on /home/airflow/.local/lib/python3.12/site-packages/airflow/example_dags/tutorial_taskflow_templates.py
[2025-12-13T10:32:49.685+0000] {processor.py:914} INFO - Processing file /home/airflow/.local/lib/python3.12/site-packages/airflow/example_dags/tutorial_taskflow_templates.py for tasks to queue
[2025-12-13T10:32:49.697+0000] {logging_mixin.py:190} INFO - [2025-12-13T10:32:49.696+0000] {dagbag.py:588} INFO - Filling up the DagBag from /home/airflow/.local/lib/python3.12/site-packages/airflow/example_dags/tutorial_taskflow_templates.py
[2025-12-13T10:32:49.733+0000] {processor.py:925} INFO - DAG(s) 'tutorial_taskflow_templates' retrieved from /home/airflow/.local/lib/python3.12/site-packages/airflow/example_dags/tutorial_taskflow_templates.py
[2025-12-13T10:32:49.799+0000] {logging_mixin.py:190} INFO - [2025-12-13T10:32:49.798+0000] {dag.py:3239} INFO - Sync 1 DAGs
[2025-12-13T10:32:49.893+0000] {logging_mixin.py:190} INFO - [2025-12-13T10:32:49.892+0000] {dag.py:4180} INFO - Setting next_dagrun for tutorial_taskflow_templates to 2025-12-12 00:00:00+00:00, run_after=2025-12-13 00:00:00+00:00
[2025-12-13T10:32:49.990+0000] {processor.py:208} INFO - Processing /home/airflow/.local/lib/python3.12/site-packages/airflow/example_dags/tutorial_taskflow_templates.py took 0.322 seconds
[2025-12-13T10:33:20.689+0000] {processor.py:186} INFO - Started process (PID=2182) to work on /home/airflow/.local/lib/python3.12/site-packages/airflow/example_dags/tutorial_taskflow_templates.py
[2025-12-13T10:33:20.690+0000] {processor.py:914} INFO - Processing file /home/airflow/.local/lib/python3.12/site-packages/airflow/example_dags/tutorial_taskflow_templates.py for tasks to queue
[2025-12-13T10:33:20.695+0000] {logging_mixin.py:190} INFO - [2025-12-13T10:33:20.694+0000] {dagbag.py:588} INFO - Filling up the DagBag from /home/airflow/.local/lib/python3.12/site-packages/airflow/example_dags/tutorial_taskflow_templates.py
[2025-12-13T10:33:20.726+0000] {processor.py:925} INFO - DAG(s) 'tutorial_taskflow_templates' retrieved from /home/airflow/.local/lib/python3.12/site-packages/airflow/example_dags/tutorial_taskflow_templates.py
[2025-12-13T10:33:20.766+0000] {logging_mixin.py:190} INFO - [2025-12-13T10:33:20.766+0000] {dag.py:3239} INFO - Sync 1 DAGs
[2025-12-13T10:33:20.819+0000] {logging_mixin.py:190} INFO - [2025-12-13T10:33:20.819+0000] {dag.py:4180} INFO - Setting next_dagrun for tutorial_taskflow_templates to 2025-12-12 00:00:00+00:00, run_after=2025-12-13 00:00:00+00:00
[2025-12-13T10:33:20.880+0000] {processor.py:208} INFO - Processing /home/airflow/.local/lib/python3.12/site-packages/airflow/example_dags/tutorial_taskflow_templates.py took 0.205 seconds
[2025-12-13T10:33:51.708+0000] {processor.py:186} INFO - Started process (PID=2244) to work on /home/airflow/.local/lib/python3.12/site-packages/airflow/example_dags/tutorial_taskflow_templates.py
[2025-12-13T10:33:51.711+0000] {processor.py:914} INFO - Processing file /home/airflow/.local/lib/python3.12/site-packages/airflow/example_dags/tutorial_taskflow_templates.py for tasks to queue
[2025-12-13T10:33:51.716+0000] {logging_mixin.py:190} INFO - [2025-12-13T10:33:51.715+0000] {dagbag.py:588} INFO - Filling up the DagBag from /home/airflow/.local/lib/python3.12/site-packages/airflow/example_dags/tutorial_taskflow_templates.py
[2025-12-13T10:33:51.739+0000] {processor.py:925} INFO - DAG(s) 'tutorial_taskflow_templates' retrieved from /home/airflow/.local/lib/python3.12/site-packages/airflow/example_dags/tutorial_taskflow_templates.py
[2025-12-13T10:33:51.771+0000] {logging_mixin.py:190} INFO - [2025-12-13T10:33:51.771+0000] {dag.py:3239} INFO - Sync 1 DAGs
[2025-12-13T10:33:51.816+0000] {logging_mixin.py:190} INFO - [2025-12-13T10:33:51.815+0000] {dag.py:4180} INFO - Setting next_dagrun for tutorial_taskflow_templates to 2025-12-12 00:00:00+00:00, run_after=2025-12-13 00:00:00+00:00
[2025-12-13T10:33:51.847+0000] {processor.py:208} INFO - Processing /home/airflow/.local/lib/python3.12/site-packages/airflow/example_dags/tutorial_taskflow_templates.py took 0.150 seconds
[2025-12-13T10:34:22.045+0000] {processor.py:186} INFO - Started process (PID=2307) to work on /home/airflow/.local/lib/python3.12/site-packages/airflow/example_dags/tutorial_taskflow_templates.py
[2025-12-13T10:34:22.050+0000] {processor.py:914} INFO - Processing file /home/airflow/.local/lib/python3.12/site-packages/airflow/example_dags/tutorial_taskflow_templates.py for tasks to queue
[2025-12-13T10:34:22.055+0000] {logging_mixin.py:190} INFO - [2025-12-13T10:34:22.054+0000] {dagbag.py:588} INFO - Filling up the DagBag from /home/airflow/.local/lib/python3.12/site-packages/airflow/example_dags/tutorial_taskflow_templates.py
[2025-12-13T10:34:22.100+0000] {processor.py:925} INFO - DAG(s) 'tutorial_taskflow_templates' retrieved from /home/airflow/.local/lib/python3.12/site-packages/airflow/example_dags/tutorial_taskflow_templates.py
[2025-12-13T10:34:22.147+0000] {logging_mixin.py:190} INFO - [2025-12-13T10:34:22.147+0000] {dag.py:3239} INFO - Sync 1 DAGs
[2025-12-13T10:34:22.206+0000] {logging_mixin.py:190} INFO - [2025-12-13T10:34:22.206+0000] {dag.py:4180} INFO - Setting next_dagrun for tutorial_taskflow_templates to 2025-12-12 00:00:00+00:00, run_after=2025-12-13 00:00:00+00:00
[2025-12-13T10:34:22.244+0000] {processor.py:208} INFO - Processing /home/airflow/.local/lib/python3.12/site-packages/airflow/example_dags/tutorial_taskflow_templates.py took 0.218 seconds
[2025-12-13T10:34:52.456+0000] {processor.py:186} INFO - Started process (PID=2370) to work on /home/airflow/.local/lib/python3.12/site-packages/airflow/example_dags/tutorial_taskflow_templates.py
[2025-12-13T10:34:52.460+0000] {processor.py:914} INFO - Processing file /home/airflow/.local/lib/python3.12/site-packages/airflow/example_dags/tutorial_taskflow_templates.py for tasks to queue
[2025-12-13T10:34:52.463+0000] {logging_mixin.py:190} INFO - [2025-12-13T10:34:52.462+0000] {dagbag.py:588} INFO - Filling up the DagBag from /home/airflow/.local/lib/python3.12/site-packages/airflow/example_dags/tutorial_taskflow_templates.py
[2025-12-13T10:34:52.488+0000] {processor.py:925} INFO - DAG(s) 'tutorial_taskflow_templates' retrieved from /home/airflow/.local/lib/python3.12/site-packages/airflow/example_dags/tutorial_taskflow_templates.py
[2025-12-13T10:34:52.522+0000] {logging_mixin.py:190} INFO - [2025-12-13T10:34:52.521+0000] {dag.py:3239} INFO - Sync 1 DAGs
[2025-12-13T10:34:52.561+0000] {logging_mixin.py:190} INFO - [2025-12-13T10:34:52.560+0000] {dag.py:4180} INFO - Setting next_dagrun for tutorial_taskflow_templates to 2025-12-12 00:00:00+00:00, run_after=2025-12-13 00:00:00+00:00
[2025-12-13T10:34:52.589+0000] {processor.py:208} INFO - Processing /home/airflow/.local/lib/python3.12/site-packages/airflow/example_dags/tutorial_taskflow_templates.py took 0.143 seconds
[2025-12-13T10:35:23.513+0000] {processor.py:186} INFO - Started process (PID=2433) to work on /home/airflow/.local/lib/python3.12/site-packages/airflow/example_dags/tutorial_taskflow_templates.py
[2025-12-13T10:35:23.515+0000] {processor.py:914} INFO - Processing file /home/airflow/.local/lib/python3.12/site-packages/airflow/example_dags/tutorial_taskflow_templates.py for tasks to queue
[2025-12-13T10:35:23.520+0000] {logging_mixin.py:190} INFO - [2025-12-13T10:35:23.519+0000] {dagbag.py:588} INFO - Filling up the DagBag from /home/airflow/.local/lib/python3.12/site-packages/airflow/example_dags/tutorial_taskflow_templates.py
[2025-12-13T10:35:23.552+0000] {processor.py:925} INFO - DAG(s) 'tutorial_taskflow_templates' retrieved from /home/airflow/.local/lib/python3.12/site-packages/airflow/example_dags/tutorial_taskflow_templates.py
[2025-12-13T10:35:23.594+0000] {logging_mixin.py:190} INFO - [2025-12-13T10:35:23.594+0000] {dag.py:3239} INFO - Sync 1 DAGs
[2025-12-13T10:35:23.648+0000] {logging_mixin.py:190} INFO - [2025-12-13T10:35:23.647+0000] {dag.py:4180} INFO - Setting next_dagrun for tutorial_taskflow_templates to 2025-12-12 00:00:00+00:00, run_after=2025-12-13 00:00:00+00:00
[2025-12-13T10:35:23.682+0000] {processor.py:208} INFO - Processing /home/airflow/.local/lib/python3.12/site-packages/airflow/example_dags/tutorial_taskflow_templates.py took 0.191 seconds
[2025-12-13T10:35:53.992+0000] {processor.py:186} INFO - Started process (PID=2496) to work on /home/airflow/.local/lib/python3.12/site-packages/airflow/example_dags/tutorial_taskflow_templates.py
[2025-12-13T10:35:53.995+0000] {processor.py:914} INFO - Processing file /home/airflow/.local/lib/python3.12/site-packages/airflow/example_dags/tutorial_taskflow_templates.py for tasks to queue
[2025-12-13T10:35:54.004+0000] {logging_mixin.py:190} INFO - [2025-12-13T10:35:54.003+0000] {dagbag.py:588} INFO - Filling up the DagBag from /home/airflow/.local/lib/python3.12/site-packages/airflow/example_dags/tutorial_taskflow_templates.py
[2025-12-13T10:35:54.065+0000] {processor.py:925} INFO - DAG(s) 'tutorial_taskflow_templates' retrieved from /home/airflow/.local/lib/python3.12/site-packages/airflow/example_dags/tutorial_taskflow_templates.py
[2025-12-13T10:35:54.150+0000] {logging_mixin.py:190} INFO - [2025-12-13T10:35:54.150+0000] {dag.py:3239} INFO - Sync 1 DAGs
[2025-12-13T10:35:54.309+0000] {logging_mixin.py:190} INFO - [2025-12-13T10:35:54.309+0000] {dag.py:4180} INFO - Setting next_dagrun for tutorial_taskflow_templates to 2025-12-12 00:00:00+00:00, run_after=2025-12-13 00:00:00+00:00
[2025-12-13T10:35:54.360+0000] {processor.py:208} INFO - Processing /home/airflow/.local/lib/python3.12/site-packages/airflow/example_dags/tutorial_taskflow_templates.py took 0.400 seconds
[2025-12-13T10:36:24.557+0000] {processor.py:186} INFO - Started process (PID=2560) to work on /home/airflow/.local/lib/python3.12/site-packages/airflow/example_dags/tutorial_taskflow_templates.py
[2025-12-13T10:36:24.558+0000] {processor.py:914} INFO - Processing file /home/airflow/.local/lib/python3.12/site-packages/airflow/example_dags/tutorial_taskflow_templates.py for tasks to queue
[2025-12-13T10:36:24.561+0000] {logging_mixin.py:190} INFO - [2025-12-13T10:36:24.560+0000] {dagbag.py:588} INFO - Filling up the DagBag from /home/airflow/.local/lib/python3.12/site-packages/airflow/example_dags/tutorial_taskflow_templates.py
[2025-12-13T10:36:24.582+0000] {processor.py:925} INFO - DAG(s) 'tutorial_taskflow_templates' retrieved from /home/airflow/.local/lib/python3.12/site-packages/airflow/example_dags/tutorial_taskflow_templates.py
[2025-12-13T10:36:24.615+0000] {logging_mixin.py:190} INFO - [2025-12-13T10:36:24.614+0000] {dag.py:3239} INFO - Sync 1 DAGs
[2025-12-13T10:36:24.652+0000] {logging_mixin.py:190} INFO - [2025-12-13T10:36:24.652+0000] {dag.py:4180} INFO - Setting next_dagrun for tutorial_taskflow_templates to 2025-12-12 00:00:00+00:00, run_after=2025-12-13 00:00:00+00:00
[2025-12-13T10:36:24.679+0000] {processor.py:208} INFO - Processing /home/airflow/.local/lib/python3.12/site-packages/airflow/example_dags/tutorial_taskflow_templates.py took 0.130 seconds
[2025-12-13T10:36:55.381+0000] {processor.py:186} INFO - Started process (PID=2622) to work on /home/airflow/.local/lib/python3.12/site-packages/airflow/example_dags/tutorial_taskflow_templates.py
[2025-12-13T10:36:55.384+0000] {processor.py:914} INFO - Processing file /home/airflow/.local/lib/python3.12/site-packages/airflow/example_dags/tutorial_taskflow_templates.py for tasks to queue
[2025-12-13T10:36:55.389+0000] {logging_mixin.py:190} INFO - [2025-12-13T10:36:55.388+0000] {dagbag.py:588} INFO - Filling up the DagBag from /home/airflow/.local/lib/python3.12/site-packages/airflow/example_dags/tutorial_taskflow_templates.py
[2025-12-13T10:36:55.415+0000] {processor.py:925} INFO - DAG(s) 'tutorial_taskflow_templates' retrieved from /home/airflow/.local/lib/python3.12/site-packages/airflow/example_dags/tutorial_taskflow_templates.py
[2025-12-13T10:36:55.452+0000] {logging_mixin.py:190} INFO - [2025-12-13T10:36:55.451+0000] {dag.py:3239} INFO - Sync 1 DAGs
[2025-12-13T10:36:55.498+0000] {logging_mixin.py:190} INFO - [2025-12-13T10:36:55.497+0000] {dag.py:4180} INFO - Setting next_dagrun for tutorial_taskflow_templates to 2025-12-12 00:00:00+00:00, run_after=2025-12-13 00:00:00+00:00
[2025-12-13T10:36:55.528+0000] {processor.py:208} INFO - Processing /home/airflow/.local/lib/python3.12/site-packages/airflow/example_dags/tutorial_taskflow_templates.py took 0.158 seconds
[2025-12-13T10:37:26.504+0000] {processor.py:186} INFO - Started process (PID=2685) to work on /home/airflow/.local/lib/python3.12/site-packages/airflow/example_dags/tutorial_taskflow_templates.py
[2025-12-13T10:37:26.505+0000] {processor.py:914} INFO - Processing file /home/airflow/.local/lib/python3.12/site-packages/airflow/example_dags/tutorial_taskflow_templates.py for tasks to queue
[2025-12-13T10:37:26.510+0000] {logging_mixin.py:190} INFO - [2025-12-13T10:37:26.509+0000] {dagbag.py:588} INFO - Filling up the DagBag from /home/airflow/.local/lib/python3.12/site-packages/airflow/example_dags/tutorial_taskflow_templates.py
[2025-12-13T10:37:26.542+0000] {processor.py:925} INFO - DAG(s) 'tutorial_taskflow_templates' retrieved from /home/airflow/.local/lib/python3.12/site-packages/airflow/example_dags/tutorial_taskflow_templates.py
[2025-12-13T10:37:26.589+0000] {logging_mixin.py:190} INFO - [2025-12-13T10:37:26.588+0000] {dag.py:3239} INFO - Sync 1 DAGs
[2025-12-13T10:37:26.645+0000] {logging_mixin.py:190} INFO - [2025-12-13T10:37:26.645+0000] {dag.py:4180} INFO - Setting next_dagrun for tutorial_taskflow_templates to 2025-12-12 00:00:00+00:00, run_after=2025-12-13 00:00:00+00:00
[2025-12-13T10:37:26.679+0000] {processor.py:208} INFO - Processing /home/airflow/.local/lib/python3.12/site-packages/airflow/example_dags/tutorial_taskflow_templates.py took 0.190 seconds
[2025-12-13T10:37:57.269+0000] {processor.py:186} INFO - Started process (PID=2748) to work on /home/airflow/.local/lib/python3.12/site-packages/airflow/example_dags/tutorial_taskflow_templates.py
[2025-12-13T10:37:57.271+0000] {processor.py:914} INFO - Processing file /home/airflow/.local/lib/python3.12/site-packages/airflow/example_dags/tutorial_taskflow_templates.py for tasks to queue
[2025-12-13T10:37:57.275+0000] {logging_mixin.py:190} INFO - [2025-12-13T10:37:57.274+0000] {dagbag.py:588} INFO - Filling up the DagBag from /home/airflow/.local/lib/python3.12/site-packages/airflow/example_dags/tutorial_taskflow_templates.py
[2025-12-13T10:37:57.303+0000] {processor.py:925} INFO - DAG(s) 'tutorial_taskflow_templates' retrieved from /home/airflow/.local/lib/python3.12/site-packages/airflow/example_dags/tutorial_taskflow_templates.py
[2025-12-13T10:37:57.352+0000] {logging_mixin.py:190} INFO - [2025-12-13T10:37:57.351+0000] {dag.py:3239} INFO - Sync 1 DAGs
[2025-12-13T10:37:57.775+0000] {logging_mixin.py:190} INFO - [2025-12-13T10:37:57.774+0000] {dag.py:4180} INFO - Setting next_dagrun for tutorial_taskflow_templates to 2025-12-12 00:00:00+00:00, run_after=2025-12-13 00:00:00+00:00
[2025-12-13T10:37:57.814+0000] {processor.py:208} INFO - Processing /home/airflow/.local/lib/python3.12/site-packages/airflow/example_dags/tutorial_taskflow_templates.py took 0.557 seconds
[2025-12-13T10:38:31.098+0000] {processor.py:186} INFO - Started process (PID=2812) to work on /home/airflow/.local/lib/python3.12/site-packages/airflow/example_dags/tutorial_taskflow_templates.py
[2025-12-13T10:38:31.099+0000] {processor.py:914} INFO - Processing file /home/airflow/.local/lib/python3.12/site-packages/airflow/example_dags/tutorial_taskflow_templates.py for tasks to queue
[2025-12-13T10:38:31.105+0000] {logging_mixin.py:190} INFO - [2025-12-13T10:38:31.104+0000] {dagbag.py:588} INFO - Filling up the DagBag from /home/airflow/.local/lib/python3.12/site-packages/airflow/example_dags/tutorial_taskflow_templates.py
[2025-12-13T10:38:31.140+0000] {processor.py:925} INFO - DAG(s) 'tutorial_taskflow_templates' retrieved from /home/airflow/.local/lib/python3.12/site-packages/airflow/example_dags/tutorial_taskflow_templates.py
[2025-12-13T10:38:31.187+0000] {logging_mixin.py:190} INFO - [2025-12-13T10:38:31.187+0000] {dag.py:3239} INFO - Sync 1 DAGs
[2025-12-13T10:38:31.239+0000] {logging_mixin.py:190} INFO - [2025-12-13T10:38:31.239+0000] {dag.py:4180} INFO - Setting next_dagrun for tutorial_taskflow_templates to 2025-12-12 00:00:00+00:00, run_after=2025-12-13 00:00:00+00:00
[2025-12-13T10:38:31.549+0000] {processor.py:208} INFO - Processing /home/airflow/.local/lib/python3.12/site-packages/airflow/example_dags/tutorial_taskflow_templates.py took 0.464 seconds
[2025-12-13T10:39:01.798+0000] {processor.py:186} INFO - Started process (PID=2874) to work on /home/airflow/.local/lib/python3.12/site-packages/airflow/example_dags/tutorial_taskflow_templates.py
[2025-12-13T10:39:01.799+0000] {processor.py:914} INFO - Processing file /home/airflow/.local/lib/python3.12/site-packages/airflow/example_dags/tutorial_taskflow_templates.py for tasks to queue
[2025-12-13T10:39:01.804+0000] {logging_mixin.py:190} INFO - [2025-12-13T10:39:01.803+0000] {dagbag.py:588} INFO - Filling up the DagBag from /home/airflow/.local/lib/python3.12/site-packages/airflow/example_dags/tutorial_taskflow_templates.py
[2025-12-13T10:39:01.847+0000] {processor.py:925} INFO - DAG(s) 'tutorial_taskflow_templates' retrieved from /home/airflow/.local/lib/python3.12/site-packages/airflow/example_dags/tutorial_taskflow_templates.py
[2025-12-13T10:39:01.928+0000] {logging_mixin.py:190} INFO - [2025-12-13T10:39:01.928+0000] {dag.py:3239} INFO - Sync 1 DAGs
[2025-12-13T10:39:02.000+0000] {logging_mixin.py:190} INFO - [2025-12-13T10:39:02.000+0000] {dag.py:4180} INFO - Setting next_dagrun for tutorial_taskflow_templates to 2025-12-12 00:00:00+00:00, run_after=2025-12-13 00:00:00+00:00
[2025-12-13T10:39:02.043+0000] {processor.py:208} INFO - Processing /home/airflow/.local/lib/python3.12/site-packages/airflow/example_dags/tutorial_taskflow_templates.py took 0.258 seconds
[2025-12-13T10:39:32.170+0000] {processor.py:186} INFO - Started process (PID=2938) to work on /home/airflow/.local/lib/python3.12/site-packages/airflow/example_dags/tutorial_taskflow_templates.py
[2025-12-13T10:39:32.171+0000] {processor.py:914} INFO - Processing file /home/airflow/.local/lib/python3.12/site-packages/airflow/example_dags/tutorial_taskflow_templates.py for tasks to queue
[2025-12-13T10:39:32.175+0000] {logging_mixin.py:190} INFO - [2025-12-13T10:39:32.174+0000] {dagbag.py:588} INFO - Filling up the DagBag from /home/airflow/.local/lib/python3.12/site-packages/airflow/example_dags/tutorial_taskflow_templates.py
[2025-12-13T10:39:32.199+0000] {processor.py:925} INFO - DAG(s) 'tutorial_taskflow_templates' retrieved from /home/airflow/.local/lib/python3.12/site-packages/airflow/example_dags/tutorial_taskflow_templates.py
[2025-12-13T10:39:32.231+0000] {logging_mixin.py:190} INFO - [2025-12-13T10:39:32.231+0000] {dag.py:3239} INFO - Sync 1 DAGs
[2025-12-13T10:39:32.272+0000] {logging_mixin.py:190} INFO - [2025-12-13T10:39:32.271+0000] {dag.py:4180} INFO - Setting next_dagrun for tutorial_taskflow_templates to 2025-12-12 00:00:00+00:00, run_after=2025-12-13 00:00:00+00:00
[2025-12-13T10:39:32.299+0000] {processor.py:208} INFO - Processing /home/airflow/.local/lib/python3.12/site-packages/airflow/example_dags/tutorial_taskflow_templates.py took 0.140 seconds
[2025-12-13T10:40:02.631+0000] {processor.py:186} INFO - Started process (PID=3000) to work on /home/airflow/.local/lib/python3.12/site-packages/airflow/example_dags/tutorial_taskflow_templates.py
[2025-12-13T10:40:02.633+0000] {processor.py:914} INFO - Processing file /home/airflow/.local/lib/python3.12/site-packages/airflow/example_dags/tutorial_taskflow_templates.py for tasks to queue
[2025-12-13T10:40:02.637+0000] {logging_mixin.py:190} INFO - [2025-12-13T10:40:02.637+0000] {dagbag.py:588} INFO - Filling up the DagBag from /home/airflow/.local/lib/python3.12/site-packages/airflow/example_dags/tutorial_taskflow_templates.py
[2025-12-13T10:40:02.668+0000] {processor.py:925} INFO - DAG(s) 'tutorial_taskflow_templates' retrieved from /home/airflow/.local/lib/python3.12/site-packages/airflow/example_dags/tutorial_taskflow_templates.py
[2025-12-13T10:40:02.711+0000] {logging_mixin.py:190} INFO - [2025-12-13T10:40:02.710+0000] {dag.py:3239} INFO - Sync 1 DAGs
[2025-12-13T10:40:02.756+0000] {logging_mixin.py:190} INFO - [2025-12-13T10:40:02.756+0000] {dag.py:4180} INFO - Setting next_dagrun for tutorial_taskflow_templates to 2025-12-12 00:00:00+00:00, run_after=2025-12-13 00:00:00+00:00
[2025-12-13T10:40:02.788+0000] {processor.py:208} INFO - Processing /home/airflow/.local/lib/python3.12/site-packages/airflow/example_dags/tutorial_taskflow_templates.py took 0.167 seconds
[2025-12-13T10:40:32.982+0000] {processor.py:186} INFO - Started process (PID=3063) to work on /home/airflow/.local/lib/python3.12/site-packages/airflow/example_dags/tutorial_taskflow_templates.py
[2025-12-13T10:40:32.983+0000] {processor.py:914} INFO - Processing file /home/airflow/.local/lib/python3.12/site-packages/airflow/example_dags/tutorial_taskflow_templates.py for tasks to queue
[2025-12-13T10:40:32.988+0000] {logging_mixin.py:190} INFO - [2025-12-13T10:40:32.987+0000] {dagbag.py:588} INFO - Filling up the DagBag from /home/airflow/.local/lib/python3.12/site-packages/airflow/example_dags/tutorial_taskflow_templates.py
[2025-12-13T10:40:33.015+0000] {processor.py:925} INFO - DAG(s) 'tutorial_taskflow_templates' retrieved from /home/airflow/.local/lib/python3.12/site-packages/airflow/example_dags/tutorial_taskflow_templates.py
[2025-12-13T10:40:33.353+0000] {logging_mixin.py:190} INFO - [2025-12-13T10:40:33.352+0000] {dag.py:3239} INFO - Sync 1 DAGs
[2025-12-13T10:40:33.394+0000] {logging_mixin.py:190} INFO - [2025-12-13T10:40:33.393+0000] {dag.py:4180} INFO - Setting next_dagrun for tutorial_taskflow_templates to 2025-12-12 00:00:00+00:00, run_after=2025-12-13 00:00:00+00:00
[2025-12-13T10:40:33.424+0000] {processor.py:208} INFO - Processing /home/airflow/.local/lib/python3.12/site-packages/airflow/example_dags/tutorial_taskflow_templates.py took 0.454 seconds
[2025-12-13T10:41:03.917+0000] {processor.py:186} INFO - Started process (PID=3126) to work on /home/airflow/.local/lib/python3.12/site-packages/airflow/example_dags/tutorial_taskflow_templates.py
[2025-12-13T10:41:03.919+0000] {processor.py:914} INFO - Processing file /home/airflow/.local/lib/python3.12/site-packages/airflow/example_dags/tutorial_taskflow_templates.py for tasks to queue
[2025-12-13T10:41:03.922+0000] {logging_mixin.py:190} INFO - [2025-12-13T10:41:03.922+0000] {dagbag.py:588} INFO - Filling up the DagBag from /home/airflow/.local/lib/python3.12/site-packages/airflow/example_dags/tutorial_taskflow_templates.py
[2025-12-13T10:41:03.946+0000] {processor.py:925} INFO - DAG(s) 'tutorial_taskflow_templates' retrieved from /home/airflow/.local/lib/python3.12/site-packages/airflow/example_dags/tutorial_taskflow_templates.py
[2025-12-13T10:41:03.978+0000] {logging_mixin.py:190} INFO - [2025-12-13T10:41:03.978+0000] {dag.py:3239} INFO - Sync 1 DAGs
[2025-12-13T10:41:04.032+0000] {logging_mixin.py:190} INFO - [2025-12-13T10:41:04.031+0000] {dag.py:4180} INFO - Setting next_dagrun for tutorial_taskflow_templates to 2025-12-12 00:00:00+00:00, run_after=2025-12-13 00:00:00+00:00
[2025-12-13T10:41:04.068+0000] {processor.py:208} INFO - Processing /home/airflow/.local/lib/python3.12/site-packages/airflow/example_dags/tutorial_taskflow_templates.py took 0.161 seconds
[2025-12-13T10:41:34.398+0000] {processor.py:186} INFO - Started process (PID=3188) to work on /home/airflow/.local/lib/python3.12/site-packages/airflow/example_dags/tutorial_taskflow_templates.py
[2025-12-13T10:41:34.402+0000] {processor.py:914} INFO - Processing file /home/airflow/.local/lib/python3.12/site-packages/airflow/example_dags/tutorial_taskflow_templates.py for tasks to queue
[2025-12-13T10:41:34.409+0000] {logging_mixin.py:190} INFO - [2025-12-13T10:41:34.407+0000] {dagbag.py:588} INFO - Filling up the DagBag from /home/airflow/.local/lib/python3.12/site-packages/airflow/example_dags/tutorial_taskflow_templates.py
[2025-12-13T10:41:34.446+0000] {processor.py:925} INFO - DAG(s) 'tutorial_taskflow_templates' retrieved from /home/airflow/.local/lib/python3.12/site-packages/airflow/example_dags/tutorial_taskflow_templates.py
[2025-12-13T10:41:34.495+0000] {logging_mixin.py:190} INFO - [2025-12-13T10:41:34.495+0000] {dag.py:3239} INFO - Sync 1 DAGs
[2025-12-13T10:41:34.601+0000] {logging_mixin.py:190} INFO - [2025-12-13T10:41:34.601+0000] {dag.py:4180} INFO - Setting next_dagrun for tutorial_taskflow_templates to 2025-12-12 00:00:00+00:00, run_after=2025-12-13 00:00:00+00:00
[2025-12-13T10:41:34.684+0000] {processor.py:208} INFO - Processing /home/airflow/.local/lib/python3.12/site-packages/airflow/example_dags/tutorial_taskflow_templates.py took 0.319 seconds
[2025-12-13T10:42:05.266+0000] {processor.py:186} INFO - Started process (PID=3250) to work on /home/airflow/.local/lib/python3.12/site-packages/airflow/example_dags/tutorial_taskflow_templates.py
[2025-12-13T10:42:05.267+0000] {processor.py:914} INFO - Processing file /home/airflow/.local/lib/python3.12/site-packages/airflow/example_dags/tutorial_taskflow_templates.py for tasks to queue
[2025-12-13T10:42:05.272+0000] {logging_mixin.py:190} INFO - [2025-12-13T10:42:05.271+0000] {dagbag.py:588} INFO - Filling up the DagBag from /home/airflow/.local/lib/python3.12/site-packages/airflow/example_dags/tutorial_taskflow_templates.py
[2025-12-13T10:42:05.302+0000] {processor.py:925} INFO - DAG(s) 'tutorial_taskflow_templates' retrieved from /home/airflow/.local/lib/python3.12/site-packages/airflow/example_dags/tutorial_taskflow_templates.py
[2025-12-13T10:42:05.349+0000] {logging_mixin.py:190} INFO - [2025-12-13T10:42:05.349+0000] {dag.py:3239} INFO - Sync 1 DAGs
[2025-12-13T10:42:05.451+0000] {logging_mixin.py:190} INFO - [2025-12-13T10:42:05.450+0000] {dag.py:4180} INFO - Setting next_dagrun for tutorial_taskflow_templates to 2025-12-12 00:00:00+00:00, run_after=2025-12-13 00:00:00+00:00
[2025-12-13T10:42:05.502+0000] {processor.py:208} INFO - Processing /home/airflow/.local/lib/python3.12/site-packages/airflow/example_dags/tutorial_taskflow_templates.py took 0.256 seconds
[2025-12-13T10:42:35.601+0000] {processor.py:186} INFO - Started process (PID=3313) to work on /home/airflow/.local/lib/python3.12/site-packages/airflow/example_dags/tutorial_taskflow_templates.py
[2025-12-13T10:42:35.603+0000] {processor.py:914} INFO - Processing file /home/airflow/.local/lib/python3.12/site-packages/airflow/example_dags/tutorial_taskflow_templates.py for tasks to queue
[2025-12-13T10:42:35.608+0000] {logging_mixin.py:190} INFO - [2025-12-13T10:42:35.607+0000] {dagbag.py:588} INFO - Filling up the DagBag from /home/airflow/.local/lib/python3.12/site-packages/airflow/example_dags/tutorial_taskflow_templates.py
[2025-12-13T10:42:35.640+0000] {processor.py:925} INFO - DAG(s) 'tutorial_taskflow_templates' retrieved from /home/airflow/.local/lib/python3.12/site-packages/airflow/example_dags/tutorial_taskflow_templates.py
[2025-12-13T10:42:35.680+0000] {logging_mixin.py:190} INFO - [2025-12-13T10:42:35.680+0000] {dag.py:3239} INFO - Sync 1 DAGs
[2025-12-13T10:42:35.742+0000] {logging_mixin.py:190} INFO - [2025-12-13T10:42:35.742+0000] {dag.py:4180} INFO - Setting next_dagrun for tutorial_taskflow_templates to 2025-12-12 00:00:00+00:00, run_after=2025-12-13 00:00:00+00:00
[2025-12-13T10:42:35.785+0000] {processor.py:208} INFO - Processing /home/airflow/.local/lib/python3.12/site-packages/airflow/example_dags/tutorial_taskflow_templates.py took 0.197 seconds
[2025-12-13T10:43:06.010+0000] {processor.py:186} INFO - Started process (PID=3376) to work on /home/airflow/.local/lib/python3.12/site-packages/airflow/example_dags/tutorial_taskflow_templates.py
[2025-12-13T10:43:06.012+0000] {processor.py:914} INFO - Processing file /home/airflow/.local/lib/python3.12/site-packages/airflow/example_dags/tutorial_taskflow_templates.py for tasks to queue
[2025-12-13T10:43:06.021+0000] {logging_mixin.py:190} INFO - [2025-12-13T10:43:06.021+0000] {dagbag.py:588} INFO - Filling up the DagBag from /home/airflow/.local/lib/python3.12/site-packages/airflow/example_dags/tutorial_taskflow_templates.py
[2025-12-13T10:43:06.052+0000] {processor.py:925} INFO - DAG(s) 'tutorial_taskflow_templates' retrieved from /home/airflow/.local/lib/python3.12/site-packages/airflow/example_dags/tutorial_taskflow_templates.py
[2025-12-13T10:43:06.091+0000] {logging_mixin.py:190} INFO - [2025-12-13T10:43:06.091+0000] {dag.py:3239} INFO - Sync 1 DAGs
[2025-12-13T10:43:06.144+0000] {logging_mixin.py:190} INFO - [2025-12-13T10:43:06.143+0000] {dag.py:4180} INFO - Setting next_dagrun for tutorial_taskflow_templates to 2025-12-12 00:00:00+00:00, run_after=2025-12-13 00:00:00+00:00
[2025-12-13T10:43:06.181+0000] {processor.py:208} INFO - Processing /home/airflow/.local/lib/python3.12/site-packages/airflow/example_dags/tutorial_taskflow_templates.py took 0.191 seconds
[2025-12-13T10:43:36.632+0000] {processor.py:186} INFO - Started process (PID=3439) to work on /home/airflow/.local/lib/python3.12/site-packages/airflow/example_dags/tutorial_taskflow_templates.py
[2025-12-13T10:43:36.636+0000] {processor.py:914} INFO - Processing file /home/airflow/.local/lib/python3.12/site-packages/airflow/example_dags/tutorial_taskflow_templates.py for tasks to queue
[2025-12-13T10:43:36.644+0000] {logging_mixin.py:190} INFO - [2025-12-13T10:43:36.643+0000] {dagbag.py:588} INFO - Filling up the DagBag from /home/airflow/.local/lib/python3.12/site-packages/airflow/example_dags/tutorial_taskflow_templates.py
[2025-12-13T10:43:36.685+0000] {processor.py:925} INFO - DAG(s) 'tutorial_taskflow_templates' retrieved from /home/airflow/.local/lib/python3.12/site-packages/airflow/example_dags/tutorial_taskflow_templates.py
[2025-12-13T10:43:36.736+0000] {logging_mixin.py:190} INFO - [2025-12-13T10:43:36.735+0000] {dag.py:3239} INFO - Sync 1 DAGs
[2025-12-13T10:43:36.800+0000] {logging_mixin.py:190} INFO - [2025-12-13T10:43:36.799+0000] {dag.py:4180} INFO - Setting next_dagrun for tutorial_taskflow_templates to 2025-12-12 00:00:00+00:00, run_after=2025-12-13 00:00:00+00:00
[2025-12-13T10:43:36.847+0000] {processor.py:208} INFO - Processing /home/airflow/.local/lib/python3.12/site-packages/airflow/example_dags/tutorial_taskflow_templates.py took 0.231 seconds
[2025-12-13T10:44:09.118+0000] {processor.py:186} INFO - Started process (PID=3502) to work on /home/airflow/.local/lib/python3.12/site-packages/airflow/example_dags/tutorial_taskflow_templates.py
[2025-12-13T10:44:09.124+0000] {processor.py:914} INFO - Processing file /home/airflow/.local/lib/python3.12/site-packages/airflow/example_dags/tutorial_taskflow_templates.py for tasks to queue
[2025-12-13T10:44:09.149+0000] {logging_mixin.py:190} INFO - [2025-12-13T10:44:09.147+0000] {dagbag.py:588} INFO - Filling up the DagBag from /home/airflow/.local/lib/python3.12/site-packages/airflow/example_dags/tutorial_taskflow_templates.py
[2025-12-13T10:44:09.218+0000] {processor.py:925} INFO - DAG(s) 'tutorial_taskflow_templates' retrieved from /home/airflow/.local/lib/python3.12/site-packages/airflow/example_dags/tutorial_taskflow_templates.py
[2025-12-13T10:44:09.312+0000] {logging_mixin.py:190} INFO - [2025-12-13T10:44:09.311+0000] {dag.py:3239} INFO - Sync 1 DAGs
[2025-12-13T10:44:09.463+0000] {logging_mixin.py:190} INFO - [2025-12-13T10:44:09.462+0000] {dag.py:4180} INFO - Setting next_dagrun for tutorial_taskflow_templates to 2025-12-12 00:00:00+00:00, run_after=2025-12-13 00:00:00+00:00
[2025-12-13T10:44:09.586+0000] {processor.py:208} INFO - Processing /home/airflow/.local/lib/python3.12/site-packages/airflow/example_dags/tutorial_taskflow_templates.py took 0.496 seconds
[2025-12-13T10:44:39.965+0000] {processor.py:186} INFO - Started process (PID=3564) to work on /home/airflow/.local/lib/python3.12/site-packages/airflow/example_dags/tutorial_taskflow_templates.py
[2025-12-13T10:44:39.969+0000] {processor.py:914} INFO - Processing file /home/airflow/.local/lib/python3.12/site-packages/airflow/example_dags/tutorial_taskflow_templates.py for tasks to queue
[2025-12-13T10:44:39.978+0000] {logging_mixin.py:190} INFO - [2025-12-13T10:44:39.977+0000] {dagbag.py:588} INFO - Filling up the DagBag from /home/airflow/.local/lib/python3.12/site-packages/airflow/example_dags/tutorial_taskflow_templates.py
[2025-12-13T10:44:40.067+0000] {processor.py:925} INFO - DAG(s) 'tutorial_taskflow_templates' retrieved from /home/airflow/.local/lib/python3.12/site-packages/airflow/example_dags/tutorial_taskflow_templates.py
[2025-12-13T10:44:40.155+0000] {logging_mixin.py:190} INFO - [2025-12-13T10:44:40.155+0000] {dag.py:3239} INFO - Sync 1 DAGs
[2025-12-13T10:44:40.277+0000] {logging_mixin.py:190} INFO - [2025-12-13T10:44:40.277+0000] {dag.py:4180} INFO - Setting next_dagrun for tutorial_taskflow_templates to 2025-12-12 00:00:00+00:00, run_after=2025-12-13 00:00:00+00:00
[2025-12-13T10:44:40.360+0000] {processor.py:208} INFO - Processing /home/airflow/.local/lib/python3.12/site-packages/airflow/example_dags/tutorial_taskflow_templates.py took 0.422 seconds
[2025-12-13T10:45:10.559+0000] {processor.py:186} INFO - Started process (PID=3627) to work on /home/airflow/.local/lib/python3.12/site-packages/airflow/example_dags/tutorial_taskflow_templates.py
[2025-12-13T10:45:10.562+0000] {processor.py:914} INFO - Processing file /home/airflow/.local/lib/python3.12/site-packages/airflow/example_dags/tutorial_taskflow_templates.py for tasks to queue
[2025-12-13T10:45:10.578+0000] {logging_mixin.py:190} INFO - [2025-12-13T10:45:10.573+0000] {dagbag.py:588} INFO - Filling up the DagBag from /home/airflow/.local/lib/python3.12/site-packages/airflow/example_dags/tutorial_taskflow_templates.py
[2025-12-13T10:45:10.618+0000] {processor.py:925} INFO - DAG(s) 'tutorial_taskflow_templates' retrieved from /home/airflow/.local/lib/python3.12/site-packages/airflow/example_dags/tutorial_taskflow_templates.py
[2025-12-13T10:45:10.652+0000] {logging_mixin.py:190} INFO - [2025-12-13T10:45:10.651+0000] {dag.py:3239} INFO - Sync 1 DAGs
[2025-12-13T10:45:10.697+0000] {logging_mixin.py:190} INFO - [2025-12-13T10:45:10.697+0000] {dag.py:4180} INFO - Setting next_dagrun for tutorial_taskflow_templates to 2025-12-12 00:00:00+00:00, run_after=2025-12-13 00:00:00+00:00
[2025-12-13T10:45:10.723+0000] {processor.py:208} INFO - Processing /home/airflow/.local/lib/python3.12/site-packages/airflow/example_dags/tutorial_taskflow_templates.py took 0.190 seconds
[2025-12-13T10:45:41.298+0000] {processor.py:186} INFO - Started process (PID=3688) to work on /home/airflow/.local/lib/python3.12/site-packages/airflow/example_dags/tutorial_taskflow_templates.py
[2025-12-13T10:45:41.301+0000] {processor.py:914} INFO - Processing file /home/airflow/.local/lib/python3.12/site-packages/airflow/example_dags/tutorial_taskflow_templates.py for tasks to queue
[2025-12-13T10:45:41.305+0000] {logging_mixin.py:190} INFO - [2025-12-13T10:45:41.305+0000] {dagbag.py:588} INFO - Filling up the DagBag from /home/airflow/.local/lib/python3.12/site-packages/airflow/example_dags/tutorial_taskflow_templates.py
[2025-12-13T10:45:41.329+0000] {processor.py:925} INFO - DAG(s) 'tutorial_taskflow_templates' retrieved from /home/airflow/.local/lib/python3.12/site-packages/airflow/example_dags/tutorial_taskflow_templates.py
[2025-12-13T10:45:41.363+0000] {logging_mixin.py:190} INFO - [2025-12-13T10:45:41.363+0000] {dag.py:3239} INFO - Sync 1 DAGs
[2025-12-13T10:45:41.408+0000] {logging_mixin.py:190} INFO - [2025-12-13T10:45:41.408+0000] {dag.py:4180} INFO - Setting next_dagrun for tutorial_taskflow_templates to 2025-12-12 00:00:00+00:00, run_after=2025-12-13 00:00:00+00:00
[2025-12-13T10:45:41.442+0000] {processor.py:208} INFO - Processing /home/airflow/.local/lib/python3.12/site-packages/airflow/example_dags/tutorial_taskflow_templates.py took 0.155 seconds
[2025-12-13T10:46:11.928+0000] {processor.py:186} INFO - Started process (PID=3751) to work on /home/airflow/.local/lib/python3.12/site-packages/airflow/example_dags/tutorial_taskflow_templates.py
[2025-12-13T10:46:11.931+0000] {processor.py:914} INFO - Processing file /home/airflow/.local/lib/python3.12/site-packages/airflow/example_dags/tutorial_taskflow_templates.py for tasks to queue
[2025-12-13T10:46:11.937+0000] {logging_mixin.py:190} INFO - [2025-12-13T10:46:11.936+0000] {dagbag.py:588} INFO - Filling up the DagBag from /home/airflow/.local/lib/python3.12/site-packages/airflow/example_dags/tutorial_taskflow_templates.py
[2025-12-13T10:46:11.956+0000] {processor.py:925} INFO - DAG(s) 'tutorial_taskflow_templates' retrieved from /home/airflow/.local/lib/python3.12/site-packages/airflow/example_dags/tutorial_taskflow_templates.py
[2025-12-13T10:46:11.991+0000] {logging_mixin.py:190} INFO - [2025-12-13T10:46:11.991+0000] {dag.py:3239} INFO - Sync 1 DAGs
[2025-12-13T10:46:12.032+0000] {logging_mixin.py:190} INFO - [2025-12-13T10:46:12.032+0000] {dag.py:4180} INFO - Setting next_dagrun for tutorial_taskflow_templates to 2025-12-12 00:00:00+00:00, run_after=2025-12-13 00:00:00+00:00
[2025-12-13T10:46:12.060+0000] {processor.py:208} INFO - Processing /home/airflow/.local/lib/python3.12/site-packages/airflow/example_dags/tutorial_taskflow_templates.py took 0.143 seconds
[2025-12-13T10:46:43.058+0000] {processor.py:186} INFO - Started process (PID=3814) to work on /home/airflow/.local/lib/python3.12/site-packages/airflow/example_dags/tutorial_taskflow_templates.py
[2025-12-13T10:46:43.063+0000] {processor.py:914} INFO - Processing file /home/airflow/.local/lib/python3.12/site-packages/airflow/example_dags/tutorial_taskflow_templates.py for tasks to queue
[2025-12-13T10:46:43.068+0000] {logging_mixin.py:190} INFO - [2025-12-13T10:46:43.067+0000] {dagbag.py:588} INFO - Filling up the DagBag from /home/airflow/.local/lib/python3.12/site-packages/airflow/example_dags/tutorial_taskflow_templates.py
[2025-12-13T10:46:43.112+0000] {processor.py:925} INFO - DAG(s) 'tutorial_taskflow_templates' retrieved from /home/airflow/.local/lib/python3.12/site-packages/airflow/example_dags/tutorial_taskflow_templates.py
[2025-12-13T10:46:43.155+0000] {logging_mixin.py:190} INFO - [2025-12-13T10:46:43.154+0000] {dag.py:3239} INFO - Sync 1 DAGs
[2025-12-13T10:46:43.211+0000] {logging_mixin.py:190} INFO - [2025-12-13T10:46:43.210+0000] {dag.py:4180} INFO - Setting next_dagrun for tutorial_taskflow_templates to 2025-12-12 00:00:00+00:00, run_after=2025-12-13 00:00:00+00:00
[2025-12-13T10:46:43.244+0000] {processor.py:208} INFO - Processing /home/airflow/.local/lib/python3.12/site-packages/airflow/example_dags/tutorial_taskflow_templates.py took 0.196 seconds
