[2025-12-13T10:16:18.141+0000] {processor.py:186} INFO - Started process (PID=112) to work on /home/airflow/.local/lib/python3.12/site-packages/airflow/example_dags/tutorial.py
[2025-12-13T10:16:18.143+0000] {processor.py:914} INFO - Processing file /home/airflow/.local/lib/python3.12/site-packages/airflow/example_dags/tutorial.py for tasks to queue
[2025-12-13T10:16:18.147+0000] {logging_mixin.py:190} INFO - [2025-12-13T10:16:18.146+0000] {dagbag.py:588} INFO - Filling up the DagBag from /home/airflow/.local/lib/python3.12/site-packages/airflow/example_dags/tutorial.py
[2025-12-13T10:16:18.165+0000] {processor.py:925} INFO - DAG(s) 'tutorial' retrieved from /home/airflow/.local/lib/python3.12/site-packages/airflow/example_dags/tutorial.py
[2025-12-13T10:16:18.401+0000] {logging_mixin.py:190} INFO - [2025-12-13T10:16:18.400+0000] {override.py:1911} INFO - Created Permission View: can edit on DAG:tutorial
[2025-12-13T10:16:18.418+0000] {logging_mixin.py:190} INFO - [2025-12-13T10:16:18.418+0000] {override.py:1911} INFO - Created Permission View: can delete on DAG:tutorial
[2025-12-13T10:16:18.430+0000] {logging_mixin.py:190} INFO - [2025-12-13T10:16:18.429+0000] {override.py:1911} INFO - Created Permission View: can read on DAG:tutorial
[2025-12-13T10:16:18.440+0000] {logging_mixin.py:190} INFO - [2025-12-13T10:16:18.439+0000] {override.py:1911} INFO - Created Permission View: can create on DAG Run:tutorial
[2025-12-13T10:16:18.452+0000] {logging_mixin.py:190} INFO - [2025-12-13T10:16:18.451+0000] {override.py:1911} INFO - Created Permission View: can delete on DAG Run:tutorial
[2025-12-13T10:16:18.463+0000] {logging_mixin.py:190} INFO - [2025-12-13T10:16:18.462+0000] {override.py:1911} INFO - Created Permission View: menu access on DAG Run:tutorial
[2025-12-13T10:16:18.474+0000] {logging_mixin.py:190} INFO - [2025-12-13T10:16:18.473+0000] {override.py:1911} INFO - Created Permission View: can read on DAG Run:tutorial
[2025-12-13T10:16:18.475+0000] {logging_mixin.py:190} INFO - [2025-12-13T10:16:18.474+0000] {dag.py:3239} INFO - Sync 1 DAGs
[2025-12-13T10:16:18.507+0000] {logging_mixin.py:190} INFO - [2025-12-13T10:16:18.507+0000] {dag.py:3262} INFO - Creating ORM DAG for tutorial
[2025-12-13T10:16:18.528+0000] {logging_mixin.py:190} INFO - [2025-12-13T10:16:18.527+0000] {dag.py:4180} INFO - Setting next_dagrun for tutorial to 2025-12-12 00:00:00+00:00, run_after=2025-12-13 00:00:00+00:00
[2025-12-13T10:16:18.559+0000] {processor.py:208} INFO - Processing /home/airflow/.local/lib/python3.12/site-packages/airflow/example_dags/tutorial.py took 0.430 seconds
[2025-12-13T10:16:49.681+0000] {processor.py:186} INFO - Started process (PID=175) to work on /home/airflow/.local/lib/python3.12/site-packages/airflow/example_dags/tutorial.py
[2025-12-13T10:16:49.682+0000] {processor.py:914} INFO - Processing file /home/airflow/.local/lib/python3.12/site-packages/airflow/example_dags/tutorial.py for tasks to queue
[2025-12-13T10:16:49.687+0000] {logging_mixin.py:190} INFO - [2025-12-13T10:16:49.686+0000] {dagbag.py:588} INFO - Filling up the DagBag from /home/airflow/.local/lib/python3.12/site-packages/airflow/example_dags/tutorial.py
[2025-12-13T10:16:49.703+0000] {processor.py:925} INFO - DAG(s) 'tutorial' retrieved from /home/airflow/.local/lib/python3.12/site-packages/airflow/example_dags/tutorial.py
[2025-12-13T10:16:49.747+0000] {logging_mixin.py:190} INFO - [2025-12-13T10:16:49.747+0000] {dag.py:3239} INFO - Sync 1 DAGs
[2025-12-13T10:16:49.806+0000] {logging_mixin.py:190} INFO - [2025-12-13T10:16:49.805+0000] {dag.py:4180} INFO - Setting next_dagrun for tutorial to 2025-12-12 00:00:00+00:00, run_after=2025-12-13 00:00:00+00:00
[2025-12-13T10:16:49.840+0000] {processor.py:208} INFO - Processing /home/airflow/.local/lib/python3.12/site-packages/airflow/example_dags/tutorial.py took 0.172 seconds
[2025-12-13T10:17:21.466+0000] {processor.py:186} INFO - Started process (PID=237) to work on /home/airflow/.local/lib/python3.12/site-packages/airflow/example_dags/tutorial.py
[2025-12-13T10:17:21.467+0000] {processor.py:914} INFO - Processing file /home/airflow/.local/lib/python3.12/site-packages/airflow/example_dags/tutorial.py for tasks to queue
[2025-12-13T10:17:21.472+0000] {logging_mixin.py:190} INFO - [2025-12-13T10:17:21.471+0000] {dagbag.py:588} INFO - Filling up the DagBag from /home/airflow/.local/lib/python3.12/site-packages/airflow/example_dags/tutorial.py
[2025-12-13T10:17:21.492+0000] {processor.py:925} INFO - DAG(s) 'tutorial' retrieved from /home/airflow/.local/lib/python3.12/site-packages/airflow/example_dags/tutorial.py
[2025-12-13T10:17:21.530+0000] {logging_mixin.py:190} INFO - [2025-12-13T10:17:21.529+0000] {dag.py:3239} INFO - Sync 1 DAGs
[2025-12-13T10:17:21.588+0000] {logging_mixin.py:190} INFO - [2025-12-13T10:17:21.587+0000] {dag.py:4180} INFO - Setting next_dagrun for tutorial to 2025-12-12 00:00:00+00:00, run_after=2025-12-13 00:00:00+00:00
[2025-12-13T10:17:21.621+0000] {processor.py:208} INFO - Processing /home/airflow/.local/lib/python3.12/site-packages/airflow/example_dags/tutorial.py took 0.167 seconds
[2025-12-13T10:17:53.745+0000] {processor.py:186} INFO - Started process (PID=300) to work on /home/airflow/.local/lib/python3.12/site-packages/airflow/example_dags/tutorial.py
[2025-12-13T10:17:53.748+0000] {processor.py:914} INFO - Processing file /home/airflow/.local/lib/python3.12/site-packages/airflow/example_dags/tutorial.py for tasks to queue
[2025-12-13T10:17:53.752+0000] {logging_mixin.py:190} INFO - [2025-12-13T10:17:53.751+0000] {dagbag.py:588} INFO - Filling up the DagBag from /home/airflow/.local/lib/python3.12/site-packages/airflow/example_dags/tutorial.py
[2025-12-13T10:17:53.766+0000] {processor.py:925} INFO - DAG(s) 'tutorial' retrieved from /home/airflow/.local/lib/python3.12/site-packages/airflow/example_dags/tutorial.py
[2025-12-13T10:17:53.801+0000] {logging_mixin.py:190} INFO - [2025-12-13T10:17:53.801+0000] {dag.py:3239} INFO - Sync 1 DAGs
[2025-12-13T10:17:53.844+0000] {logging_mixin.py:190} INFO - [2025-12-13T10:17:53.844+0000] {dag.py:4180} INFO - Setting next_dagrun for tutorial to 2025-12-12 00:00:00+00:00, run_after=2025-12-13 00:00:00+00:00
[2025-12-13T10:17:53.875+0000] {processor.py:208} INFO - Processing /home/airflow/.local/lib/python3.12/site-packages/airflow/example_dags/tutorial.py took 0.139 seconds
[2025-12-13T10:18:25.803+0000] {processor.py:186} INFO - Started process (PID=363) to work on /home/airflow/.local/lib/python3.12/site-packages/airflow/example_dags/tutorial.py
[2025-12-13T10:18:25.805+0000] {processor.py:914} INFO - Processing file /home/airflow/.local/lib/python3.12/site-packages/airflow/example_dags/tutorial.py for tasks to queue
[2025-12-13T10:18:25.810+0000] {logging_mixin.py:190} INFO - [2025-12-13T10:18:25.809+0000] {dagbag.py:588} INFO - Filling up the DagBag from /home/airflow/.local/lib/python3.12/site-packages/airflow/example_dags/tutorial.py
[2025-12-13T10:18:25.825+0000] {processor.py:925} INFO - DAG(s) 'tutorial' retrieved from /home/airflow/.local/lib/python3.12/site-packages/airflow/example_dags/tutorial.py
[2025-12-13T10:18:25.859+0000] {logging_mixin.py:190} INFO - [2025-12-13T10:18:25.858+0000] {dag.py:3239} INFO - Sync 1 DAGs
[2025-12-13T10:18:25.909+0000] {logging_mixin.py:190} INFO - [2025-12-13T10:18:25.909+0000] {dag.py:4180} INFO - Setting next_dagrun for tutorial to 2025-12-12 00:00:00+00:00, run_after=2025-12-13 00:00:00+00:00
[2025-12-13T10:18:25.945+0000] {processor.py:208} INFO - Processing /home/airflow/.local/lib/python3.12/site-packages/airflow/example_dags/tutorial.py took 0.158 seconds
[2025-12-13T10:18:58.889+0000] {processor.py:186} INFO - Started process (PID=426) to work on /home/airflow/.local/lib/python3.12/site-packages/airflow/example_dags/tutorial.py
[2025-12-13T10:18:58.890+0000] {processor.py:914} INFO - Processing file /home/airflow/.local/lib/python3.12/site-packages/airflow/example_dags/tutorial.py for tasks to queue
[2025-12-13T10:18:58.894+0000] {logging_mixin.py:190} INFO - [2025-12-13T10:18:58.894+0000] {dagbag.py:588} INFO - Filling up the DagBag from /home/airflow/.local/lib/python3.12/site-packages/airflow/example_dags/tutorial.py
[2025-12-13T10:18:58.910+0000] {processor.py:925} INFO - DAG(s) 'tutorial' retrieved from /home/airflow/.local/lib/python3.12/site-packages/airflow/example_dags/tutorial.py
[2025-12-13T10:18:58.973+0000] {logging_mixin.py:190} INFO - [2025-12-13T10:18:58.972+0000] {dag.py:3239} INFO - Sync 1 DAGs
[2025-12-13T10:18:59.040+0000] {logging_mixin.py:190} INFO - [2025-12-13T10:18:59.039+0000] {dag.py:4180} INFO - Setting next_dagrun for tutorial to 2025-12-12 00:00:00+00:00, run_after=2025-12-13 00:00:00+00:00
[2025-12-13T10:18:59.094+0000] {processor.py:208} INFO - Processing /home/airflow/.local/lib/python3.12/site-packages/airflow/example_dags/tutorial.py took 0.234 seconds
[2025-12-13T10:19:30.297+0000] {processor.py:186} INFO - Started process (PID=489) to work on /home/airflow/.local/lib/python3.12/site-packages/airflow/example_dags/tutorial.py
[2025-12-13T10:19:30.299+0000] {processor.py:914} INFO - Processing file /home/airflow/.local/lib/python3.12/site-packages/airflow/example_dags/tutorial.py for tasks to queue
[2025-12-13T10:19:30.304+0000] {logging_mixin.py:190} INFO - [2025-12-13T10:19:30.303+0000] {dagbag.py:588} INFO - Filling up the DagBag from /home/airflow/.local/lib/python3.12/site-packages/airflow/example_dags/tutorial.py
[2025-12-13T10:19:30.319+0000] {processor.py:925} INFO - DAG(s) 'tutorial' retrieved from /home/airflow/.local/lib/python3.12/site-packages/airflow/example_dags/tutorial.py
[2025-12-13T10:19:30.372+0000] {logging_mixin.py:190} INFO - [2025-12-13T10:19:30.371+0000] {dag.py:3239} INFO - Sync 1 DAGs
[2025-12-13T10:19:30.462+0000] {logging_mixin.py:190} INFO - [2025-12-13T10:19:30.460+0000] {dag.py:4180} INFO - Setting next_dagrun for tutorial to 2025-12-12 00:00:00+00:00, run_after=2025-12-13 00:00:00+00:00
[2025-12-13T10:19:30.540+0000] {processor.py:208} INFO - Processing /home/airflow/.local/lib/python3.12/site-packages/airflow/example_dags/tutorial.py took 0.258 seconds
[2025-12-13T10:20:00.901+0000] {processor.py:186} INFO - Started process (PID=551) to work on /home/airflow/.local/lib/python3.12/site-packages/airflow/example_dags/tutorial.py
[2025-12-13T10:20:00.902+0000] {processor.py:914} INFO - Processing file /home/airflow/.local/lib/python3.12/site-packages/airflow/example_dags/tutorial.py for tasks to queue
[2025-12-13T10:20:00.906+0000] {logging_mixin.py:190} INFO - [2025-12-13T10:20:00.905+0000] {dagbag.py:588} INFO - Filling up the DagBag from /home/airflow/.local/lib/python3.12/site-packages/airflow/example_dags/tutorial.py
[2025-12-13T10:20:00.919+0000] {processor.py:925} INFO - DAG(s) 'tutorial' retrieved from /home/airflow/.local/lib/python3.12/site-packages/airflow/example_dags/tutorial.py
[2025-12-13T10:20:00.948+0000] {logging_mixin.py:190} INFO - [2025-12-13T10:20:00.947+0000] {dag.py:3239} INFO - Sync 1 DAGs
[2025-12-13T10:20:00.993+0000] {logging_mixin.py:190} INFO - [2025-12-13T10:20:00.993+0000] {dag.py:4180} INFO - Setting next_dagrun for tutorial to 2025-12-12 00:00:00+00:00, run_after=2025-12-13 00:00:00+00:00
[2025-12-13T10:20:01.026+0000] {processor.py:208} INFO - Processing /home/airflow/.local/lib/python3.12/site-packages/airflow/example_dags/tutorial.py took 0.136 seconds
[2025-12-13T10:20:31.514+0000] {processor.py:186} INFO - Started process (PID=613) to work on /home/airflow/.local/lib/python3.12/site-packages/airflow/example_dags/tutorial.py
[2025-12-13T10:20:31.517+0000] {processor.py:914} INFO - Processing file /home/airflow/.local/lib/python3.12/site-packages/airflow/example_dags/tutorial.py for tasks to queue
[2025-12-13T10:20:31.521+0000] {logging_mixin.py:190} INFO - [2025-12-13T10:20:31.521+0000] {dagbag.py:588} INFO - Filling up the DagBag from /home/airflow/.local/lib/python3.12/site-packages/airflow/example_dags/tutorial.py
[2025-12-13T10:20:31.539+0000] {processor.py:925} INFO - DAG(s) 'tutorial' retrieved from /home/airflow/.local/lib/python3.12/site-packages/airflow/example_dags/tutorial.py
[2025-12-13T10:20:31.593+0000] {logging_mixin.py:190} INFO - [2025-12-13T10:20:31.593+0000] {dag.py:3239} INFO - Sync 1 DAGs
[2025-12-13T10:20:31.648+0000] {logging_mixin.py:190} INFO - [2025-12-13T10:20:31.647+0000] {dag.py:4180} INFO - Setting next_dagrun for tutorial to 2025-12-12 00:00:00+00:00, run_after=2025-12-13 00:00:00+00:00
[2025-12-13T10:20:31.687+0000] {processor.py:208} INFO - Processing /home/airflow/.local/lib/python3.12/site-packages/airflow/example_dags/tutorial.py took 0.189 seconds
[2025-12-13T10:21:02.720+0000] {processor.py:186} INFO - Started process (PID=676) to work on /home/airflow/.local/lib/python3.12/site-packages/airflow/example_dags/tutorial.py
[2025-12-13T10:21:02.721+0000] {processor.py:914} INFO - Processing file /home/airflow/.local/lib/python3.12/site-packages/airflow/example_dags/tutorial.py for tasks to queue
[2025-12-13T10:21:02.725+0000] {logging_mixin.py:190} INFO - [2025-12-13T10:21:02.725+0000] {dagbag.py:588} INFO - Filling up the DagBag from /home/airflow/.local/lib/python3.12/site-packages/airflow/example_dags/tutorial.py
[2025-12-13T10:21:02.743+0000] {processor.py:925} INFO - DAG(s) 'tutorial' retrieved from /home/airflow/.local/lib/python3.12/site-packages/airflow/example_dags/tutorial.py
[2025-12-13T10:21:02.779+0000] {logging_mixin.py:190} INFO - [2025-12-13T10:21:02.779+0000] {dag.py:3239} INFO - Sync 1 DAGs
[2025-12-13T10:21:02.828+0000] {logging_mixin.py:190} INFO - [2025-12-13T10:21:02.827+0000] {dag.py:4180} INFO - Setting next_dagrun for tutorial to 2025-12-12 00:00:00+00:00, run_after=2025-12-13 00:00:00+00:00
[2025-12-13T10:21:02.860+0000] {processor.py:208} INFO - Processing /home/airflow/.local/lib/python3.12/site-packages/airflow/example_dags/tutorial.py took 0.153 seconds
[2025-12-13T10:21:33.647+0000] {processor.py:186} INFO - Started process (PID=739) to work on /home/airflow/.local/lib/python3.12/site-packages/airflow/example_dags/tutorial.py
[2025-12-13T10:21:33.650+0000] {processor.py:914} INFO - Processing file /home/airflow/.local/lib/python3.12/site-packages/airflow/example_dags/tutorial.py for tasks to queue
[2025-12-13T10:21:33.654+0000] {logging_mixin.py:190} INFO - [2025-12-13T10:21:33.654+0000] {dagbag.py:588} INFO - Filling up the DagBag from /home/airflow/.local/lib/python3.12/site-packages/airflow/example_dags/tutorial.py
[2025-12-13T10:21:33.673+0000] {processor.py:925} INFO - DAG(s) 'tutorial' retrieved from /home/airflow/.local/lib/python3.12/site-packages/airflow/example_dags/tutorial.py
[2025-12-13T10:21:33.719+0000] {logging_mixin.py:190} INFO - [2025-12-13T10:21:33.718+0000] {dag.py:3239} INFO - Sync 1 DAGs
[2025-12-13T10:21:33.768+0000] {logging_mixin.py:190} INFO - [2025-12-13T10:21:33.767+0000] {dag.py:4180} INFO - Setting next_dagrun for tutorial to 2025-12-12 00:00:00+00:00, run_after=2025-12-13 00:00:00+00:00
[2025-12-13T10:21:33.810+0000] {processor.py:208} INFO - Processing /home/airflow/.local/lib/python3.12/site-packages/airflow/example_dags/tutorial.py took 0.181 seconds
[2025-12-13T10:22:05.577+0000] {processor.py:186} INFO - Started process (PID=802) to work on /home/airflow/.local/lib/python3.12/site-packages/airflow/example_dags/tutorial.py
[2025-12-13T10:22:05.579+0000] {processor.py:914} INFO - Processing file /home/airflow/.local/lib/python3.12/site-packages/airflow/example_dags/tutorial.py for tasks to queue
[2025-12-13T10:22:05.585+0000] {logging_mixin.py:190} INFO - [2025-12-13T10:22:05.584+0000] {dagbag.py:588} INFO - Filling up the DagBag from /home/airflow/.local/lib/python3.12/site-packages/airflow/example_dags/tutorial.py
[2025-12-13T10:22:05.614+0000] {processor.py:925} INFO - DAG(s) 'tutorial' retrieved from /home/airflow/.local/lib/python3.12/site-packages/airflow/example_dags/tutorial.py
[2025-12-13T10:22:05.672+0000] {logging_mixin.py:190} INFO - [2025-12-13T10:22:05.672+0000] {dag.py:3239} INFO - Sync 1 DAGs
[2025-12-13T10:22:05.767+0000] {logging_mixin.py:190} INFO - [2025-12-13T10:22:05.767+0000] {dag.py:4180} INFO - Setting next_dagrun for tutorial to 2025-12-12 00:00:00+00:00, run_after=2025-12-13 00:00:00+00:00
[2025-12-13T10:22:05.813+0000] {processor.py:208} INFO - Processing /home/airflow/.local/lib/python3.12/site-packages/airflow/example_dags/tutorial.py took 0.248 seconds
[2025-12-13T10:22:37.958+0000] {processor.py:186} INFO - Started process (PID=865) to work on /home/airflow/.local/lib/python3.12/site-packages/airflow/example_dags/tutorial.py
[2025-12-13T10:22:37.960+0000] {processor.py:914} INFO - Processing file /home/airflow/.local/lib/python3.12/site-packages/airflow/example_dags/tutorial.py for tasks to queue
[2025-12-13T10:22:37.977+0000] {logging_mixin.py:190} INFO - [2025-12-13T10:22:37.970+0000] {dagbag.py:588} INFO - Filling up the DagBag from /home/airflow/.local/lib/python3.12/site-packages/airflow/example_dags/tutorial.py
[2025-12-13T10:22:38.020+0000] {processor.py:925} INFO - DAG(s) 'tutorial' retrieved from /home/airflow/.local/lib/python3.12/site-packages/airflow/example_dags/tutorial.py
[2025-12-13T10:22:38.086+0000] {logging_mixin.py:190} INFO - [2025-12-13T10:22:38.086+0000] {dag.py:3239} INFO - Sync 1 DAGs
[2025-12-13T10:22:38.186+0000] {logging_mixin.py:190} INFO - [2025-12-13T10:22:38.185+0000] {dag.py:4180} INFO - Setting next_dagrun for tutorial to 2025-12-12 00:00:00+00:00, run_after=2025-12-13 00:00:00+00:00
[2025-12-13T10:22:38.220+0000] {processor.py:208} INFO - Processing /home/airflow/.local/lib/python3.12/site-packages/airflow/example_dags/tutorial.py took 0.279 seconds
[2025-12-13T10:23:10.071+0000] {processor.py:186} INFO - Started process (PID=928) to work on /home/airflow/.local/lib/python3.12/site-packages/airflow/example_dags/tutorial.py
[2025-12-13T10:23:10.072+0000] {processor.py:914} INFO - Processing file /home/airflow/.local/lib/python3.12/site-packages/airflow/example_dags/tutorial.py for tasks to queue
[2025-12-13T10:23:10.075+0000] {logging_mixin.py:190} INFO - [2025-12-13T10:23:10.075+0000] {dagbag.py:588} INFO - Filling up the DagBag from /home/airflow/.local/lib/python3.12/site-packages/airflow/example_dags/tutorial.py
[2025-12-13T10:23:10.088+0000] {processor.py:925} INFO - DAG(s) 'tutorial' retrieved from /home/airflow/.local/lib/python3.12/site-packages/airflow/example_dags/tutorial.py
[2025-12-13T10:23:10.118+0000] {logging_mixin.py:190} INFO - [2025-12-13T10:23:10.118+0000] {dag.py:3239} INFO - Sync 1 DAGs
[2025-12-13T10:23:10.159+0000] {logging_mixin.py:190} INFO - [2025-12-13T10:23:10.159+0000] {dag.py:4180} INFO - Setting next_dagrun for tutorial to 2025-12-12 00:00:00+00:00, run_after=2025-12-13 00:00:00+00:00
[2025-12-13T10:23:10.186+0000] {processor.py:208} INFO - Processing /home/airflow/.local/lib/python3.12/site-packages/airflow/example_dags/tutorial.py took 0.127 seconds
[2025-12-13T10:23:41.367+0000] {processor.py:186} INFO - Started process (PID=991) to work on /home/airflow/.local/lib/python3.12/site-packages/airflow/example_dags/tutorial.py
[2025-12-13T10:23:41.369+0000] {processor.py:914} INFO - Processing file /home/airflow/.local/lib/python3.12/site-packages/airflow/example_dags/tutorial.py for tasks to queue
[2025-12-13T10:23:41.373+0000] {logging_mixin.py:190} INFO - [2025-12-13T10:23:41.372+0000] {dagbag.py:588} INFO - Filling up the DagBag from /home/airflow/.local/lib/python3.12/site-packages/airflow/example_dags/tutorial.py
[2025-12-13T10:23:41.387+0000] {processor.py:925} INFO - DAG(s) 'tutorial' retrieved from /home/airflow/.local/lib/python3.12/site-packages/airflow/example_dags/tutorial.py
[2025-12-13T10:23:41.418+0000] {logging_mixin.py:190} INFO - [2025-12-13T10:23:41.417+0000] {dag.py:3239} INFO - Sync 1 DAGs
[2025-12-13T10:23:41.464+0000] {logging_mixin.py:190} INFO - [2025-12-13T10:23:41.463+0000] {dag.py:4180} INFO - Setting next_dagrun for tutorial to 2025-12-12 00:00:00+00:00, run_after=2025-12-13 00:00:00+00:00
[2025-12-13T10:23:41.492+0000] {processor.py:208} INFO - Processing /home/airflow/.local/lib/python3.12/site-packages/airflow/example_dags/tutorial.py took 0.137 seconds
[2025-12-13T10:24:13.512+0000] {processor.py:186} INFO - Started process (PID=1055) to work on /home/airflow/.local/lib/python3.12/site-packages/airflow/example_dags/tutorial.py
[2025-12-13T10:24:13.513+0000] {processor.py:914} INFO - Processing file /home/airflow/.local/lib/python3.12/site-packages/airflow/example_dags/tutorial.py for tasks to queue
[2025-12-13T10:24:13.516+0000] {logging_mixin.py:190} INFO - [2025-12-13T10:24:13.515+0000] {dagbag.py:588} INFO - Filling up the DagBag from /home/airflow/.local/lib/python3.12/site-packages/airflow/example_dags/tutorial.py
[2025-12-13T10:24:13.531+0000] {processor.py:925} INFO - DAG(s) 'tutorial' retrieved from /home/airflow/.local/lib/python3.12/site-packages/airflow/example_dags/tutorial.py
[2025-12-13T10:24:13.574+0000] {logging_mixin.py:190} INFO - [2025-12-13T10:24:13.574+0000] {dag.py:3239} INFO - Sync 1 DAGs
[2025-12-13T10:24:13.624+0000] {logging_mixin.py:190} INFO - [2025-12-13T10:24:13.624+0000] {dag.py:4180} INFO - Setting next_dagrun for tutorial to 2025-12-12 00:00:00+00:00, run_after=2025-12-13 00:00:00+00:00
[2025-12-13T10:24:13.657+0000] {processor.py:208} INFO - Processing /home/airflow/.local/lib/python3.12/site-packages/airflow/example_dags/tutorial.py took 0.157 seconds
[2025-12-13T10:24:45.100+0000] {processor.py:186} INFO - Started process (PID=1123) to work on /home/airflow/.local/lib/python3.12/site-packages/airflow/example_dags/tutorial.py
[2025-12-13T10:24:45.101+0000] {processor.py:914} INFO - Processing file /home/airflow/.local/lib/python3.12/site-packages/airflow/example_dags/tutorial.py for tasks to queue
[2025-12-13T10:24:45.106+0000] {logging_mixin.py:190} INFO - [2025-12-13T10:24:45.105+0000] {dagbag.py:588} INFO - Filling up the DagBag from /home/airflow/.local/lib/python3.12/site-packages/airflow/example_dags/tutorial.py
[2025-12-13T10:24:45.122+0000] {processor.py:925} INFO - DAG(s) 'tutorial' retrieved from /home/airflow/.local/lib/python3.12/site-packages/airflow/example_dags/tutorial.py
[2025-12-13T10:24:45.165+0000] {logging_mixin.py:190} INFO - [2025-12-13T10:24:45.164+0000] {dag.py:3239} INFO - Sync 1 DAGs
[2025-12-13T10:24:45.215+0000] {logging_mixin.py:190} INFO - [2025-12-13T10:24:45.214+0000] {dag.py:4180} INFO - Setting next_dagrun for tutorial to 2025-12-12 00:00:00+00:00, run_after=2025-12-13 00:00:00+00:00
[2025-12-13T10:24:45.249+0000] {processor.py:208} INFO - Processing /home/airflow/.local/lib/python3.12/site-packages/airflow/example_dags/tutorial.py took 0.161 seconds
[2025-12-13T10:25:17.018+0000] {processor.py:186} INFO - Started process (PID=1191) to work on /home/airflow/.local/lib/python3.12/site-packages/airflow/example_dags/tutorial.py
[2025-12-13T10:25:17.020+0000] {processor.py:914} INFO - Processing file /home/airflow/.local/lib/python3.12/site-packages/airflow/example_dags/tutorial.py for tasks to queue
[2025-12-13T10:25:17.024+0000] {logging_mixin.py:190} INFO - [2025-12-13T10:25:17.023+0000] {dagbag.py:588} INFO - Filling up the DagBag from /home/airflow/.local/lib/python3.12/site-packages/airflow/example_dags/tutorial.py
[2025-12-13T10:25:17.037+0000] {processor.py:925} INFO - DAG(s) 'tutorial' retrieved from /home/airflow/.local/lib/python3.12/site-packages/airflow/example_dags/tutorial.py
[2025-12-13T10:25:17.065+0000] {logging_mixin.py:190} INFO - [2025-12-13T10:25:17.065+0000] {dag.py:3239} INFO - Sync 1 DAGs
[2025-12-13T10:25:17.102+0000] {logging_mixin.py:190} INFO - [2025-12-13T10:25:17.102+0000] {dag.py:4180} INFO - Setting next_dagrun for tutorial to 2025-12-12 00:00:00+00:00, run_after=2025-12-13 00:00:00+00:00
[2025-12-13T10:25:17.131+0000] {processor.py:208} INFO - Processing /home/airflow/.local/lib/python3.12/site-packages/airflow/example_dags/tutorial.py took 0.124 seconds
[2025-12-13T10:25:47.835+0000] {processor.py:186} INFO - Started process (PID=1253) to work on /home/airflow/.local/lib/python3.12/site-packages/airflow/example_dags/tutorial.py
[2025-12-13T10:25:47.837+0000] {processor.py:914} INFO - Processing file /home/airflow/.local/lib/python3.12/site-packages/airflow/example_dags/tutorial.py for tasks to queue
[2025-12-13T10:25:47.841+0000] {logging_mixin.py:190} INFO - [2025-12-13T10:25:47.840+0000] {dagbag.py:588} INFO - Filling up the DagBag from /home/airflow/.local/lib/python3.12/site-packages/airflow/example_dags/tutorial.py
[2025-12-13T10:25:47.856+0000] {processor.py:925} INFO - DAG(s) 'tutorial' retrieved from /home/airflow/.local/lib/python3.12/site-packages/airflow/example_dags/tutorial.py
[2025-12-13T10:25:47.905+0000] {logging_mixin.py:190} INFO - [2025-12-13T10:25:47.905+0000] {dag.py:3239} INFO - Sync 1 DAGs
[2025-12-13T10:25:47.964+0000] {logging_mixin.py:190} INFO - [2025-12-13T10:25:47.963+0000] {dag.py:4180} INFO - Setting next_dagrun for tutorial to 2025-12-12 00:00:00+00:00, run_after=2025-12-13 00:00:00+00:00
[2025-12-13T10:25:48.008+0000] {processor.py:208} INFO - Processing /home/airflow/.local/lib/python3.12/site-packages/airflow/example_dags/tutorial.py took 0.186 seconds
[2025-12-13T10:26:18.345+0000] {processor.py:186} INFO - Started process (PID=1315) to work on /home/airflow/.local/lib/python3.12/site-packages/airflow/example_dags/tutorial.py
[2025-12-13T10:26:18.350+0000] {processor.py:914} INFO - Processing file /home/airflow/.local/lib/python3.12/site-packages/airflow/example_dags/tutorial.py for tasks to queue
[2025-12-13T10:26:18.357+0000] {logging_mixin.py:190} INFO - [2025-12-13T10:26:18.356+0000] {dagbag.py:588} INFO - Filling up the DagBag from /home/airflow/.local/lib/python3.12/site-packages/airflow/example_dags/tutorial.py
[2025-12-13T10:26:18.399+0000] {processor.py:925} INFO - DAG(s) 'tutorial' retrieved from /home/airflow/.local/lib/python3.12/site-packages/airflow/example_dags/tutorial.py
[2025-12-13T10:26:18.498+0000] {logging_mixin.py:190} INFO - [2025-12-13T10:26:18.497+0000] {dag.py:3239} INFO - Sync 1 DAGs
[2025-12-13T10:26:18.577+0000] {logging_mixin.py:190} INFO - [2025-12-13T10:26:18.576+0000] {dag.py:4180} INFO - Setting next_dagrun for tutorial to 2025-12-12 00:00:00+00:00, run_after=2025-12-13 00:00:00+00:00
[2025-12-13T10:26:18.639+0000] {processor.py:208} INFO - Processing /home/airflow/.local/lib/python3.12/site-packages/airflow/example_dags/tutorial.py took 0.309 seconds
[2025-12-13T10:26:49.598+0000] {processor.py:186} INFO - Started process (PID=1378) to work on /home/airflow/.local/lib/python3.12/site-packages/airflow/example_dags/tutorial.py
[2025-12-13T10:26:49.599+0000] {processor.py:914} INFO - Processing file /home/airflow/.local/lib/python3.12/site-packages/airflow/example_dags/tutorial.py for tasks to queue
[2025-12-13T10:26:49.606+0000] {logging_mixin.py:190} INFO - [2025-12-13T10:26:49.605+0000] {dagbag.py:588} INFO - Filling up the DagBag from /home/airflow/.local/lib/python3.12/site-packages/airflow/example_dags/tutorial.py
[2025-12-13T10:26:49.636+0000] {processor.py:925} INFO - DAG(s) 'tutorial' retrieved from /home/airflow/.local/lib/python3.12/site-packages/airflow/example_dags/tutorial.py
[2025-12-13T10:26:49.685+0000] {logging_mixin.py:190} INFO - [2025-12-13T10:26:49.685+0000] {dag.py:3239} INFO - Sync 1 DAGs
[2025-12-13T10:26:49.743+0000] {logging_mixin.py:190} INFO - [2025-12-13T10:26:49.743+0000] {dag.py:4180} INFO - Setting next_dagrun for tutorial to 2025-12-12 00:00:00+00:00, run_after=2025-12-13 00:00:00+00:00
[2025-12-13T10:26:49.793+0000] {processor.py:208} INFO - Processing /home/airflow/.local/lib/python3.12/site-packages/airflow/example_dags/tutorial.py took 0.214 seconds
[2025-12-13T10:27:19.948+0000] {processor.py:186} INFO - Started process (PID=1441) to work on /home/airflow/.local/lib/python3.12/site-packages/airflow/example_dags/tutorial.py
[2025-12-13T10:27:19.950+0000] {processor.py:914} INFO - Processing file /home/airflow/.local/lib/python3.12/site-packages/airflow/example_dags/tutorial.py for tasks to queue
[2025-12-13T10:27:19.953+0000] {logging_mixin.py:190} INFO - [2025-12-13T10:27:19.953+0000] {dagbag.py:588} INFO - Filling up the DagBag from /home/airflow/.local/lib/python3.12/site-packages/airflow/example_dags/tutorial.py
[2025-12-13T10:27:19.968+0000] {processor.py:925} INFO - DAG(s) 'tutorial' retrieved from /home/airflow/.local/lib/python3.12/site-packages/airflow/example_dags/tutorial.py
[2025-12-13T10:27:20.005+0000] {logging_mixin.py:190} INFO - [2025-12-13T10:27:20.005+0000] {dag.py:3239} INFO - Sync 1 DAGs
[2025-12-13T10:27:20.051+0000] {logging_mixin.py:190} INFO - [2025-12-13T10:27:20.051+0000] {dag.py:4180} INFO - Setting next_dagrun for tutorial to 2025-12-12 00:00:00+00:00, run_after=2025-12-13 00:00:00+00:00
[2025-12-13T10:27:20.081+0000] {processor.py:208} INFO - Processing /home/airflow/.local/lib/python3.12/site-packages/airflow/example_dags/tutorial.py took 0.145 seconds
[2025-12-13T10:27:50.608+0000] {processor.py:186} INFO - Started process (PID=1503) to work on /home/airflow/.local/lib/python3.12/site-packages/airflow/example_dags/tutorial.py
[2025-12-13T10:27:50.609+0000] {processor.py:914} INFO - Processing file /home/airflow/.local/lib/python3.12/site-packages/airflow/example_dags/tutorial.py for tasks to queue
[2025-12-13T10:27:50.614+0000] {logging_mixin.py:190} INFO - [2025-12-13T10:27:50.613+0000] {dagbag.py:588} INFO - Filling up the DagBag from /home/airflow/.local/lib/python3.12/site-packages/airflow/example_dags/tutorial.py
[2025-12-13T10:27:50.629+0000] {processor.py:925} INFO - DAG(s) 'tutorial' retrieved from /home/airflow/.local/lib/python3.12/site-packages/airflow/example_dags/tutorial.py
[2025-12-13T10:27:50.667+0000] {logging_mixin.py:190} INFO - [2025-12-13T10:27:50.666+0000] {dag.py:3239} INFO - Sync 1 DAGs
[2025-12-13T10:27:50.715+0000] {logging_mixin.py:190} INFO - [2025-12-13T10:27:50.714+0000] {dag.py:4180} INFO - Setting next_dagrun for tutorial to 2025-12-12 00:00:00+00:00, run_after=2025-12-13 00:00:00+00:00
[2025-12-13T10:27:50.752+0000] {processor.py:208} INFO - Processing /home/airflow/.local/lib/python3.12/site-packages/airflow/example_dags/tutorial.py took 0.156 seconds
[2025-12-13T10:28:22.190+0000] {processor.py:186} INFO - Started process (PID=1571) to work on /home/airflow/.local/lib/python3.12/site-packages/airflow/example_dags/tutorial.py
[2025-12-13T10:28:22.195+0000] {processor.py:914} INFO - Processing file /home/airflow/.local/lib/python3.12/site-packages/airflow/example_dags/tutorial.py for tasks to queue
[2025-12-13T10:28:22.201+0000] {logging_mixin.py:190} INFO - [2025-12-13T10:28:22.201+0000] {dagbag.py:588} INFO - Filling up the DagBag from /home/airflow/.local/lib/python3.12/site-packages/airflow/example_dags/tutorial.py
[2025-12-13T10:28:22.238+0000] {processor.py:925} INFO - DAG(s) 'tutorial' retrieved from /home/airflow/.local/lib/python3.12/site-packages/airflow/example_dags/tutorial.py
[2025-12-13T10:28:22.337+0000] {logging_mixin.py:190} INFO - [2025-12-13T10:28:22.337+0000] {dag.py:3239} INFO - Sync 1 DAGs
[2025-12-13T10:28:22.495+0000] {logging_mixin.py:190} INFO - [2025-12-13T10:28:22.495+0000] {dag.py:4180} INFO - Setting next_dagrun for tutorial to 2025-12-12 00:00:00+00:00, run_after=2025-12-13 00:00:00+00:00
[2025-12-13T10:28:22.545+0000] {processor.py:208} INFO - Processing /home/airflow/.local/lib/python3.12/site-packages/airflow/example_dags/tutorial.py took 0.367 seconds
[2025-12-13T10:28:53.161+0000] {processor.py:186} INFO - Started process (PID=1634) to work on /home/airflow/.local/lib/python3.12/site-packages/airflow/example_dags/tutorial.py
[2025-12-13T10:28:53.163+0000] {processor.py:914} INFO - Processing file /home/airflow/.local/lib/python3.12/site-packages/airflow/example_dags/tutorial.py for tasks to queue
[2025-12-13T10:28:53.168+0000] {logging_mixin.py:190} INFO - [2025-12-13T10:28:53.168+0000] {dagbag.py:588} INFO - Filling up the DagBag from /home/airflow/.local/lib/python3.12/site-packages/airflow/example_dags/tutorial.py
[2025-12-13T10:28:53.193+0000] {processor.py:925} INFO - DAG(s) 'tutorial' retrieved from /home/airflow/.local/lib/python3.12/site-packages/airflow/example_dags/tutorial.py
[2025-12-13T10:28:53.236+0000] {logging_mixin.py:190} INFO - [2025-12-13T10:28:53.235+0000] {dag.py:3239} INFO - Sync 1 DAGs
[2025-12-13T10:28:53.301+0000] {logging_mixin.py:190} INFO - [2025-12-13T10:28:53.300+0000] {dag.py:4180} INFO - Setting next_dagrun for tutorial to 2025-12-12 00:00:00+00:00, run_after=2025-12-13 00:00:00+00:00
[2025-12-13T10:28:53.382+0000] {processor.py:208} INFO - Processing /home/airflow/.local/lib/python3.12/site-packages/airflow/example_dags/tutorial.py took 0.240 seconds
[2025-12-13T10:29:23.994+0000] {processor.py:186} INFO - Started process (PID=1696) to work on /home/airflow/.local/lib/python3.12/site-packages/airflow/example_dags/tutorial.py
[2025-12-13T10:29:23.995+0000] {processor.py:914} INFO - Processing file /home/airflow/.local/lib/python3.12/site-packages/airflow/example_dags/tutorial.py for tasks to queue
[2025-12-13T10:29:23.999+0000] {logging_mixin.py:190} INFO - [2025-12-13T10:29:23.999+0000] {dagbag.py:588} INFO - Filling up the DagBag from /home/airflow/.local/lib/python3.12/site-packages/airflow/example_dags/tutorial.py
[2025-12-13T10:29:24.031+0000] {processor.py:925} INFO - DAG(s) 'tutorial' retrieved from /home/airflow/.local/lib/python3.12/site-packages/airflow/example_dags/tutorial.py
[2025-12-13T10:29:24.101+0000] {logging_mixin.py:190} INFO - [2025-12-13T10:29:24.101+0000] {dag.py:3239} INFO - Sync 1 DAGs
[2025-12-13T10:29:24.188+0000] {logging_mixin.py:190} INFO - [2025-12-13T10:29:24.187+0000] {dag.py:4180} INFO - Setting next_dagrun for tutorial to 2025-12-12 00:00:00+00:00, run_after=2025-12-13 00:00:00+00:00
[2025-12-13T10:29:24.253+0000] {processor.py:208} INFO - Processing /home/airflow/.local/lib/python3.12/site-packages/airflow/example_dags/tutorial.py took 0.280 seconds
[2025-12-13T10:29:54.720+0000] {processor.py:186} INFO - Started process (PID=1759) to work on /home/airflow/.local/lib/python3.12/site-packages/airflow/example_dags/tutorial.py
[2025-12-13T10:29:54.722+0000] {processor.py:914} INFO - Processing file /home/airflow/.local/lib/python3.12/site-packages/airflow/example_dags/tutorial.py for tasks to queue
[2025-12-13T10:29:54.726+0000] {logging_mixin.py:190} INFO - [2025-12-13T10:29:54.725+0000] {dagbag.py:588} INFO - Filling up the DagBag from /home/airflow/.local/lib/python3.12/site-packages/airflow/example_dags/tutorial.py
[2025-12-13T10:29:54.740+0000] {processor.py:925} INFO - DAG(s) 'tutorial' retrieved from /home/airflow/.local/lib/python3.12/site-packages/airflow/example_dags/tutorial.py
[2025-12-13T10:29:54.774+0000] {logging_mixin.py:190} INFO - [2025-12-13T10:29:54.773+0000] {dag.py:3239} INFO - Sync 1 DAGs
[2025-12-13T10:29:54.820+0000] {logging_mixin.py:190} INFO - [2025-12-13T10:29:54.820+0000] {dag.py:4180} INFO - Setting next_dagrun for tutorial to 2025-12-12 00:00:00+00:00, run_after=2025-12-13 00:00:00+00:00
[2025-12-13T10:29:54.855+0000] {processor.py:208} INFO - Processing /home/airflow/.local/lib/python3.12/site-packages/airflow/example_dags/tutorial.py took 0.147 seconds
[2025-12-13T10:30:25.298+0000] {processor.py:186} INFO - Started process (PID=1822) to work on /home/airflow/.local/lib/python3.12/site-packages/airflow/example_dags/tutorial.py
[2025-12-13T10:30:25.299+0000] {processor.py:914} INFO - Processing file /home/airflow/.local/lib/python3.12/site-packages/airflow/example_dags/tutorial.py for tasks to queue
[2025-12-13T10:30:25.302+0000] {logging_mixin.py:190} INFO - [2025-12-13T10:30:25.302+0000] {dagbag.py:588} INFO - Filling up the DagBag from /home/airflow/.local/lib/python3.12/site-packages/airflow/example_dags/tutorial.py
[2025-12-13T10:30:25.315+0000] {processor.py:925} INFO - DAG(s) 'tutorial' retrieved from /home/airflow/.local/lib/python3.12/site-packages/airflow/example_dags/tutorial.py
[2025-12-13T10:30:25.348+0000] {logging_mixin.py:190} INFO - [2025-12-13T10:30:25.348+0000] {dag.py:3239} INFO - Sync 1 DAGs
[2025-12-13T10:30:25.392+0000] {logging_mixin.py:190} INFO - [2025-12-13T10:30:25.392+0000] {dag.py:4180} INFO - Setting next_dagrun for tutorial to 2025-12-12 00:00:00+00:00, run_after=2025-12-13 00:00:00+00:00
[2025-12-13T10:30:25.421+0000] {processor.py:208} INFO - Processing /home/airflow/.local/lib/python3.12/site-packages/airflow/example_dags/tutorial.py took 0.132 seconds
[2025-12-13T10:30:56.869+0000] {processor.py:186} INFO - Started process (PID=1885) to work on /home/airflow/.local/lib/python3.12/site-packages/airflow/example_dags/tutorial.py
[2025-12-13T10:30:56.871+0000] {processor.py:914} INFO - Processing file /home/airflow/.local/lib/python3.12/site-packages/airflow/example_dags/tutorial.py for tasks to queue
[2025-12-13T10:30:56.875+0000] {logging_mixin.py:190} INFO - [2025-12-13T10:30:56.874+0000] {dagbag.py:588} INFO - Filling up the DagBag from /home/airflow/.local/lib/python3.12/site-packages/airflow/example_dags/tutorial.py
[2025-12-13T10:30:56.891+0000] {processor.py:925} INFO - DAG(s) 'tutorial' retrieved from /home/airflow/.local/lib/python3.12/site-packages/airflow/example_dags/tutorial.py
[2025-12-13T10:30:56.932+0000] {logging_mixin.py:190} INFO - [2025-12-13T10:30:56.931+0000] {dag.py:3239} INFO - Sync 1 DAGs
[2025-12-13T10:30:56.980+0000] {logging_mixin.py:190} INFO - [2025-12-13T10:30:56.979+0000] {dag.py:4180} INFO - Setting next_dagrun for tutorial to 2025-12-12 00:00:00+00:00, run_after=2025-12-13 00:00:00+00:00
[2025-12-13T10:30:57.115+0000] {processor.py:208} INFO - Processing /home/airflow/.local/lib/python3.12/site-packages/airflow/example_dags/tutorial.py took 0.257 seconds
[2025-12-13T10:31:28.085+0000] {processor.py:186} INFO - Started process (PID=1947) to work on /home/airflow/.local/lib/python3.12/site-packages/airflow/example_dags/tutorial.py
[2025-12-13T10:31:28.087+0000] {processor.py:914} INFO - Processing file /home/airflow/.local/lib/python3.12/site-packages/airflow/example_dags/tutorial.py for tasks to queue
[2025-12-13T10:31:28.091+0000] {logging_mixin.py:190} INFO - [2025-12-13T10:31:28.090+0000] {dagbag.py:588} INFO - Filling up the DagBag from /home/airflow/.local/lib/python3.12/site-packages/airflow/example_dags/tutorial.py
[2025-12-13T10:31:28.106+0000] {processor.py:925} INFO - DAG(s) 'tutorial' retrieved from /home/airflow/.local/lib/python3.12/site-packages/airflow/example_dags/tutorial.py
[2025-12-13T10:31:28.191+0000] {logging_mixin.py:190} INFO - [2025-12-13T10:31:28.191+0000] {dag.py:3239} INFO - Sync 1 DAGs
[2025-12-13T10:31:28.255+0000] {logging_mixin.py:190} INFO - [2025-12-13T10:31:28.255+0000] {dag.py:4180} INFO - Setting next_dagrun for tutorial to 2025-12-12 00:00:00+00:00, run_after=2025-12-13 00:00:00+00:00
[2025-12-13T10:31:28.299+0000] {processor.py:208} INFO - Processing /home/airflow/.local/lib/python3.12/site-packages/airflow/example_dags/tutorial.py took 0.225 seconds
[2025-12-13T10:32:00.726+0000] {processor.py:186} INFO - Started process (PID=2015) to work on /home/airflow/.local/lib/python3.12/site-packages/airflow/example_dags/tutorial.py
[2025-12-13T10:32:00.727+0000] {processor.py:914} INFO - Processing file /home/airflow/.local/lib/python3.12/site-packages/airflow/example_dags/tutorial.py for tasks to queue
[2025-12-13T10:32:00.732+0000] {logging_mixin.py:190} INFO - [2025-12-13T10:32:00.731+0000] {dagbag.py:588} INFO - Filling up the DagBag from /home/airflow/.local/lib/python3.12/site-packages/airflow/example_dags/tutorial.py
[2025-12-13T10:32:00.748+0000] {processor.py:925} INFO - DAG(s) 'tutorial' retrieved from /home/airflow/.local/lib/python3.12/site-packages/airflow/example_dags/tutorial.py
[2025-12-13T10:32:00.787+0000] {logging_mixin.py:190} INFO - [2025-12-13T10:32:00.786+0000] {dag.py:3239} INFO - Sync 1 DAGs
[2025-12-13T10:32:00.845+0000] {logging_mixin.py:190} INFO - [2025-12-13T10:32:00.844+0000] {dag.py:4180} INFO - Setting next_dagrun for tutorial to 2025-12-12 00:00:00+00:00, run_after=2025-12-13 00:00:00+00:00
[2025-12-13T10:32:00.889+0000] {processor.py:208} INFO - Processing /home/airflow/.local/lib/python3.12/site-packages/airflow/example_dags/tutorial.py took 0.178 seconds
[2025-12-13T10:32:32.252+0000] {processor.py:186} INFO - Started process (PID=2078) to work on /home/airflow/.local/lib/python3.12/site-packages/airflow/example_dags/tutorial.py
[2025-12-13T10:32:32.253+0000] {processor.py:914} INFO - Processing file /home/airflow/.local/lib/python3.12/site-packages/airflow/example_dags/tutorial.py for tasks to queue
[2025-12-13T10:32:32.258+0000] {logging_mixin.py:190} INFO - [2025-12-13T10:32:32.257+0000] {dagbag.py:588} INFO - Filling up the DagBag from /home/airflow/.local/lib/python3.12/site-packages/airflow/example_dags/tutorial.py
[2025-12-13T10:32:32.274+0000] {processor.py:925} INFO - DAG(s) 'tutorial' retrieved from /home/airflow/.local/lib/python3.12/site-packages/airflow/example_dags/tutorial.py
[2025-12-13T10:32:32.311+0000] {logging_mixin.py:190} INFO - [2025-12-13T10:32:32.311+0000] {dag.py:3239} INFO - Sync 1 DAGs
[2025-12-13T10:32:32.361+0000] {logging_mixin.py:190} INFO - [2025-12-13T10:32:32.360+0000] {dag.py:4180} INFO - Setting next_dagrun for tutorial to 2025-12-12 00:00:00+00:00, run_after=2025-12-13 00:00:00+00:00
[2025-12-13T10:32:32.393+0000] {processor.py:208} INFO - Processing /home/airflow/.local/lib/python3.12/site-packages/airflow/example_dags/tutorial.py took 0.153 seconds
[2025-12-13T10:33:04.687+0000] {processor.py:186} INFO - Started process (PID=2142) to work on /home/airflow/.local/lib/python3.12/site-packages/airflow/example_dags/tutorial.py
[2025-12-13T10:33:04.688+0000] {processor.py:914} INFO - Processing file /home/airflow/.local/lib/python3.12/site-packages/airflow/example_dags/tutorial.py for tasks to queue
[2025-12-13T10:33:04.693+0000] {logging_mixin.py:190} INFO - [2025-12-13T10:33:04.692+0000] {dagbag.py:588} INFO - Filling up the DagBag from /home/airflow/.local/lib/python3.12/site-packages/airflow/example_dags/tutorial.py
[2025-12-13T10:33:04.710+0000] {processor.py:925} INFO - DAG(s) 'tutorial' retrieved from /home/airflow/.local/lib/python3.12/site-packages/airflow/example_dags/tutorial.py
[2025-12-13T10:33:04.757+0000] {logging_mixin.py:190} INFO - [2025-12-13T10:33:04.757+0000] {dag.py:3239} INFO - Sync 1 DAGs
[2025-12-13T10:33:04.808+0000] {logging_mixin.py:190} INFO - [2025-12-13T10:33:04.807+0000] {dag.py:4180} INFO - Setting next_dagrun for tutorial to 2025-12-12 00:00:00+00:00, run_after=2025-12-13 00:00:00+00:00
[2025-12-13T10:33:04.841+0000] {processor.py:208} INFO - Processing /home/airflow/.local/lib/python3.12/site-packages/airflow/example_dags/tutorial.py took 0.167 seconds
[2025-12-13T10:33:35.417+0000] {processor.py:186} INFO - Started process (PID=2205) to work on /home/airflow/.local/lib/python3.12/site-packages/airflow/example_dags/tutorial.py
[2025-12-13T10:33:35.418+0000] {processor.py:914} INFO - Processing file /home/airflow/.local/lib/python3.12/site-packages/airflow/example_dags/tutorial.py for tasks to queue
[2025-12-13T10:33:35.423+0000] {logging_mixin.py:190} INFO - [2025-12-13T10:33:35.422+0000] {dagbag.py:588} INFO - Filling up the DagBag from /home/airflow/.local/lib/python3.12/site-packages/airflow/example_dags/tutorial.py
[2025-12-13T10:33:35.437+0000] {processor.py:925} INFO - DAG(s) 'tutorial' retrieved from /home/airflow/.local/lib/python3.12/site-packages/airflow/example_dags/tutorial.py
[2025-12-13T10:33:35.470+0000] {logging_mixin.py:190} INFO - [2025-12-13T10:33:35.469+0000] {dag.py:3239} INFO - Sync 1 DAGs
[2025-12-13T10:33:35.514+0000] {logging_mixin.py:190} INFO - [2025-12-13T10:33:35.513+0000] {dag.py:4180} INFO - Setting next_dagrun for tutorial to 2025-12-12 00:00:00+00:00, run_after=2025-12-13 00:00:00+00:00
[2025-12-13T10:33:35.544+0000] {processor.py:208} INFO - Processing /home/airflow/.local/lib/python3.12/site-packages/airflow/example_dags/tutorial.py took 0.137 seconds
[2025-12-13T10:34:06.532+0000] {processor.py:186} INFO - Started process (PID=2267) to work on /home/airflow/.local/lib/python3.12/site-packages/airflow/example_dags/tutorial.py
[2025-12-13T10:34:06.533+0000] {processor.py:914} INFO - Processing file /home/airflow/.local/lib/python3.12/site-packages/airflow/example_dags/tutorial.py for tasks to queue
[2025-12-13T10:34:06.537+0000] {logging_mixin.py:190} INFO - [2025-12-13T10:34:06.537+0000] {dagbag.py:588} INFO - Filling up the DagBag from /home/airflow/.local/lib/python3.12/site-packages/airflow/example_dags/tutorial.py
[2025-12-13T10:34:06.553+0000] {processor.py:925} INFO - DAG(s) 'tutorial' retrieved from /home/airflow/.local/lib/python3.12/site-packages/airflow/example_dags/tutorial.py
[2025-12-13T10:34:06.591+0000] {logging_mixin.py:190} INFO - [2025-12-13T10:34:06.591+0000] {dag.py:3239} INFO - Sync 1 DAGs
[2025-12-13T10:34:06.636+0000] {logging_mixin.py:190} INFO - [2025-12-13T10:34:06.635+0000] {dag.py:4180} INFO - Setting next_dagrun for tutorial to 2025-12-12 00:00:00+00:00, run_after=2025-12-13 00:00:00+00:00
[2025-12-13T10:34:06.671+0000] {processor.py:208} INFO - Processing /home/airflow/.local/lib/python3.12/site-packages/airflow/example_dags/tutorial.py took 0.153 seconds
[2025-12-13T10:34:37.158+0000] {processor.py:186} INFO - Started process (PID=2329) to work on /home/airflow/.local/lib/python3.12/site-packages/airflow/example_dags/tutorial.py
[2025-12-13T10:34:37.165+0000] {processor.py:914} INFO - Processing file /home/airflow/.local/lib/python3.12/site-packages/airflow/example_dags/tutorial.py for tasks to queue
[2025-12-13T10:34:37.192+0000] {logging_mixin.py:190} INFO - [2025-12-13T10:34:37.191+0000] {dagbag.py:588} INFO - Filling up the DagBag from /home/airflow/.local/lib/python3.12/site-packages/airflow/example_dags/tutorial.py
[2025-12-13T10:34:37.251+0000] {processor.py:925} INFO - DAG(s) 'tutorial' retrieved from /home/airflow/.local/lib/python3.12/site-packages/airflow/example_dags/tutorial.py
[2025-12-13T10:34:37.321+0000] {logging_mixin.py:190} INFO - [2025-12-13T10:34:37.320+0000] {dag.py:3239} INFO - Sync 1 DAGs
[2025-12-13T10:34:37.398+0000] {logging_mixin.py:190} INFO - [2025-12-13T10:34:37.397+0000] {dag.py:4180} INFO - Setting next_dagrun for tutorial to 2025-12-12 00:00:00+00:00, run_after=2025-12-13 00:00:00+00:00
[2025-12-13T10:34:37.436+0000] {processor.py:208} INFO - Processing /home/airflow/.local/lib/python3.12/site-packages/airflow/example_dags/tutorial.py took 0.308 seconds
[2025-12-13T10:35:07.758+0000] {processor.py:186} INFO - Started process (PID=2392) to work on /home/airflow/.local/lib/python3.12/site-packages/airflow/example_dags/tutorial.py
[2025-12-13T10:35:07.759+0000] {processor.py:914} INFO - Processing file /home/airflow/.local/lib/python3.12/site-packages/airflow/example_dags/tutorial.py for tasks to queue
[2025-12-13T10:35:07.764+0000] {logging_mixin.py:190} INFO - [2025-12-13T10:35:07.763+0000] {dagbag.py:588} INFO - Filling up the DagBag from /home/airflow/.local/lib/python3.12/site-packages/airflow/example_dags/tutorial.py
[2025-12-13T10:35:07.780+0000] {processor.py:925} INFO - DAG(s) 'tutorial' retrieved from /home/airflow/.local/lib/python3.12/site-packages/airflow/example_dags/tutorial.py
[2025-12-13T10:35:07.824+0000] {logging_mixin.py:190} INFO - [2025-12-13T10:35:07.824+0000] {dag.py:3239} INFO - Sync 1 DAGs
[2025-12-13T10:35:07.873+0000] {logging_mixin.py:190} INFO - [2025-12-13T10:35:07.872+0000] {dag.py:4180} INFO - Setting next_dagrun for tutorial to 2025-12-12 00:00:00+00:00, run_after=2025-12-13 00:00:00+00:00
[2025-12-13T10:35:07.908+0000] {processor.py:208} INFO - Processing /home/airflow/.local/lib/python3.12/site-packages/airflow/example_dags/tutorial.py took 0.165 seconds
[2025-12-13T10:35:38.482+0000] {processor.py:186} INFO - Started process (PID=2457) to work on /home/airflow/.local/lib/python3.12/site-packages/airflow/example_dags/tutorial.py
[2025-12-13T10:35:38.485+0000] {processor.py:914} INFO - Processing file /home/airflow/.local/lib/python3.12/site-packages/airflow/example_dags/tutorial.py for tasks to queue
[2025-12-13T10:35:38.489+0000] {logging_mixin.py:190} INFO - [2025-12-13T10:35:38.489+0000] {dagbag.py:588} INFO - Filling up the DagBag from /home/airflow/.local/lib/python3.12/site-packages/airflow/example_dags/tutorial.py
[2025-12-13T10:35:38.510+0000] {processor.py:925} INFO - DAG(s) 'tutorial' retrieved from /home/airflow/.local/lib/python3.12/site-packages/airflow/example_dags/tutorial.py
[2025-12-13T10:35:38.559+0000] {logging_mixin.py:190} INFO - [2025-12-13T10:35:38.559+0000] {dag.py:3239} INFO - Sync 1 DAGs
[2025-12-13T10:35:38.620+0000] {logging_mixin.py:190} INFO - [2025-12-13T10:35:38.619+0000] {dag.py:4180} INFO - Setting next_dagrun for tutorial to 2025-12-12 00:00:00+00:00, run_after=2025-12-13 00:00:00+00:00
[2025-12-13T10:35:38.660+0000] {processor.py:208} INFO - Processing /home/airflow/.local/lib/python3.12/site-packages/airflow/example_dags/tutorial.py took 0.190 seconds
[2025-12-13T10:36:10.544+0000] {processor.py:186} INFO - Started process (PID=2520) to work on /home/airflow/.local/lib/python3.12/site-packages/airflow/example_dags/tutorial.py
[2025-12-13T10:36:10.546+0000] {processor.py:914} INFO - Processing file /home/airflow/.local/lib/python3.12/site-packages/airflow/example_dags/tutorial.py for tasks to queue
[2025-12-13T10:36:10.553+0000] {logging_mixin.py:190} INFO - [2025-12-13T10:36:10.552+0000] {dagbag.py:588} INFO - Filling up the DagBag from /home/airflow/.local/lib/python3.12/site-packages/airflow/example_dags/tutorial.py
[2025-12-13T10:36:10.583+0000] {processor.py:925} INFO - DAG(s) 'tutorial' retrieved from /home/airflow/.local/lib/python3.12/site-packages/airflow/example_dags/tutorial.py
[2025-12-13T10:36:10.623+0000] {logging_mixin.py:190} INFO - [2025-12-13T10:36:10.622+0000] {dag.py:3239} INFO - Sync 1 DAGs
[2025-12-13T10:36:10.672+0000] {logging_mixin.py:190} INFO - [2025-12-13T10:36:10.671+0000] {dag.py:4180} INFO - Setting next_dagrun for tutorial to 2025-12-12 00:00:00+00:00, run_after=2025-12-13 00:00:00+00:00
[2025-12-13T10:36:10.721+0000] {processor.py:208} INFO - Processing /home/airflow/.local/lib/python3.12/site-packages/airflow/example_dags/tutorial.py took 0.191 seconds
[2025-12-13T10:36:41.204+0000] {processor.py:186} INFO - Started process (PID=2583) to work on /home/airflow/.local/lib/python3.12/site-packages/airflow/example_dags/tutorial.py
[2025-12-13T10:36:41.205+0000] {processor.py:914} INFO - Processing file /home/airflow/.local/lib/python3.12/site-packages/airflow/example_dags/tutorial.py for tasks to queue
[2025-12-13T10:36:41.209+0000] {logging_mixin.py:190} INFO - [2025-12-13T10:36:41.208+0000] {dagbag.py:588} INFO - Filling up the DagBag from /home/airflow/.local/lib/python3.12/site-packages/airflow/example_dags/tutorial.py
[2025-12-13T10:36:41.222+0000] {processor.py:925} INFO - DAG(s) 'tutorial' retrieved from /home/airflow/.local/lib/python3.12/site-packages/airflow/example_dags/tutorial.py
[2025-12-13T10:36:41.257+0000] {logging_mixin.py:190} INFO - [2025-12-13T10:36:41.257+0000] {dag.py:3239} INFO - Sync 1 DAGs
[2025-12-13T10:36:41.302+0000] {logging_mixin.py:190} INFO - [2025-12-13T10:36:41.302+0000] {dag.py:4180} INFO - Setting next_dagrun for tutorial to 2025-12-12 00:00:00+00:00, run_after=2025-12-13 00:00:00+00:00
[2025-12-13T10:36:41.330+0000] {processor.py:208} INFO - Processing /home/airflow/.local/lib/python3.12/site-packages/airflow/example_dags/tutorial.py took 0.139 seconds
[2025-12-13T10:37:11.502+0000] {processor.py:186} INFO - Started process (PID=2645) to work on /home/airflow/.local/lib/python3.12/site-packages/airflow/example_dags/tutorial.py
[2025-12-13T10:37:11.503+0000] {processor.py:914} INFO - Processing file /home/airflow/.local/lib/python3.12/site-packages/airflow/example_dags/tutorial.py for tasks to queue
[2025-12-13T10:37:11.507+0000] {logging_mixin.py:190} INFO - [2025-12-13T10:37:11.506+0000] {dagbag.py:588} INFO - Filling up the DagBag from /home/airflow/.local/lib/python3.12/site-packages/airflow/example_dags/tutorial.py
[2025-12-13T10:37:11.523+0000] {processor.py:925} INFO - DAG(s) 'tutorial' retrieved from /home/airflow/.local/lib/python3.12/site-packages/airflow/example_dags/tutorial.py
[2025-12-13T10:37:11.561+0000] {logging_mixin.py:190} INFO - [2025-12-13T10:37:11.560+0000] {dag.py:3239} INFO - Sync 1 DAGs
[2025-12-13T10:37:11.609+0000] {logging_mixin.py:190} INFO - [2025-12-13T10:37:11.609+0000] {dag.py:4180} INFO - Setting next_dagrun for tutorial to 2025-12-12 00:00:00+00:00, run_after=2025-12-13 00:00:00+00:00
[2025-12-13T10:37:11.641+0000] {processor.py:208} INFO - Processing /home/airflow/.local/lib/python3.12/site-packages/airflow/example_dags/tutorial.py took 0.151 seconds
[2025-12-13T10:37:42.205+0000] {processor.py:186} INFO - Started process (PID=2708) to work on /home/airflow/.local/lib/python3.12/site-packages/airflow/example_dags/tutorial.py
[2025-12-13T10:37:42.207+0000] {processor.py:914} INFO - Processing file /home/airflow/.local/lib/python3.12/site-packages/airflow/example_dags/tutorial.py for tasks to queue
[2025-12-13T10:37:42.217+0000] {logging_mixin.py:190} INFO - [2025-12-13T10:37:42.216+0000] {dagbag.py:588} INFO - Filling up the DagBag from /home/airflow/.local/lib/python3.12/site-packages/airflow/example_dags/tutorial.py
[2025-12-13T10:37:42.241+0000] {processor.py:925} INFO - DAG(s) 'tutorial' retrieved from /home/airflow/.local/lib/python3.12/site-packages/airflow/example_dags/tutorial.py
[2025-12-13T10:37:42.297+0000] {logging_mixin.py:190} INFO - [2025-12-13T10:37:42.295+0000] {dag.py:3239} INFO - Sync 1 DAGs
[2025-12-13T10:37:42.367+0000] {logging_mixin.py:190} INFO - [2025-12-13T10:37:42.367+0000] {dag.py:4180} INFO - Setting next_dagrun for tutorial to 2025-12-12 00:00:00+00:00, run_after=2025-12-13 00:00:00+00:00
[2025-12-13T10:37:42.427+0000] {processor.py:208} INFO - Processing /home/airflow/.local/lib/python3.12/site-packages/airflow/example_dags/tutorial.py took 0.237 seconds
[2025-12-13T10:38:12.714+0000] {processor.py:186} INFO - Started process (PID=2771) to work on /home/airflow/.local/lib/python3.12/site-packages/airflow/example_dags/tutorial.py
[2025-12-13T10:38:12.716+0000] {processor.py:914} INFO - Processing file /home/airflow/.local/lib/python3.12/site-packages/airflow/example_dags/tutorial.py for tasks to queue
[2025-12-13T10:38:12.720+0000] {logging_mixin.py:190} INFO - [2025-12-13T10:38:12.720+0000] {dagbag.py:588} INFO - Filling up the DagBag from /home/airflow/.local/lib/python3.12/site-packages/airflow/example_dags/tutorial.py
[2025-12-13T10:38:12.739+0000] {processor.py:925} INFO - DAG(s) 'tutorial' retrieved from /home/airflow/.local/lib/python3.12/site-packages/airflow/example_dags/tutorial.py
[2025-12-13T10:38:12.776+0000] {logging_mixin.py:190} INFO - [2025-12-13T10:38:12.776+0000] {dag.py:3239} INFO - Sync 1 DAGs
[2025-12-13T10:38:12.820+0000] {logging_mixin.py:190} INFO - [2025-12-13T10:38:12.819+0000] {dag.py:4180} INFO - Setting next_dagrun for tutorial to 2025-12-12 00:00:00+00:00, run_after=2025-12-13 00:00:00+00:00
[2025-12-13T10:38:12.851+0000] {processor.py:208} INFO - Processing /home/airflow/.local/lib/python3.12/site-packages/airflow/example_dags/tutorial.py took 0.152 seconds
[2025-12-13T10:38:44.370+0000] {processor.py:186} INFO - Started process (PID=2835) to work on /home/airflow/.local/lib/python3.12/site-packages/airflow/example_dags/tutorial.py
[2025-12-13T10:38:44.371+0000] {processor.py:914} INFO - Processing file /home/airflow/.local/lib/python3.12/site-packages/airflow/example_dags/tutorial.py for tasks to queue
[2025-12-13T10:38:44.376+0000] {logging_mixin.py:190} INFO - [2025-12-13T10:38:44.375+0000] {dagbag.py:588} INFO - Filling up the DagBag from /home/airflow/.local/lib/python3.12/site-packages/airflow/example_dags/tutorial.py
[2025-12-13T10:38:44.393+0000] {processor.py:925} INFO - DAG(s) 'tutorial' retrieved from /home/airflow/.local/lib/python3.12/site-packages/airflow/example_dags/tutorial.py
[2025-12-13T10:38:44.431+0000] {logging_mixin.py:190} INFO - [2025-12-13T10:38:44.431+0000] {dag.py:3239} INFO - Sync 1 DAGs
[2025-12-13T10:38:44.473+0000] {logging_mixin.py:190} INFO - [2025-12-13T10:38:44.472+0000] {dag.py:4180} INFO - Setting next_dagrun for tutorial to 2025-12-12 00:00:00+00:00, run_after=2025-12-13 00:00:00+00:00
[2025-12-13T10:38:44.512+0000] {processor.py:208} INFO - Processing /home/airflow/.local/lib/python3.12/site-packages/airflow/example_dags/tutorial.py took 0.155 seconds
[2025-12-13T10:39:15.383+0000] {processor.py:186} INFO - Started process (PID=2899) to work on /home/airflow/.local/lib/python3.12/site-packages/airflow/example_dags/tutorial.py
[2025-12-13T10:39:15.384+0000] {processor.py:914} INFO - Processing file /home/airflow/.local/lib/python3.12/site-packages/airflow/example_dags/tutorial.py for tasks to queue
[2025-12-13T10:39:15.389+0000] {logging_mixin.py:190} INFO - [2025-12-13T10:39:15.388+0000] {dagbag.py:588} INFO - Filling up the DagBag from /home/airflow/.local/lib/python3.12/site-packages/airflow/example_dags/tutorial.py
[2025-12-13T10:39:15.404+0000] {processor.py:925} INFO - DAG(s) 'tutorial' retrieved from /home/airflow/.local/lib/python3.12/site-packages/airflow/example_dags/tutorial.py
[2025-12-13T10:39:15.438+0000] {logging_mixin.py:190} INFO - [2025-12-13T10:39:15.438+0000] {dag.py:3239} INFO - Sync 1 DAGs
[2025-12-13T10:39:15.490+0000] {logging_mixin.py:190} INFO - [2025-12-13T10:39:15.490+0000] {dag.py:4180} INFO - Setting next_dagrun for tutorial to 2025-12-12 00:00:00+00:00, run_after=2025-12-13 00:00:00+00:00
[2025-12-13T10:39:15.790+0000] {processor.py:208} INFO - Processing /home/airflow/.local/lib/python3.12/site-packages/airflow/example_dags/tutorial.py took 0.418 seconds
[2025-12-13T10:39:47.760+0000] {processor.py:186} INFO - Started process (PID=2965) to work on /home/airflow/.local/lib/python3.12/site-packages/airflow/example_dags/tutorial.py
[2025-12-13T10:39:47.763+0000] {processor.py:914} INFO - Processing file /home/airflow/.local/lib/python3.12/site-packages/airflow/example_dags/tutorial.py for tasks to queue
[2025-12-13T10:39:47.767+0000] {logging_mixin.py:190} INFO - [2025-12-13T10:39:47.766+0000] {dagbag.py:588} INFO - Filling up the DagBag from /home/airflow/.local/lib/python3.12/site-packages/airflow/example_dags/tutorial.py
[2025-12-13T10:39:47.783+0000] {processor.py:925} INFO - DAG(s) 'tutorial' retrieved from /home/airflow/.local/lib/python3.12/site-packages/airflow/example_dags/tutorial.py
[2025-12-13T10:39:47.820+0000] {logging_mixin.py:190} INFO - [2025-12-13T10:39:47.820+0000] {dag.py:3239} INFO - Sync 1 DAGs
[2025-12-13T10:39:47.871+0000] {logging_mixin.py:190} INFO - [2025-12-13T10:39:47.871+0000] {dag.py:4180} INFO - Setting next_dagrun for tutorial to 2025-12-12 00:00:00+00:00, run_after=2025-12-13 00:00:00+00:00
[2025-12-13T10:39:48.249+0000] {processor.py:208} INFO - Processing /home/airflow/.local/lib/python3.12/site-packages/airflow/example_dags/tutorial.py took 0.501 seconds
[2025-12-13T10:40:18.627+0000] {processor.py:186} INFO - Started process (PID=3028) to work on /home/airflow/.local/lib/python3.12/site-packages/airflow/example_dags/tutorial.py
[2025-12-13T10:40:18.628+0000] {processor.py:914} INFO - Processing file /home/airflow/.local/lib/python3.12/site-packages/airflow/example_dags/tutorial.py for tasks to queue
[2025-12-13T10:40:18.632+0000] {logging_mixin.py:190} INFO - [2025-12-13T10:40:18.631+0000] {dagbag.py:588} INFO - Filling up the DagBag from /home/airflow/.local/lib/python3.12/site-packages/airflow/example_dags/tutorial.py
[2025-12-13T10:40:18.647+0000] {processor.py:925} INFO - DAG(s) 'tutorial' retrieved from /home/airflow/.local/lib/python3.12/site-packages/airflow/example_dags/tutorial.py
[2025-12-13T10:40:18.678+0000] {logging_mixin.py:190} INFO - [2025-12-13T10:40:18.678+0000] {dag.py:3239} INFO - Sync 1 DAGs
[2025-12-13T10:40:18.716+0000] {logging_mixin.py:190} INFO - [2025-12-13T10:40:18.715+0000] {dag.py:4180} INFO - Setting next_dagrun for tutorial to 2025-12-12 00:00:00+00:00, run_after=2025-12-13 00:00:00+00:00
[2025-12-13T10:40:18.744+0000] {processor.py:208} INFO - Processing /home/airflow/.local/lib/python3.12/site-packages/airflow/example_dags/tutorial.py took 0.127 seconds
[2025-12-13T10:40:49.250+0000] {processor.py:186} INFO - Started process (PID=3090) to work on /home/airflow/.local/lib/python3.12/site-packages/airflow/example_dags/tutorial.py
[2025-12-13T10:40:49.254+0000] {processor.py:914} INFO - Processing file /home/airflow/.local/lib/python3.12/site-packages/airflow/example_dags/tutorial.py for tasks to queue
[2025-12-13T10:40:49.262+0000] {logging_mixin.py:190} INFO - [2025-12-13T10:40:49.261+0000] {dagbag.py:588} INFO - Filling up the DagBag from /home/airflow/.local/lib/python3.12/site-packages/airflow/example_dags/tutorial.py
[2025-12-13T10:40:49.277+0000] {processor.py:925} INFO - DAG(s) 'tutorial' retrieved from /home/airflow/.local/lib/python3.12/site-packages/airflow/example_dags/tutorial.py
[2025-12-13T10:40:49.311+0000] {logging_mixin.py:190} INFO - [2025-12-13T10:40:49.311+0000] {dag.py:3239} INFO - Sync 1 DAGs
[2025-12-13T10:40:49.416+0000] {logging_mixin.py:190} INFO - [2025-12-13T10:40:49.412+0000] {dag.py:4180} INFO - Setting next_dagrun for tutorial to 2025-12-12 00:00:00+00:00, run_after=2025-12-13 00:00:00+00:00
[2025-12-13T10:40:49.496+0000] {processor.py:208} INFO - Processing /home/airflow/.local/lib/python3.12/site-packages/airflow/example_dags/tutorial.py took 0.265 seconds
[2025-12-13T10:41:19.701+0000] {processor.py:186} INFO - Started process (PID=3153) to work on /home/airflow/.local/lib/python3.12/site-packages/airflow/example_dags/tutorial.py
[2025-12-13T10:41:19.703+0000] {processor.py:914} INFO - Processing file /home/airflow/.local/lib/python3.12/site-packages/airflow/example_dags/tutorial.py for tasks to queue
[2025-12-13T10:41:19.706+0000] {logging_mixin.py:190} INFO - [2025-12-13T10:41:19.706+0000] {dagbag.py:588} INFO - Filling up the DagBag from /home/airflow/.local/lib/python3.12/site-packages/airflow/example_dags/tutorial.py
[2025-12-13T10:41:19.723+0000] {processor.py:925} INFO - DAG(s) 'tutorial' retrieved from /home/airflow/.local/lib/python3.12/site-packages/airflow/example_dags/tutorial.py
[2025-12-13T10:41:19.762+0000] {logging_mixin.py:190} INFO - [2025-12-13T10:41:19.762+0000] {dag.py:3239} INFO - Sync 1 DAGs
[2025-12-13T10:41:19.814+0000] {logging_mixin.py:190} INFO - [2025-12-13T10:41:19.814+0000] {dag.py:4180} INFO - Setting next_dagrun for tutorial to 2025-12-12 00:00:00+00:00, run_after=2025-12-13 00:00:00+00:00
[2025-12-13T10:41:19.844+0000] {processor.py:208} INFO - Processing /home/airflow/.local/lib/python3.12/site-packages/airflow/example_dags/tutorial.py took 0.156 seconds
[2025-12-13T10:41:50.296+0000] {processor.py:186} INFO - Started process (PID=3222) to work on /home/airflow/.local/lib/python3.12/site-packages/airflow/example_dags/tutorial.py
[2025-12-13T10:41:50.298+0000] {processor.py:914} INFO - Processing file /home/airflow/.local/lib/python3.12/site-packages/airflow/example_dags/tutorial.py for tasks to queue
[2025-12-13T10:41:50.303+0000] {logging_mixin.py:190} INFO - [2025-12-13T10:41:50.302+0000] {dagbag.py:588} INFO - Filling up the DagBag from /home/airflow/.local/lib/python3.12/site-packages/airflow/example_dags/tutorial.py
[2025-12-13T10:41:50.326+0000] {processor.py:925} INFO - DAG(s) 'tutorial' retrieved from /home/airflow/.local/lib/python3.12/site-packages/airflow/example_dags/tutorial.py
[2025-12-13T10:41:50.369+0000] {logging_mixin.py:190} INFO - [2025-12-13T10:41:50.368+0000] {dag.py:3239} INFO - Sync 1 DAGs
[2025-12-13T10:41:50.421+0000] {logging_mixin.py:190} INFO - [2025-12-13T10:41:50.420+0000] {dag.py:4180} INFO - Setting next_dagrun for tutorial to 2025-12-12 00:00:00+00:00, run_after=2025-12-13 00:00:00+00:00
[2025-12-13T10:41:50.457+0000] {processor.py:208} INFO - Processing /home/airflow/.local/lib/python3.12/site-packages/airflow/example_dags/tutorial.py took 0.176 seconds
[2025-12-13T10:42:21.090+0000] {processor.py:186} INFO - Started process (PID=3285) to work on /home/airflow/.local/lib/python3.12/site-packages/airflow/example_dags/tutorial.py
[2025-12-13T10:42:21.092+0000] {processor.py:914} INFO - Processing file /home/airflow/.local/lib/python3.12/site-packages/airflow/example_dags/tutorial.py for tasks to queue
[2025-12-13T10:42:21.098+0000] {logging_mixin.py:190} INFO - [2025-12-13T10:42:21.096+0000] {dagbag.py:588} INFO - Filling up the DagBag from /home/airflow/.local/lib/python3.12/site-packages/airflow/example_dags/tutorial.py
[2025-12-13T10:42:21.114+0000] {processor.py:925} INFO - DAG(s) 'tutorial' retrieved from /home/airflow/.local/lib/python3.12/site-packages/airflow/example_dags/tutorial.py
[2025-12-13T10:42:21.155+0000] {logging_mixin.py:190} INFO - [2025-12-13T10:42:21.155+0000] {dag.py:3239} INFO - Sync 1 DAGs
[2025-12-13T10:42:21.216+0000] {logging_mixin.py:190} INFO - [2025-12-13T10:42:21.216+0000] {dag.py:4180} INFO - Setting next_dagrun for tutorial to 2025-12-12 00:00:00+00:00, run_after=2025-12-13 00:00:00+00:00
[2025-12-13T10:42:21.256+0000] {processor.py:208} INFO - Processing /home/airflow/.local/lib/python3.12/site-packages/airflow/example_dags/tutorial.py took 0.190 seconds
[2025-12-13T10:42:51.572+0000] {processor.py:186} INFO - Started process (PID=3348) to work on /home/airflow/.local/lib/python3.12/site-packages/airflow/example_dags/tutorial.py
[2025-12-13T10:42:51.575+0000] {processor.py:914} INFO - Processing file /home/airflow/.local/lib/python3.12/site-packages/airflow/example_dags/tutorial.py for tasks to queue
[2025-12-13T10:42:51.584+0000] {logging_mixin.py:190} INFO - [2025-12-13T10:42:51.584+0000] {dagbag.py:588} INFO - Filling up the DagBag from /home/airflow/.local/lib/python3.12/site-packages/airflow/example_dags/tutorial.py
[2025-12-13T10:42:51.614+0000] {processor.py:925} INFO - DAG(s) 'tutorial' retrieved from /home/airflow/.local/lib/python3.12/site-packages/airflow/example_dags/tutorial.py
[2025-12-13T10:42:51.723+0000] {logging_mixin.py:190} INFO - [2025-12-13T10:42:51.723+0000] {dag.py:3239} INFO - Sync 1 DAGs
[2025-12-13T10:42:51.835+0000] {logging_mixin.py:190} INFO - [2025-12-13T10:42:51.835+0000] {dag.py:4180} INFO - Setting next_dagrun for tutorial to 2025-12-12 00:00:00+00:00, run_after=2025-12-13 00:00:00+00:00
[2025-12-13T10:42:51.879+0000] {processor.py:208} INFO - Processing /home/airflow/.local/lib/python3.12/site-packages/airflow/example_dags/tutorial.py took 0.329 seconds
[2025-12-13T10:43:22.087+0000] {processor.py:186} INFO - Started process (PID=3411) to work on /home/airflow/.local/lib/python3.12/site-packages/airflow/example_dags/tutorial.py
[2025-12-13T10:43:22.097+0000] {processor.py:914} INFO - Processing file /home/airflow/.local/lib/python3.12/site-packages/airflow/example_dags/tutorial.py for tasks to queue
[2025-12-13T10:43:22.107+0000] {logging_mixin.py:190} INFO - [2025-12-13T10:43:22.107+0000] {dagbag.py:588} INFO - Filling up the DagBag from /home/airflow/.local/lib/python3.12/site-packages/airflow/example_dags/tutorial.py
[2025-12-13T10:43:22.149+0000] {processor.py:925} INFO - DAG(s) 'tutorial' retrieved from /home/airflow/.local/lib/python3.12/site-packages/airflow/example_dags/tutorial.py
[2025-12-13T10:43:22.281+0000] {logging_mixin.py:190} INFO - [2025-12-13T10:43:22.280+0000] {dag.py:3239} INFO - Sync 1 DAGs
[2025-12-13T10:43:22.360+0000] {logging_mixin.py:190} INFO - [2025-12-13T10:43:22.360+0000] {dag.py:4180} INFO - Setting next_dagrun for tutorial to 2025-12-12 00:00:00+00:00, run_after=2025-12-13 00:00:00+00:00
[2025-12-13T10:43:22.412+0000] {processor.py:208} INFO - Processing /home/airflow/.local/lib/python3.12/site-packages/airflow/example_dags/tutorial.py took 0.344 seconds
[2025-12-13T10:43:52.822+0000] {processor.py:186} INFO - Started process (PID=3474) to work on /home/airflow/.local/lib/python3.12/site-packages/airflow/example_dags/tutorial.py
[2025-12-13T10:43:52.824+0000] {processor.py:914} INFO - Processing file /home/airflow/.local/lib/python3.12/site-packages/airflow/example_dags/tutorial.py for tasks to queue
[2025-12-13T10:43:52.828+0000] {logging_mixin.py:190} INFO - [2025-12-13T10:43:52.827+0000] {dagbag.py:588} INFO - Filling up the DagBag from /home/airflow/.local/lib/python3.12/site-packages/airflow/example_dags/tutorial.py
[2025-12-13T10:43:52.845+0000] {processor.py:925} INFO - DAG(s) 'tutorial' retrieved from /home/airflow/.local/lib/python3.12/site-packages/airflow/example_dags/tutorial.py
[2025-12-13T10:43:52.885+0000] {logging_mixin.py:190} INFO - [2025-12-13T10:43:52.885+0000] {dag.py:3239} INFO - Sync 1 DAGs
[2025-12-13T10:43:52.944+0000] {logging_mixin.py:190} INFO - [2025-12-13T10:43:52.944+0000] {dag.py:4180} INFO - Setting next_dagrun for tutorial to 2025-12-12 00:00:00+00:00, run_after=2025-12-13 00:00:00+00:00
[2025-12-13T10:43:52.993+0000] {processor.py:208} INFO - Processing /home/airflow/.local/lib/python3.12/site-packages/airflow/example_dags/tutorial.py took 0.183 seconds
[2025-12-13T10:44:25.507+0000] {processor.py:186} INFO - Started process (PID=3536) to work on /home/airflow/.local/lib/python3.12/site-packages/airflow/example_dags/tutorial.py
[2025-12-13T10:44:25.511+0000] {processor.py:914} INFO - Processing file /home/airflow/.local/lib/python3.12/site-packages/airflow/example_dags/tutorial.py for tasks to queue
[2025-12-13T10:44:25.526+0000] {logging_mixin.py:190} INFO - [2025-12-13T10:44:25.525+0000] {dagbag.py:588} INFO - Filling up the DagBag from /home/airflow/.local/lib/python3.12/site-packages/airflow/example_dags/tutorial.py
[2025-12-13T10:44:25.615+0000] {processor.py:925} INFO - DAG(s) 'tutorial' retrieved from /home/airflow/.local/lib/python3.12/site-packages/airflow/example_dags/tutorial.py
[2025-12-13T10:44:25.841+0000] {logging_mixin.py:190} INFO - [2025-12-13T10:44:25.840+0000] {dag.py:3239} INFO - Sync 1 DAGs
[2025-12-13T10:44:26.101+0000] {logging_mixin.py:190} INFO - [2025-12-13T10:44:26.098+0000] {dag.py:4180} INFO - Setting next_dagrun for tutorial to 2025-12-12 00:00:00+00:00, run_after=2025-12-13 00:00:00+00:00
[2025-12-13T10:44:26.208+0000] {processor.py:208} INFO - Processing /home/airflow/.local/lib/python3.12/site-packages/airflow/example_dags/tutorial.py took 0.741 seconds
[2025-12-13T10:44:56.699+0000] {processor.py:186} INFO - Started process (PID=3599) to work on /home/airflow/.local/lib/python3.12/site-packages/airflow/example_dags/tutorial.py
[2025-12-13T10:44:56.699+0000] {processor.py:914} INFO - Processing file /home/airflow/.local/lib/python3.12/site-packages/airflow/example_dags/tutorial.py for tasks to queue
[2025-12-13T10:44:56.702+0000] {logging_mixin.py:190} INFO - [2025-12-13T10:44:56.702+0000] {dagbag.py:588} INFO - Filling up the DagBag from /home/airflow/.local/lib/python3.12/site-packages/airflow/example_dags/tutorial.py
[2025-12-13T10:44:56.713+0000] {processor.py:925} INFO - DAG(s) 'tutorial' retrieved from /home/airflow/.local/lib/python3.12/site-packages/airflow/example_dags/tutorial.py
[2025-12-13T10:44:56.742+0000] {logging_mixin.py:190} INFO - [2025-12-13T10:44:56.741+0000] {dag.py:3239} INFO - Sync 1 DAGs
[2025-12-13T10:44:56.775+0000] {logging_mixin.py:190} INFO - [2025-12-13T10:44:56.775+0000] {dag.py:4180} INFO - Setting next_dagrun for tutorial to 2025-12-12 00:00:00+00:00, run_after=2025-12-13 00:00:00+00:00
[2025-12-13T10:44:56.801+0000] {processor.py:208} INFO - Processing /home/airflow/.local/lib/python3.12/site-packages/airflow/example_dags/tutorial.py took 0.114 seconds
[2025-12-13T10:45:27.050+0000] {processor.py:186} INFO - Started process (PID=3662) to work on /home/airflow/.local/lib/python3.12/site-packages/airflow/example_dags/tutorial.py
[2025-12-13T10:45:27.054+0000] {processor.py:914} INFO - Processing file /home/airflow/.local/lib/python3.12/site-packages/airflow/example_dags/tutorial.py for tasks to queue
[2025-12-13T10:45:27.059+0000] {logging_mixin.py:190} INFO - [2025-12-13T10:45:27.058+0000] {dagbag.py:588} INFO - Filling up the DagBag from /home/airflow/.local/lib/python3.12/site-packages/airflow/example_dags/tutorial.py
[2025-12-13T10:45:27.080+0000] {processor.py:925} INFO - DAG(s) 'tutorial' retrieved from /home/airflow/.local/lib/python3.12/site-packages/airflow/example_dags/tutorial.py
[2025-12-13T10:45:27.121+0000] {logging_mixin.py:190} INFO - [2025-12-13T10:45:27.121+0000] {dag.py:3239} INFO - Sync 1 DAGs
[2025-12-13T10:45:27.187+0000] {logging_mixin.py:190} INFO - [2025-12-13T10:45:27.184+0000] {dag.py:4180} INFO - Setting next_dagrun for tutorial to 2025-12-12 00:00:00+00:00, run_after=2025-12-13 00:00:00+00:00
[2025-12-13T10:45:27.249+0000] {processor.py:208} INFO - Processing /home/airflow/.local/lib/python3.12/site-packages/airflow/example_dags/tutorial.py took 0.210 seconds
[2025-12-13T10:45:57.431+0000] {processor.py:186} INFO - Started process (PID=3724) to work on /home/airflow/.local/lib/python3.12/site-packages/airflow/example_dags/tutorial.py
[2025-12-13T10:45:57.432+0000] {processor.py:914} INFO - Processing file /home/airflow/.local/lib/python3.12/site-packages/airflow/example_dags/tutorial.py for tasks to queue
[2025-12-13T10:45:57.436+0000] {logging_mixin.py:190} INFO - [2025-12-13T10:45:57.436+0000] {dagbag.py:588} INFO - Filling up the DagBag from /home/airflow/.local/lib/python3.12/site-packages/airflow/example_dags/tutorial.py
[2025-12-13T10:45:57.460+0000] {processor.py:925} INFO - DAG(s) 'tutorial' retrieved from /home/airflow/.local/lib/python3.12/site-packages/airflow/example_dags/tutorial.py
[2025-12-13T10:45:57.493+0000] {logging_mixin.py:190} INFO - [2025-12-13T10:45:57.493+0000] {dag.py:3239} INFO - Sync 1 DAGs
[2025-12-13T10:45:57.534+0000] {logging_mixin.py:190} INFO - [2025-12-13T10:45:57.534+0000] {dag.py:4180} INFO - Setting next_dagrun for tutorial to 2025-12-12 00:00:00+00:00, run_after=2025-12-13 00:00:00+00:00
[2025-12-13T10:45:57.571+0000] {processor.py:208} INFO - Processing /home/airflow/.local/lib/python3.12/site-packages/airflow/example_dags/tutorial.py took 0.159 seconds
[2025-12-13T10:46:27.871+0000] {processor.py:186} INFO - Started process (PID=3787) to work on /home/airflow/.local/lib/python3.12/site-packages/airflow/example_dags/tutorial.py
[2025-12-13T10:46:27.879+0000] {processor.py:914} INFO - Processing file /home/airflow/.local/lib/python3.12/site-packages/airflow/example_dags/tutorial.py for tasks to queue
[2025-12-13T10:46:27.898+0000] {logging_mixin.py:190} INFO - [2025-12-13T10:46:27.897+0000] {dagbag.py:588} INFO - Filling up the DagBag from /home/airflow/.local/lib/python3.12/site-packages/airflow/example_dags/tutorial.py
[2025-12-13T10:46:27.941+0000] {processor.py:925} INFO - DAG(s) 'tutorial' retrieved from /home/airflow/.local/lib/python3.12/site-packages/airflow/example_dags/tutorial.py
[2025-12-13T10:46:27.995+0000] {logging_mixin.py:190} INFO - [2025-12-13T10:46:27.995+0000] {dag.py:3239} INFO - Sync 1 DAGs
[2025-12-13T10:46:28.084+0000] {logging_mixin.py:190} INFO - [2025-12-13T10:46:28.084+0000] {dag.py:4180} INFO - Setting next_dagrun for tutorial to 2025-12-12 00:00:00+00:00, run_after=2025-12-13 00:00:00+00:00
[2025-12-13T10:46:28.140+0000] {processor.py:208} INFO - Processing /home/airflow/.local/lib/python3.12/site-packages/airflow/example_dags/tutorial.py took 0.299 seconds
