[2025-12-13T10:28:49.900+0000] {local_task_job_runner.py:123} INFO - ::group::Pre task execution logs
[2025-12-13T10:28:50.056+0000] {taskinstance.py:2613} INFO - Dependencies all met for dep_context=non-requeueable deps ti=<TaskInstance: example_bash_operator.runme_2 scheduled__2025-12-12T00:00:00+00:00 [queued]>
[2025-12-13T10:28:50.102+0000] {taskinstance.py:2613} INFO - Dependencies all met for dep_context=requeueable deps ti=<TaskInstance: example_bash_operator.runme_2 scheduled__2025-12-12T00:00:00+00:00 [queued]>
[2025-12-13T10:28:50.103+0000] {taskinstance.py:2866} INFO - Starting attempt 1 of 1
[2025-12-13T10:28:50.155+0000] {taskinstance.py:2889} INFO - Executing <Task(BashOperator): runme_2> on 2025-12-12 00:00:00+00:00
[2025-12-13T10:28:50.182+0000] {warnings.py:112} WARNING - /home/***/.local/lib/python3.12/site-packages/***/task/task_runner/standard_task_runner.py:70: DeprecationWarning: This process (pid=211) is multi-threaded, use of fork() may lead to deadlocks in the child.
  pid = os.fork()

[2025-12-13T10:28:50.193+0000] {standard_task_runner.py:72} INFO - Started process 226 to run task
[2025-12-13T10:28:50.198+0000] {standard_task_runner.py:104} INFO - Running: ['***', 'tasks', 'run', 'example_bash_operator', 'runme_2', 'scheduled__2025-12-12T00:00:00+00:00', '--job-id', '6', '--raw', '--subdir', '/home/***/.local/lib/python3.12/site-packages/***/example_dags/example_bash_operator.py', '--cfg-path', '/tmp/tmpwfe7k489']
[2025-12-13T10:28:50.206+0000] {standard_task_runner.py:105} INFO - Job 6: Subtask runme_2
[2025-12-13T10:28:50.382+0000] {task_command.py:467} INFO - Running <TaskInstance: example_bash_operator.runme_2 scheduled__2025-12-12T00:00:00+00:00 [running]> on host 09f263db17b7
[2025-12-13T10:28:52.575+0000] {taskinstance.py:3132} INFO - Exporting env vars: AIRFLOW_CTX_DAG_OWNER='***' AIRFLOW_CTX_DAG_ID='example_bash_operator' AIRFLOW_CTX_TASK_ID='runme_2' AIRFLOW_CTX_EXECUTION_DATE='2025-12-12T00:00:00+00:00' AIRFLOW_CTX_TRY_NUMBER='1' AIRFLOW_CTX_DAG_RUN_ID='scheduled__2025-12-12T00:00:00+00:00'
[2025-12-13T10:28:52.577+0000] {logging_mixin.py:190} INFO - Task instance is in running state
[2025-12-13T10:28:52.587+0000] {logging_mixin.py:190} INFO -  Previous state of the Task instance: queued
[2025-12-13T10:28:52.588+0000] {logging_mixin.py:190} INFO - Current task name:runme_2 state:running start_date:2025-12-13 10:28:50.057064+00:00
[2025-12-13T10:28:52.591+0000] {logging_mixin.py:190} INFO - Dag name:example_bash_operator and current dag run status:running
[2025-12-13T10:28:52.596+0000] {taskinstance.py:731} INFO - ::endgroup::
[2025-12-13T10:28:52.599+0000] {subprocess.py:78} INFO - Tmp dir root location: /tmp
[2025-12-13T10:28:52.600+0000] {subprocess.py:88} INFO - Running command: ['/usr/bin/bash', '-c', 'echo "example_bash_operator__runme_2__20251212" && sleep 1']
[2025-12-13T10:28:52.727+0000] {subprocess.py:99} INFO - Output:
[2025-12-13T10:28:52.734+0000] {subprocess.py:106} INFO - example_bash_operator__runme_2__20251212
[2025-12-13T10:28:53.741+0000] {subprocess.py:110} INFO - Command exited with return code 0
[2025-12-13T10:28:53.808+0000] {taskinstance.py:340} INFO - ::group::Post task execution logs
[2025-12-13T10:28:53.809+0000] {taskinstance.py:352} INFO - Marking task as SUCCESS. dag_id=example_bash_operator, task_id=runme_2, run_id=scheduled__2025-12-12T00:00:00+00:00, execution_date=20251212T000000, start_date=20251213T102850, end_date=20251213T102853
[2025-12-13T10:28:53.835+0000] {logging_mixin.py:190} INFO - Task instance in success state
[2025-12-13T10:28:53.835+0000] {logging_mixin.py:190} INFO -  Previous state of the Task instance: running
[2025-12-13T10:28:53.836+0000] {logging_mixin.py:190} INFO - Dag name:example_bash_operator queued_at:2025-12-13 10:28:12.729900+00:00
[2025-12-13T10:28:53.836+0000] {logging_mixin.py:190} INFO - Task hostname:09f263db17b7 operator:BashOperator
[2025-12-13T10:28:53.909+0000] {local_task_job_runner.py:266} INFO - Task exited with return code 0
[2025-12-13T10:28:53.963+0000] {taskinstance.py:3895} INFO - 0 downstream tasks scheduled from follow-on schedule check
[2025-12-13T10:28:53.965+0000] {local_task_job_runner.py:245} INFO - ::endgroup::
