[2025-12-13T10:29:00.299+0000] {local_task_job_runner.py:123} INFO - ::group::Pre task execution logs
[2025-12-13T10:29:00.346+0000] {taskinstance.py:2613} INFO - Dependencies all met for dep_context=non-requeueable deps ti=<TaskInstance: example_bash_operator.run_after_loop scheduled__2025-12-12T00:00:00+00:00 [queued]>
[2025-12-13T10:29:00.366+0000] {taskinstance.py:2613} INFO - Dependencies all met for dep_context=requeueable deps ti=<TaskInstance: example_bash_operator.run_after_loop scheduled__2025-12-12T00:00:00+00:00 [queued]>
[2025-12-13T10:29:00.367+0000] {taskinstance.py:2866} INFO - Starting attempt 1 of 1
[2025-12-13T10:29:00.395+0000] {taskinstance.py:2889} INFO - Executing <Task(BashOperator): run_after_loop> on 2025-12-12 00:00:00+00:00
[2025-12-13T10:29:00.412+0000] {warnings.py:112} WARNING - /home/***/.local/lib/python3.12/site-packages/***/task/task_runner/standard_task_runner.py:70: DeprecationWarning: This process (pid=242) is multi-threaded, use of fork() may lead to deadlocks in the child.
  pid = os.fork()

[2025-12-13T10:29:00.416+0000] {standard_task_runner.py:104} INFO - Running: ['***', 'tasks', 'run', 'example_bash_operator', 'run_after_loop', 'scheduled__2025-12-12T00:00:00+00:00', '--job-id', '8', '--raw', '--subdir', '/home/***/.local/lib/python3.12/site-packages/***/example_dags/example_bash_operator.py', '--cfg-path', '/tmp/tmph_swc9om']
[2025-12-13T10:29:00.418+0000] {standard_task_runner.py:105} INFO - Job 8: Subtask run_after_loop
[2025-12-13T10:29:00.419+0000] {standard_task_runner.py:72} INFO - Started process 244 to run task
[2025-12-13T10:29:00.530+0000] {task_command.py:467} INFO - Running <TaskInstance: example_bash_operator.run_after_loop scheduled__2025-12-12T00:00:00+00:00 [running]> on host 09f263db17b7
[2025-12-13T10:29:00.729+0000] {taskinstance.py:3132} INFO - Exporting env vars: AIRFLOW_CTX_DAG_OWNER='***' AIRFLOW_CTX_DAG_ID='example_bash_operator' AIRFLOW_CTX_TASK_ID='run_after_loop' AIRFLOW_CTX_EXECUTION_DATE='2025-12-12T00:00:00+00:00' AIRFLOW_CTX_TRY_NUMBER='1' AIRFLOW_CTX_DAG_RUN_ID='scheduled__2025-12-12T00:00:00+00:00'
[2025-12-13T10:29:00.731+0000] {logging_mixin.py:190} INFO - Task instance is in running state
[2025-12-13T10:29:00.732+0000] {logging_mixin.py:190} INFO -  Previous state of the Task instance: queued
[2025-12-13T10:29:00.733+0000] {logging_mixin.py:190} INFO - Current task name:run_after_loop state:running start_date:2025-12-13 10:29:00.347721+00:00
[2025-12-13T10:29:00.733+0000] {logging_mixin.py:190} INFO - Dag name:example_bash_operator and current dag run status:running
[2025-12-13T10:29:00.734+0000] {taskinstance.py:731} INFO - ::endgroup::
[2025-12-13T10:29:00.735+0000] {subprocess.py:78} INFO - Tmp dir root location: /tmp
[2025-12-13T10:29:00.737+0000] {subprocess.py:88} INFO - Running command: ['/usr/bin/bash', '-c', 'echo https://***.apache.org/']
[2025-12-13T10:29:00.765+0000] {subprocess.py:99} INFO - Output:
[2025-12-13T10:29:00.770+0000] {subprocess.py:106} INFO - https://***.apache.org/
[2025-12-13T10:29:00.771+0000] {subprocess.py:110} INFO - Command exited with return code 0
[2025-12-13T10:29:00.825+0000] {taskinstance.py:340} INFO - ::group::Post task execution logs
[2025-12-13T10:29:00.826+0000] {taskinstance.py:352} INFO - Marking task as SUCCESS. dag_id=example_bash_operator, task_id=run_after_loop, run_id=scheduled__2025-12-12T00:00:00+00:00, execution_date=20251212T000000, start_date=20251213T102900, end_date=20251213T102900
[2025-12-13T10:29:00.845+0000] {logging_mixin.py:190} INFO - Task instance in success state
[2025-12-13T10:29:00.846+0000] {logging_mixin.py:190} INFO -  Previous state of the Task instance: running
[2025-12-13T10:29:00.846+0000] {logging_mixin.py:190} INFO - Dag name:example_bash_operator queued_at:2025-12-13 10:28:12.729900+00:00
[2025-12-13T10:29:00.847+0000] {logging_mixin.py:190} INFO - Task hostname:09f263db17b7 operator:BashOperator
[2025-12-13T10:29:00.885+0000] {local_task_job_runner.py:266} INFO - Task exited with return code 0
[2025-12-13T10:29:00.954+0000] {taskinstance.py:3895} INFO - 0 downstream tasks scheduled from follow-on schedule check
[2025-12-13T10:29:00.962+0000] {local_task_job_runner.py:245} INFO - ::endgroup::
